[2025-06-01T17:52:07.408+0200] {taskinstance.py:1159} INFO - Dependencies all met for dep_context=non-requeueable deps ti=<TaskInstance: cricket_data_pipeline.step2_quality_check_pre manual__2025-06-01T15:52:01.363835+00:00 [queued]>
[2025-06-01T17:52:07.411+0200] {taskinstance.py:1159} INFO - Dependencies all met for dep_context=requeueable deps ti=<TaskInstance: cricket_data_pipeline.step2_quality_check_pre manual__2025-06-01T15:52:01.363835+00:00 [queued]>
[2025-06-01T17:52:07.411+0200] {taskinstance.py:1361} INFO - Starting attempt 1 of 2
[2025-06-01T17:52:07.422+0200] {taskinstance.py:1382} INFO - Executing <Task(PythonOperator): step2_quality_check_pre> on 2025-06-01 15:52:01.363835+00:00
[2025-06-01T17:52:07.426+0200] {standard_task_runner.py:57} INFO - Started process 26907 to run task
[2025-06-01T17:52:07.428+0200] {standard_task_runner.py:84} INFO - Running: ['airflow', 'tasks', 'run', 'cricket_data_pipeline', 'step2_quality_check_pre', 'manual__2025-06-01T15:52:01.363835+00:00', '--job-id', '22', '--raw', '--subdir', 'DAGS_FOLDER/cricket_pipeline_dag.py', '--cfg-path', '/tmp/tmp6d4yxt5n']
[2025-06-01T17:52:07.429+0200] {standard_task_runner.py:85} INFO - Job 22: Subtask step2_quality_check_pre
[2025-06-01T17:52:07.463+0200] {task_command.py:416} INFO - Running <TaskInstance: cricket_data_pipeline.step2_quality_check_pre manual__2025-06-01T15:52:01.363835+00:00 [running]> on host Ashwa.
[2025-06-01T17:52:07.502+0200] {taskinstance.py:1662} INFO - Exporting env vars: AIRFLOW_CTX_DAG_OWNER='lohit' AIRFLOW_CTX_DAG_ID='cricket_data_pipeline' AIRFLOW_CTX_TASK_ID='step2_quality_check_pre' AIRFLOW_CTX_EXECUTION_DATE='2025-06-01T15:52:01.363835+00:00' AIRFLOW_CTX_TRY_NUMBER='1' AIRFLOW_CTX_DAG_RUN_ID='manual__2025-06-01T15:52:01.363835+00:00'
[2025-06-01T17:52:07.505+0200] {logging_mixin.py:154} INFO - Starting pre-wrangling quality assessment...
[2025-06-01T17:52:07.509+0200] {logging_mixin.py:154} INFO - Found 4110 JSON files
[2025-06-01T17:52:07.510+0200] {logging_mixin.py:154} INFO - Sample file structure: {'top_level_keys': ['meta', 'info', 'innings'], 'meta_structure': {'data_version': '1.1.0', 'created': '2022-11-17', 'revision': 1}, 'has_innings': True, 'innings_count': 1, 'first_innings_team': 'Botswana', 'first_innings_overs': 15}
[2025-06-01T17:52:07.510+0200] {logging_mixin.py:154} INFO - Analyzing 1000 JSON files...
[2025-06-01T17:52:07.607+0200] {logging_mixin.py:154} INFO - Processed 100/1000 files...
[2025-06-01T17:52:07.631+0200] {logging_mixin.py:154} INFO - Processed 200/1000 files...
[2025-06-01T17:52:07.655+0200] {logging_mixin.py:154} INFO - Processed 300/1000 files...
[2025-06-01T17:52:07.679+0200] {logging_mixin.py:154} INFO - Processed 400/1000 files...
[2025-06-01T17:52:07.702+0200] {logging_mixin.py:154} INFO - Processed 500/1000 files...
[2025-06-01T17:52:07.727+0200] {logging_mixin.py:154} INFO - Processed 600/1000 files...
[2025-06-01T17:52:07.754+0200] {logging_mixin.py:154} INFO - Processed 700/1000 files...
[2025-06-01T17:52:07.779+0200] {logging_mixin.py:154} INFO - Processed 800/1000 files...
[2025-06-01T17:52:07.804+0200] {logging_mixin.py:154} INFO - Processed 900/1000 files...
[2025-06-01T17:52:07.829+0200] {logging_mixin.py:154} INFO - Schema analysis complete:
[2025-06-01T17:52:07.829+0200] {logging_mixin.py:154} INFO - - Files processed: 1000
[2025-06-01T17:52:07.829+0200] {logging_mixin.py:154} INFO - - Files with errors: 0
[2025-06-01T17:52:07.829+0200] {logging_mixin.py:154} INFO - - Top-level schema variations: 1
[2025-06-01T17:52:07.829+0200] {logging_mixin.py:154} INFO - - Match types found: ['T20']
[2025-06-01T17:52:07.955+0200] {logging_mixin.py:154} INFO - Extracted metadata for 500 matches
[2025-06-01T17:52:07.959+0200] {logging_mixin.py:154} INFO - Saved metadata to /home/lohit/airflow/data/cricket_match_metadata.csv
[2025-06-01T17:52:08.091+0200] {logging_mixin.py:154} INFO - Runs distribution analysis complete:
[2025-06-01T17:52:08.092+0200] {logging_mixin.py:154} INFO - - Most common runs per delivery: [(0, 47278), (1, 42673), (4, 9860), (2, 8333), (6, 3052)]
[2025-06-01T17:52:08.098+0200] {logging_mixin.py:154} INFO - Quality assessment summary:
[2025-06-01T17:52:08.098+0200] {logging_mixin.py:154} INFO - - total_files: 4110
[2025-06-01T17:52:08.098+0200] {logging_mixin.py:154} INFO - - files_processed: 1000
[2025-06-01T17:52:08.098+0200] {logging_mixin.py:154} INFO - - match_types: 1
[2025-06-01T17:52:08.098+0200] {logging_mixin.py:154} INFO - - matches_with_data: 500
[2025-06-01T17:52:08.098+0200] {logging_mixin.py:154} INFO - - matches_with_innings: 500
[2025-06-01T17:52:08.099+0200] {python.py:194} INFO - Done. Returned value was: Step 2 completed: {'total_files': 4110, 'files_processed': 1000, 'match_types': 1, 'matches_with_data': 500, 'matches_with_innings': 500}
[2025-06-01T17:52:08.111+0200] {taskinstance.py:1400} INFO - Marking task as SUCCESS. dag_id=cricket_data_pipeline, task_id=step2_quality_check_pre, execution_date=20250601T155201, start_date=20250601T155207, end_date=20250601T155208
[2025-06-01T17:52:08.123+0200] {local_task_job_runner.py:228} INFO - Task exited with return code 0
[2025-06-01T17:52:08.133+0200] {taskinstance.py:2778} INFO - 1 downstream tasks scheduled from follow-on schedule check
