[2025-05-30T18:31:15.867+0200] {taskinstance.py:1159} INFO - Dependencies all met for dep_context=non-requeueable deps ti=<TaskInstance: cricket_data_pipeline.step3_unnesting_processing manual__2025-05-30T16:30:58.276321+00:00 [queued]>
[2025-05-30T18:31:15.870+0200] {taskinstance.py:1159} INFO - Dependencies all met for dep_context=requeueable deps ti=<TaskInstance: cricket_data_pipeline.step3_unnesting_processing manual__2025-05-30T16:30:58.276321+00:00 [queued]>
[2025-05-30T18:31:15.871+0200] {taskinstance.py:1361} INFO - Starting attempt 1 of 2
[2025-05-30T18:31:15.884+0200] {taskinstance.py:1382} INFO - Executing <Task(PythonOperator): step3_unnesting_processing> on 2025-05-30 16:30:58.276321+00:00
[2025-05-30T18:31:15.887+0200] {standard_task_runner.py:57} INFO - Started process 14936 to run task
[2025-05-30T18:31:15.890+0200] {standard_task_runner.py:84} INFO - Running: ['airflow', 'tasks', 'run', 'cricket_data_pipeline', 'step3_unnesting_processing', 'manual__2025-05-30T16:30:58.276321+00:00', '--job-id', '19', '--raw', '--subdir', 'DAGS_FOLDER/cricket_pipeline_dag.py', '--cfg-path', '/tmp/tmpir1951fv']
[2025-05-30T18:31:15.891+0200] {standard_task_runner.py:85} INFO - Job 19: Subtask step3_unnesting_processing
[2025-05-30T18:31:15.919+0200] {task_command.py:416} INFO - Running <TaskInstance: cricket_data_pipeline.step3_unnesting_processing manual__2025-05-30T16:30:58.276321+00:00 [running]> on host Ashwa.
[2025-05-30T18:31:15.962+0200] {taskinstance.py:1662} INFO - Exporting env vars: AIRFLOW_CTX_DAG_OWNER='lohit' AIRFLOW_CTX_DAG_ID='cricket_data_pipeline' AIRFLOW_CTX_TASK_ID='step3_unnesting_processing' AIRFLOW_CTX_EXECUTION_DATE='2025-05-30T16:30:58.276321+00:00' AIRFLOW_CTX_TRY_NUMBER='1' AIRFLOW_CTX_DAG_RUN_ID='manual__2025-05-30T16:30:58.276321+00:00'
[2025-05-30T18:31:16.068+0200] {logging_mixin.py:154} INFO - Starting data unnesting and database creation...
[2025-05-30T18:31:16.088+0200] {logging_mixin.py:154} INFO - Processing 18646 JSON files in batches of 500...
[2025-05-30T18:31:16.088+0200] {logging_mixin.py:154} INFO - Processing batch 1: files 1-500
[2025-05-30T18:31:18.898+0200] {logging_mixin.py:154} INFO - Batch 1 completed: 500 files processed
[2025-05-30T18:31:18.936+0200] {logging_mixin.py:154} INFO - Processing batch 2: files 501-1000
[2025-05-30T18:31:21.346+0200] {logging_mixin.py:154} INFO - Batch 2 completed: 500 files processed
[2025-05-30T18:31:21.399+0200] {logging_mixin.py:154} INFO - Processing batch 3: files 1001-1500
[2025-05-30T18:31:24.359+0200] {logging_mixin.py:154} INFO - Batch 3 completed: 500 files processed
[2025-05-30T18:31:24.425+0200] {logging_mixin.py:154} INFO - Processing batch 4: files 1501-2000
[2025-05-30T18:31:25.131+0200] {logging_mixin.py:154} INFO - Batch 4 completed: 500 files processed
[2025-05-30T18:31:25.193+0200] {logging_mixin.py:154} INFO - Processing batch 5: files 2001-2500
[2025-05-30T18:31:28.222+0200] {logging_mixin.py:154} INFO - Batch 5 completed: 500 files processed
[2025-05-30T18:31:28.467+0200] {logging_mixin.py:154} INFO - Processing batch 6: files 2501-3000
[2025-05-30T18:31:32.158+0200] {logging_mixin.py:154} INFO - Batch 6 completed: 500 files processed
[2025-05-30T18:31:32.246+0200] {logging_mixin.py:154} INFO - Processing batch 7: files 3001-3500
[2025-05-30T18:31:36.042+0200] {logging_mixin.py:154} INFO - Batch 7 completed: 500 files processed
[2025-05-30T18:31:36.116+0200] {logging_mixin.py:154} INFO - Processing batch 8: files 3501-4000
[2025-05-30T18:31:40.059+0200] {logging_mixin.py:154} INFO - Batch 8 completed: 500 files processed
[2025-05-30T18:31:40.130+0200] {logging_mixin.py:154} INFO - Processing batch 9: files 4001-4500
[2025-05-30T18:31:43.726+0200] {logging_mixin.py:154} INFO - Batch 9 completed: 500 files processed
[2025-05-30T18:31:43.799+0200] {logging_mixin.py:154} INFO - Processing batch 10: files 4501-5000
[2025-05-30T18:31:47.798+0200] {logging_mixin.py:154} INFO - Batch 10 completed: 500 files processed
[2025-05-30T18:31:48.199+0200] {logging_mixin.py:154} INFO - Processing batch 11: files 5001-5500
[2025-05-30T18:31:52.254+0200] {logging_mixin.py:154} INFO - Batch 11 completed: 500 files processed
[2025-05-30T18:31:52.328+0200] {logging_mixin.py:154} INFO - Processing batch 12: files 5501-6000
[2025-05-30T18:31:53.514+0200] {logging_mixin.py:154} INFO - Batch 12 completed: 500 files processed
[2025-05-30T18:31:53.585+0200] {logging_mixin.py:154} INFO - Processing batch 13: files 6001-6500
[2025-05-30T18:31:57.735+0200] {logging_mixin.py:154} INFO - Batch 13 completed: 500 files processed
[2025-05-30T18:31:57.808+0200] {logging_mixin.py:154} INFO - Processing batch 14: files 6501-7000
[2025-05-30T18:32:02.059+0200] {logging_mixin.py:154} INFO - Batch 14 completed: 500 files processed
[2025-05-30T18:32:02.139+0200] {logging_mixin.py:154} INFO - Processing batch 15: files 7001-7500
[2025-05-30T18:32:05.948+0200] {logging_mixin.py:154} INFO - Batch 15 completed: 500 files processed
[2025-05-30T18:32:06.492+0200] {logging_mixin.py:154} INFO - Processing batch 16: files 7501-8000
[2025-05-30T18:32:11.193+0200] {logging_mixin.py:154} INFO - Batch 16 completed: 500 files processed
[2025-05-30T18:32:11.288+0200] {logging_mixin.py:154} INFO - Processing batch 17: files 8001-8500
[2025-05-30T18:32:15.904+0200] {logging_mixin.py:154} INFO - Batch 17 completed: 500 files processed
[2025-05-30T18:32:15.981+0200] {logging_mixin.py:154} INFO - Processing batch 18: files 8501-9000
[2025-05-30T18:32:21.582+0200] {logging_mixin.py:154} INFO - Batch 18 completed: 500 files processed
[2025-05-30T18:32:21.661+0200] {logging_mixin.py:154} INFO - Processing batch 19: files 9001-9500
[2025-05-30T18:32:23.147+0200] {logging_mixin.py:154} INFO - Batch 19 completed: 500 files processed
[2025-05-30T18:32:23.222+0200] {logging_mixin.py:154} INFO - Processing batch 20: files 9501-10000
[2025-05-30T18:32:28.604+0200] {logging_mixin.py:154} INFO - Batch 20 completed: 500 files processed
[2025-05-30T18:32:29.309+0200] {logging_mixin.py:154} INFO - Processing batch 21: files 10001-10500
[2025-05-30T18:32:34.709+0200] {logging_mixin.py:154} INFO - Batch 21 completed: 500 files processed
[2025-05-30T18:32:34.791+0200] {logging_mixin.py:154} INFO - Processing batch 22: files 10501-11000
[2025-05-30T18:32:40.014+0200] {logging_mixin.py:154} INFO - Batch 22 completed: 500 files processed
[2025-05-30T18:32:40.090+0200] {logging_mixin.py:154} INFO - Processing batch 23: files 11001-11500
[2025-05-30T18:32:44.781+0200] {logging_mixin.py:154} INFO - Batch 23 completed: 500 files processed
[2025-05-30T18:32:44.865+0200] {logging_mixin.py:154} INFO - Processing batch 24: files 11501-12000
[2025-05-30T18:32:47.785+0200] {logging_mixin.py:154} INFO - Batch 24 completed: 500 files processed
[2025-05-30T18:32:47.869+0200] {logging_mixin.py:154} INFO - Processing batch 25: files 12001-12500
[2025-05-30T18:33:18.127+0200] {local_task_job_runner.py:228} INFO - Task exited with return code Negsignal.SIGKILL
[2025-05-30T18:33:18.152+0200] {taskinstance.py:2778} INFO - 0 downstream tasks scheduled from follow-on schedule check
