[2025-05-30T18:09:11.389+0200] {taskinstance.py:1159} INFO - Dependencies all met for dep_context=non-requeueable deps ti=<TaskInstance: cricket_data_pipeline.step3_unnesting_processing manual__2025-05-30T16:08:53.063143+00:00 [queued]>
[2025-05-30T18:09:11.392+0200] {taskinstance.py:1159} INFO - Dependencies all met for dep_context=requeueable deps ti=<TaskInstance: cricket_data_pipeline.step3_unnesting_processing manual__2025-05-30T16:08:53.063143+00:00 [queued]>
[2025-05-30T18:09:11.392+0200] {taskinstance.py:1361} INFO - Starting attempt 1 of 2
[2025-05-30T18:09:11.425+0200] {taskinstance.py:1382} INFO - Executing <Task(PythonOperator): step3_unnesting_processing> on 2025-05-30 16:08:53.063143+00:00
[2025-05-30T18:09:11.429+0200] {standard_task_runner.py:57} INFO - Started process 13462 to run task
[2025-05-30T18:09:11.431+0200] {standard_task_runner.py:84} INFO - Running: ['airflow', 'tasks', 'run', 'cricket_data_pipeline', 'step3_unnesting_processing', 'manual__2025-05-30T16:08:53.063143+00:00', '--job-id', '16', '--raw', '--subdir', 'DAGS_FOLDER/cricket_pipeline_dag.py', '--cfg-path', '/tmp/tmp1xdwpoeu']
[2025-05-30T18:09:11.432+0200] {standard_task_runner.py:85} INFO - Job 16: Subtask step3_unnesting_processing
[2025-05-30T18:09:11.467+0200] {task_command.py:416} INFO - Running <TaskInstance: cricket_data_pipeline.step3_unnesting_processing manual__2025-05-30T16:08:53.063143+00:00 [running]> on host Ashwa.
[2025-05-30T18:09:11.538+0200] {taskinstance.py:1662} INFO - Exporting env vars: AIRFLOW_CTX_DAG_OWNER='lohit' AIRFLOW_CTX_DAG_ID='cricket_data_pipeline' AIRFLOW_CTX_TASK_ID='step3_unnesting_processing' AIRFLOW_CTX_EXECUTION_DATE='2025-05-30T16:08:53.063143+00:00' AIRFLOW_CTX_TRY_NUMBER='1' AIRFLOW_CTX_DAG_RUN_ID='manual__2025-05-30T16:08:53.063143+00:00'
[2025-05-30T18:09:11.650+0200] {logging_mixin.py:154} INFO - Starting data unnesting and database creation...
[2025-05-30T18:09:11.668+0200] {logging_mixin.py:154} INFO - Processing 18646 JSON files...
[2025-05-30T18:09:11.820+0200] {logging_mixin.py:154} INFO - Processed 100/18646 files...
[2025-05-30T18:09:12.077+0200] {logging_mixin.py:154} INFO - Processed 200/18646 files...
[2025-05-30T18:09:12.312+0200] {logging_mixin.py:154} INFO - Processed 300/18646 files...
[2025-05-30T18:09:12.580+0200] {logging_mixin.py:154} INFO - Processed 400/18646 files...
[2025-05-30T18:09:12.694+0200] {logging_mixin.py:154} INFO - Processed 500/18646 files...
[2025-05-30T18:09:13.057+0200] {logging_mixin.py:154} INFO - Processed 600/18646 files...
[2025-05-30T18:09:13.179+0200] {logging_mixin.py:154} INFO - Processed 700/18646 files...
[2025-05-30T18:09:13.621+0200] {logging_mixin.py:154} INFO - Processed 800/18646 files...
[2025-05-30T18:09:13.777+0200] {logging_mixin.py:154} INFO - Processed 900/18646 files...
[2025-05-30T18:09:13.922+0200] {logging_mixin.py:154} INFO - Processed 1000/18646 files...
[2025-05-30T18:09:14.451+0200] {logging_mixin.py:154} INFO - Processed 1100/18646 files...
[2025-05-30T18:09:14.599+0200] {logging_mixin.py:154} INFO - Processed 1200/18646 files...
[2025-05-30T18:09:14.744+0200] {logging_mixin.py:154} INFO - Processed 1300/18646 files...
[2025-05-30T18:09:15.326+0200] {logging_mixin.py:154} INFO - Processed 1400/18646 files...
[2025-05-30T18:09:15.495+0200] {logging_mixin.py:154} INFO - Processed 1500/18646 files...
[2025-05-30T18:09:15.668+0200] {logging_mixin.py:154} INFO - Processed 1600/18646 files...
[2025-05-30T18:09:15.831+0200] {logging_mixin.py:154} INFO - Processed 1700/18646 files...
[2025-05-30T18:09:16.532+0200] {logging_mixin.py:154} INFO - Processed 1800/18646 files...
[2025-05-30T18:09:16.659+0200] {logging_mixin.py:154} INFO - Processed 1900/18646 files...
[2025-05-30T18:09:16.797+0200] {logging_mixin.py:154} INFO - Processed 2000/18646 files...
[2025-05-30T18:09:16.970+0200] {logging_mixin.py:154} INFO - Processed 2100/18646 files...
[2025-05-30T18:09:17.143+0200] {logging_mixin.py:154} INFO - Processed 2200/18646 files...
[2025-05-30T18:09:18.055+0200] {logging_mixin.py:154} INFO - Processed 2300/18646 files...
[2025-05-30T18:09:18.193+0200] {logging_mixin.py:154} INFO - Processed 2400/18646 files...
[2025-05-30T18:09:18.327+0200] {logging_mixin.py:154} INFO - Processed 2500/18646 files...
[2025-05-30T18:09:18.501+0200] {logging_mixin.py:154} INFO - Processed 2600/18646 files...
[2025-05-30T18:09:18.789+0200] {logging_mixin.py:154} INFO - Processed 2700/18646 files...
[2025-05-30T18:09:18.988+0200] {logging_mixin.py:154} INFO - Processed 2800/18646 files...
[2025-05-30T18:09:19.198+0200] {logging_mixin.py:154} INFO - Processed 2900/18646 files...
[2025-05-30T18:09:20.356+0200] {logging_mixin.py:154} INFO - Processed 3000/18646 files...
[2025-05-30T18:09:20.605+0200] {logging_mixin.py:154} INFO - Processed 3100/18646 files...
[2025-05-30T18:09:20.759+0200] {logging_mixin.py:154} INFO - Processed 3200/18646 files...
[2025-05-30T18:09:21.081+0200] {logging_mixin.py:154} INFO - Processed 3300/18646 files...
[2025-05-30T18:09:21.342+0200] {logging_mixin.py:154} INFO - Processed 3400/18646 files...
[2025-05-30T18:09:21.609+0200] {logging_mixin.py:154} INFO - Processed 3500/18646 files...
[2025-05-30T18:09:21.832+0200] {logging_mixin.py:154} INFO - Processed 3600/18646 files...
[2025-05-30T18:09:23.213+0200] {logging_mixin.py:154} INFO - Processed 3700/18646 files...
[2025-05-30T18:09:23.335+0200] {logging_mixin.py:154} INFO - Processed 3800/18646 files...
[2025-05-30T18:09:23.532+0200] {logging_mixin.py:154} INFO - Processed 3900/18646 files...
[2025-05-30T18:09:23.716+0200] {logging_mixin.py:154} INFO - Processed 4000/18646 files...
[2025-05-30T18:09:24.500+0200] {logging_mixin.py:154} INFO - Processed 4100/18646 files...
[2025-05-30T18:09:24.667+0200] {logging_mixin.py:154} INFO - Processed 4200/18646 files...
[2025-05-30T18:09:24.876+0200] {logging_mixin.py:154} INFO - Processed 4300/18646 files...
[2025-05-30T18:09:25.071+0200] {logging_mixin.py:154} INFO - Processed 4400/18646 files...
[2025-05-30T18:09:25.231+0200] {logging_mixin.py:154} INFO - Processed 4500/18646 files...
[2025-05-30T18:09:25.562+0200] {logging_mixin.py:154} INFO - Processed 4600/18646 files...
[2025-05-30T18:09:27.361+0200] {logging_mixin.py:154} INFO - Processed 4700/18646 files...
[2025-05-30T18:09:27.489+0200] {logging_mixin.py:154} INFO - Processed 4800/18646 files...
[2025-05-30T18:09:27.672+0200] {logging_mixin.py:154} INFO - Processed 4900/18646 files...
[2025-05-30T18:09:28.433+0200] {logging_mixin.py:154} INFO - Processed 5000/18646 files...
[2025-05-30T18:09:28.633+0200] {logging_mixin.py:154} INFO - Processed 5100/18646 files...
[2025-05-30T18:09:28.833+0200] {logging_mixin.py:154} INFO - Processed 5200/18646 files...
[2025-05-30T18:09:29.011+0200] {logging_mixin.py:154} INFO - Processed 5300/18646 files...
[2025-05-30T18:09:29.286+0200] {logging_mixin.py:154} INFO - Processed 5400/18646 files...
[2025-05-30T18:09:29.540+0200] {logging_mixin.py:154} INFO - Processed 5500/18646 files...
[2025-05-30T18:09:29.766+0200] {logging_mixin.py:154} INFO - Processed 5600/18646 files...
[2025-05-30T18:09:29.938+0200] {logging_mixin.py:154} INFO - Processed 5700/18646 files...
[2025-05-30T18:09:30.269+0200] {logging_mixin.py:154} INFO - Processed 5800/18646 files...
[2025-05-30T18:09:32.255+0200] {logging_mixin.py:154} INFO - Processed 5900/18646 files...
[2025-05-30T18:09:32.604+0200] {logging_mixin.py:154} INFO - Processed 6000/18646 files...
[2025-05-30T18:09:32.805+0200] {logging_mixin.py:154} INFO - Processed 6100/18646 files...
[2025-05-30T18:09:33.008+0200] {logging_mixin.py:154} INFO - Processed 6200/18646 files...
[2025-05-30T18:09:33.289+0200] {logging_mixin.py:154} INFO - Processed 6300/18646 files...
[2025-05-30T18:09:33.485+0200] {logging_mixin.py:154} INFO - Processed 6400/18646 files...
[2025-05-30T18:09:33.723+0200] {logging_mixin.py:154} INFO - Processed 6500/18646 files...
[2025-05-30T18:09:33.899+0200] {logging_mixin.py:154} INFO - Processed 6600/18646 files...
[2025-05-30T18:09:34.073+0200] {logging_mixin.py:154} INFO - Processed 6700/18646 files...
[2025-05-30T18:09:34.252+0200] {logging_mixin.py:154} INFO - Processed 6800/18646 files...
[2025-05-30T18:09:34.391+0200] {logging_mixin.py:154} INFO - Processed 6900/18646 files...
[2025-05-30T18:09:34.511+0200] {logging_mixin.py:154} INFO - Processed 7000/18646 files...
[2025-05-30T18:09:34.711+0200] {logging_mixin.py:154} INFO - Processed 7100/18646 files...
[2025-05-30T18:09:34.921+0200] {logging_mixin.py:154} INFO - Processed 7200/18646 files...
[2025-05-30T18:09:35.090+0200] {logging_mixin.py:154} INFO - Processed 7300/18646 files...
[2025-05-30T18:09:35.258+0200] {logging_mixin.py:154} INFO - Processed 7400/18646 files...
[2025-05-30T18:09:37.608+0200] {logging_mixin.py:154} INFO - Processed 7500/18646 files...
[2025-05-30T18:09:37.751+0200] {logging_mixin.py:154} INFO - Processed 7600/18646 files...
[2025-05-30T18:09:37.928+0200] {logging_mixin.py:154} INFO - Processed 7700/18646 files...
[2025-05-30T18:09:38.125+0200] {logging_mixin.py:154} INFO - Processed 7800/18646 files...
[2025-05-30T18:09:38.394+0200] {logging_mixin.py:154} INFO - Processed 7900/18646 files...
[2025-05-30T18:09:38.723+0200] {logging_mixin.py:154} INFO - Processed 8000/18646 files...
[2025-05-30T18:09:38.896+0200] {logging_mixin.py:154} INFO - Processed 8100/18646 files...
[2025-05-30T18:09:39.039+0200] {logging_mixin.py:154} INFO - Processed 8200/18646 files...
[2025-05-30T18:09:39.182+0200] {logging_mixin.py:154} INFO - Processed 8300/18646 files...
[2025-05-30T18:09:39.360+0200] {logging_mixin.py:154} INFO - Processed 8400/18646 files...
[2025-05-30T18:09:39.564+0200] {logging_mixin.py:154} INFO - Processed 8500/18646 files...
[2025-05-30T18:09:39.929+0200] {logging_mixin.py:154} INFO - Processed 8600/18646 files...
[2025-05-30T18:09:40.097+0200] {logging_mixin.py:154} INFO - Processed 8700/18646 files...
[2025-05-30T18:09:42.100+0200] {logging_mixin.py:154} INFO - Processed 8800/18646 files...
[2025-05-30T18:09:37.721+0200] {logging_mixin.py:154} INFO - Processed 8900/18646 files...
[2025-05-30T18:09:37.915+0200] {logging_mixin.py:154} INFO - Processed 9000/18646 files...
[2025-05-30T18:09:43.313+0200] {logging_mixin.py:154} INFO - Processed 9100/18646 files...
[2025-05-30T18:11:01.830+0200] {logging_mixin.py:154} INFO - Processed 9200/18646 files...
[2025-05-30T18:15:41.137+0200] {logging_mixin.py:154} INFO - Processed 9300/18646 files...
[2025-05-30T18:19:07.663+0200] {logging_mixin.py:154} INFO - Processed 9400/18646 files...
[2025-05-30T18:19:07.898+0200] {logging_mixin.py:154} INFO - Processed 9500/18646 files...
[2025-05-30T18:19:24.758+0200] {logging_mixin.py:154} INFO - Processed 9600/18646 files...
[2025-05-30T18:19:36.769+0200] {local_task_job_runner.py:228} INFO - Task exited with return code Negsignal.SIGKILL
[2025-05-30T18:19:36.836+0200] {taskinstance.py:2778} INFO - 0 downstream tasks scheduled from follow-on schedule check
