[2025-06-01T17:53:08.685+0200] {processor.py:157} INFO - Started process (PID=27103) to work on /home/lohit/miniconda3/envs/airflow-env/lib/python3.8/site-packages/airflow/example_dags/subdags/subdag.py
[2025-06-01T17:53:08.686+0200] {processor.py:829} INFO - Processing file /home/lohit/miniconda3/envs/airflow-env/lib/python3.8/site-packages/airflow/example_dags/subdags/subdag.py for tasks to queue
[2025-06-01T17:53:08.686+0200] {logging_mixin.py:154} INFO - [2025-06-01T17:53:08.686+0200] {dagbag.py:536} INFO - Filling up the DagBag from /home/lohit/miniconda3/envs/airflow-env/lib/python3.8/site-packages/airflow/example_dags/subdags/subdag.py
[2025-06-01T17:53:08.687+0200] {processor.py:841} WARNING - No viable dags retrieved from /home/lohit/miniconda3/envs/airflow-env/lib/python3.8/site-packages/airflow/example_dags/subdags/subdag.py
[2025-06-01T17:53:08.693+0200] {processor.py:179} INFO - Processing /home/lohit/miniconda3/envs/airflow-env/lib/python3.8/site-packages/airflow/example_dags/subdags/subdag.py took 0.010 seconds
[2025-06-01T17:53:57.699+0200] {processor.py:157} INFO - Started process (PID=27176) to work on /home/lohit/miniconda3/envs/airflow-env/lib/python3.8/site-packages/airflow/example_dags/subdags/subdag.py
[2025-06-01T17:53:57.700+0200] {processor.py:829} INFO - Processing file /home/lohit/miniconda3/envs/airflow-env/lib/python3.8/site-packages/airflow/example_dags/subdags/subdag.py for tasks to queue
[2025-06-01T17:53:57.701+0200] {logging_mixin.py:154} INFO - [2025-06-01T17:53:57.700+0200] {dagbag.py:536} INFO - Filling up the DagBag from /home/lohit/miniconda3/envs/airflow-env/lib/python3.8/site-packages/airflow/example_dags/subdags/subdag.py
[2025-06-01T17:53:57.702+0200] {processor.py:841} WARNING - No viable dags retrieved from /home/lohit/miniconda3/envs/airflow-env/lib/python3.8/site-packages/airflow/example_dags/subdags/subdag.py
[2025-06-01T17:53:57.708+0200] {processor.py:179} INFO - Processing /home/lohit/miniconda3/envs/airflow-env/lib/python3.8/site-packages/airflow/example_dags/subdags/subdag.py took 0.011 seconds
[2025-06-01T17:54:43.512+0200] {processor.py:157} INFO - Started process (PID=27244) to work on /home/lohit/miniconda3/envs/airflow-env/lib/python3.8/site-packages/airflow/example_dags/subdags/subdag.py
[2025-06-01T17:54:43.515+0200] {processor.py:829} INFO - Processing file /home/lohit/miniconda3/envs/airflow-env/lib/python3.8/site-packages/airflow/example_dags/subdags/subdag.py for tasks to queue
[2025-06-01T17:54:43.516+0200] {logging_mixin.py:154} INFO - [2025-06-01T17:54:43.516+0200] {dagbag.py:536} INFO - Filling up the DagBag from /home/lohit/miniconda3/envs/airflow-env/lib/python3.8/site-packages/airflow/example_dags/subdags/subdag.py
[2025-06-01T17:54:43.517+0200] {processor.py:841} WARNING - No viable dags retrieved from /home/lohit/miniconda3/envs/airflow-env/lib/python3.8/site-packages/airflow/example_dags/subdags/subdag.py
[2025-06-01T17:54:43.525+0200] {processor.py:179} INFO - Processing /home/lohit/miniconda3/envs/airflow-env/lib/python3.8/site-packages/airflow/example_dags/subdags/subdag.py took 0.015 seconds
[2025-06-01T17:55:33.033+0200] {processor.py:157} INFO - Started process (PID=27316) to work on /home/lohit/miniconda3/envs/airflow-env/lib/python3.8/site-packages/airflow/example_dags/subdags/subdag.py
[2025-06-01T17:55:33.034+0200] {processor.py:829} INFO - Processing file /home/lohit/miniconda3/envs/airflow-env/lib/python3.8/site-packages/airflow/example_dags/subdags/subdag.py for tasks to queue
[2025-06-01T17:55:33.035+0200] {logging_mixin.py:154} INFO - [2025-06-01T17:55:33.035+0200] {dagbag.py:536} INFO - Filling up the DagBag from /home/lohit/miniconda3/envs/airflow-env/lib/python3.8/site-packages/airflow/example_dags/subdags/subdag.py
[2025-06-01T17:55:33.036+0200] {processor.py:841} WARNING - No viable dags retrieved from /home/lohit/miniconda3/envs/airflow-env/lib/python3.8/site-packages/airflow/example_dags/subdags/subdag.py
[2025-06-01T17:55:33.043+0200] {processor.py:179} INFO - Processing /home/lohit/miniconda3/envs/airflow-env/lib/python3.8/site-packages/airflow/example_dags/subdags/subdag.py took 0.011 seconds
[2025-06-01T17:56:19.948+0200] {processor.py:157} INFO - Started process (PID=27388) to work on /home/lohit/miniconda3/envs/airflow-env/lib/python3.8/site-packages/airflow/example_dags/subdags/subdag.py
[2025-06-01T17:56:19.952+0200] {processor.py:829} INFO - Processing file /home/lohit/miniconda3/envs/airflow-env/lib/python3.8/site-packages/airflow/example_dags/subdags/subdag.py for tasks to queue
[2025-06-01T17:56:19.952+0200] {logging_mixin.py:154} INFO - [2025-06-01T17:56:19.952+0200] {dagbag.py:536} INFO - Filling up the DagBag from /home/lohit/miniconda3/envs/airflow-env/lib/python3.8/site-packages/airflow/example_dags/subdags/subdag.py
[2025-06-01T17:56:19.954+0200] {processor.py:841} WARNING - No viable dags retrieved from /home/lohit/miniconda3/envs/airflow-env/lib/python3.8/site-packages/airflow/example_dags/subdags/subdag.py
[2025-06-01T17:56:19.961+0200] {processor.py:179} INFO - Processing /home/lohit/miniconda3/envs/airflow-env/lib/python3.8/site-packages/airflow/example_dags/subdags/subdag.py took 0.015 seconds
[2025-06-01T17:57:10.320+0200] {processor.py:157} INFO - Started process (PID=27460) to work on /home/lohit/miniconda3/envs/airflow-env/lib/python3.8/site-packages/airflow/example_dags/subdags/subdag.py
[2025-06-01T17:57:10.324+0200] {processor.py:829} INFO - Processing file /home/lohit/miniconda3/envs/airflow-env/lib/python3.8/site-packages/airflow/example_dags/subdags/subdag.py for tasks to queue
[2025-06-01T17:57:10.324+0200] {logging_mixin.py:154} INFO - [2025-06-01T17:57:10.324+0200] {dagbag.py:536} INFO - Filling up the DagBag from /home/lohit/miniconda3/envs/airflow-env/lib/python3.8/site-packages/airflow/example_dags/subdags/subdag.py
[2025-06-01T17:57:10.326+0200] {processor.py:841} WARNING - No viable dags retrieved from /home/lohit/miniconda3/envs/airflow-env/lib/python3.8/site-packages/airflow/example_dags/subdags/subdag.py
[2025-06-01T17:57:10.332+0200] {processor.py:179} INFO - Processing /home/lohit/miniconda3/envs/airflow-env/lib/python3.8/site-packages/airflow/example_dags/subdags/subdag.py took 0.014 seconds
[2025-06-01T17:57:53.391+0200] {processor.py:157} INFO - Started process (PID=27528) to work on /home/lohit/miniconda3/envs/airflow-env/lib/python3.8/site-packages/airflow/example_dags/subdags/subdag.py
[2025-06-01T17:57:53.395+0200] {processor.py:829} INFO - Processing file /home/lohit/miniconda3/envs/airflow-env/lib/python3.8/site-packages/airflow/example_dags/subdags/subdag.py for tasks to queue
[2025-06-01T17:57:53.395+0200] {logging_mixin.py:154} INFO - [2025-06-01T17:57:53.395+0200] {dagbag.py:536} INFO - Filling up the DagBag from /home/lohit/miniconda3/envs/airflow-env/lib/python3.8/site-packages/airflow/example_dags/subdags/subdag.py
[2025-06-01T17:57:53.397+0200] {processor.py:841} WARNING - No viable dags retrieved from /home/lohit/miniconda3/envs/airflow-env/lib/python3.8/site-packages/airflow/example_dags/subdags/subdag.py
[2025-06-01T17:57:53.403+0200] {processor.py:179} INFO - Processing /home/lohit/miniconda3/envs/airflow-env/lib/python3.8/site-packages/airflow/example_dags/subdags/subdag.py took 0.014 seconds
[2025-06-01T17:58:42.459+0200] {processor.py:157} INFO - Started process (PID=27598) to work on /home/lohit/miniconda3/envs/airflow-env/lib/python3.8/site-packages/airflow/example_dags/subdags/subdag.py
[2025-06-01T17:58:42.462+0200] {processor.py:829} INFO - Processing file /home/lohit/miniconda3/envs/airflow-env/lib/python3.8/site-packages/airflow/example_dags/subdags/subdag.py for tasks to queue
[2025-06-01T17:58:42.463+0200] {logging_mixin.py:154} INFO - [2025-06-01T17:58:42.463+0200] {dagbag.py:536} INFO - Filling up the DagBag from /home/lohit/miniconda3/envs/airflow-env/lib/python3.8/site-packages/airflow/example_dags/subdags/subdag.py
[2025-06-01T17:58:42.464+0200] {processor.py:841} WARNING - No viable dags retrieved from /home/lohit/miniconda3/envs/airflow-env/lib/python3.8/site-packages/airflow/example_dags/subdags/subdag.py
[2025-06-01T17:58:42.471+0200] {processor.py:179} INFO - Processing /home/lohit/miniconda3/envs/airflow-env/lib/python3.8/site-packages/airflow/example_dags/subdags/subdag.py took 0.015 seconds
[2025-06-01T17:59:25.900+0200] {processor.py:157} INFO - Started process (PID=27666) to work on /home/lohit/miniconda3/envs/airflow-env/lib/python3.8/site-packages/airflow/example_dags/subdags/subdag.py
[2025-06-01T17:59:25.903+0200] {processor.py:829} INFO - Processing file /home/lohit/miniconda3/envs/airflow-env/lib/python3.8/site-packages/airflow/example_dags/subdags/subdag.py for tasks to queue
[2025-06-01T17:59:25.903+0200] {logging_mixin.py:154} INFO - [2025-06-01T17:59:25.903+0200] {dagbag.py:536} INFO - Filling up the DagBag from /home/lohit/miniconda3/envs/airflow-env/lib/python3.8/site-packages/airflow/example_dags/subdags/subdag.py
[2025-06-01T17:59:25.905+0200] {processor.py:841} WARNING - No viable dags retrieved from /home/lohit/miniconda3/envs/airflow-env/lib/python3.8/site-packages/airflow/example_dags/subdags/subdag.py
[2025-06-01T17:59:25.911+0200] {processor.py:179} INFO - Processing /home/lohit/miniconda3/envs/airflow-env/lib/python3.8/site-packages/airflow/example_dags/subdags/subdag.py took 0.013 seconds
[2025-06-01T18:00:11.822+0200] {processor.py:157} INFO - Started process (PID=27734) to work on /home/lohit/miniconda3/envs/airflow-env/lib/python3.8/site-packages/airflow/example_dags/subdags/subdag.py
[2025-06-01T18:00:11.823+0200] {processor.py:829} INFO - Processing file /home/lohit/miniconda3/envs/airflow-env/lib/python3.8/site-packages/airflow/example_dags/subdags/subdag.py for tasks to queue
[2025-06-01T18:00:11.824+0200] {logging_mixin.py:154} INFO - [2025-06-01T18:00:11.823+0200] {dagbag.py:536} INFO - Filling up the DagBag from /home/lohit/miniconda3/envs/airflow-env/lib/python3.8/site-packages/airflow/example_dags/subdags/subdag.py
[2025-06-01T18:00:11.825+0200] {processor.py:841} WARNING - No viable dags retrieved from /home/lohit/miniconda3/envs/airflow-env/lib/python3.8/site-packages/airflow/example_dags/subdags/subdag.py
[2025-06-01T18:00:11.831+0200] {processor.py:179} INFO - Processing /home/lohit/miniconda3/envs/airflow-env/lib/python3.8/site-packages/airflow/example_dags/subdags/subdag.py took 0.011 seconds
[2025-06-01T18:00:58.250+0200] {processor.py:157} INFO - Started process (PID=27827) to work on /home/lohit/miniconda3/envs/airflow-env/lib/python3.8/site-packages/airflow/example_dags/subdags/subdag.py
[2025-06-01T18:00:58.251+0200] {processor.py:829} INFO - Processing file /home/lohit/miniconda3/envs/airflow-env/lib/python3.8/site-packages/airflow/example_dags/subdags/subdag.py for tasks to queue
[2025-06-01T18:00:58.253+0200] {logging_mixin.py:154} INFO - [2025-06-01T18:00:58.252+0200] {dagbag.py:536} INFO - Filling up the DagBag from /home/lohit/miniconda3/envs/airflow-env/lib/python3.8/site-packages/airflow/example_dags/subdags/subdag.py
[2025-06-01T18:00:58.254+0200] {processor.py:841} WARNING - No viable dags retrieved from /home/lohit/miniconda3/envs/airflow-env/lib/python3.8/site-packages/airflow/example_dags/subdags/subdag.py
[2025-06-01T18:00:58.260+0200] {processor.py:179} INFO - Processing /home/lohit/miniconda3/envs/airflow-env/lib/python3.8/site-packages/airflow/example_dags/subdags/subdag.py took 0.012 seconds
[2025-06-01T18:01:48.324+0200] {processor.py:157} INFO - Started process (PID=27909) to work on /home/lohit/miniconda3/envs/airflow-env/lib/python3.8/site-packages/airflow/example_dags/subdags/subdag.py
[2025-06-01T18:01:48.327+0200] {processor.py:829} INFO - Processing file /home/lohit/miniconda3/envs/airflow-env/lib/python3.8/site-packages/airflow/example_dags/subdags/subdag.py for tasks to queue
[2025-06-01T18:01:48.328+0200] {logging_mixin.py:154} INFO - [2025-06-01T18:01:48.327+0200] {dagbag.py:536} INFO - Filling up the DagBag from /home/lohit/miniconda3/envs/airflow-env/lib/python3.8/site-packages/airflow/example_dags/subdags/subdag.py
[2025-06-01T18:01:48.329+0200] {processor.py:841} WARNING - No viable dags retrieved from /home/lohit/miniconda3/envs/airflow-env/lib/python3.8/site-packages/airflow/example_dags/subdags/subdag.py
[2025-06-01T18:01:48.337+0200] {processor.py:179} INFO - Processing /home/lohit/miniconda3/envs/airflow-env/lib/python3.8/site-packages/airflow/example_dags/subdags/subdag.py took 0.015 seconds
[2025-06-01T18:02:32.488+0200] {processor.py:157} INFO - Started process (PID=27979) to work on /home/lohit/miniconda3/envs/airflow-env/lib/python3.8/site-packages/airflow/example_dags/subdags/subdag.py
[2025-06-01T18:02:32.492+0200] {processor.py:829} INFO - Processing file /home/lohit/miniconda3/envs/airflow-env/lib/python3.8/site-packages/airflow/example_dags/subdags/subdag.py for tasks to queue
[2025-06-01T18:02:32.493+0200] {logging_mixin.py:154} INFO - [2025-06-01T18:02:32.492+0200] {dagbag.py:536} INFO - Filling up the DagBag from /home/lohit/miniconda3/envs/airflow-env/lib/python3.8/site-packages/airflow/example_dags/subdags/subdag.py
[2025-06-01T18:02:32.494+0200] {processor.py:841} WARNING - No viable dags retrieved from /home/lohit/miniconda3/envs/airflow-env/lib/python3.8/site-packages/airflow/example_dags/subdags/subdag.py
[2025-06-01T18:02:32.501+0200] {processor.py:179} INFO - Processing /home/lohit/miniconda3/envs/airflow-env/lib/python3.8/site-packages/airflow/example_dags/subdags/subdag.py took 0.015 seconds
[2025-06-01T18:03:20.025+0200] {processor.py:157} INFO - Started process (PID=28058) to work on /home/lohit/miniconda3/envs/airflow-env/lib/python3.8/site-packages/airflow/example_dags/subdags/subdag.py
[2025-06-01T18:03:20.027+0200] {processor.py:829} INFO - Processing file /home/lohit/miniconda3/envs/airflow-env/lib/python3.8/site-packages/airflow/example_dags/subdags/subdag.py for tasks to queue
[2025-06-01T18:03:20.027+0200] {logging_mixin.py:154} INFO - [2025-06-01T18:03:20.027+0200] {dagbag.py:536} INFO - Filling up the DagBag from /home/lohit/miniconda3/envs/airflow-env/lib/python3.8/site-packages/airflow/example_dags/subdags/subdag.py
[2025-06-01T18:03:20.029+0200] {processor.py:841} WARNING - No viable dags retrieved from /home/lohit/miniconda3/envs/airflow-env/lib/python3.8/site-packages/airflow/example_dags/subdags/subdag.py
[2025-06-01T18:03:20.036+0200] {processor.py:179} INFO - Processing /home/lohit/miniconda3/envs/airflow-env/lib/python3.8/site-packages/airflow/example_dags/subdags/subdag.py took 0.012 seconds
[2025-06-01T18:04:08.853+0200] {processor.py:157} INFO - Started process (PID=28129) to work on /home/lohit/miniconda3/envs/airflow-env/lib/python3.8/site-packages/airflow/example_dags/subdags/subdag.py
[2025-06-01T18:04:08.854+0200] {processor.py:829} INFO - Processing file /home/lohit/miniconda3/envs/airflow-env/lib/python3.8/site-packages/airflow/example_dags/subdags/subdag.py for tasks to queue
[2025-06-01T18:04:08.855+0200] {logging_mixin.py:154} INFO - [2025-06-01T18:04:08.854+0200] {dagbag.py:536} INFO - Filling up the DagBag from /home/lohit/miniconda3/envs/airflow-env/lib/python3.8/site-packages/airflow/example_dags/subdags/subdag.py
[2025-06-01T18:04:08.856+0200] {processor.py:841} WARNING - No viable dags retrieved from /home/lohit/miniconda3/envs/airflow-env/lib/python3.8/site-packages/airflow/example_dags/subdags/subdag.py
[2025-06-01T18:04:08.862+0200] {processor.py:179} INFO - Processing /home/lohit/miniconda3/envs/airflow-env/lib/python3.8/site-packages/airflow/example_dags/subdags/subdag.py took 0.011 seconds
[2025-06-01T18:04:52.392+0200] {processor.py:157} INFO - Started process (PID=28203) to work on /home/lohit/miniconda3/envs/airflow-env/lib/python3.8/site-packages/airflow/example_dags/subdags/subdag.py
[2025-06-01T18:04:52.395+0200] {processor.py:829} INFO - Processing file /home/lohit/miniconda3/envs/airflow-env/lib/python3.8/site-packages/airflow/example_dags/subdags/subdag.py for tasks to queue
[2025-06-01T18:04:52.396+0200] {logging_mixin.py:154} INFO - [2025-06-01T18:04:52.396+0200] {dagbag.py:536} INFO - Filling up the DagBag from /home/lohit/miniconda3/envs/airflow-env/lib/python3.8/site-packages/airflow/example_dags/subdags/subdag.py
[2025-06-01T18:04:52.398+0200] {processor.py:841} WARNING - No viable dags retrieved from /home/lohit/miniconda3/envs/airflow-env/lib/python3.8/site-packages/airflow/example_dags/subdags/subdag.py
[2025-06-01T18:04:52.406+0200] {processor.py:179} INFO - Processing /home/lohit/miniconda3/envs/airflow-env/lib/python3.8/site-packages/airflow/example_dags/subdags/subdag.py took 0.017 seconds
[2025-06-01T18:05:44.630+0200] {processor.py:157} INFO - Started process (PID=28284) to work on /home/lohit/miniconda3/envs/airflow-env/lib/python3.8/site-packages/airflow/example_dags/subdags/subdag.py
[2025-06-01T18:05:44.801+0200] {processor.py:829} INFO - Processing file /home/lohit/miniconda3/envs/airflow-env/lib/python3.8/site-packages/airflow/example_dags/subdags/subdag.py for tasks to queue
[2025-06-01T18:05:44.801+0200] {logging_mixin.py:154} INFO - [2025-06-01T18:05:44.801+0200] {dagbag.py:536} INFO - Filling up the DagBag from /home/lohit/miniconda3/envs/airflow-env/lib/python3.8/site-packages/airflow/example_dags/subdags/subdag.py
[2025-06-01T18:05:44.803+0200] {processor.py:841} WARNING - No viable dags retrieved from /home/lohit/miniconda3/envs/airflow-env/lib/python3.8/site-packages/airflow/example_dags/subdags/subdag.py
[2025-06-01T18:05:44.811+0200] {processor.py:179} INFO - Processing /home/lohit/miniconda3/envs/airflow-env/lib/python3.8/site-packages/airflow/example_dags/subdags/subdag.py took 0.183 seconds
[2025-06-01T18:06:32.293+0200] {processor.py:157} INFO - Started process (PID=28359) to work on /home/lohit/miniconda3/envs/airflow-env/lib/python3.8/site-packages/airflow/example_dags/subdags/subdag.py
[2025-06-01T18:06:32.297+0200] {processor.py:829} INFO - Processing file /home/lohit/miniconda3/envs/airflow-env/lib/python3.8/site-packages/airflow/example_dags/subdags/subdag.py for tasks to queue
[2025-06-01T18:06:32.297+0200] {logging_mixin.py:154} INFO - [2025-06-01T18:06:32.297+0200] {dagbag.py:536} INFO - Filling up the DagBag from /home/lohit/miniconda3/envs/airflow-env/lib/python3.8/site-packages/airflow/example_dags/subdags/subdag.py
[2025-06-01T18:06:32.299+0200] {processor.py:841} WARNING - No viable dags retrieved from /home/lohit/miniconda3/envs/airflow-env/lib/python3.8/site-packages/airflow/example_dags/subdags/subdag.py
[2025-06-01T18:06:32.304+0200] {processor.py:179} INFO - Processing /home/lohit/miniconda3/envs/airflow-env/lib/python3.8/site-packages/airflow/example_dags/subdags/subdag.py took 0.013 seconds
[2025-06-01T18:07:17.528+0200] {processor.py:157} INFO - Started process (PID=28427) to work on /home/lohit/miniconda3/envs/airflow-env/lib/python3.8/site-packages/airflow/example_dags/subdags/subdag.py
[2025-06-01T18:07:17.532+0200] {processor.py:829} INFO - Processing file /home/lohit/miniconda3/envs/airflow-env/lib/python3.8/site-packages/airflow/example_dags/subdags/subdag.py for tasks to queue
[2025-06-01T18:07:17.532+0200] {logging_mixin.py:154} INFO - [2025-06-01T18:07:17.532+0200] {dagbag.py:536} INFO - Filling up the DagBag from /home/lohit/miniconda3/envs/airflow-env/lib/python3.8/site-packages/airflow/example_dags/subdags/subdag.py
[2025-06-01T18:07:17.534+0200] {processor.py:841} WARNING - No viable dags retrieved from /home/lohit/miniconda3/envs/airflow-env/lib/python3.8/site-packages/airflow/example_dags/subdags/subdag.py
[2025-06-01T18:07:17.540+0200] {processor.py:179} INFO - Processing /home/lohit/miniconda3/envs/airflow-env/lib/python3.8/site-packages/airflow/example_dags/subdags/subdag.py took 0.014 seconds
[2025-06-01T18:08:03.528+0200] {processor.py:157} INFO - Started process (PID=28497) to work on /home/lohit/miniconda3/envs/airflow-env/lib/python3.8/site-packages/airflow/example_dags/subdags/subdag.py
[2025-06-01T18:08:03.530+0200] {processor.py:829} INFO - Processing file /home/lohit/miniconda3/envs/airflow-env/lib/python3.8/site-packages/airflow/example_dags/subdags/subdag.py for tasks to queue
[2025-06-01T18:08:03.530+0200] {logging_mixin.py:154} INFO - [2025-06-01T18:08:03.530+0200] {dagbag.py:536} INFO - Filling up the DagBag from /home/lohit/miniconda3/envs/airflow-env/lib/python3.8/site-packages/airflow/example_dags/subdags/subdag.py
[2025-06-01T18:08:03.532+0200] {processor.py:841} WARNING - No viable dags retrieved from /home/lohit/miniconda3/envs/airflow-env/lib/python3.8/site-packages/airflow/example_dags/subdags/subdag.py
[2025-06-01T18:08:03.537+0200] {processor.py:179} INFO - Processing /home/lohit/miniconda3/envs/airflow-env/lib/python3.8/site-packages/airflow/example_dags/subdags/subdag.py took 0.011 seconds
[2025-06-01T18:08:54.373+0200] {processor.py:157} INFO - Started process (PID=28574) to work on /home/lohit/miniconda3/envs/airflow-env/lib/python3.8/site-packages/airflow/example_dags/subdags/subdag.py
[2025-06-01T18:08:54.374+0200] {processor.py:829} INFO - Processing file /home/lohit/miniconda3/envs/airflow-env/lib/python3.8/site-packages/airflow/example_dags/subdags/subdag.py for tasks to queue
[2025-06-01T18:08:54.375+0200] {logging_mixin.py:154} INFO - [2025-06-01T18:08:54.375+0200] {dagbag.py:536} INFO - Filling up the DagBag from /home/lohit/miniconda3/envs/airflow-env/lib/python3.8/site-packages/airflow/example_dags/subdags/subdag.py
[2025-06-01T18:08:54.376+0200] {processor.py:841} WARNING - No viable dags retrieved from /home/lohit/miniconda3/envs/airflow-env/lib/python3.8/site-packages/airflow/example_dags/subdags/subdag.py
[2025-06-01T18:08:54.383+0200] {processor.py:179} INFO - Processing /home/lohit/miniconda3/envs/airflow-env/lib/python3.8/site-packages/airflow/example_dags/subdags/subdag.py took 0.012 seconds
[2025-06-01T18:09:42.477+0200] {processor.py:157} INFO - Started process (PID=28648) to work on /home/lohit/miniconda3/envs/airflow-env/lib/python3.8/site-packages/airflow/example_dags/subdags/subdag.py
[2025-06-01T18:09:42.480+0200] {processor.py:829} INFO - Processing file /home/lohit/miniconda3/envs/airflow-env/lib/python3.8/site-packages/airflow/example_dags/subdags/subdag.py for tasks to queue
[2025-06-01T18:09:42.481+0200] {logging_mixin.py:154} INFO - [2025-06-01T18:09:42.481+0200] {dagbag.py:536} INFO - Filling up the DagBag from /home/lohit/miniconda3/envs/airflow-env/lib/python3.8/site-packages/airflow/example_dags/subdags/subdag.py
[2025-06-01T18:09:42.483+0200] {processor.py:841} WARNING - No viable dags retrieved from /home/lohit/miniconda3/envs/airflow-env/lib/python3.8/site-packages/airflow/example_dags/subdags/subdag.py
[2025-06-01T18:09:42.490+0200] {processor.py:179} INFO - Processing /home/lohit/miniconda3/envs/airflow-env/lib/python3.8/site-packages/airflow/example_dags/subdags/subdag.py took 0.015 seconds
[2025-06-01T18:10:29.798+0200] {processor.py:157} INFO - Started process (PID=28728) to work on /home/lohit/miniconda3/envs/airflow-env/lib/python3.8/site-packages/airflow/example_dags/subdags/subdag.py
[2025-06-01T18:10:29.802+0200] {processor.py:829} INFO - Processing file /home/lohit/miniconda3/envs/airflow-env/lib/python3.8/site-packages/airflow/example_dags/subdags/subdag.py for tasks to queue
[2025-06-01T18:10:29.802+0200] {logging_mixin.py:154} INFO - [2025-06-01T18:10:29.802+0200] {dagbag.py:536} INFO - Filling up the DagBag from /home/lohit/miniconda3/envs/airflow-env/lib/python3.8/site-packages/airflow/example_dags/subdags/subdag.py
[2025-06-01T18:10:29.804+0200] {processor.py:841} WARNING - No viable dags retrieved from /home/lohit/miniconda3/envs/airflow-env/lib/python3.8/site-packages/airflow/example_dags/subdags/subdag.py
[2025-06-01T18:10:29.810+0200] {processor.py:179} INFO - Processing /home/lohit/miniconda3/envs/airflow-env/lib/python3.8/site-packages/airflow/example_dags/subdags/subdag.py took 0.014 seconds
[2025-06-01T18:11:16.641+0200] {processor.py:157} INFO - Started process (PID=28799) to work on /home/lohit/miniconda3/envs/airflow-env/lib/python3.8/site-packages/airflow/example_dags/subdags/subdag.py
[2025-06-01T18:11:16.644+0200] {processor.py:829} INFO - Processing file /home/lohit/miniconda3/envs/airflow-env/lib/python3.8/site-packages/airflow/example_dags/subdags/subdag.py for tasks to queue
[2025-06-01T18:11:16.645+0200] {logging_mixin.py:154} INFO - [2025-06-01T18:11:16.645+0200] {dagbag.py:536} INFO - Filling up the DagBag from /home/lohit/miniconda3/envs/airflow-env/lib/python3.8/site-packages/airflow/example_dags/subdags/subdag.py
[2025-06-01T18:11:16.646+0200] {processor.py:841} WARNING - No viable dags retrieved from /home/lohit/miniconda3/envs/airflow-env/lib/python3.8/site-packages/airflow/example_dags/subdags/subdag.py
[2025-06-01T18:11:16.653+0200] {processor.py:179} INFO - Processing /home/lohit/miniconda3/envs/airflow-env/lib/python3.8/site-packages/airflow/example_dags/subdags/subdag.py took 0.014 seconds
[2025-06-01T18:12:09.180+0200] {processor.py:157} INFO - Started process (PID=28873) to work on /home/lohit/miniconda3/envs/airflow-env/lib/python3.8/site-packages/airflow/example_dags/subdags/subdag.py
[2025-06-01T18:12:09.183+0200] {processor.py:829} INFO - Processing file /home/lohit/miniconda3/envs/airflow-env/lib/python3.8/site-packages/airflow/example_dags/subdags/subdag.py for tasks to queue
[2025-06-01T18:12:09.184+0200] {logging_mixin.py:154} INFO - [2025-06-01T18:12:09.183+0200] {dagbag.py:536} INFO - Filling up the DagBag from /home/lohit/miniconda3/envs/airflow-env/lib/python3.8/site-packages/airflow/example_dags/subdags/subdag.py
[2025-06-01T18:12:09.185+0200] {processor.py:841} WARNING - No viable dags retrieved from /home/lohit/miniconda3/envs/airflow-env/lib/python3.8/site-packages/airflow/example_dags/subdags/subdag.py
[2025-06-01T18:12:09.193+0200] {processor.py:179} INFO - Processing /home/lohit/miniconda3/envs/airflow-env/lib/python3.8/site-packages/airflow/example_dags/subdags/subdag.py took 0.015 seconds
[2025-06-01T18:12:58.097+0200] {processor.py:157} INFO - Started process (PID=28951) to work on /home/lohit/miniconda3/envs/airflow-env/lib/python3.8/site-packages/airflow/example_dags/subdags/subdag.py
[2025-06-01T18:12:58.098+0200] {processor.py:829} INFO - Processing file /home/lohit/miniconda3/envs/airflow-env/lib/python3.8/site-packages/airflow/example_dags/subdags/subdag.py for tasks to queue
[2025-06-01T18:12:58.099+0200] {logging_mixin.py:154} INFO - [2025-06-01T18:12:58.099+0200] {dagbag.py:536} INFO - Filling up the DagBag from /home/lohit/miniconda3/envs/airflow-env/lib/python3.8/site-packages/airflow/example_dags/subdags/subdag.py
[2025-06-01T18:12:58.100+0200] {processor.py:841} WARNING - No viable dags retrieved from /home/lohit/miniconda3/envs/airflow-env/lib/python3.8/site-packages/airflow/example_dags/subdags/subdag.py
[2025-06-01T18:12:58.107+0200] {processor.py:179} INFO - Processing /home/lohit/miniconda3/envs/airflow-env/lib/python3.8/site-packages/airflow/example_dags/subdags/subdag.py took 0.012 seconds
[2025-06-01T18:13:45.746+0200] {processor.py:157} INFO - Started process (PID=29021) to work on /home/lohit/miniconda3/envs/airflow-env/lib/python3.8/site-packages/airflow/example_dags/subdags/subdag.py
[2025-06-01T18:13:45.749+0200] {processor.py:829} INFO - Processing file /home/lohit/miniconda3/envs/airflow-env/lib/python3.8/site-packages/airflow/example_dags/subdags/subdag.py for tasks to queue
[2025-06-01T18:13:45.750+0200] {logging_mixin.py:154} INFO - [2025-06-01T18:13:45.749+0200] {dagbag.py:536} INFO - Filling up the DagBag from /home/lohit/miniconda3/envs/airflow-env/lib/python3.8/site-packages/airflow/example_dags/subdags/subdag.py
[2025-06-01T18:13:45.751+0200] {processor.py:841} WARNING - No viable dags retrieved from /home/lohit/miniconda3/envs/airflow-env/lib/python3.8/site-packages/airflow/example_dags/subdags/subdag.py
[2025-06-01T18:13:45.758+0200] {processor.py:179} INFO - Processing /home/lohit/miniconda3/envs/airflow-env/lib/python3.8/site-packages/airflow/example_dags/subdags/subdag.py took 0.015 seconds
[2025-06-01T18:14:28.043+0200] {processor.py:157} INFO - Started process (PID=29089) to work on /home/lohit/miniconda3/envs/airflow-env/lib/python3.8/site-packages/airflow/example_dags/subdags/subdag.py
[2025-06-01T18:14:28.047+0200] {processor.py:829} INFO - Processing file /home/lohit/miniconda3/envs/airflow-env/lib/python3.8/site-packages/airflow/example_dags/subdags/subdag.py for tasks to queue
[2025-06-01T18:14:28.047+0200] {logging_mixin.py:154} INFO - [2025-06-01T18:14:28.047+0200] {dagbag.py:536} INFO - Filling up the DagBag from /home/lohit/miniconda3/envs/airflow-env/lib/python3.8/site-packages/airflow/example_dags/subdags/subdag.py
[2025-06-01T18:14:28.049+0200] {processor.py:841} WARNING - No viable dags retrieved from /home/lohit/miniconda3/envs/airflow-env/lib/python3.8/site-packages/airflow/example_dags/subdags/subdag.py
[2025-06-01T18:14:28.056+0200] {processor.py:179} INFO - Processing /home/lohit/miniconda3/envs/airflow-env/lib/python3.8/site-packages/airflow/example_dags/subdags/subdag.py took 0.015 seconds
[2025-06-01T18:15:16.555+0200] {processor.py:157} INFO - Started process (PID=29159) to work on /home/lohit/miniconda3/envs/airflow-env/lib/python3.8/site-packages/airflow/example_dags/subdags/subdag.py
[2025-06-01T18:15:16.558+0200] {processor.py:829} INFO - Processing file /home/lohit/miniconda3/envs/airflow-env/lib/python3.8/site-packages/airflow/example_dags/subdags/subdag.py for tasks to queue
[2025-06-01T18:15:16.559+0200] {logging_mixin.py:154} INFO - [2025-06-01T18:15:16.559+0200] {dagbag.py:536} INFO - Filling up the DagBag from /home/lohit/miniconda3/envs/airflow-env/lib/python3.8/site-packages/airflow/example_dags/subdags/subdag.py
[2025-06-01T18:15:16.560+0200] {processor.py:841} WARNING - No viable dags retrieved from /home/lohit/miniconda3/envs/airflow-env/lib/python3.8/site-packages/airflow/example_dags/subdags/subdag.py
[2025-06-01T18:15:16.567+0200] {processor.py:179} INFO - Processing /home/lohit/miniconda3/envs/airflow-env/lib/python3.8/site-packages/airflow/example_dags/subdags/subdag.py took 0.014 seconds
[2025-06-01T18:16:05.605+0200] {processor.py:157} INFO - Started process (PID=29231) to work on /home/lohit/miniconda3/envs/airflow-env/lib/python3.8/site-packages/airflow/example_dags/subdags/subdag.py
[2025-06-01T18:16:05.608+0200] {processor.py:829} INFO - Processing file /home/lohit/miniconda3/envs/airflow-env/lib/python3.8/site-packages/airflow/example_dags/subdags/subdag.py for tasks to queue
[2025-06-01T18:16:05.609+0200] {logging_mixin.py:154} INFO - [2025-06-01T18:16:05.609+0200] {dagbag.py:536} INFO - Filling up the DagBag from /home/lohit/miniconda3/envs/airflow-env/lib/python3.8/site-packages/airflow/example_dags/subdags/subdag.py
[2025-06-01T18:16:05.610+0200] {processor.py:841} WARNING - No viable dags retrieved from /home/lohit/miniconda3/envs/airflow-env/lib/python3.8/site-packages/airflow/example_dags/subdags/subdag.py
[2025-06-01T18:16:05.617+0200] {processor.py:179} INFO - Processing /home/lohit/miniconda3/envs/airflow-env/lib/python3.8/site-packages/airflow/example_dags/subdags/subdag.py took 0.014 seconds
[2025-06-01T18:16:53.797+0200] {processor.py:157} INFO - Started process (PID=29303) to work on /home/lohit/miniconda3/envs/airflow-env/lib/python3.8/site-packages/airflow/example_dags/subdags/subdag.py
[2025-06-01T18:16:53.799+0200] {processor.py:829} INFO - Processing file /home/lohit/miniconda3/envs/airflow-env/lib/python3.8/site-packages/airflow/example_dags/subdags/subdag.py for tasks to queue
[2025-06-01T18:16:53.799+0200] {logging_mixin.py:154} INFO - [2025-06-01T18:16:53.799+0200] {dagbag.py:536} INFO - Filling up the DagBag from /home/lohit/miniconda3/envs/airflow-env/lib/python3.8/site-packages/airflow/example_dags/subdags/subdag.py
[2025-06-01T18:16:53.801+0200] {processor.py:841} WARNING - No viable dags retrieved from /home/lohit/miniconda3/envs/airflow-env/lib/python3.8/site-packages/airflow/example_dags/subdags/subdag.py
[2025-06-01T18:16:53.807+0200] {processor.py:179} INFO - Processing /home/lohit/miniconda3/envs/airflow-env/lib/python3.8/site-packages/airflow/example_dags/subdags/subdag.py took 0.011 seconds
[2025-06-01T18:17:40.794+0200] {processor.py:157} INFO - Started process (PID=29377) to work on /home/lohit/miniconda3/envs/airflow-env/lib/python3.8/site-packages/airflow/example_dags/subdags/subdag.py
[2025-06-01T18:17:40.798+0200] {processor.py:829} INFO - Processing file /home/lohit/miniconda3/envs/airflow-env/lib/python3.8/site-packages/airflow/example_dags/subdags/subdag.py for tasks to queue
[2025-06-01T18:17:40.798+0200] {logging_mixin.py:154} INFO - [2025-06-01T18:17:40.798+0200] {dagbag.py:536} INFO - Filling up the DagBag from /home/lohit/miniconda3/envs/airflow-env/lib/python3.8/site-packages/airflow/example_dags/subdags/subdag.py
[2025-06-01T18:17:40.800+0200] {processor.py:841} WARNING - No viable dags retrieved from /home/lohit/miniconda3/envs/airflow-env/lib/python3.8/site-packages/airflow/example_dags/subdags/subdag.py
[2025-06-01T18:17:40.807+0200] {processor.py:179} INFO - Processing /home/lohit/miniconda3/envs/airflow-env/lib/python3.8/site-packages/airflow/example_dags/subdags/subdag.py took 0.016 seconds
[2025-06-01T18:18:37.485+0200] {processor.py:157} INFO - Started process (PID=29456) to work on /home/lohit/miniconda3/envs/airflow-env/lib/python3.8/site-packages/airflow/example_dags/subdags/subdag.py
[2025-06-01T18:18:37.486+0200] {processor.py:829} INFO - Processing file /home/lohit/miniconda3/envs/airflow-env/lib/python3.8/site-packages/airflow/example_dags/subdags/subdag.py for tasks to queue
[2025-06-01T18:18:37.487+0200] {logging_mixin.py:154} INFO - [2025-06-01T18:18:37.486+0200] {dagbag.py:536} INFO - Filling up the DagBag from /home/lohit/miniconda3/envs/airflow-env/lib/python3.8/site-packages/airflow/example_dags/subdags/subdag.py
[2025-06-01T18:18:37.488+0200] {processor.py:841} WARNING - No viable dags retrieved from /home/lohit/miniconda3/envs/airflow-env/lib/python3.8/site-packages/airflow/example_dags/subdags/subdag.py
[2025-06-01T18:18:37.495+0200] {processor.py:179} INFO - Processing /home/lohit/miniconda3/envs/airflow-env/lib/python3.8/site-packages/airflow/example_dags/subdags/subdag.py took 0.013 seconds
[2025-06-01T18:19:23.678+0200] {processor.py:157} INFO - Started process (PID=29525) to work on /home/lohit/miniconda3/envs/airflow-env/lib/python3.8/site-packages/airflow/example_dags/subdags/subdag.py
[2025-06-01T18:19:23.681+0200] {processor.py:829} INFO - Processing file /home/lohit/miniconda3/envs/airflow-env/lib/python3.8/site-packages/airflow/example_dags/subdags/subdag.py for tasks to queue
[2025-06-01T18:19:23.682+0200] {logging_mixin.py:154} INFO - [2025-06-01T18:19:23.682+0200] {dagbag.py:536} INFO - Filling up the DagBag from /home/lohit/miniconda3/envs/airflow-env/lib/python3.8/site-packages/airflow/example_dags/subdags/subdag.py
[2025-06-01T18:19:23.684+0200] {processor.py:841} WARNING - No viable dags retrieved from /home/lohit/miniconda3/envs/airflow-env/lib/python3.8/site-packages/airflow/example_dags/subdags/subdag.py
[2025-06-01T18:19:23.691+0200] {processor.py:179} INFO - Processing /home/lohit/miniconda3/envs/airflow-env/lib/python3.8/site-packages/airflow/example_dags/subdags/subdag.py took 0.015 seconds
[2025-06-01T18:20:12.416+0200] {processor.py:157} INFO - Started process (PID=29596) to work on /home/lohit/miniconda3/envs/airflow-env/lib/python3.8/site-packages/airflow/example_dags/subdags/subdag.py
[2025-06-01T18:20:12.419+0200] {processor.py:829} INFO - Processing file /home/lohit/miniconda3/envs/airflow-env/lib/python3.8/site-packages/airflow/example_dags/subdags/subdag.py for tasks to queue
[2025-06-01T18:20:12.420+0200] {logging_mixin.py:154} INFO - [2025-06-01T18:20:12.419+0200] {dagbag.py:536} INFO - Filling up the DagBag from /home/lohit/miniconda3/envs/airflow-env/lib/python3.8/site-packages/airflow/example_dags/subdags/subdag.py
[2025-06-01T18:20:12.421+0200] {processor.py:841} WARNING - No viable dags retrieved from /home/lohit/miniconda3/envs/airflow-env/lib/python3.8/site-packages/airflow/example_dags/subdags/subdag.py
[2025-06-01T18:20:12.428+0200] {processor.py:179} INFO - Processing /home/lohit/miniconda3/envs/airflow-env/lib/python3.8/site-packages/airflow/example_dags/subdags/subdag.py took 0.015 seconds
[2025-06-01T18:21:01.595+0200] {processor.py:157} INFO - Started process (PID=29668) to work on /home/lohit/miniconda3/envs/airflow-env/lib/python3.8/site-packages/airflow/example_dags/subdags/subdag.py
[2025-06-01T18:21:01.598+0200] {processor.py:829} INFO - Processing file /home/lohit/miniconda3/envs/airflow-env/lib/python3.8/site-packages/airflow/example_dags/subdags/subdag.py for tasks to queue
[2025-06-01T18:21:01.599+0200] {logging_mixin.py:154} INFO - [2025-06-01T18:21:01.598+0200] {dagbag.py:536} INFO - Filling up the DagBag from /home/lohit/miniconda3/envs/airflow-env/lib/python3.8/site-packages/airflow/example_dags/subdags/subdag.py
[2025-06-01T18:21:01.600+0200] {processor.py:841} WARNING - No viable dags retrieved from /home/lohit/miniconda3/envs/airflow-env/lib/python3.8/site-packages/airflow/example_dags/subdags/subdag.py
[2025-06-01T18:21:01.607+0200] {processor.py:179} INFO - Processing /home/lohit/miniconda3/envs/airflow-env/lib/python3.8/site-packages/airflow/example_dags/subdags/subdag.py took 0.014 seconds
[2025-06-01T18:21:49.955+0200] {processor.py:157} INFO - Started process (PID=29738) to work on /home/lohit/miniconda3/envs/airflow-env/lib/python3.8/site-packages/airflow/example_dags/subdags/subdag.py
[2025-06-01T18:21:49.957+0200] {processor.py:829} INFO - Processing file /home/lohit/miniconda3/envs/airflow-env/lib/python3.8/site-packages/airflow/example_dags/subdags/subdag.py for tasks to queue
[2025-06-01T18:21:49.957+0200] {logging_mixin.py:154} INFO - [2025-06-01T18:21:49.957+0200] {dagbag.py:536} INFO - Filling up the DagBag from /home/lohit/miniconda3/envs/airflow-env/lib/python3.8/site-packages/airflow/example_dags/subdags/subdag.py
[2025-06-01T18:21:49.959+0200] {processor.py:841} WARNING - No viable dags retrieved from /home/lohit/miniconda3/envs/airflow-env/lib/python3.8/site-packages/airflow/example_dags/subdags/subdag.py
[2025-06-01T18:21:49.965+0200] {processor.py:179} INFO - Processing /home/lohit/miniconda3/envs/airflow-env/lib/python3.8/site-packages/airflow/example_dags/subdags/subdag.py took 0.013 seconds
[2025-06-01T18:22:35.038+0200] {processor.py:157} INFO - Started process (PID=29807) to work on /home/lohit/miniconda3/envs/airflow-env/lib/python3.8/site-packages/airflow/example_dags/subdags/subdag.py
[2025-06-01T18:22:35.042+0200] {processor.py:829} INFO - Processing file /home/lohit/miniconda3/envs/airflow-env/lib/python3.8/site-packages/airflow/example_dags/subdags/subdag.py for tasks to queue
[2025-06-01T18:22:35.043+0200] {logging_mixin.py:154} INFO - [2025-06-01T18:22:35.043+0200] {dagbag.py:536} INFO - Filling up the DagBag from /home/lohit/miniconda3/envs/airflow-env/lib/python3.8/site-packages/airflow/example_dags/subdags/subdag.py
[2025-06-01T18:22:35.044+0200] {processor.py:841} WARNING - No viable dags retrieved from /home/lohit/miniconda3/envs/airflow-env/lib/python3.8/site-packages/airflow/example_dags/subdags/subdag.py
[2025-06-01T18:22:35.052+0200] {processor.py:179} INFO - Processing /home/lohit/miniconda3/envs/airflow-env/lib/python3.8/site-packages/airflow/example_dags/subdags/subdag.py took 0.016 seconds
[2025-06-01T18:23:23.693+0200] {processor.py:157} INFO - Started process (PID=29878) to work on /home/lohit/miniconda3/envs/airflow-env/lib/python3.8/site-packages/airflow/example_dags/subdags/subdag.py
[2025-06-01T18:23:23.696+0200] {processor.py:829} INFO - Processing file /home/lohit/miniconda3/envs/airflow-env/lib/python3.8/site-packages/airflow/example_dags/subdags/subdag.py for tasks to queue
[2025-06-01T18:23:23.697+0200] {logging_mixin.py:154} INFO - [2025-06-01T18:23:23.696+0200] {dagbag.py:536} INFO - Filling up the DagBag from /home/lohit/miniconda3/envs/airflow-env/lib/python3.8/site-packages/airflow/example_dags/subdags/subdag.py
[2025-06-01T18:23:23.698+0200] {processor.py:841} WARNING - No viable dags retrieved from /home/lohit/miniconda3/envs/airflow-env/lib/python3.8/site-packages/airflow/example_dags/subdags/subdag.py
[2025-06-01T18:23:23.706+0200] {processor.py:179} INFO - Processing /home/lohit/miniconda3/envs/airflow-env/lib/python3.8/site-packages/airflow/example_dags/subdags/subdag.py took 0.016 seconds
[2025-06-01T18:24:11.770+0200] {processor.py:157} INFO - Started process (PID=29949) to work on /home/lohit/miniconda3/envs/airflow-env/lib/python3.8/site-packages/airflow/example_dags/subdags/subdag.py
[2025-06-01T18:24:11.773+0200] {processor.py:829} INFO - Processing file /home/lohit/miniconda3/envs/airflow-env/lib/python3.8/site-packages/airflow/example_dags/subdags/subdag.py for tasks to queue
[2025-06-01T18:24:11.774+0200] {logging_mixin.py:154} INFO - [2025-06-01T18:24:11.774+0200] {dagbag.py:536} INFO - Filling up the DagBag from /home/lohit/miniconda3/envs/airflow-env/lib/python3.8/site-packages/airflow/example_dags/subdags/subdag.py
[2025-06-01T18:24:11.775+0200] {processor.py:841} WARNING - No viable dags retrieved from /home/lohit/miniconda3/envs/airflow-env/lib/python3.8/site-packages/airflow/example_dags/subdags/subdag.py
[2025-06-01T18:24:11.781+0200] {processor.py:179} INFO - Processing /home/lohit/miniconda3/envs/airflow-env/lib/python3.8/site-packages/airflow/example_dags/subdags/subdag.py took 0.013 seconds
[2025-06-01T18:24:58.020+0200] {processor.py:157} INFO - Started process (PID=30018) to work on /home/lohit/miniconda3/envs/airflow-env/lib/python3.8/site-packages/airflow/example_dags/subdags/subdag.py
[2025-06-01T18:24:58.022+0200] {processor.py:829} INFO - Processing file /home/lohit/miniconda3/envs/airflow-env/lib/python3.8/site-packages/airflow/example_dags/subdags/subdag.py for tasks to queue
[2025-06-01T18:24:58.023+0200] {logging_mixin.py:154} INFO - [2025-06-01T18:24:58.022+0200] {dagbag.py:536} INFO - Filling up the DagBag from /home/lohit/miniconda3/envs/airflow-env/lib/python3.8/site-packages/airflow/example_dags/subdags/subdag.py
[2025-06-01T18:24:58.024+0200] {processor.py:841} WARNING - No viable dags retrieved from /home/lohit/miniconda3/envs/airflow-env/lib/python3.8/site-packages/airflow/example_dags/subdags/subdag.py
[2025-06-01T18:24:58.031+0200] {processor.py:179} INFO - Processing /home/lohit/miniconda3/envs/airflow-env/lib/python3.8/site-packages/airflow/example_dags/subdags/subdag.py took 0.012 seconds
[2025-06-01T18:25:46.930+0200] {processor.py:157} INFO - Started process (PID=30089) to work on /home/lohit/miniconda3/envs/airflow-env/lib/python3.8/site-packages/airflow/example_dags/subdags/subdag.py
[2025-06-01T18:25:46.934+0200] {processor.py:829} INFO - Processing file /home/lohit/miniconda3/envs/airflow-env/lib/python3.8/site-packages/airflow/example_dags/subdags/subdag.py for tasks to queue
[2025-06-01T18:25:46.935+0200] {logging_mixin.py:154} INFO - [2025-06-01T18:25:46.934+0200] {dagbag.py:536} INFO - Filling up the DagBag from /home/lohit/miniconda3/envs/airflow-env/lib/python3.8/site-packages/airflow/example_dags/subdags/subdag.py
[2025-06-01T18:25:46.936+0200] {processor.py:841} WARNING - No viable dags retrieved from /home/lohit/miniconda3/envs/airflow-env/lib/python3.8/site-packages/airflow/example_dags/subdags/subdag.py
[2025-06-01T18:25:46.943+0200] {processor.py:179} INFO - Processing /home/lohit/miniconda3/envs/airflow-env/lib/python3.8/site-packages/airflow/example_dags/subdags/subdag.py took 0.015 seconds
[2025-06-01T18:26:31.886+0200] {processor.py:157} INFO - Started process (PID=30158) to work on /home/lohit/miniconda3/envs/airflow-env/lib/python3.8/site-packages/airflow/example_dags/subdags/subdag.py
[2025-06-01T18:26:31.887+0200] {processor.py:829} INFO - Processing file /home/lohit/miniconda3/envs/airflow-env/lib/python3.8/site-packages/airflow/example_dags/subdags/subdag.py for tasks to queue
[2025-06-01T18:26:31.888+0200] {logging_mixin.py:154} INFO - [2025-06-01T18:26:31.887+0200] {dagbag.py:536} INFO - Filling up the DagBag from /home/lohit/miniconda3/envs/airflow-env/lib/python3.8/site-packages/airflow/example_dags/subdags/subdag.py
[2025-06-01T18:26:31.889+0200] {processor.py:841} WARNING - No viable dags retrieved from /home/lohit/miniconda3/envs/airflow-env/lib/python3.8/site-packages/airflow/example_dags/subdags/subdag.py
[2025-06-01T18:26:31.896+0200] {processor.py:179} INFO - Processing /home/lohit/miniconda3/envs/airflow-env/lib/python3.8/site-packages/airflow/example_dags/subdags/subdag.py took 0.013 seconds
[2025-06-01T18:27:18.383+0200] {processor.py:157} INFO - Started process (PID=30229) to work on /home/lohit/miniconda3/envs/airflow-env/lib/python3.8/site-packages/airflow/example_dags/subdags/subdag.py
[2025-06-01T18:27:18.387+0200] {processor.py:829} INFO - Processing file /home/lohit/miniconda3/envs/airflow-env/lib/python3.8/site-packages/airflow/example_dags/subdags/subdag.py for tasks to queue
[2025-06-01T18:27:18.388+0200] {logging_mixin.py:154} INFO - [2025-06-01T18:27:18.387+0200] {dagbag.py:536} INFO - Filling up the DagBag from /home/lohit/miniconda3/envs/airflow-env/lib/python3.8/site-packages/airflow/example_dags/subdags/subdag.py
[2025-06-01T18:27:18.389+0200] {processor.py:841} WARNING - No viable dags retrieved from /home/lohit/miniconda3/envs/airflow-env/lib/python3.8/site-packages/airflow/example_dags/subdags/subdag.py
[2025-06-01T18:27:18.396+0200] {processor.py:179} INFO - Processing /home/lohit/miniconda3/envs/airflow-env/lib/python3.8/site-packages/airflow/example_dags/subdags/subdag.py took 0.015 seconds
[2025-06-01T18:28:04.566+0200] {processor.py:157} INFO - Started process (PID=30297) to work on /home/lohit/miniconda3/envs/airflow-env/lib/python3.8/site-packages/airflow/example_dags/subdags/subdag.py
[2025-06-01T18:28:04.569+0200] {processor.py:829} INFO - Processing file /home/lohit/miniconda3/envs/airflow-env/lib/python3.8/site-packages/airflow/example_dags/subdags/subdag.py for tasks to queue
[2025-06-01T18:28:04.570+0200] {logging_mixin.py:154} INFO - [2025-06-01T18:28:04.570+0200] {dagbag.py:536} INFO - Filling up the DagBag from /home/lohit/miniconda3/envs/airflow-env/lib/python3.8/site-packages/airflow/example_dags/subdags/subdag.py
[2025-06-01T18:28:04.571+0200] {processor.py:841} WARNING - No viable dags retrieved from /home/lohit/miniconda3/envs/airflow-env/lib/python3.8/site-packages/airflow/example_dags/subdags/subdag.py
[2025-06-01T18:28:04.577+0200] {processor.py:179} INFO - Processing /home/lohit/miniconda3/envs/airflow-env/lib/python3.8/site-packages/airflow/example_dags/subdags/subdag.py took 0.013 seconds
[2025-06-01T18:28:53.624+0200] {processor.py:157} INFO - Started process (PID=30369) to work on /home/lohit/miniconda3/envs/airflow-env/lib/python3.8/site-packages/airflow/example_dags/subdags/subdag.py
[2025-06-01T18:28:53.628+0200] {processor.py:829} INFO - Processing file /home/lohit/miniconda3/envs/airflow-env/lib/python3.8/site-packages/airflow/example_dags/subdags/subdag.py for tasks to queue
[2025-06-01T18:28:53.629+0200] {logging_mixin.py:154} INFO - [2025-06-01T18:28:53.628+0200] {dagbag.py:536} INFO - Filling up the DagBag from /home/lohit/miniconda3/envs/airflow-env/lib/python3.8/site-packages/airflow/example_dags/subdags/subdag.py
[2025-06-01T18:28:53.630+0200] {processor.py:841} WARNING - No viable dags retrieved from /home/lohit/miniconda3/envs/airflow-env/lib/python3.8/site-packages/airflow/example_dags/subdags/subdag.py
[2025-06-01T18:28:53.637+0200] {processor.py:179} INFO - Processing /home/lohit/miniconda3/envs/airflow-env/lib/python3.8/site-packages/airflow/example_dags/subdags/subdag.py took 0.014 seconds
[2025-06-01T18:29:38.133+0200] {processor.py:157} INFO - Started process (PID=30436) to work on /home/lohit/miniconda3/envs/airflow-env/lib/python3.8/site-packages/airflow/example_dags/subdags/subdag.py
[2025-06-01T18:29:38.136+0200] {processor.py:829} INFO - Processing file /home/lohit/miniconda3/envs/airflow-env/lib/python3.8/site-packages/airflow/example_dags/subdags/subdag.py for tasks to queue
[2025-06-01T18:29:38.137+0200] {logging_mixin.py:154} INFO - [2025-06-01T18:29:38.137+0200] {dagbag.py:536} INFO - Filling up the DagBag from /home/lohit/miniconda3/envs/airflow-env/lib/python3.8/site-packages/airflow/example_dags/subdags/subdag.py
[2025-06-01T18:29:38.139+0200] {processor.py:841} WARNING - No viable dags retrieved from /home/lohit/miniconda3/envs/airflow-env/lib/python3.8/site-packages/airflow/example_dags/subdags/subdag.py
[2025-06-01T18:29:38.147+0200] {processor.py:179} INFO - Processing /home/lohit/miniconda3/envs/airflow-env/lib/python3.8/site-packages/airflow/example_dags/subdags/subdag.py took 0.017 seconds
[2025-06-01T18:30:22.031+0200] {processor.py:157} INFO - Started process (PID=30505) to work on /home/lohit/miniconda3/envs/airflow-env/lib/python3.8/site-packages/airflow/example_dags/subdags/subdag.py
[2025-06-01T18:30:22.032+0200] {processor.py:829} INFO - Processing file /home/lohit/miniconda3/envs/airflow-env/lib/python3.8/site-packages/airflow/example_dags/subdags/subdag.py for tasks to queue
[2025-06-01T18:30:22.033+0200] {logging_mixin.py:154} INFO - [2025-06-01T18:30:22.033+0200] {dagbag.py:536} INFO - Filling up the DagBag from /home/lohit/miniconda3/envs/airflow-env/lib/python3.8/site-packages/airflow/example_dags/subdags/subdag.py
[2025-06-01T18:30:22.034+0200] {processor.py:841} WARNING - No viable dags retrieved from /home/lohit/miniconda3/envs/airflow-env/lib/python3.8/site-packages/airflow/example_dags/subdags/subdag.py
[2025-06-01T18:30:22.042+0200] {processor.py:179} INFO - Processing /home/lohit/miniconda3/envs/airflow-env/lib/python3.8/site-packages/airflow/example_dags/subdags/subdag.py took 0.013 seconds
[2025-06-01T18:31:08.079+0200] {processor.py:157} INFO - Started process (PID=30574) to work on /home/lohit/miniconda3/envs/airflow-env/lib/python3.8/site-packages/airflow/example_dags/subdags/subdag.py
[2025-06-01T18:31:08.083+0200] {processor.py:829} INFO - Processing file /home/lohit/miniconda3/envs/airflow-env/lib/python3.8/site-packages/airflow/example_dags/subdags/subdag.py for tasks to queue
[2025-06-01T18:31:08.083+0200] {logging_mixin.py:154} INFO - [2025-06-01T18:31:08.083+0200] {dagbag.py:536} INFO - Filling up the DagBag from /home/lohit/miniconda3/envs/airflow-env/lib/python3.8/site-packages/airflow/example_dags/subdags/subdag.py
[2025-06-01T18:31:08.085+0200] {processor.py:841} WARNING - No viable dags retrieved from /home/lohit/miniconda3/envs/airflow-env/lib/python3.8/site-packages/airflow/example_dags/subdags/subdag.py
[2025-06-01T18:31:08.091+0200] {processor.py:179} INFO - Processing /home/lohit/miniconda3/envs/airflow-env/lib/python3.8/site-packages/airflow/example_dags/subdags/subdag.py took 0.014 seconds
[2025-06-01T18:31:53.171+0200] {processor.py:157} INFO - Started process (PID=30643) to work on /home/lohit/miniconda3/envs/airflow-env/lib/python3.8/site-packages/airflow/example_dags/subdags/subdag.py
[2025-06-01T18:31:53.175+0200] {processor.py:829} INFO - Processing file /home/lohit/miniconda3/envs/airflow-env/lib/python3.8/site-packages/airflow/example_dags/subdags/subdag.py for tasks to queue
[2025-06-01T18:31:53.176+0200] {logging_mixin.py:154} INFO - [2025-06-01T18:31:53.175+0200] {dagbag.py:536} INFO - Filling up the DagBag from /home/lohit/miniconda3/envs/airflow-env/lib/python3.8/site-packages/airflow/example_dags/subdags/subdag.py
[2025-06-01T18:31:53.178+0200] {processor.py:841} WARNING - No viable dags retrieved from /home/lohit/miniconda3/envs/airflow-env/lib/python3.8/site-packages/airflow/example_dags/subdags/subdag.py
[2025-06-01T18:31:53.184+0200] {processor.py:179} INFO - Processing /home/lohit/miniconda3/envs/airflow-env/lib/python3.8/site-packages/airflow/example_dags/subdags/subdag.py took 0.015 seconds
[2025-06-01T18:32:37.261+0200] {processor.py:157} INFO - Started process (PID=30711) to work on /home/lohit/miniconda3/envs/airflow-env/lib/python3.8/site-packages/airflow/example_dags/subdags/subdag.py
[2025-06-01T18:32:37.264+0200] {processor.py:829} INFO - Processing file /home/lohit/miniconda3/envs/airflow-env/lib/python3.8/site-packages/airflow/example_dags/subdags/subdag.py for tasks to queue
[2025-06-01T18:32:37.265+0200] {logging_mixin.py:154} INFO - [2025-06-01T18:32:37.265+0200] {dagbag.py:536} INFO - Filling up the DagBag from /home/lohit/miniconda3/envs/airflow-env/lib/python3.8/site-packages/airflow/example_dags/subdags/subdag.py
[2025-06-01T18:32:37.266+0200] {processor.py:841} WARNING - No viable dags retrieved from /home/lohit/miniconda3/envs/airflow-env/lib/python3.8/site-packages/airflow/example_dags/subdags/subdag.py
[2025-06-01T18:32:37.273+0200] {processor.py:179} INFO - Processing /home/lohit/miniconda3/envs/airflow-env/lib/python3.8/site-packages/airflow/example_dags/subdags/subdag.py took 0.014 seconds
[2025-06-01T18:33:21.780+0200] {processor.py:157} INFO - Started process (PID=30779) to work on /home/lohit/miniconda3/envs/airflow-env/lib/python3.8/site-packages/airflow/example_dags/subdags/subdag.py
[2025-06-01T18:33:21.781+0200] {processor.py:829} INFO - Processing file /home/lohit/miniconda3/envs/airflow-env/lib/python3.8/site-packages/airflow/example_dags/subdags/subdag.py for tasks to queue
[2025-06-01T18:33:21.782+0200] {logging_mixin.py:154} INFO - [2025-06-01T18:33:21.782+0200] {dagbag.py:536} INFO - Filling up the DagBag from /home/lohit/miniconda3/envs/airflow-env/lib/python3.8/site-packages/airflow/example_dags/subdags/subdag.py
[2025-06-01T18:33:21.784+0200] {processor.py:841} WARNING - No viable dags retrieved from /home/lohit/miniconda3/envs/airflow-env/lib/python3.8/site-packages/airflow/example_dags/subdags/subdag.py
[2025-06-01T18:33:21.792+0200] {processor.py:179} INFO - Processing /home/lohit/miniconda3/envs/airflow-env/lib/python3.8/site-packages/airflow/example_dags/subdags/subdag.py took 0.014 seconds
[2025-06-01T18:34:13.591+0200] {processor.py:157} INFO - Started process (PID=30852) to work on /home/lohit/miniconda3/envs/airflow-env/lib/python3.8/site-packages/airflow/example_dags/subdags/subdag.py
[2025-06-01T18:34:13.593+0200] {processor.py:829} INFO - Processing file /home/lohit/miniconda3/envs/airflow-env/lib/python3.8/site-packages/airflow/example_dags/subdags/subdag.py for tasks to queue
[2025-06-01T18:34:13.593+0200] {logging_mixin.py:154} INFO - [2025-06-01T18:34:13.593+0200] {dagbag.py:536} INFO - Filling up the DagBag from /home/lohit/miniconda3/envs/airflow-env/lib/python3.8/site-packages/airflow/example_dags/subdags/subdag.py
[2025-06-01T18:34:13.595+0200] {processor.py:841} WARNING - No viable dags retrieved from /home/lohit/miniconda3/envs/airflow-env/lib/python3.8/site-packages/airflow/example_dags/subdags/subdag.py
[2025-06-01T18:34:13.602+0200] {processor.py:179} INFO - Processing /home/lohit/miniconda3/envs/airflow-env/lib/python3.8/site-packages/airflow/example_dags/subdags/subdag.py took 0.013 seconds
[2025-06-01T18:34:58.846+0200] {processor.py:157} INFO - Started process (PID=31637) to work on /home/lohit/miniconda3/envs/airflow-env/lib/python3.8/site-packages/airflow/example_dags/subdags/subdag.py
[2025-06-01T18:34:58.848+0200] {processor.py:829} INFO - Processing file /home/lohit/miniconda3/envs/airflow-env/lib/python3.8/site-packages/airflow/example_dags/subdags/subdag.py for tasks to queue
[2025-06-01T18:34:58.848+0200] {logging_mixin.py:154} INFO - [2025-06-01T18:34:58.848+0200] {dagbag.py:536} INFO - Filling up the DagBag from /home/lohit/miniconda3/envs/airflow-env/lib/python3.8/site-packages/airflow/example_dags/subdags/subdag.py
[2025-06-01T18:34:58.850+0200] {processor.py:841} WARNING - No viable dags retrieved from /home/lohit/miniconda3/envs/airflow-env/lib/python3.8/site-packages/airflow/example_dags/subdags/subdag.py
[2025-06-01T18:34:58.856+0200] {processor.py:179} INFO - Processing /home/lohit/miniconda3/envs/airflow-env/lib/python3.8/site-packages/airflow/example_dags/subdags/subdag.py took 0.012 seconds
