[2025-06-01T17:52:02.926+0200] {processor.py:157} INFO - Started process (PID=26837) to work on /home/lohit/miniconda3/envs/airflow-env/lib/python3.8/site-packages/airflow/example_dags/example_task_group_decorator.py
[2025-06-01T17:52:02.926+0200] {processor.py:829} INFO - Processing file /home/lohit/miniconda3/envs/airflow-env/lib/python3.8/site-packages/airflow/example_dags/example_task_group_decorator.py for tasks to queue
[2025-06-01T17:52:02.927+0200] {logging_mixin.py:154} INFO - [2025-06-01T17:52:02.927+0200] {dagbag.py:536} INFO - Filling up the DagBag from /home/lohit/miniconda3/envs/airflow-env/lib/python3.8/site-packages/airflow/example_dags/example_task_group_decorator.py
[2025-06-01T17:52:02.935+0200] {processor.py:839} INFO - DAG(s) dict_keys(['example_task_group_decorator']) retrieved from /home/lohit/miniconda3/envs/airflow-env/lib/python3.8/site-packages/airflow/example_dags/example_task_group_decorator.py
[2025-06-01T17:52:02.954+0200] {logging_mixin.py:154} INFO - [2025-06-01T17:52:02.954+0200] {dag.py:2941} INFO - Sync 1 DAGs
[2025-06-01T17:52:02.970+0200] {logging_mixin.py:154} INFO - [2025-06-01T17:52:02.970+0200] {dag.py:3722} INFO - Setting next_dagrun for example_task_group_decorator to 2025-05-31T15:52:02.970157+00:00, run_after=2025-06-01T15:52:02.970157+00:00
[2025-06-01T17:52:02.988+0200] {processor.py:179} INFO - Processing /home/lohit/miniconda3/envs/airflow-env/lib/python3.8/site-packages/airflow/example_dags/example_task_group_decorator.py took 0.064 seconds
[2025-06-01T17:53:30.159+0200] {processor.py:157} INFO - Started process (PID=27126) to work on /home/lohit/miniconda3/envs/airflow-env/lib/python3.8/site-packages/airflow/example_dags/example_task_group_decorator.py
[2025-06-01T17:53:30.163+0200] {processor.py:829} INFO - Processing file /home/lohit/miniconda3/envs/airflow-env/lib/python3.8/site-packages/airflow/example_dags/example_task_group_decorator.py for tasks to queue
[2025-06-01T17:53:30.163+0200] {logging_mixin.py:154} INFO - [2025-06-01T17:53:30.163+0200] {dagbag.py:536} INFO - Filling up the DagBag from /home/lohit/miniconda3/envs/airflow-env/lib/python3.8/site-packages/airflow/example_dags/example_task_group_decorator.py
[2025-06-01T17:53:30.172+0200] {processor.py:839} INFO - DAG(s) dict_keys(['example_task_group_decorator']) retrieved from /home/lohit/miniconda3/envs/airflow-env/lib/python3.8/site-packages/airflow/example_dags/example_task_group_decorator.py
[2025-06-01T17:53:30.183+0200] {logging_mixin.py:154} INFO - [2025-06-01T17:53:30.183+0200] {dag.py:2941} INFO - Sync 1 DAGs
[2025-06-01T17:53:30.194+0200] {logging_mixin.py:154} INFO - [2025-06-01T17:53:30.194+0200] {dag.py:3722} INFO - Setting next_dagrun for example_task_group_decorator to 2025-05-31T15:53:30.194375+00:00, run_after=2025-06-01T15:53:30.194375+00:00
[2025-06-01T17:53:30.210+0200] {processor.py:179} INFO - Processing /home/lohit/miniconda3/envs/airflow-env/lib/python3.8/site-packages/airflow/example_dags/example_task_group_decorator.py took 0.052 seconds
[2025-06-01T17:54:14.231+0200] {processor.py:157} INFO - Started process (PID=27194) to work on /home/lohit/miniconda3/envs/airflow-env/lib/python3.8/site-packages/airflow/example_dags/example_task_group_decorator.py
[2025-06-01T17:54:14.232+0200] {processor.py:829} INFO - Processing file /home/lohit/miniconda3/envs/airflow-env/lib/python3.8/site-packages/airflow/example_dags/example_task_group_decorator.py for tasks to queue
[2025-06-01T17:54:14.233+0200] {logging_mixin.py:154} INFO - [2025-06-01T17:54:14.233+0200] {dagbag.py:536} INFO - Filling up the DagBag from /home/lohit/miniconda3/envs/airflow-env/lib/python3.8/site-packages/airflow/example_dags/example_task_group_decorator.py
[2025-06-01T17:54:14.240+0200] {processor.py:839} INFO - DAG(s) dict_keys(['example_task_group_decorator']) retrieved from /home/lohit/miniconda3/envs/airflow-env/lib/python3.8/site-packages/airflow/example_dags/example_task_group_decorator.py
[2025-06-01T17:54:14.250+0200] {logging_mixin.py:154} INFO - [2025-06-01T17:54:14.250+0200] {dag.py:2941} INFO - Sync 1 DAGs
[2025-06-01T17:54:14.260+0200] {logging_mixin.py:154} INFO - [2025-06-01T17:54:14.260+0200] {dag.py:3722} INFO - Setting next_dagrun for example_task_group_decorator to 2025-05-31T15:54:14.260185+00:00, run_after=2025-06-01T15:54:14.260185+00:00
[2025-06-01T17:54:14.275+0200] {processor.py:179} INFO - Processing /home/lohit/miniconda3/envs/airflow-env/lib/python3.8/site-packages/airflow/example_dags/example_task_group_decorator.py took 0.045 seconds
[2025-06-01T17:54:58.729+0200] {processor.py:157} INFO - Started process (PID=27260) to work on /home/lohit/miniconda3/envs/airflow-env/lib/python3.8/site-packages/airflow/example_dags/example_task_group_decorator.py
[2025-06-01T17:54:58.732+0200] {processor.py:829} INFO - Processing file /home/lohit/miniconda3/envs/airflow-env/lib/python3.8/site-packages/airflow/example_dags/example_task_group_decorator.py for tasks to queue
[2025-06-01T17:54:58.733+0200] {logging_mixin.py:154} INFO - [2025-06-01T17:54:58.732+0200] {dagbag.py:536} INFO - Filling up the DagBag from /home/lohit/miniconda3/envs/airflow-env/lib/python3.8/site-packages/airflow/example_dags/example_task_group_decorator.py
[2025-06-01T17:54:58.740+0200] {processor.py:839} INFO - DAG(s) dict_keys(['example_task_group_decorator']) retrieved from /home/lohit/miniconda3/envs/airflow-env/lib/python3.8/site-packages/airflow/example_dags/example_task_group_decorator.py
[2025-06-01T17:54:58.750+0200] {logging_mixin.py:154} INFO - [2025-06-01T17:54:58.750+0200] {dag.py:2941} INFO - Sync 1 DAGs
[2025-06-01T17:54:58.760+0200] {logging_mixin.py:154} INFO - [2025-06-01T17:54:58.760+0200] {dag.py:3722} INFO - Setting next_dagrun for example_task_group_decorator to 2025-05-31T15:54:58.760264+00:00, run_after=2025-06-01T15:54:58.760264+00:00
[2025-06-01T17:54:58.776+0200] {processor.py:179} INFO - Processing /home/lohit/miniconda3/envs/airflow-env/lib/python3.8/site-packages/airflow/example_dags/example_task_group_decorator.py took 0.049 seconds
[2025-06-01T17:55:46.707+0200] {processor.py:157} INFO - Started process (PID=27330) to work on /home/lohit/miniconda3/envs/airflow-env/lib/python3.8/site-packages/airflow/example_dags/example_task_group_decorator.py
[2025-06-01T17:55:46.708+0200] {processor.py:829} INFO - Processing file /home/lohit/miniconda3/envs/airflow-env/lib/python3.8/site-packages/airflow/example_dags/example_task_group_decorator.py for tasks to queue
[2025-06-01T17:55:46.709+0200] {logging_mixin.py:154} INFO - [2025-06-01T17:55:46.708+0200] {dagbag.py:536} INFO - Filling up the DagBag from /home/lohit/miniconda3/envs/airflow-env/lib/python3.8/site-packages/airflow/example_dags/example_task_group_decorator.py
[2025-06-01T17:55:46.717+0200] {processor.py:839} INFO - DAG(s) dict_keys(['example_task_group_decorator']) retrieved from /home/lohit/miniconda3/envs/airflow-env/lib/python3.8/site-packages/airflow/example_dags/example_task_group_decorator.py
[2025-06-01T17:55:46.727+0200] {logging_mixin.py:154} INFO - [2025-06-01T17:55:46.727+0200] {dag.py:2941} INFO - Sync 1 DAGs
[2025-06-01T17:55:46.739+0200] {logging_mixin.py:154} INFO - [2025-06-01T17:55:46.739+0200] {dag.py:3722} INFO - Setting next_dagrun for example_task_group_decorator to 2025-05-31T15:55:46.739220+00:00, run_after=2025-06-01T15:55:46.739220+00:00
[2025-06-01T17:55:46.756+0200] {processor.py:179} INFO - Processing /home/lohit/miniconda3/envs/airflow-env/lib/python3.8/site-packages/airflow/example_dags/example_task_group_decorator.py took 0.051 seconds
[2025-06-01T17:56:31.758+0200] {processor.py:157} INFO - Started process (PID=27400) to work on /home/lohit/miniconda3/envs/airflow-env/lib/python3.8/site-packages/airflow/example_dags/example_task_group_decorator.py
[2025-06-01T17:56:31.762+0200] {processor.py:829} INFO - Processing file /home/lohit/miniconda3/envs/airflow-env/lib/python3.8/site-packages/airflow/example_dags/example_task_group_decorator.py for tasks to queue
[2025-06-01T17:56:31.763+0200] {logging_mixin.py:154} INFO - [2025-06-01T17:56:31.763+0200] {dagbag.py:536} INFO - Filling up the DagBag from /home/lohit/miniconda3/envs/airflow-env/lib/python3.8/site-packages/airflow/example_dags/example_task_group_decorator.py
[2025-06-01T17:56:31.772+0200] {processor.py:839} INFO - DAG(s) dict_keys(['example_task_group_decorator']) retrieved from /home/lohit/miniconda3/envs/airflow-env/lib/python3.8/site-packages/airflow/example_dags/example_task_group_decorator.py
[2025-06-01T17:56:31.782+0200] {logging_mixin.py:154} INFO - [2025-06-01T17:56:31.782+0200] {dag.py:2941} INFO - Sync 1 DAGs
[2025-06-01T17:56:31.793+0200] {logging_mixin.py:154} INFO - [2025-06-01T17:56:31.793+0200] {dag.py:3722} INFO - Setting next_dagrun for example_task_group_decorator to 2025-05-31T15:56:31.793329+00:00, run_after=2025-06-01T15:56:31.793329+00:00
[2025-06-01T17:56:31.807+0200] {processor.py:179} INFO - Processing /home/lohit/miniconda3/envs/airflow-env/lib/python3.8/site-packages/airflow/example_dags/example_task_group_decorator.py took 0.050 seconds
[2025-06-01T17:57:21.279+0200] {processor.py:157} INFO - Started process (PID=27472) to work on /home/lohit/miniconda3/envs/airflow-env/lib/python3.8/site-packages/airflow/example_dags/example_task_group_decorator.py
[2025-06-01T17:57:21.282+0200] {processor.py:829} INFO - Processing file /home/lohit/miniconda3/envs/airflow-env/lib/python3.8/site-packages/airflow/example_dags/example_task_group_decorator.py for tasks to queue
[2025-06-01T17:57:21.283+0200] {logging_mixin.py:154} INFO - [2025-06-01T17:57:21.283+0200] {dagbag.py:536} INFO - Filling up the DagBag from /home/lohit/miniconda3/envs/airflow-env/lib/python3.8/site-packages/airflow/example_dags/example_task_group_decorator.py
[2025-06-01T17:57:21.292+0200] {processor.py:839} INFO - DAG(s) dict_keys(['example_task_group_decorator']) retrieved from /home/lohit/miniconda3/envs/airflow-env/lib/python3.8/site-packages/airflow/example_dags/example_task_group_decorator.py
[2025-06-01T17:57:21.302+0200] {logging_mixin.py:154} INFO - [2025-06-01T17:57:21.302+0200] {dag.py:2941} INFO - Sync 1 DAGs
[2025-06-01T17:57:21.312+0200] {logging_mixin.py:154} INFO - [2025-06-01T17:57:21.312+0200] {dag.py:3722} INFO - Setting next_dagrun for example_task_group_decorator to 2025-05-31T15:57:21.312302+00:00, run_after=2025-06-01T15:57:21.312302+00:00
[2025-06-01T17:57:21.328+0200] {processor.py:179} INFO - Processing /home/lohit/miniconda3/envs/airflow-env/lib/python3.8/site-packages/airflow/example_dags/example_task_group_decorator.py took 0.051 seconds
[2025-06-01T17:58:04.930+0200] {processor.py:157} INFO - Started process (PID=27540) to work on /home/lohit/miniconda3/envs/airflow-env/lib/python3.8/site-packages/airflow/example_dags/example_task_group_decorator.py
[2025-06-01T17:58:04.934+0200] {processor.py:829} INFO - Processing file /home/lohit/miniconda3/envs/airflow-env/lib/python3.8/site-packages/airflow/example_dags/example_task_group_decorator.py for tasks to queue
[2025-06-01T17:58:04.934+0200] {logging_mixin.py:154} INFO - [2025-06-01T17:58:04.934+0200] {dagbag.py:536} INFO - Filling up the DagBag from /home/lohit/miniconda3/envs/airflow-env/lib/python3.8/site-packages/airflow/example_dags/example_task_group_decorator.py
[2025-06-01T17:58:04.944+0200] {processor.py:839} INFO - DAG(s) dict_keys(['example_task_group_decorator']) retrieved from /home/lohit/miniconda3/envs/airflow-env/lib/python3.8/site-packages/airflow/example_dags/example_task_group_decorator.py
[2025-06-01T17:58:04.955+0200] {logging_mixin.py:154} INFO - [2025-06-01T17:58:04.955+0200] {dag.py:2941} INFO - Sync 1 DAGs
[2025-06-01T17:58:04.966+0200] {logging_mixin.py:154} INFO - [2025-06-01T17:58:04.966+0200] {dag.py:3722} INFO - Setting next_dagrun for example_task_group_decorator to 2025-05-31T15:58:04.966006+00:00, run_after=2025-06-01T15:58:04.966006+00:00
[2025-06-01T17:58:04.981+0200] {processor.py:179} INFO - Processing /home/lohit/miniconda3/envs/airflow-env/lib/python3.8/site-packages/airflow/example_dags/example_task_group_decorator.py took 0.052 seconds
[2025-06-01T17:58:53.810+0200] {processor.py:157} INFO - Started process (PID=27611) to work on /home/lohit/miniconda3/envs/airflow-env/lib/python3.8/site-packages/airflow/example_dags/example_task_group_decorator.py
[2025-06-01T17:58:53.813+0200] {processor.py:829} INFO - Processing file /home/lohit/miniconda3/envs/airflow-env/lib/python3.8/site-packages/airflow/example_dags/example_task_group_decorator.py for tasks to queue
[2025-06-01T17:58:53.814+0200] {logging_mixin.py:154} INFO - [2025-06-01T17:58:53.814+0200] {dagbag.py:536} INFO - Filling up the DagBag from /home/lohit/miniconda3/envs/airflow-env/lib/python3.8/site-packages/airflow/example_dags/example_task_group_decorator.py
[2025-06-01T17:58:53.823+0200] {processor.py:839} INFO - DAG(s) dict_keys(['example_task_group_decorator']) retrieved from /home/lohit/miniconda3/envs/airflow-env/lib/python3.8/site-packages/airflow/example_dags/example_task_group_decorator.py
[2025-06-01T17:58:53.833+0200] {logging_mixin.py:154} INFO - [2025-06-01T17:58:53.833+0200] {dag.py:2941} INFO - Sync 1 DAGs
[2025-06-01T17:58:53.845+0200] {logging_mixin.py:154} INFO - [2025-06-01T17:58:53.845+0200] {dag.py:3722} INFO - Setting next_dagrun for example_task_group_decorator to 2025-05-31T15:58:53.845313+00:00, run_after=2025-06-01T15:58:53.845313+00:00
[2025-06-01T17:58:53.861+0200] {processor.py:179} INFO - Processing /home/lohit/miniconda3/envs/airflow-env/lib/python3.8/site-packages/airflow/example_dags/example_task_group_decorator.py took 0.053 seconds
[2025-06-01T17:59:38.890+0200] {processor.py:157} INFO - Started process (PID=27679) to work on /home/lohit/miniconda3/envs/airflow-env/lib/python3.8/site-packages/airflow/example_dags/example_task_group_decorator.py
[2025-06-01T17:59:38.893+0200] {processor.py:829} INFO - Processing file /home/lohit/miniconda3/envs/airflow-env/lib/python3.8/site-packages/airflow/example_dags/example_task_group_decorator.py for tasks to queue
[2025-06-01T17:59:38.894+0200] {logging_mixin.py:154} INFO - [2025-06-01T17:59:38.893+0200] {dagbag.py:536} INFO - Filling up the DagBag from /home/lohit/miniconda3/envs/airflow-env/lib/python3.8/site-packages/airflow/example_dags/example_task_group_decorator.py
[2025-06-01T17:59:38.902+0200] {processor.py:839} INFO - DAG(s) dict_keys(['example_task_group_decorator']) retrieved from /home/lohit/miniconda3/envs/airflow-env/lib/python3.8/site-packages/airflow/example_dags/example_task_group_decorator.py
[2025-06-01T17:59:38.915+0200] {logging_mixin.py:154} INFO - [2025-06-01T17:59:38.915+0200] {dag.py:2941} INFO - Sync 1 DAGs
[2025-06-01T17:59:38.927+0200] {logging_mixin.py:154} INFO - [2025-06-01T17:59:38.927+0200] {dag.py:3722} INFO - Setting next_dagrun for example_task_group_decorator to 2025-05-31T15:59:38.926985+00:00, run_after=2025-06-01T15:59:38.926985+00:00
[2025-06-01T17:59:38.944+0200] {processor.py:179} INFO - Processing /home/lohit/miniconda3/envs/airflow-env/lib/python3.8/site-packages/airflow/example_dags/example_task_group_decorator.py took 0.056 seconds
[2025-06-01T18:00:27.784+0200] {processor.py:157} INFO - Started process (PID=27750) to work on /home/lohit/miniconda3/envs/airflow-env/lib/python3.8/site-packages/airflow/example_dags/example_task_group_decorator.py
[2025-06-01T18:00:27.786+0200] {processor.py:829} INFO - Processing file /home/lohit/miniconda3/envs/airflow-env/lib/python3.8/site-packages/airflow/example_dags/example_task_group_decorator.py for tasks to queue
[2025-06-01T18:00:27.786+0200] {logging_mixin.py:154} INFO - [2025-06-01T18:00:27.786+0200] {dagbag.py:536} INFO - Filling up the DagBag from /home/lohit/miniconda3/envs/airflow-env/lib/python3.8/site-packages/airflow/example_dags/example_task_group_decorator.py
[2025-06-01T18:00:27.794+0200] {processor.py:839} INFO - DAG(s) dict_keys(['example_task_group_decorator']) retrieved from /home/lohit/miniconda3/envs/airflow-env/lib/python3.8/site-packages/airflow/example_dags/example_task_group_decorator.py
[2025-06-01T18:00:27.804+0200] {logging_mixin.py:154} INFO - [2025-06-01T18:00:27.804+0200] {dag.py:2941} INFO - Sync 1 DAGs
[2025-06-01T18:00:27.814+0200] {logging_mixin.py:154} INFO - [2025-06-01T18:00:27.814+0200] {dag.py:3722} INFO - Setting next_dagrun for example_task_group_decorator to 2025-05-31T16:00:27.813895+00:00, run_after=2025-06-01T16:00:27.813895+00:00
[2025-06-01T18:00:27.830+0200] {processor.py:179} INFO - Processing /home/lohit/miniconda3/envs/airflow-env/lib/python3.8/site-packages/airflow/example_dags/example_task_group_decorator.py took 0.048 seconds
[2025-06-01T18:01:12.157+0200] {processor.py:157} INFO - Started process (PID=27851) to work on /home/lohit/miniconda3/envs/airflow-env/lib/python3.8/site-packages/airflow/example_dags/example_task_group_decorator.py
[2025-06-01T18:01:12.158+0200] {processor.py:829} INFO - Processing file /home/lohit/miniconda3/envs/airflow-env/lib/python3.8/site-packages/airflow/example_dags/example_task_group_decorator.py for tasks to queue
[2025-06-01T18:01:12.159+0200] {logging_mixin.py:154} INFO - [2025-06-01T18:01:12.158+0200] {dagbag.py:536} INFO - Filling up the DagBag from /home/lohit/miniconda3/envs/airflow-env/lib/python3.8/site-packages/airflow/example_dags/example_task_group_decorator.py
[2025-06-01T18:01:12.168+0200] {processor.py:839} INFO - DAG(s) dict_keys(['example_task_group_decorator']) retrieved from /home/lohit/miniconda3/envs/airflow-env/lib/python3.8/site-packages/airflow/example_dags/example_task_group_decorator.py
[2025-06-01T18:01:12.180+0200] {logging_mixin.py:154} INFO - [2025-06-01T18:01:12.179+0200] {dag.py:2941} INFO - Sync 1 DAGs
[2025-06-01T18:01:12.190+0200] {logging_mixin.py:154} INFO - [2025-06-01T18:01:12.190+0200] {dag.py:3722} INFO - Setting next_dagrun for example_task_group_decorator to 2025-05-31T16:01:12.190564+00:00, run_after=2025-06-01T16:01:12.190564+00:00
[2025-06-01T18:01:12.204+0200] {processor.py:179} INFO - Processing /home/lohit/miniconda3/envs/airflow-env/lib/python3.8/site-packages/airflow/example_dags/example_task_group_decorator.py took 0.049 seconds
[2025-06-01T18:02:00.423+0200] {processor.py:157} INFO - Started process (PID=27923) to work on /home/lohit/miniconda3/envs/airflow-env/lib/python3.8/site-packages/airflow/example_dags/example_task_group_decorator.py
[2025-06-01T18:02:00.426+0200] {processor.py:829} INFO - Processing file /home/lohit/miniconda3/envs/airflow-env/lib/python3.8/site-packages/airflow/example_dags/example_task_group_decorator.py for tasks to queue
[2025-06-01T18:02:00.427+0200] {logging_mixin.py:154} INFO - [2025-06-01T18:02:00.427+0200] {dagbag.py:536} INFO - Filling up the DagBag from /home/lohit/miniconda3/envs/airflow-env/lib/python3.8/site-packages/airflow/example_dags/example_task_group_decorator.py
[2025-06-01T18:02:00.436+0200] {processor.py:839} INFO - DAG(s) dict_keys(['example_task_group_decorator']) retrieved from /home/lohit/miniconda3/envs/airflow-env/lib/python3.8/site-packages/airflow/example_dags/example_task_group_decorator.py
[2025-06-01T18:02:00.446+0200] {logging_mixin.py:154} INFO - [2025-06-01T18:02:00.446+0200] {dag.py:2941} INFO - Sync 1 DAGs
[2025-06-01T18:02:00.455+0200] {logging_mixin.py:154} INFO - [2025-06-01T18:02:00.455+0200] {dag.py:3722} INFO - Setting next_dagrun for example_task_group_decorator to 2025-05-31T16:02:00.455683+00:00, run_after=2025-06-01T16:02:00.455683+00:00
[2025-06-01T18:02:00.470+0200] {processor.py:179} INFO - Processing /home/lohit/miniconda3/envs/airflow-env/lib/python3.8/site-packages/airflow/example_dags/example_task_group_decorator.py took 0.050 seconds
[2025-06-01T18:02:43.895+0200] {processor.py:157} INFO - Started process (PID=27991) to work on /home/lohit/miniconda3/envs/airflow-env/lib/python3.8/site-packages/airflow/example_dags/example_task_group_decorator.py
[2025-06-01T18:02:43.896+0200] {processor.py:829} INFO - Processing file /home/lohit/miniconda3/envs/airflow-env/lib/python3.8/site-packages/airflow/example_dags/example_task_group_decorator.py for tasks to queue
[2025-06-01T18:02:43.897+0200] {logging_mixin.py:154} INFO - [2025-06-01T18:02:43.896+0200] {dagbag.py:536} INFO - Filling up the DagBag from /home/lohit/miniconda3/envs/airflow-env/lib/python3.8/site-packages/airflow/example_dags/example_task_group_decorator.py
[2025-06-01T18:02:43.905+0200] {processor.py:839} INFO - DAG(s) dict_keys(['example_task_group_decorator']) retrieved from /home/lohit/miniconda3/envs/airflow-env/lib/python3.8/site-packages/airflow/example_dags/example_task_group_decorator.py
[2025-06-01T18:02:43.916+0200] {logging_mixin.py:154} INFO - [2025-06-01T18:02:43.916+0200] {dag.py:2941} INFO - Sync 1 DAGs
[2025-06-01T18:02:43.927+0200] {logging_mixin.py:154} INFO - [2025-06-01T18:02:43.927+0200] {dag.py:3722} INFO - Setting next_dagrun for example_task_group_decorator to 2025-05-31T16:02:43.927431+00:00, run_after=2025-06-01T16:02:43.927431+00:00
[2025-06-01T18:02:43.944+0200] {processor.py:179} INFO - Processing /home/lohit/miniconda3/envs/airflow-env/lib/python3.8/site-packages/airflow/example_dags/example_task_group_decorator.py took 0.051 seconds
[2025-06-01T18:03:31.242+0200] {processor.py:157} INFO - Started process (PID=28069) to work on /home/lohit/miniconda3/envs/airflow-env/lib/python3.8/site-packages/airflow/example_dags/example_task_group_decorator.py
[2025-06-01T18:03:31.243+0200] {processor.py:829} INFO - Processing file /home/lohit/miniconda3/envs/airflow-env/lib/python3.8/site-packages/airflow/example_dags/example_task_group_decorator.py for tasks to queue
[2025-06-01T18:03:31.243+0200] {logging_mixin.py:154} INFO - [2025-06-01T18:03:31.243+0200] {dagbag.py:536} INFO - Filling up the DagBag from /home/lohit/miniconda3/envs/airflow-env/lib/python3.8/site-packages/airflow/example_dags/example_task_group_decorator.py
[2025-06-01T18:03:31.252+0200] {processor.py:839} INFO - DAG(s) dict_keys(['example_task_group_decorator']) retrieved from /home/lohit/miniconda3/envs/airflow-env/lib/python3.8/site-packages/airflow/example_dags/example_task_group_decorator.py
[2025-06-01T18:03:31.263+0200] {logging_mixin.py:154} INFO - [2025-06-01T18:03:31.263+0200] {dag.py:2941} INFO - Sync 1 DAGs
[2025-06-01T18:03:31.274+0200] {logging_mixin.py:154} INFO - [2025-06-01T18:03:31.274+0200] {dag.py:3722} INFO - Setting next_dagrun for example_task_group_decorator to 2025-05-31T16:03:31.274605+00:00, run_after=2025-06-01T16:03:31.274605+00:00
[2025-06-01T18:03:31.290+0200] {processor.py:179} INFO - Processing /home/lohit/miniconda3/envs/airflow-env/lib/python3.8/site-packages/airflow/example_dags/example_task_group_decorator.py took 0.050 seconds
[2025-06-01T18:04:17.586+0200] {processor.py:157} INFO - Started process (PID=28141) to work on /home/lohit/miniconda3/envs/airflow-env/lib/python3.8/site-packages/airflow/example_dags/example_task_group_decorator.py
[2025-06-01T18:04:17.587+0200] {processor.py:829} INFO - Processing file /home/lohit/miniconda3/envs/airflow-env/lib/python3.8/site-packages/airflow/example_dags/example_task_group_decorator.py for tasks to queue
[2025-06-01T18:04:17.588+0200] {logging_mixin.py:154} INFO - [2025-06-01T18:04:17.588+0200] {dagbag.py:536} INFO - Filling up the DagBag from /home/lohit/miniconda3/envs/airflow-env/lib/python3.8/site-packages/airflow/example_dags/example_task_group_decorator.py
[2025-06-01T18:04:17.598+0200] {processor.py:839} INFO - DAG(s) dict_keys(['example_task_group_decorator']) retrieved from /home/lohit/miniconda3/envs/airflow-env/lib/python3.8/site-packages/airflow/example_dags/example_task_group_decorator.py
[2025-06-01T18:04:17.610+0200] {logging_mixin.py:154} INFO - [2025-06-01T18:04:17.610+0200] {dag.py:2941} INFO - Sync 1 DAGs
[2025-06-01T18:04:17.624+0200] {logging_mixin.py:154} INFO - [2025-06-01T18:04:17.624+0200] {dag.py:3722} INFO - Setting next_dagrun for example_task_group_decorator to 2025-05-31T16:04:17.624496+00:00, run_after=2025-06-01T16:04:17.624496+00:00
[2025-06-01T18:04:17.643+0200] {processor.py:179} INFO - Processing /home/lohit/miniconda3/envs/airflow-env/lib/python3.8/site-packages/airflow/example_dags/example_task_group_decorator.py took 0.059 seconds
[2025-06-01T18:05:03.806+0200] {processor.py:157} INFO - Started process (PID=28218) to work on /home/lohit/miniconda3/envs/airflow-env/lib/python3.8/site-packages/airflow/example_dags/example_task_group_decorator.py
[2025-06-01T18:05:03.809+0200] {processor.py:829} INFO - Processing file /home/lohit/miniconda3/envs/airflow-env/lib/python3.8/site-packages/airflow/example_dags/example_task_group_decorator.py for tasks to queue
[2025-06-01T18:05:03.810+0200] {logging_mixin.py:154} INFO - [2025-06-01T18:05:03.810+0200] {dagbag.py:536} INFO - Filling up the DagBag from /home/lohit/miniconda3/envs/airflow-env/lib/python3.8/site-packages/airflow/example_dags/example_task_group_decorator.py
[2025-06-01T18:05:03.818+0200] {processor.py:839} INFO - DAG(s) dict_keys(['example_task_group_decorator']) retrieved from /home/lohit/miniconda3/envs/airflow-env/lib/python3.8/site-packages/airflow/example_dags/example_task_group_decorator.py
[2025-06-01T18:05:03.829+0200] {logging_mixin.py:154} INFO - [2025-06-01T18:05:03.828+0200] {dag.py:2941} INFO - Sync 1 DAGs
[2025-06-01T18:05:03.840+0200] {logging_mixin.py:154} INFO - [2025-06-01T18:05:03.840+0200] {dag.py:3722} INFO - Setting next_dagrun for example_task_group_decorator to 2025-05-31T16:05:03.839987+00:00, run_after=2025-06-01T16:05:03.839987+00:00
[2025-06-01T18:05:03.860+0200] {processor.py:179} INFO - Processing /home/lohit/miniconda3/envs/airflow-env/lib/python3.8/site-packages/airflow/example_dags/example_task_group_decorator.py took 0.056 seconds
[2025-06-01T18:05:55.913+0200] {processor.py:157} INFO - Started process (PID=28298) to work on /home/lohit/miniconda3/envs/airflow-env/lib/python3.8/site-packages/airflow/example_dags/example_task_group_decorator.py
[2025-06-01T18:05:55.916+0200] {processor.py:829} INFO - Processing file /home/lohit/miniconda3/envs/airflow-env/lib/python3.8/site-packages/airflow/example_dags/example_task_group_decorator.py for tasks to queue
[2025-06-01T18:05:55.917+0200] {logging_mixin.py:154} INFO - [2025-06-01T18:05:55.916+0200] {dagbag.py:536} INFO - Filling up the DagBag from /home/lohit/miniconda3/envs/airflow-env/lib/python3.8/site-packages/airflow/example_dags/example_task_group_decorator.py
[2025-06-01T18:05:55.926+0200] {processor.py:839} INFO - DAG(s) dict_keys(['example_task_group_decorator']) retrieved from /home/lohit/miniconda3/envs/airflow-env/lib/python3.8/site-packages/airflow/example_dags/example_task_group_decorator.py
[2025-06-01T18:05:55.938+0200] {logging_mixin.py:154} INFO - [2025-06-01T18:05:55.937+0200] {dag.py:2941} INFO - Sync 1 DAGs
[2025-06-01T18:05:55.949+0200] {logging_mixin.py:154} INFO - [2025-06-01T18:05:55.949+0200] {dag.py:3722} INFO - Setting next_dagrun for example_task_group_decorator to 2025-05-31T16:05:55.949124+00:00, run_after=2025-06-01T16:05:55.949124+00:00
[2025-06-01T18:05:55.965+0200] {processor.py:179} INFO - Processing /home/lohit/miniconda3/envs/airflow-env/lib/python3.8/site-packages/airflow/example_dags/example_task_group_decorator.py took 0.055 seconds
[2025-06-01T18:06:40.210+0200] {processor.py:157} INFO - Started process (PID=28367) to work on /home/lohit/miniconda3/envs/airflow-env/lib/python3.8/site-packages/airflow/example_dags/example_task_group_decorator.py
[2025-06-01T18:06:40.211+0200] {processor.py:829} INFO - Processing file /home/lohit/miniconda3/envs/airflow-env/lib/python3.8/site-packages/airflow/example_dags/example_task_group_decorator.py for tasks to queue
[2025-06-01T18:06:40.212+0200] {logging_mixin.py:154} INFO - [2025-06-01T18:06:40.212+0200] {dagbag.py:536} INFO - Filling up the DagBag from /home/lohit/miniconda3/envs/airflow-env/lib/python3.8/site-packages/airflow/example_dags/example_task_group_decorator.py
[2025-06-01T18:06:40.222+0200] {processor.py:839} INFO - DAG(s) dict_keys(['example_task_group_decorator']) retrieved from /home/lohit/miniconda3/envs/airflow-env/lib/python3.8/site-packages/airflow/example_dags/example_task_group_decorator.py
[2025-06-01T18:06:40.233+0200] {logging_mixin.py:154} INFO - [2025-06-01T18:06:40.233+0200] {dag.py:2941} INFO - Sync 1 DAGs
[2025-06-01T18:06:40.244+0200] {logging_mixin.py:154} INFO - [2025-06-01T18:06:40.244+0200] {dag.py:3722} INFO - Setting next_dagrun for example_task_group_decorator to 2025-05-31T16:06:40.244647+00:00, run_after=2025-06-01T16:06:40.244647+00:00
[2025-06-01T18:06:40.261+0200] {processor.py:179} INFO - Processing /home/lohit/miniconda3/envs/airflow-env/lib/python3.8/site-packages/airflow/example_dags/example_task_group_decorator.py took 0.053 seconds
[2025-06-01T18:07:25.207+0200] {processor.py:157} INFO - Started process (PID=28435) to work on /home/lohit/miniconda3/envs/airflow-env/lib/python3.8/site-packages/airflow/example_dags/example_task_group_decorator.py
[2025-06-01T18:07:25.211+0200] {processor.py:829} INFO - Processing file /home/lohit/miniconda3/envs/airflow-env/lib/python3.8/site-packages/airflow/example_dags/example_task_group_decorator.py for tasks to queue
[2025-06-01T18:07:25.211+0200] {logging_mixin.py:154} INFO - [2025-06-01T18:07:25.211+0200] {dagbag.py:536} INFO - Filling up the DagBag from /home/lohit/miniconda3/envs/airflow-env/lib/python3.8/site-packages/airflow/example_dags/example_task_group_decorator.py
[2025-06-01T18:07:25.219+0200] {processor.py:839} INFO - DAG(s) dict_keys(['example_task_group_decorator']) retrieved from /home/lohit/miniconda3/envs/airflow-env/lib/python3.8/site-packages/airflow/example_dags/example_task_group_decorator.py
[2025-06-01T18:07:25.230+0200] {logging_mixin.py:154} INFO - [2025-06-01T18:07:25.230+0200] {dag.py:2941} INFO - Sync 1 DAGs
[2025-06-01T18:07:25.241+0200] {logging_mixin.py:154} INFO - [2025-06-01T18:07:25.241+0200] {dag.py:3722} INFO - Setting next_dagrun for example_task_group_decorator to 2025-05-31T16:07:25.241010+00:00, run_after=2025-06-01T16:07:25.241010+00:00
[2025-06-01T18:07:25.258+0200] {processor.py:179} INFO - Processing /home/lohit/miniconda3/envs/airflow-env/lib/python3.8/site-packages/airflow/example_dags/example_task_group_decorator.py took 0.052 seconds
[2025-06-01T18:08:09.697+0200] {processor.py:157} INFO - Started process (PID=28503) to work on /home/lohit/miniconda3/envs/airflow-env/lib/python3.8/site-packages/airflow/example_dags/example_task_group_decorator.py
[2025-06-01T18:08:09.698+0200] {processor.py:829} INFO - Processing file /home/lohit/miniconda3/envs/airflow-env/lib/python3.8/site-packages/airflow/example_dags/example_task_group_decorator.py for tasks to queue
[2025-06-01T18:08:09.699+0200] {logging_mixin.py:154} INFO - [2025-06-01T18:08:09.698+0200] {dagbag.py:536} INFO - Filling up the DagBag from /home/lohit/miniconda3/envs/airflow-env/lib/python3.8/site-packages/airflow/example_dags/example_task_group_decorator.py
[2025-06-01T18:08:09.707+0200] {processor.py:839} INFO - DAG(s) dict_keys(['example_task_group_decorator']) retrieved from /home/lohit/miniconda3/envs/airflow-env/lib/python3.8/site-packages/airflow/example_dags/example_task_group_decorator.py
[2025-06-01T18:08:09.718+0200] {logging_mixin.py:154} INFO - [2025-06-01T18:08:09.718+0200] {dag.py:2941} INFO - Sync 1 DAGs
[2025-06-01T18:08:09.728+0200] {logging_mixin.py:154} INFO - [2025-06-01T18:08:09.728+0200] {dag.py:3722} INFO - Setting next_dagrun for example_task_group_decorator to 2025-05-31T16:08:09.728686+00:00, run_after=2025-06-01T16:08:09.728686+00:00
[2025-06-01T18:08:09.745+0200] {processor.py:179} INFO - Processing /home/lohit/miniconda3/envs/airflow-env/lib/python3.8/site-packages/airflow/example_dags/example_task_group_decorator.py took 0.050 seconds
[2025-06-01T18:08:47.310+0200] {processor.py:157} INFO - Started process (PID=28545) to work on /home/lohit/miniconda3/envs/airflow-env/lib/python3.8/site-packages/airflow/example_dags/example_task_group_decorator.py
[2025-06-01T18:08:47.313+0200] {processor.py:829} INFO - Processing file /home/lohit/miniconda3/envs/airflow-env/lib/python3.8/site-packages/airflow/example_dags/example_task_group_decorator.py for tasks to queue
[2025-06-01T18:08:47.314+0200] {logging_mixin.py:154} INFO - [2025-06-01T18:08:47.314+0200] {dagbag.py:536} INFO - Filling up the DagBag from /home/lohit/miniconda3/envs/airflow-env/lib/python3.8/site-packages/airflow/example_dags/example_task_group_decorator.py
[2025-06-01T18:08:47.322+0200] {processor.py:839} INFO - DAG(s) dict_keys(['example_task_group_decorator']) retrieved from /home/lohit/miniconda3/envs/airflow-env/lib/python3.8/site-packages/airflow/example_dags/example_task_group_decorator.py
[2025-06-01T18:08:47.333+0200] {logging_mixin.py:154} INFO - [2025-06-01T18:08:47.333+0200] {dag.py:2941} INFO - Sync 1 DAGs
[2025-06-01T18:08:47.343+0200] {logging_mixin.py:154} INFO - [2025-06-01T18:08:47.343+0200] {dag.py:3722} INFO - Setting next_dagrun for example_task_group_decorator to 2025-05-31T16:08:47.343626+00:00, run_after=2025-06-01T16:08:47.343626+00:00
[2025-06-01T18:08:47.362+0200] {processor.py:179} INFO - Processing /home/lohit/miniconda3/envs/airflow-env/lib/python3.8/site-packages/airflow/example_dags/example_task_group_decorator.py took 0.054 seconds
[2025-06-01T18:09:33.848+0200] {processor.py:157} INFO - Started process (PID=28617) to work on /home/lohit/miniconda3/envs/airflow-env/lib/python3.8/site-packages/airflow/example_dags/example_task_group_decorator.py
[2025-06-01T18:09:33.852+0200] {processor.py:829} INFO - Processing file /home/lohit/miniconda3/envs/airflow-env/lib/python3.8/site-packages/airflow/example_dags/example_task_group_decorator.py for tasks to queue
[2025-06-01T18:09:33.853+0200] {logging_mixin.py:154} INFO - [2025-06-01T18:09:33.852+0200] {dagbag.py:536} INFO - Filling up the DagBag from /home/lohit/miniconda3/envs/airflow-env/lib/python3.8/site-packages/airflow/example_dags/example_task_group_decorator.py
[2025-06-01T18:09:33.861+0200] {processor.py:839} INFO - DAG(s) dict_keys(['example_task_group_decorator']) retrieved from /home/lohit/miniconda3/envs/airflow-env/lib/python3.8/site-packages/airflow/example_dags/example_task_group_decorator.py
[2025-06-01T18:09:33.874+0200] {logging_mixin.py:154} INFO - [2025-06-01T18:09:33.873+0200] {dag.py:2941} INFO - Sync 1 DAGs
[2025-06-01T18:09:33.885+0200] {logging_mixin.py:154} INFO - [2025-06-01T18:09:33.884+0200] {dag.py:3722} INFO - Setting next_dagrun for example_task_group_decorator to 2025-05-31T16:09:33.884773+00:00, run_after=2025-06-01T16:09:33.884773+00:00
[2025-06-01T18:09:33.902+0200] {processor.py:179} INFO - Processing /home/lohit/miniconda3/envs/airflow-env/lib/python3.8/site-packages/airflow/example_dags/example_task_group_decorator.py took 0.055 seconds
[2025-06-01T18:10:22.358+0200] {processor.py:157} INFO - Started process (PID=28699) to work on /home/lohit/miniconda3/envs/airflow-env/lib/python3.8/site-packages/airflow/example_dags/example_task_group_decorator.py
[2025-06-01T18:10:22.362+0200] {processor.py:829} INFO - Processing file /home/lohit/miniconda3/envs/airflow-env/lib/python3.8/site-packages/airflow/example_dags/example_task_group_decorator.py for tasks to queue
[2025-06-01T18:10:22.363+0200] {logging_mixin.py:154} INFO - [2025-06-01T18:10:22.362+0200] {dagbag.py:536} INFO - Filling up the DagBag from /home/lohit/miniconda3/envs/airflow-env/lib/python3.8/site-packages/airflow/example_dags/example_task_group_decorator.py
[2025-06-01T18:10:22.371+0200] {processor.py:839} INFO - DAG(s) dict_keys(['example_task_group_decorator']) retrieved from /home/lohit/miniconda3/envs/airflow-env/lib/python3.8/site-packages/airflow/example_dags/example_task_group_decorator.py
[2025-06-01T18:10:22.381+0200] {logging_mixin.py:154} INFO - [2025-06-01T18:10:22.381+0200] {dag.py:2941} INFO - Sync 1 DAGs
[2025-06-01T18:10:22.393+0200] {logging_mixin.py:154} INFO - [2025-06-01T18:10:22.392+0200] {dag.py:3722} INFO - Setting next_dagrun for example_task_group_decorator to 2025-05-31T16:10:22.392760+00:00, run_after=2025-06-01T16:10:22.392760+00:00
[2025-06-01T18:10:22.408+0200] {processor.py:179} INFO - Processing /home/lohit/miniconda3/envs/airflow-env/lib/python3.8/site-packages/airflow/example_dags/example_task_group_decorator.py took 0.052 seconds
[2025-06-01T18:11:09.642+0200] {processor.py:157} INFO - Started process (PID=28770) to work on /home/lohit/miniconda3/envs/airflow-env/lib/python3.8/site-packages/airflow/example_dags/example_task_group_decorator.py
[2025-06-01T18:11:09.645+0200] {processor.py:829} INFO - Processing file /home/lohit/miniconda3/envs/airflow-env/lib/python3.8/site-packages/airflow/example_dags/example_task_group_decorator.py for tasks to queue
[2025-06-01T18:11:09.646+0200] {logging_mixin.py:154} INFO - [2025-06-01T18:11:09.646+0200] {dagbag.py:536} INFO - Filling up the DagBag from /home/lohit/miniconda3/envs/airflow-env/lib/python3.8/site-packages/airflow/example_dags/example_task_group_decorator.py
[2025-06-01T18:11:09.656+0200] {processor.py:839} INFO - DAG(s) dict_keys(['example_task_group_decorator']) retrieved from /home/lohit/miniconda3/envs/airflow-env/lib/python3.8/site-packages/airflow/example_dags/example_task_group_decorator.py
[2025-06-01T18:11:09.668+0200] {logging_mixin.py:154} INFO - [2025-06-01T18:11:09.668+0200] {dag.py:2941} INFO - Sync 1 DAGs
[2025-06-01T18:11:09.682+0200] {logging_mixin.py:154} INFO - [2025-06-01T18:11:09.682+0200] {dag.py:3722} INFO - Setting next_dagrun for example_task_group_decorator to 2025-05-31T16:11:09.682186+00:00, run_after=2025-06-01T16:11:09.682186+00:00
[2025-06-01T18:11:09.699+0200] {processor.py:179} INFO - Processing /home/lohit/miniconda3/envs/airflow-env/lib/python3.8/site-packages/airflow/example_dags/example_task_group_decorator.py took 0.059 seconds
[2025-06-01T18:12:00.503+0200] {processor.py:157} INFO - Started process (PID=28842) to work on /home/lohit/miniconda3/envs/airflow-env/lib/python3.8/site-packages/airflow/example_dags/example_task_group_decorator.py
[2025-06-01T18:12:00.507+0200] {processor.py:829} INFO - Processing file /home/lohit/miniconda3/envs/airflow-env/lib/python3.8/site-packages/airflow/example_dags/example_task_group_decorator.py for tasks to queue
[2025-06-01T18:12:00.507+0200] {logging_mixin.py:154} INFO - [2025-06-01T18:12:00.507+0200] {dagbag.py:536} INFO - Filling up the DagBag from /home/lohit/miniconda3/envs/airflow-env/lib/python3.8/site-packages/airflow/example_dags/example_task_group_decorator.py
[2025-06-01T18:12:00.517+0200] {processor.py:839} INFO - DAG(s) dict_keys(['example_task_group_decorator']) retrieved from /home/lohit/miniconda3/envs/airflow-env/lib/python3.8/site-packages/airflow/example_dags/example_task_group_decorator.py
[2025-06-01T18:12:00.528+0200] {logging_mixin.py:154} INFO - [2025-06-01T18:12:00.527+0200] {dag.py:2941} INFO - Sync 1 DAGs
[2025-06-01T18:12:00.538+0200] {logging_mixin.py:154} INFO - [2025-06-01T18:12:00.538+0200] {dag.py:3722} INFO - Setting next_dagrun for example_task_group_decorator to 2025-05-31T16:12:00.538327+00:00, run_after=2025-06-01T16:12:00.538327+00:00
[2025-06-01T18:12:00.561+0200] {processor.py:179} INFO - Processing /home/lohit/miniconda3/envs/airflow-env/lib/python3.8/site-packages/airflow/example_dags/example_task_group_decorator.py took 0.059 seconds
[2025-06-01T18:12:51.225+0200] {processor.py:157} INFO - Started process (PID=28922) to work on /home/lohit/miniconda3/envs/airflow-env/lib/python3.8/site-packages/airflow/example_dags/example_task_group_decorator.py
[2025-06-01T18:12:51.228+0200] {processor.py:829} INFO - Processing file /home/lohit/miniconda3/envs/airflow-env/lib/python3.8/site-packages/airflow/example_dags/example_task_group_decorator.py for tasks to queue
[2025-06-01T18:12:51.228+0200] {logging_mixin.py:154} INFO - [2025-06-01T18:12:51.228+0200] {dagbag.py:536} INFO - Filling up the DagBag from /home/lohit/miniconda3/envs/airflow-env/lib/python3.8/site-packages/airflow/example_dags/example_task_group_decorator.py
[2025-06-01T18:12:51.238+0200] {processor.py:839} INFO - DAG(s) dict_keys(['example_task_group_decorator']) retrieved from /home/lohit/miniconda3/envs/airflow-env/lib/python3.8/site-packages/airflow/example_dags/example_task_group_decorator.py
[2025-06-01T18:12:51.249+0200] {logging_mixin.py:154} INFO - [2025-06-01T18:12:51.249+0200] {dag.py:2941} INFO - Sync 1 DAGs
[2025-06-01T18:12:51.259+0200] {logging_mixin.py:154} INFO - [2025-06-01T18:12:51.259+0200] {dag.py:3722} INFO - Setting next_dagrun for example_task_group_decorator to 2025-05-31T16:12:51.259393+00:00, run_after=2025-06-01T16:12:51.259393+00:00
[2025-06-01T18:12:51.274+0200] {processor.py:179} INFO - Processing /home/lohit/miniconda3/envs/airflow-env/lib/python3.8/site-packages/airflow/example_dags/example_task_group_decorator.py took 0.051 seconds
[2025-06-01T18:13:37.516+0200] {processor.py:157} INFO - Started process (PID=28992) to work on /home/lohit/miniconda3/envs/airflow-env/lib/python3.8/site-packages/airflow/example_dags/example_task_group_decorator.py
[2025-06-01T18:13:37.520+0200] {processor.py:829} INFO - Processing file /home/lohit/miniconda3/envs/airflow-env/lib/python3.8/site-packages/airflow/example_dags/example_task_group_decorator.py for tasks to queue
[2025-06-01T18:13:37.520+0200] {logging_mixin.py:154} INFO - [2025-06-01T18:13:37.520+0200] {dagbag.py:536} INFO - Filling up the DagBag from /home/lohit/miniconda3/envs/airflow-env/lib/python3.8/site-packages/airflow/example_dags/example_task_group_decorator.py
[2025-06-01T18:13:37.529+0200] {processor.py:839} INFO - DAG(s) dict_keys(['example_task_group_decorator']) retrieved from /home/lohit/miniconda3/envs/airflow-env/lib/python3.8/site-packages/airflow/example_dags/example_task_group_decorator.py
[2025-06-01T18:13:37.539+0200] {logging_mixin.py:154} INFO - [2025-06-01T18:13:37.539+0200] {dag.py:2941} INFO - Sync 1 DAGs
[2025-06-01T18:13:37.549+0200] {logging_mixin.py:154} INFO - [2025-06-01T18:13:37.549+0200] {dag.py:3722} INFO - Setting next_dagrun for example_task_group_decorator to 2025-05-31T16:13:37.549335+00:00, run_after=2025-06-01T16:13:37.549335+00:00
[2025-06-01T18:13:37.565+0200] {processor.py:179} INFO - Processing /home/lohit/miniconda3/envs/airflow-env/lib/python3.8/site-packages/airflow/example_dags/example_task_group_decorator.py took 0.050 seconds
[2025-06-01T18:14:20.284+0200] {processor.py:157} INFO - Started process (PID=29060) to work on /home/lohit/miniconda3/envs/airflow-env/lib/python3.8/site-packages/airflow/example_dags/example_task_group_decorator.py
[2025-06-01T18:14:20.287+0200] {processor.py:829} INFO - Processing file /home/lohit/miniconda3/envs/airflow-env/lib/python3.8/site-packages/airflow/example_dags/example_task_group_decorator.py for tasks to queue
[2025-06-01T18:14:20.288+0200] {logging_mixin.py:154} INFO - [2025-06-01T18:14:20.288+0200] {dagbag.py:536} INFO - Filling up the DagBag from /home/lohit/miniconda3/envs/airflow-env/lib/python3.8/site-packages/airflow/example_dags/example_task_group_decorator.py
[2025-06-01T18:14:20.298+0200] {processor.py:839} INFO - DAG(s) dict_keys(['example_task_group_decorator']) retrieved from /home/lohit/miniconda3/envs/airflow-env/lib/python3.8/site-packages/airflow/example_dags/example_task_group_decorator.py
[2025-06-01T18:14:20.310+0200] {logging_mixin.py:154} INFO - [2025-06-01T18:14:20.310+0200] {dag.py:2941} INFO - Sync 1 DAGs
[2025-06-01T18:14:20.323+0200] {logging_mixin.py:154} INFO - [2025-06-01T18:14:20.323+0200] {dag.py:3722} INFO - Setting next_dagrun for example_task_group_decorator to 2025-05-31T16:14:20.323032+00:00, run_after=2025-06-01T16:14:20.323032+00:00
[2025-06-01T18:14:20.340+0200] {processor.py:179} INFO - Processing /home/lohit/miniconda3/envs/airflow-env/lib/python3.8/site-packages/airflow/example_dags/example_task_group_decorator.py took 0.059 seconds
[2025-06-01T18:15:06.690+0200] {processor.py:157} INFO - Started process (PID=29129) to work on /home/lohit/miniconda3/envs/airflow-env/lib/python3.8/site-packages/airflow/example_dags/example_task_group_decorator.py
[2025-06-01T18:15:06.694+0200] {processor.py:829} INFO - Processing file /home/lohit/miniconda3/envs/airflow-env/lib/python3.8/site-packages/airflow/example_dags/example_task_group_decorator.py for tasks to queue
[2025-06-01T18:15:06.694+0200] {logging_mixin.py:154} INFO - [2025-06-01T18:15:06.694+0200] {dagbag.py:536} INFO - Filling up the DagBag from /home/lohit/miniconda3/envs/airflow-env/lib/python3.8/site-packages/airflow/example_dags/example_task_group_decorator.py
[2025-06-01T18:15:06.704+0200] {processor.py:839} INFO - DAG(s) dict_keys(['example_task_group_decorator']) retrieved from /home/lohit/miniconda3/envs/airflow-env/lib/python3.8/site-packages/airflow/example_dags/example_task_group_decorator.py
[2025-06-01T18:15:06.716+0200] {logging_mixin.py:154} INFO - [2025-06-01T18:15:06.715+0200] {dag.py:2941} INFO - Sync 1 DAGs
[2025-06-01T18:15:06.730+0200] {logging_mixin.py:154} INFO - [2025-06-01T18:15:06.730+0200] {dag.py:3722} INFO - Setting next_dagrun for example_task_group_decorator to 2025-05-31T16:15:06.730351+00:00, run_after=2025-06-01T16:15:06.730351+00:00
[2025-06-01T18:15:06.747+0200] {processor.py:179} INFO - Processing /home/lohit/miniconda3/envs/airflow-env/lib/python3.8/site-packages/airflow/example_dags/example_task_group_decorator.py took 0.059 seconds
[2025-06-01T18:15:55.927+0200] {processor.py:157} INFO - Started process (PID=29200) to work on /home/lohit/miniconda3/envs/airflow-env/lib/python3.8/site-packages/airflow/example_dags/example_task_group_decorator.py
[2025-06-01T18:15:55.929+0200] {processor.py:829} INFO - Processing file /home/lohit/miniconda3/envs/airflow-env/lib/python3.8/site-packages/airflow/example_dags/example_task_group_decorator.py for tasks to queue
[2025-06-01T18:15:55.929+0200] {logging_mixin.py:154} INFO - [2025-06-01T18:15:55.929+0200] {dagbag.py:536} INFO - Filling up the DagBag from /home/lohit/miniconda3/envs/airflow-env/lib/python3.8/site-packages/airflow/example_dags/example_task_group_decorator.py
[2025-06-01T18:15:55.939+0200] {processor.py:839} INFO - DAG(s) dict_keys(['example_task_group_decorator']) retrieved from /home/lohit/miniconda3/envs/airflow-env/lib/python3.8/site-packages/airflow/example_dags/example_task_group_decorator.py
[2025-06-01T18:15:55.951+0200] {logging_mixin.py:154} INFO - [2025-06-01T18:15:55.951+0200] {dag.py:2941} INFO - Sync 1 DAGs
[2025-06-01T18:15:55.963+0200] {logging_mixin.py:154} INFO - [2025-06-01T18:15:55.963+0200] {dag.py:3722} INFO - Setting next_dagrun for example_task_group_decorator to 2025-05-31T16:15:55.963140+00:00, run_after=2025-06-01T16:15:55.963140+00:00
[2025-06-01T18:15:55.979+0200] {processor.py:179} INFO - Processing /home/lohit/miniconda3/envs/airflow-env/lib/python3.8/site-packages/airflow/example_dags/example_task_group_decorator.py took 0.054 seconds
[2025-06-01T18:16:45.488+0200] {processor.py:157} INFO - Started process (PID=29273) to work on /home/lohit/miniconda3/envs/airflow-env/lib/python3.8/site-packages/airflow/example_dags/example_task_group_decorator.py
[2025-06-01T18:16:45.491+0200] {processor.py:829} INFO - Processing file /home/lohit/miniconda3/envs/airflow-env/lib/python3.8/site-packages/airflow/example_dags/example_task_group_decorator.py for tasks to queue
[2025-06-01T18:16:45.492+0200] {logging_mixin.py:154} INFO - [2025-06-01T18:16:45.491+0200] {dagbag.py:536} INFO - Filling up the DagBag from /home/lohit/miniconda3/envs/airflow-env/lib/python3.8/site-packages/airflow/example_dags/example_task_group_decorator.py
[2025-06-01T18:16:45.500+0200] {processor.py:839} INFO - DAG(s) dict_keys(['example_task_group_decorator']) retrieved from /home/lohit/miniconda3/envs/airflow-env/lib/python3.8/site-packages/airflow/example_dags/example_task_group_decorator.py
[2025-06-01T18:16:45.510+0200] {logging_mixin.py:154} INFO - [2025-06-01T18:16:45.510+0200] {dag.py:2941} INFO - Sync 1 DAGs
[2025-06-01T18:16:45.520+0200] {logging_mixin.py:154} INFO - [2025-06-01T18:16:45.520+0200] {dag.py:3722} INFO - Setting next_dagrun for example_task_group_decorator to 2025-05-31T16:16:45.520639+00:00, run_after=2025-06-01T16:16:45.520639+00:00
[2025-06-01T18:16:45.535+0200] {processor.py:179} INFO - Processing /home/lohit/miniconda3/envs/airflow-env/lib/python3.8/site-packages/airflow/example_dags/example_task_group_decorator.py took 0.049 seconds
[2025-06-01T18:17:33.042+0200] {processor.py:157} INFO - Started process (PID=29347) to work on /home/lohit/miniconda3/envs/airflow-env/lib/python3.8/site-packages/airflow/example_dags/example_task_group_decorator.py
[2025-06-01T18:17:33.046+0200] {processor.py:829} INFO - Processing file /home/lohit/miniconda3/envs/airflow-env/lib/python3.8/site-packages/airflow/example_dags/example_task_group_decorator.py for tasks to queue
[2025-06-01T18:17:33.046+0200] {logging_mixin.py:154} INFO - [2025-06-01T18:17:33.046+0200] {dagbag.py:536} INFO - Filling up the DagBag from /home/lohit/miniconda3/envs/airflow-env/lib/python3.8/site-packages/airflow/example_dags/example_task_group_decorator.py
[2025-06-01T18:17:33.056+0200] {processor.py:839} INFO - DAG(s) dict_keys(['example_task_group_decorator']) retrieved from /home/lohit/miniconda3/envs/airflow-env/lib/python3.8/site-packages/airflow/example_dags/example_task_group_decorator.py
[2025-06-01T18:17:33.068+0200] {logging_mixin.py:154} INFO - [2025-06-01T18:17:33.068+0200] {dag.py:2941} INFO - Sync 1 DAGs
[2025-06-01T18:17:33.080+0200] {logging_mixin.py:154} INFO - [2025-06-01T18:17:33.080+0200] {dag.py:3722} INFO - Setting next_dagrun for example_task_group_decorator to 2025-05-31T16:17:33.079924+00:00, run_after=2025-06-01T16:17:33.079924+00:00
[2025-06-01T18:17:33.098+0200] {processor.py:179} INFO - Processing /home/lohit/miniconda3/envs/airflow-env/lib/python3.8/site-packages/airflow/example_dags/example_task_group_decorator.py took 0.058 seconds
[2025-06-01T18:18:16.737+0200] {processor.py:157} INFO - Started process (PID=29413) to work on /home/lohit/miniconda3/envs/airflow-env/lib/python3.8/site-packages/airflow/example_dags/example_task_group_decorator.py
[2025-06-01T18:18:16.738+0200] {processor.py:829} INFO - Processing file /home/lohit/miniconda3/envs/airflow-env/lib/python3.8/site-packages/airflow/example_dags/example_task_group_decorator.py for tasks to queue
[2025-06-01T18:18:16.739+0200] {logging_mixin.py:154} INFO - [2025-06-01T18:18:16.739+0200] {dagbag.py:536} INFO - Filling up the DagBag from /home/lohit/miniconda3/envs/airflow-env/lib/python3.8/site-packages/airflow/example_dags/example_task_group_decorator.py
[2025-06-01T18:18:16.748+0200] {processor.py:839} INFO - DAG(s) dict_keys(['example_task_group_decorator']) retrieved from /home/lohit/miniconda3/envs/airflow-env/lib/python3.8/site-packages/airflow/example_dags/example_task_group_decorator.py
[2025-06-01T18:18:16.759+0200] {logging_mixin.py:154} INFO - [2025-06-01T18:18:16.759+0200] {dag.py:2941} INFO - Sync 1 DAGs
[2025-06-01T18:18:16.771+0200] {logging_mixin.py:154} INFO - [2025-06-01T18:18:16.771+0200] {dag.py:3722} INFO - Setting next_dagrun for example_task_group_decorator to 2025-05-31T16:18:16.771175+00:00, run_after=2025-06-01T16:18:16.771175+00:00
[2025-06-01T18:18:16.789+0200] {processor.py:179} INFO - Processing /home/lohit/miniconda3/envs/airflow-env/lib/python3.8/site-packages/airflow/example_dags/example_task_group_decorator.py took 0.054 seconds
[2025-06-01T18:19:02.460+0200] {processor.py:157} INFO - Started process (PID=29482) to work on /home/lohit/miniconda3/envs/airflow-env/lib/python3.8/site-packages/airflow/example_dags/example_task_group_decorator.py
[2025-06-01T18:19:02.463+0200] {processor.py:829} INFO - Processing file /home/lohit/miniconda3/envs/airflow-env/lib/python3.8/site-packages/airflow/example_dags/example_task_group_decorator.py for tasks to queue
[2025-06-01T18:19:02.464+0200] {logging_mixin.py:154} INFO - [2025-06-01T18:19:02.463+0200] {dagbag.py:536} INFO - Filling up the DagBag from /home/lohit/miniconda3/envs/airflow-env/lib/python3.8/site-packages/airflow/example_dags/example_task_group_decorator.py
[2025-06-01T18:19:02.474+0200] {processor.py:839} INFO - DAG(s) dict_keys(['example_task_group_decorator']) retrieved from /home/lohit/miniconda3/envs/airflow-env/lib/python3.8/site-packages/airflow/example_dags/example_task_group_decorator.py
[2025-06-01T18:19:02.485+0200] {logging_mixin.py:154} INFO - [2025-06-01T18:19:02.485+0200] {dag.py:2941} INFO - Sync 1 DAGs
[2025-06-01T18:19:02.495+0200] {logging_mixin.py:154} INFO - [2025-06-01T18:19:02.495+0200] {dag.py:3722} INFO - Setting next_dagrun for example_task_group_decorator to 2025-05-31T16:19:02.495566+00:00, run_after=2025-06-01T16:19:02.495566+00:00
[2025-06-01T18:19:02.512+0200] {processor.py:179} INFO - Processing /home/lohit/miniconda3/envs/airflow-env/lib/python3.8/site-packages/airflow/example_dags/example_task_group_decorator.py took 0.055 seconds
[2025-06-01T18:19:52.160+0200] {processor.py:157} INFO - Started process (PID=29554) to work on /home/lohit/miniconda3/envs/airflow-env/lib/python3.8/site-packages/airflow/example_dags/example_task_group_decorator.py
[2025-06-01T18:19:52.163+0200] {processor.py:829} INFO - Processing file /home/lohit/miniconda3/envs/airflow-env/lib/python3.8/site-packages/airflow/example_dags/example_task_group_decorator.py for tasks to queue
[2025-06-01T18:19:52.165+0200] {logging_mixin.py:154} INFO - [2025-06-01T18:19:52.164+0200] {dagbag.py:536} INFO - Filling up the DagBag from /home/lohit/miniconda3/envs/airflow-env/lib/python3.8/site-packages/airflow/example_dags/example_task_group_decorator.py
[2025-06-01T18:19:52.176+0200] {processor.py:839} INFO - DAG(s) dict_keys(['example_task_group_decorator']) retrieved from /home/lohit/miniconda3/envs/airflow-env/lib/python3.8/site-packages/airflow/example_dags/example_task_group_decorator.py
[2025-06-01T18:19:52.187+0200] {logging_mixin.py:154} INFO - [2025-06-01T18:19:52.187+0200] {dag.py:2941} INFO - Sync 1 DAGs
[2025-06-01T18:19:52.199+0200] {logging_mixin.py:154} INFO - [2025-06-01T18:19:52.199+0200] {dag.py:3722} INFO - Setting next_dagrun for example_task_group_decorator to 2025-05-31T16:19:52.199380+00:00, run_after=2025-06-01T16:19:52.199380+00:00
[2025-06-01T18:19:52.216+0200] {processor.py:179} INFO - Processing /home/lohit/miniconda3/envs/airflow-env/lib/python3.8/site-packages/airflow/example_dags/example_task_group_decorator.py took 0.058 seconds
[2025-06-01T18:20:40.429+0200] {processor.py:157} INFO - Started process (PID=29624) to work on /home/lohit/miniconda3/envs/airflow-env/lib/python3.8/site-packages/airflow/example_dags/example_task_group_decorator.py
[2025-06-01T18:20:40.432+0200] {processor.py:829} INFO - Processing file /home/lohit/miniconda3/envs/airflow-env/lib/python3.8/site-packages/airflow/example_dags/example_task_group_decorator.py for tasks to queue
[2025-06-01T18:20:40.433+0200] {logging_mixin.py:154} INFO - [2025-06-01T18:20:40.432+0200] {dagbag.py:536} INFO - Filling up the DagBag from /home/lohit/miniconda3/envs/airflow-env/lib/python3.8/site-packages/airflow/example_dags/example_task_group_decorator.py
[2025-06-01T18:20:40.441+0200] {processor.py:839} INFO - DAG(s) dict_keys(['example_task_group_decorator']) retrieved from /home/lohit/miniconda3/envs/airflow-env/lib/python3.8/site-packages/airflow/example_dags/example_task_group_decorator.py
[2025-06-01T18:20:40.452+0200] {logging_mixin.py:154} INFO - [2025-06-01T18:20:40.452+0200] {dag.py:2941} INFO - Sync 1 DAGs
[2025-06-01T18:20:40.464+0200] {logging_mixin.py:154} INFO - [2025-06-01T18:20:40.463+0200] {dag.py:3722} INFO - Setting next_dagrun for example_task_group_decorator to 2025-05-31T16:20:40.463730+00:00, run_after=2025-06-01T16:20:40.463730+00:00
[2025-06-01T18:20:40.479+0200] {processor.py:179} INFO - Processing /home/lohit/miniconda3/envs/airflow-env/lib/python3.8/site-packages/airflow/example_dags/example_task_group_decorator.py took 0.052 seconds
[2025-06-01T18:21:27.265+0200] {processor.py:157} INFO - Started process (PID=29695) to work on /home/lohit/miniconda3/envs/airflow-env/lib/python3.8/site-packages/airflow/example_dags/example_task_group_decorator.py
[2025-06-01T18:21:27.268+0200] {processor.py:829} INFO - Processing file /home/lohit/miniconda3/envs/airflow-env/lib/python3.8/site-packages/airflow/example_dags/example_task_group_decorator.py for tasks to queue
[2025-06-01T18:21:27.269+0200] {logging_mixin.py:154} INFO - [2025-06-01T18:21:27.268+0200] {dagbag.py:536} INFO - Filling up the DagBag from /home/lohit/miniconda3/envs/airflow-env/lib/python3.8/site-packages/airflow/example_dags/example_task_group_decorator.py
[2025-06-01T18:21:27.278+0200] {processor.py:839} INFO - DAG(s) dict_keys(['example_task_group_decorator']) retrieved from /home/lohit/miniconda3/envs/airflow-env/lib/python3.8/site-packages/airflow/example_dags/example_task_group_decorator.py
[2025-06-01T18:21:27.289+0200] {logging_mixin.py:154} INFO - [2025-06-01T18:21:27.289+0200] {dag.py:2941} INFO - Sync 1 DAGs
[2025-06-01T18:21:27.299+0200] {logging_mixin.py:154} INFO - [2025-06-01T18:21:27.299+0200] {dag.py:3722} INFO - Setting next_dagrun for example_task_group_decorator to 2025-05-31T16:21:27.299602+00:00, run_after=2025-06-01T16:21:27.299602+00:00
[2025-06-01T18:21:27.315+0200] {processor.py:179} INFO - Processing /home/lohit/miniconda3/envs/airflow-env/lib/python3.8/site-packages/airflow/example_dags/example_task_group_decorator.py took 0.052 seconds
[2025-06-01T18:22:13.327+0200] {processor.py:157} INFO - Started process (PID=29765) to work on /home/lohit/miniconda3/envs/airflow-env/lib/python3.8/site-packages/airflow/example_dags/example_task_group_decorator.py
[2025-06-01T18:22:13.328+0200] {processor.py:829} INFO - Processing file /home/lohit/miniconda3/envs/airflow-env/lib/python3.8/site-packages/airflow/example_dags/example_task_group_decorator.py for tasks to queue
[2025-06-01T18:22:13.329+0200] {logging_mixin.py:154} INFO - [2025-06-01T18:22:13.329+0200] {dagbag.py:536} INFO - Filling up the DagBag from /home/lohit/miniconda3/envs/airflow-env/lib/python3.8/site-packages/airflow/example_dags/example_task_group_decorator.py
[2025-06-01T18:22:13.340+0200] {processor.py:839} INFO - DAG(s) dict_keys(['example_task_group_decorator']) retrieved from /home/lohit/miniconda3/envs/airflow-env/lib/python3.8/site-packages/airflow/example_dags/example_task_group_decorator.py
[2025-06-01T18:22:13.351+0200] {logging_mixin.py:154} INFO - [2025-06-01T18:22:13.351+0200] {dag.py:2941} INFO - Sync 1 DAGs
[2025-06-01T18:22:13.362+0200] {logging_mixin.py:154} INFO - [2025-06-01T18:22:13.362+0200] {dag.py:3722} INFO - Setting next_dagrun for example_task_group_decorator to 2025-05-31T16:22:13.362188+00:00, run_after=2025-06-01T16:22:13.362188+00:00
[2025-06-01T18:22:13.377+0200] {processor.py:179} INFO - Processing /home/lohit/miniconda3/envs/airflow-env/lib/python3.8/site-packages/airflow/example_dags/example_task_group_decorator.py took 0.052 seconds
[2025-06-01T18:23:01.861+0200] {processor.py:157} INFO - Started process (PID=29835) to work on /home/lohit/miniconda3/envs/airflow-env/lib/python3.8/site-packages/airflow/example_dags/example_task_group_decorator.py
[2025-06-01T18:23:01.863+0200] {processor.py:829} INFO - Processing file /home/lohit/miniconda3/envs/airflow-env/lib/python3.8/site-packages/airflow/example_dags/example_task_group_decorator.py for tasks to queue
[2025-06-01T18:23:01.864+0200] {logging_mixin.py:154} INFO - [2025-06-01T18:23:01.863+0200] {dagbag.py:536} INFO - Filling up the DagBag from /home/lohit/miniconda3/envs/airflow-env/lib/python3.8/site-packages/airflow/example_dags/example_task_group_decorator.py
[2025-06-01T18:23:01.873+0200] {processor.py:839} INFO - DAG(s) dict_keys(['example_task_group_decorator']) retrieved from /home/lohit/miniconda3/envs/airflow-env/lib/python3.8/site-packages/airflow/example_dags/example_task_group_decorator.py
[2025-06-01T18:23:01.885+0200] {logging_mixin.py:154} INFO - [2025-06-01T18:23:01.885+0200] {dag.py:2941} INFO - Sync 1 DAGs
[2025-06-01T18:23:01.897+0200] {logging_mixin.py:154} INFO - [2025-06-01T18:23:01.897+0200] {dag.py:3722} INFO - Setting next_dagrun for example_task_group_decorator to 2025-05-31T16:23:01.897127+00:00, run_after=2025-06-01T16:23:01.897127+00:00
[2025-06-01T18:23:01.912+0200] {processor.py:179} INFO - Processing /home/lohit/miniconda3/envs/airflow-env/lib/python3.8/site-packages/airflow/example_dags/example_task_group_decorator.py took 0.053 seconds
[2025-06-01T18:23:52.357+0200] {processor.py:157} INFO - Started process (PID=29907) to work on /home/lohit/miniconda3/envs/airflow-env/lib/python3.8/site-packages/airflow/example_dags/example_task_group_decorator.py
[2025-06-01T18:23:52.361+0200] {processor.py:829} INFO - Processing file /home/lohit/miniconda3/envs/airflow-env/lib/python3.8/site-packages/airflow/example_dags/example_task_group_decorator.py for tasks to queue
[2025-06-01T18:23:52.361+0200] {logging_mixin.py:154} INFO - [2025-06-01T18:23:52.361+0200] {dagbag.py:536} INFO - Filling up the DagBag from /home/lohit/miniconda3/envs/airflow-env/lib/python3.8/site-packages/airflow/example_dags/example_task_group_decorator.py
[2025-06-01T18:23:52.371+0200] {processor.py:839} INFO - DAG(s) dict_keys(['example_task_group_decorator']) retrieved from /home/lohit/miniconda3/envs/airflow-env/lib/python3.8/site-packages/airflow/example_dags/example_task_group_decorator.py
[2025-06-01T18:23:52.383+0200] {logging_mixin.py:154} INFO - [2025-06-01T18:23:52.383+0200] {dag.py:2941} INFO - Sync 1 DAGs
[2025-06-01T18:23:52.396+0200] {logging_mixin.py:154} INFO - [2025-06-01T18:23:52.396+0200] {dag.py:3722} INFO - Setting next_dagrun for example_task_group_decorator to 2025-05-31T16:23:52.396479+00:00, run_after=2025-06-01T16:23:52.396479+00:00
[2025-06-01T18:23:52.414+0200] {processor.py:179} INFO - Processing /home/lohit/miniconda3/envs/airflow-env/lib/python3.8/site-packages/airflow/example_dags/example_task_group_decorator.py took 0.059 seconds
[2025-06-01T18:24:36.561+0200] {processor.py:157} INFO - Started process (PID=29975) to work on /home/lohit/miniconda3/envs/airflow-env/lib/python3.8/site-packages/airflow/example_dags/example_task_group_decorator.py
[2025-06-01T18:24:36.564+0200] {processor.py:829} INFO - Processing file /home/lohit/miniconda3/envs/airflow-env/lib/python3.8/site-packages/airflow/example_dags/example_task_group_decorator.py for tasks to queue
[2025-06-01T18:24:36.565+0200] {logging_mixin.py:154} INFO - [2025-06-01T18:24:36.565+0200] {dagbag.py:536} INFO - Filling up the DagBag from /home/lohit/miniconda3/envs/airflow-env/lib/python3.8/site-packages/airflow/example_dags/example_task_group_decorator.py
[2025-06-01T18:24:36.574+0200] {processor.py:839} INFO - DAG(s) dict_keys(['example_task_group_decorator']) retrieved from /home/lohit/miniconda3/envs/airflow-env/lib/python3.8/site-packages/airflow/example_dags/example_task_group_decorator.py
[2025-06-01T18:24:36.585+0200] {logging_mixin.py:154} INFO - [2025-06-01T18:24:36.585+0200] {dag.py:2941} INFO - Sync 1 DAGs
[2025-06-01T18:24:36.599+0200] {logging_mixin.py:154} INFO - [2025-06-01T18:24:36.599+0200] {dag.py:3722} INFO - Setting next_dagrun for example_task_group_decorator to 2025-05-31T16:24:36.599426+00:00, run_after=2025-06-01T16:24:36.599426+00:00
[2025-06-01T18:24:36.617+0200] {processor.py:179} INFO - Processing /home/lohit/miniconda3/envs/airflow-env/lib/python3.8/site-packages/airflow/example_dags/example_task_group_decorator.py took 0.058 seconds
[2025-06-01T18:25:25.544+0200] {processor.py:157} INFO - Started process (PID=30046) to work on /home/lohit/miniconda3/envs/airflow-env/lib/python3.8/site-packages/airflow/example_dags/example_task_group_decorator.py
[2025-06-01T18:25:25.545+0200] {processor.py:829} INFO - Processing file /home/lohit/miniconda3/envs/airflow-env/lib/python3.8/site-packages/airflow/example_dags/example_task_group_decorator.py for tasks to queue
[2025-06-01T18:25:25.546+0200] {logging_mixin.py:154} INFO - [2025-06-01T18:25:25.545+0200] {dagbag.py:536} INFO - Filling up the DagBag from /home/lohit/miniconda3/envs/airflow-env/lib/python3.8/site-packages/airflow/example_dags/example_task_group_decorator.py
[2025-06-01T18:25:25.555+0200] {processor.py:839} INFO - DAG(s) dict_keys(['example_task_group_decorator']) retrieved from /home/lohit/miniconda3/envs/airflow-env/lib/python3.8/site-packages/airflow/example_dags/example_task_group_decorator.py
[2025-06-01T18:25:25.567+0200] {logging_mixin.py:154} INFO - [2025-06-01T18:25:25.567+0200] {dag.py:2941} INFO - Sync 1 DAGs
[2025-06-01T18:25:25.579+0200] {logging_mixin.py:154} INFO - [2025-06-01T18:25:25.579+0200] {dag.py:3722} INFO - Setting next_dagrun for example_task_group_decorator to 2025-05-31T16:25:25.579239+00:00, run_after=2025-06-01T16:25:25.579239+00:00
[2025-06-01T18:25:25.602+0200] {processor.py:179} INFO - Processing /home/lohit/miniconda3/envs/airflow-env/lib/python3.8/site-packages/airflow/example_dags/example_task_group_decorator.py took 0.060 seconds
[2025-06-01T18:26:10.190+0200] {processor.py:157} INFO - Started process (PID=30116) to work on /home/lohit/miniconda3/envs/airflow-env/lib/python3.8/site-packages/airflow/example_dags/example_task_group_decorator.py
[2025-06-01T18:26:10.191+0200] {processor.py:829} INFO - Processing file /home/lohit/miniconda3/envs/airflow-env/lib/python3.8/site-packages/airflow/example_dags/example_task_group_decorator.py for tasks to queue
[2025-06-01T18:26:10.192+0200] {logging_mixin.py:154} INFO - [2025-06-01T18:26:10.191+0200] {dagbag.py:536} INFO - Filling up the DagBag from /home/lohit/miniconda3/envs/airflow-env/lib/python3.8/site-packages/airflow/example_dags/example_task_group_decorator.py
[2025-06-01T18:26:10.203+0200] {processor.py:839} INFO - DAG(s) dict_keys(['example_task_group_decorator']) retrieved from /home/lohit/miniconda3/envs/airflow-env/lib/python3.8/site-packages/airflow/example_dags/example_task_group_decorator.py
[2025-06-01T18:26:10.216+0200] {logging_mixin.py:154} INFO - [2025-06-01T18:26:10.215+0200] {dag.py:2941} INFO - Sync 1 DAGs
[2025-06-01T18:26:10.227+0200] {logging_mixin.py:154} INFO - [2025-06-01T18:26:10.227+0200] {dag.py:3722} INFO - Setting next_dagrun for example_task_group_decorator to 2025-05-31T16:26:10.227448+00:00, run_after=2025-06-01T16:26:10.227448+00:00
[2025-06-01T18:26:10.244+0200] {processor.py:179} INFO - Processing /home/lohit/miniconda3/envs/airflow-env/lib/python3.8/site-packages/airflow/example_dags/example_task_group_decorator.py took 0.056 seconds
[2025-06-01T18:26:58.955+0200] {processor.py:157} INFO - Started process (PID=30187) to work on /home/lohit/miniconda3/envs/airflow-env/lib/python3.8/site-packages/airflow/example_dags/example_task_group_decorator.py
[2025-06-01T18:26:58.959+0200] {processor.py:829} INFO - Processing file /home/lohit/miniconda3/envs/airflow-env/lib/python3.8/site-packages/airflow/example_dags/example_task_group_decorator.py for tasks to queue
[2025-06-01T18:26:58.959+0200] {logging_mixin.py:154} INFO - [2025-06-01T18:26:58.959+0200] {dagbag.py:536} INFO - Filling up the DagBag from /home/lohit/miniconda3/envs/airflow-env/lib/python3.8/site-packages/airflow/example_dags/example_task_group_decorator.py
[2025-06-01T18:26:58.969+0200] {processor.py:839} INFO - DAG(s) dict_keys(['example_task_group_decorator']) retrieved from /home/lohit/miniconda3/envs/airflow-env/lib/python3.8/site-packages/airflow/example_dags/example_task_group_decorator.py
[2025-06-01T18:26:58.980+0200] {logging_mixin.py:154} INFO - [2025-06-01T18:26:58.980+0200] {dag.py:2941} INFO - Sync 1 DAGs
[2025-06-01T18:26:58.992+0200] {logging_mixin.py:154} INFO - [2025-06-01T18:26:58.992+0200] {dag.py:3722} INFO - Setting next_dagrun for example_task_group_decorator to 2025-05-31T16:26:58.992167+00:00, run_after=2025-06-01T16:26:58.992167+00:00
[2025-06-01T18:26:59.008+0200] {processor.py:179} INFO - Processing /home/lohit/miniconda3/envs/airflow-env/lib/python3.8/site-packages/airflow/example_dags/example_task_group_decorator.py took 0.054 seconds
[2025-06-01T18:27:43.707+0200] {processor.py:157} INFO - Started process (PID=30255) to work on /home/lohit/miniconda3/envs/airflow-env/lib/python3.8/site-packages/airflow/example_dags/example_task_group_decorator.py
[2025-06-01T18:27:43.711+0200] {processor.py:829} INFO - Processing file /home/lohit/miniconda3/envs/airflow-env/lib/python3.8/site-packages/airflow/example_dags/example_task_group_decorator.py for tasks to queue
[2025-06-01T18:27:43.712+0200] {logging_mixin.py:154} INFO - [2025-06-01T18:27:43.711+0200] {dagbag.py:536} INFO - Filling up the DagBag from /home/lohit/miniconda3/envs/airflow-env/lib/python3.8/site-packages/airflow/example_dags/example_task_group_decorator.py
[2025-06-01T18:27:43.721+0200] {processor.py:839} INFO - DAG(s) dict_keys(['example_task_group_decorator']) retrieved from /home/lohit/miniconda3/envs/airflow-env/lib/python3.8/site-packages/airflow/example_dags/example_task_group_decorator.py
[2025-06-01T18:27:43.733+0200] {logging_mixin.py:154} INFO - [2025-06-01T18:27:43.733+0200] {dag.py:2941} INFO - Sync 1 DAGs
[2025-06-01T18:27:43.745+0200] {logging_mixin.py:154} INFO - [2025-06-01T18:27:43.745+0200] {dag.py:3722} INFO - Setting next_dagrun for example_task_group_decorator to 2025-05-31T16:27:43.745467+00:00, run_after=2025-06-01T16:27:43.745467+00:00
[2025-06-01T18:27:43.763+0200] {processor.py:179} INFO - Processing /home/lohit/miniconda3/envs/airflow-env/lib/python3.8/site-packages/airflow/example_dags/example_task_group_decorator.py took 0.057 seconds
[2025-06-01T18:28:34.264+0200] {processor.py:157} INFO - Started process (PID=30327) to work on /home/lohit/miniconda3/envs/airflow-env/lib/python3.8/site-packages/airflow/example_dags/example_task_group_decorator.py
[2025-06-01T18:28:34.267+0200] {processor.py:829} INFO - Processing file /home/lohit/miniconda3/envs/airflow-env/lib/python3.8/site-packages/airflow/example_dags/example_task_group_decorator.py for tasks to queue
[2025-06-01T18:28:34.268+0200] {logging_mixin.py:154} INFO - [2025-06-01T18:28:34.268+0200] {dagbag.py:536} INFO - Filling up the DagBag from /home/lohit/miniconda3/envs/airflow-env/lib/python3.8/site-packages/airflow/example_dags/example_task_group_decorator.py
[2025-06-01T18:28:34.276+0200] {processor.py:839} INFO - DAG(s) dict_keys(['example_task_group_decorator']) retrieved from /home/lohit/miniconda3/envs/airflow-env/lib/python3.8/site-packages/airflow/example_dags/example_task_group_decorator.py
[2025-06-01T18:28:34.285+0200] {logging_mixin.py:154} INFO - [2025-06-01T18:28:34.285+0200] {dag.py:2941} INFO - Sync 1 DAGs
[2025-06-01T18:28:34.295+0200] {logging_mixin.py:154} INFO - [2025-06-01T18:28:34.295+0200] {dag.py:3722} INFO - Setting next_dagrun for example_task_group_decorator to 2025-05-31T16:28:34.295690+00:00, run_after=2025-06-01T16:28:34.295690+00:00
[2025-06-01T18:28:34.309+0200] {processor.py:179} INFO - Processing /home/lohit/miniconda3/envs/airflow-env/lib/python3.8/site-packages/airflow/example_dags/example_task_group_decorator.py took 0.047 seconds
[2025-06-01T18:29:17.580+0200] {processor.py:157} INFO - Started process (PID=30395) to work on /home/lohit/miniconda3/envs/airflow-env/lib/python3.8/site-packages/airflow/example_dags/example_task_group_decorator.py
[2025-06-01T18:29:17.583+0200] {processor.py:829} INFO - Processing file /home/lohit/miniconda3/envs/airflow-env/lib/python3.8/site-packages/airflow/example_dags/example_task_group_decorator.py for tasks to queue
[2025-06-01T18:29:17.584+0200] {logging_mixin.py:154} INFO - [2025-06-01T18:29:17.583+0200] {dagbag.py:536} INFO - Filling up the DagBag from /home/lohit/miniconda3/envs/airflow-env/lib/python3.8/site-packages/airflow/example_dags/example_task_group_decorator.py
[2025-06-01T18:29:17.593+0200] {processor.py:839} INFO - DAG(s) dict_keys(['example_task_group_decorator']) retrieved from /home/lohit/miniconda3/envs/airflow-env/lib/python3.8/site-packages/airflow/example_dags/example_task_group_decorator.py
[2025-06-01T18:29:17.605+0200] {logging_mixin.py:154} INFO - [2025-06-01T18:29:17.605+0200] {dag.py:2941} INFO - Sync 1 DAGs
[2025-06-01T18:29:17.619+0200] {logging_mixin.py:154} INFO - [2025-06-01T18:29:17.619+0200] {dag.py:3722} INFO - Setting next_dagrun for example_task_group_decorator to 2025-05-31T16:29:17.619059+00:00, run_after=2025-06-01T16:29:17.619059+00:00
[2025-06-01T18:29:17.637+0200] {processor.py:179} INFO - Processing /home/lohit/miniconda3/envs/airflow-env/lib/python3.8/site-packages/airflow/example_dags/example_task_group_decorator.py took 0.060 seconds
[2025-06-01T18:30:06.621+0200] {processor.py:157} INFO - Started process (PID=30466) to work on /home/lohit/miniconda3/envs/airflow-env/lib/python3.8/site-packages/airflow/example_dags/example_task_group_decorator.py
[2025-06-01T18:30:06.624+0200] {processor.py:829} INFO - Processing file /home/lohit/miniconda3/envs/airflow-env/lib/python3.8/site-packages/airflow/example_dags/example_task_group_decorator.py for tasks to queue
[2025-06-01T18:30:06.625+0200] {logging_mixin.py:154} INFO - [2025-06-01T18:30:06.625+0200] {dagbag.py:536} INFO - Filling up the DagBag from /home/lohit/miniconda3/envs/airflow-env/lib/python3.8/site-packages/airflow/example_dags/example_task_group_decorator.py
[2025-06-01T18:30:06.634+0200] {processor.py:839} INFO - DAG(s) dict_keys(['example_task_group_decorator']) retrieved from /home/lohit/miniconda3/envs/airflow-env/lib/python3.8/site-packages/airflow/example_dags/example_task_group_decorator.py
[2025-06-01T18:30:06.645+0200] {logging_mixin.py:154} INFO - [2025-06-01T18:30:06.645+0200] {dag.py:2941} INFO - Sync 1 DAGs
[2025-06-01T18:30:06.657+0200] {logging_mixin.py:154} INFO - [2025-06-01T18:30:06.657+0200] {dag.py:3722} INFO - Setting next_dagrun for example_task_group_decorator to 2025-05-31T16:30:06.656871+00:00, run_after=2025-06-01T16:30:06.656871+00:00
[2025-06-01T18:30:06.673+0200] {processor.py:179} INFO - Processing /home/lohit/miniconda3/envs/airflow-env/lib/python3.8/site-packages/airflow/example_dags/example_task_group_decorator.py took 0.054 seconds
[2025-06-01T18:30:47.733+0200] {processor.py:157} INFO - Started process (PID=30532) to work on /home/lohit/miniconda3/envs/airflow-env/lib/python3.8/site-packages/airflow/example_dags/example_task_group_decorator.py
[2025-06-01T18:30:47.736+0200] {processor.py:829} INFO - Processing file /home/lohit/miniconda3/envs/airflow-env/lib/python3.8/site-packages/airflow/example_dags/example_task_group_decorator.py for tasks to queue
[2025-06-01T18:30:47.737+0200] {logging_mixin.py:154} INFO - [2025-06-01T18:30:47.736+0200] {dagbag.py:536} INFO - Filling up the DagBag from /home/lohit/miniconda3/envs/airflow-env/lib/python3.8/site-packages/airflow/example_dags/example_task_group_decorator.py
[2025-06-01T18:30:47.748+0200] {processor.py:839} INFO - DAG(s) dict_keys(['example_task_group_decorator']) retrieved from /home/lohit/miniconda3/envs/airflow-env/lib/python3.8/site-packages/airflow/example_dags/example_task_group_decorator.py
[2025-06-01T18:30:47.760+0200] {logging_mixin.py:154} INFO - [2025-06-01T18:30:47.759+0200] {dag.py:2941} INFO - Sync 1 DAGs
[2025-06-01T18:30:47.771+0200] {logging_mixin.py:154} INFO - [2025-06-01T18:30:47.771+0200] {dag.py:3722} INFO - Setting next_dagrun for example_task_group_decorator to 2025-05-31T16:30:47.771412+00:00, run_after=2025-06-01T16:30:47.771412+00:00
[2025-06-01T18:30:47.787+0200] {processor.py:179} INFO - Processing /home/lohit/miniconda3/envs/airflow-env/lib/python3.8/site-packages/airflow/example_dags/example_task_group_decorator.py took 0.057 seconds
[2025-06-01T18:31:33.761+0200] {processor.py:157} INFO - Started process (PID=30602) to work on /home/lohit/miniconda3/envs/airflow-env/lib/python3.8/site-packages/airflow/example_dags/example_task_group_decorator.py
[2025-06-01T18:31:33.765+0200] {processor.py:829} INFO - Processing file /home/lohit/miniconda3/envs/airflow-env/lib/python3.8/site-packages/airflow/example_dags/example_task_group_decorator.py for tasks to queue
[2025-06-01T18:31:33.765+0200] {logging_mixin.py:154} INFO - [2025-06-01T18:31:33.765+0200] {dagbag.py:536} INFO - Filling up the DagBag from /home/lohit/miniconda3/envs/airflow-env/lib/python3.8/site-packages/airflow/example_dags/example_task_group_decorator.py
[2025-06-01T18:31:33.774+0200] {processor.py:839} INFO - DAG(s) dict_keys(['example_task_group_decorator']) retrieved from /home/lohit/miniconda3/envs/airflow-env/lib/python3.8/site-packages/airflow/example_dags/example_task_group_decorator.py
[2025-06-01T18:31:33.787+0200] {logging_mixin.py:154} INFO - [2025-06-01T18:31:33.787+0200] {dag.py:2941} INFO - Sync 1 DAGs
[2025-06-01T18:31:33.799+0200] {logging_mixin.py:154} INFO - [2025-06-01T18:31:33.798+0200] {dag.py:3722} INFO - Setting next_dagrun for example_task_group_decorator to 2025-05-31T16:31:33.798750+00:00, run_after=2025-06-01T16:31:33.798750+00:00
[2025-06-01T18:31:33.814+0200] {processor.py:179} INFO - Processing /home/lohit/miniconda3/envs/airflow-env/lib/python3.8/site-packages/airflow/example_dags/example_task_group_decorator.py took 0.055 seconds
[2025-06-01T18:32:18.564+0200] {processor.py:157} INFO - Started process (PID=30670) to work on /home/lohit/miniconda3/envs/airflow-env/lib/python3.8/site-packages/airflow/example_dags/example_task_group_decorator.py
[2025-06-01T18:32:18.567+0200] {processor.py:829} INFO - Processing file /home/lohit/miniconda3/envs/airflow-env/lib/python3.8/site-packages/airflow/example_dags/example_task_group_decorator.py for tasks to queue
[2025-06-01T18:32:18.568+0200] {logging_mixin.py:154} INFO - [2025-06-01T18:32:18.568+0200] {dagbag.py:536} INFO - Filling up the DagBag from /home/lohit/miniconda3/envs/airflow-env/lib/python3.8/site-packages/airflow/example_dags/example_task_group_decorator.py
[2025-06-01T18:32:18.579+0200] {processor.py:839} INFO - DAG(s) dict_keys(['example_task_group_decorator']) retrieved from /home/lohit/miniconda3/envs/airflow-env/lib/python3.8/site-packages/airflow/example_dags/example_task_group_decorator.py
[2025-06-01T18:32:18.590+0200] {logging_mixin.py:154} INFO - [2025-06-01T18:32:18.590+0200] {dag.py:2941} INFO - Sync 1 DAGs
[2025-06-01T18:32:18.603+0200] {logging_mixin.py:154} INFO - [2025-06-01T18:32:18.602+0200] {dag.py:3722} INFO - Setting next_dagrun for example_task_group_decorator to 2025-05-31T16:32:18.602763+00:00, run_after=2025-06-01T16:32:18.602763+00:00
[2025-06-01T18:32:18.620+0200] {processor.py:179} INFO - Processing /home/lohit/miniconda3/envs/airflow-env/lib/python3.8/site-packages/airflow/example_dags/example_task_group_decorator.py took 0.058 seconds
[2025-06-01T18:33:02.944+0200] {processor.py:157} INFO - Started process (PID=30739) to work on /home/lohit/miniconda3/envs/airflow-env/lib/python3.8/site-packages/airflow/example_dags/example_task_group_decorator.py
[2025-06-01T18:33:02.945+0200] {processor.py:829} INFO - Processing file /home/lohit/miniconda3/envs/airflow-env/lib/python3.8/site-packages/airflow/example_dags/example_task_group_decorator.py for tasks to queue
[2025-06-01T18:33:02.946+0200] {logging_mixin.py:154} INFO - [2025-06-01T18:33:02.946+0200] {dagbag.py:536} INFO - Filling up the DagBag from /home/lohit/miniconda3/envs/airflow-env/lib/python3.8/site-packages/airflow/example_dags/example_task_group_decorator.py
[2025-06-01T18:33:02.956+0200] {processor.py:839} INFO - DAG(s) dict_keys(['example_task_group_decorator']) retrieved from /home/lohit/miniconda3/envs/airflow-env/lib/python3.8/site-packages/airflow/example_dags/example_task_group_decorator.py
[2025-06-01T18:33:02.967+0200] {logging_mixin.py:154} INFO - [2025-06-01T18:33:02.967+0200] {dag.py:2941} INFO - Sync 1 DAGs
[2025-06-01T18:33:02.978+0200] {logging_mixin.py:154} INFO - [2025-06-01T18:33:02.978+0200] {dag.py:3722} INFO - Setting next_dagrun for example_task_group_decorator to 2025-05-31T16:33:02.978152+00:00, run_after=2025-06-01T16:33:02.978152+00:00
[2025-06-01T18:33:02.994+0200] {processor.py:179} INFO - Processing /home/lohit/miniconda3/envs/airflow-env/lib/python3.8/site-packages/airflow/example_dags/example_task_group_decorator.py took 0.051 seconds
[2025-06-01T18:33:50.315+0200] {processor.py:157} INFO - Started process (PID=30807) to work on /home/lohit/miniconda3/envs/airflow-env/lib/python3.8/site-packages/airflow/example_dags/example_task_group_decorator.py
[2025-06-01T18:33:50.318+0200] {processor.py:829} INFO - Processing file /home/lohit/miniconda3/envs/airflow-env/lib/python3.8/site-packages/airflow/example_dags/example_task_group_decorator.py for tasks to queue
[2025-06-01T18:33:50.319+0200] {logging_mixin.py:154} INFO - [2025-06-01T18:33:50.319+0200] {dagbag.py:536} INFO - Filling up the DagBag from /home/lohit/miniconda3/envs/airflow-env/lib/python3.8/site-packages/airflow/example_dags/example_task_group_decorator.py
[2025-06-01T18:33:50.328+0200] {processor.py:839} INFO - DAG(s) dict_keys(['example_task_group_decorator']) retrieved from /home/lohit/miniconda3/envs/airflow-env/lib/python3.8/site-packages/airflow/example_dags/example_task_group_decorator.py
[2025-06-01T18:33:50.339+0200] {logging_mixin.py:154} INFO - [2025-06-01T18:33:50.339+0200] {dag.py:2941} INFO - Sync 1 DAGs
[2025-06-01T18:33:50.351+0200] {logging_mixin.py:154} INFO - [2025-06-01T18:33:50.350+0200] {dag.py:3722} INFO - Setting next_dagrun for example_task_group_decorator to 2025-05-31T16:33:50.350751+00:00, run_after=2025-06-01T16:33:50.350751+00:00
[2025-06-01T18:33:50.367+0200] {processor.py:179} INFO - Processing /home/lohit/miniconda3/envs/airflow-env/lib/python3.8/site-packages/airflow/example_dags/example_task_group_decorator.py took 0.054 seconds
[2025-06-01T18:34:38.673+0200] {processor.py:157} INFO - Started process (PID=31594) to work on /home/lohit/miniconda3/envs/airflow-env/lib/python3.8/site-packages/airflow/example_dags/example_task_group_decorator.py
[2025-06-01T18:34:38.674+0200] {processor.py:829} INFO - Processing file /home/lohit/miniconda3/envs/airflow-env/lib/python3.8/site-packages/airflow/example_dags/example_task_group_decorator.py for tasks to queue
[2025-06-01T18:34:38.675+0200] {logging_mixin.py:154} INFO - [2025-06-01T18:34:38.675+0200] {dagbag.py:536} INFO - Filling up the DagBag from /home/lohit/miniconda3/envs/airflow-env/lib/python3.8/site-packages/airflow/example_dags/example_task_group_decorator.py
[2025-06-01T18:34:38.684+0200] {processor.py:839} INFO - DAG(s) dict_keys(['example_task_group_decorator']) retrieved from /home/lohit/miniconda3/envs/airflow-env/lib/python3.8/site-packages/airflow/example_dags/example_task_group_decorator.py
[2025-06-01T18:34:38.695+0200] {logging_mixin.py:154} INFO - [2025-06-01T18:34:38.695+0200] {dag.py:2941} INFO - Sync 1 DAGs
[2025-06-01T18:34:38.707+0200] {logging_mixin.py:154} INFO - [2025-06-01T18:34:38.707+0200] {dag.py:3722} INFO - Setting next_dagrun for example_task_group_decorator to 2025-05-31T16:34:38.707022+00:00, run_after=2025-06-01T16:34:38.707022+00:00
[2025-06-01T18:34:38.723+0200] {processor.py:179} INFO - Processing /home/lohit/miniconda3/envs/airflow-env/lib/python3.8/site-packages/airflow/example_dags/example_task_group_decorator.py took 0.052 seconds
[2025-06-01T18:35:24.484+0200] {processor.py:157} INFO - Started process (PID=31663) to work on /home/lohit/miniconda3/envs/airflow-env/lib/python3.8/site-packages/airflow/example_dags/example_task_group_decorator.py
[2025-06-01T18:35:24.485+0200] {processor.py:829} INFO - Processing file /home/lohit/miniconda3/envs/airflow-env/lib/python3.8/site-packages/airflow/example_dags/example_task_group_decorator.py for tasks to queue
[2025-06-01T18:35:24.485+0200] {logging_mixin.py:154} INFO - [2025-06-01T18:35:24.485+0200] {dagbag.py:536} INFO - Filling up the DagBag from /home/lohit/miniconda3/envs/airflow-env/lib/python3.8/site-packages/airflow/example_dags/example_task_group_decorator.py
[2025-06-01T18:35:24.495+0200] {processor.py:839} INFO - DAG(s) dict_keys(['example_task_group_decorator']) retrieved from /home/lohit/miniconda3/envs/airflow-env/lib/python3.8/site-packages/airflow/example_dags/example_task_group_decorator.py
[2025-06-01T18:35:24.514+0200] {logging_mixin.py:154} INFO - [2025-06-01T18:35:24.514+0200] {dag.py:2941} INFO - Sync 1 DAGs
[2025-06-01T18:35:24.530+0200] {logging_mixin.py:154} INFO - [2025-06-01T18:35:24.530+0200] {dag.py:3722} INFO - Setting next_dagrun for example_task_group_decorator to 2025-05-31T16:35:24.530478+00:00, run_after=2025-06-01T16:35:24.530478+00:00
[2025-06-01T18:35:24.547+0200] {processor.py:179} INFO - Processing /home/lohit/miniconda3/envs/airflow-env/lib/python3.8/site-packages/airflow/example_dags/example_task_group_decorator.py took 0.065 seconds
