[2025-06-01T17:53:11.352+0200] {processor.py:157} INFO - Started process (PID=27107) to work on /home/lohit/miniconda3/envs/airflow-env/lib/python3.8/site-packages/airflow/example_dags/example_branch_labels.py
[2025-06-01T17:53:11.352+0200] {processor.py:829} INFO - Processing file /home/lohit/miniconda3/envs/airflow-env/lib/python3.8/site-packages/airflow/example_dags/example_branch_labels.py for tasks to queue
[2025-06-01T17:53:11.353+0200] {logging_mixin.py:154} INFO - [2025-06-01T17:53:11.353+0200] {dagbag.py:536} INFO - Filling up the DagBag from /home/lohit/miniconda3/envs/airflow-env/lib/python3.8/site-packages/airflow/example_dags/example_branch_labels.py
[2025-06-01T17:53:11.357+0200] {processor.py:839} INFO - DAG(s) dict_keys(['example_branch_labels']) retrieved from /home/lohit/miniconda3/envs/airflow-env/lib/python3.8/site-packages/airflow/example_dags/example_branch_labels.py
[2025-06-01T17:53:11.370+0200] {logging_mixin.py:154} INFO - [2025-06-01T17:53:11.370+0200] {dag.py:2941} INFO - Sync 1 DAGs
[2025-06-01T17:53:11.382+0200] {logging_mixin.py:154} INFO - [2025-06-01T17:53:11.382+0200] {dag.py:3722} INFO - Setting next_dagrun for example_branch_labels to 2025-05-31T00:00:00+00:00, run_after=2025-06-01T00:00:00+00:00
[2025-06-01T17:53:11.400+0200] {processor.py:179} INFO - Processing /home/lohit/miniconda3/envs/airflow-env/lib/python3.8/site-packages/airflow/example_dags/example_branch_labels.py took 0.050 seconds
[2025-06-01T17:54:01.682+0200] {processor.py:157} INFO - Started process (PID=27180) to work on /home/lohit/miniconda3/envs/airflow-env/lib/python3.8/site-packages/airflow/example_dags/example_branch_labels.py
[2025-06-01T17:54:01.685+0200] {processor.py:829} INFO - Processing file /home/lohit/miniconda3/envs/airflow-env/lib/python3.8/site-packages/airflow/example_dags/example_branch_labels.py for tasks to queue
[2025-06-01T17:54:01.686+0200] {logging_mixin.py:154} INFO - [2025-06-01T17:54:01.686+0200] {dagbag.py:536} INFO - Filling up the DagBag from /home/lohit/miniconda3/envs/airflow-env/lib/python3.8/site-packages/airflow/example_dags/example_branch_labels.py
[2025-06-01T17:54:01.691+0200] {processor.py:839} INFO - DAG(s) dict_keys(['example_branch_labels']) retrieved from /home/lohit/miniconda3/envs/airflow-env/lib/python3.8/site-packages/airflow/example_dags/example_branch_labels.py
[2025-06-01T17:54:01.702+0200] {logging_mixin.py:154} INFO - [2025-06-01T17:54:01.702+0200] {dag.py:2941} INFO - Sync 1 DAGs
[2025-06-01T17:54:01.713+0200] {logging_mixin.py:154} INFO - [2025-06-01T17:54:01.713+0200] {dag.py:3722} INFO - Setting next_dagrun for example_branch_labels to 2025-05-31T00:00:00+00:00, run_after=2025-06-01T00:00:00+00:00
[2025-06-01T17:54:01.729+0200] {processor.py:179} INFO - Processing /home/lohit/miniconda3/envs/airflow-env/lib/python3.8/site-packages/airflow/example_dags/example_branch_labels.py took 0.050 seconds
[2025-06-01T17:54:47.321+0200] {processor.py:157} INFO - Started process (PID=27248) to work on /home/lohit/miniconda3/envs/airflow-env/lib/python3.8/site-packages/airflow/example_dags/example_branch_labels.py
[2025-06-01T17:54:47.324+0200] {processor.py:829} INFO - Processing file /home/lohit/miniconda3/envs/airflow-env/lib/python3.8/site-packages/airflow/example_dags/example_branch_labels.py for tasks to queue
[2025-06-01T17:54:47.325+0200] {logging_mixin.py:154} INFO - [2025-06-01T17:54:47.325+0200] {dagbag.py:536} INFO - Filling up the DagBag from /home/lohit/miniconda3/envs/airflow-env/lib/python3.8/site-packages/airflow/example_dags/example_branch_labels.py
[2025-06-01T17:54:47.330+0200] {processor.py:839} INFO - DAG(s) dict_keys(['example_branch_labels']) retrieved from /home/lohit/miniconda3/envs/airflow-env/lib/python3.8/site-packages/airflow/example_dags/example_branch_labels.py
[2025-06-01T17:54:47.340+0200] {logging_mixin.py:154} INFO - [2025-06-01T17:54:47.340+0200] {dag.py:2941} INFO - Sync 1 DAGs
[2025-06-01T17:54:47.350+0200] {logging_mixin.py:154} INFO - [2025-06-01T17:54:47.350+0200] {dag.py:3722} INFO - Setting next_dagrun for example_branch_labels to 2025-05-31T00:00:00+00:00, run_after=2025-06-01T00:00:00+00:00
[2025-06-01T17:54:47.367+0200] {processor.py:179} INFO - Processing /home/lohit/miniconda3/envs/airflow-env/lib/python3.8/site-packages/airflow/example_dags/example_branch_labels.py took 0.048 seconds
[2025-06-01T17:55:37.168+0200] {processor.py:157} INFO - Started process (PID=27320) to work on /home/lohit/miniconda3/envs/airflow-env/lib/python3.8/site-packages/airflow/example_dags/example_branch_labels.py
[2025-06-01T17:55:37.171+0200] {processor.py:829} INFO - Processing file /home/lohit/miniconda3/envs/airflow-env/lib/python3.8/site-packages/airflow/example_dags/example_branch_labels.py for tasks to queue
[2025-06-01T17:55:37.172+0200] {logging_mixin.py:154} INFO - [2025-06-01T17:55:37.171+0200] {dagbag.py:536} INFO - Filling up the DagBag from /home/lohit/miniconda3/envs/airflow-env/lib/python3.8/site-packages/airflow/example_dags/example_branch_labels.py
[2025-06-01T17:55:37.176+0200] {processor.py:839} INFO - DAG(s) dict_keys(['example_branch_labels']) retrieved from /home/lohit/miniconda3/envs/airflow-env/lib/python3.8/site-packages/airflow/example_dags/example_branch_labels.py
[2025-06-01T17:55:37.187+0200] {logging_mixin.py:154} INFO - [2025-06-01T17:55:37.187+0200] {dag.py:2941} INFO - Sync 1 DAGs
[2025-06-01T17:55:37.198+0200] {logging_mixin.py:154} INFO - [2025-06-01T17:55:37.198+0200] {dag.py:3722} INFO - Setting next_dagrun for example_branch_labels to 2025-05-31T00:00:00+00:00, run_after=2025-06-01T00:00:00+00:00
[2025-06-01T17:55:37.212+0200] {processor.py:179} INFO - Processing /home/lohit/miniconda3/envs/airflow-env/lib/python3.8/site-packages/airflow/example_dags/example_branch_labels.py took 0.046 seconds
[2025-06-01T17:56:23.596+0200] {processor.py:157} INFO - Started process (PID=27392) to work on /home/lohit/miniconda3/envs/airflow-env/lib/python3.8/site-packages/airflow/example_dags/example_branch_labels.py
[2025-06-01T17:56:23.599+0200] {processor.py:829} INFO - Processing file /home/lohit/miniconda3/envs/airflow-env/lib/python3.8/site-packages/airflow/example_dags/example_branch_labels.py for tasks to queue
[2025-06-01T17:56:23.600+0200] {logging_mixin.py:154} INFO - [2025-06-01T17:56:23.600+0200] {dagbag.py:536} INFO - Filling up the DagBag from /home/lohit/miniconda3/envs/airflow-env/lib/python3.8/site-packages/airflow/example_dags/example_branch_labels.py
[2025-06-01T17:56:23.605+0200] {processor.py:839} INFO - DAG(s) dict_keys(['example_branch_labels']) retrieved from /home/lohit/miniconda3/envs/airflow-env/lib/python3.8/site-packages/airflow/example_dags/example_branch_labels.py
[2025-06-01T17:56:23.614+0200] {logging_mixin.py:154} INFO - [2025-06-01T17:56:23.614+0200] {dag.py:2941} INFO - Sync 1 DAGs
[2025-06-01T17:56:23.625+0200] {logging_mixin.py:154} INFO - [2025-06-01T17:56:23.625+0200] {dag.py:3722} INFO - Setting next_dagrun for example_branch_labels to 2025-05-31T00:00:00+00:00, run_after=2025-06-01T00:00:00+00:00
[2025-06-01T17:56:23.642+0200] {processor.py:179} INFO - Processing /home/lohit/miniconda3/envs/airflow-env/lib/python3.8/site-packages/airflow/example_dags/example_branch_labels.py took 0.048 seconds
[2025-06-01T17:57:13.883+0200] {processor.py:157} INFO - Started process (PID=27464) to work on /home/lohit/miniconda3/envs/airflow-env/lib/python3.8/site-packages/airflow/example_dags/example_branch_labels.py
[2025-06-01T17:57:13.887+0200] {processor.py:829} INFO - Processing file /home/lohit/miniconda3/envs/airflow-env/lib/python3.8/site-packages/airflow/example_dags/example_branch_labels.py for tasks to queue
[2025-06-01T17:57:13.887+0200] {logging_mixin.py:154} INFO - [2025-06-01T17:57:13.887+0200] {dagbag.py:536} INFO - Filling up the DagBag from /home/lohit/miniconda3/envs/airflow-env/lib/python3.8/site-packages/airflow/example_dags/example_branch_labels.py
[2025-06-01T17:57:13.892+0200] {processor.py:839} INFO - DAG(s) dict_keys(['example_branch_labels']) retrieved from /home/lohit/miniconda3/envs/airflow-env/lib/python3.8/site-packages/airflow/example_dags/example_branch_labels.py
[2025-06-01T17:57:13.903+0200] {logging_mixin.py:154} INFO - [2025-06-01T17:57:13.903+0200] {dag.py:2941} INFO - Sync 1 DAGs
[2025-06-01T17:57:13.915+0200] {logging_mixin.py:154} INFO - [2025-06-01T17:57:13.915+0200] {dag.py:3722} INFO - Setting next_dagrun for example_branch_labels to 2025-05-31T00:00:00+00:00, run_after=2025-06-01T00:00:00+00:00
[2025-06-01T17:57:13.932+0200] {processor.py:179} INFO - Processing /home/lohit/miniconda3/envs/airflow-env/lib/python3.8/site-packages/airflow/example_dags/example_branch_labels.py took 0.051 seconds
[2025-06-01T17:57:57.059+0200] {processor.py:157} INFO - Started process (PID=27532) to work on /home/lohit/miniconda3/envs/airflow-env/lib/python3.8/site-packages/airflow/example_dags/example_branch_labels.py
[2025-06-01T17:57:57.063+0200] {processor.py:829} INFO - Processing file /home/lohit/miniconda3/envs/airflow-env/lib/python3.8/site-packages/airflow/example_dags/example_branch_labels.py for tasks to queue
[2025-06-01T17:57:57.063+0200] {logging_mixin.py:154} INFO - [2025-06-01T17:57:57.063+0200] {dagbag.py:536} INFO - Filling up the DagBag from /home/lohit/miniconda3/envs/airflow-env/lib/python3.8/site-packages/airflow/example_dags/example_branch_labels.py
[2025-06-01T17:57:57.067+0200] {processor.py:839} INFO - DAG(s) dict_keys(['example_branch_labels']) retrieved from /home/lohit/miniconda3/envs/airflow-env/lib/python3.8/site-packages/airflow/example_dags/example_branch_labels.py
[2025-06-01T17:57:57.078+0200] {logging_mixin.py:154} INFO - [2025-06-01T17:57:57.078+0200] {dag.py:2941} INFO - Sync 1 DAGs
[2025-06-01T17:57:57.089+0200] {logging_mixin.py:154} INFO - [2025-06-01T17:57:57.089+0200] {dag.py:3722} INFO - Setting next_dagrun for example_branch_labels to 2025-05-31T00:00:00+00:00, run_after=2025-06-01T00:00:00+00:00
[2025-06-01T17:57:57.105+0200] {processor.py:179} INFO - Processing /home/lohit/miniconda3/envs/airflow-env/lib/python3.8/site-packages/airflow/example_dags/example_branch_labels.py took 0.049 seconds
[2025-06-01T17:58:45.445+0200] {processor.py:157} INFO - Started process (PID=27602) to work on /home/lohit/miniconda3/envs/airflow-env/lib/python3.8/site-packages/airflow/example_dags/example_branch_labels.py
[2025-06-01T17:58:45.448+0200] {processor.py:829} INFO - Processing file /home/lohit/miniconda3/envs/airflow-env/lib/python3.8/site-packages/airflow/example_dags/example_branch_labels.py for tasks to queue
[2025-06-01T17:58:45.449+0200] {logging_mixin.py:154} INFO - [2025-06-01T17:58:45.449+0200] {dagbag.py:536} INFO - Filling up the DagBag from /home/lohit/miniconda3/envs/airflow-env/lib/python3.8/site-packages/airflow/example_dags/example_branch_labels.py
[2025-06-01T17:58:45.453+0200] {processor.py:839} INFO - DAG(s) dict_keys(['example_branch_labels']) retrieved from /home/lohit/miniconda3/envs/airflow-env/lib/python3.8/site-packages/airflow/example_dags/example_branch_labels.py
[2025-06-01T17:58:45.463+0200] {logging_mixin.py:154} INFO - [2025-06-01T17:58:45.463+0200] {dag.py:2941} INFO - Sync 1 DAGs
[2025-06-01T17:58:45.474+0200] {logging_mixin.py:154} INFO - [2025-06-01T17:58:45.474+0200] {dag.py:3722} INFO - Setting next_dagrun for example_branch_labels to 2025-05-31T00:00:00+00:00, run_after=2025-06-01T00:00:00+00:00
[2025-06-01T17:58:45.490+0200] {processor.py:179} INFO - Processing /home/lohit/miniconda3/envs/airflow-env/lib/python3.8/site-packages/airflow/example_dags/example_branch_labels.py took 0.047 seconds
[2025-06-01T17:59:29.738+0200] {processor.py:157} INFO - Started process (PID=27670) to work on /home/lohit/miniconda3/envs/airflow-env/lib/python3.8/site-packages/airflow/example_dags/example_branch_labels.py
[2025-06-01T17:59:29.739+0200] {processor.py:829} INFO - Processing file /home/lohit/miniconda3/envs/airflow-env/lib/python3.8/site-packages/airflow/example_dags/example_branch_labels.py for tasks to queue
[2025-06-01T17:59:29.740+0200] {logging_mixin.py:154} INFO - [2025-06-01T17:59:29.740+0200] {dagbag.py:536} INFO - Filling up the DagBag from /home/lohit/miniconda3/envs/airflow-env/lib/python3.8/site-packages/airflow/example_dags/example_branch_labels.py
[2025-06-01T17:59:29.744+0200] {processor.py:839} INFO - DAG(s) dict_keys(['example_branch_labels']) retrieved from /home/lohit/miniconda3/envs/airflow-env/lib/python3.8/site-packages/airflow/example_dags/example_branch_labels.py
[2025-06-01T17:59:29.754+0200] {logging_mixin.py:154} INFO - [2025-06-01T17:59:29.754+0200] {dag.py:2941} INFO - Sync 1 DAGs
[2025-06-01T17:59:29.765+0200] {logging_mixin.py:154} INFO - [2025-06-01T17:59:29.765+0200] {dag.py:3722} INFO - Setting next_dagrun for example_branch_labels to 2025-05-31T00:00:00+00:00, run_after=2025-06-01T00:00:00+00:00
[2025-06-01T17:59:29.780+0200] {processor.py:179} INFO - Processing /home/lohit/miniconda3/envs/airflow-env/lib/python3.8/site-packages/airflow/example_dags/example_branch_labels.py took 0.043 seconds
[2025-06-01T18:00:15.998+0200] {processor.py:157} INFO - Started process (PID=27738) to work on /home/lohit/miniconda3/envs/airflow-env/lib/python3.8/site-packages/airflow/example_dags/example_branch_labels.py
[2025-06-01T18:00:15.999+0200] {processor.py:829} INFO - Processing file /home/lohit/miniconda3/envs/airflow-env/lib/python3.8/site-packages/airflow/example_dags/example_branch_labels.py for tasks to queue
[2025-06-01T18:00:16.000+0200] {logging_mixin.py:154} INFO - [2025-06-01T18:00:16.000+0200] {dagbag.py:536} INFO - Filling up the DagBag from /home/lohit/miniconda3/envs/airflow-env/lib/python3.8/site-packages/airflow/example_dags/example_branch_labels.py
[2025-06-01T18:00:16.004+0200] {processor.py:839} INFO - DAG(s) dict_keys(['example_branch_labels']) retrieved from /home/lohit/miniconda3/envs/airflow-env/lib/python3.8/site-packages/airflow/example_dags/example_branch_labels.py
[2025-06-01T18:00:16.014+0200] {logging_mixin.py:154} INFO - [2025-06-01T18:00:16.014+0200] {dag.py:2941} INFO - Sync 1 DAGs
[2025-06-01T18:00:16.024+0200] {logging_mixin.py:154} INFO - [2025-06-01T18:00:16.024+0200] {dag.py:3722} INFO - Setting next_dagrun for example_branch_labels to 2025-05-31T00:00:00+00:00, run_after=2025-06-01T00:00:00+00:00
[2025-06-01T18:00:16.039+0200] {processor.py:179} INFO - Processing /home/lohit/miniconda3/envs/airflow-env/lib/python3.8/site-packages/airflow/example_dags/example_branch_labels.py took 0.043 seconds
[2025-06-01T18:01:02.158+0200] {processor.py:157} INFO - Started process (PID=27841) to work on /home/lohit/miniconda3/envs/airflow-env/lib/python3.8/site-packages/airflow/example_dags/example_branch_labels.py
[2025-06-01T18:01:02.161+0200] {processor.py:829} INFO - Processing file /home/lohit/miniconda3/envs/airflow-env/lib/python3.8/site-packages/airflow/example_dags/example_branch_labels.py for tasks to queue
[2025-06-01T18:01:02.162+0200] {logging_mixin.py:154} INFO - [2025-06-01T18:01:02.161+0200] {dagbag.py:536} INFO - Filling up the DagBag from /home/lohit/miniconda3/envs/airflow-env/lib/python3.8/site-packages/airflow/example_dags/example_branch_labels.py
[2025-06-01T18:01:02.166+0200] {processor.py:839} INFO - DAG(s) dict_keys(['example_branch_labels']) retrieved from /home/lohit/miniconda3/envs/airflow-env/lib/python3.8/site-packages/airflow/example_dags/example_branch_labels.py
[2025-06-01T18:01:02.177+0200] {logging_mixin.py:154} INFO - [2025-06-01T18:01:02.177+0200] {dag.py:2941} INFO - Sync 1 DAGs
[2025-06-01T18:01:02.188+0200] {logging_mixin.py:154} INFO - [2025-06-01T18:01:02.188+0200] {dag.py:3722} INFO - Setting next_dagrun for example_branch_labels to 2025-05-31T00:00:00+00:00, run_after=2025-06-01T00:00:00+00:00
[2025-06-01T18:01:02.203+0200] {processor.py:179} INFO - Processing /home/lohit/miniconda3/envs/airflow-env/lib/python3.8/site-packages/airflow/example_dags/example_branch_labels.py took 0.048 seconds
[2025-06-01T18:01:51.296+0200] {processor.py:157} INFO - Started process (PID=27913) to work on /home/lohit/miniconda3/envs/airflow-env/lib/python3.8/site-packages/airflow/example_dags/example_branch_labels.py
[2025-06-01T18:01:51.300+0200] {processor.py:829} INFO - Processing file /home/lohit/miniconda3/envs/airflow-env/lib/python3.8/site-packages/airflow/example_dags/example_branch_labels.py for tasks to queue
[2025-06-01T18:01:51.300+0200] {logging_mixin.py:154} INFO - [2025-06-01T18:01:51.300+0200] {dagbag.py:536} INFO - Filling up the DagBag from /home/lohit/miniconda3/envs/airflow-env/lib/python3.8/site-packages/airflow/example_dags/example_branch_labels.py
[2025-06-01T18:01:51.304+0200] {processor.py:839} INFO - DAG(s) dict_keys(['example_branch_labels']) retrieved from /home/lohit/miniconda3/envs/airflow-env/lib/python3.8/site-packages/airflow/example_dags/example_branch_labels.py
[2025-06-01T18:01:51.316+0200] {logging_mixin.py:154} INFO - [2025-06-01T18:01:51.315+0200] {dag.py:2941} INFO - Sync 1 DAGs
[2025-06-01T18:01:51.326+0200] {logging_mixin.py:154} INFO - [2025-06-01T18:01:51.326+0200] {dag.py:3722} INFO - Setting next_dagrun for example_branch_labels to 2025-05-31T00:00:00+00:00, run_after=2025-06-01T00:00:00+00:00
[2025-06-01T18:01:51.341+0200] {processor.py:179} INFO - Processing /home/lohit/miniconda3/envs/airflow-env/lib/python3.8/site-packages/airflow/example_dags/example_branch_labels.py took 0.046 seconds
[2025-06-01T18:02:49.745+0200] {processor.py:157} INFO - Started process (PID=27997) to work on /home/lohit/miniconda3/envs/airflow-env/lib/python3.8/site-packages/airflow/example_dags/example_branch_labels.py
[2025-06-01T18:02:49.749+0200] {processor.py:829} INFO - Processing file /home/lohit/miniconda3/envs/airflow-env/lib/python3.8/site-packages/airflow/example_dags/example_branch_labels.py for tasks to queue
[2025-06-01T18:02:49.750+0200] {logging_mixin.py:154} INFO - [2025-06-01T18:02:49.750+0200] {dagbag.py:536} INFO - Filling up the DagBag from /home/lohit/miniconda3/envs/airflow-env/lib/python3.8/site-packages/airflow/example_dags/example_branch_labels.py
[2025-06-01T18:02:49.755+0200] {processor.py:839} INFO - DAG(s) dict_keys(['example_branch_labels']) retrieved from /home/lohit/miniconda3/envs/airflow-env/lib/python3.8/site-packages/airflow/example_dags/example_branch_labels.py
[2025-06-01T18:02:49.764+0200] {logging_mixin.py:154} INFO - [2025-06-01T18:02:49.764+0200] {dag.py:2941} INFO - Sync 1 DAGs
[2025-06-01T18:02:49.776+0200] {logging_mixin.py:154} INFO - [2025-06-01T18:02:49.776+0200] {dag.py:3722} INFO - Setting next_dagrun for example_branch_labels to 2025-05-31T00:00:00+00:00, run_after=2025-06-01T00:00:00+00:00
[2025-06-01T18:02:49.791+0200] {processor.py:179} INFO - Processing /home/lohit/miniconda3/envs/airflow-env/lib/python3.8/site-packages/airflow/example_dags/example_branch_labels.py took 0.048 seconds
[2025-06-01T18:03:37.617+0200] {processor.py:157} INFO - Started process (PID=28075) to work on /home/lohit/miniconda3/envs/airflow-env/lib/python3.8/site-packages/airflow/example_dags/example_branch_labels.py
[2025-06-01T18:03:37.618+0200] {processor.py:829} INFO - Processing file /home/lohit/miniconda3/envs/airflow-env/lib/python3.8/site-packages/airflow/example_dags/example_branch_labels.py for tasks to queue
[2025-06-01T18:03:37.618+0200] {logging_mixin.py:154} INFO - [2025-06-01T18:03:37.618+0200] {dagbag.py:536} INFO - Filling up the DagBag from /home/lohit/miniconda3/envs/airflow-env/lib/python3.8/site-packages/airflow/example_dags/example_branch_labels.py
[2025-06-01T18:03:37.623+0200] {processor.py:839} INFO - DAG(s) dict_keys(['example_branch_labels']) retrieved from /home/lohit/miniconda3/envs/airflow-env/lib/python3.8/site-packages/airflow/example_dags/example_branch_labels.py
[2025-06-01T18:03:37.634+0200] {logging_mixin.py:154} INFO - [2025-06-01T18:03:37.634+0200] {dag.py:2941} INFO - Sync 1 DAGs
[2025-06-01T18:03:37.646+0200] {logging_mixin.py:154} INFO - [2025-06-01T18:03:37.645+0200] {dag.py:3722} INFO - Setting next_dagrun for example_branch_labels to 2025-05-31T00:00:00+00:00, run_after=2025-06-01T00:00:00+00:00
[2025-06-01T18:03:37.660+0200] {processor.py:179} INFO - Processing /home/lohit/miniconda3/envs/airflow-env/lib/python3.8/site-packages/airflow/example_dags/example_branch_labels.py took 0.045 seconds
[2025-06-01T18:04:23.024+0200] {processor.py:157} INFO - Started process (PID=28147) to work on /home/lohit/miniconda3/envs/airflow-env/lib/python3.8/site-packages/airflow/example_dags/example_branch_labels.py
[2025-06-01T18:04:23.027+0200] {processor.py:829} INFO - Processing file /home/lohit/miniconda3/envs/airflow-env/lib/python3.8/site-packages/airflow/example_dags/example_branch_labels.py for tasks to queue
[2025-06-01T18:04:23.028+0200] {logging_mixin.py:154} INFO - [2025-06-01T18:04:23.028+0200] {dagbag.py:536} INFO - Filling up the DagBag from /home/lohit/miniconda3/envs/airflow-env/lib/python3.8/site-packages/airflow/example_dags/example_branch_labels.py
[2025-06-01T18:04:23.032+0200] {processor.py:839} INFO - DAG(s) dict_keys(['example_branch_labels']) retrieved from /home/lohit/miniconda3/envs/airflow-env/lib/python3.8/site-packages/airflow/example_dags/example_branch_labels.py
[2025-06-01T18:04:23.042+0200] {logging_mixin.py:154} INFO - [2025-06-01T18:04:23.042+0200] {dag.py:2941} INFO - Sync 1 DAGs
[2025-06-01T18:04:23.054+0200] {logging_mixin.py:154} INFO - [2025-06-01T18:04:23.054+0200] {dag.py:3722} INFO - Setting next_dagrun for example_branch_labels to 2025-05-31T00:00:00+00:00, run_after=2025-06-01T00:00:00+00:00
[2025-06-01T18:04:23.069+0200] {processor.py:179} INFO - Processing /home/lohit/miniconda3/envs/airflow-env/lib/python3.8/site-packages/airflow/example_dags/example_branch_labels.py took 0.046 seconds
[2025-06-01T18:05:10.772+0200] {processor.py:157} INFO - Started process (PID=28225) to work on /home/lohit/miniconda3/envs/airflow-env/lib/python3.8/site-packages/airflow/example_dags/example_branch_labels.py
[2025-06-01T18:05:10.775+0200] {processor.py:829} INFO - Processing file /home/lohit/miniconda3/envs/airflow-env/lib/python3.8/site-packages/airflow/example_dags/example_branch_labels.py for tasks to queue
[2025-06-01T18:05:10.776+0200] {logging_mixin.py:154} INFO - [2025-06-01T18:05:10.776+0200] {dagbag.py:536} INFO - Filling up the DagBag from /home/lohit/miniconda3/envs/airflow-env/lib/python3.8/site-packages/airflow/example_dags/example_branch_labels.py
[2025-06-01T18:05:10.780+0200] {processor.py:839} INFO - DAG(s) dict_keys(['example_branch_labels']) retrieved from /home/lohit/miniconda3/envs/airflow-env/lib/python3.8/site-packages/airflow/example_dags/example_branch_labels.py
[2025-06-01T18:05:10.791+0200] {logging_mixin.py:154} INFO - [2025-06-01T18:05:10.790+0200] {dag.py:2941} INFO - Sync 1 DAGs
[2025-06-01T18:05:10.802+0200] {logging_mixin.py:154} INFO - [2025-06-01T18:05:10.802+0200] {dag.py:3722} INFO - Setting next_dagrun for example_branch_labels to 2025-05-31T00:00:00+00:00, run_after=2025-06-01T00:00:00+00:00
[2025-06-01T18:05:10.816+0200] {processor.py:179} INFO - Processing /home/lohit/miniconda3/envs/airflow-env/lib/python3.8/site-packages/airflow/example_dags/example_branch_labels.py took 0.046 seconds
[2025-06-01T18:06:04.363+0200] {processor.py:157} INFO - Started process (PID=28308) to work on /home/lohit/miniconda3/envs/airflow-env/lib/python3.8/site-packages/airflow/example_dags/example_branch_labels.py
[2025-06-01T18:06:04.364+0200] {processor.py:829} INFO - Processing file /home/lohit/miniconda3/envs/airflow-env/lib/python3.8/site-packages/airflow/example_dags/example_branch_labels.py for tasks to queue
[2025-06-01T18:06:04.365+0200] {logging_mixin.py:154} INFO - [2025-06-01T18:06:04.364+0200] {dagbag.py:536} INFO - Filling up the DagBag from /home/lohit/miniconda3/envs/airflow-env/lib/python3.8/site-packages/airflow/example_dags/example_branch_labels.py
[2025-06-01T18:06:04.370+0200] {processor.py:839} INFO - DAG(s) dict_keys(['example_branch_labels']) retrieved from /home/lohit/miniconda3/envs/airflow-env/lib/python3.8/site-packages/airflow/example_dags/example_branch_labels.py
[2025-06-01T18:06:04.381+0200] {logging_mixin.py:154} INFO - [2025-06-01T18:06:04.380+0200] {dag.py:2941} INFO - Sync 1 DAGs
[2025-06-01T18:06:04.394+0200] {logging_mixin.py:154} INFO - [2025-06-01T18:06:04.394+0200] {dag.py:3722} INFO - Setting next_dagrun for example_branch_labels to 2025-05-31T00:00:00+00:00, run_after=2025-06-01T00:00:00+00:00
[2025-06-01T18:06:04.410+0200] {processor.py:179} INFO - Processing /home/lohit/miniconda3/envs/airflow-env/lib/python3.8/site-packages/airflow/example_dags/example_branch_labels.py took 0.049 seconds
[2025-06-01T18:06:48.220+0200] {processor.py:157} INFO - Started process (PID=28376) to work on /home/lohit/miniconda3/envs/airflow-env/lib/python3.8/site-packages/airflow/example_dags/example_branch_labels.py
[2025-06-01T18:06:48.223+0200] {processor.py:829} INFO - Processing file /home/lohit/miniconda3/envs/airflow-env/lib/python3.8/site-packages/airflow/example_dags/example_branch_labels.py for tasks to queue
[2025-06-01T18:06:48.224+0200] {logging_mixin.py:154} INFO - [2025-06-01T18:06:48.224+0200] {dagbag.py:536} INFO - Filling up the DagBag from /home/lohit/miniconda3/envs/airflow-env/lib/python3.8/site-packages/airflow/example_dags/example_branch_labels.py
[2025-06-01T18:06:48.228+0200] {processor.py:839} INFO - DAG(s) dict_keys(['example_branch_labels']) retrieved from /home/lohit/miniconda3/envs/airflow-env/lib/python3.8/site-packages/airflow/example_dags/example_branch_labels.py
[2025-06-01T18:06:48.239+0200] {logging_mixin.py:154} INFO - [2025-06-01T18:06:48.239+0200] {dag.py:2941} INFO - Sync 1 DAGs
[2025-06-01T18:06:48.251+0200] {logging_mixin.py:154} INFO - [2025-06-01T18:06:48.251+0200] {dag.py:3722} INFO - Setting next_dagrun for example_branch_labels to 2025-05-31T00:00:00+00:00, run_after=2025-06-01T00:00:00+00:00
[2025-06-01T18:06:48.266+0200] {processor.py:179} INFO - Processing /home/lohit/miniconda3/envs/airflow-env/lib/python3.8/site-packages/airflow/example_dags/example_branch_labels.py took 0.048 seconds
[2025-06-01T18:07:34.199+0200] {processor.py:157} INFO - Started process (PID=28444) to work on /home/lohit/miniconda3/envs/airflow-env/lib/python3.8/site-packages/airflow/example_dags/example_branch_labels.py
[2025-06-01T18:07:34.203+0200] {processor.py:829} INFO - Processing file /home/lohit/miniconda3/envs/airflow-env/lib/python3.8/site-packages/airflow/example_dags/example_branch_labels.py for tasks to queue
[2025-06-01T18:07:34.204+0200] {logging_mixin.py:154} INFO - [2025-06-01T18:07:34.203+0200] {dagbag.py:536} INFO - Filling up the DagBag from /home/lohit/miniconda3/envs/airflow-env/lib/python3.8/site-packages/airflow/example_dags/example_branch_labels.py
[2025-06-01T18:07:34.210+0200] {processor.py:839} INFO - DAG(s) dict_keys(['example_branch_labels']) retrieved from /home/lohit/miniconda3/envs/airflow-env/lib/python3.8/site-packages/airflow/example_dags/example_branch_labels.py
[2025-06-01T18:07:34.221+0200] {logging_mixin.py:154} INFO - [2025-06-01T18:07:34.221+0200] {dag.py:2941} INFO - Sync 1 DAGs
[2025-06-01T18:07:34.234+0200] {logging_mixin.py:154} INFO - [2025-06-01T18:07:34.233+0200] {dag.py:3722} INFO - Setting next_dagrun for example_branch_labels to 2025-05-31T00:00:00+00:00, run_after=2025-06-01T00:00:00+00:00
[2025-06-01T18:07:34.249+0200] {processor.py:179} INFO - Processing /home/lohit/miniconda3/envs/airflow-env/lib/python3.8/site-packages/airflow/example_dags/example_branch_labels.py took 0.052 seconds
[2025-06-01T18:08:18.845+0200] {processor.py:157} INFO - Started process (PID=28512) to work on /home/lohit/miniconda3/envs/airflow-env/lib/python3.8/site-packages/airflow/example_dags/example_branch_labels.py
[2025-06-01T18:08:18.848+0200] {processor.py:829} INFO - Processing file /home/lohit/miniconda3/envs/airflow-env/lib/python3.8/site-packages/airflow/example_dags/example_branch_labels.py for tasks to queue
[2025-06-01T18:08:18.849+0200] {logging_mixin.py:154} INFO - [2025-06-01T18:08:18.849+0200] {dagbag.py:536} INFO - Filling up the DagBag from /home/lohit/miniconda3/envs/airflow-env/lib/python3.8/site-packages/airflow/example_dags/example_branch_labels.py
[2025-06-01T18:08:18.855+0200] {processor.py:839} INFO - DAG(s) dict_keys(['example_branch_labels']) retrieved from /home/lohit/miniconda3/envs/airflow-env/lib/python3.8/site-packages/airflow/example_dags/example_branch_labels.py
[2025-06-01T18:08:18.868+0200] {logging_mixin.py:154} INFO - [2025-06-01T18:08:18.867+0200] {dag.py:2941} INFO - Sync 1 DAGs
[2025-06-01T18:08:18.880+0200] {logging_mixin.py:154} INFO - [2025-06-01T18:08:18.880+0200] {dag.py:3722} INFO - Setting next_dagrun for example_branch_labels to 2025-05-31T00:00:00+00:00, run_after=2025-06-01T00:00:00+00:00
[2025-06-01T18:08:18.899+0200] {processor.py:179} INFO - Processing /home/lohit/miniconda3/envs/airflow-env/lib/python3.8/site-packages/airflow/example_dags/example_branch_labels.py took 0.056 seconds
[2025-06-01T18:09:11.244+0200] {processor.py:157} INFO - Started process (PID=28591) to work on /home/lohit/miniconda3/envs/airflow-env/lib/python3.8/site-packages/airflow/example_dags/example_branch_labels.py
[2025-06-01T18:09:11.247+0200] {processor.py:829} INFO - Processing file /home/lohit/miniconda3/envs/airflow-env/lib/python3.8/site-packages/airflow/example_dags/example_branch_labels.py for tasks to queue
[2025-06-01T18:09:11.248+0200] {logging_mixin.py:154} INFO - [2025-06-01T18:09:11.247+0200] {dagbag.py:536} INFO - Filling up the DagBag from /home/lohit/miniconda3/envs/airflow-env/lib/python3.8/site-packages/airflow/example_dags/example_branch_labels.py
[2025-06-01T18:09:11.252+0200] {processor.py:839} INFO - DAG(s) dict_keys(['example_branch_labels']) retrieved from /home/lohit/miniconda3/envs/airflow-env/lib/python3.8/site-packages/airflow/example_dags/example_branch_labels.py
[2025-06-01T18:09:11.262+0200] {logging_mixin.py:154} INFO - [2025-06-01T18:09:11.262+0200] {dag.py:2941} INFO - Sync 1 DAGs
[2025-06-01T18:09:11.273+0200] {logging_mixin.py:154} INFO - [2025-06-01T18:09:11.273+0200] {dag.py:3722} INFO - Setting next_dagrun for example_branch_labels to 2025-05-31T00:00:00+00:00, run_after=2025-06-01T00:00:00+00:00
[2025-06-01T18:09:11.289+0200] {processor.py:179} INFO - Processing /home/lohit/miniconda3/envs/airflow-env/lib/python3.8/site-packages/airflow/example_dags/example_branch_labels.py took 0.047 seconds
[2025-06-01T18:09:57.486+0200] {processor.py:157} INFO - Started process (PID=28670) to work on /home/lohit/miniconda3/envs/airflow-env/lib/python3.8/site-packages/airflow/example_dags/example_branch_labels.py
[2025-06-01T18:09:57.490+0200] {processor.py:829} INFO - Processing file /home/lohit/miniconda3/envs/airflow-env/lib/python3.8/site-packages/airflow/example_dags/example_branch_labels.py for tasks to queue
[2025-06-01T18:09:57.490+0200] {logging_mixin.py:154} INFO - [2025-06-01T18:09:57.490+0200] {dagbag.py:536} INFO - Filling up the DagBag from /home/lohit/miniconda3/envs/airflow-env/lib/python3.8/site-packages/airflow/example_dags/example_branch_labels.py
[2025-06-01T18:09:57.495+0200] {processor.py:839} INFO - DAG(s) dict_keys(['example_branch_labels']) retrieved from /home/lohit/miniconda3/envs/airflow-env/lib/python3.8/site-packages/airflow/example_dags/example_branch_labels.py
[2025-06-01T18:09:57.505+0200] {logging_mixin.py:154} INFO - [2025-06-01T18:09:57.505+0200] {dag.py:2941} INFO - Sync 1 DAGs
[2025-06-01T18:09:57.516+0200] {logging_mixin.py:154} INFO - [2025-06-01T18:09:57.516+0200] {dag.py:3722} INFO - Setting next_dagrun for example_branch_labels to 2025-05-31T00:00:00+00:00, run_after=2025-06-01T00:00:00+00:00
[2025-06-01T18:09:57.532+0200] {processor.py:179} INFO - Processing /home/lohit/miniconda3/envs/airflow-env/lib/python3.8/site-packages/airflow/example_dags/example_branch_labels.py took 0.048 seconds
[2025-06-01T18:10:46.058+0200] {processor.py:157} INFO - Started process (PID=28745) to work on /home/lohit/miniconda3/envs/airflow-env/lib/python3.8/site-packages/airflow/example_dags/example_branch_labels.py
[2025-06-01T18:10:46.061+0200] {processor.py:829} INFO - Processing file /home/lohit/miniconda3/envs/airflow-env/lib/python3.8/site-packages/airflow/example_dags/example_branch_labels.py for tasks to queue
[2025-06-01T18:10:46.062+0200] {logging_mixin.py:154} INFO - [2025-06-01T18:10:46.061+0200] {dagbag.py:536} INFO - Filling up the DagBag from /home/lohit/miniconda3/envs/airflow-env/lib/python3.8/site-packages/airflow/example_dags/example_branch_labels.py
[2025-06-01T18:10:46.066+0200] {processor.py:839} INFO - DAG(s) dict_keys(['example_branch_labels']) retrieved from /home/lohit/miniconda3/envs/airflow-env/lib/python3.8/site-packages/airflow/example_dags/example_branch_labels.py
[2025-06-01T18:10:46.077+0200] {logging_mixin.py:154} INFO - [2025-06-01T18:10:46.077+0200] {dag.py:2941} INFO - Sync 1 DAGs
[2025-06-01T18:10:46.090+0200] {logging_mixin.py:154} INFO - [2025-06-01T18:10:46.090+0200] {dag.py:3722} INFO - Setting next_dagrun for example_branch_labels to 2025-05-31T00:00:00+00:00, run_after=2025-06-01T00:00:00+00:00
[2025-06-01T18:10:46.108+0200] {processor.py:179} INFO - Processing /home/lohit/miniconda3/envs/airflow-env/lib/python3.8/site-packages/airflow/example_dags/example_branch_labels.py took 0.052 seconds
[2025-06-01T18:11:33.290+0200] {processor.py:157} INFO - Started process (PID=28815) to work on /home/lohit/miniconda3/envs/airflow-env/lib/python3.8/site-packages/airflow/example_dags/example_branch_labels.py
[2025-06-01T18:11:33.293+0200] {processor.py:829} INFO - Processing file /home/lohit/miniconda3/envs/airflow-env/lib/python3.8/site-packages/airflow/example_dags/example_branch_labels.py for tasks to queue
[2025-06-01T18:11:33.294+0200] {logging_mixin.py:154} INFO - [2025-06-01T18:11:33.294+0200] {dagbag.py:536} INFO - Filling up the DagBag from /home/lohit/miniconda3/envs/airflow-env/lib/python3.8/site-packages/airflow/example_dags/example_branch_labels.py
[2025-06-01T18:11:33.299+0200] {processor.py:839} INFO - DAG(s) dict_keys(['example_branch_labels']) retrieved from /home/lohit/miniconda3/envs/airflow-env/lib/python3.8/site-packages/airflow/example_dags/example_branch_labels.py
[2025-06-01T18:11:33.309+0200] {logging_mixin.py:154} INFO - [2025-06-01T18:11:33.309+0200] {dag.py:2941} INFO - Sync 1 DAGs
[2025-06-01T18:11:33.320+0200] {logging_mixin.py:154} INFO - [2025-06-01T18:11:33.320+0200] {dag.py:3722} INFO - Setting next_dagrun for example_branch_labels to 2025-05-31T00:00:00+00:00, run_after=2025-06-01T00:00:00+00:00
[2025-06-01T18:11:33.335+0200] {processor.py:179} INFO - Processing /home/lohit/miniconda3/envs/airflow-env/lib/python3.8/site-packages/airflow/example_dags/example_branch_labels.py took 0.047 seconds
[2025-06-01T18:12:25.760+0200] {processor.py:157} INFO - Started process (PID=28897) to work on /home/lohit/miniconda3/envs/airflow-env/lib/python3.8/site-packages/airflow/example_dags/example_branch_labels.py
[2025-06-01T18:12:25.763+0200] {processor.py:829} INFO - Processing file /home/lohit/miniconda3/envs/airflow-env/lib/python3.8/site-packages/airflow/example_dags/example_branch_labels.py for tasks to queue
[2025-06-01T18:12:25.764+0200] {logging_mixin.py:154} INFO - [2025-06-01T18:12:25.764+0200] {dagbag.py:536} INFO - Filling up the DagBag from /home/lohit/miniconda3/envs/airflow-env/lib/python3.8/site-packages/airflow/example_dags/example_branch_labels.py
[2025-06-01T18:12:25.769+0200] {processor.py:839} INFO - DAG(s) dict_keys(['example_branch_labels']) retrieved from /home/lohit/miniconda3/envs/airflow-env/lib/python3.8/site-packages/airflow/example_dags/example_branch_labels.py
[2025-06-01T18:12:25.778+0200] {logging_mixin.py:154} INFO - [2025-06-01T18:12:25.778+0200] {dag.py:2941} INFO - Sync 1 DAGs
[2025-06-01T18:12:25.789+0200] {logging_mixin.py:154} INFO - [2025-06-01T18:12:25.789+0200] {dag.py:3722} INFO - Setting next_dagrun for example_branch_labels to 2025-05-31T00:00:00+00:00, run_after=2025-06-01T00:00:00+00:00
[2025-06-01T18:12:25.804+0200] {processor.py:179} INFO - Processing /home/lohit/miniconda3/envs/airflow-env/lib/python3.8/site-packages/airflow/example_dags/example_branch_labels.py took 0.045 seconds
[2025-06-01T18:13:15.839+0200] {processor.py:157} INFO - Started process (PID=28968) to work on /home/lohit/miniconda3/envs/airflow-env/lib/python3.8/site-packages/airflow/example_dags/example_branch_labels.py
[2025-06-01T18:13:15.842+0200] {processor.py:829} INFO - Processing file /home/lohit/miniconda3/envs/airflow-env/lib/python3.8/site-packages/airflow/example_dags/example_branch_labels.py for tasks to queue
[2025-06-01T18:13:15.843+0200] {logging_mixin.py:154} INFO - [2025-06-01T18:13:15.843+0200] {dagbag.py:536} INFO - Filling up the DagBag from /home/lohit/miniconda3/envs/airflow-env/lib/python3.8/site-packages/airflow/example_dags/example_branch_labels.py
[2025-06-01T18:13:15.849+0200] {processor.py:839} INFO - DAG(s) dict_keys(['example_branch_labels']) retrieved from /home/lohit/miniconda3/envs/airflow-env/lib/python3.8/site-packages/airflow/example_dags/example_branch_labels.py
[2025-06-01T18:13:15.860+0200] {logging_mixin.py:154} INFO - [2025-06-01T18:13:15.860+0200] {dag.py:2941} INFO - Sync 1 DAGs
[2025-06-01T18:13:15.873+0200] {logging_mixin.py:154} INFO - [2025-06-01T18:13:15.873+0200] {dag.py:3722} INFO - Setting next_dagrun for example_branch_labels to 2025-05-31T00:00:00+00:00, run_after=2025-06-01T00:00:00+00:00
[2025-06-01T18:13:15.893+0200] {processor.py:179} INFO - Processing /home/lohit/miniconda3/envs/airflow-env/lib/python3.8/site-packages/airflow/example_dags/example_branch_labels.py took 0.057 seconds
[2025-06-01T18:13:58.896+0200] {processor.py:157} INFO - Started process (PID=29037) to work on /home/lohit/miniconda3/envs/airflow-env/lib/python3.8/site-packages/airflow/example_dags/example_branch_labels.py
[2025-06-01T18:13:58.899+0200] {processor.py:829} INFO - Processing file /home/lohit/miniconda3/envs/airflow-env/lib/python3.8/site-packages/airflow/example_dags/example_branch_labels.py for tasks to queue
[2025-06-01T18:13:58.900+0200] {logging_mixin.py:154} INFO - [2025-06-01T18:13:58.900+0200] {dagbag.py:536} INFO - Filling up the DagBag from /home/lohit/miniconda3/envs/airflow-env/lib/python3.8/site-packages/airflow/example_dags/example_branch_labels.py
[2025-06-01T18:13:58.905+0200] {processor.py:839} INFO - DAG(s) dict_keys(['example_branch_labels']) retrieved from /home/lohit/miniconda3/envs/airflow-env/lib/python3.8/site-packages/airflow/example_dags/example_branch_labels.py
[2025-06-01T18:13:58.918+0200] {logging_mixin.py:154} INFO - [2025-06-01T18:13:58.917+0200] {dag.py:2941} INFO - Sync 1 DAGs
[2025-06-01T18:13:58.932+0200] {logging_mixin.py:154} INFO - [2025-06-01T18:13:58.932+0200] {dag.py:3722} INFO - Setting next_dagrun for example_branch_labels to 2025-05-31T00:00:00+00:00, run_after=2025-06-01T00:00:00+00:00
[2025-06-01T18:13:58.950+0200] {processor.py:179} INFO - Processing /home/lohit/miniconda3/envs/airflow-env/lib/python3.8/site-packages/airflow/example_dags/example_branch_labels.py took 0.056 seconds
[2025-06-01T18:14:44.390+0200] {processor.py:157} INFO - Started process (PID=29105) to work on /home/lohit/miniconda3/envs/airflow-env/lib/python3.8/site-packages/airflow/example_dags/example_branch_labels.py
[2025-06-01T18:14:44.394+0200] {processor.py:829} INFO - Processing file /home/lohit/miniconda3/envs/airflow-env/lib/python3.8/site-packages/airflow/example_dags/example_branch_labels.py for tasks to queue
[2025-06-01T18:14:44.394+0200] {logging_mixin.py:154} INFO - [2025-06-01T18:14:44.394+0200] {dagbag.py:536} INFO - Filling up the DagBag from /home/lohit/miniconda3/envs/airflow-env/lib/python3.8/site-packages/airflow/example_dags/example_branch_labels.py
[2025-06-01T18:14:44.400+0200] {processor.py:839} INFO - DAG(s) dict_keys(['example_branch_labels']) retrieved from /home/lohit/miniconda3/envs/airflow-env/lib/python3.8/site-packages/airflow/example_dags/example_branch_labels.py
[2025-06-01T18:14:44.412+0200] {logging_mixin.py:154} INFO - [2025-06-01T18:14:44.411+0200] {dag.py:2941} INFO - Sync 1 DAGs
[2025-06-01T18:14:44.427+0200] {logging_mixin.py:154} INFO - [2025-06-01T18:14:44.427+0200] {dag.py:3722} INFO - Setting next_dagrun for example_branch_labels to 2025-05-31T00:00:00+00:00, run_after=2025-06-01T00:00:00+00:00
[2025-06-01T18:14:44.443+0200] {processor.py:179} INFO - Processing /home/lohit/miniconda3/envs/airflow-env/lib/python3.8/site-packages/airflow/example_dags/example_branch_labels.py took 0.055 seconds
[2025-06-01T18:15:32.316+0200] {processor.py:157} INFO - Started process (PID=29176) to work on /home/lohit/miniconda3/envs/airflow-env/lib/python3.8/site-packages/airflow/example_dags/example_branch_labels.py
[2025-06-01T18:15:32.319+0200] {processor.py:829} INFO - Processing file /home/lohit/miniconda3/envs/airflow-env/lib/python3.8/site-packages/airflow/example_dags/example_branch_labels.py for tasks to queue
[2025-06-01T18:15:32.320+0200] {logging_mixin.py:154} INFO - [2025-06-01T18:15:32.320+0200] {dagbag.py:536} INFO - Filling up the DagBag from /home/lohit/miniconda3/envs/airflow-env/lib/python3.8/site-packages/airflow/example_dags/example_branch_labels.py
[2025-06-01T18:15:32.325+0200] {processor.py:839} INFO - DAG(s) dict_keys(['example_branch_labels']) retrieved from /home/lohit/miniconda3/envs/airflow-env/lib/python3.8/site-packages/airflow/example_dags/example_branch_labels.py
[2025-06-01T18:15:32.337+0200] {logging_mixin.py:154} INFO - [2025-06-01T18:15:32.337+0200] {dag.py:2941} INFO - Sync 1 DAGs
[2025-06-01T18:15:32.349+0200] {logging_mixin.py:154} INFO - [2025-06-01T18:15:32.349+0200] {dag.py:3722} INFO - Setting next_dagrun for example_branch_labels to 2025-05-31T00:00:00+00:00, run_after=2025-06-01T00:00:00+00:00
[2025-06-01T18:15:32.366+0200] {processor.py:179} INFO - Processing /home/lohit/miniconda3/envs/airflow-env/lib/python3.8/site-packages/airflow/example_dags/example_branch_labels.py took 0.052 seconds
[2025-06-01T18:16:22.050+0200] {processor.py:157} INFO - Started process (PID=29249) to work on /home/lohit/miniconda3/envs/airflow-env/lib/python3.8/site-packages/airflow/example_dags/example_branch_labels.py
[2025-06-01T18:16:22.053+0200] {processor.py:829} INFO - Processing file /home/lohit/miniconda3/envs/airflow-env/lib/python3.8/site-packages/airflow/example_dags/example_branch_labels.py for tasks to queue
[2025-06-01T18:16:22.054+0200] {logging_mixin.py:154} INFO - [2025-06-01T18:16:22.054+0200] {dagbag.py:536} INFO - Filling up the DagBag from /home/lohit/miniconda3/envs/airflow-env/lib/python3.8/site-packages/airflow/example_dags/example_branch_labels.py
[2025-06-01T18:16:22.059+0200] {processor.py:839} INFO - DAG(s) dict_keys(['example_branch_labels']) retrieved from /home/lohit/miniconda3/envs/airflow-env/lib/python3.8/site-packages/airflow/example_dags/example_branch_labels.py
[2025-06-01T18:16:22.069+0200] {logging_mixin.py:154} INFO - [2025-06-01T18:16:22.069+0200] {dag.py:2941} INFO - Sync 1 DAGs
[2025-06-01T18:16:22.080+0200] {logging_mixin.py:154} INFO - [2025-06-01T18:16:22.080+0200] {dag.py:3722} INFO - Setting next_dagrun for example_branch_labels to 2025-05-31T00:00:00+00:00, run_after=2025-06-01T00:00:00+00:00
[2025-06-01T18:16:22.094+0200] {processor.py:179} INFO - Processing /home/lohit/miniconda3/envs/airflow-env/lib/python3.8/site-packages/airflow/example_dags/example_branch_labels.py took 0.046 seconds
[2025-06-01T18:17:09.957+0200] {processor.py:157} INFO - Started process (PID=29322) to work on /home/lohit/miniconda3/envs/airflow-env/lib/python3.8/site-packages/airflow/example_dags/example_branch_labels.py
[2025-06-01T18:17:09.958+0200] {processor.py:829} INFO - Processing file /home/lohit/miniconda3/envs/airflow-env/lib/python3.8/site-packages/airflow/example_dags/example_branch_labels.py for tasks to queue
[2025-06-01T18:17:09.958+0200] {logging_mixin.py:154} INFO - [2025-06-01T18:17:09.958+0200] {dagbag.py:536} INFO - Filling up the DagBag from /home/lohit/miniconda3/envs/airflow-env/lib/python3.8/site-packages/airflow/example_dags/example_branch_labels.py
[2025-06-01T18:17:09.963+0200] {processor.py:839} INFO - DAG(s) dict_keys(['example_branch_labels']) retrieved from /home/lohit/miniconda3/envs/airflow-env/lib/python3.8/site-packages/airflow/example_dags/example_branch_labels.py
[2025-06-01T18:17:09.974+0200] {logging_mixin.py:154} INFO - [2025-06-01T18:17:09.973+0200] {dag.py:2941} INFO - Sync 1 DAGs
[2025-06-01T18:17:09.986+0200] {logging_mixin.py:154} INFO - [2025-06-01T18:17:09.985+0200] {dag.py:3722} INFO - Setting next_dagrun for example_branch_labels to 2025-05-31T00:00:00+00:00, run_after=2025-06-01T00:00:00+00:00
[2025-06-01T18:17:10.000+0200] {processor.py:179} INFO - Processing /home/lohit/miniconda3/envs/airflow-env/lib/python3.8/site-packages/airflow/example_dags/example_branch_labels.py took 0.045 seconds
[2025-06-01T18:17:53.925+0200] {processor.py:157} INFO - Started process (PID=29391) to work on /home/lohit/miniconda3/envs/airflow-env/lib/python3.8/site-packages/airflow/example_dags/example_branch_labels.py
[2025-06-01T18:17:53.929+0200] {processor.py:829} INFO - Processing file /home/lohit/miniconda3/envs/airflow-env/lib/python3.8/site-packages/airflow/example_dags/example_branch_labels.py for tasks to queue
[2025-06-01T18:17:53.930+0200] {logging_mixin.py:154} INFO - [2025-06-01T18:17:53.929+0200] {dagbag.py:536} INFO - Filling up the DagBag from /home/lohit/miniconda3/envs/airflow-env/lib/python3.8/site-packages/airflow/example_dags/example_branch_labels.py
[2025-06-01T18:17:53.935+0200] {processor.py:839} INFO - DAG(s) dict_keys(['example_branch_labels']) retrieved from /home/lohit/miniconda3/envs/airflow-env/lib/python3.8/site-packages/airflow/example_dags/example_branch_labels.py
[2025-06-01T18:17:53.946+0200] {logging_mixin.py:154} INFO - [2025-06-01T18:17:53.946+0200] {dag.py:2941} INFO - Sync 1 DAGs
[2025-06-01T18:17:53.958+0200] {logging_mixin.py:154} INFO - [2025-06-01T18:17:53.958+0200] {dag.py:3722} INFO - Setting next_dagrun for example_branch_labels to 2025-05-31T00:00:00+00:00, run_after=2025-06-01T00:00:00+00:00
[2025-06-01T18:17:53.975+0200] {processor.py:179} INFO - Processing /home/lohit/miniconda3/envs/airflow-env/lib/python3.8/site-packages/airflow/example_dags/example_branch_labels.py took 0.051 seconds
[2025-06-01T18:18:41.077+0200] {processor.py:157} INFO - Started process (PID=29460) to work on /home/lohit/miniconda3/envs/airflow-env/lib/python3.8/site-packages/airflow/example_dags/example_branch_labels.py
[2025-06-01T18:18:41.081+0200] {processor.py:829} INFO - Processing file /home/lohit/miniconda3/envs/airflow-env/lib/python3.8/site-packages/airflow/example_dags/example_branch_labels.py for tasks to queue
[2025-06-01T18:18:41.081+0200] {logging_mixin.py:154} INFO - [2025-06-01T18:18:41.081+0200] {dagbag.py:536} INFO - Filling up the DagBag from /home/lohit/miniconda3/envs/airflow-env/lib/python3.8/site-packages/airflow/example_dags/example_branch_labels.py
[2025-06-01T18:18:41.087+0200] {processor.py:839} INFO - DAG(s) dict_keys(['example_branch_labels']) retrieved from /home/lohit/miniconda3/envs/airflow-env/lib/python3.8/site-packages/airflow/example_dags/example_branch_labels.py
[2025-06-01T18:18:41.097+0200] {logging_mixin.py:154} INFO - [2025-06-01T18:18:41.097+0200] {dag.py:2941} INFO - Sync 1 DAGs
[2025-06-01T18:18:41.110+0200] {logging_mixin.py:154} INFO - [2025-06-01T18:18:41.110+0200] {dag.py:3722} INFO - Setting next_dagrun for example_branch_labels to 2025-05-31T00:00:00+00:00, run_after=2025-06-01T00:00:00+00:00
[2025-06-01T18:18:41.126+0200] {processor.py:179} INFO - Processing /home/lohit/miniconda3/envs/airflow-env/lib/python3.8/site-packages/airflow/example_dags/example_branch_labels.py took 0.050 seconds
[2025-06-01T18:19:28.197+0200] {processor.py:157} INFO - Started process (PID=29529) to work on /home/lohit/miniconda3/envs/airflow-env/lib/python3.8/site-packages/airflow/example_dags/example_branch_labels.py
[2025-06-01T18:19:28.200+0200] {processor.py:829} INFO - Processing file /home/lohit/miniconda3/envs/airflow-env/lib/python3.8/site-packages/airflow/example_dags/example_branch_labels.py for tasks to queue
[2025-06-01T18:19:28.201+0200] {logging_mixin.py:154} INFO - [2025-06-01T18:19:28.200+0200] {dagbag.py:536} INFO - Filling up the DagBag from /home/lohit/miniconda3/envs/airflow-env/lib/python3.8/site-packages/airflow/example_dags/example_branch_labels.py
[2025-06-01T18:19:28.207+0200] {processor.py:839} INFO - DAG(s) dict_keys(['example_branch_labels']) retrieved from /home/lohit/miniconda3/envs/airflow-env/lib/python3.8/site-packages/airflow/example_dags/example_branch_labels.py
[2025-06-01T18:19:28.218+0200] {logging_mixin.py:154} INFO - [2025-06-01T18:19:28.218+0200] {dag.py:2941} INFO - Sync 1 DAGs
[2025-06-01T18:19:28.231+0200] {logging_mixin.py:154} INFO - [2025-06-01T18:19:28.231+0200] {dag.py:3722} INFO - Setting next_dagrun for example_branch_labels to 2025-05-31T00:00:00+00:00, run_after=2025-06-01T00:00:00+00:00
[2025-06-01T18:19:28.247+0200] {processor.py:179} INFO - Processing /home/lohit/miniconda3/envs/airflow-env/lib/python3.8/site-packages/airflow/example_dags/example_branch_labels.py took 0.053 seconds
[2025-06-01T18:20:16.539+0200] {processor.py:157} INFO - Started process (PID=29600) to work on /home/lohit/miniconda3/envs/airflow-env/lib/python3.8/site-packages/airflow/example_dags/example_branch_labels.py
[2025-06-01T18:20:16.542+0200] {processor.py:829} INFO - Processing file /home/lohit/miniconda3/envs/airflow-env/lib/python3.8/site-packages/airflow/example_dags/example_branch_labels.py for tasks to queue
[2025-06-01T18:20:16.543+0200] {logging_mixin.py:154} INFO - [2025-06-01T18:20:16.542+0200] {dagbag.py:536} INFO - Filling up the DagBag from /home/lohit/miniconda3/envs/airflow-env/lib/python3.8/site-packages/airflow/example_dags/example_branch_labels.py
[2025-06-01T18:20:16.548+0200] {processor.py:839} INFO - DAG(s) dict_keys(['example_branch_labels']) retrieved from /home/lohit/miniconda3/envs/airflow-env/lib/python3.8/site-packages/airflow/example_dags/example_branch_labels.py
[2025-06-01T18:20:16.561+0200] {logging_mixin.py:154} INFO - [2025-06-01T18:20:16.561+0200] {dag.py:2941} INFO - Sync 1 DAGs
[2025-06-01T18:20:16.575+0200] {logging_mixin.py:154} INFO - [2025-06-01T18:20:16.575+0200] {dag.py:3722} INFO - Setting next_dagrun for example_branch_labels to 2025-05-31T00:00:00+00:00, run_after=2025-06-01T00:00:00+00:00
[2025-06-01T18:20:16.593+0200] {processor.py:179} INFO - Processing /home/lohit/miniconda3/envs/airflow-env/lib/python3.8/site-packages/airflow/example_dags/example_branch_labels.py took 0.057 seconds
[2025-06-01T18:21:04.742+0200] {processor.py:157} INFO - Started process (PID=29672) to work on /home/lohit/miniconda3/envs/airflow-env/lib/python3.8/site-packages/airflow/example_dags/example_branch_labels.py
[2025-06-01T18:21:04.745+0200] {processor.py:829} INFO - Processing file /home/lohit/miniconda3/envs/airflow-env/lib/python3.8/site-packages/airflow/example_dags/example_branch_labels.py for tasks to queue
[2025-06-01T18:21:04.746+0200] {logging_mixin.py:154} INFO - [2025-06-01T18:21:04.746+0200] {dagbag.py:536} INFO - Filling up the DagBag from /home/lohit/miniconda3/envs/airflow-env/lib/python3.8/site-packages/airflow/example_dags/example_branch_labels.py
[2025-06-01T18:21:04.751+0200] {processor.py:839} INFO - DAG(s) dict_keys(['example_branch_labels']) retrieved from /home/lohit/miniconda3/envs/airflow-env/lib/python3.8/site-packages/airflow/example_dags/example_branch_labels.py
[2025-06-01T18:21:04.762+0200] {logging_mixin.py:154} INFO - [2025-06-01T18:21:04.762+0200] {dag.py:2941} INFO - Sync 1 DAGs
[2025-06-01T18:21:04.777+0200] {logging_mixin.py:154} INFO - [2025-06-01T18:21:04.777+0200] {dag.py:3722} INFO - Setting next_dagrun for example_branch_labels to 2025-05-31T00:00:00+00:00, run_after=2025-06-01T00:00:00+00:00
[2025-06-01T18:21:04.794+0200] {processor.py:179} INFO - Processing /home/lohit/miniconda3/envs/airflow-env/lib/python3.8/site-packages/airflow/example_dags/example_branch_labels.py took 0.055 seconds
[2025-06-01T18:21:52.794+0200] {processor.py:157} INFO - Started process (PID=29742) to work on /home/lohit/miniconda3/envs/airflow-env/lib/python3.8/site-packages/airflow/example_dags/example_branch_labels.py
[2025-06-01T18:21:52.797+0200] {processor.py:829} INFO - Processing file /home/lohit/miniconda3/envs/airflow-env/lib/python3.8/site-packages/airflow/example_dags/example_branch_labels.py for tasks to queue
[2025-06-01T18:21:52.798+0200] {logging_mixin.py:154} INFO - [2025-06-01T18:21:52.798+0200] {dagbag.py:536} INFO - Filling up the DagBag from /home/lohit/miniconda3/envs/airflow-env/lib/python3.8/site-packages/airflow/example_dags/example_branch_labels.py
[2025-06-01T18:21:52.803+0200] {processor.py:839} INFO - DAG(s) dict_keys(['example_branch_labels']) retrieved from /home/lohit/miniconda3/envs/airflow-env/lib/python3.8/site-packages/airflow/example_dags/example_branch_labels.py
[2025-06-01T18:21:52.814+0200] {logging_mixin.py:154} INFO - [2025-06-01T18:21:52.814+0200] {dag.py:2941} INFO - Sync 1 DAGs
[2025-06-01T18:21:52.826+0200] {logging_mixin.py:154} INFO - [2025-06-01T18:21:52.826+0200] {dag.py:3722} INFO - Setting next_dagrun for example_branch_labels to 2025-05-31T00:00:00+00:00, run_after=2025-06-01T00:00:00+00:00
[2025-06-01T18:21:52.843+0200] {processor.py:179} INFO - Processing /home/lohit/miniconda3/envs/airflow-env/lib/python3.8/site-packages/airflow/example_dags/example_branch_labels.py took 0.051 seconds
[2025-06-01T18:22:39.036+0200] {processor.py:157} INFO - Started process (PID=29811) to work on /home/lohit/miniconda3/envs/airflow-env/lib/python3.8/site-packages/airflow/example_dags/example_branch_labels.py
[2025-06-01T18:22:39.039+0200] {processor.py:829} INFO - Processing file /home/lohit/miniconda3/envs/airflow-env/lib/python3.8/site-packages/airflow/example_dags/example_branch_labels.py for tasks to queue
[2025-06-01T18:22:39.040+0200] {logging_mixin.py:154} INFO - [2025-06-01T18:22:39.039+0200] {dagbag.py:536} INFO - Filling up the DagBag from /home/lohit/miniconda3/envs/airflow-env/lib/python3.8/site-packages/airflow/example_dags/example_branch_labels.py
[2025-06-01T18:22:39.045+0200] {processor.py:839} INFO - DAG(s) dict_keys(['example_branch_labels']) retrieved from /home/lohit/miniconda3/envs/airflow-env/lib/python3.8/site-packages/airflow/example_dags/example_branch_labels.py
[2025-06-01T18:22:39.057+0200] {logging_mixin.py:154} INFO - [2025-06-01T18:22:39.056+0200] {dag.py:2941} INFO - Sync 1 DAGs
[2025-06-01T18:22:39.070+0200] {logging_mixin.py:154} INFO - [2025-06-01T18:22:39.070+0200] {dag.py:3722} INFO - Setting next_dagrun for example_branch_labels to 2025-05-31T00:00:00+00:00, run_after=2025-06-01T00:00:00+00:00
[2025-06-01T18:22:39.089+0200] {processor.py:179} INFO - Processing /home/lohit/miniconda3/envs/airflow-env/lib/python3.8/site-packages/airflow/example_dags/example_branch_labels.py took 0.056 seconds
[2025-06-01T18:23:27.861+0200] {processor.py:157} INFO - Started process (PID=29882) to work on /home/lohit/miniconda3/envs/airflow-env/lib/python3.8/site-packages/airflow/example_dags/example_branch_labels.py
[2025-06-01T18:23:27.864+0200] {processor.py:829} INFO - Processing file /home/lohit/miniconda3/envs/airflow-env/lib/python3.8/site-packages/airflow/example_dags/example_branch_labels.py for tasks to queue
[2025-06-01T18:23:27.865+0200] {logging_mixin.py:154} INFO - [2025-06-01T18:23:27.865+0200] {dagbag.py:536} INFO - Filling up the DagBag from /home/lohit/miniconda3/envs/airflow-env/lib/python3.8/site-packages/airflow/example_dags/example_branch_labels.py
[2025-06-01T18:23:27.871+0200] {processor.py:839} INFO - DAG(s) dict_keys(['example_branch_labels']) retrieved from /home/lohit/miniconda3/envs/airflow-env/lib/python3.8/site-packages/airflow/example_dags/example_branch_labels.py
[2025-06-01T18:23:27.884+0200] {logging_mixin.py:154} INFO - [2025-06-01T18:23:27.884+0200] {dag.py:2941} INFO - Sync 1 DAGs
[2025-06-01T18:23:27.897+0200] {logging_mixin.py:154} INFO - [2025-06-01T18:23:27.897+0200] {dag.py:3722} INFO - Setting next_dagrun for example_branch_labels to 2025-05-31T00:00:00+00:00, run_after=2025-06-01T00:00:00+00:00
[2025-06-01T18:23:27.914+0200] {processor.py:179} INFO - Processing /home/lohit/miniconda3/envs/airflow-env/lib/python3.8/site-packages/airflow/example_dags/example_branch_labels.py took 0.056 seconds
[2025-06-01T18:24:15.477+0200] {processor.py:157} INFO - Started process (PID=29953) to work on /home/lohit/miniconda3/envs/airflow-env/lib/python3.8/site-packages/airflow/example_dags/example_branch_labels.py
[2025-06-01T18:24:15.481+0200] {processor.py:829} INFO - Processing file /home/lohit/miniconda3/envs/airflow-env/lib/python3.8/site-packages/airflow/example_dags/example_branch_labels.py for tasks to queue
[2025-06-01T18:24:15.481+0200] {logging_mixin.py:154} INFO - [2025-06-01T18:24:15.481+0200] {dagbag.py:536} INFO - Filling up the DagBag from /home/lohit/miniconda3/envs/airflow-env/lib/python3.8/site-packages/airflow/example_dags/example_branch_labels.py
[2025-06-01T18:24:15.486+0200] {processor.py:839} INFO - DAG(s) dict_keys(['example_branch_labels']) retrieved from /home/lohit/miniconda3/envs/airflow-env/lib/python3.8/site-packages/airflow/example_dags/example_branch_labels.py
[2025-06-01T18:24:15.502+0200] {logging_mixin.py:154} INFO - [2025-06-01T18:24:15.502+0200] {dag.py:2941} INFO - Sync 1 DAGs
[2025-06-01T18:24:15.518+0200] {logging_mixin.py:154} INFO - [2025-06-01T18:24:15.517+0200] {dag.py:3722} INFO - Setting next_dagrun for example_branch_labels to 2025-05-31T00:00:00+00:00, run_after=2025-06-01T00:00:00+00:00
[2025-06-01T18:24:15.533+0200] {processor.py:179} INFO - Processing /home/lohit/miniconda3/envs/airflow-env/lib/python3.8/site-packages/airflow/example_dags/example_branch_labels.py took 0.057 seconds
[2025-06-01T18:25:02.542+0200] {processor.py:157} INFO - Started process (PID=30022) to work on /home/lohit/miniconda3/envs/airflow-env/lib/python3.8/site-packages/airflow/example_dags/example_branch_labels.py
[2025-06-01T18:25:02.545+0200] {processor.py:829} INFO - Processing file /home/lohit/miniconda3/envs/airflow-env/lib/python3.8/site-packages/airflow/example_dags/example_branch_labels.py for tasks to queue
[2025-06-01T18:25:02.545+0200] {logging_mixin.py:154} INFO - [2025-06-01T18:25:02.545+0200] {dagbag.py:536} INFO - Filling up the DagBag from /home/lohit/miniconda3/envs/airflow-env/lib/python3.8/site-packages/airflow/example_dags/example_branch_labels.py
[2025-06-01T18:25:02.550+0200] {processor.py:839} INFO - DAG(s) dict_keys(['example_branch_labels']) retrieved from /home/lohit/miniconda3/envs/airflow-env/lib/python3.8/site-packages/airflow/example_dags/example_branch_labels.py
[2025-06-01T18:25:02.560+0200] {logging_mixin.py:154} INFO - [2025-06-01T18:25:02.560+0200] {dag.py:2941} INFO - Sync 1 DAGs
[2025-06-01T18:25:02.571+0200] {logging_mixin.py:154} INFO - [2025-06-01T18:25:02.570+0200] {dag.py:3722} INFO - Setting next_dagrun for example_branch_labels to 2025-05-31T00:00:00+00:00, run_after=2025-06-01T00:00:00+00:00
[2025-06-01T18:25:02.586+0200] {processor.py:179} INFO - Processing /home/lohit/miniconda3/envs/airflow-env/lib/python3.8/site-packages/airflow/example_dags/example_branch_labels.py took 0.046 seconds
[2025-06-01T18:25:50.216+0200] {processor.py:157} INFO - Started process (PID=30093) to work on /home/lohit/miniconda3/envs/airflow-env/lib/python3.8/site-packages/airflow/example_dags/example_branch_labels.py
[2025-06-01T18:25:50.220+0200] {processor.py:829} INFO - Processing file /home/lohit/miniconda3/envs/airflow-env/lib/python3.8/site-packages/airflow/example_dags/example_branch_labels.py for tasks to queue
[2025-06-01T18:25:50.220+0200] {logging_mixin.py:154} INFO - [2025-06-01T18:25:50.220+0200] {dagbag.py:536} INFO - Filling up the DagBag from /home/lohit/miniconda3/envs/airflow-env/lib/python3.8/site-packages/airflow/example_dags/example_branch_labels.py
[2025-06-01T18:25:50.226+0200] {processor.py:839} INFO - DAG(s) dict_keys(['example_branch_labels']) retrieved from /home/lohit/miniconda3/envs/airflow-env/lib/python3.8/site-packages/airflow/example_dags/example_branch_labels.py
[2025-06-01T18:25:50.236+0200] {logging_mixin.py:154} INFO - [2025-06-01T18:25:50.236+0200] {dag.py:2941} INFO - Sync 1 DAGs
[2025-06-01T18:25:50.249+0200] {logging_mixin.py:154} INFO - [2025-06-01T18:25:50.248+0200] {dag.py:3722} INFO - Setting next_dagrun for example_branch_labels to 2025-05-31T00:00:00+00:00, run_after=2025-06-01T00:00:00+00:00
[2025-06-01T18:25:50.265+0200] {processor.py:179} INFO - Processing /home/lohit/miniconda3/envs/airflow-env/lib/python3.8/site-packages/airflow/example_dags/example_branch_labels.py took 0.050 seconds
[2025-06-01T18:26:35.886+0200] {processor.py:157} INFO - Started process (PID=30162) to work on /home/lohit/miniconda3/envs/airflow-env/lib/python3.8/site-packages/airflow/example_dags/example_branch_labels.py
[2025-06-01T18:26:35.887+0200] {processor.py:829} INFO - Processing file /home/lohit/miniconda3/envs/airflow-env/lib/python3.8/site-packages/airflow/example_dags/example_branch_labels.py for tasks to queue
[2025-06-01T18:26:35.888+0200] {logging_mixin.py:154} INFO - [2025-06-01T18:26:35.888+0200] {dagbag.py:536} INFO - Filling up the DagBag from /home/lohit/miniconda3/envs/airflow-env/lib/python3.8/site-packages/airflow/example_dags/example_branch_labels.py
[2025-06-01T18:26:35.893+0200] {processor.py:839} INFO - DAG(s) dict_keys(['example_branch_labels']) retrieved from /home/lohit/miniconda3/envs/airflow-env/lib/python3.8/site-packages/airflow/example_dags/example_branch_labels.py
[2025-06-01T18:26:35.905+0200] {logging_mixin.py:154} INFO - [2025-06-01T18:26:35.905+0200] {dag.py:2941} INFO - Sync 1 DAGs
[2025-06-01T18:26:35.918+0200] {logging_mixin.py:154} INFO - [2025-06-01T18:26:35.918+0200] {dag.py:3722} INFO - Setting next_dagrun for example_branch_labels to 2025-05-31T00:00:00+00:00, run_after=2025-06-01T00:00:00+00:00
[2025-06-01T18:26:35.934+0200] {processor.py:179} INFO - Processing /home/lohit/miniconda3/envs/airflow-env/lib/python3.8/site-packages/airflow/example_dags/example_branch_labels.py took 0.051 seconds
[2025-06-01T18:27:22.013+0200] {processor.py:157} INFO - Started process (PID=30233) to work on /home/lohit/miniconda3/envs/airflow-env/lib/python3.8/site-packages/airflow/example_dags/example_branch_labels.py
[2025-06-01T18:27:22.014+0200] {processor.py:829} INFO - Processing file /home/lohit/miniconda3/envs/airflow-env/lib/python3.8/site-packages/airflow/example_dags/example_branch_labels.py for tasks to queue
[2025-06-01T18:27:22.015+0200] {logging_mixin.py:154} INFO - [2025-06-01T18:27:22.015+0200] {dagbag.py:536} INFO - Filling up the DagBag from /home/lohit/miniconda3/envs/airflow-env/lib/python3.8/site-packages/airflow/example_dags/example_branch_labels.py
[2025-06-01T18:27:22.019+0200] {processor.py:839} INFO - DAG(s) dict_keys(['example_branch_labels']) retrieved from /home/lohit/miniconda3/envs/airflow-env/lib/python3.8/site-packages/airflow/example_dags/example_branch_labels.py
[2025-06-01T18:27:22.032+0200] {logging_mixin.py:154} INFO - [2025-06-01T18:27:22.032+0200] {dag.py:2941} INFO - Sync 1 DAGs
[2025-06-01T18:27:22.045+0200] {logging_mixin.py:154} INFO - [2025-06-01T18:27:22.045+0200] {dag.py:3722} INFO - Setting next_dagrun for example_branch_labels to 2025-05-31T00:00:00+00:00, run_after=2025-06-01T00:00:00+00:00
[2025-06-01T18:27:22.061+0200] {processor.py:179} INFO - Processing /home/lohit/miniconda3/envs/airflow-env/lib/python3.8/site-packages/airflow/example_dags/example_branch_labels.py took 0.049 seconds
[2025-06-01T18:28:08.290+0200] {processor.py:157} INFO - Started process (PID=30301) to work on /home/lohit/miniconda3/envs/airflow-env/lib/python3.8/site-packages/airflow/example_dags/example_branch_labels.py
[2025-06-01T18:28:08.293+0200] {processor.py:829} INFO - Processing file /home/lohit/miniconda3/envs/airflow-env/lib/python3.8/site-packages/airflow/example_dags/example_branch_labels.py for tasks to queue
[2025-06-01T18:28:08.294+0200] {logging_mixin.py:154} INFO - [2025-06-01T18:28:08.294+0200] {dagbag.py:536} INFO - Filling up the DagBag from /home/lohit/miniconda3/envs/airflow-env/lib/python3.8/site-packages/airflow/example_dags/example_branch_labels.py
[2025-06-01T18:28:08.298+0200] {processor.py:839} INFO - DAG(s) dict_keys(['example_branch_labels']) retrieved from /home/lohit/miniconda3/envs/airflow-env/lib/python3.8/site-packages/airflow/example_dags/example_branch_labels.py
[2025-06-01T18:28:08.308+0200] {logging_mixin.py:154} INFO - [2025-06-01T18:28:08.308+0200] {dag.py:2941} INFO - Sync 1 DAGs
[2025-06-01T18:28:08.318+0200] {logging_mixin.py:154} INFO - [2025-06-01T18:28:08.318+0200] {dag.py:3722} INFO - Setting next_dagrun for example_branch_labels to 2025-05-31T00:00:00+00:00, run_after=2025-06-01T00:00:00+00:00
[2025-06-01T18:28:08.334+0200] {processor.py:179} INFO - Processing /home/lohit/miniconda3/envs/airflow-env/lib/python3.8/site-packages/airflow/example_dags/example_branch_labels.py took 0.046 seconds
[2025-06-01T18:28:57.713+0200] {processor.py:157} INFO - Started process (PID=30373) to work on /home/lohit/miniconda3/envs/airflow-env/lib/python3.8/site-packages/airflow/example_dags/example_branch_labels.py
[2025-06-01T18:28:57.717+0200] {processor.py:829} INFO - Processing file /home/lohit/miniconda3/envs/airflow-env/lib/python3.8/site-packages/airflow/example_dags/example_branch_labels.py for tasks to queue
[2025-06-01T18:28:57.717+0200] {logging_mixin.py:154} INFO - [2025-06-01T18:28:57.717+0200] {dagbag.py:536} INFO - Filling up the DagBag from /home/lohit/miniconda3/envs/airflow-env/lib/python3.8/site-packages/airflow/example_dags/example_branch_labels.py
[2025-06-01T18:28:57.722+0200] {processor.py:839} INFO - DAG(s) dict_keys(['example_branch_labels']) retrieved from /home/lohit/miniconda3/envs/airflow-env/lib/python3.8/site-packages/airflow/example_dags/example_branch_labels.py
[2025-06-01T18:28:57.732+0200] {logging_mixin.py:154} INFO - [2025-06-01T18:28:57.732+0200] {dag.py:2941} INFO - Sync 1 DAGs
[2025-06-01T18:28:57.743+0200] {logging_mixin.py:154} INFO - [2025-06-01T18:28:57.743+0200] {dag.py:3722} INFO - Setting next_dagrun for example_branch_labels to 2025-05-31T00:00:00+00:00, run_after=2025-06-01T00:00:00+00:00
[2025-06-01T18:28:57.761+0200] {processor.py:179} INFO - Processing /home/lohit/miniconda3/envs/airflow-env/lib/python3.8/site-packages/airflow/example_dags/example_branch_labels.py took 0.049 seconds
[2025-06-01T18:29:42.150+0200] {processor.py:157} INFO - Started process (PID=30440) to work on /home/lohit/miniconda3/envs/airflow-env/lib/python3.8/site-packages/airflow/example_dags/example_branch_labels.py
[2025-06-01T18:29:42.153+0200] {processor.py:829} INFO - Processing file /home/lohit/miniconda3/envs/airflow-env/lib/python3.8/site-packages/airflow/example_dags/example_branch_labels.py for tasks to queue
[2025-06-01T18:29:42.154+0200] {logging_mixin.py:154} INFO - [2025-06-01T18:29:42.154+0200] {dagbag.py:536} INFO - Filling up the DagBag from /home/lohit/miniconda3/envs/airflow-env/lib/python3.8/site-packages/airflow/example_dags/example_branch_labels.py
[2025-06-01T18:29:42.159+0200] {processor.py:839} INFO - DAG(s) dict_keys(['example_branch_labels']) retrieved from /home/lohit/miniconda3/envs/airflow-env/lib/python3.8/site-packages/airflow/example_dags/example_branch_labels.py
[2025-06-01T18:29:42.171+0200] {logging_mixin.py:154} INFO - [2025-06-01T18:29:42.170+0200] {dag.py:2941} INFO - Sync 1 DAGs
[2025-06-01T18:29:42.184+0200] {logging_mixin.py:154} INFO - [2025-06-01T18:29:42.184+0200] {dag.py:3722} INFO - Setting next_dagrun for example_branch_labels to 2025-05-31T00:00:00+00:00, run_after=2025-06-01T00:00:00+00:00
[2025-06-01T18:29:42.202+0200] {processor.py:179} INFO - Processing /home/lohit/miniconda3/envs/airflow-env/lib/python3.8/site-packages/airflow/example_dags/example_branch_labels.py took 0.054 seconds
[2025-06-01T18:30:26.559+0200] {processor.py:157} INFO - Started process (PID=30509) to work on /home/lohit/miniconda3/envs/airflow-env/lib/python3.8/site-packages/airflow/example_dags/example_branch_labels.py
[2025-06-01T18:30:26.563+0200] {processor.py:829} INFO - Processing file /home/lohit/miniconda3/envs/airflow-env/lib/python3.8/site-packages/airflow/example_dags/example_branch_labels.py for tasks to queue
[2025-06-01T18:30:26.563+0200] {logging_mixin.py:154} INFO - [2025-06-01T18:30:26.563+0200] {dagbag.py:536} INFO - Filling up the DagBag from /home/lohit/miniconda3/envs/airflow-env/lib/python3.8/site-packages/airflow/example_dags/example_branch_labels.py
[2025-06-01T18:30:26.568+0200] {processor.py:839} INFO - DAG(s) dict_keys(['example_branch_labels']) retrieved from /home/lohit/miniconda3/envs/airflow-env/lib/python3.8/site-packages/airflow/example_dags/example_branch_labels.py
[2025-06-01T18:30:26.581+0200] {logging_mixin.py:154} INFO - [2025-06-01T18:30:26.580+0200] {dag.py:2941} INFO - Sync 1 DAGs
[2025-06-01T18:30:26.594+0200] {logging_mixin.py:154} INFO - [2025-06-01T18:30:26.594+0200] {dag.py:3722} INFO - Setting next_dagrun for example_branch_labels to 2025-05-31T00:00:00+00:00, run_after=2025-06-01T00:00:00+00:00
[2025-06-01T18:30:26.609+0200] {processor.py:179} INFO - Processing /home/lohit/miniconda3/envs/airflow-env/lib/python3.8/site-packages/airflow/example_dags/example_branch_labels.py took 0.052 seconds
[2025-06-01T18:31:10.124+0200] {processor.py:157} INFO - Started process (PID=30578) to work on /home/lohit/miniconda3/envs/airflow-env/lib/python3.8/site-packages/airflow/example_dags/example_branch_labels.py
[2025-06-01T18:31:10.128+0200] {processor.py:829} INFO - Processing file /home/lohit/miniconda3/envs/airflow-env/lib/python3.8/site-packages/airflow/example_dags/example_branch_labels.py for tasks to queue
[2025-06-01T18:31:10.128+0200] {logging_mixin.py:154} INFO - [2025-06-01T18:31:10.128+0200] {dagbag.py:536} INFO - Filling up the DagBag from /home/lohit/miniconda3/envs/airflow-env/lib/python3.8/site-packages/airflow/example_dags/example_branch_labels.py
[2025-06-01T18:31:10.133+0200] {processor.py:839} INFO - DAG(s) dict_keys(['example_branch_labels']) retrieved from /home/lohit/miniconda3/envs/airflow-env/lib/python3.8/site-packages/airflow/example_dags/example_branch_labels.py
[2025-06-01T18:31:10.145+0200] {logging_mixin.py:154} INFO - [2025-06-01T18:31:10.145+0200] {dag.py:2941} INFO - Sync 1 DAGs
[2025-06-01T18:31:10.158+0200] {logging_mixin.py:154} INFO - [2025-06-01T18:31:10.158+0200] {dag.py:3722} INFO - Setting next_dagrun for example_branch_labels to 2025-05-31T00:00:00+00:00, run_after=2025-06-01T00:00:00+00:00
[2025-06-01T18:31:10.174+0200] {processor.py:179} INFO - Processing /home/lohit/miniconda3/envs/airflow-env/lib/python3.8/site-packages/airflow/example_dags/example_branch_labels.py took 0.052 seconds
[2025-06-01T18:31:55.825+0200] {processor.py:157} INFO - Started process (PID=30647) to work on /home/lohit/miniconda3/envs/airflow-env/lib/python3.8/site-packages/airflow/example_dags/example_branch_labels.py
[2025-06-01T18:31:55.829+0200] {processor.py:829} INFO - Processing file /home/lohit/miniconda3/envs/airflow-env/lib/python3.8/site-packages/airflow/example_dags/example_branch_labels.py for tasks to queue
[2025-06-01T18:31:55.830+0200] {logging_mixin.py:154} INFO - [2025-06-01T18:31:55.829+0200] {dagbag.py:536} INFO - Filling up the DagBag from /home/lohit/miniconda3/envs/airflow-env/lib/python3.8/site-packages/airflow/example_dags/example_branch_labels.py
[2025-06-01T18:31:55.834+0200] {processor.py:839} INFO - DAG(s) dict_keys(['example_branch_labels']) retrieved from /home/lohit/miniconda3/envs/airflow-env/lib/python3.8/site-packages/airflow/example_dags/example_branch_labels.py
[2025-06-01T18:31:55.846+0200] {logging_mixin.py:154} INFO - [2025-06-01T18:31:55.846+0200] {dag.py:2941} INFO - Sync 1 DAGs
[2025-06-01T18:31:55.857+0200] {logging_mixin.py:154} INFO - [2025-06-01T18:31:55.857+0200] {dag.py:3722} INFO - Setting next_dagrun for example_branch_labels to 2025-05-31T00:00:00+00:00, run_after=2025-06-01T00:00:00+00:00
[2025-06-01T18:31:55.873+0200] {processor.py:179} INFO - Processing /home/lohit/miniconda3/envs/airflow-env/lib/python3.8/site-packages/airflow/example_dags/example_branch_labels.py took 0.050 seconds
[2025-06-01T18:32:41.258+0200] {processor.py:157} INFO - Started process (PID=30715) to work on /home/lohit/miniconda3/envs/airflow-env/lib/python3.8/site-packages/airflow/example_dags/example_branch_labels.py
[2025-06-01T18:32:41.262+0200] {processor.py:829} INFO - Processing file /home/lohit/miniconda3/envs/airflow-env/lib/python3.8/site-packages/airflow/example_dags/example_branch_labels.py for tasks to queue
[2025-06-01T18:32:41.262+0200] {logging_mixin.py:154} INFO - [2025-06-01T18:32:41.262+0200] {dagbag.py:536} INFO - Filling up the DagBag from /home/lohit/miniconda3/envs/airflow-env/lib/python3.8/site-packages/airflow/example_dags/example_branch_labels.py
[2025-06-01T18:32:41.267+0200] {processor.py:839} INFO - DAG(s) dict_keys(['example_branch_labels']) retrieved from /home/lohit/miniconda3/envs/airflow-env/lib/python3.8/site-packages/airflow/example_dags/example_branch_labels.py
[2025-06-01T18:32:41.278+0200] {logging_mixin.py:154} INFO - [2025-06-01T18:32:41.278+0200] {dag.py:2941} INFO - Sync 1 DAGs
[2025-06-01T18:32:41.289+0200] {logging_mixin.py:154} INFO - [2025-06-01T18:32:41.289+0200] {dag.py:3722} INFO - Setting next_dagrun for example_branch_labels to 2025-05-31T00:00:00+00:00, run_after=2025-06-01T00:00:00+00:00
[2025-06-01T18:32:41.305+0200] {processor.py:179} INFO - Processing /home/lohit/miniconda3/envs/airflow-env/lib/python3.8/site-packages/airflow/example_dags/example_branch_labels.py took 0.049 seconds
[2025-06-01T18:33:25.751+0200] {processor.py:157} INFO - Started process (PID=30783) to work on /home/lohit/miniconda3/envs/airflow-env/lib/python3.8/site-packages/airflow/example_dags/example_branch_labels.py
[2025-06-01T18:33:25.752+0200] {processor.py:829} INFO - Processing file /home/lohit/miniconda3/envs/airflow-env/lib/python3.8/site-packages/airflow/example_dags/example_branch_labels.py for tasks to queue
[2025-06-01T18:33:25.753+0200] {logging_mixin.py:154} INFO - [2025-06-01T18:33:25.753+0200] {dagbag.py:536} INFO - Filling up the DagBag from /home/lohit/miniconda3/envs/airflow-env/lib/python3.8/site-packages/airflow/example_dags/example_branch_labels.py
[2025-06-01T18:33:25.758+0200] {processor.py:839} INFO - DAG(s) dict_keys(['example_branch_labels']) retrieved from /home/lohit/miniconda3/envs/airflow-env/lib/python3.8/site-packages/airflow/example_dags/example_branch_labels.py
[2025-06-01T18:33:25.769+0200] {logging_mixin.py:154} INFO - [2025-06-01T18:33:25.769+0200] {dag.py:2941} INFO - Sync 1 DAGs
[2025-06-01T18:33:25.781+0200] {logging_mixin.py:154} INFO - [2025-06-01T18:33:25.781+0200] {dag.py:3722} INFO - Setting next_dagrun for example_branch_labels to 2025-05-31T00:00:00+00:00, run_after=2025-06-01T00:00:00+00:00
[2025-06-01T18:33:25.798+0200] {processor.py:179} INFO - Processing /home/lohit/miniconda3/envs/airflow-env/lib/python3.8/site-packages/airflow/example_dags/example_branch_labels.py took 0.051 seconds
[2025-06-01T18:34:18.112+0200] {processor.py:157} INFO - Started process (PID=30856) to work on /home/lohit/miniconda3/envs/airflow-env/lib/python3.8/site-packages/airflow/example_dags/example_branch_labels.py
[2025-06-01T18:34:18.114+0200] {processor.py:829} INFO - Processing file /home/lohit/miniconda3/envs/airflow-env/lib/python3.8/site-packages/airflow/example_dags/example_branch_labels.py for tasks to queue
[2025-06-01T18:34:18.115+0200] {logging_mixin.py:154} INFO - [2025-06-01T18:34:18.114+0200] {dagbag.py:536} INFO - Filling up the DagBag from /home/lohit/miniconda3/envs/airflow-env/lib/python3.8/site-packages/airflow/example_dags/example_branch_labels.py
[2025-06-01T18:34:18.120+0200] {processor.py:839} INFO - DAG(s) dict_keys(['example_branch_labels']) retrieved from /home/lohit/miniconda3/envs/airflow-env/lib/python3.8/site-packages/airflow/example_dags/example_branch_labels.py
[2025-06-01T18:34:18.132+0200] {logging_mixin.py:154} INFO - [2025-06-01T18:34:18.131+0200] {dag.py:2941} INFO - Sync 1 DAGs
[2025-06-01T18:34:18.143+0200] {logging_mixin.py:154} INFO - [2025-06-01T18:34:18.143+0200] {dag.py:3722} INFO - Setting next_dagrun for example_branch_labels to 2025-05-31T00:00:00+00:00, run_after=2025-06-01T00:00:00+00:00
[2025-06-01T18:34:18.159+0200] {processor.py:179} INFO - Processing /home/lohit/miniconda3/envs/airflow-env/lib/python3.8/site-packages/airflow/example_dags/example_branch_labels.py took 0.049 seconds
[2025-06-01T18:35:03.081+0200] {processor.py:157} INFO - Started process (PID=31641) to work on /home/lohit/miniconda3/envs/airflow-env/lib/python3.8/site-packages/airflow/example_dags/example_branch_labels.py
[2025-06-01T18:35:03.085+0200] {processor.py:829} INFO - Processing file /home/lohit/miniconda3/envs/airflow-env/lib/python3.8/site-packages/airflow/example_dags/example_branch_labels.py for tasks to queue
[2025-06-01T18:35:03.085+0200] {logging_mixin.py:154} INFO - [2025-06-01T18:35:03.085+0200] {dagbag.py:536} INFO - Filling up the DagBag from /home/lohit/miniconda3/envs/airflow-env/lib/python3.8/site-packages/airflow/example_dags/example_branch_labels.py
[2025-06-01T18:35:03.090+0200] {processor.py:839} INFO - DAG(s) dict_keys(['example_branch_labels']) retrieved from /home/lohit/miniconda3/envs/airflow-env/lib/python3.8/site-packages/airflow/example_dags/example_branch_labels.py
[2025-06-01T18:35:03.101+0200] {logging_mixin.py:154} INFO - [2025-06-01T18:35:03.101+0200] {dag.py:2941} INFO - Sync 1 DAGs
[2025-06-01T18:35:03.113+0200] {logging_mixin.py:154} INFO - [2025-06-01T18:35:03.113+0200] {dag.py:3722} INFO - Setting next_dagrun for example_branch_labels to 2025-05-31T00:00:00+00:00, run_after=2025-06-01T00:00:00+00:00
[2025-06-01T18:35:03.129+0200] {processor.py:179} INFO - Processing /home/lohit/miniconda3/envs/airflow-env/lib/python3.8/site-packages/airflow/example_dags/example_branch_labels.py took 0.049 seconds
