[2025-06-01T17:53:03.354+0200] {processor.py:157} INFO - Started process (PID=27076) to work on /home/lohit/miniconda3/envs/airflow-env/lib/python3.8/site-packages/airflow/example_dags/example_python_operator.py
[2025-06-01T17:53:03.354+0200] {processor.py:829} INFO - Processing file /home/lohit/miniconda3/envs/airflow-env/lib/python3.8/site-packages/airflow/example_dags/example_python_operator.py for tasks to queue
[2025-06-01T17:53:03.355+0200] {logging_mixin.py:154} INFO - [2025-06-01T17:53:03.355+0200] {dagbag.py:536} INFO - Filling up the DagBag from /home/lohit/miniconda3/envs/airflow-env/lib/python3.8/site-packages/airflow/example_dags/example_python_operator.py
[2025-06-01T17:53:03.396+0200] {logging_mixin.py:154} INFO - [2025-06-01T17:53:03.395+0200] {example_python_operator.py:86} WARNING - The virtalenv_python example task requires virtualenv, please install it.
[2025-06-01T17:53:03.396+0200] {processor.py:839} INFO - DAG(s) dict_keys(['example_python_operator']) retrieved from /home/lohit/miniconda3/envs/airflow-env/lib/python3.8/site-packages/airflow/example_dags/example_python_operator.py
[2025-06-01T17:53:03.409+0200] {logging_mixin.py:154} INFO - [2025-06-01T17:53:03.409+0200] {dag.py:2941} INFO - Sync 1 DAGs
[2025-06-01T17:53:03.417+0200] {logging_mixin.py:154} INFO - [2025-06-01T17:53:03.417+0200] {dag.py:3722} INFO - Setting next_dagrun for example_python_operator to None, run_after=None
[2025-06-01T17:53:03.434+0200] {processor.py:179} INFO - Processing /home/lohit/miniconda3/envs/airflow-env/lib/python3.8/site-packages/airflow/example_dags/example_python_operator.py took 0.082 seconds
[2025-06-01T17:53:48.162+0200] {processor.py:157} INFO - Started process (PID=27144) to work on /home/lohit/miniconda3/envs/airflow-env/lib/python3.8/site-packages/airflow/example_dags/example_python_operator.py
[2025-06-01T17:53:48.165+0200] {processor.py:829} INFO - Processing file /home/lohit/miniconda3/envs/airflow-env/lib/python3.8/site-packages/airflow/example_dags/example_python_operator.py for tasks to queue
[2025-06-01T17:53:48.166+0200] {logging_mixin.py:154} INFO - [2025-06-01T17:53:48.165+0200] {dagbag.py:536} INFO - Filling up the DagBag from /home/lohit/miniconda3/envs/airflow-env/lib/python3.8/site-packages/airflow/example_dags/example_python_operator.py
[2025-06-01T17:53:48.207+0200] {logging_mixin.py:154} INFO - [2025-06-01T17:53:48.207+0200] {example_python_operator.py:86} WARNING - The virtalenv_python example task requires virtualenv, please install it.
[2025-06-01T17:53:48.208+0200] {processor.py:839} INFO - DAG(s) dict_keys(['example_python_operator']) retrieved from /home/lohit/miniconda3/envs/airflow-env/lib/python3.8/site-packages/airflow/example_dags/example_python_operator.py
[2025-06-01T17:53:48.218+0200] {logging_mixin.py:154} INFO - [2025-06-01T17:53:48.218+0200] {dag.py:2941} INFO - Sync 1 DAGs
[2025-06-01T17:53:48.224+0200] {logging_mixin.py:154} INFO - [2025-06-01T17:53:48.224+0200] {dag.py:3722} INFO - Setting next_dagrun for example_python_operator to None, run_after=None
[2025-06-01T17:53:48.242+0200] {processor.py:179} INFO - Processing /home/lohit/miniconda3/envs/airflow-env/lib/python3.8/site-packages/airflow/example_dags/example_python_operator.py took 0.082 seconds
[2025-06-01T17:54:32.038+0200] {processor.py:157} INFO - Started process (PID=27212) to work on /home/lohit/miniconda3/envs/airflow-env/lib/python3.8/site-packages/airflow/example_dags/example_python_operator.py
[2025-06-01T17:54:32.040+0200] {processor.py:829} INFO - Processing file /home/lohit/miniconda3/envs/airflow-env/lib/python3.8/site-packages/airflow/example_dags/example_python_operator.py for tasks to queue
[2025-06-01T17:54:32.041+0200] {logging_mixin.py:154} INFO - [2025-06-01T17:54:32.041+0200] {dagbag.py:536} INFO - Filling up the DagBag from /home/lohit/miniconda3/envs/airflow-env/lib/python3.8/site-packages/airflow/example_dags/example_python_operator.py
[2025-06-01T17:54:32.117+0200] {logging_mixin.py:154} INFO - [2025-06-01T17:54:32.117+0200] {example_python_operator.py:86} WARNING - The virtalenv_python example task requires virtualenv, please install it.
[2025-06-01T17:54:32.118+0200] {processor.py:839} INFO - DAG(s) dict_keys(['example_python_operator']) retrieved from /home/lohit/miniconda3/envs/airflow-env/lib/python3.8/site-packages/airflow/example_dags/example_python_operator.py
[2025-06-01T17:54:32.134+0200] {logging_mixin.py:154} INFO - [2025-06-01T17:54:32.133+0200] {dag.py:2941} INFO - Sync 1 DAGs
[2025-06-01T17:54:32.143+0200] {logging_mixin.py:154} INFO - [2025-06-01T17:54:32.143+0200] {dag.py:3722} INFO - Setting next_dagrun for example_python_operator to None, run_after=None
[2025-06-01T17:54:32.167+0200] {processor.py:179} INFO - Processing /home/lohit/miniconda3/envs/airflow-env/lib/python3.8/site-packages/airflow/example_dags/example_python_operator.py took 0.132 seconds
[2025-06-01T17:55:19.891+0200] {processor.py:157} INFO - Started process (PID=27282) to work on /home/lohit/miniconda3/envs/airflow-env/lib/python3.8/site-packages/airflow/example_dags/example_python_operator.py
[2025-06-01T17:55:19.893+0200] {processor.py:829} INFO - Processing file /home/lohit/miniconda3/envs/airflow-env/lib/python3.8/site-packages/airflow/example_dags/example_python_operator.py for tasks to queue
[2025-06-01T17:55:19.893+0200] {logging_mixin.py:154} INFO - [2025-06-01T17:55:19.893+0200] {dagbag.py:536} INFO - Filling up the DagBag from /home/lohit/miniconda3/envs/airflow-env/lib/python3.8/site-packages/airflow/example_dags/example_python_operator.py
[2025-06-01T17:55:19.938+0200] {logging_mixin.py:154} INFO - [2025-06-01T17:55:19.937+0200] {example_python_operator.py:86} WARNING - The virtalenv_python example task requires virtualenv, please install it.
[2025-06-01T17:55:19.938+0200] {processor.py:839} INFO - DAG(s) dict_keys(['example_python_operator']) retrieved from /home/lohit/miniconda3/envs/airflow-env/lib/python3.8/site-packages/airflow/example_dags/example_python_operator.py
[2025-06-01T17:55:19.949+0200] {logging_mixin.py:154} INFO - [2025-06-01T17:55:19.949+0200] {dag.py:2941} INFO - Sync 1 DAGs
[2025-06-01T17:55:19.956+0200] {logging_mixin.py:154} INFO - [2025-06-01T17:55:19.956+0200] {dag.py:3722} INFO - Setting next_dagrun for example_python_operator to None, run_after=None
[2025-06-01T17:55:19.973+0200] {processor.py:179} INFO - Processing /home/lohit/miniconda3/envs/airflow-env/lib/python3.8/site-packages/airflow/example_dags/example_python_operator.py took 0.083 seconds
[2025-06-01T17:56:08.558+0200] {processor.py:157} INFO - Started process (PID=27356) to work on /home/lohit/miniconda3/envs/airflow-env/lib/python3.8/site-packages/airflow/example_dags/example_python_operator.py
[2025-06-01T17:56:08.561+0200] {processor.py:829} INFO - Processing file /home/lohit/miniconda3/envs/airflow-env/lib/python3.8/site-packages/airflow/example_dags/example_python_operator.py for tasks to queue
[2025-06-01T17:56:08.562+0200] {logging_mixin.py:154} INFO - [2025-06-01T17:56:08.561+0200] {dagbag.py:536} INFO - Filling up the DagBag from /home/lohit/miniconda3/envs/airflow-env/lib/python3.8/site-packages/airflow/example_dags/example_python_operator.py
[2025-06-01T17:56:08.601+0200] {logging_mixin.py:154} INFO - [2025-06-01T17:56:08.601+0200] {example_python_operator.py:86} WARNING - The virtalenv_python example task requires virtualenv, please install it.
[2025-06-01T17:56:08.601+0200] {processor.py:839} INFO - DAG(s) dict_keys(['example_python_operator']) retrieved from /home/lohit/miniconda3/envs/airflow-env/lib/python3.8/site-packages/airflow/example_dags/example_python_operator.py
[2025-06-01T17:56:08.612+0200] {logging_mixin.py:154} INFO - [2025-06-01T17:56:08.611+0200] {dag.py:2941} INFO - Sync 1 DAGs
[2025-06-01T17:56:08.618+0200] {logging_mixin.py:154} INFO - [2025-06-01T17:56:08.618+0200] {dag.py:3722} INFO - Setting next_dagrun for example_python_operator to None, run_after=None
[2025-06-01T17:56:08.633+0200] {processor.py:179} INFO - Processing /home/lohit/miniconda3/envs/airflow-env/lib/python3.8/site-packages/airflow/example_dags/example_python_operator.py took 0.077 seconds
[2025-06-01T17:56:57.453+0200] {processor.py:157} INFO - Started process (PID=27426) to work on /home/lohit/miniconda3/envs/airflow-env/lib/python3.8/site-packages/airflow/example_dags/example_python_operator.py
[2025-06-01T17:56:57.456+0200] {processor.py:829} INFO - Processing file /home/lohit/miniconda3/envs/airflow-env/lib/python3.8/site-packages/airflow/example_dags/example_python_operator.py for tasks to queue
[2025-06-01T17:56:57.457+0200] {logging_mixin.py:154} INFO - [2025-06-01T17:56:57.457+0200] {dagbag.py:536} INFO - Filling up the DagBag from /home/lohit/miniconda3/envs/airflow-env/lib/python3.8/site-packages/airflow/example_dags/example_python_operator.py
[2025-06-01T17:56:57.495+0200] {logging_mixin.py:154} INFO - [2025-06-01T17:56:57.495+0200] {example_python_operator.py:86} WARNING - The virtalenv_python example task requires virtualenv, please install it.
[2025-06-01T17:56:57.495+0200] {processor.py:839} INFO - DAG(s) dict_keys(['example_python_operator']) retrieved from /home/lohit/miniconda3/envs/airflow-env/lib/python3.8/site-packages/airflow/example_dags/example_python_operator.py
[2025-06-01T17:56:57.505+0200] {logging_mixin.py:154} INFO - [2025-06-01T17:56:57.505+0200] {dag.py:2941} INFO - Sync 1 DAGs
[2025-06-01T17:56:57.512+0200] {logging_mixin.py:154} INFO - [2025-06-01T17:56:57.512+0200] {dag.py:3722} INFO - Setting next_dagrun for example_python_operator to None, run_after=None
[2025-06-01T17:56:57.526+0200] {processor.py:179} INFO - Processing /home/lohit/miniconda3/envs/airflow-env/lib/python3.8/site-packages/airflow/example_dags/example_python_operator.py took 0.076 seconds
[2025-06-01T17:57:43.063+0200] {processor.py:157} INFO - Started process (PID=27495) to work on /home/lohit/miniconda3/envs/airflow-env/lib/python3.8/site-packages/airflow/example_dags/example_python_operator.py
[2025-06-01T17:57:43.067+0200] {processor.py:829} INFO - Processing file /home/lohit/miniconda3/envs/airflow-env/lib/python3.8/site-packages/airflow/example_dags/example_python_operator.py for tasks to queue
[2025-06-01T17:57:43.067+0200] {logging_mixin.py:154} INFO - [2025-06-01T17:57:43.067+0200] {dagbag.py:536} INFO - Filling up the DagBag from /home/lohit/miniconda3/envs/airflow-env/lib/python3.8/site-packages/airflow/example_dags/example_python_operator.py
[2025-06-01T17:57:43.108+0200] {logging_mixin.py:154} INFO - [2025-06-01T17:57:43.108+0200] {example_python_operator.py:86} WARNING - The virtalenv_python example task requires virtualenv, please install it.
[2025-06-01T17:57:43.109+0200] {processor.py:839} INFO - DAG(s) dict_keys(['example_python_operator']) retrieved from /home/lohit/miniconda3/envs/airflow-env/lib/python3.8/site-packages/airflow/example_dags/example_python_operator.py
[2025-06-01T17:57:43.119+0200] {logging_mixin.py:154} INFO - [2025-06-01T17:57:43.119+0200] {dag.py:2941} INFO - Sync 1 DAGs
[2025-06-01T17:57:43.129+0200] {logging_mixin.py:154} INFO - [2025-06-01T17:57:43.129+0200] {dag.py:3722} INFO - Setting next_dagrun for example_python_operator to None, run_after=None
[2025-06-01T17:57:43.147+0200] {processor.py:179} INFO - Processing /home/lohit/miniconda3/envs/airflow-env/lib/python3.8/site-packages/airflow/example_dags/example_python_operator.py took 0.085 seconds
[2025-06-01T17:58:27.448+0200] {processor.py:157} INFO - Started process (PID=27562) to work on /home/lohit/miniconda3/envs/airflow-env/lib/python3.8/site-packages/airflow/example_dags/example_python_operator.py
[2025-06-01T17:58:27.451+0200] {processor.py:829} INFO - Processing file /home/lohit/miniconda3/envs/airflow-env/lib/python3.8/site-packages/airflow/example_dags/example_python_operator.py for tasks to queue
[2025-06-01T17:58:27.452+0200] {logging_mixin.py:154} INFO - [2025-06-01T17:58:27.452+0200] {dagbag.py:536} INFO - Filling up the DagBag from /home/lohit/miniconda3/envs/airflow-env/lib/python3.8/site-packages/airflow/example_dags/example_python_operator.py
[2025-06-01T17:58:27.493+0200] {logging_mixin.py:154} INFO - [2025-06-01T17:58:27.493+0200] {example_python_operator.py:86} WARNING - The virtalenv_python example task requires virtualenv, please install it.
[2025-06-01T17:58:27.494+0200] {processor.py:839} INFO - DAG(s) dict_keys(['example_python_operator']) retrieved from /home/lohit/miniconda3/envs/airflow-env/lib/python3.8/site-packages/airflow/example_dags/example_python_operator.py
[2025-06-01T17:58:27.504+0200] {logging_mixin.py:154} INFO - [2025-06-01T17:58:27.504+0200] {dag.py:2941} INFO - Sync 1 DAGs
[2025-06-01T17:58:27.510+0200] {logging_mixin.py:154} INFO - [2025-06-01T17:58:27.510+0200] {dag.py:3722} INFO - Setting next_dagrun for example_python_operator to None, run_after=None
[2025-06-01T17:58:27.526+0200] {processor.py:179} INFO - Processing /home/lohit/miniconda3/envs/airflow-env/lib/python3.8/site-packages/airflow/example_dags/example_python_operator.py took 0.081 seconds
[2025-06-01T17:59:15.446+0200] {processor.py:157} INFO - Started process (PID=27633) to work on /home/lohit/miniconda3/envs/airflow-env/lib/python3.8/site-packages/airflow/example_dags/example_python_operator.py
[2025-06-01T17:59:15.450+0200] {processor.py:829} INFO - Processing file /home/lohit/miniconda3/envs/airflow-env/lib/python3.8/site-packages/airflow/example_dags/example_python_operator.py for tasks to queue
[2025-06-01T17:59:15.451+0200] {logging_mixin.py:154} INFO - [2025-06-01T17:59:15.450+0200] {dagbag.py:536} INFO - Filling up the DagBag from /home/lohit/miniconda3/envs/airflow-env/lib/python3.8/site-packages/airflow/example_dags/example_python_operator.py
[2025-06-01T17:59:15.490+0200] {logging_mixin.py:154} INFO - [2025-06-01T17:59:15.490+0200] {example_python_operator.py:86} WARNING - The virtalenv_python example task requires virtualenv, please install it.
[2025-06-01T17:59:15.491+0200] {processor.py:839} INFO - DAG(s) dict_keys(['example_python_operator']) retrieved from /home/lohit/miniconda3/envs/airflow-env/lib/python3.8/site-packages/airflow/example_dags/example_python_operator.py
[2025-06-01T17:59:15.500+0200] {logging_mixin.py:154} INFO - [2025-06-01T17:59:15.500+0200] {dag.py:2941} INFO - Sync 1 DAGs
[2025-06-01T17:59:15.506+0200] {logging_mixin.py:154} INFO - [2025-06-01T17:59:15.506+0200] {dag.py:3722} INFO - Setting next_dagrun for example_python_operator to None, run_after=None
[2025-06-01T17:59:15.521+0200] {processor.py:179} INFO - Processing /home/lohit/miniconda3/envs/airflow-env/lib/python3.8/site-packages/airflow/example_dags/example_python_operator.py took 0.076 seconds
[2025-06-01T17:59:58.321+0200] {processor.py:157} INFO - Started process (PID=27700) to work on /home/lohit/miniconda3/envs/airflow-env/lib/python3.8/site-packages/airflow/example_dags/example_python_operator.py
[2025-06-01T17:59:58.324+0200] {processor.py:829} INFO - Processing file /home/lohit/miniconda3/envs/airflow-env/lib/python3.8/site-packages/airflow/example_dags/example_python_operator.py for tasks to queue
[2025-06-01T17:59:58.325+0200] {logging_mixin.py:154} INFO - [2025-06-01T17:59:58.325+0200] {dagbag.py:536} INFO - Filling up the DagBag from /home/lohit/miniconda3/envs/airflow-env/lib/python3.8/site-packages/airflow/example_dags/example_python_operator.py
[2025-06-01T17:59:58.366+0200] {logging_mixin.py:154} INFO - [2025-06-01T17:59:58.366+0200] {example_python_operator.py:86} WARNING - The virtalenv_python example task requires virtualenv, please install it.
[2025-06-01T17:59:58.366+0200] {processor.py:839} INFO - DAG(s) dict_keys(['example_python_operator']) retrieved from /home/lohit/miniconda3/envs/airflow-env/lib/python3.8/site-packages/airflow/example_dags/example_python_operator.py
[2025-06-01T17:59:58.377+0200] {logging_mixin.py:154} INFO - [2025-06-01T17:59:58.377+0200] {dag.py:2941} INFO - Sync 1 DAGs
[2025-06-01T17:59:58.384+0200] {logging_mixin.py:154} INFO - [2025-06-01T17:59:58.384+0200] {dag.py:3722} INFO - Setting next_dagrun for example_python_operator to None, run_after=None
[2025-06-01T17:59:58.401+0200] {processor.py:179} INFO - Processing /home/lohit/miniconda3/envs/airflow-env/lib/python3.8/site-packages/airflow/example_dags/example_python_operator.py took 0.082 seconds
[2025-06-01T18:00:48.042+0200] {processor.py:157} INFO - Started process (PID=27773) to work on /home/lohit/miniconda3/envs/airflow-env/lib/python3.8/site-packages/airflow/example_dags/example_python_operator.py
[2025-06-01T18:00:48.046+0200] {processor.py:829} INFO - Processing file /home/lohit/miniconda3/envs/airflow-env/lib/python3.8/site-packages/airflow/example_dags/example_python_operator.py for tasks to queue
[2025-06-01T18:00:48.047+0200] {logging_mixin.py:154} INFO - [2025-06-01T18:00:48.046+0200] {dagbag.py:536} INFO - Filling up the DagBag from /home/lohit/miniconda3/envs/airflow-env/lib/python3.8/site-packages/airflow/example_dags/example_python_operator.py
[2025-06-01T18:00:48.082+0200] {logging_mixin.py:154} INFO - [2025-06-01T18:00:48.081+0200] {example_python_operator.py:86} WARNING - The virtalenv_python example task requires virtualenv, please install it.
[2025-06-01T18:00:48.082+0200] {processor.py:839} INFO - DAG(s) dict_keys(['example_python_operator']) retrieved from /home/lohit/miniconda3/envs/airflow-env/lib/python3.8/site-packages/airflow/example_dags/example_python_operator.py
[2025-06-01T18:00:48.092+0200] {logging_mixin.py:154} INFO - [2025-06-01T18:00:48.091+0200] {dag.py:2941} INFO - Sync 1 DAGs
[2025-06-01T18:00:48.097+0200] {logging_mixin.py:154} INFO - [2025-06-01T18:00:48.097+0200] {dag.py:3722} INFO - Setting next_dagrun for example_python_operator to None, run_after=None
[2025-06-01T18:00:48.112+0200] {processor.py:179} INFO - Processing /home/lohit/miniconda3/envs/airflow-env/lib/python3.8/site-packages/airflow/example_dags/example_python_operator.py took 0.072 seconds
[2025-06-01T18:01:35.966+0200] {processor.py:157} INFO - Started process (PID=27874) to work on /home/lohit/miniconda3/envs/airflow-env/lib/python3.8/site-packages/airflow/example_dags/example_python_operator.py
[2025-06-01T18:01:35.969+0200] {processor.py:829} INFO - Processing file /home/lohit/miniconda3/envs/airflow-env/lib/python3.8/site-packages/airflow/example_dags/example_python_operator.py for tasks to queue
[2025-06-01T18:01:35.970+0200] {logging_mixin.py:154} INFO - [2025-06-01T18:01:35.970+0200] {dagbag.py:536} INFO - Filling up the DagBag from /home/lohit/miniconda3/envs/airflow-env/lib/python3.8/site-packages/airflow/example_dags/example_python_operator.py
[2025-06-01T18:01:36.010+0200] {logging_mixin.py:154} INFO - [2025-06-01T18:01:36.010+0200] {example_python_operator.py:86} WARNING - The virtalenv_python example task requires virtualenv, please install it.
[2025-06-01T18:01:36.010+0200] {processor.py:839} INFO - DAG(s) dict_keys(['example_python_operator']) retrieved from /home/lohit/miniconda3/envs/airflow-env/lib/python3.8/site-packages/airflow/example_dags/example_python_operator.py
[2025-06-01T18:01:36.020+0200] {logging_mixin.py:154} INFO - [2025-06-01T18:01:36.020+0200] {dag.py:2941} INFO - Sync 1 DAGs
[2025-06-01T18:01:36.027+0200] {logging_mixin.py:154} INFO - [2025-06-01T18:01:36.027+0200] {dag.py:3722} INFO - Setting next_dagrun for example_python_operator to None, run_after=None
[2025-06-01T18:01:36.042+0200] {processor.py:179} INFO - Processing /home/lohit/miniconda3/envs/airflow-env/lib/python3.8/site-packages/airflow/example_dags/example_python_operator.py took 0.078 seconds
[2025-06-01T18:02:18.229+0200] {processor.py:157} INFO - Started process (PID=27942) to work on /home/lohit/miniconda3/envs/airflow-env/lib/python3.8/site-packages/airflow/example_dags/example_python_operator.py
[2025-06-01T18:02:18.233+0200] {processor.py:829} INFO - Processing file /home/lohit/miniconda3/envs/airflow-env/lib/python3.8/site-packages/airflow/example_dags/example_python_operator.py for tasks to queue
[2025-06-01T18:02:18.233+0200] {logging_mixin.py:154} INFO - [2025-06-01T18:02:18.233+0200] {dagbag.py:536} INFO - Filling up the DagBag from /home/lohit/miniconda3/envs/airflow-env/lib/python3.8/site-packages/airflow/example_dags/example_python_operator.py
[2025-06-01T18:02:18.275+0200] {logging_mixin.py:154} INFO - [2025-06-01T18:02:18.275+0200] {example_python_operator.py:86} WARNING - The virtalenv_python example task requires virtualenv, please install it.
[2025-06-01T18:02:18.275+0200] {processor.py:839} INFO - DAG(s) dict_keys(['example_python_operator']) retrieved from /home/lohit/miniconda3/envs/airflow-env/lib/python3.8/site-packages/airflow/example_dags/example_python_operator.py
[2025-06-01T18:02:18.287+0200] {logging_mixin.py:154} INFO - [2025-06-01T18:02:18.286+0200] {dag.py:2941} INFO - Sync 1 DAGs
[2025-06-01T18:02:18.293+0200] {logging_mixin.py:154} INFO - [2025-06-01T18:02:18.293+0200] {dag.py:3722} INFO - Setting next_dagrun for example_python_operator to None, run_after=None
[2025-06-01T18:02:18.309+0200] {processor.py:179} INFO - Processing /home/lohit/miniconda3/envs/airflow-env/lib/python3.8/site-packages/airflow/example_dags/example_python_operator.py took 0.082 seconds
[2025-06-01T18:03:05.530+0200] {processor.py:157} INFO - Started process (PID=28018) to work on /home/lohit/miniconda3/envs/airflow-env/lib/python3.8/site-packages/airflow/example_dags/example_python_operator.py
[2025-06-01T18:03:05.533+0200] {processor.py:829} INFO - Processing file /home/lohit/miniconda3/envs/airflow-env/lib/python3.8/site-packages/airflow/example_dags/example_python_operator.py for tasks to queue
[2025-06-01T18:03:05.534+0200] {logging_mixin.py:154} INFO - [2025-06-01T18:03:05.533+0200] {dagbag.py:536} INFO - Filling up the DagBag from /home/lohit/miniconda3/envs/airflow-env/lib/python3.8/site-packages/airflow/example_dags/example_python_operator.py
[2025-06-01T18:03:05.575+0200] {logging_mixin.py:154} INFO - [2025-06-01T18:03:05.575+0200] {example_python_operator.py:86} WARNING - The virtalenv_python example task requires virtualenv, please install it.
[2025-06-01T18:03:05.576+0200] {processor.py:839} INFO - DAG(s) dict_keys(['example_python_operator']) retrieved from /home/lohit/miniconda3/envs/airflow-env/lib/python3.8/site-packages/airflow/example_dags/example_python_operator.py
[2025-06-01T18:03:05.586+0200] {logging_mixin.py:154} INFO - [2025-06-01T18:03:05.586+0200] {dag.py:2941} INFO - Sync 1 DAGs
[2025-06-01T18:03:05.593+0200] {logging_mixin.py:154} INFO - [2025-06-01T18:03:05.593+0200] {dag.py:3722} INFO - Setting next_dagrun for example_python_operator to None, run_after=None
[2025-06-01T18:03:05.611+0200] {processor.py:179} INFO - Processing /home/lohit/miniconda3/envs/airflow-env/lib/python3.8/site-packages/airflow/example_dags/example_python_operator.py took 0.083 seconds
[2025-06-01T18:03:53.638+0200] {processor.py:157} INFO - Started process (PID=28093) to work on /home/lohit/miniconda3/envs/airflow-env/lib/python3.8/site-packages/airflow/example_dags/example_python_operator.py
[2025-06-01T18:03:53.639+0200] {processor.py:829} INFO - Processing file /home/lohit/miniconda3/envs/airflow-env/lib/python3.8/site-packages/airflow/example_dags/example_python_operator.py for tasks to queue
[2025-06-01T18:03:53.640+0200] {logging_mixin.py:154} INFO - [2025-06-01T18:03:53.639+0200] {dagbag.py:536} INFO - Filling up the DagBag from /home/lohit/miniconda3/envs/airflow-env/lib/python3.8/site-packages/airflow/example_dags/example_python_operator.py
[2025-06-01T18:03:53.679+0200] {logging_mixin.py:154} INFO - [2025-06-01T18:03:53.679+0200] {example_python_operator.py:86} WARNING - The virtalenv_python example task requires virtualenv, please install it.
[2025-06-01T18:03:53.679+0200] {processor.py:839} INFO - DAG(s) dict_keys(['example_python_operator']) retrieved from /home/lohit/miniconda3/envs/airflow-env/lib/python3.8/site-packages/airflow/example_dags/example_python_operator.py
[2025-06-01T18:03:53.690+0200] {logging_mixin.py:154} INFO - [2025-06-01T18:03:53.690+0200] {dag.py:2941} INFO - Sync 1 DAGs
[2025-06-01T18:03:53.696+0200] {logging_mixin.py:154} INFO - [2025-06-01T18:03:53.696+0200] {dag.py:3722} INFO - Setting next_dagrun for example_python_operator to None, run_after=None
[2025-06-01T18:03:53.712+0200] {processor.py:179} INFO - Processing /home/lohit/miniconda3/envs/airflow-env/lib/python3.8/site-packages/airflow/example_dags/example_python_operator.py took 0.075 seconds
[2025-06-01T18:04:39.364+0200] {processor.py:157} INFO - Started process (PID=28166) to work on /home/lohit/miniconda3/envs/airflow-env/lib/python3.8/site-packages/airflow/example_dags/example_python_operator.py
[2025-06-01T18:04:39.367+0200] {processor.py:829} INFO - Processing file /home/lohit/miniconda3/envs/airflow-env/lib/python3.8/site-packages/airflow/example_dags/example_python_operator.py for tasks to queue
[2025-06-01T18:04:39.368+0200] {logging_mixin.py:154} INFO - [2025-06-01T18:04:39.368+0200] {dagbag.py:536} INFO - Filling up the DagBag from /home/lohit/miniconda3/envs/airflow-env/lib/python3.8/site-packages/airflow/example_dags/example_python_operator.py
[2025-06-01T18:04:39.407+0200] {logging_mixin.py:154} INFO - [2025-06-01T18:04:39.407+0200] {example_python_operator.py:86} WARNING - The virtalenv_python example task requires virtualenv, please install it.
[2025-06-01T18:04:39.407+0200] {processor.py:839} INFO - DAG(s) dict_keys(['example_python_operator']) retrieved from /home/lohit/miniconda3/envs/airflow-env/lib/python3.8/site-packages/airflow/example_dags/example_python_operator.py
[2025-06-01T18:04:39.418+0200] {logging_mixin.py:154} INFO - [2025-06-01T18:04:39.418+0200] {dag.py:2941} INFO - Sync 1 DAGs
[2025-06-01T18:04:39.424+0200] {logging_mixin.py:154} INFO - [2025-06-01T18:04:39.424+0200] {dag.py:3722} INFO - Setting next_dagrun for example_python_operator to None, run_after=None
[2025-06-01T18:04:39.439+0200] {processor.py:179} INFO - Processing /home/lohit/miniconda3/envs/airflow-env/lib/python3.8/site-packages/airflow/example_dags/example_python_operator.py took 0.077 seconds
[2025-06-01T18:05:29.303+0200] {processor.py:157} INFO - Started process (PID=28248) to work on /home/lohit/miniconda3/envs/airflow-env/lib/python3.8/site-packages/airflow/example_dags/example_python_operator.py
[2025-06-01T18:05:29.306+0200] {processor.py:829} INFO - Processing file /home/lohit/miniconda3/envs/airflow-env/lib/python3.8/site-packages/airflow/example_dags/example_python_operator.py for tasks to queue
[2025-06-01T18:05:29.307+0200] {logging_mixin.py:154} INFO - [2025-06-01T18:05:29.306+0200] {dagbag.py:536} INFO - Filling up the DagBag from /home/lohit/miniconda3/envs/airflow-env/lib/python3.8/site-packages/airflow/example_dags/example_python_operator.py
[2025-06-01T18:05:29.354+0200] {logging_mixin.py:154} INFO - [2025-06-01T18:05:29.354+0200] {example_python_operator.py:86} WARNING - The virtalenv_python example task requires virtualenv, please install it.
[2025-06-01T18:05:29.355+0200] {processor.py:839} INFO - DAG(s) dict_keys(['example_python_operator']) retrieved from /home/lohit/miniconda3/envs/airflow-env/lib/python3.8/site-packages/airflow/example_dags/example_python_operator.py
[2025-06-01T18:05:29.365+0200] {logging_mixin.py:154} INFO - [2025-06-01T18:05:29.365+0200] {dag.py:2941} INFO - Sync 1 DAGs
[2025-06-01T18:05:29.372+0200] {logging_mixin.py:154} INFO - [2025-06-01T18:05:29.372+0200] {dag.py:3722} INFO - Setting next_dagrun for example_python_operator to None, run_after=None
[2025-06-01T18:05:29.387+0200] {processor.py:179} INFO - Processing /home/lohit/miniconda3/envs/airflow-env/lib/python3.8/site-packages/airflow/example_dags/example_python_operator.py took 0.087 seconds
[2025-06-01T18:06:20.900+0200] {processor.py:157} INFO - Started process (PID=28326) to work on /home/lohit/miniconda3/envs/airflow-env/lib/python3.8/site-packages/airflow/example_dags/example_python_operator.py
[2025-06-01T18:06:20.904+0200] {processor.py:829} INFO - Processing file /home/lohit/miniconda3/envs/airflow-env/lib/python3.8/site-packages/airflow/example_dags/example_python_operator.py for tasks to queue
[2025-06-01T18:06:20.904+0200] {logging_mixin.py:154} INFO - [2025-06-01T18:06:20.904+0200] {dagbag.py:536} INFO - Filling up the DagBag from /home/lohit/miniconda3/envs/airflow-env/lib/python3.8/site-packages/airflow/example_dags/example_python_operator.py
[2025-06-01T18:06:20.946+0200] {logging_mixin.py:154} INFO - [2025-06-01T18:06:20.945+0200] {example_python_operator.py:86} WARNING - The virtalenv_python example task requires virtualenv, please install it.
[2025-06-01T18:06:20.946+0200] {processor.py:839} INFO - DAG(s) dict_keys(['example_python_operator']) retrieved from /home/lohit/miniconda3/envs/airflow-env/lib/python3.8/site-packages/airflow/example_dags/example_python_operator.py
[2025-06-01T18:06:20.956+0200] {logging_mixin.py:154} INFO - [2025-06-01T18:06:20.956+0200] {dag.py:2941} INFO - Sync 1 DAGs
[2025-06-01T18:06:20.962+0200] {logging_mixin.py:154} INFO - [2025-06-01T18:06:20.962+0200] {dag.py:3722} INFO - Setting next_dagrun for example_python_operator to None, run_after=None
[2025-06-01T18:06:20.978+0200] {processor.py:179} INFO - Processing /home/lohit/miniconda3/envs/airflow-env/lib/python3.8/site-packages/airflow/example_dags/example_python_operator.py took 0.079 seconds
[2025-06-01T18:07:11.686+0200] {processor.py:157} INFO - Started process (PID=28400) to work on /home/lohit/miniconda3/envs/airflow-env/lib/python3.8/site-packages/airflow/example_dags/example_python_operator.py
[2025-06-01T18:07:11.687+0200] {processor.py:829} INFO - Processing file /home/lohit/miniconda3/envs/airflow-env/lib/python3.8/site-packages/airflow/example_dags/example_python_operator.py for tasks to queue
[2025-06-01T18:07:11.688+0200] {logging_mixin.py:154} INFO - [2025-06-01T18:07:11.688+0200] {dagbag.py:536} INFO - Filling up the DagBag from /home/lohit/miniconda3/envs/airflow-env/lib/python3.8/site-packages/airflow/example_dags/example_python_operator.py
[2025-06-01T18:07:11.727+0200] {logging_mixin.py:154} INFO - [2025-06-01T18:07:11.727+0200] {example_python_operator.py:86} WARNING - The virtalenv_python example task requires virtualenv, please install it.
[2025-06-01T18:07:11.728+0200] {processor.py:839} INFO - DAG(s) dict_keys(['example_python_operator']) retrieved from /home/lohit/miniconda3/envs/airflow-env/lib/python3.8/site-packages/airflow/example_dags/example_python_operator.py
[2025-06-01T18:07:11.738+0200] {logging_mixin.py:154} INFO - [2025-06-01T18:07:11.738+0200] {dag.py:2941} INFO - Sync 1 DAGs
[2025-06-01T18:07:11.744+0200] {logging_mixin.py:154} INFO - [2025-06-01T18:07:11.744+0200] {dag.py:3722} INFO - Setting next_dagrun for example_python_operator to None, run_after=None
[2025-06-01T18:07:11.759+0200] {processor.py:179} INFO - Processing /home/lohit/miniconda3/envs/airflow-env/lib/python3.8/site-packages/airflow/example_dags/example_python_operator.py took 0.075 seconds
[2025-06-01T18:07:58.285+0200] {processor.py:157} INFO - Started process (PID=28470) to work on /home/lohit/miniconda3/envs/airflow-env/lib/python3.8/site-packages/airflow/example_dags/example_python_operator.py
[2025-06-01T18:07:58.288+0200] {processor.py:829} INFO - Processing file /home/lohit/miniconda3/envs/airflow-env/lib/python3.8/site-packages/airflow/example_dags/example_python_operator.py for tasks to queue
[2025-06-01T18:07:58.289+0200] {logging_mixin.py:154} INFO - [2025-06-01T18:07:58.288+0200] {dagbag.py:536} INFO - Filling up the DagBag from /home/lohit/miniconda3/envs/airflow-env/lib/python3.8/site-packages/airflow/example_dags/example_python_operator.py
[2025-06-01T18:07:58.331+0200] {logging_mixin.py:154} INFO - [2025-06-01T18:07:58.331+0200] {example_python_operator.py:86} WARNING - The virtalenv_python example task requires virtualenv, please install it.
[2025-06-01T18:07:58.332+0200] {processor.py:839} INFO - DAG(s) dict_keys(['example_python_operator']) retrieved from /home/lohit/miniconda3/envs/airflow-env/lib/python3.8/site-packages/airflow/example_dags/example_python_operator.py
[2025-06-01T18:07:58.342+0200] {logging_mixin.py:154} INFO - [2025-06-01T18:07:58.342+0200] {dag.py:2941} INFO - Sync 1 DAGs
[2025-06-01T18:07:58.349+0200] {logging_mixin.py:154} INFO - [2025-06-01T18:07:58.348+0200] {dag.py:3722} INFO - Setting next_dagrun for example_python_operator to None, run_after=None
[2025-06-01T18:07:58.365+0200] {processor.py:179} INFO - Processing /home/lohit/miniconda3/envs/airflow-env/lib/python3.8/site-packages/airflow/example_dags/example_python_operator.py took 0.082 seconds
[2025-06-01T18:08:49.567+0200] {processor.py:157} INFO - Started process (PID=28547) to work on /home/lohit/miniconda3/envs/airflow-env/lib/python3.8/site-packages/airflow/example_dags/example_python_operator.py
[2025-06-01T18:08:49.570+0200] {processor.py:829} INFO - Processing file /home/lohit/miniconda3/envs/airflow-env/lib/python3.8/site-packages/airflow/example_dags/example_python_operator.py for tasks to queue
[2025-06-01T18:08:49.571+0200] {logging_mixin.py:154} INFO - [2025-06-01T18:08:49.571+0200] {dagbag.py:536} INFO - Filling up the DagBag from /home/lohit/miniconda3/envs/airflow-env/lib/python3.8/site-packages/airflow/example_dags/example_python_operator.py
[2025-06-01T18:08:49.611+0200] {logging_mixin.py:154} INFO - [2025-06-01T18:08:49.611+0200] {example_python_operator.py:86} WARNING - The virtalenv_python example task requires virtualenv, please install it.
[2025-06-01T18:08:49.611+0200] {processor.py:839} INFO - DAG(s) dict_keys(['example_python_operator']) retrieved from /home/lohit/miniconda3/envs/airflow-env/lib/python3.8/site-packages/airflow/example_dags/example_python_operator.py
[2025-06-01T18:08:49.624+0200] {logging_mixin.py:154} INFO - [2025-06-01T18:08:49.623+0200] {dag.py:2941} INFO - Sync 1 DAGs
[2025-06-01T18:08:49.630+0200] {logging_mixin.py:154} INFO - [2025-06-01T18:08:49.630+0200] {dag.py:3722} INFO - Setting next_dagrun for example_python_operator to None, run_after=None
[2025-06-01T18:08:49.653+0200] {processor.py:179} INFO - Processing /home/lohit/miniconda3/envs/airflow-env/lib/python3.8/site-packages/airflow/example_dags/example_python_operator.py took 0.089 seconds
[2025-06-01T18:09:36.104+0200] {processor.py:157} INFO - Started process (PID=28619) to work on /home/lohit/miniconda3/envs/airflow-env/lib/python3.8/site-packages/airflow/example_dags/example_python_operator.py
[2025-06-01T18:09:36.107+0200] {processor.py:829} INFO - Processing file /home/lohit/miniconda3/envs/airflow-env/lib/python3.8/site-packages/airflow/example_dags/example_python_operator.py for tasks to queue
[2025-06-01T18:09:36.108+0200] {logging_mixin.py:154} INFO - [2025-06-01T18:09:36.108+0200] {dagbag.py:536} INFO - Filling up the DagBag from /home/lohit/miniconda3/envs/airflow-env/lib/python3.8/site-packages/airflow/example_dags/example_python_operator.py
[2025-06-01T18:09:36.151+0200] {logging_mixin.py:154} INFO - [2025-06-01T18:09:36.151+0200] {example_python_operator.py:86} WARNING - The virtalenv_python example task requires virtualenv, please install it.
[2025-06-01T18:09:36.152+0200] {processor.py:839} INFO - DAG(s) dict_keys(['example_python_operator']) retrieved from /home/lohit/miniconda3/envs/airflow-env/lib/python3.8/site-packages/airflow/example_dags/example_python_operator.py
[2025-06-01T18:09:36.164+0200] {logging_mixin.py:154} INFO - [2025-06-01T18:09:36.163+0200] {dag.py:2941} INFO - Sync 1 DAGs
[2025-06-01T18:09:36.173+0200] {logging_mixin.py:154} INFO - [2025-06-01T18:09:36.172+0200] {dag.py:3722} INFO - Setting next_dagrun for example_python_operator to None, run_after=None
[2025-06-01T18:09:36.191+0200] {processor.py:179} INFO - Processing /home/lohit/miniconda3/envs/airflow-env/lib/python3.8/site-packages/airflow/example_dags/example_python_operator.py took 0.089 seconds
[2025-06-01T18:10:24.098+0200] {processor.py:157} INFO - Started process (PID=28701) to work on /home/lohit/miniconda3/envs/airflow-env/lib/python3.8/site-packages/airflow/example_dags/example_python_operator.py
[2025-06-01T18:10:24.102+0200] {processor.py:829} INFO - Processing file /home/lohit/miniconda3/envs/airflow-env/lib/python3.8/site-packages/airflow/example_dags/example_python_operator.py for tasks to queue
[2025-06-01T18:10:24.103+0200] {logging_mixin.py:154} INFO - [2025-06-01T18:10:24.102+0200] {dagbag.py:536} INFO - Filling up the DagBag from /home/lohit/miniconda3/envs/airflow-env/lib/python3.8/site-packages/airflow/example_dags/example_python_operator.py
[2025-06-01T18:10:24.144+0200] {logging_mixin.py:154} INFO - [2025-06-01T18:10:24.144+0200] {example_python_operator.py:86} WARNING - The virtalenv_python example task requires virtualenv, please install it.
[2025-06-01T18:10:24.145+0200] {processor.py:839} INFO - DAG(s) dict_keys(['example_python_operator']) retrieved from /home/lohit/miniconda3/envs/airflow-env/lib/python3.8/site-packages/airflow/example_dags/example_python_operator.py
[2025-06-01T18:10:24.157+0200] {logging_mixin.py:154} INFO - [2025-06-01T18:10:24.157+0200] {dag.py:2941} INFO - Sync 1 DAGs
[2025-06-01T18:10:24.164+0200] {logging_mixin.py:154} INFO - [2025-06-01T18:10:24.164+0200] {dag.py:3722} INFO - Setting next_dagrun for example_python_operator to None, run_after=None
[2025-06-01T18:10:24.179+0200] {processor.py:179} INFO - Processing /home/lohit/miniconda3/envs/airflow-env/lib/python3.8/site-packages/airflow/example_dags/example_python_operator.py took 0.083 seconds
[2025-06-01T18:11:11.405+0200] {processor.py:157} INFO - Started process (PID=28772) to work on /home/lohit/miniconda3/envs/airflow-env/lib/python3.8/site-packages/airflow/example_dags/example_python_operator.py
[2025-06-01T18:11:11.409+0200] {processor.py:829} INFO - Processing file /home/lohit/miniconda3/envs/airflow-env/lib/python3.8/site-packages/airflow/example_dags/example_python_operator.py for tasks to queue
[2025-06-01T18:11:11.409+0200] {logging_mixin.py:154} INFO - [2025-06-01T18:11:11.409+0200] {dagbag.py:536} INFO - Filling up the DagBag from /home/lohit/miniconda3/envs/airflow-env/lib/python3.8/site-packages/airflow/example_dags/example_python_operator.py
[2025-06-01T18:11:11.484+0200] {logging_mixin.py:154} INFO - [2025-06-01T18:11:11.484+0200] {example_python_operator.py:86} WARNING - The virtalenv_python example task requires virtualenv, please install it.
[2025-06-01T18:11:11.484+0200] {processor.py:839} INFO - DAG(s) dict_keys(['example_python_operator']) retrieved from /home/lohit/miniconda3/envs/airflow-env/lib/python3.8/site-packages/airflow/example_dags/example_python_operator.py
[2025-06-01T18:11:11.498+0200] {logging_mixin.py:154} INFO - [2025-06-01T18:11:11.498+0200] {dag.py:2941} INFO - Sync 1 DAGs
[2025-06-01T18:11:11.507+0200] {logging_mixin.py:154} INFO - [2025-06-01T18:11:11.507+0200] {dag.py:3722} INFO - Setting next_dagrun for example_python_operator to None, run_after=None
[2025-06-01T18:11:11.525+0200] {processor.py:179} INFO - Processing /home/lohit/miniconda3/envs/airflow-env/lib/python3.8/site-packages/airflow/example_dags/example_python_operator.py took 0.123 seconds
[2025-06-01T18:12:02.771+0200] {processor.py:157} INFO - Started process (PID=28844) to work on /home/lohit/miniconda3/envs/airflow-env/lib/python3.8/site-packages/airflow/example_dags/example_python_operator.py
[2025-06-01T18:12:02.775+0200] {processor.py:829} INFO - Processing file /home/lohit/miniconda3/envs/airflow-env/lib/python3.8/site-packages/airflow/example_dags/example_python_operator.py for tasks to queue
[2025-06-01T18:12:02.775+0200] {logging_mixin.py:154} INFO - [2025-06-01T18:12:02.775+0200] {dagbag.py:536} INFO - Filling up the DagBag from /home/lohit/miniconda3/envs/airflow-env/lib/python3.8/site-packages/airflow/example_dags/example_python_operator.py
[2025-06-01T18:12:02.816+0200] {logging_mixin.py:154} INFO - [2025-06-01T18:12:02.816+0200] {example_python_operator.py:86} WARNING - The virtalenv_python example task requires virtualenv, please install it.
[2025-06-01T18:12:02.817+0200] {processor.py:839} INFO - DAG(s) dict_keys(['example_python_operator']) retrieved from /home/lohit/miniconda3/envs/airflow-env/lib/python3.8/site-packages/airflow/example_dags/example_python_operator.py
[2025-06-01T18:12:02.829+0200] {logging_mixin.py:154} INFO - [2025-06-01T18:12:02.829+0200] {dag.py:2941} INFO - Sync 1 DAGs
[2025-06-01T18:12:02.836+0200] {logging_mixin.py:154} INFO - [2025-06-01T18:12:02.836+0200] {dag.py:3722} INFO - Setting next_dagrun for example_python_operator to None, run_after=None
[2025-06-01T18:12:02.852+0200] {processor.py:179} INFO - Processing /home/lohit/miniconda3/envs/airflow-env/lib/python3.8/site-packages/airflow/example_dags/example_python_operator.py took 0.083 seconds
[2025-06-01T18:12:52.963+0200] {processor.py:157} INFO - Started process (PID=28924) to work on /home/lohit/miniconda3/envs/airflow-env/lib/python3.8/site-packages/airflow/example_dags/example_python_operator.py
[2025-06-01T18:12:52.965+0200] {processor.py:829} INFO - Processing file /home/lohit/miniconda3/envs/airflow-env/lib/python3.8/site-packages/airflow/example_dags/example_python_operator.py for tasks to queue
[2025-06-01T18:12:52.966+0200] {logging_mixin.py:154} INFO - [2025-06-01T18:12:52.966+0200] {dagbag.py:536} INFO - Filling up the DagBag from /home/lohit/miniconda3/envs/airflow-env/lib/python3.8/site-packages/airflow/example_dags/example_python_operator.py
[2025-06-01T18:12:53.005+0200] {logging_mixin.py:154} INFO - [2025-06-01T18:12:53.005+0200] {example_python_operator.py:86} WARNING - The virtalenv_python example task requires virtualenv, please install it.
[2025-06-01T18:12:53.005+0200] {processor.py:839} INFO - DAG(s) dict_keys(['example_python_operator']) retrieved from /home/lohit/miniconda3/envs/airflow-env/lib/python3.8/site-packages/airflow/example_dags/example_python_operator.py
[2025-06-01T18:12:53.016+0200] {logging_mixin.py:154} INFO - [2025-06-01T18:12:53.016+0200] {dag.py:2941} INFO - Sync 1 DAGs
[2025-06-01T18:12:53.025+0200] {logging_mixin.py:154} INFO - [2025-06-01T18:12:53.025+0200] {dag.py:3722} INFO - Setting next_dagrun for example_python_operator to None, run_after=None
[2025-06-01T18:12:53.045+0200] {processor.py:179} INFO - Processing /home/lohit/miniconda3/envs/airflow-env/lib/python3.8/site-packages/airflow/example_dags/example_python_operator.py took 0.084 seconds
[2025-06-01T18:13:39.263+0200] {processor.py:157} INFO - Started process (PID=28994) to work on /home/lohit/miniconda3/envs/airflow-env/lib/python3.8/site-packages/airflow/example_dags/example_python_operator.py
[2025-06-01T18:13:39.267+0200] {processor.py:829} INFO - Processing file /home/lohit/miniconda3/envs/airflow-env/lib/python3.8/site-packages/airflow/example_dags/example_python_operator.py for tasks to queue
[2025-06-01T18:13:39.267+0200] {logging_mixin.py:154} INFO - [2025-06-01T18:13:39.267+0200] {dagbag.py:536} INFO - Filling up the DagBag from /home/lohit/miniconda3/envs/airflow-env/lib/python3.8/site-packages/airflow/example_dags/example_python_operator.py
[2025-06-01T18:13:39.308+0200] {logging_mixin.py:154} INFO - [2025-06-01T18:13:39.308+0200] {example_python_operator.py:86} WARNING - The virtalenv_python example task requires virtualenv, please install it.
[2025-06-01T18:13:39.308+0200] {processor.py:839} INFO - DAG(s) dict_keys(['example_python_operator']) retrieved from /home/lohit/miniconda3/envs/airflow-env/lib/python3.8/site-packages/airflow/example_dags/example_python_operator.py
[2025-06-01T18:13:39.319+0200] {logging_mixin.py:154} INFO - [2025-06-01T18:13:39.319+0200] {dag.py:2941} INFO - Sync 1 DAGs
[2025-06-01T18:13:39.326+0200] {logging_mixin.py:154} INFO - [2025-06-01T18:13:39.326+0200] {dag.py:3722} INFO - Setting next_dagrun for example_python_operator to None, run_after=None
[2025-06-01T18:13:39.343+0200] {processor.py:179} INFO - Processing /home/lohit/miniconda3/envs/airflow-env/lib/python3.8/site-packages/airflow/example_dags/example_python_operator.py took 0.082 seconds
[2025-06-01T18:14:21.577+0200] {processor.py:157} INFO - Started process (PID=29062) to work on /home/lohit/miniconda3/envs/airflow-env/lib/python3.8/site-packages/airflow/example_dags/example_python_operator.py
[2025-06-01T18:14:21.580+0200] {processor.py:829} INFO - Processing file /home/lohit/miniconda3/envs/airflow-env/lib/python3.8/site-packages/airflow/example_dags/example_python_operator.py for tasks to queue
[2025-06-01T18:14:21.581+0200] {logging_mixin.py:154} INFO - [2025-06-01T18:14:21.581+0200] {dagbag.py:536} INFO - Filling up the DagBag from /home/lohit/miniconda3/envs/airflow-env/lib/python3.8/site-packages/airflow/example_dags/example_python_operator.py
[2025-06-01T18:14:21.623+0200] {logging_mixin.py:154} INFO - [2025-06-01T18:14:21.623+0200] {example_python_operator.py:86} WARNING - The virtalenv_python example task requires virtualenv, please install it.
[2025-06-01T18:14:21.624+0200] {processor.py:839} INFO - DAG(s) dict_keys(['example_python_operator']) retrieved from /home/lohit/miniconda3/envs/airflow-env/lib/python3.8/site-packages/airflow/example_dags/example_python_operator.py
[2025-06-01T18:14:21.635+0200] {logging_mixin.py:154} INFO - [2025-06-01T18:14:21.635+0200] {dag.py:2941} INFO - Sync 1 DAGs
[2025-06-01T18:14:21.643+0200] {logging_mixin.py:154} INFO - [2025-06-01T18:14:21.643+0200] {dag.py:3722} INFO - Setting next_dagrun for example_python_operator to None, run_after=None
[2025-06-01T18:14:21.660+0200] {processor.py:179} INFO - Processing /home/lohit/miniconda3/envs/airflow-env/lib/python3.8/site-packages/airflow/example_dags/example_python_operator.py took 0.085 seconds
[2025-06-01T18:15:09.644+0200] {processor.py:157} INFO - Started process (PID=29132) to work on /home/lohit/miniconda3/envs/airflow-env/lib/python3.8/site-packages/airflow/example_dags/example_python_operator.py
[2025-06-01T18:15:09.648+0200] {processor.py:829} INFO - Processing file /home/lohit/miniconda3/envs/airflow-env/lib/python3.8/site-packages/airflow/example_dags/example_python_operator.py for tasks to queue
[2025-06-01T18:15:09.648+0200] {logging_mixin.py:154} INFO - [2025-06-01T18:15:09.648+0200] {dagbag.py:536} INFO - Filling up the DagBag from /home/lohit/miniconda3/envs/airflow-env/lib/python3.8/site-packages/airflow/example_dags/example_python_operator.py
[2025-06-01T18:15:09.694+0200] {logging_mixin.py:154} INFO - [2025-06-01T18:15:09.693+0200] {example_python_operator.py:86} WARNING - The virtalenv_python example task requires virtualenv, please install it.
[2025-06-01T18:15:09.694+0200] {processor.py:839} INFO - DAG(s) dict_keys(['example_python_operator']) retrieved from /home/lohit/miniconda3/envs/airflow-env/lib/python3.8/site-packages/airflow/example_dags/example_python_operator.py
[2025-06-01T18:15:09.705+0200] {logging_mixin.py:154} INFO - [2025-06-01T18:15:09.705+0200] {dag.py:2941} INFO - Sync 1 DAGs
[2025-06-01T18:15:09.713+0200] {logging_mixin.py:154} INFO - [2025-06-01T18:15:09.713+0200] {dag.py:3722} INFO - Setting next_dagrun for example_python_operator to None, run_after=None
[2025-06-01T18:15:09.730+0200] {processor.py:179} INFO - Processing /home/lohit/miniconda3/envs/airflow-env/lib/python3.8/site-packages/airflow/example_dags/example_python_operator.py took 0.088 seconds
[2025-06-01T18:15:59.136+0200] {processor.py:157} INFO - Started process (PID=29204) to work on /home/lohit/miniconda3/envs/airflow-env/lib/python3.8/site-packages/airflow/example_dags/example_python_operator.py
[2025-06-01T18:15:59.139+0200] {processor.py:829} INFO - Processing file /home/lohit/miniconda3/envs/airflow-env/lib/python3.8/site-packages/airflow/example_dags/example_python_operator.py for tasks to queue
[2025-06-01T18:15:59.140+0200] {logging_mixin.py:154} INFO - [2025-06-01T18:15:59.140+0200] {dagbag.py:536} INFO - Filling up the DagBag from /home/lohit/miniconda3/envs/airflow-env/lib/python3.8/site-packages/airflow/example_dags/example_python_operator.py
[2025-06-01T18:15:59.180+0200] {logging_mixin.py:154} INFO - [2025-06-01T18:15:59.180+0200] {example_python_operator.py:86} WARNING - The virtalenv_python example task requires virtualenv, please install it.
[2025-06-01T18:15:59.180+0200] {processor.py:839} INFO - DAG(s) dict_keys(['example_python_operator']) retrieved from /home/lohit/miniconda3/envs/airflow-env/lib/python3.8/site-packages/airflow/example_dags/example_python_operator.py
[2025-06-01T18:15:59.192+0200] {logging_mixin.py:154} INFO - [2025-06-01T18:15:59.192+0200] {dag.py:2941} INFO - Sync 1 DAGs
[2025-06-01T18:15:59.199+0200] {logging_mixin.py:154} INFO - [2025-06-01T18:15:59.199+0200] {dag.py:3722} INFO - Setting next_dagrun for example_python_operator to None, run_after=None
[2025-06-01T18:15:59.219+0200] {processor.py:179} INFO - Processing /home/lohit/miniconda3/envs/airflow-env/lib/python3.8/site-packages/airflow/example_dags/example_python_operator.py took 0.086 seconds
[2025-06-01T18:16:48.571+0200] {processor.py:157} INFO - Started process (PID=29276) to work on /home/lohit/miniconda3/envs/airflow-env/lib/python3.8/site-packages/airflow/example_dags/example_python_operator.py
[2025-06-01T18:16:48.575+0200] {processor.py:829} INFO - Processing file /home/lohit/miniconda3/envs/airflow-env/lib/python3.8/site-packages/airflow/example_dags/example_python_operator.py for tasks to queue
[2025-06-01T18:16:48.575+0200] {logging_mixin.py:154} INFO - [2025-06-01T18:16:48.575+0200] {dagbag.py:536} INFO - Filling up the DagBag from /home/lohit/miniconda3/envs/airflow-env/lib/python3.8/site-packages/airflow/example_dags/example_python_operator.py
[2025-06-01T18:16:48.613+0200] {logging_mixin.py:154} INFO - [2025-06-01T18:16:48.613+0200] {example_python_operator.py:86} WARNING - The virtalenv_python example task requires virtualenv, please install it.
[2025-06-01T18:16:48.613+0200] {processor.py:839} INFO - DAG(s) dict_keys(['example_python_operator']) retrieved from /home/lohit/miniconda3/envs/airflow-env/lib/python3.8/site-packages/airflow/example_dags/example_python_operator.py
[2025-06-01T18:16:48.623+0200] {logging_mixin.py:154} INFO - [2025-06-01T18:16:48.623+0200] {dag.py:2941} INFO - Sync 1 DAGs
[2025-06-01T18:16:48.629+0200] {logging_mixin.py:154} INFO - [2025-06-01T18:16:48.629+0200] {dag.py:3722} INFO - Setting next_dagrun for example_python_operator to None, run_after=None
[2025-06-01T18:16:48.644+0200] {processor.py:179} INFO - Processing /home/lohit/miniconda3/envs/airflow-env/lib/python3.8/site-packages/airflow/example_dags/example_python_operator.py took 0.075 seconds
[2025-06-01T18:17:35.654+0200] {processor.py:157} INFO - Started process (PID=29350) to work on /home/lohit/miniconda3/envs/airflow-env/lib/python3.8/site-packages/airflow/example_dags/example_python_operator.py
[2025-06-01T18:17:35.658+0200] {processor.py:829} INFO - Processing file /home/lohit/miniconda3/envs/airflow-env/lib/python3.8/site-packages/airflow/example_dags/example_python_operator.py for tasks to queue
[2025-06-01T18:17:35.658+0200] {logging_mixin.py:154} INFO - [2025-06-01T18:17:35.658+0200] {dagbag.py:536} INFO - Filling up the DagBag from /home/lohit/miniconda3/envs/airflow-env/lib/python3.8/site-packages/airflow/example_dags/example_python_operator.py
[2025-06-01T18:17:35.706+0200] {logging_mixin.py:154} INFO - [2025-06-01T18:17:35.706+0200] {example_python_operator.py:86} WARNING - The virtalenv_python example task requires virtualenv, please install it.
[2025-06-01T18:17:35.707+0200] {processor.py:839} INFO - DAG(s) dict_keys(['example_python_operator']) retrieved from /home/lohit/miniconda3/envs/airflow-env/lib/python3.8/site-packages/airflow/example_dags/example_python_operator.py
[2025-06-01T18:17:35.719+0200] {logging_mixin.py:154} INFO - [2025-06-01T18:17:35.719+0200] {dag.py:2941} INFO - Sync 1 DAGs
[2025-06-01T18:17:35.727+0200] {logging_mixin.py:154} INFO - [2025-06-01T18:17:35.727+0200] {dag.py:3722} INFO - Setting next_dagrun for example_python_operator to None, run_after=None
[2025-06-01T18:17:35.747+0200] {processor.py:179} INFO - Processing /home/lohit/miniconda3/envs/airflow-env/lib/python3.8/site-packages/airflow/example_dags/example_python_operator.py took 0.096 seconds
[2025-06-01T18:18:19.564+0200] {processor.py:157} INFO - Started process (PID=29416) to work on /home/lohit/miniconda3/envs/airflow-env/lib/python3.8/site-packages/airflow/example_dags/example_python_operator.py
[2025-06-01T18:18:19.566+0200] {processor.py:829} INFO - Processing file /home/lohit/miniconda3/envs/airflow-env/lib/python3.8/site-packages/airflow/example_dags/example_python_operator.py for tasks to queue
[2025-06-01T18:18:19.566+0200] {logging_mixin.py:154} INFO - [2025-06-01T18:18:19.566+0200] {dagbag.py:536} INFO - Filling up the DagBag from /home/lohit/miniconda3/envs/airflow-env/lib/python3.8/site-packages/airflow/example_dags/example_python_operator.py
[2025-06-01T18:18:19.613+0200] {logging_mixin.py:154} INFO - [2025-06-01T18:18:19.612+0200] {example_python_operator.py:86} WARNING - The virtalenv_python example task requires virtualenv, please install it.
[2025-06-01T18:18:19.613+0200] {processor.py:839} INFO - DAG(s) dict_keys(['example_python_operator']) retrieved from /home/lohit/miniconda3/envs/airflow-env/lib/python3.8/site-packages/airflow/example_dags/example_python_operator.py
[2025-06-01T18:18:19.624+0200] {logging_mixin.py:154} INFO - [2025-06-01T18:18:19.624+0200] {dag.py:2941} INFO - Sync 1 DAGs
[2025-06-01T18:18:19.632+0200] {logging_mixin.py:154} INFO - [2025-06-01T18:18:19.632+0200] {dag.py:3722} INFO - Setting next_dagrun for example_python_operator to None, run_after=None
[2025-06-01T18:18:19.649+0200] {processor.py:179} INFO - Processing /home/lohit/miniconda3/envs/airflow-env/lib/python3.8/site-packages/airflow/example_dags/example_python_operator.py took 0.087 seconds
[2025-06-01T18:19:04.873+0200] {processor.py:157} INFO - Started process (PID=29485) to work on /home/lohit/miniconda3/envs/airflow-env/lib/python3.8/site-packages/airflow/example_dags/example_python_operator.py
[2025-06-01T18:19:04.875+0200] {processor.py:829} INFO - Processing file /home/lohit/miniconda3/envs/airflow-env/lib/python3.8/site-packages/airflow/example_dags/example_python_operator.py for tasks to queue
[2025-06-01T18:19:04.875+0200] {logging_mixin.py:154} INFO - [2025-06-01T18:19:04.875+0200] {dagbag.py:536} INFO - Filling up the DagBag from /home/lohit/miniconda3/envs/airflow-env/lib/python3.8/site-packages/airflow/example_dags/example_python_operator.py
[2025-06-01T18:19:04.919+0200] {logging_mixin.py:154} INFO - [2025-06-01T18:19:04.919+0200] {example_python_operator.py:86} WARNING - The virtalenv_python example task requires virtualenv, please install it.
[2025-06-01T18:19:04.920+0200] {processor.py:839} INFO - DAG(s) dict_keys(['example_python_operator']) retrieved from /home/lohit/miniconda3/envs/airflow-env/lib/python3.8/site-packages/airflow/example_dags/example_python_operator.py
[2025-06-01T18:19:04.931+0200] {logging_mixin.py:154} INFO - [2025-06-01T18:19:04.931+0200] {dag.py:2941} INFO - Sync 1 DAGs
[2025-06-01T18:19:04.939+0200] {logging_mixin.py:154} INFO - [2025-06-01T18:19:04.939+0200] {dag.py:3722} INFO - Setting next_dagrun for example_python_operator to None, run_after=None
[2025-06-01T18:19:04.955+0200] {processor.py:179} INFO - Processing /home/lohit/miniconda3/envs/airflow-env/lib/python3.8/site-packages/airflow/example_dags/example_python_operator.py took 0.085 seconds
[2025-06-01T18:19:54.503+0200] {processor.py:157} INFO - Started process (PID=29557) to work on /home/lohit/miniconda3/envs/airflow-env/lib/python3.8/site-packages/airflow/example_dags/example_python_operator.py
[2025-06-01T18:19:54.506+0200] {processor.py:829} INFO - Processing file /home/lohit/miniconda3/envs/airflow-env/lib/python3.8/site-packages/airflow/example_dags/example_python_operator.py for tasks to queue
[2025-06-01T18:19:54.507+0200] {logging_mixin.py:154} INFO - [2025-06-01T18:19:54.507+0200] {dagbag.py:536} INFO - Filling up the DagBag from /home/lohit/miniconda3/envs/airflow-env/lib/python3.8/site-packages/airflow/example_dags/example_python_operator.py
[2025-06-01T18:19:54.549+0200] {logging_mixin.py:154} INFO - [2025-06-01T18:19:54.549+0200] {example_python_operator.py:86} WARNING - The virtalenv_python example task requires virtualenv, please install it.
[2025-06-01T18:19:54.549+0200] {processor.py:839} INFO - DAG(s) dict_keys(['example_python_operator']) retrieved from /home/lohit/miniconda3/envs/airflow-env/lib/python3.8/site-packages/airflow/example_dags/example_python_operator.py
[2025-06-01T18:19:54.560+0200] {logging_mixin.py:154} INFO - [2025-06-01T18:19:54.560+0200] {dag.py:2941} INFO - Sync 1 DAGs
[2025-06-01T18:19:54.567+0200] {logging_mixin.py:154} INFO - [2025-06-01T18:19:54.567+0200] {dag.py:3722} INFO - Setting next_dagrun for example_python_operator to None, run_after=None
[2025-06-01T18:19:54.585+0200] {processor.py:179} INFO - Processing /home/lohit/miniconda3/envs/airflow-env/lib/python3.8/site-packages/airflow/example_dags/example_python_operator.py took 0.084 seconds
[2025-06-01T18:20:42.813+0200] {processor.py:157} INFO - Started process (PID=29627) to work on /home/lohit/miniconda3/envs/airflow-env/lib/python3.8/site-packages/airflow/example_dags/example_python_operator.py
[2025-06-01T18:20:42.814+0200] {processor.py:829} INFO - Processing file /home/lohit/miniconda3/envs/airflow-env/lib/python3.8/site-packages/airflow/example_dags/example_python_operator.py for tasks to queue
[2025-06-01T18:20:42.815+0200] {logging_mixin.py:154} INFO - [2025-06-01T18:20:42.815+0200] {dagbag.py:536} INFO - Filling up the DagBag from /home/lohit/miniconda3/envs/airflow-env/lib/python3.8/site-packages/airflow/example_dags/example_python_operator.py
[2025-06-01T18:20:42.853+0200] {logging_mixin.py:154} INFO - [2025-06-01T18:20:42.853+0200] {example_python_operator.py:86} WARNING - The virtalenv_python example task requires virtualenv, please install it.
[2025-06-01T18:20:42.853+0200] {processor.py:839} INFO - DAG(s) dict_keys(['example_python_operator']) retrieved from /home/lohit/miniconda3/envs/airflow-env/lib/python3.8/site-packages/airflow/example_dags/example_python_operator.py
[2025-06-01T18:20:42.864+0200] {logging_mixin.py:154} INFO - [2025-06-01T18:20:42.864+0200] {dag.py:2941} INFO - Sync 1 DAGs
[2025-06-01T18:20:42.870+0200] {logging_mixin.py:154} INFO - [2025-06-01T18:20:42.870+0200] {dag.py:3722} INFO - Setting next_dagrun for example_python_operator to None, run_after=None
[2025-06-01T18:20:42.885+0200] {processor.py:179} INFO - Processing /home/lohit/miniconda3/envs/airflow-env/lib/python3.8/site-packages/airflow/example_dags/example_python_operator.py took 0.074 seconds
[2025-06-01T18:21:30.657+0200] {processor.py:157} INFO - Started process (PID=29698) to work on /home/lohit/miniconda3/envs/airflow-env/lib/python3.8/site-packages/airflow/example_dags/example_python_operator.py
[2025-06-01T18:21:30.660+0200] {processor.py:829} INFO - Processing file /home/lohit/miniconda3/envs/airflow-env/lib/python3.8/site-packages/airflow/example_dags/example_python_operator.py for tasks to queue
[2025-06-01T18:21:30.661+0200] {logging_mixin.py:154} INFO - [2025-06-01T18:21:30.661+0200] {dagbag.py:536} INFO - Filling up the DagBag from /home/lohit/miniconda3/envs/airflow-env/lib/python3.8/site-packages/airflow/example_dags/example_python_operator.py
[2025-06-01T18:21:30.702+0200] {logging_mixin.py:154} INFO - [2025-06-01T18:21:30.701+0200] {example_python_operator.py:86} WARNING - The virtalenv_python example task requires virtualenv, please install it.
[2025-06-01T18:21:30.702+0200] {processor.py:839} INFO - DAG(s) dict_keys(['example_python_operator']) retrieved from /home/lohit/miniconda3/envs/airflow-env/lib/python3.8/site-packages/airflow/example_dags/example_python_operator.py
[2025-06-01T18:21:30.712+0200] {logging_mixin.py:154} INFO - [2025-06-01T18:21:30.712+0200] {dag.py:2941} INFO - Sync 1 DAGs
[2025-06-01T18:21:30.719+0200] {logging_mixin.py:154} INFO - [2025-06-01T18:21:30.719+0200] {dag.py:3722} INFO - Setting next_dagrun for example_python_operator to None, run_after=None
[2025-06-01T18:21:30.736+0200] {processor.py:179} INFO - Processing /home/lohit/miniconda3/envs/airflow-env/lib/python3.8/site-packages/airflow/example_dags/example_python_operator.py took 0.081 seconds
[2025-06-01T18:22:16.731+0200] {processor.py:157} INFO - Started process (PID=29768) to work on /home/lohit/miniconda3/envs/airflow-env/lib/python3.8/site-packages/airflow/example_dags/example_python_operator.py
[2025-06-01T18:22:16.732+0200] {processor.py:829} INFO - Processing file /home/lohit/miniconda3/envs/airflow-env/lib/python3.8/site-packages/airflow/example_dags/example_python_operator.py for tasks to queue
[2025-06-01T18:22:16.733+0200] {logging_mixin.py:154} INFO - [2025-06-01T18:22:16.733+0200] {dagbag.py:536} INFO - Filling up the DagBag from /home/lohit/miniconda3/envs/airflow-env/lib/python3.8/site-packages/airflow/example_dags/example_python_operator.py
[2025-06-01T18:22:16.774+0200] {logging_mixin.py:154} INFO - [2025-06-01T18:22:16.774+0200] {example_python_operator.py:86} WARNING - The virtalenv_python example task requires virtualenv, please install it.
[2025-06-01T18:22:16.775+0200] {processor.py:839} INFO - DAG(s) dict_keys(['example_python_operator']) retrieved from /home/lohit/miniconda3/envs/airflow-env/lib/python3.8/site-packages/airflow/example_dags/example_python_operator.py
[2025-06-01T18:22:16.786+0200] {logging_mixin.py:154} INFO - [2025-06-01T18:22:16.786+0200] {dag.py:2941} INFO - Sync 1 DAGs
[2025-06-01T18:22:16.793+0200] {logging_mixin.py:154} INFO - [2025-06-01T18:22:16.793+0200] {dag.py:3722} INFO - Setting next_dagrun for example_python_operator to None, run_after=None
[2025-06-01T18:22:16.808+0200] {processor.py:179} INFO - Processing /home/lohit/miniconda3/envs/airflow-env/lib/python3.8/site-packages/airflow/example_dags/example_python_operator.py took 0.079 seconds
[2025-06-01T18:23:04.631+0200] {processor.py:157} INFO - Started process (PID=29838) to work on /home/lohit/miniconda3/envs/airflow-env/lib/python3.8/site-packages/airflow/example_dags/example_python_operator.py
[2025-06-01T18:23:04.635+0200] {processor.py:829} INFO - Processing file /home/lohit/miniconda3/envs/airflow-env/lib/python3.8/site-packages/airflow/example_dags/example_python_operator.py for tasks to queue
[2025-06-01T18:23:04.636+0200] {logging_mixin.py:154} INFO - [2025-06-01T18:23:04.636+0200] {dagbag.py:536} INFO - Filling up the DagBag from /home/lohit/miniconda3/envs/airflow-env/lib/python3.8/site-packages/airflow/example_dags/example_python_operator.py
[2025-06-01T18:23:04.713+0200] {logging_mixin.py:154} INFO - [2025-06-01T18:23:04.713+0200] {example_python_operator.py:86} WARNING - The virtalenv_python example task requires virtualenv, please install it.
[2025-06-01T18:23:04.714+0200] {processor.py:839} INFO - DAG(s) dict_keys(['example_python_operator']) retrieved from /home/lohit/miniconda3/envs/airflow-env/lib/python3.8/site-packages/airflow/example_dags/example_python_operator.py
[2025-06-01T18:23:04.725+0200] {logging_mixin.py:154} INFO - [2025-06-01T18:23:04.725+0200] {dag.py:2941} INFO - Sync 1 DAGs
[2025-06-01T18:23:04.732+0200] {logging_mixin.py:154} INFO - [2025-06-01T18:23:04.732+0200] {dag.py:3722} INFO - Setting next_dagrun for example_python_operator to None, run_after=None
[2025-06-01T18:23:04.747+0200] {processor.py:179} INFO - Processing /home/lohit/miniconda3/envs/airflow-env/lib/python3.8/site-packages/airflow/example_dags/example_python_operator.py took 0.119 seconds
[2025-06-01T18:23:54.793+0200] {processor.py:157} INFO - Started process (PID=29910) to work on /home/lohit/miniconda3/envs/airflow-env/lib/python3.8/site-packages/airflow/example_dags/example_python_operator.py
[2025-06-01T18:23:54.797+0200] {processor.py:829} INFO - Processing file /home/lohit/miniconda3/envs/airflow-env/lib/python3.8/site-packages/airflow/example_dags/example_python_operator.py for tasks to queue
[2025-06-01T18:23:54.798+0200] {logging_mixin.py:154} INFO - [2025-06-01T18:23:54.797+0200] {dagbag.py:536} INFO - Filling up the DagBag from /home/lohit/miniconda3/envs/airflow-env/lib/python3.8/site-packages/airflow/example_dags/example_python_operator.py
[2025-06-01T18:23:54.840+0200] {logging_mixin.py:154} INFO - [2025-06-01T18:23:54.840+0200] {example_python_operator.py:86} WARNING - The virtalenv_python example task requires virtualenv, please install it.
[2025-06-01T18:23:54.840+0200] {processor.py:839} INFO - DAG(s) dict_keys(['example_python_operator']) retrieved from /home/lohit/miniconda3/envs/airflow-env/lib/python3.8/site-packages/airflow/example_dags/example_python_operator.py
[2025-06-01T18:23:54.851+0200] {logging_mixin.py:154} INFO - [2025-06-01T18:23:54.851+0200] {dag.py:2941} INFO - Sync 1 DAGs
[2025-06-01T18:23:54.857+0200] {logging_mixin.py:154} INFO - [2025-06-01T18:23:54.857+0200] {dag.py:3722} INFO - Setting next_dagrun for example_python_operator to None, run_after=None
[2025-06-01T18:23:54.873+0200] {processor.py:179} INFO - Processing /home/lohit/miniconda3/envs/airflow-env/lib/python3.8/site-packages/airflow/example_dags/example_python_operator.py took 0.082 seconds
[2025-06-01T18:24:39.733+0200] {processor.py:157} INFO - Started process (PID=29978) to work on /home/lohit/miniconda3/envs/airflow-env/lib/python3.8/site-packages/airflow/example_dags/example_python_operator.py
[2025-06-01T18:24:39.736+0200] {processor.py:829} INFO - Processing file /home/lohit/miniconda3/envs/airflow-env/lib/python3.8/site-packages/airflow/example_dags/example_python_operator.py for tasks to queue
[2025-06-01T18:24:39.737+0200] {logging_mixin.py:154} INFO - [2025-06-01T18:24:39.737+0200] {dagbag.py:536} INFO - Filling up the DagBag from /home/lohit/miniconda3/envs/airflow-env/lib/python3.8/site-packages/airflow/example_dags/example_python_operator.py
[2025-06-01T18:24:39.783+0200] {logging_mixin.py:154} INFO - [2025-06-01T18:24:39.783+0200] {example_python_operator.py:86} WARNING - The virtalenv_python example task requires virtualenv, please install it.
[2025-06-01T18:24:39.783+0200] {processor.py:839} INFO - DAG(s) dict_keys(['example_python_operator']) retrieved from /home/lohit/miniconda3/envs/airflow-env/lib/python3.8/site-packages/airflow/example_dags/example_python_operator.py
[2025-06-01T18:24:39.795+0200] {logging_mixin.py:154} INFO - [2025-06-01T18:24:39.795+0200] {dag.py:2941} INFO - Sync 1 DAGs
[2025-06-01T18:24:39.802+0200] {logging_mixin.py:154} INFO - [2025-06-01T18:24:39.802+0200] {dag.py:3722} INFO - Setting next_dagrun for example_python_operator to None, run_after=None
[2025-06-01T18:24:39.819+0200] {processor.py:179} INFO - Processing /home/lohit/miniconda3/envs/airflow-env/lib/python3.8/site-packages/airflow/example_dags/example_python_operator.py took 0.088 seconds
[2025-06-01T18:25:28.850+0200] {processor.py:157} INFO - Started process (PID=30049) to work on /home/lohit/miniconda3/envs/airflow-env/lib/python3.8/site-packages/airflow/example_dags/example_python_operator.py
[2025-06-01T18:25:28.852+0200] {processor.py:829} INFO - Processing file /home/lohit/miniconda3/envs/airflow-env/lib/python3.8/site-packages/airflow/example_dags/example_python_operator.py for tasks to queue
[2025-06-01T18:25:28.852+0200] {logging_mixin.py:154} INFO - [2025-06-01T18:25:28.852+0200] {dagbag.py:536} INFO - Filling up the DagBag from /home/lohit/miniconda3/envs/airflow-env/lib/python3.8/site-packages/airflow/example_dags/example_python_operator.py
[2025-06-01T18:25:28.897+0200] {logging_mixin.py:154} INFO - [2025-06-01T18:25:28.897+0200] {example_python_operator.py:86} WARNING - The virtalenv_python example task requires virtualenv, please install it.
[2025-06-01T18:25:28.897+0200] {processor.py:839} INFO - DAG(s) dict_keys(['example_python_operator']) retrieved from /home/lohit/miniconda3/envs/airflow-env/lib/python3.8/site-packages/airflow/example_dags/example_python_operator.py
[2025-06-01T18:25:28.908+0200] {logging_mixin.py:154} INFO - [2025-06-01T18:25:28.908+0200] {dag.py:2941} INFO - Sync 1 DAGs
[2025-06-01T18:25:28.916+0200] {logging_mixin.py:154} INFO - [2025-06-01T18:25:28.916+0200] {dag.py:3722} INFO - Setting next_dagrun for example_python_operator to None, run_after=None
[2025-06-01T18:25:28.931+0200] {processor.py:179} INFO - Processing /home/lohit/miniconda3/envs/airflow-env/lib/python3.8/site-packages/airflow/example_dags/example_python_operator.py took 0.083 seconds
[2025-06-01T18:26:13.578+0200] {processor.py:157} INFO - Started process (PID=30119) to work on /home/lohit/miniconda3/envs/airflow-env/lib/python3.8/site-packages/airflow/example_dags/example_python_operator.py
[2025-06-01T18:26:13.581+0200] {processor.py:829} INFO - Processing file /home/lohit/miniconda3/envs/airflow-env/lib/python3.8/site-packages/airflow/example_dags/example_python_operator.py for tasks to queue
[2025-06-01T18:26:13.581+0200] {logging_mixin.py:154} INFO - [2025-06-01T18:26:13.581+0200] {dagbag.py:536} INFO - Filling up the DagBag from /home/lohit/miniconda3/envs/airflow-env/lib/python3.8/site-packages/airflow/example_dags/example_python_operator.py
[2025-06-01T18:26:13.630+0200] {logging_mixin.py:154} INFO - [2025-06-01T18:26:13.630+0200] {example_python_operator.py:86} WARNING - The virtalenv_python example task requires virtualenv, please install it.
[2025-06-01T18:26:13.631+0200] {processor.py:839} INFO - DAG(s) dict_keys(['example_python_operator']) retrieved from /home/lohit/miniconda3/envs/airflow-env/lib/python3.8/site-packages/airflow/example_dags/example_python_operator.py
[2025-06-01T18:26:13.642+0200] {logging_mixin.py:154} INFO - [2025-06-01T18:26:13.642+0200] {dag.py:2941} INFO - Sync 1 DAGs
[2025-06-01T18:26:13.649+0200] {logging_mixin.py:154} INFO - [2025-06-01T18:26:13.649+0200] {dag.py:3722} INFO - Setting next_dagrun for example_python_operator to None, run_after=None
[2025-06-01T18:26:13.668+0200] {processor.py:179} INFO - Processing /home/lohit/miniconda3/envs/airflow-env/lib/python3.8/site-packages/airflow/example_dags/example_python_operator.py took 0.092 seconds
[2025-06-01T18:27:02.598+0200] {processor.py:157} INFO - Started process (PID=30191) to work on /home/lohit/miniconda3/envs/airflow-env/lib/python3.8/site-packages/airflow/example_dags/example_python_operator.py
[2025-06-01T18:27:02.600+0200] {processor.py:829} INFO - Processing file /home/lohit/miniconda3/envs/airflow-env/lib/python3.8/site-packages/airflow/example_dags/example_python_operator.py for tasks to queue
[2025-06-01T18:27:02.600+0200] {logging_mixin.py:154} INFO - [2025-06-01T18:27:02.600+0200] {dagbag.py:536} INFO - Filling up the DagBag from /home/lohit/miniconda3/envs/airflow-env/lib/python3.8/site-packages/airflow/example_dags/example_python_operator.py
[2025-06-01T18:27:02.645+0200] {logging_mixin.py:154} INFO - [2025-06-01T18:27:02.644+0200] {example_python_operator.py:86} WARNING - The virtalenv_python example task requires virtualenv, please install it.
[2025-06-01T18:27:02.645+0200] {processor.py:839} INFO - DAG(s) dict_keys(['example_python_operator']) retrieved from /home/lohit/miniconda3/envs/airflow-env/lib/python3.8/site-packages/airflow/example_dags/example_python_operator.py
[2025-06-01T18:27:02.656+0200] {logging_mixin.py:154} INFO - [2025-06-01T18:27:02.656+0200] {dag.py:2941} INFO - Sync 1 DAGs
[2025-06-01T18:27:02.664+0200] {logging_mixin.py:154} INFO - [2025-06-01T18:27:02.664+0200] {dag.py:3722} INFO - Setting next_dagrun for example_python_operator to None, run_after=None
[2025-06-01T18:27:02.681+0200] {processor.py:179} INFO - Processing /home/lohit/miniconda3/envs/airflow-env/lib/python3.8/site-packages/airflow/example_dags/example_python_operator.py took 0.085 seconds
[2025-06-01T18:27:47.569+0200] {processor.py:157} INFO - Started process (PID=30259) to work on /home/lohit/miniconda3/envs/airflow-env/lib/python3.8/site-packages/airflow/example_dags/example_python_operator.py
[2025-06-01T18:27:47.572+0200] {processor.py:829} INFO - Processing file /home/lohit/miniconda3/envs/airflow-env/lib/python3.8/site-packages/airflow/example_dags/example_python_operator.py for tasks to queue
[2025-06-01T18:27:47.573+0200] {logging_mixin.py:154} INFO - [2025-06-01T18:27:47.572+0200] {dagbag.py:536} INFO - Filling up the DagBag from /home/lohit/miniconda3/envs/airflow-env/lib/python3.8/site-packages/airflow/example_dags/example_python_operator.py
[2025-06-01T18:27:47.612+0200] {logging_mixin.py:154} INFO - [2025-06-01T18:27:47.612+0200] {example_python_operator.py:86} WARNING - The virtalenv_python example task requires virtualenv, please install it.
[2025-06-01T18:27:47.613+0200] {processor.py:839} INFO - DAG(s) dict_keys(['example_python_operator']) retrieved from /home/lohit/miniconda3/envs/airflow-env/lib/python3.8/site-packages/airflow/example_dags/example_python_operator.py
[2025-06-01T18:27:47.623+0200] {logging_mixin.py:154} INFO - [2025-06-01T18:27:47.623+0200] {dag.py:2941} INFO - Sync 1 DAGs
[2025-06-01T18:27:47.630+0200] {logging_mixin.py:154} INFO - [2025-06-01T18:27:47.630+0200] {dag.py:3722} INFO - Setting next_dagrun for example_python_operator to None, run_after=None
[2025-06-01T18:27:47.645+0200] {processor.py:179} INFO - Processing /home/lohit/miniconda3/envs/airflow-env/lib/python3.8/site-packages/airflow/example_dags/example_python_operator.py took 0.078 seconds
[2025-06-01T18:28:38.220+0200] {processor.py:157} INFO - Started process (PID=30331) to work on /home/lohit/miniconda3/envs/airflow-env/lib/python3.8/site-packages/airflow/example_dags/example_python_operator.py
[2025-06-01T18:28:38.223+0200] {processor.py:829} INFO - Processing file /home/lohit/miniconda3/envs/airflow-env/lib/python3.8/site-packages/airflow/example_dags/example_python_operator.py for tasks to queue
[2025-06-01T18:28:38.224+0200] {logging_mixin.py:154} INFO - [2025-06-01T18:28:38.224+0200] {dagbag.py:536} INFO - Filling up the DagBag from /home/lohit/miniconda3/envs/airflow-env/lib/python3.8/site-packages/airflow/example_dags/example_python_operator.py
[2025-06-01T18:28:38.260+0200] {logging_mixin.py:154} INFO - [2025-06-01T18:28:38.259+0200] {example_python_operator.py:86} WARNING - The virtalenv_python example task requires virtualenv, please install it.
[2025-06-01T18:28:38.260+0200] {processor.py:839} INFO - DAG(s) dict_keys(['example_python_operator']) retrieved from /home/lohit/miniconda3/envs/airflow-env/lib/python3.8/site-packages/airflow/example_dags/example_python_operator.py
[2025-06-01T18:28:38.270+0200] {logging_mixin.py:154} INFO - [2025-06-01T18:28:38.269+0200] {dag.py:2941} INFO - Sync 1 DAGs
[2025-06-01T18:28:38.275+0200] {logging_mixin.py:154} INFO - [2025-06-01T18:28:38.275+0200] {dag.py:3722} INFO - Setting next_dagrun for example_python_operator to None, run_after=None
[2025-06-01T18:28:38.289+0200] {processor.py:179} INFO - Processing /home/lohit/miniconda3/envs/airflow-env/lib/python3.8/site-packages/airflow/example_dags/example_python_operator.py took 0.071 seconds
[2025-06-01T18:29:21.590+0200] {processor.py:157} INFO - Started process (PID=30399) to work on /home/lohit/miniconda3/envs/airflow-env/lib/python3.8/site-packages/airflow/example_dags/example_python_operator.py
[2025-06-01T18:29:21.591+0200] {processor.py:829} INFO - Processing file /home/lohit/miniconda3/envs/airflow-env/lib/python3.8/site-packages/airflow/example_dags/example_python_operator.py for tasks to queue
[2025-06-01T18:29:21.592+0200] {logging_mixin.py:154} INFO - [2025-06-01T18:29:21.592+0200] {dagbag.py:536} INFO - Filling up the DagBag from /home/lohit/miniconda3/envs/airflow-env/lib/python3.8/site-packages/airflow/example_dags/example_python_operator.py
[2025-06-01T18:29:21.648+0200] {logging_mixin.py:154} INFO - [2025-06-01T18:29:21.648+0200] {example_python_operator.py:86} WARNING - The virtalenv_python example task requires virtualenv, please install it.
[2025-06-01T18:29:21.648+0200] {processor.py:839} INFO - DAG(s) dict_keys(['example_python_operator']) retrieved from /home/lohit/miniconda3/envs/airflow-env/lib/python3.8/site-packages/airflow/example_dags/example_python_operator.py
[2025-06-01T18:29:21.660+0200] {logging_mixin.py:154} INFO - [2025-06-01T18:29:21.660+0200] {dag.py:2941} INFO - Sync 1 DAGs
[2025-06-01T18:29:21.669+0200] {logging_mixin.py:154} INFO - [2025-06-01T18:29:21.669+0200] {dag.py:3722} INFO - Setting next_dagrun for example_python_operator to None, run_after=None
[2025-06-01T18:29:21.687+0200] {processor.py:179} INFO - Processing /home/lohit/miniconda3/envs/airflow-env/lib/python3.8/site-packages/airflow/example_dags/example_python_operator.py took 0.100 seconds
[2025-06-01T18:30:09.352+0200] {processor.py:157} INFO - Started process (PID=30470) to work on /home/lohit/miniconda3/envs/airflow-env/lib/python3.8/site-packages/airflow/example_dags/example_python_operator.py
[2025-06-01T18:30:09.355+0200] {processor.py:829} INFO - Processing file /home/lohit/miniconda3/envs/airflow-env/lib/python3.8/site-packages/airflow/example_dags/example_python_operator.py for tasks to queue
[2025-06-01T18:30:09.356+0200] {logging_mixin.py:154} INFO - [2025-06-01T18:30:09.355+0200] {dagbag.py:536} INFO - Filling up the DagBag from /home/lohit/miniconda3/envs/airflow-env/lib/python3.8/site-packages/airflow/example_dags/example_python_operator.py
[2025-06-01T18:30:09.400+0200] {logging_mixin.py:154} INFO - [2025-06-01T18:30:09.400+0200] {example_python_operator.py:86} WARNING - The virtalenv_python example task requires virtualenv, please install it.
[2025-06-01T18:30:09.400+0200] {processor.py:839} INFO - DAG(s) dict_keys(['example_python_operator']) retrieved from /home/lohit/miniconda3/envs/airflow-env/lib/python3.8/site-packages/airflow/example_dags/example_python_operator.py
[2025-06-01T18:30:09.416+0200] {logging_mixin.py:154} INFO - [2025-06-01T18:30:09.416+0200] {dag.py:2941} INFO - Sync 1 DAGs
[2025-06-01T18:30:09.426+0200] {logging_mixin.py:154} INFO - [2025-06-01T18:30:09.426+0200] {dag.py:3722} INFO - Setting next_dagrun for example_python_operator to None, run_after=None
[2025-06-01T18:30:09.444+0200] {processor.py:179} INFO - Processing /home/lohit/miniconda3/envs/airflow-env/lib/python3.8/site-packages/airflow/example_dags/example_python_operator.py took 0.095 seconds
[2025-06-01T18:30:52.127+0200] {processor.py:157} INFO - Started process (PID=30536) to work on /home/lohit/miniconda3/envs/airflow-env/lib/python3.8/site-packages/airflow/example_dags/example_python_operator.py
[2025-06-01T18:30:52.131+0200] {processor.py:829} INFO - Processing file /home/lohit/miniconda3/envs/airflow-env/lib/python3.8/site-packages/airflow/example_dags/example_python_operator.py for tasks to queue
[2025-06-01T18:30:52.131+0200] {logging_mixin.py:154} INFO - [2025-06-01T18:30:52.131+0200] {dagbag.py:536} INFO - Filling up the DagBag from /home/lohit/miniconda3/envs/airflow-env/lib/python3.8/site-packages/airflow/example_dags/example_python_operator.py
[2025-06-01T18:30:52.172+0200] {logging_mixin.py:154} INFO - [2025-06-01T18:30:52.172+0200] {example_python_operator.py:86} WARNING - The virtalenv_python example task requires virtualenv, please install it.
[2025-06-01T18:30:52.172+0200] {processor.py:839} INFO - DAG(s) dict_keys(['example_python_operator']) retrieved from /home/lohit/miniconda3/envs/airflow-env/lib/python3.8/site-packages/airflow/example_dags/example_python_operator.py
[2025-06-01T18:30:52.183+0200] {logging_mixin.py:154} INFO - [2025-06-01T18:30:52.183+0200] {dag.py:2941} INFO - Sync 1 DAGs
[2025-06-01T18:30:52.191+0200] {logging_mixin.py:154} INFO - [2025-06-01T18:30:52.191+0200] {dag.py:3722} INFO - Setting next_dagrun for example_python_operator to None, run_after=None
[2025-06-01T18:30:52.209+0200] {processor.py:179} INFO - Processing /home/lohit/miniconda3/envs/airflow-env/lib/python3.8/site-packages/airflow/example_dags/example_python_operator.py took 0.083 seconds
[2025-06-01T18:31:37.461+0200] {processor.py:157} INFO - Started process (PID=30606) to work on /home/lohit/miniconda3/envs/airflow-env/lib/python3.8/site-packages/airflow/example_dags/example_python_operator.py
[2025-06-01T18:31:37.465+0200] {processor.py:829} INFO - Processing file /home/lohit/miniconda3/envs/airflow-env/lib/python3.8/site-packages/airflow/example_dags/example_python_operator.py for tasks to queue
[2025-06-01T18:31:37.465+0200] {logging_mixin.py:154} INFO - [2025-06-01T18:31:37.465+0200] {dagbag.py:536} INFO - Filling up the DagBag from /home/lohit/miniconda3/envs/airflow-env/lib/python3.8/site-packages/airflow/example_dags/example_python_operator.py
[2025-06-01T18:31:37.504+0200] {logging_mixin.py:154} INFO - [2025-06-01T18:31:37.504+0200] {example_python_operator.py:86} WARNING - The virtalenv_python example task requires virtualenv, please install it.
[2025-06-01T18:31:37.505+0200] {processor.py:839} INFO - DAG(s) dict_keys(['example_python_operator']) retrieved from /home/lohit/miniconda3/envs/airflow-env/lib/python3.8/site-packages/airflow/example_dags/example_python_operator.py
[2025-06-01T18:31:37.515+0200] {logging_mixin.py:154} INFO - [2025-06-01T18:31:37.515+0200] {dag.py:2941} INFO - Sync 1 DAGs
[2025-06-01T18:31:37.523+0200] {logging_mixin.py:154} INFO - [2025-06-01T18:31:37.522+0200] {dag.py:3722} INFO - Setting next_dagrun for example_python_operator to None, run_after=None
[2025-06-01T18:31:37.538+0200] {processor.py:179} INFO - Processing /home/lohit/miniconda3/envs/airflow-env/lib/python3.8/site-packages/airflow/example_dags/example_python_operator.py took 0.079 seconds
[2025-06-01T18:32:22.129+0200] {processor.py:157} INFO - Started process (PID=30674) to work on /home/lohit/miniconda3/envs/airflow-env/lib/python3.8/site-packages/airflow/example_dags/example_python_operator.py
[2025-06-01T18:32:22.131+0200] {processor.py:829} INFO - Processing file /home/lohit/miniconda3/envs/airflow-env/lib/python3.8/site-packages/airflow/example_dags/example_python_operator.py for tasks to queue
[2025-06-01T18:32:22.131+0200] {logging_mixin.py:154} INFO - [2025-06-01T18:32:22.131+0200] {dagbag.py:536} INFO - Filling up the DagBag from /home/lohit/miniconda3/envs/airflow-env/lib/python3.8/site-packages/airflow/example_dags/example_python_operator.py
[2025-06-01T18:32:22.177+0200] {logging_mixin.py:154} INFO - [2025-06-01T18:32:22.176+0200] {example_python_operator.py:86} WARNING - The virtalenv_python example task requires virtualenv, please install it.
[2025-06-01T18:32:22.177+0200] {processor.py:839} INFO - DAG(s) dict_keys(['example_python_operator']) retrieved from /home/lohit/miniconda3/envs/airflow-env/lib/python3.8/site-packages/airflow/example_dags/example_python_operator.py
[2025-06-01T18:32:22.188+0200] {logging_mixin.py:154} INFO - [2025-06-01T18:32:22.188+0200] {dag.py:2941} INFO - Sync 1 DAGs
[2025-06-01T18:32:22.196+0200] {logging_mixin.py:154} INFO - [2025-06-01T18:32:22.195+0200] {dag.py:3722} INFO - Setting next_dagrun for example_python_operator to None, run_after=None
[2025-06-01T18:32:22.212+0200] {processor.py:179} INFO - Processing /home/lohit/miniconda3/envs/airflow-env/lib/python3.8/site-packages/airflow/example_dags/example_python_operator.py took 0.084 seconds
[2025-06-01T18:33:06.940+0200] {processor.py:157} INFO - Started process (PID=30743) to work on /home/lohit/miniconda3/envs/airflow-env/lib/python3.8/site-packages/airflow/example_dags/example_python_operator.py
[2025-06-01T18:33:06.944+0200] {processor.py:829} INFO - Processing file /home/lohit/miniconda3/envs/airflow-env/lib/python3.8/site-packages/airflow/example_dags/example_python_operator.py for tasks to queue
[2025-06-01T18:33:06.944+0200] {logging_mixin.py:154} INFO - [2025-06-01T18:33:06.944+0200] {dagbag.py:536} INFO - Filling up the DagBag from /home/lohit/miniconda3/envs/airflow-env/lib/python3.8/site-packages/airflow/example_dags/example_python_operator.py
[2025-06-01T18:33:06.985+0200] {logging_mixin.py:154} INFO - [2025-06-01T18:33:06.984+0200] {example_python_operator.py:86} WARNING - The virtalenv_python example task requires virtualenv, please install it.
[2025-06-01T18:33:06.985+0200] {processor.py:839} INFO - DAG(s) dict_keys(['example_python_operator']) retrieved from /home/lohit/miniconda3/envs/airflow-env/lib/python3.8/site-packages/airflow/example_dags/example_python_operator.py
[2025-06-01T18:33:06.996+0200] {logging_mixin.py:154} INFO - [2025-06-01T18:33:06.996+0200] {dag.py:2941} INFO - Sync 1 DAGs
[2025-06-01T18:33:07.004+0200] {logging_mixin.py:154} INFO - [2025-06-01T18:33:07.004+0200] {dag.py:3722} INFO - Setting next_dagrun for example_python_operator to None, run_after=None
[2025-06-01T18:33:07.019+0200] {processor.py:179} INFO - Processing /home/lohit/miniconda3/envs/airflow-env/lib/python3.8/site-packages/airflow/example_dags/example_python_operator.py took 0.081 seconds
[2025-06-01T18:33:55.449+0200] {processor.py:157} INFO - Started process (PID=30813) to work on /home/lohit/miniconda3/envs/airflow-env/lib/python3.8/site-packages/airflow/example_dags/example_python_operator.py
[2025-06-01T18:33:55.452+0200] {processor.py:829} INFO - Processing file /home/lohit/miniconda3/envs/airflow-env/lib/python3.8/site-packages/airflow/example_dags/example_python_operator.py for tasks to queue
[2025-06-01T18:33:55.453+0200] {logging_mixin.py:154} INFO - [2025-06-01T18:33:55.453+0200] {dagbag.py:536} INFO - Filling up the DagBag from /home/lohit/miniconda3/envs/airflow-env/lib/python3.8/site-packages/airflow/example_dags/example_python_operator.py
[2025-06-01T18:33:55.495+0200] {logging_mixin.py:154} INFO - [2025-06-01T18:33:55.495+0200] {example_python_operator.py:86} WARNING - The virtalenv_python example task requires virtualenv, please install it.
[2025-06-01T18:33:55.495+0200] {processor.py:839} INFO - DAG(s) dict_keys(['example_python_operator']) retrieved from /home/lohit/miniconda3/envs/airflow-env/lib/python3.8/site-packages/airflow/example_dags/example_python_operator.py
[2025-06-01T18:33:55.508+0200] {logging_mixin.py:154} INFO - [2025-06-01T18:33:55.508+0200] {dag.py:2941} INFO - Sync 1 DAGs
[2025-06-01T18:33:55.515+0200] {logging_mixin.py:154} INFO - [2025-06-01T18:33:55.515+0200] {dag.py:3722} INFO - Setting next_dagrun for example_python_operator to None, run_after=None
[2025-06-01T18:33:55.531+0200] {processor.py:179} INFO - Processing /home/lohit/miniconda3/envs/airflow-env/lib/python3.8/site-packages/airflow/example_dags/example_python_operator.py took 0.085 seconds
[2025-06-01T18:34:43.976+0200] {processor.py:157} INFO - Started process (PID=31600) to work on /home/lohit/miniconda3/envs/airflow-env/lib/python3.8/site-packages/airflow/example_dags/example_python_operator.py
[2025-06-01T18:34:43.979+0200] {processor.py:829} INFO - Processing file /home/lohit/miniconda3/envs/airflow-env/lib/python3.8/site-packages/airflow/example_dags/example_python_operator.py for tasks to queue
[2025-06-01T18:34:43.979+0200] {logging_mixin.py:154} INFO - [2025-06-01T18:34:43.979+0200] {dagbag.py:536} INFO - Filling up the DagBag from /home/lohit/miniconda3/envs/airflow-env/lib/python3.8/site-packages/airflow/example_dags/example_python_operator.py
[2025-06-01T18:34:44.023+0200] {logging_mixin.py:154} INFO - [2025-06-01T18:34:44.023+0200] {example_python_operator.py:86} WARNING - The virtalenv_python example task requires virtualenv, please install it.
[2025-06-01T18:34:44.024+0200] {processor.py:839} INFO - DAG(s) dict_keys(['example_python_operator']) retrieved from /home/lohit/miniconda3/envs/airflow-env/lib/python3.8/site-packages/airflow/example_dags/example_python_operator.py
[2025-06-01T18:34:44.035+0200] {logging_mixin.py:154} INFO - [2025-06-01T18:34:44.035+0200] {dag.py:2941} INFO - Sync 1 DAGs
[2025-06-01T18:34:44.044+0200] {logging_mixin.py:154} INFO - [2025-06-01T18:34:44.043+0200] {dag.py:3722} INFO - Setting next_dagrun for example_python_operator to None, run_after=None
[2025-06-01T18:34:44.061+0200] {processor.py:179} INFO - Processing /home/lohit/miniconda3/envs/airflow-env/lib/python3.8/site-packages/airflow/example_dags/example_python_operator.py took 0.087 seconds
[2025-06-01T18:35:30.671+0200] {processor.py:157} INFO - Started process (PID=31669) to work on /home/lohit/miniconda3/envs/airflow-env/lib/python3.8/site-packages/airflow/example_dags/example_python_operator.py
[2025-06-01T18:35:30.672+0200] {processor.py:829} INFO - Processing file /home/lohit/miniconda3/envs/airflow-env/lib/python3.8/site-packages/airflow/example_dags/example_python_operator.py for tasks to queue
[2025-06-01T18:35:30.672+0200] {logging_mixin.py:154} INFO - [2025-06-01T18:35:30.672+0200] {dagbag.py:536} INFO - Filling up the DagBag from /home/lohit/miniconda3/envs/airflow-env/lib/python3.8/site-packages/airflow/example_dags/example_python_operator.py
[2025-06-01T18:35:30.711+0200] {logging_mixin.py:154} INFO - [2025-06-01T18:35:30.711+0200] {example_python_operator.py:86} WARNING - The virtalenv_python example task requires virtualenv, please install it.
[2025-06-01T18:35:30.712+0200] {processor.py:839} INFO - DAG(s) dict_keys(['example_python_operator']) retrieved from /home/lohit/miniconda3/envs/airflow-env/lib/python3.8/site-packages/airflow/example_dags/example_python_operator.py
[2025-06-01T18:35:30.724+0200] {logging_mixin.py:154} INFO - [2025-06-01T18:35:30.724+0200] {dag.py:2941} INFO - Sync 1 DAGs
[2025-06-01T18:35:30.731+0200] {logging_mixin.py:154} INFO - [2025-06-01T18:35:30.731+0200] {dag.py:3722} INFO - Setting next_dagrun for example_python_operator to None, run_after=None
[2025-06-01T18:35:30.747+0200] {processor.py:179} INFO - Processing /home/lohit/miniconda3/envs/airflow-env/lib/python3.8/site-packages/airflow/example_dags/example_python_operator.py took 0.078 seconds
