[2025-06-01T17:53:02.222+0200] {processor.py:157} INFO - Started process (PID=27075) to work on /home/lohit/miniconda3/envs/airflow-env/lib/python3.8/site-packages/airflow/example_dags/example_xcomargs.py
[2025-06-01T17:53:02.222+0200] {processor.py:829} INFO - Processing file /home/lohit/miniconda3/envs/airflow-env/lib/python3.8/site-packages/airflow/example_dags/example_xcomargs.py for tasks to queue
[2025-06-01T17:53:02.223+0200] {logging_mixin.py:154} INFO - [2025-06-01T17:53:02.222+0200] {dagbag.py:536} INFO - Filling up the DagBag from /home/lohit/miniconda3/envs/airflow-env/lib/python3.8/site-packages/airflow/example_dags/example_xcomargs.py
[2025-06-01T17:53:02.227+0200] {processor.py:839} INFO - DAG(s) dict_keys(['example_xcom_args_with_operators', 'example_xcom_args']) retrieved from /home/lohit/miniconda3/envs/airflow-env/lib/python3.8/site-packages/airflow/example_dags/example_xcomargs.py
[2025-06-01T17:53:02.238+0200] {logging_mixin.py:154} INFO - [2025-06-01T17:53:02.238+0200] {dag.py:2941} INFO - Sync 2 DAGs
[2025-06-01T17:53:02.245+0200] {logging_mixin.py:154} INFO - [2025-06-01T17:53:02.245+0200] {dag.py:3722} INFO - Setting next_dagrun for example_xcom_args to None, run_after=None
[2025-06-01T17:53:02.247+0200] {logging_mixin.py:154} INFO - [2025-06-01T17:53:02.247+0200] {dag.py:3722} INFO - Setting next_dagrun for example_xcom_args_with_operators to None, run_after=None
[2025-06-01T17:53:02.263+0200] {processor.py:179} INFO - Processing /home/lohit/miniconda3/envs/airflow-env/lib/python3.8/site-packages/airflow/example_dags/example_xcomargs.py took 0.044 seconds
[2025-06-01T17:53:47.419+0200] {processor.py:157} INFO - Started process (PID=27143) to work on /home/lohit/miniconda3/envs/airflow-env/lib/python3.8/site-packages/airflow/example_dags/example_xcomargs.py
[2025-06-01T17:53:47.421+0200] {processor.py:829} INFO - Processing file /home/lohit/miniconda3/envs/airflow-env/lib/python3.8/site-packages/airflow/example_dags/example_xcomargs.py for tasks to queue
[2025-06-01T17:53:47.421+0200] {logging_mixin.py:154} INFO - [2025-06-01T17:53:47.421+0200] {dagbag.py:536} INFO - Filling up the DagBag from /home/lohit/miniconda3/envs/airflow-env/lib/python3.8/site-packages/airflow/example_dags/example_xcomargs.py
[2025-06-01T17:53:47.426+0200] {processor.py:839} INFO - DAG(s) dict_keys(['example_xcom_args', 'example_xcom_args_with_operators']) retrieved from /home/lohit/miniconda3/envs/airflow-env/lib/python3.8/site-packages/airflow/example_dags/example_xcomargs.py
[2025-06-01T17:53:47.437+0200] {logging_mixin.py:154} INFO - [2025-06-01T17:53:47.437+0200] {dag.py:2941} INFO - Sync 2 DAGs
[2025-06-01T17:53:47.443+0200] {logging_mixin.py:154} INFO - [2025-06-01T17:53:47.443+0200] {dag.py:3722} INFO - Setting next_dagrun for example_xcom_args to None, run_after=None
[2025-06-01T17:53:47.444+0200] {logging_mixin.py:154} INFO - [2025-06-01T17:53:47.444+0200] {dag.py:3722} INFO - Setting next_dagrun for example_xcom_args_with_operators to None, run_after=None
[2025-06-01T17:53:47.459+0200] {processor.py:179} INFO - Processing /home/lohit/miniconda3/envs/airflow-env/lib/python3.8/site-packages/airflow/example_dags/example_xcomargs.py took 0.041 seconds
[2025-06-01T17:54:30.897+0200] {processor.py:157} INFO - Started process (PID=27211) to work on /home/lohit/miniconda3/envs/airflow-env/lib/python3.8/site-packages/airflow/example_dags/example_xcomargs.py
[2025-06-01T17:54:30.902+0200] {processor.py:829} INFO - Processing file /home/lohit/miniconda3/envs/airflow-env/lib/python3.8/site-packages/airflow/example_dags/example_xcomargs.py for tasks to queue
[2025-06-01T17:54:30.903+0200] {logging_mixin.py:154} INFO - [2025-06-01T17:54:30.902+0200] {dagbag.py:536} INFO - Filling up the DagBag from /home/lohit/miniconda3/envs/airflow-env/lib/python3.8/site-packages/airflow/example_dags/example_xcomargs.py
[2025-06-01T17:54:30.913+0200] {processor.py:839} INFO - DAG(s) dict_keys(['example_xcom_args_with_operators', 'example_xcom_args']) retrieved from /home/lohit/miniconda3/envs/airflow-env/lib/python3.8/site-packages/airflow/example_dags/example_xcomargs.py
[2025-06-01T17:54:30.931+0200] {logging_mixin.py:154} INFO - [2025-06-01T17:54:30.931+0200] {dag.py:2941} INFO - Sync 2 DAGs
[2025-06-01T17:54:30.941+0200] {logging_mixin.py:154} INFO - [2025-06-01T17:54:30.941+0200] {dag.py:3722} INFO - Setting next_dagrun for example_xcom_args to None, run_after=None
[2025-06-01T17:54:30.943+0200] {logging_mixin.py:154} INFO - [2025-06-01T17:54:30.943+0200] {dag.py:3722} INFO - Setting next_dagrun for example_xcom_args_with_operators to None, run_after=None
[2025-06-01T17:54:30.962+0200] {processor.py:179} INFO - Processing /home/lohit/miniconda3/envs/airflow-env/lib/python3.8/site-packages/airflow/example_dags/example_xcomargs.py took 0.068 seconds
[2025-06-01T17:55:19.481+0200] {processor.py:157} INFO - Started process (PID=27281) to work on /home/lohit/miniconda3/envs/airflow-env/lib/python3.8/site-packages/airflow/example_dags/example_xcomargs.py
[2025-06-01T17:55:19.485+0200] {processor.py:829} INFO - Processing file /home/lohit/miniconda3/envs/airflow-env/lib/python3.8/site-packages/airflow/example_dags/example_xcomargs.py for tasks to queue
[2025-06-01T17:55:19.485+0200] {logging_mixin.py:154} INFO - [2025-06-01T17:55:19.485+0200] {dagbag.py:536} INFO - Filling up the DagBag from /home/lohit/miniconda3/envs/airflow-env/lib/python3.8/site-packages/airflow/example_dags/example_xcomargs.py
[2025-06-01T17:55:19.490+0200] {processor.py:839} INFO - DAG(s) dict_keys(['example_xcom_args_with_operators', 'example_xcom_args']) retrieved from /home/lohit/miniconda3/envs/airflow-env/lib/python3.8/site-packages/airflow/example_dags/example_xcomargs.py
[2025-06-01T17:55:19.501+0200] {logging_mixin.py:154} INFO - [2025-06-01T17:55:19.501+0200] {dag.py:2941} INFO - Sync 2 DAGs
[2025-06-01T17:55:19.508+0200] {logging_mixin.py:154} INFO - [2025-06-01T17:55:19.508+0200] {dag.py:3722} INFO - Setting next_dagrun for example_xcom_args to None, run_after=None
[2025-06-01T17:55:19.509+0200] {logging_mixin.py:154} INFO - [2025-06-01T17:55:19.509+0200] {dag.py:3722} INFO - Setting next_dagrun for example_xcom_args_with_operators to None, run_after=None
[2025-06-01T17:55:19.525+0200] {processor.py:179} INFO - Processing /home/lohit/miniconda3/envs/airflow-env/lib/python3.8/site-packages/airflow/example_dags/example_xcomargs.py took 0.046 seconds
[2025-06-01T17:56:07.425+0200] {processor.py:157} INFO - Started process (PID=27355) to work on /home/lohit/miniconda3/envs/airflow-env/lib/python3.8/site-packages/airflow/example_dags/example_xcomargs.py
[2025-06-01T17:56:07.429+0200] {processor.py:829} INFO - Processing file /home/lohit/miniconda3/envs/airflow-env/lib/python3.8/site-packages/airflow/example_dags/example_xcomargs.py for tasks to queue
[2025-06-01T17:56:07.429+0200] {logging_mixin.py:154} INFO - [2025-06-01T17:56:07.429+0200] {dagbag.py:536} INFO - Filling up the DagBag from /home/lohit/miniconda3/envs/airflow-env/lib/python3.8/site-packages/airflow/example_dags/example_xcomargs.py
[2025-06-01T17:56:07.436+0200] {processor.py:839} INFO - DAG(s) dict_keys(['example_xcom_args_with_operators', 'example_xcom_args']) retrieved from /home/lohit/miniconda3/envs/airflow-env/lib/python3.8/site-packages/airflow/example_dags/example_xcomargs.py
[2025-06-01T17:56:07.448+0200] {logging_mixin.py:154} INFO - [2025-06-01T17:56:07.448+0200] {dag.py:2941} INFO - Sync 2 DAGs
[2025-06-01T17:56:07.455+0200] {logging_mixin.py:154} INFO - [2025-06-01T17:56:07.455+0200] {dag.py:3722} INFO - Setting next_dagrun for example_xcom_args to None, run_after=None
[2025-06-01T17:56:07.457+0200] {logging_mixin.py:154} INFO - [2025-06-01T17:56:07.457+0200] {dag.py:3722} INFO - Setting next_dagrun for example_xcom_args_with_operators to None, run_after=None
[2025-06-01T17:56:07.472+0200] {processor.py:179} INFO - Processing /home/lohit/miniconda3/envs/airflow-env/lib/python3.8/site-packages/airflow/example_dags/example_xcomargs.py took 0.049 seconds
[2025-06-01T17:56:56.349+0200] {processor.py:157} INFO - Started process (PID=27425) to work on /home/lohit/miniconda3/envs/airflow-env/lib/python3.8/site-packages/airflow/example_dags/example_xcomargs.py
[2025-06-01T17:56:56.353+0200] {processor.py:829} INFO - Processing file /home/lohit/miniconda3/envs/airflow-env/lib/python3.8/site-packages/airflow/example_dags/example_xcomargs.py for tasks to queue
[2025-06-01T17:56:56.353+0200] {logging_mixin.py:154} INFO - [2025-06-01T17:56:56.353+0200] {dagbag.py:536} INFO - Filling up the DagBag from /home/lohit/miniconda3/envs/airflow-env/lib/python3.8/site-packages/airflow/example_dags/example_xcomargs.py
[2025-06-01T17:56:56.358+0200] {processor.py:839} INFO - DAG(s) dict_keys(['example_xcom_args_with_operators', 'example_xcom_args']) retrieved from /home/lohit/miniconda3/envs/airflow-env/lib/python3.8/site-packages/airflow/example_dags/example_xcomargs.py
[2025-06-01T17:56:56.370+0200] {logging_mixin.py:154} INFO - [2025-06-01T17:56:56.370+0200] {dag.py:2941} INFO - Sync 2 DAGs
[2025-06-01T17:56:56.377+0200] {logging_mixin.py:154} INFO - [2025-06-01T17:56:56.377+0200] {dag.py:3722} INFO - Setting next_dagrun for example_xcom_args to None, run_after=None
[2025-06-01T17:56:56.379+0200] {logging_mixin.py:154} INFO - [2025-06-01T17:56:56.379+0200] {dag.py:3722} INFO - Setting next_dagrun for example_xcom_args_with_operators to None, run_after=None
[2025-06-01T17:56:56.394+0200] {processor.py:179} INFO - Processing /home/lohit/miniconda3/envs/airflow-env/lib/python3.8/site-packages/airflow/example_dags/example_xcomargs.py took 0.047 seconds
[2025-06-01T17:57:41.934+0200] {processor.py:157} INFO - Started process (PID=27494) to work on /home/lohit/miniconda3/envs/airflow-env/lib/python3.8/site-packages/airflow/example_dags/example_xcomargs.py
[2025-06-01T17:57:41.936+0200] {processor.py:829} INFO - Processing file /home/lohit/miniconda3/envs/airflow-env/lib/python3.8/site-packages/airflow/example_dags/example_xcomargs.py for tasks to queue
[2025-06-01T17:57:41.936+0200] {logging_mixin.py:154} INFO - [2025-06-01T17:57:41.936+0200] {dagbag.py:536} INFO - Filling up the DagBag from /home/lohit/miniconda3/envs/airflow-env/lib/python3.8/site-packages/airflow/example_dags/example_xcomargs.py
[2025-06-01T17:57:41.941+0200] {processor.py:839} INFO - DAG(s) dict_keys(['example_xcom_args_with_operators', 'example_xcom_args']) retrieved from /home/lohit/miniconda3/envs/airflow-env/lib/python3.8/site-packages/airflow/example_dags/example_xcomargs.py
[2025-06-01T17:57:41.951+0200] {logging_mixin.py:154} INFO - [2025-06-01T17:57:41.951+0200] {dag.py:2941} INFO - Sync 2 DAGs
[2025-06-01T17:57:41.957+0200] {logging_mixin.py:154} INFO - [2025-06-01T17:57:41.957+0200] {dag.py:3722} INFO - Setting next_dagrun for example_xcom_args to None, run_after=None
[2025-06-01T17:57:41.959+0200] {logging_mixin.py:154} INFO - [2025-06-01T17:57:41.959+0200] {dag.py:3722} INFO - Setting next_dagrun for example_xcom_args_with_operators to None, run_after=None
[2025-06-01T17:57:41.976+0200] {processor.py:179} INFO - Processing /home/lohit/miniconda3/envs/airflow-env/lib/python3.8/site-packages/airflow/example_dags/example_xcomargs.py took 0.043 seconds
[2025-06-01T17:58:26.319+0200] {processor.py:157} INFO - Started process (PID=27561) to work on /home/lohit/miniconda3/envs/airflow-env/lib/python3.8/site-packages/airflow/example_dags/example_xcomargs.py
[2025-06-01T17:58:26.323+0200] {processor.py:829} INFO - Processing file /home/lohit/miniconda3/envs/airflow-env/lib/python3.8/site-packages/airflow/example_dags/example_xcomargs.py for tasks to queue
[2025-06-01T17:58:26.324+0200] {logging_mixin.py:154} INFO - [2025-06-01T17:58:26.323+0200] {dagbag.py:536} INFO - Filling up the DagBag from /home/lohit/miniconda3/envs/airflow-env/lib/python3.8/site-packages/airflow/example_dags/example_xcomargs.py
[2025-06-01T17:58:26.329+0200] {processor.py:839} INFO - DAG(s) dict_keys(['example_xcom_args_with_operators', 'example_xcom_args']) retrieved from /home/lohit/miniconda3/envs/airflow-env/lib/python3.8/site-packages/airflow/example_dags/example_xcomargs.py
[2025-06-01T17:58:26.340+0200] {logging_mixin.py:154} INFO - [2025-06-01T17:58:26.340+0200] {dag.py:2941} INFO - Sync 2 DAGs
[2025-06-01T17:58:26.346+0200] {logging_mixin.py:154} INFO - [2025-06-01T17:58:26.346+0200] {dag.py:3722} INFO - Setting next_dagrun for example_xcom_args to None, run_after=None
[2025-06-01T17:58:26.348+0200] {logging_mixin.py:154} INFO - [2025-06-01T17:58:26.348+0200] {dag.py:3722} INFO - Setting next_dagrun for example_xcom_args_with_operators to None, run_after=None
[2025-06-01T17:58:26.364+0200] {processor.py:179} INFO - Processing /home/lohit/miniconda3/envs/airflow-env/lib/python3.8/site-packages/airflow/example_dags/example_xcomargs.py took 0.047 seconds
[2025-06-01T17:59:14.320+0200] {processor.py:157} INFO - Started process (PID=27632) to work on /home/lohit/miniconda3/envs/airflow-env/lib/python3.8/site-packages/airflow/example_dags/example_xcomargs.py
[2025-06-01T17:59:14.323+0200] {processor.py:829} INFO - Processing file /home/lohit/miniconda3/envs/airflow-env/lib/python3.8/site-packages/airflow/example_dags/example_xcomargs.py for tasks to queue
[2025-06-01T17:59:14.324+0200] {logging_mixin.py:154} INFO - [2025-06-01T17:59:14.324+0200] {dagbag.py:536} INFO - Filling up the DagBag from /home/lohit/miniconda3/envs/airflow-env/lib/python3.8/site-packages/airflow/example_dags/example_xcomargs.py
[2025-06-01T17:59:14.329+0200] {processor.py:839} INFO - DAG(s) dict_keys(['example_xcom_args', 'example_xcom_args_with_operators']) retrieved from /home/lohit/miniconda3/envs/airflow-env/lib/python3.8/site-packages/airflow/example_dags/example_xcomargs.py
[2025-06-01T17:59:14.340+0200] {logging_mixin.py:154} INFO - [2025-06-01T17:59:14.340+0200] {dag.py:2941} INFO - Sync 2 DAGs
[2025-06-01T17:59:14.346+0200] {logging_mixin.py:154} INFO - [2025-06-01T17:59:14.346+0200] {dag.py:3722} INFO - Setting next_dagrun for example_xcom_args to None, run_after=None
[2025-06-01T17:59:14.347+0200] {logging_mixin.py:154} INFO - [2025-06-01T17:59:14.347+0200] {dag.py:3722} INFO - Setting next_dagrun for example_xcom_args_with_operators to None, run_after=None
[2025-06-01T17:59:14.361+0200] {processor.py:179} INFO - Processing /home/lohit/miniconda3/envs/airflow-env/lib/python3.8/site-packages/airflow/example_dags/example_xcomargs.py took 0.043 seconds
[2025-06-01T17:59:57.180+0200] {processor.py:157} INFO - Started process (PID=27699) to work on /home/lohit/miniconda3/envs/airflow-env/lib/python3.8/site-packages/airflow/example_dags/example_xcomargs.py
[2025-06-01T17:59:57.183+0200] {processor.py:829} INFO - Processing file /home/lohit/miniconda3/envs/airflow-env/lib/python3.8/site-packages/airflow/example_dags/example_xcomargs.py for tasks to queue
[2025-06-01T17:59:57.183+0200] {logging_mixin.py:154} INFO - [2025-06-01T17:59:57.183+0200] {dagbag.py:536} INFO - Filling up the DagBag from /home/lohit/miniconda3/envs/airflow-env/lib/python3.8/site-packages/airflow/example_dags/example_xcomargs.py
[2025-06-01T17:59:57.188+0200] {processor.py:839} INFO - DAG(s) dict_keys(['example_xcom_args', 'example_xcom_args_with_operators']) retrieved from /home/lohit/miniconda3/envs/airflow-env/lib/python3.8/site-packages/airflow/example_dags/example_xcomargs.py
[2025-06-01T17:59:57.199+0200] {logging_mixin.py:154} INFO - [2025-06-01T17:59:57.198+0200] {dag.py:2941} INFO - Sync 2 DAGs
[2025-06-01T17:59:57.206+0200] {logging_mixin.py:154} INFO - [2025-06-01T17:59:57.206+0200] {dag.py:3722} INFO - Setting next_dagrun for example_xcom_args to None, run_after=None
[2025-06-01T17:59:57.208+0200] {logging_mixin.py:154} INFO - [2025-06-01T17:59:57.208+0200] {dag.py:3722} INFO - Setting next_dagrun for example_xcom_args_with_operators to None, run_after=None
[2025-06-01T17:59:57.223+0200] {processor.py:179} INFO - Processing /home/lohit/miniconda3/envs/airflow-env/lib/python3.8/site-packages/airflow/example_dags/example_xcomargs.py took 0.045 seconds
[2025-06-01T18:00:46.912+0200] {processor.py:157} INFO - Started process (PID=27772) to work on /home/lohit/miniconda3/envs/airflow-env/lib/python3.8/site-packages/airflow/example_dags/example_xcomargs.py
[2025-06-01T18:00:46.916+0200] {processor.py:829} INFO - Processing file /home/lohit/miniconda3/envs/airflow-env/lib/python3.8/site-packages/airflow/example_dags/example_xcomargs.py for tasks to queue
[2025-06-01T18:00:46.916+0200] {logging_mixin.py:154} INFO - [2025-06-01T18:00:46.916+0200] {dagbag.py:536} INFO - Filling up the DagBag from /home/lohit/miniconda3/envs/airflow-env/lib/python3.8/site-packages/airflow/example_dags/example_xcomargs.py
[2025-06-01T18:00:46.921+0200] {processor.py:839} INFO - DAG(s) dict_keys(['example_xcom_args_with_operators', 'example_xcom_args']) retrieved from /home/lohit/miniconda3/envs/airflow-env/lib/python3.8/site-packages/airflow/example_dags/example_xcomargs.py
[2025-06-01T18:00:46.932+0200] {logging_mixin.py:154} INFO - [2025-06-01T18:00:46.931+0200] {dag.py:2941} INFO - Sync 2 DAGs
[2025-06-01T18:00:46.938+0200] {logging_mixin.py:154} INFO - [2025-06-01T18:00:46.938+0200] {dag.py:3722} INFO - Setting next_dagrun for example_xcom_args to None, run_after=None
[2025-06-01T18:00:46.939+0200] {logging_mixin.py:154} INFO - [2025-06-01T18:00:46.939+0200] {dag.py:3722} INFO - Setting next_dagrun for example_xcom_args_with_operators to None, run_after=None
[2025-06-01T18:00:46.953+0200] {processor.py:179} INFO - Processing /home/lohit/miniconda3/envs/airflow-env/lib/python3.8/site-packages/airflow/example_dags/example_xcomargs.py took 0.042 seconds
[2025-06-01T18:01:34.826+0200] {processor.py:157} INFO - Started process (PID=27873) to work on /home/lohit/miniconda3/envs/airflow-env/lib/python3.8/site-packages/airflow/example_dags/example_xcomargs.py
[2025-06-01T18:01:34.829+0200] {processor.py:829} INFO - Processing file /home/lohit/miniconda3/envs/airflow-env/lib/python3.8/site-packages/airflow/example_dags/example_xcomargs.py for tasks to queue
[2025-06-01T18:01:34.830+0200] {logging_mixin.py:154} INFO - [2025-06-01T18:01:34.830+0200] {dagbag.py:536} INFO - Filling up the DagBag from /home/lohit/miniconda3/envs/airflow-env/lib/python3.8/site-packages/airflow/example_dags/example_xcomargs.py
[2025-06-01T18:01:34.836+0200] {processor.py:839} INFO - DAG(s) dict_keys(['example_xcom_args', 'example_xcom_args_with_operators']) retrieved from /home/lohit/miniconda3/envs/airflow-env/lib/python3.8/site-packages/airflow/example_dags/example_xcomargs.py
[2025-06-01T18:01:34.847+0200] {logging_mixin.py:154} INFO - [2025-06-01T18:01:34.847+0200] {dag.py:2941} INFO - Sync 2 DAGs
[2025-06-01T18:01:34.854+0200] {logging_mixin.py:154} INFO - [2025-06-01T18:01:34.854+0200] {dag.py:3722} INFO - Setting next_dagrun for example_xcom_args to None, run_after=None
[2025-06-01T18:01:34.855+0200] {logging_mixin.py:154} INFO - [2025-06-01T18:01:34.855+0200] {dag.py:3722} INFO - Setting next_dagrun for example_xcom_args_with_operators to None, run_after=None
[2025-06-01T18:01:34.870+0200] {processor.py:179} INFO - Processing /home/lohit/miniconda3/envs/airflow-env/lib/python3.8/site-packages/airflow/example_dags/example_xcomargs.py took 0.046 seconds
[2025-06-01T18:02:18.103+0200] {processor.py:157} INFO - Started process (PID=27941) to work on /home/lohit/miniconda3/envs/airflow-env/lib/python3.8/site-packages/airflow/example_dags/example_xcomargs.py
[2025-06-01T18:02:18.106+0200] {processor.py:829} INFO - Processing file /home/lohit/miniconda3/envs/airflow-env/lib/python3.8/site-packages/airflow/example_dags/example_xcomargs.py for tasks to queue
[2025-06-01T18:02:18.107+0200] {logging_mixin.py:154} INFO - [2025-06-01T18:02:18.107+0200] {dagbag.py:536} INFO - Filling up the DagBag from /home/lohit/miniconda3/envs/airflow-env/lib/python3.8/site-packages/airflow/example_dags/example_xcomargs.py
[2025-06-01T18:02:18.112+0200] {processor.py:839} INFO - DAG(s) dict_keys(['example_xcom_args', 'example_xcom_args_with_operators']) retrieved from /home/lohit/miniconda3/envs/airflow-env/lib/python3.8/site-packages/airflow/example_dags/example_xcomargs.py
[2025-06-01T18:02:18.125+0200] {logging_mixin.py:154} INFO - [2025-06-01T18:02:18.125+0200] {dag.py:2941} INFO - Sync 2 DAGs
[2025-06-01T18:02:18.131+0200] {logging_mixin.py:154} INFO - [2025-06-01T18:02:18.131+0200] {dag.py:3722} INFO - Setting next_dagrun for example_xcom_args to None, run_after=None
[2025-06-01T18:02:18.133+0200] {logging_mixin.py:154} INFO - [2025-06-01T18:02:18.132+0200] {dag.py:3722} INFO - Setting next_dagrun for example_xcom_args_with_operators to None, run_after=None
[2025-06-01T18:02:18.147+0200] {processor.py:179} INFO - Processing /home/lohit/miniconda3/envs/airflow-env/lib/python3.8/site-packages/airflow/example_dags/example_xcomargs.py took 0.046 seconds
[2025-06-01T18:03:04.401+0200] {processor.py:157} INFO - Started process (PID=28017) to work on /home/lohit/miniconda3/envs/airflow-env/lib/python3.8/site-packages/airflow/example_dags/example_xcomargs.py
[2025-06-01T18:03:04.404+0200] {processor.py:829} INFO - Processing file /home/lohit/miniconda3/envs/airflow-env/lib/python3.8/site-packages/airflow/example_dags/example_xcomargs.py for tasks to queue
[2025-06-01T18:03:04.405+0200] {logging_mixin.py:154} INFO - [2025-06-01T18:03:04.404+0200] {dagbag.py:536} INFO - Filling up the DagBag from /home/lohit/miniconda3/envs/airflow-env/lib/python3.8/site-packages/airflow/example_dags/example_xcomargs.py
[2025-06-01T18:03:04.410+0200] {processor.py:839} INFO - DAG(s) dict_keys(['example_xcom_args_with_operators', 'example_xcom_args']) retrieved from /home/lohit/miniconda3/envs/airflow-env/lib/python3.8/site-packages/airflow/example_dags/example_xcomargs.py
[2025-06-01T18:03:04.421+0200] {logging_mixin.py:154} INFO - [2025-06-01T18:03:04.421+0200] {dag.py:2941} INFO - Sync 2 DAGs
[2025-06-01T18:03:04.428+0200] {logging_mixin.py:154} INFO - [2025-06-01T18:03:04.428+0200] {dag.py:3722} INFO - Setting next_dagrun for example_xcom_args to None, run_after=None
[2025-06-01T18:03:04.429+0200] {logging_mixin.py:154} INFO - [2025-06-01T18:03:04.429+0200] {dag.py:3722} INFO - Setting next_dagrun for example_xcom_args_with_operators to None, run_after=None
[2025-06-01T18:03:04.444+0200] {processor.py:179} INFO - Processing /home/lohit/miniconda3/envs/airflow-env/lib/python3.8/site-packages/airflow/example_dags/example_xcomargs.py took 0.045 seconds
[2025-06-01T18:03:53.395+0200] {processor.py:157} INFO - Started process (PID=28092) to work on /home/lohit/miniconda3/envs/airflow-env/lib/python3.8/site-packages/airflow/example_dags/example_xcomargs.py
[2025-06-01T18:03:53.396+0200] {processor.py:829} INFO - Processing file /home/lohit/miniconda3/envs/airflow-env/lib/python3.8/site-packages/airflow/example_dags/example_xcomargs.py for tasks to queue
[2025-06-01T18:03:53.396+0200] {logging_mixin.py:154} INFO - [2025-06-01T18:03:53.396+0200] {dagbag.py:536} INFO - Filling up the DagBag from /home/lohit/miniconda3/envs/airflow-env/lib/python3.8/site-packages/airflow/example_dags/example_xcomargs.py
[2025-06-01T18:03:53.402+0200] {processor.py:839} INFO - DAG(s) dict_keys(['example_xcom_args_with_operators', 'example_xcom_args']) retrieved from /home/lohit/miniconda3/envs/airflow-env/lib/python3.8/site-packages/airflow/example_dags/example_xcomargs.py
[2025-06-01T18:03:53.412+0200] {logging_mixin.py:154} INFO - [2025-06-01T18:03:53.412+0200] {dag.py:2941} INFO - Sync 2 DAGs
[2025-06-01T18:03:53.418+0200] {logging_mixin.py:154} INFO - [2025-06-01T18:03:53.418+0200] {dag.py:3722} INFO - Setting next_dagrun for example_xcom_args to None, run_after=None
[2025-06-01T18:03:53.419+0200] {logging_mixin.py:154} INFO - [2025-06-01T18:03:53.419+0200] {dag.py:3722} INFO - Setting next_dagrun for example_xcom_args_with_operators to None, run_after=None
[2025-06-01T18:03:53.435+0200] {processor.py:179} INFO - Processing /home/lohit/miniconda3/envs/airflow-env/lib/python3.8/site-packages/airflow/example_dags/example_xcomargs.py took 0.042 seconds
[2025-06-01T18:04:38.235+0200] {processor.py:157} INFO - Started process (PID=28165) to work on /home/lohit/miniconda3/envs/airflow-env/lib/python3.8/site-packages/airflow/example_dags/example_xcomargs.py
[2025-06-01T18:04:38.239+0200] {processor.py:829} INFO - Processing file /home/lohit/miniconda3/envs/airflow-env/lib/python3.8/site-packages/airflow/example_dags/example_xcomargs.py for tasks to queue
[2025-06-01T18:04:38.239+0200] {logging_mixin.py:154} INFO - [2025-06-01T18:04:38.239+0200] {dagbag.py:536} INFO - Filling up the DagBag from /home/lohit/miniconda3/envs/airflow-env/lib/python3.8/site-packages/airflow/example_dags/example_xcomargs.py
[2025-06-01T18:04:38.245+0200] {processor.py:839} INFO - DAG(s) dict_keys(['example_xcom_args_with_operators', 'example_xcom_args']) retrieved from /home/lohit/miniconda3/envs/airflow-env/lib/python3.8/site-packages/airflow/example_dags/example_xcomargs.py
[2025-06-01T18:04:38.258+0200] {logging_mixin.py:154} INFO - [2025-06-01T18:04:38.257+0200] {dag.py:2941} INFO - Sync 2 DAGs
[2025-06-01T18:04:38.264+0200] {logging_mixin.py:154} INFO - [2025-06-01T18:04:38.264+0200] {dag.py:3722} INFO - Setting next_dagrun for example_xcom_args to None, run_after=None
[2025-06-01T18:04:38.266+0200] {logging_mixin.py:154} INFO - [2025-06-01T18:04:38.266+0200] {dag.py:3722} INFO - Setting next_dagrun for example_xcom_args_with_operators to None, run_after=None
[2025-06-01T18:04:38.280+0200] {processor.py:179} INFO - Processing /home/lohit/miniconda3/envs/airflow-env/lib/python3.8/site-packages/airflow/example_dags/example_xcomargs.py took 0.046 seconds
[2025-06-01T18:05:28.173+0200] {processor.py:157} INFO - Started process (PID=28244) to work on /home/lohit/miniconda3/envs/airflow-env/lib/python3.8/site-packages/airflow/example_dags/example_xcomargs.py
[2025-06-01T18:05:28.174+0200] {processor.py:829} INFO - Processing file /home/lohit/miniconda3/envs/airflow-env/lib/python3.8/site-packages/airflow/example_dags/example_xcomargs.py for tasks to queue
[2025-06-01T18:05:28.175+0200] {logging_mixin.py:154} INFO - [2025-06-01T18:05:28.174+0200] {dagbag.py:536} INFO - Filling up the DagBag from /home/lohit/miniconda3/envs/airflow-env/lib/python3.8/site-packages/airflow/example_dags/example_xcomargs.py
[2025-06-01T18:05:28.180+0200] {processor.py:839} INFO - DAG(s) dict_keys(['example_xcom_args_with_operators', 'example_xcom_args']) retrieved from /home/lohit/miniconda3/envs/airflow-env/lib/python3.8/site-packages/airflow/example_dags/example_xcomargs.py
[2025-06-01T18:05:28.190+0200] {logging_mixin.py:154} INFO - [2025-06-01T18:05:28.190+0200] {dag.py:2941} INFO - Sync 2 DAGs
[2025-06-01T18:05:28.197+0200] {logging_mixin.py:154} INFO - [2025-06-01T18:05:28.197+0200] {dag.py:3722} INFO - Setting next_dagrun for example_xcom_args to None, run_after=None
[2025-06-01T18:05:28.198+0200] {logging_mixin.py:154} INFO - [2025-06-01T18:05:28.198+0200] {dag.py:3722} INFO - Setting next_dagrun for example_xcom_args_with_operators to None, run_after=None
[2025-06-01T18:05:28.213+0200] {processor.py:179} INFO - Processing /home/lohit/miniconda3/envs/airflow-env/lib/python3.8/site-packages/airflow/example_dags/example_xcomargs.py took 0.042 seconds
[2025-06-01T18:06:19.771+0200] {processor.py:157} INFO - Started process (PID=28325) to work on /home/lohit/miniconda3/envs/airflow-env/lib/python3.8/site-packages/airflow/example_dags/example_xcomargs.py
[2025-06-01T18:06:19.774+0200] {processor.py:829} INFO - Processing file /home/lohit/miniconda3/envs/airflow-env/lib/python3.8/site-packages/airflow/example_dags/example_xcomargs.py for tasks to queue
[2025-06-01T18:06:19.775+0200] {logging_mixin.py:154} INFO - [2025-06-01T18:06:19.775+0200] {dagbag.py:536} INFO - Filling up the DagBag from /home/lohit/miniconda3/envs/airflow-env/lib/python3.8/site-packages/airflow/example_dags/example_xcomargs.py
[2025-06-01T18:06:19.780+0200] {processor.py:839} INFO - DAG(s) dict_keys(['example_xcom_args', 'example_xcom_args_with_operators']) retrieved from /home/lohit/miniconda3/envs/airflow-env/lib/python3.8/site-packages/airflow/example_dags/example_xcomargs.py
[2025-06-01T18:06:19.791+0200] {logging_mixin.py:154} INFO - [2025-06-01T18:06:19.790+0200] {dag.py:2941} INFO - Sync 2 DAGs
[2025-06-01T18:06:19.797+0200] {logging_mixin.py:154} INFO - [2025-06-01T18:06:19.797+0200] {dag.py:3722} INFO - Setting next_dagrun for example_xcom_args to None, run_after=None
[2025-06-01T18:06:19.799+0200] {logging_mixin.py:154} INFO - [2025-06-01T18:06:19.798+0200] {dag.py:3722} INFO - Setting next_dagrun for example_xcom_args_with_operators to None, run_after=None
[2025-06-01T18:06:19.812+0200] {processor.py:179} INFO - Processing /home/lohit/miniconda3/envs/airflow-env/lib/python3.8/site-packages/airflow/example_dags/example_xcomargs.py took 0.043 seconds
[2025-06-01T18:07:04.781+0200] {processor.py:157} INFO - Started process (PID=28393) to work on /home/lohit/miniconda3/envs/airflow-env/lib/python3.8/site-packages/airflow/example_dags/example_xcomargs.py
[2025-06-01T18:07:04.785+0200] {processor.py:829} INFO - Processing file /home/lohit/miniconda3/envs/airflow-env/lib/python3.8/site-packages/airflow/example_dags/example_xcomargs.py for tasks to queue
[2025-06-01T18:07:04.786+0200] {logging_mixin.py:154} INFO - [2025-06-01T18:07:04.786+0200] {dagbag.py:536} INFO - Filling up the DagBag from /home/lohit/miniconda3/envs/airflow-env/lib/python3.8/site-packages/airflow/example_dags/example_xcomargs.py
[2025-06-01T18:07:04.792+0200] {processor.py:839} INFO - DAG(s) dict_keys(['example_xcom_args', 'example_xcom_args_with_operators']) retrieved from /home/lohit/miniconda3/envs/airflow-env/lib/python3.8/site-packages/airflow/example_dags/example_xcomargs.py
[2025-06-01T18:07:04.804+0200] {logging_mixin.py:154} INFO - [2025-06-01T18:07:04.804+0200] {dag.py:2941} INFO - Sync 2 DAGs
[2025-06-01T18:07:04.811+0200] {logging_mixin.py:154} INFO - [2025-06-01T18:07:04.811+0200] {dag.py:3722} INFO - Setting next_dagrun for example_xcom_args to None, run_after=None
[2025-06-01T18:07:04.813+0200] {logging_mixin.py:154} INFO - [2025-06-01T18:07:04.813+0200] {dag.py:3722} INFO - Setting next_dagrun for example_xcom_args_with_operators to None, run_after=None
[2025-06-01T18:07:04.829+0200] {processor.py:179} INFO - Processing /home/lohit/miniconda3/envs/airflow-env/lib/python3.8/site-packages/airflow/example_dags/example_xcomargs.py took 0.050 seconds
[2025-06-01T18:07:52.011+0200] {processor.py:157} INFO - Started process (PID=28463) to work on /home/lohit/miniconda3/envs/airflow-env/lib/python3.8/site-packages/airflow/example_dags/example_xcomargs.py
[2025-06-01T18:07:52.014+0200] {processor.py:829} INFO - Processing file /home/lohit/miniconda3/envs/airflow-env/lib/python3.8/site-packages/airflow/example_dags/example_xcomargs.py for tasks to queue
[2025-06-01T18:07:52.015+0200] {logging_mixin.py:154} INFO - [2025-06-01T18:07:52.014+0200] {dagbag.py:536} INFO - Filling up the DagBag from /home/lohit/miniconda3/envs/airflow-env/lib/python3.8/site-packages/airflow/example_dags/example_xcomargs.py
[2025-06-01T18:07:52.019+0200] {processor.py:839} INFO - DAG(s) dict_keys(['example_xcom_args_with_operators', 'example_xcom_args']) retrieved from /home/lohit/miniconda3/envs/airflow-env/lib/python3.8/site-packages/airflow/example_dags/example_xcomargs.py
[2025-06-01T18:07:52.030+0200] {logging_mixin.py:154} INFO - [2025-06-01T18:07:52.030+0200] {dag.py:2941} INFO - Sync 2 DAGs
[2025-06-01T18:07:52.036+0200] {logging_mixin.py:154} INFO - [2025-06-01T18:07:52.036+0200] {dag.py:3722} INFO - Setting next_dagrun for example_xcom_args to None, run_after=None
[2025-06-01T18:07:52.037+0200] {logging_mixin.py:154} INFO - [2025-06-01T18:07:52.037+0200] {dag.py:3722} INFO - Setting next_dagrun for example_xcom_args_with_operators to None, run_after=None
[2025-06-01T18:07:52.054+0200] {processor.py:179} INFO - Processing /home/lohit/miniconda3/envs/airflow-env/lib/python3.8/site-packages/airflow/example_dags/example_xcomargs.py took 0.045 seconds
[2025-06-01T18:08:39.397+0200] {processor.py:157} INFO - Started process (PID=28537) to work on /home/lohit/miniconda3/envs/airflow-env/lib/python3.8/site-packages/airflow/example_dags/example_xcomargs.py
[2025-06-01T18:08:39.400+0200] {processor.py:829} INFO - Processing file /home/lohit/miniconda3/envs/airflow-env/lib/python3.8/site-packages/airflow/example_dags/example_xcomargs.py for tasks to queue
[2025-06-01T18:08:39.401+0200] {logging_mixin.py:154} INFO - [2025-06-01T18:08:39.401+0200] {dagbag.py:536} INFO - Filling up the DagBag from /home/lohit/miniconda3/envs/airflow-env/lib/python3.8/site-packages/airflow/example_dags/example_xcomargs.py
[2025-06-01T18:08:39.406+0200] {processor.py:839} INFO - DAG(s) dict_keys(['example_xcom_args', 'example_xcom_args_with_operators']) retrieved from /home/lohit/miniconda3/envs/airflow-env/lib/python3.8/site-packages/airflow/example_dags/example_xcomargs.py
[2025-06-01T18:08:39.416+0200] {logging_mixin.py:154} INFO - [2025-06-01T18:08:39.416+0200] {dag.py:2941} INFO - Sync 2 DAGs
[2025-06-01T18:08:39.423+0200] {logging_mixin.py:154} INFO - [2025-06-01T18:08:39.423+0200] {dag.py:3722} INFO - Setting next_dagrun for example_xcom_args to None, run_after=None
[2025-06-01T18:08:39.425+0200] {logging_mixin.py:154} INFO - [2025-06-01T18:08:39.425+0200] {dag.py:3722} INFO - Setting next_dagrun for example_xcom_args_with_operators to None, run_after=None
[2025-06-01T18:08:39.440+0200] {processor.py:179} INFO - Processing /home/lohit/miniconda3/envs/airflow-env/lib/python3.8/site-packages/airflow/example_dags/example_xcomargs.py took 0.045 seconds
[2025-06-01T18:09:28.412+0200] {processor.py:157} INFO - Started process (PID=28610) to work on /home/lohit/miniconda3/envs/airflow-env/lib/python3.8/site-packages/airflow/example_dags/example_xcomargs.py
[2025-06-01T18:09:28.415+0200] {processor.py:829} INFO - Processing file /home/lohit/miniconda3/envs/airflow-env/lib/python3.8/site-packages/airflow/example_dags/example_xcomargs.py for tasks to queue
[2025-06-01T18:09:28.416+0200] {logging_mixin.py:154} INFO - [2025-06-01T18:09:28.415+0200] {dagbag.py:536} INFO - Filling up the DagBag from /home/lohit/miniconda3/envs/airflow-env/lib/python3.8/site-packages/airflow/example_dags/example_xcomargs.py
[2025-06-01T18:09:28.420+0200] {processor.py:839} INFO - DAG(s) dict_keys(['example_xcom_args', 'example_xcom_args_with_operators']) retrieved from /home/lohit/miniconda3/envs/airflow-env/lib/python3.8/site-packages/airflow/example_dags/example_xcomargs.py
[2025-06-01T18:09:28.431+0200] {logging_mixin.py:154} INFO - [2025-06-01T18:09:28.431+0200] {dag.py:2941} INFO - Sync 2 DAGs
[2025-06-01T18:09:28.439+0200] {logging_mixin.py:154} INFO - [2025-06-01T18:09:28.439+0200] {dag.py:3722} INFO - Setting next_dagrun for example_xcom_args to None, run_after=None
[2025-06-01T18:09:28.441+0200] {logging_mixin.py:154} INFO - [2025-06-01T18:09:28.441+0200] {dag.py:3722} INFO - Setting next_dagrun for example_xcom_args_with_operators to None, run_after=None
[2025-06-01T18:09:28.455+0200] {processor.py:179} INFO - Processing /home/lohit/miniconda3/envs/airflow-env/lib/python3.8/site-packages/airflow/example_dags/example_xcomargs.py took 0.045 seconds
[2025-06-01T18:10:16.927+0200] {processor.py:157} INFO - Started process (PID=28692) to work on /home/lohit/miniconda3/envs/airflow-env/lib/python3.8/site-packages/airflow/example_dags/example_xcomargs.py
[2025-06-01T18:10:16.931+0200] {processor.py:829} INFO - Processing file /home/lohit/miniconda3/envs/airflow-env/lib/python3.8/site-packages/airflow/example_dags/example_xcomargs.py for tasks to queue
[2025-06-01T18:10:16.932+0200] {logging_mixin.py:154} INFO - [2025-06-01T18:10:16.931+0200] {dagbag.py:536} INFO - Filling up the DagBag from /home/lohit/miniconda3/envs/airflow-env/lib/python3.8/site-packages/airflow/example_dags/example_xcomargs.py
[2025-06-01T18:10:16.938+0200] {processor.py:839} INFO - DAG(s) dict_keys(['example_xcom_args_with_operators', 'example_xcom_args']) retrieved from /home/lohit/miniconda3/envs/airflow-env/lib/python3.8/site-packages/airflow/example_dags/example_xcomargs.py
[2025-06-01T18:10:16.952+0200] {logging_mixin.py:154} INFO - [2025-06-01T18:10:16.952+0200] {dag.py:2941} INFO - Sync 2 DAGs
[2025-06-01T18:10:16.960+0200] {logging_mixin.py:154} INFO - [2025-06-01T18:10:16.960+0200] {dag.py:3722} INFO - Setting next_dagrun for example_xcom_args to None, run_after=None
[2025-06-01T18:10:16.962+0200] {logging_mixin.py:154} INFO - [2025-06-01T18:10:16.962+0200] {dag.py:3722} INFO - Setting next_dagrun for example_xcom_args_with_operators to None, run_after=None
[2025-06-01T18:10:16.980+0200] {processor.py:179} INFO - Processing /home/lohit/miniconda3/envs/airflow-env/lib/python3.8/site-packages/airflow/example_dags/example_xcomargs.py took 0.055 seconds
[2025-06-01T18:11:04.984+0200] {processor.py:157} INFO - Started process (PID=28765) to work on /home/lohit/miniconda3/envs/airflow-env/lib/python3.8/site-packages/airflow/example_dags/example_xcomargs.py
[2025-06-01T18:11:04.988+0200] {processor.py:829} INFO - Processing file /home/lohit/miniconda3/envs/airflow-env/lib/python3.8/site-packages/airflow/example_dags/example_xcomargs.py for tasks to queue
[2025-06-01T18:11:04.989+0200] {logging_mixin.py:154} INFO - [2025-06-01T18:11:04.989+0200] {dagbag.py:536} INFO - Filling up the DagBag from /home/lohit/miniconda3/envs/airflow-env/lib/python3.8/site-packages/airflow/example_dags/example_xcomargs.py
[2025-06-01T18:11:04.994+0200] {processor.py:839} INFO - DAG(s) dict_keys(['example_xcom_args_with_operators', 'example_xcom_args']) retrieved from /home/lohit/miniconda3/envs/airflow-env/lib/python3.8/site-packages/airflow/example_dags/example_xcomargs.py
[2025-06-01T18:11:05.007+0200] {logging_mixin.py:154} INFO - [2025-06-01T18:11:05.006+0200] {dag.py:2941} INFO - Sync 2 DAGs
[2025-06-01T18:11:05.013+0200] {logging_mixin.py:154} INFO - [2025-06-01T18:11:05.013+0200] {dag.py:3722} INFO - Setting next_dagrun for example_xcom_args to None, run_after=None
[2025-06-01T18:11:05.015+0200] {logging_mixin.py:154} INFO - [2025-06-01T18:11:05.015+0200] {dag.py:3722} INFO - Setting next_dagrun for example_xcom_args_with_operators to None, run_after=None
[2025-06-01T18:11:05.029+0200] {processor.py:179} INFO - Processing /home/lohit/miniconda3/envs/airflow-env/lib/python3.8/site-packages/airflow/example_dags/example_xcomargs.py took 0.047 seconds
[2025-06-01T18:11:53.196+0200] {processor.py:157} INFO - Started process (PID=28835) to work on /home/lohit/miniconda3/envs/airflow-env/lib/python3.8/site-packages/airflow/example_dags/example_xcomargs.py
[2025-06-01T18:11:53.200+0200] {processor.py:829} INFO - Processing file /home/lohit/miniconda3/envs/airflow-env/lib/python3.8/site-packages/airflow/example_dags/example_xcomargs.py for tasks to queue
[2025-06-01T18:11:53.200+0200] {logging_mixin.py:154} INFO - [2025-06-01T18:11:53.200+0200] {dagbag.py:536} INFO - Filling up the DagBag from /home/lohit/miniconda3/envs/airflow-env/lib/python3.8/site-packages/airflow/example_dags/example_xcomargs.py
[2025-06-01T18:11:53.206+0200] {processor.py:839} INFO - DAG(s) dict_keys(['example_xcom_args_with_operators', 'example_xcom_args']) retrieved from /home/lohit/miniconda3/envs/airflow-env/lib/python3.8/site-packages/airflow/example_dags/example_xcomargs.py
[2025-06-01T18:11:53.218+0200] {logging_mixin.py:154} INFO - [2025-06-01T18:11:53.218+0200] {dag.py:2941} INFO - Sync 2 DAGs
[2025-06-01T18:11:53.226+0200] {logging_mixin.py:154} INFO - [2025-06-01T18:11:53.226+0200] {dag.py:3722} INFO - Setting next_dagrun for example_xcom_args to None, run_after=None
[2025-06-01T18:11:53.227+0200] {logging_mixin.py:154} INFO - [2025-06-01T18:11:53.227+0200] {dag.py:3722} INFO - Setting next_dagrun for example_xcom_args_with_operators to None, run_after=None
[2025-06-01T18:11:53.242+0200] {processor.py:179} INFO - Processing /home/lohit/miniconda3/envs/airflow-env/lib/python3.8/site-packages/airflow/example_dags/example_xcomargs.py took 0.048 seconds
[2025-06-01T18:12:44.955+0200] {processor.py:157} INFO - Started process (PID=28916) to work on /home/lohit/miniconda3/envs/airflow-env/lib/python3.8/site-packages/airflow/example_dags/example_xcomargs.py
[2025-06-01T18:12:44.959+0200] {processor.py:829} INFO - Processing file /home/lohit/miniconda3/envs/airflow-env/lib/python3.8/site-packages/airflow/example_dags/example_xcomargs.py for tasks to queue
[2025-06-01T18:12:44.959+0200] {logging_mixin.py:154} INFO - [2025-06-01T18:12:44.959+0200] {dagbag.py:536} INFO - Filling up the DagBag from /home/lohit/miniconda3/envs/airflow-env/lib/python3.8/site-packages/airflow/example_dags/example_xcomargs.py
[2025-06-01T18:12:44.965+0200] {processor.py:839} INFO - DAG(s) dict_keys(['example_xcom_args_with_operators', 'example_xcom_args']) retrieved from /home/lohit/miniconda3/envs/airflow-env/lib/python3.8/site-packages/airflow/example_dags/example_xcomargs.py
[2025-06-01T18:12:44.977+0200] {logging_mixin.py:154} INFO - [2025-06-01T18:12:44.977+0200] {dag.py:2941} INFO - Sync 2 DAGs
[2025-06-01T18:12:44.984+0200] {logging_mixin.py:154} INFO - [2025-06-01T18:12:44.984+0200] {dag.py:3722} INFO - Setting next_dagrun for example_xcom_args to None, run_after=None
[2025-06-01T18:12:44.985+0200] {logging_mixin.py:154} INFO - [2025-06-01T18:12:44.985+0200] {dag.py:3722} INFO - Setting next_dagrun for example_xcom_args_with_operators to None, run_after=None
[2025-06-01T18:12:45.000+0200] {processor.py:179} INFO - Processing /home/lohit/miniconda3/envs/airflow-env/lib/python3.8/site-packages/airflow/example_dags/example_xcomargs.py took 0.046 seconds
[2025-06-01T18:13:32.331+0200] {processor.py:157} INFO - Started process (PID=28987) to work on /home/lohit/miniconda3/envs/airflow-env/lib/python3.8/site-packages/airflow/example_dags/example_xcomargs.py
[2025-06-01T18:13:32.334+0200] {processor.py:829} INFO - Processing file /home/lohit/miniconda3/envs/airflow-env/lib/python3.8/site-packages/airflow/example_dags/example_xcomargs.py for tasks to queue
[2025-06-01T18:13:32.335+0200] {logging_mixin.py:154} INFO - [2025-06-01T18:13:32.335+0200] {dagbag.py:536} INFO - Filling up the DagBag from /home/lohit/miniconda3/envs/airflow-env/lib/python3.8/site-packages/airflow/example_dags/example_xcomargs.py
[2025-06-01T18:13:32.340+0200] {processor.py:839} INFO - DAG(s) dict_keys(['example_xcom_args', 'example_xcom_args_with_operators']) retrieved from /home/lohit/miniconda3/envs/airflow-env/lib/python3.8/site-packages/airflow/example_dags/example_xcomargs.py
[2025-06-01T18:13:32.351+0200] {logging_mixin.py:154} INFO - [2025-06-01T18:13:32.351+0200] {dag.py:2941} INFO - Sync 2 DAGs
[2025-06-01T18:13:32.357+0200] {logging_mixin.py:154} INFO - [2025-06-01T18:13:32.357+0200] {dag.py:3722} INFO - Setting next_dagrun for example_xcom_args to None, run_after=None
[2025-06-01T18:13:32.359+0200] {logging_mixin.py:154} INFO - [2025-06-01T18:13:32.359+0200] {dag.py:3722} INFO - Setting next_dagrun for example_xcom_args_with_operators to None, run_after=None
[2025-06-01T18:13:32.373+0200] {processor.py:179} INFO - Processing /home/lohit/miniconda3/envs/airflow-env/lib/python3.8/site-packages/airflow/example_dags/example_xcomargs.py took 0.044 seconds
[2025-06-01T18:14:16.439+0200] {processor.py:157} INFO - Started process (PID=29055) to work on /home/lohit/miniconda3/envs/airflow-env/lib/python3.8/site-packages/airflow/example_dags/example_xcomargs.py
[2025-06-01T18:14:16.443+0200] {processor.py:829} INFO - Processing file /home/lohit/miniconda3/envs/airflow-env/lib/python3.8/site-packages/airflow/example_dags/example_xcomargs.py for tasks to queue
[2025-06-01T18:14:16.443+0200] {logging_mixin.py:154} INFO - [2025-06-01T18:14:16.443+0200] {dagbag.py:536} INFO - Filling up the DagBag from /home/lohit/miniconda3/envs/airflow-env/lib/python3.8/site-packages/airflow/example_dags/example_xcomargs.py
[2025-06-01T18:14:16.451+0200] {processor.py:839} INFO - DAG(s) dict_keys(['example_xcom_args', 'example_xcom_args_with_operators']) retrieved from /home/lohit/miniconda3/envs/airflow-env/lib/python3.8/site-packages/airflow/example_dags/example_xcomargs.py
[2025-06-01T18:14:16.464+0200] {logging_mixin.py:154} INFO - [2025-06-01T18:14:16.464+0200] {dag.py:2941} INFO - Sync 2 DAGs
[2025-06-01T18:14:16.473+0200] {logging_mixin.py:154} INFO - [2025-06-01T18:14:16.473+0200] {dag.py:3722} INFO - Setting next_dagrun for example_xcom_args to None, run_after=None
[2025-06-01T18:14:16.475+0200] {logging_mixin.py:154} INFO - [2025-06-01T18:14:16.475+0200] {dag.py:3722} INFO - Setting next_dagrun for example_xcom_args_with_operators to None, run_after=None
[2025-06-01T18:14:16.492+0200] {processor.py:179} INFO - Processing /home/lohit/miniconda3/envs/airflow-env/lib/python3.8/site-packages/airflow/example_dags/example_xcomargs.py took 0.055 seconds
[2025-06-01T18:15:08.518+0200] {processor.py:157} INFO - Started process (PID=29131) to work on /home/lohit/miniconda3/envs/airflow-env/lib/python3.8/site-packages/airflow/example_dags/example_xcomargs.py
[2025-06-01T18:15:08.521+0200] {processor.py:829} INFO - Processing file /home/lohit/miniconda3/envs/airflow-env/lib/python3.8/site-packages/airflow/example_dags/example_xcomargs.py for tasks to queue
[2025-06-01T18:15:08.522+0200] {logging_mixin.py:154} INFO - [2025-06-01T18:15:08.522+0200] {dagbag.py:536} INFO - Filling up the DagBag from /home/lohit/miniconda3/envs/airflow-env/lib/python3.8/site-packages/airflow/example_dags/example_xcomargs.py
[2025-06-01T18:15:08.528+0200] {processor.py:839} INFO - DAG(s) dict_keys(['example_xcom_args', 'example_xcom_args_with_operators']) retrieved from /home/lohit/miniconda3/envs/airflow-env/lib/python3.8/site-packages/airflow/example_dags/example_xcomargs.py
[2025-06-01T18:15:08.540+0200] {logging_mixin.py:154} INFO - [2025-06-01T18:15:08.540+0200] {dag.py:2941} INFO - Sync 2 DAGs
[2025-06-01T18:15:08.547+0200] {logging_mixin.py:154} INFO - [2025-06-01T18:15:08.547+0200] {dag.py:3722} INFO - Setting next_dagrun for example_xcom_args to None, run_after=None
[2025-06-01T18:15:08.549+0200] {logging_mixin.py:154} INFO - [2025-06-01T18:15:08.549+0200] {dag.py:3722} INFO - Setting next_dagrun for example_xcom_args_with_operators to None, run_after=None
[2025-06-01T18:15:08.564+0200] {processor.py:179} INFO - Processing /home/lohit/miniconda3/envs/airflow-env/lib/python3.8/site-packages/airflow/example_dags/example_xcomargs.py took 0.049 seconds
[2025-06-01T18:15:57.994+0200] {processor.py:157} INFO - Started process (PID=29203) to work on /home/lohit/miniconda3/envs/airflow-env/lib/python3.8/site-packages/airflow/example_dags/example_xcomargs.py
[2025-06-01T18:15:57.996+0200] {processor.py:829} INFO - Processing file /home/lohit/miniconda3/envs/airflow-env/lib/python3.8/site-packages/airflow/example_dags/example_xcomargs.py for tasks to queue
[2025-06-01T18:15:57.997+0200] {logging_mixin.py:154} INFO - [2025-06-01T18:15:57.996+0200] {dagbag.py:536} INFO - Filling up the DagBag from /home/lohit/miniconda3/envs/airflow-env/lib/python3.8/site-packages/airflow/example_dags/example_xcomargs.py
[2025-06-01T18:15:58.003+0200] {processor.py:839} INFO - DAG(s) dict_keys(['example_xcom_args_with_operators', 'example_xcom_args']) retrieved from /home/lohit/miniconda3/envs/airflow-env/lib/python3.8/site-packages/airflow/example_dags/example_xcomargs.py
[2025-06-01T18:15:58.015+0200] {logging_mixin.py:154} INFO - [2025-06-01T18:15:58.015+0200] {dag.py:2941} INFO - Sync 2 DAGs
[2025-06-01T18:15:58.023+0200] {logging_mixin.py:154} INFO - [2025-06-01T18:15:58.022+0200] {dag.py:3722} INFO - Setting next_dagrun for example_xcom_args to None, run_after=None
[2025-06-01T18:15:58.024+0200] {logging_mixin.py:154} INFO - [2025-06-01T18:15:58.024+0200] {dag.py:3722} INFO - Setting next_dagrun for example_xcom_args_with_operators to None, run_after=None
[2025-06-01T18:15:58.041+0200] {processor.py:179} INFO - Processing /home/lohit/miniconda3/envs/airflow-env/lib/python3.8/site-packages/airflow/example_dags/example_xcomargs.py took 0.049 seconds
[2025-06-01T18:16:47.651+0200] {processor.py:157} INFO - Started process (PID=29275) to work on /home/lohit/miniconda3/envs/airflow-env/lib/python3.8/site-packages/airflow/example_dags/example_xcomargs.py
[2025-06-01T18:16:47.655+0200] {processor.py:829} INFO - Processing file /home/lohit/miniconda3/envs/airflow-env/lib/python3.8/site-packages/airflow/example_dags/example_xcomargs.py for tasks to queue
[2025-06-01T18:16:47.655+0200] {logging_mixin.py:154} INFO - [2025-06-01T18:16:47.655+0200] {dagbag.py:536} INFO - Filling up the DagBag from /home/lohit/miniconda3/envs/airflow-env/lib/python3.8/site-packages/airflow/example_dags/example_xcomargs.py
[2025-06-01T18:16:47.660+0200] {processor.py:839} INFO - DAG(s) dict_keys(['example_xcom_args', 'example_xcom_args_with_operators']) retrieved from /home/lohit/miniconda3/envs/airflow-env/lib/python3.8/site-packages/airflow/example_dags/example_xcomargs.py
[2025-06-01T18:16:47.670+0200] {logging_mixin.py:154} INFO - [2025-06-01T18:16:47.670+0200] {dag.py:2941} INFO - Sync 2 DAGs
[2025-06-01T18:16:47.676+0200] {logging_mixin.py:154} INFO - [2025-06-01T18:16:47.676+0200] {dag.py:3722} INFO - Setting next_dagrun for example_xcom_args to None, run_after=None
[2025-06-01T18:16:47.678+0200] {logging_mixin.py:154} INFO - [2025-06-01T18:16:47.678+0200] {dag.py:3722} INFO - Setting next_dagrun for example_xcom_args_with_operators to None, run_after=None
[2025-06-01T18:16:47.693+0200] {processor.py:179} INFO - Processing /home/lohit/miniconda3/envs/airflow-env/lib/python3.8/site-packages/airflow/example_dags/example_xcomargs.py took 0.044 seconds
[2025-06-01T18:17:35.298+0200] {processor.py:157} INFO - Started process (PID=29349) to work on /home/lohit/miniconda3/envs/airflow-env/lib/python3.8/site-packages/airflow/example_dags/example_xcomargs.py
[2025-06-01T18:17:35.300+0200] {processor.py:829} INFO - Processing file /home/lohit/miniconda3/envs/airflow-env/lib/python3.8/site-packages/airflow/example_dags/example_xcomargs.py for tasks to queue
[2025-06-01T18:17:35.300+0200] {logging_mixin.py:154} INFO - [2025-06-01T18:17:35.300+0200] {dagbag.py:536} INFO - Filling up the DagBag from /home/lohit/miniconda3/envs/airflow-env/lib/python3.8/site-packages/airflow/example_dags/example_xcomargs.py
[2025-06-01T18:17:35.307+0200] {processor.py:839} INFO - DAG(s) dict_keys(['example_xcom_args_with_operators', 'example_xcom_args']) retrieved from /home/lohit/miniconda3/envs/airflow-env/lib/python3.8/site-packages/airflow/example_dags/example_xcomargs.py
[2025-06-01T18:17:35.322+0200] {logging_mixin.py:154} INFO - [2025-06-01T18:17:35.322+0200] {dag.py:2941} INFO - Sync 2 DAGs
[2025-06-01T18:17:35.330+0200] {logging_mixin.py:154} INFO - [2025-06-01T18:17:35.330+0200] {dag.py:3722} INFO - Setting next_dagrun for example_xcom_args to None, run_after=None
[2025-06-01T18:17:35.332+0200] {logging_mixin.py:154} INFO - [2025-06-01T18:17:35.332+0200] {dag.py:3722} INFO - Setting next_dagrun for example_xcom_args_with_operators to None, run_after=None
[2025-06-01T18:17:35.349+0200] {processor.py:179} INFO - Processing /home/lohit/miniconda3/envs/airflow-env/lib/python3.8/site-packages/airflow/example_dags/example_xcomargs.py took 0.053 seconds
[2025-06-01T18:18:18.432+0200] {processor.py:157} INFO - Started process (PID=29415) to work on /home/lohit/miniconda3/envs/airflow-env/lib/python3.8/site-packages/airflow/example_dags/example_xcomargs.py
[2025-06-01T18:18:18.436+0200] {processor.py:829} INFO - Processing file /home/lohit/miniconda3/envs/airflow-env/lib/python3.8/site-packages/airflow/example_dags/example_xcomargs.py for tasks to queue
[2025-06-01T18:18:18.436+0200] {logging_mixin.py:154} INFO - [2025-06-01T18:18:18.436+0200] {dagbag.py:536} INFO - Filling up the DagBag from /home/lohit/miniconda3/envs/airflow-env/lib/python3.8/site-packages/airflow/example_dags/example_xcomargs.py
[2025-06-01T18:18:18.442+0200] {processor.py:839} INFO - DAG(s) dict_keys(['example_xcom_args', 'example_xcom_args_with_operators']) retrieved from /home/lohit/miniconda3/envs/airflow-env/lib/python3.8/site-packages/airflow/example_dags/example_xcomargs.py
[2025-06-01T18:18:18.454+0200] {logging_mixin.py:154} INFO - [2025-06-01T18:18:18.454+0200] {dag.py:2941} INFO - Sync 2 DAGs
[2025-06-01T18:18:18.462+0200] {logging_mixin.py:154} INFO - [2025-06-01T18:18:18.462+0200] {dag.py:3722} INFO - Setting next_dagrun for example_xcom_args to None, run_after=None
[2025-06-01T18:18:18.464+0200] {logging_mixin.py:154} INFO - [2025-06-01T18:18:18.464+0200] {dag.py:3722} INFO - Setting next_dagrun for example_xcom_args_with_operators to None, run_after=None
[2025-06-01T18:18:18.479+0200] {processor.py:179} INFO - Processing /home/lohit/miniconda3/envs/airflow-env/lib/python3.8/site-packages/airflow/example_dags/example_xcomargs.py took 0.049 seconds
[2025-06-01T18:19:03.744+0200] {processor.py:157} INFO - Started process (PID=29484) to work on /home/lohit/miniconda3/envs/airflow-env/lib/python3.8/site-packages/airflow/example_dags/example_xcomargs.py
[2025-06-01T18:19:03.748+0200] {processor.py:829} INFO - Processing file /home/lohit/miniconda3/envs/airflow-env/lib/python3.8/site-packages/airflow/example_dags/example_xcomargs.py for tasks to queue
[2025-06-01T18:19:03.748+0200] {logging_mixin.py:154} INFO - [2025-06-01T18:19:03.748+0200] {dagbag.py:536} INFO - Filling up the DagBag from /home/lohit/miniconda3/envs/airflow-env/lib/python3.8/site-packages/airflow/example_dags/example_xcomargs.py
[2025-06-01T18:19:03.754+0200] {processor.py:839} INFO - DAG(s) dict_keys(['example_xcom_args', 'example_xcom_args_with_operators']) retrieved from /home/lohit/miniconda3/envs/airflow-env/lib/python3.8/site-packages/airflow/example_dags/example_xcomargs.py
[2025-06-01T18:19:03.765+0200] {logging_mixin.py:154} INFO - [2025-06-01T18:19:03.765+0200] {dag.py:2941} INFO - Sync 2 DAGs
[2025-06-01T18:19:03.772+0200] {logging_mixin.py:154} INFO - [2025-06-01T18:19:03.772+0200] {dag.py:3722} INFO - Setting next_dagrun for example_xcom_args to None, run_after=None
[2025-06-01T18:19:03.774+0200] {logging_mixin.py:154} INFO - [2025-06-01T18:19:03.774+0200] {dag.py:3722} INFO - Setting next_dagrun for example_xcom_args_with_operators to None, run_after=None
[2025-06-01T18:19:03.791+0200] {processor.py:179} INFO - Processing /home/lohit/miniconda3/envs/airflow-env/lib/python3.8/site-packages/airflow/example_dags/example_xcomargs.py took 0.049 seconds
[2025-06-01T18:19:54.171+0200] {processor.py:157} INFO - Started process (PID=29556) to work on /home/lohit/miniconda3/envs/airflow-env/lib/python3.8/site-packages/airflow/example_dags/example_xcomargs.py
[2025-06-01T18:19:54.174+0200] {processor.py:829} INFO - Processing file /home/lohit/miniconda3/envs/airflow-env/lib/python3.8/site-packages/airflow/example_dags/example_xcomargs.py for tasks to queue
[2025-06-01T18:19:54.175+0200] {logging_mixin.py:154} INFO - [2025-06-01T18:19:54.174+0200] {dagbag.py:536} INFO - Filling up the DagBag from /home/lohit/miniconda3/envs/airflow-env/lib/python3.8/site-packages/airflow/example_dags/example_xcomargs.py
[2025-06-01T18:19:54.181+0200] {processor.py:839} INFO - DAG(s) dict_keys(['example_xcom_args_with_operators', 'example_xcom_args']) retrieved from /home/lohit/miniconda3/envs/airflow-env/lib/python3.8/site-packages/airflow/example_dags/example_xcomargs.py
[2025-06-01T18:19:54.193+0200] {logging_mixin.py:154} INFO - [2025-06-01T18:19:54.193+0200] {dag.py:2941} INFO - Sync 2 DAGs
[2025-06-01T18:19:54.201+0200] {logging_mixin.py:154} INFO - [2025-06-01T18:19:54.200+0200] {dag.py:3722} INFO - Setting next_dagrun for example_xcom_args to None, run_after=None
[2025-06-01T18:19:54.202+0200] {logging_mixin.py:154} INFO - [2025-06-01T18:19:54.202+0200] {dag.py:3722} INFO - Setting next_dagrun for example_xcom_args_with_operators to None, run_after=None
[2025-06-01T18:19:54.218+0200] {processor.py:179} INFO - Processing /home/lohit/miniconda3/envs/airflow-env/lib/python3.8/site-packages/airflow/example_dags/example_xcomargs.py took 0.049 seconds
[2025-06-01T18:20:41.683+0200] {processor.py:157} INFO - Started process (PID=29626) to work on /home/lohit/miniconda3/envs/airflow-env/lib/python3.8/site-packages/airflow/example_dags/example_xcomargs.py
[2025-06-01T18:20:41.686+0200] {processor.py:829} INFO - Processing file /home/lohit/miniconda3/envs/airflow-env/lib/python3.8/site-packages/airflow/example_dags/example_xcomargs.py for tasks to queue
[2025-06-01T18:20:41.687+0200] {logging_mixin.py:154} INFO - [2025-06-01T18:20:41.687+0200] {dagbag.py:536} INFO - Filling up the DagBag from /home/lohit/miniconda3/envs/airflow-env/lib/python3.8/site-packages/airflow/example_dags/example_xcomargs.py
[2025-06-01T18:20:41.693+0200] {processor.py:839} INFO - DAG(s) dict_keys(['example_xcom_args_with_operators', 'example_xcom_args']) retrieved from /home/lohit/miniconda3/envs/airflow-env/lib/python3.8/site-packages/airflow/example_dags/example_xcomargs.py
[2025-06-01T18:20:41.704+0200] {logging_mixin.py:154} INFO - [2025-06-01T18:20:41.704+0200] {dag.py:2941} INFO - Sync 2 DAGs
[2025-06-01T18:20:41.711+0200] {logging_mixin.py:154} INFO - [2025-06-01T18:20:41.711+0200] {dag.py:3722} INFO - Setting next_dagrun for example_xcom_args to None, run_after=None
[2025-06-01T18:20:41.713+0200] {logging_mixin.py:154} INFO - [2025-06-01T18:20:41.713+0200] {dag.py:3722} INFO - Setting next_dagrun for example_xcom_args_with_operators to None, run_after=None
[2025-06-01T18:20:41.727+0200] {processor.py:179} INFO - Processing /home/lohit/miniconda3/envs/airflow-env/lib/python3.8/site-packages/airflow/example_dags/example_xcomargs.py took 0.046 seconds
[2025-06-01T18:21:29.529+0200] {processor.py:157} INFO - Started process (PID=29697) to work on /home/lohit/miniconda3/envs/airflow-env/lib/python3.8/site-packages/airflow/example_dags/example_xcomargs.py
[2025-06-01T18:21:29.533+0200] {processor.py:829} INFO - Processing file /home/lohit/miniconda3/envs/airflow-env/lib/python3.8/site-packages/airflow/example_dags/example_xcomargs.py for tasks to queue
[2025-06-01T18:21:29.533+0200] {logging_mixin.py:154} INFO - [2025-06-01T18:21:29.533+0200] {dagbag.py:536} INFO - Filling up the DagBag from /home/lohit/miniconda3/envs/airflow-env/lib/python3.8/site-packages/airflow/example_dags/example_xcomargs.py
[2025-06-01T18:21:29.538+0200] {processor.py:839} INFO - DAG(s) dict_keys(['example_xcom_args_with_operators', 'example_xcom_args']) retrieved from /home/lohit/miniconda3/envs/airflow-env/lib/python3.8/site-packages/airflow/example_dags/example_xcomargs.py
[2025-06-01T18:21:29.549+0200] {logging_mixin.py:154} INFO - [2025-06-01T18:21:29.549+0200] {dag.py:2941} INFO - Sync 2 DAGs
[2025-06-01T18:21:29.557+0200] {logging_mixin.py:154} INFO - [2025-06-01T18:21:29.557+0200] {dag.py:3722} INFO - Setting next_dagrun for example_xcom_args to None, run_after=None
[2025-06-01T18:21:29.558+0200] {logging_mixin.py:154} INFO - [2025-06-01T18:21:29.558+0200] {dag.py:3722} INFO - Setting next_dagrun for example_xcom_args_with_operators to None, run_after=None
[2025-06-01T18:21:29.574+0200] {processor.py:179} INFO - Processing /home/lohit/miniconda3/envs/airflow-env/lib/python3.8/site-packages/airflow/example_dags/example_xcomargs.py took 0.046 seconds
[2025-06-01T18:22:15.599+0200] {processor.py:157} INFO - Started process (PID=29767) to work on /home/lohit/miniconda3/envs/airflow-env/lib/python3.8/site-packages/airflow/example_dags/example_xcomargs.py
[2025-06-01T18:22:15.603+0200] {processor.py:829} INFO - Processing file /home/lohit/miniconda3/envs/airflow-env/lib/python3.8/site-packages/airflow/example_dags/example_xcomargs.py for tasks to queue
[2025-06-01T18:22:15.603+0200] {logging_mixin.py:154} INFO - [2025-06-01T18:22:15.603+0200] {dagbag.py:536} INFO - Filling up the DagBag from /home/lohit/miniconda3/envs/airflow-env/lib/python3.8/site-packages/airflow/example_dags/example_xcomargs.py
[2025-06-01T18:22:15.608+0200] {processor.py:839} INFO - DAG(s) dict_keys(['example_xcom_args_with_operators', 'example_xcom_args']) retrieved from /home/lohit/miniconda3/envs/airflow-env/lib/python3.8/site-packages/airflow/example_dags/example_xcomargs.py
[2025-06-01T18:22:15.619+0200] {logging_mixin.py:154} INFO - [2025-06-01T18:22:15.619+0200] {dag.py:2941} INFO - Sync 2 DAGs
[2025-06-01T18:22:15.626+0200] {logging_mixin.py:154} INFO - [2025-06-01T18:22:15.626+0200] {dag.py:3722} INFO - Setting next_dagrun for example_xcom_args to None, run_after=None
[2025-06-01T18:22:15.628+0200] {logging_mixin.py:154} INFO - [2025-06-01T18:22:15.627+0200] {dag.py:3722} INFO - Setting next_dagrun for example_xcom_args_with_operators to None, run_after=None
[2025-06-01T18:22:15.643+0200] {processor.py:179} INFO - Processing /home/lohit/miniconda3/envs/airflow-env/lib/python3.8/site-packages/airflow/example_dags/example_xcomargs.py took 0.046 seconds
[2025-06-01T18:23:03.499+0200] {processor.py:157} INFO - Started process (PID=29837) to work on /home/lohit/miniconda3/envs/airflow-env/lib/python3.8/site-packages/airflow/example_dags/example_xcomargs.py
[2025-06-01T18:23:03.502+0200] {processor.py:829} INFO - Processing file /home/lohit/miniconda3/envs/airflow-env/lib/python3.8/site-packages/airflow/example_dags/example_xcomargs.py for tasks to queue
[2025-06-01T18:23:03.503+0200] {logging_mixin.py:154} INFO - [2025-06-01T18:23:03.502+0200] {dagbag.py:536} INFO - Filling up the DagBag from /home/lohit/miniconda3/envs/airflow-env/lib/python3.8/site-packages/airflow/example_dags/example_xcomargs.py
[2025-06-01T18:23:03.508+0200] {processor.py:839} INFO - DAG(s) dict_keys(['example_xcom_args_with_operators', 'example_xcom_args']) retrieved from /home/lohit/miniconda3/envs/airflow-env/lib/python3.8/site-packages/airflow/example_dags/example_xcomargs.py
[2025-06-01T18:23:03.521+0200] {logging_mixin.py:154} INFO - [2025-06-01T18:23:03.521+0200] {dag.py:2941} INFO - Sync 2 DAGs
[2025-06-01T18:23:03.530+0200] {logging_mixin.py:154} INFO - [2025-06-01T18:23:03.529+0200] {dag.py:3722} INFO - Setting next_dagrun for example_xcom_args to None, run_after=None
[2025-06-01T18:23:03.531+0200] {logging_mixin.py:154} INFO - [2025-06-01T18:23:03.531+0200] {dag.py:3722} INFO - Setting next_dagrun for example_xcom_args_with_operators to None, run_after=None
[2025-06-01T18:23:03.548+0200] {processor.py:179} INFO - Processing /home/lohit/miniconda3/envs/airflow-env/lib/python3.8/site-packages/airflow/example_dags/example_xcomargs.py took 0.052 seconds
[2025-06-01T18:23:54.086+0200] {processor.py:157} INFO - Started process (PID=29909) to work on /home/lohit/miniconda3/envs/airflow-env/lib/python3.8/site-packages/airflow/example_dags/example_xcomargs.py
[2025-06-01T18:23:54.088+0200] {processor.py:829} INFO - Processing file /home/lohit/miniconda3/envs/airflow-env/lib/python3.8/site-packages/airflow/example_dags/example_xcomargs.py for tasks to queue
[2025-06-01T18:23:54.088+0200] {logging_mixin.py:154} INFO - [2025-06-01T18:23:54.088+0200] {dagbag.py:536} INFO - Filling up the DagBag from /home/lohit/miniconda3/envs/airflow-env/lib/python3.8/site-packages/airflow/example_dags/example_xcomargs.py
[2025-06-01T18:23:54.093+0200] {processor.py:839} INFO - DAG(s) dict_keys(['example_xcom_args_with_operators', 'example_xcom_args']) retrieved from /home/lohit/miniconda3/envs/airflow-env/lib/python3.8/site-packages/airflow/example_dags/example_xcomargs.py
[2025-06-01T18:23:54.103+0200] {logging_mixin.py:154} INFO - [2025-06-01T18:23:54.103+0200] {dag.py:2941} INFO - Sync 2 DAGs
[2025-06-01T18:23:54.110+0200] {logging_mixin.py:154} INFO - [2025-06-01T18:23:54.110+0200] {dag.py:3722} INFO - Setting next_dagrun for example_xcom_args to None, run_after=None
[2025-06-01T18:23:54.111+0200] {logging_mixin.py:154} INFO - [2025-06-01T18:23:54.111+0200] {dag.py:3722} INFO - Setting next_dagrun for example_xcom_args_with_operators to None, run_after=None
[2025-06-01T18:23:54.126+0200] {processor.py:179} INFO - Processing /home/lohit/miniconda3/envs/airflow-env/lib/python3.8/site-packages/airflow/example_dags/example_xcomargs.py took 0.041 seconds
[2025-06-01T18:24:38.606+0200] {processor.py:157} INFO - Started process (PID=29977) to work on /home/lohit/miniconda3/envs/airflow-env/lib/python3.8/site-packages/airflow/example_dags/example_xcomargs.py
[2025-06-01T18:24:38.607+0200] {processor.py:829} INFO - Processing file /home/lohit/miniconda3/envs/airflow-env/lib/python3.8/site-packages/airflow/example_dags/example_xcomargs.py for tasks to queue
[2025-06-01T18:24:38.608+0200] {logging_mixin.py:154} INFO - [2025-06-01T18:24:38.608+0200] {dagbag.py:536} INFO - Filling up the DagBag from /home/lohit/miniconda3/envs/airflow-env/lib/python3.8/site-packages/airflow/example_dags/example_xcomargs.py
[2025-06-01T18:24:38.614+0200] {processor.py:839} INFO - DAG(s) dict_keys(['example_xcom_args_with_operators', 'example_xcom_args']) retrieved from /home/lohit/miniconda3/envs/airflow-env/lib/python3.8/site-packages/airflow/example_dags/example_xcomargs.py
[2025-06-01T18:24:38.626+0200] {logging_mixin.py:154} INFO - [2025-06-01T18:24:38.626+0200] {dag.py:2941} INFO - Sync 2 DAGs
[2025-06-01T18:24:38.635+0200] {logging_mixin.py:154} INFO - [2025-06-01T18:24:38.635+0200] {dag.py:3722} INFO - Setting next_dagrun for example_xcom_args to None, run_after=None
[2025-06-01T18:24:38.636+0200] {logging_mixin.py:154} INFO - [2025-06-01T18:24:38.636+0200] {dag.py:3722} INFO - Setting next_dagrun for example_xcom_args_with_operators to None, run_after=None
[2025-06-01T18:24:38.651+0200] {processor.py:179} INFO - Processing /home/lohit/miniconda3/envs/airflow-env/lib/python3.8/site-packages/airflow/example_dags/example_xcomargs.py took 0.047 seconds
[2025-06-01T18:25:27.802+0200] {processor.py:157} INFO - Started process (PID=30048) to work on /home/lohit/miniconda3/envs/airflow-env/lib/python3.8/site-packages/airflow/example_dags/example_xcomargs.py
[2025-06-01T18:25:27.805+0200] {processor.py:829} INFO - Processing file /home/lohit/miniconda3/envs/airflow-env/lib/python3.8/site-packages/airflow/example_dags/example_xcomargs.py for tasks to queue
[2025-06-01T18:25:27.806+0200] {logging_mixin.py:154} INFO - [2025-06-01T18:25:27.805+0200] {dagbag.py:536} INFO - Filling up the DagBag from /home/lohit/miniconda3/envs/airflow-env/lib/python3.8/site-packages/airflow/example_dags/example_xcomargs.py
[2025-06-01T18:25:27.811+0200] {processor.py:839} INFO - DAG(s) dict_keys(['example_xcom_args', 'example_xcom_args_with_operators']) retrieved from /home/lohit/miniconda3/envs/airflow-env/lib/python3.8/site-packages/airflow/example_dags/example_xcomargs.py
[2025-06-01T18:25:27.824+0200] {logging_mixin.py:154} INFO - [2025-06-01T18:25:27.824+0200] {dag.py:2941} INFO - Sync 2 DAGs
[2025-06-01T18:25:27.833+0200] {logging_mixin.py:154} INFO - [2025-06-01T18:25:27.832+0200] {dag.py:3722} INFO - Setting next_dagrun for example_xcom_args to None, run_after=None
[2025-06-01T18:25:27.835+0200] {logging_mixin.py:154} INFO - [2025-06-01T18:25:27.835+0200] {dag.py:3722} INFO - Setting next_dagrun for example_xcom_args_with_operators to None, run_after=None
[2025-06-01T18:25:27.850+0200] {processor.py:179} INFO - Processing /home/lohit/miniconda3/envs/airflow-env/lib/python3.8/site-packages/airflow/example_dags/example_xcomargs.py took 0.051 seconds
[2025-06-01T18:26:12.452+0200] {processor.py:157} INFO - Started process (PID=30118) to work on /home/lohit/miniconda3/envs/airflow-env/lib/python3.8/site-packages/airflow/example_dags/example_xcomargs.py
[2025-06-01T18:26:12.455+0200] {processor.py:829} INFO - Processing file /home/lohit/miniconda3/envs/airflow-env/lib/python3.8/site-packages/airflow/example_dags/example_xcomargs.py for tasks to queue
[2025-06-01T18:26:12.456+0200] {logging_mixin.py:154} INFO - [2025-06-01T18:26:12.456+0200] {dagbag.py:536} INFO - Filling up the DagBag from /home/lohit/miniconda3/envs/airflow-env/lib/python3.8/site-packages/airflow/example_dags/example_xcomargs.py
[2025-06-01T18:26:12.462+0200] {processor.py:839} INFO - DAG(s) dict_keys(['example_xcom_args_with_operators', 'example_xcom_args']) retrieved from /home/lohit/miniconda3/envs/airflow-env/lib/python3.8/site-packages/airflow/example_dags/example_xcomargs.py
[2025-06-01T18:26:12.474+0200] {logging_mixin.py:154} INFO - [2025-06-01T18:26:12.473+0200] {dag.py:2941} INFO - Sync 2 DAGs
[2025-06-01T18:26:12.481+0200] {logging_mixin.py:154} INFO - [2025-06-01T18:26:12.481+0200] {dag.py:3722} INFO - Setting next_dagrun for example_xcom_args to None, run_after=None
[2025-06-01T18:26:12.483+0200] {logging_mixin.py:154} INFO - [2025-06-01T18:26:12.483+0200] {dag.py:3722} INFO - Setting next_dagrun for example_xcom_args_with_operators to None, run_after=None
[2025-06-01T18:26:12.499+0200] {processor.py:179} INFO - Processing /home/lohit/miniconda3/envs/airflow-env/lib/python3.8/site-packages/airflow/example_dags/example_xcomargs.py took 0.050 seconds
[2025-06-01T18:27:01.458+0200] {processor.py:157} INFO - Started process (PID=30190) to work on /home/lohit/miniconda3/envs/airflow-env/lib/python3.8/site-packages/airflow/example_dags/example_xcomargs.py
[2025-06-01T18:27:01.462+0200] {processor.py:829} INFO - Processing file /home/lohit/miniconda3/envs/airflow-env/lib/python3.8/site-packages/airflow/example_dags/example_xcomargs.py for tasks to queue
[2025-06-01T18:27:01.462+0200] {logging_mixin.py:154} INFO - [2025-06-01T18:27:01.462+0200] {dagbag.py:536} INFO - Filling up the DagBag from /home/lohit/miniconda3/envs/airflow-env/lib/python3.8/site-packages/airflow/example_dags/example_xcomargs.py
[2025-06-01T18:27:01.467+0200] {processor.py:839} INFO - DAG(s) dict_keys(['example_xcom_args_with_operators', 'example_xcom_args']) retrieved from /home/lohit/miniconda3/envs/airflow-env/lib/python3.8/site-packages/airflow/example_dags/example_xcomargs.py
[2025-06-01T18:27:01.479+0200] {logging_mixin.py:154} INFO - [2025-06-01T18:27:01.479+0200] {dag.py:2941} INFO - Sync 2 DAGs
[2025-06-01T18:27:01.488+0200] {logging_mixin.py:154} INFO - [2025-06-01T18:27:01.488+0200] {dag.py:3722} INFO - Setting next_dagrun for example_xcom_args to None, run_after=None
[2025-06-01T18:27:01.490+0200] {logging_mixin.py:154} INFO - [2025-06-01T18:27:01.489+0200] {dag.py:3722} INFO - Setting next_dagrun for example_xcom_args_with_operators to None, run_after=None
[2025-06-01T18:27:01.504+0200] {processor.py:179} INFO - Processing /home/lohit/miniconda3/envs/airflow-env/lib/python3.8/site-packages/airflow/example_dags/example_xcomargs.py took 0.048 seconds
[2025-06-01T18:27:47.093+0200] {processor.py:157} INFO - Started process (PID=30258) to work on /home/lohit/miniconda3/envs/airflow-env/lib/python3.8/site-packages/airflow/example_dags/example_xcomargs.py
[2025-06-01T18:27:47.097+0200] {processor.py:829} INFO - Processing file /home/lohit/miniconda3/envs/airflow-env/lib/python3.8/site-packages/airflow/example_dags/example_xcomargs.py for tasks to queue
[2025-06-01T18:27:47.097+0200] {logging_mixin.py:154} INFO - [2025-06-01T18:27:47.097+0200] {dagbag.py:536} INFO - Filling up the DagBag from /home/lohit/miniconda3/envs/airflow-env/lib/python3.8/site-packages/airflow/example_dags/example_xcomargs.py
[2025-06-01T18:27:47.102+0200] {processor.py:839} INFO - DAG(s) dict_keys(['example_xcom_args', 'example_xcom_args_with_operators']) retrieved from /home/lohit/miniconda3/envs/airflow-env/lib/python3.8/site-packages/airflow/example_dags/example_xcomargs.py
[2025-06-01T18:27:47.113+0200] {logging_mixin.py:154} INFO - [2025-06-01T18:27:47.113+0200] {dag.py:2941} INFO - Sync 2 DAGs
[2025-06-01T18:27:47.119+0200] {logging_mixin.py:154} INFO - [2025-06-01T18:27:47.119+0200] {dag.py:3722} INFO - Setting next_dagrun for example_xcom_args to None, run_after=None
[2025-06-01T18:27:47.121+0200] {logging_mixin.py:154} INFO - [2025-06-01T18:27:47.121+0200] {dag.py:3722} INFO - Setting next_dagrun for example_xcom_args_with_operators to None, run_after=None
[2025-06-01T18:27:47.136+0200] {processor.py:179} INFO - Processing /home/lohit/miniconda3/envs/airflow-env/lib/python3.8/site-packages/airflow/example_dags/example_xcomargs.py took 0.045 seconds
[2025-06-01T18:28:37.657+0200] {processor.py:157} INFO - Started process (PID=30330) to work on /home/lohit/miniconda3/envs/airflow-env/lib/python3.8/site-packages/airflow/example_dags/example_xcomargs.py
[2025-06-01T18:28:37.659+0200] {processor.py:829} INFO - Processing file /home/lohit/miniconda3/envs/airflow-env/lib/python3.8/site-packages/airflow/example_dags/example_xcomargs.py for tasks to queue
[2025-06-01T18:28:37.659+0200] {logging_mixin.py:154} INFO - [2025-06-01T18:28:37.659+0200] {dagbag.py:536} INFO - Filling up the DagBag from /home/lohit/miniconda3/envs/airflow-env/lib/python3.8/site-packages/airflow/example_dags/example_xcomargs.py
[2025-06-01T18:28:37.665+0200] {processor.py:839} INFO - DAG(s) dict_keys(['example_xcom_args_with_operators', 'example_xcom_args']) retrieved from /home/lohit/miniconda3/envs/airflow-env/lib/python3.8/site-packages/airflow/example_dags/example_xcomargs.py
[2025-06-01T18:28:37.675+0200] {logging_mixin.py:154} INFO - [2025-06-01T18:28:37.675+0200] {dag.py:2941} INFO - Sync 2 DAGs
[2025-06-01T18:28:37.682+0200] {logging_mixin.py:154} INFO - [2025-06-01T18:28:37.681+0200] {dag.py:3722} INFO - Setting next_dagrun for example_xcom_args to None, run_after=None
[2025-06-01T18:28:37.683+0200] {logging_mixin.py:154} INFO - [2025-06-01T18:28:37.683+0200] {dag.py:3722} INFO - Setting next_dagrun for example_xcom_args_with_operators to None, run_after=None
[2025-06-01T18:28:37.696+0200] {processor.py:179} INFO - Processing /home/lohit/miniconda3/envs/airflow-env/lib/python3.8/site-packages/airflow/example_dags/example_xcomargs.py took 0.041 seconds
[2025-06-01T18:29:20.448+0200] {processor.py:157} INFO - Started process (PID=30398) to work on /home/lohit/miniconda3/envs/airflow-env/lib/python3.8/site-packages/airflow/example_dags/example_xcomargs.py
[2025-06-01T18:29:20.452+0200] {processor.py:829} INFO - Processing file /home/lohit/miniconda3/envs/airflow-env/lib/python3.8/site-packages/airflow/example_dags/example_xcomargs.py for tasks to queue
[2025-06-01T18:29:20.452+0200] {logging_mixin.py:154} INFO - [2025-06-01T18:29:20.452+0200] {dagbag.py:536} INFO - Filling up the DagBag from /home/lohit/miniconda3/envs/airflow-env/lib/python3.8/site-packages/airflow/example_dags/example_xcomargs.py
[2025-06-01T18:29:20.458+0200] {processor.py:839} INFO - DAG(s) dict_keys(['example_xcom_args', 'example_xcom_args_with_operators']) retrieved from /home/lohit/miniconda3/envs/airflow-env/lib/python3.8/site-packages/airflow/example_dags/example_xcomargs.py
[2025-06-01T18:29:20.471+0200] {logging_mixin.py:154} INFO - [2025-06-01T18:29:20.471+0200] {dag.py:2941} INFO - Sync 2 DAGs
[2025-06-01T18:29:20.479+0200] {logging_mixin.py:154} INFO - [2025-06-01T18:29:20.478+0200] {dag.py:3722} INFO - Setting next_dagrun for example_xcom_args to None, run_after=None
[2025-06-01T18:29:20.481+0200] {logging_mixin.py:154} INFO - [2025-06-01T18:29:20.480+0200] {dag.py:3722} INFO - Setting next_dagrun for example_xcom_args_with_operators to None, run_after=None
[2025-06-01T18:29:20.496+0200] {processor.py:179} INFO - Processing /home/lohit/miniconda3/envs/airflow-env/lib/python3.8/site-packages/airflow/example_dags/example_xcomargs.py took 0.051 seconds
[2025-06-01T18:30:09.222+0200] {processor.py:157} INFO - Started process (PID=30469) to work on /home/lohit/miniconda3/envs/airflow-env/lib/python3.8/site-packages/airflow/example_dags/example_xcomargs.py
[2025-06-01T18:30:09.226+0200] {processor.py:829} INFO - Processing file /home/lohit/miniconda3/envs/airflow-env/lib/python3.8/site-packages/airflow/example_dags/example_xcomargs.py for tasks to queue
[2025-06-01T18:30:09.226+0200] {logging_mixin.py:154} INFO - [2025-06-01T18:30:09.226+0200] {dagbag.py:536} INFO - Filling up the DagBag from /home/lohit/miniconda3/envs/airflow-env/lib/python3.8/site-packages/airflow/example_dags/example_xcomargs.py
[2025-06-01T18:30:09.232+0200] {processor.py:839} INFO - DAG(s) dict_keys(['example_xcom_args', 'example_xcom_args_with_operators']) retrieved from /home/lohit/miniconda3/envs/airflow-env/lib/python3.8/site-packages/airflow/example_dags/example_xcomargs.py
[2025-06-01T18:30:09.243+0200] {logging_mixin.py:154} INFO - [2025-06-01T18:30:09.243+0200] {dag.py:2941} INFO - Sync 2 DAGs
[2025-06-01T18:30:09.249+0200] {logging_mixin.py:154} INFO - [2025-06-01T18:30:09.249+0200] {dag.py:3722} INFO - Setting next_dagrun for example_xcom_args to None, run_after=None
[2025-06-01T18:30:09.251+0200] {logging_mixin.py:154} INFO - [2025-06-01T18:30:09.251+0200] {dag.py:3722} INFO - Setting next_dagrun for example_xcom_args_with_operators to None, run_after=None
[2025-06-01T18:30:09.266+0200] {processor.py:179} INFO - Processing /home/lohit/miniconda3/envs/airflow-env/lib/python3.8/site-packages/airflow/example_dags/example_xcomargs.py took 0.047 seconds
[2025-06-01T18:30:50.997+0200] {processor.py:157} INFO - Started process (PID=30535) to work on /home/lohit/miniconda3/envs/airflow-env/lib/python3.8/site-packages/airflow/example_dags/example_xcomargs.py
[2025-06-01T18:30:51.000+0200] {processor.py:829} INFO - Processing file /home/lohit/miniconda3/envs/airflow-env/lib/python3.8/site-packages/airflow/example_dags/example_xcomargs.py for tasks to queue
[2025-06-01T18:30:51.001+0200] {logging_mixin.py:154} INFO - [2025-06-01T18:30:51.001+0200] {dagbag.py:536} INFO - Filling up the DagBag from /home/lohit/miniconda3/envs/airflow-env/lib/python3.8/site-packages/airflow/example_dags/example_xcomargs.py
[2025-06-01T18:30:51.007+0200] {processor.py:839} INFO - DAG(s) dict_keys(['example_xcom_args', 'example_xcom_args_with_operators']) retrieved from /home/lohit/miniconda3/envs/airflow-env/lib/python3.8/site-packages/airflow/example_dags/example_xcomargs.py
[2025-06-01T18:30:51.019+0200] {logging_mixin.py:154} INFO - [2025-06-01T18:30:51.019+0200] {dag.py:2941} INFO - Sync 2 DAGs
[2025-06-01T18:30:51.027+0200] {logging_mixin.py:154} INFO - [2025-06-01T18:30:51.027+0200] {dag.py:3722} INFO - Setting next_dagrun for example_xcom_args to None, run_after=None
[2025-06-01T18:30:51.029+0200] {logging_mixin.py:154} INFO - [2025-06-01T18:30:51.029+0200] {dag.py:3722} INFO - Setting next_dagrun for example_xcom_args_with_operators to None, run_after=None
[2025-06-01T18:30:51.046+0200] {processor.py:179} INFO - Processing /home/lohit/miniconda3/envs/airflow-env/lib/python3.8/site-packages/airflow/example_dags/example_xcomargs.py took 0.051 seconds
[2025-06-01T18:31:36.335+0200] {processor.py:157} INFO - Started process (PID=30605) to work on /home/lohit/miniconda3/envs/airflow-env/lib/python3.8/site-packages/airflow/example_dags/example_xcomargs.py
[2025-06-01T18:31:36.339+0200] {processor.py:829} INFO - Processing file /home/lohit/miniconda3/envs/airflow-env/lib/python3.8/site-packages/airflow/example_dags/example_xcomargs.py for tasks to queue
[2025-06-01T18:31:36.339+0200] {logging_mixin.py:154} INFO - [2025-06-01T18:31:36.339+0200] {dagbag.py:536} INFO - Filling up the DagBag from /home/lohit/miniconda3/envs/airflow-env/lib/python3.8/site-packages/airflow/example_dags/example_xcomargs.py
[2025-06-01T18:31:36.344+0200] {processor.py:839} INFO - DAG(s) dict_keys(['example_xcom_args_with_operators', 'example_xcom_args']) retrieved from /home/lohit/miniconda3/envs/airflow-env/lib/python3.8/site-packages/airflow/example_dags/example_xcomargs.py
[2025-06-01T18:31:36.356+0200] {logging_mixin.py:154} INFO - [2025-06-01T18:31:36.356+0200] {dag.py:2941} INFO - Sync 2 DAGs
[2025-06-01T18:31:36.364+0200] {logging_mixin.py:154} INFO - [2025-06-01T18:31:36.364+0200] {dag.py:3722} INFO - Setting next_dagrun for example_xcom_args to None, run_after=None
[2025-06-01T18:31:36.366+0200] {logging_mixin.py:154} INFO - [2025-06-01T18:31:36.366+0200] {dag.py:3722} INFO - Setting next_dagrun for example_xcom_args_with_operators to None, run_after=None
[2025-06-01T18:31:36.381+0200] {processor.py:179} INFO - Processing /home/lohit/miniconda3/envs/airflow-env/lib/python3.8/site-packages/airflow/example_dags/example_xcomargs.py took 0.048 seconds
[2025-06-01T18:32:20.998+0200] {processor.py:157} INFO - Started process (PID=30673) to work on /home/lohit/miniconda3/envs/airflow-env/lib/python3.8/site-packages/airflow/example_dags/example_xcomargs.py
[2025-06-01T18:32:21.002+0200] {processor.py:829} INFO - Processing file /home/lohit/miniconda3/envs/airflow-env/lib/python3.8/site-packages/airflow/example_dags/example_xcomargs.py for tasks to queue
[2025-06-01T18:32:21.002+0200] {logging_mixin.py:154} INFO - [2025-06-01T18:32:21.002+0200] {dagbag.py:536} INFO - Filling up the DagBag from /home/lohit/miniconda3/envs/airflow-env/lib/python3.8/site-packages/airflow/example_dags/example_xcomargs.py
[2025-06-01T18:32:21.008+0200] {processor.py:839} INFO - DAG(s) dict_keys(['example_xcom_args', 'example_xcom_args_with_operators']) retrieved from /home/lohit/miniconda3/envs/airflow-env/lib/python3.8/site-packages/airflow/example_dags/example_xcomargs.py
[2025-06-01T18:32:21.020+0200] {logging_mixin.py:154} INFO - [2025-06-01T18:32:21.020+0200] {dag.py:2941} INFO - Sync 2 DAGs
[2025-06-01T18:32:21.028+0200] {logging_mixin.py:154} INFO - [2025-06-01T18:32:21.028+0200] {dag.py:3722} INFO - Setting next_dagrun for example_xcom_args to None, run_after=None
[2025-06-01T18:32:21.030+0200] {logging_mixin.py:154} INFO - [2025-06-01T18:32:21.029+0200] {dag.py:3722} INFO - Setting next_dagrun for example_xcom_args_with_operators to None, run_after=None
[2025-06-01T18:32:21.044+0200] {processor.py:179} INFO - Processing /home/lohit/miniconda3/envs/airflow-env/lib/python3.8/site-packages/airflow/example_dags/example_xcomargs.py took 0.049 seconds
[2025-06-01T18:33:06.327+0200] {processor.py:157} INFO - Started process (PID=30742) to work on /home/lohit/miniconda3/envs/airflow-env/lib/python3.8/site-packages/airflow/example_dags/example_xcomargs.py
[2025-06-01T18:33:06.330+0200] {processor.py:829} INFO - Processing file /home/lohit/miniconda3/envs/airflow-env/lib/python3.8/site-packages/airflow/example_dags/example_xcomargs.py for tasks to queue
[2025-06-01T18:33:06.331+0200] {logging_mixin.py:154} INFO - [2025-06-01T18:33:06.330+0200] {dagbag.py:536} INFO - Filling up the DagBag from /home/lohit/miniconda3/envs/airflow-env/lib/python3.8/site-packages/airflow/example_dags/example_xcomargs.py
[2025-06-01T18:33:06.336+0200] {processor.py:839} INFO - DAG(s) dict_keys(['example_xcom_args', 'example_xcom_args_with_operators']) retrieved from /home/lohit/miniconda3/envs/airflow-env/lib/python3.8/site-packages/airflow/example_dags/example_xcomargs.py
[2025-06-01T18:33:06.348+0200] {logging_mixin.py:154} INFO - [2025-06-01T18:33:06.347+0200] {dag.py:2941} INFO - Sync 2 DAGs
[2025-06-01T18:33:06.356+0200] {logging_mixin.py:154} INFO - [2025-06-01T18:33:06.356+0200] {dag.py:3722} INFO - Setting next_dagrun for example_xcom_args to None, run_after=None
[2025-06-01T18:33:06.357+0200] {logging_mixin.py:154} INFO - [2025-06-01T18:33:06.357+0200] {dag.py:3722} INFO - Setting next_dagrun for example_xcom_args_with_operators to None, run_after=None
[2025-06-01T18:33:06.372+0200] {processor.py:179} INFO - Processing /home/lohit/miniconda3/envs/airflow-env/lib/python3.8/site-packages/airflow/example_dags/example_xcomargs.py took 0.047 seconds
[2025-06-01T18:33:54.323+0200] {processor.py:157} INFO - Started process (PID=30812) to work on /home/lohit/miniconda3/envs/airflow-env/lib/python3.8/site-packages/airflow/example_dags/example_xcomargs.py
[2025-06-01T18:33:54.325+0200] {processor.py:829} INFO - Processing file /home/lohit/miniconda3/envs/airflow-env/lib/python3.8/site-packages/airflow/example_dags/example_xcomargs.py for tasks to queue
[2025-06-01T18:33:54.326+0200] {logging_mixin.py:154} INFO - [2025-06-01T18:33:54.325+0200] {dagbag.py:536} INFO - Filling up the DagBag from /home/lohit/miniconda3/envs/airflow-env/lib/python3.8/site-packages/airflow/example_dags/example_xcomargs.py
[2025-06-01T18:33:54.331+0200] {processor.py:839} INFO - DAG(s) dict_keys(['example_xcom_args_with_operators', 'example_xcom_args']) retrieved from /home/lohit/miniconda3/envs/airflow-env/lib/python3.8/site-packages/airflow/example_dags/example_xcomargs.py
[2025-06-01T18:33:54.343+0200] {logging_mixin.py:154} INFO - [2025-06-01T18:33:54.342+0200] {dag.py:2941} INFO - Sync 2 DAGs
[2025-06-01T18:33:54.350+0200] {logging_mixin.py:154} INFO - [2025-06-01T18:33:54.350+0200] {dag.py:3722} INFO - Setting next_dagrun for example_xcom_args to None, run_after=None
[2025-06-01T18:33:54.352+0200] {logging_mixin.py:154} INFO - [2025-06-01T18:33:54.352+0200] {dag.py:3722} INFO - Setting next_dagrun for example_xcom_args_with_operators to None, run_after=None
[2025-06-01T18:33:54.368+0200] {processor.py:179} INFO - Processing /home/lohit/miniconda3/envs/airflow-env/lib/python3.8/site-packages/airflow/example_dags/example_xcomargs.py took 0.047 seconds
[2025-06-01T18:34:42.848+0200] {processor.py:157} INFO - Started process (PID=31599) to work on /home/lohit/miniconda3/envs/airflow-env/lib/python3.8/site-packages/airflow/example_dags/example_xcomargs.py
[2025-06-01T18:34:42.849+0200] {processor.py:829} INFO - Processing file /home/lohit/miniconda3/envs/airflow-env/lib/python3.8/site-packages/airflow/example_dags/example_xcomargs.py for tasks to queue
[2025-06-01T18:34:42.850+0200] {logging_mixin.py:154} INFO - [2025-06-01T18:34:42.850+0200] {dagbag.py:536} INFO - Filling up the DagBag from /home/lohit/miniconda3/envs/airflow-env/lib/python3.8/site-packages/airflow/example_dags/example_xcomargs.py
[2025-06-01T18:34:42.855+0200] {processor.py:839} INFO - DAG(s) dict_keys(['example_xcom_args', 'example_xcom_args_with_operators']) retrieved from /home/lohit/miniconda3/envs/airflow-env/lib/python3.8/site-packages/airflow/example_dags/example_xcomargs.py
[2025-06-01T18:34:42.867+0200] {logging_mixin.py:154} INFO - [2025-06-01T18:34:42.867+0200] {dag.py:2941} INFO - Sync 2 DAGs
[2025-06-01T18:34:42.874+0200] {logging_mixin.py:154} INFO - [2025-06-01T18:34:42.874+0200] {dag.py:3722} INFO - Setting next_dagrun for example_xcom_args to None, run_after=None
[2025-06-01T18:34:42.876+0200] {logging_mixin.py:154} INFO - [2025-06-01T18:34:42.876+0200] {dag.py:3722} INFO - Setting next_dagrun for example_xcom_args_with_operators to None, run_after=None
[2025-06-01T18:34:42.893+0200] {processor.py:179} INFO - Processing /home/lohit/miniconda3/envs/airflow-env/lib/python3.8/site-packages/airflow/example_dags/example_xcomargs.py took 0.047 seconds
[2025-06-01T18:35:30.043+0200] {processor.py:157} INFO - Started process (PID=31668) to work on /home/lohit/miniconda3/envs/airflow-env/lib/python3.8/site-packages/airflow/example_dags/example_xcomargs.py
[2025-06-01T18:35:30.044+0200] {processor.py:829} INFO - Processing file /home/lohit/miniconda3/envs/airflow-env/lib/python3.8/site-packages/airflow/example_dags/example_xcomargs.py for tasks to queue
[2025-06-01T18:35:30.044+0200] {logging_mixin.py:154} INFO - [2025-06-01T18:35:30.044+0200] {dagbag.py:536} INFO - Filling up the DagBag from /home/lohit/miniconda3/envs/airflow-env/lib/python3.8/site-packages/airflow/example_dags/example_xcomargs.py
[2025-06-01T18:35:30.050+0200] {processor.py:839} INFO - DAG(s) dict_keys(['example_xcom_args', 'example_xcom_args_with_operators']) retrieved from /home/lohit/miniconda3/envs/airflow-env/lib/python3.8/site-packages/airflow/example_dags/example_xcomargs.py
[2025-06-01T18:35:30.063+0200] {logging_mixin.py:154} INFO - [2025-06-01T18:35:30.062+0200] {dag.py:2941} INFO - Sync 2 DAGs
[2025-06-01T18:35:30.069+0200] {logging_mixin.py:154} INFO - [2025-06-01T18:35:30.069+0200] {dag.py:3722} INFO - Setting next_dagrun for example_xcom_args to None, run_after=None
[2025-06-01T18:35:30.071+0200] {logging_mixin.py:154} INFO - [2025-06-01T18:35:30.071+0200] {dag.py:3722} INFO - Setting next_dagrun for example_xcom_args_with_operators to None, run_after=None
[2025-06-01T18:35:30.086+0200] {processor.py:179} INFO - Processing /home/lohit/miniconda3/envs/airflow-env/lib/python3.8/site-packages/airflow/example_dags/example_xcomargs.py took 0.045 seconds
