[2025-06-01T17:53:14.741+0200] {processor.py:157} INFO - Started process (PID=27110) to work on /home/lohit/miniconda3/envs/airflow-env/lib/python3.8/site-packages/airflow/example_dags/example_branch_operator_decorator.py
[2025-06-01T17:53:14.742+0200] {processor.py:829} INFO - Processing file /home/lohit/miniconda3/envs/airflow-env/lib/python3.8/site-packages/airflow/example_dags/example_branch_operator_decorator.py for tasks to queue
[2025-06-01T17:53:14.742+0200] {logging_mixin.py:154} INFO - [2025-06-01T17:53:14.742+0200] {dagbag.py:536} INFO - Filling up the DagBag from /home/lohit/miniconda3/envs/airflow-env/lib/python3.8/site-packages/airflow/example_dags/example_branch_operator_decorator.py
[2025-06-01T17:53:14.748+0200] {processor.py:839} INFO - DAG(s) dict_keys(['example_branch_python_operator_decorator']) retrieved from /home/lohit/miniconda3/envs/airflow-env/lib/python3.8/site-packages/airflow/example_dags/example_branch_operator_decorator.py
[2025-06-01T17:53:14.760+0200] {logging_mixin.py:154} INFO - [2025-06-01T17:53:14.760+0200] {dag.py:2941} INFO - Sync 1 DAGs
[2025-06-01T17:53:14.773+0200] {logging_mixin.py:154} INFO - [2025-06-01T17:53:14.773+0200] {dag.py:3722} INFO - Setting next_dagrun for example_branch_python_operator_decorator to 2025-05-31T00:00:00+00:00, run_after=2025-06-01T00:00:00+00:00
[2025-06-01T17:53:14.788+0200] {processor.py:179} INFO - Processing /home/lohit/miniconda3/envs/airflow-env/lib/python3.8/site-packages/airflow/example_dags/example_branch_operator_decorator.py took 0.048 seconds
[2025-06-01T17:54:05.090+0200] {processor.py:157} INFO - Started process (PID=27183) to work on /home/lohit/miniconda3/envs/airflow-env/lib/python3.8/site-packages/airflow/example_dags/example_branch_operator_decorator.py
[2025-06-01T17:54:05.093+0200] {processor.py:829} INFO - Processing file /home/lohit/miniconda3/envs/airflow-env/lib/python3.8/site-packages/airflow/example_dags/example_branch_operator_decorator.py for tasks to queue
[2025-06-01T17:54:05.094+0200] {logging_mixin.py:154} INFO - [2025-06-01T17:54:05.093+0200] {dagbag.py:536} INFO - Filling up the DagBag from /home/lohit/miniconda3/envs/airflow-env/lib/python3.8/site-packages/airflow/example_dags/example_branch_operator_decorator.py
[2025-06-01T17:54:05.099+0200] {processor.py:839} INFO - DAG(s) dict_keys(['example_branch_python_operator_decorator']) retrieved from /home/lohit/miniconda3/envs/airflow-env/lib/python3.8/site-packages/airflow/example_dags/example_branch_operator_decorator.py
[2025-06-01T17:54:05.110+0200] {logging_mixin.py:154} INFO - [2025-06-01T17:54:05.110+0200] {dag.py:2941} INFO - Sync 1 DAGs
[2025-06-01T17:54:05.122+0200] {logging_mixin.py:154} INFO - [2025-06-01T17:54:05.122+0200] {dag.py:3722} INFO - Setting next_dagrun for example_branch_python_operator_decorator to 2025-05-31T00:00:00+00:00, run_after=2025-06-01T00:00:00+00:00
[2025-06-01T17:54:05.137+0200] {processor.py:179} INFO - Processing /home/lohit/miniconda3/envs/airflow-env/lib/python3.8/site-packages/airflow/example_dags/example_branch_operator_decorator.py took 0.049 seconds
[2025-06-01T17:55:04.482+0200] {processor.py:157} INFO - Started process (PID=27266) to work on /home/lohit/miniconda3/envs/airflow-env/lib/python3.8/site-packages/airflow/example_dags/example_branch_operator_decorator.py
[2025-06-01T17:55:04.483+0200] {processor.py:829} INFO - Processing file /home/lohit/miniconda3/envs/airflow-env/lib/python3.8/site-packages/airflow/example_dags/example_branch_operator_decorator.py for tasks to queue
[2025-06-01T17:55:04.484+0200] {logging_mixin.py:154} INFO - [2025-06-01T17:55:04.484+0200] {dagbag.py:536} INFO - Filling up the DagBag from /home/lohit/miniconda3/envs/airflow-env/lib/python3.8/site-packages/airflow/example_dags/example_branch_operator_decorator.py
[2025-06-01T17:55:04.491+0200] {processor.py:839} INFO - DAG(s) dict_keys(['example_branch_python_operator_decorator']) retrieved from /home/lohit/miniconda3/envs/airflow-env/lib/python3.8/site-packages/airflow/example_dags/example_branch_operator_decorator.py
[2025-06-01T17:55:04.504+0200] {logging_mixin.py:154} INFO - [2025-06-01T17:55:04.504+0200] {dag.py:2941} INFO - Sync 1 DAGs
[2025-06-01T17:55:04.518+0200] {logging_mixin.py:154} INFO - [2025-06-01T17:55:04.518+0200] {dag.py:3722} INFO - Setting next_dagrun for example_branch_python_operator_decorator to 2025-05-31T00:00:00+00:00, run_after=2025-06-01T00:00:00+00:00
[2025-06-01T17:55:04.536+0200] {processor.py:179} INFO - Processing /home/lohit/miniconda3/envs/airflow-env/lib/python3.8/site-packages/airflow/example_dags/example_branch_operator_decorator.py took 0.057 seconds
[2025-06-01T17:55:55.552+0200] {processor.py:157} INFO - Started process (PID=27341) to work on /home/lohit/miniconda3/envs/airflow-env/lib/python3.8/site-packages/airflow/example_dags/example_branch_operator_decorator.py
[2025-06-01T17:55:55.554+0200] {processor.py:829} INFO - Processing file /home/lohit/miniconda3/envs/airflow-env/lib/python3.8/site-packages/airflow/example_dags/example_branch_operator_decorator.py for tasks to queue
[2025-06-01T17:55:55.555+0200] {logging_mixin.py:154} INFO - [2025-06-01T17:55:55.555+0200] {dagbag.py:536} INFO - Filling up the DagBag from /home/lohit/miniconda3/envs/airflow-env/lib/python3.8/site-packages/airflow/example_dags/example_branch_operator_decorator.py
[2025-06-01T17:55:55.561+0200] {processor.py:839} INFO - DAG(s) dict_keys(['example_branch_python_operator_decorator']) retrieved from /home/lohit/miniconda3/envs/airflow-env/lib/python3.8/site-packages/airflow/example_dags/example_branch_operator_decorator.py
[2025-06-01T17:55:55.576+0200] {logging_mixin.py:154} INFO - [2025-06-01T17:55:55.576+0200] {dag.py:2941} INFO - Sync 1 DAGs
[2025-06-01T17:55:55.587+0200] {logging_mixin.py:154} INFO - [2025-06-01T17:55:55.587+0200] {dag.py:3722} INFO - Setting next_dagrun for example_branch_python_operator_decorator to 2025-05-31T00:00:00+00:00, run_after=2025-06-01T00:00:00+00:00
[2025-06-01T17:55:55.603+0200] {processor.py:179} INFO - Processing /home/lohit/miniconda3/envs/airflow-env/lib/python3.8/site-packages/airflow/example_dags/example_branch_operator_decorator.py took 0.053 seconds
[2025-06-01T17:56:41.080+0200] {processor.py:157} INFO - Started process (PID=27409) to work on /home/lohit/miniconda3/envs/airflow-env/lib/python3.8/site-packages/airflow/example_dags/example_branch_operator_decorator.py
[2025-06-01T17:56:41.082+0200] {processor.py:829} INFO - Processing file /home/lohit/miniconda3/envs/airflow-env/lib/python3.8/site-packages/airflow/example_dags/example_branch_operator_decorator.py for tasks to queue
[2025-06-01T17:56:41.083+0200] {logging_mixin.py:154} INFO - [2025-06-01T17:56:41.082+0200] {dagbag.py:536} INFO - Filling up the DagBag from /home/lohit/miniconda3/envs/airflow-env/lib/python3.8/site-packages/airflow/example_dags/example_branch_operator_decorator.py
[2025-06-01T17:56:41.089+0200] {processor.py:839} INFO - DAG(s) dict_keys(['example_branch_python_operator_decorator']) retrieved from /home/lohit/miniconda3/envs/airflow-env/lib/python3.8/site-packages/airflow/example_dags/example_branch_operator_decorator.py
[2025-06-01T17:56:41.099+0200] {logging_mixin.py:154} INFO - [2025-06-01T17:56:41.099+0200] {dag.py:2941} INFO - Sync 1 DAGs
[2025-06-01T17:56:41.110+0200] {logging_mixin.py:154} INFO - [2025-06-01T17:56:41.110+0200] {dag.py:3722} INFO - Setting next_dagrun for example_branch_python_operator_decorator to 2025-05-31T00:00:00+00:00, run_after=2025-06-01T00:00:00+00:00
[2025-06-01T17:56:41.126+0200] {processor.py:179} INFO - Processing /home/lohit/miniconda3/envs/airflow-env/lib/python3.8/site-packages/airflow/example_dags/example_branch_operator_decorator.py took 0.048 seconds
[2025-06-01T17:57:29.398+0200] {processor.py:157} INFO - Started process (PID=27481) to work on /home/lohit/miniconda3/envs/airflow-env/lib/python3.8/site-packages/airflow/example_dags/example_branch_operator_decorator.py
[2025-06-01T17:57:29.402+0200] {processor.py:829} INFO - Processing file /home/lohit/miniconda3/envs/airflow-env/lib/python3.8/site-packages/airflow/example_dags/example_branch_operator_decorator.py for tasks to queue
[2025-06-01T17:57:29.402+0200] {logging_mixin.py:154} INFO - [2025-06-01T17:57:29.402+0200] {dagbag.py:536} INFO - Filling up the DagBag from /home/lohit/miniconda3/envs/airflow-env/lib/python3.8/site-packages/airflow/example_dags/example_branch_operator_decorator.py
[2025-06-01T17:57:29.408+0200] {processor.py:839} INFO - DAG(s) dict_keys(['example_branch_python_operator_decorator']) retrieved from /home/lohit/miniconda3/envs/airflow-env/lib/python3.8/site-packages/airflow/example_dags/example_branch_operator_decorator.py
[2025-06-01T17:57:29.421+0200] {logging_mixin.py:154} INFO - [2025-06-01T17:57:29.421+0200] {dag.py:2941} INFO - Sync 1 DAGs
[2025-06-01T17:57:29.433+0200] {logging_mixin.py:154} INFO - [2025-06-01T17:57:29.432+0200] {dag.py:3722} INFO - Setting next_dagrun for example_branch_python_operator_decorator to 2025-05-31T00:00:00+00:00, run_after=2025-06-01T00:00:00+00:00
[2025-06-01T17:57:29.449+0200] {processor.py:179} INFO - Processing /home/lohit/miniconda3/envs/airflow-env/lib/python3.8/site-packages/airflow/example_dags/example_branch_operator_decorator.py took 0.053 seconds
[2025-06-01T17:58:29.707+0200] {processor.py:157} INFO - Started process (PID=27564) to work on /home/lohit/miniconda3/envs/airflow-env/lib/python3.8/site-packages/airflow/example_dags/example_branch_operator_decorator.py
[2025-06-01T17:58:29.710+0200] {processor.py:829} INFO - Processing file /home/lohit/miniconda3/envs/airflow-env/lib/python3.8/site-packages/airflow/example_dags/example_branch_operator_decorator.py for tasks to queue
[2025-06-01T17:58:29.711+0200] {logging_mixin.py:154} INFO - [2025-06-01T17:58:29.711+0200] {dagbag.py:536} INFO - Filling up the DagBag from /home/lohit/miniconda3/envs/airflow-env/lib/python3.8/site-packages/airflow/example_dags/example_branch_operator_decorator.py
[2025-06-01T17:58:29.720+0200] {processor.py:839} INFO - DAG(s) dict_keys(['example_branch_python_operator_decorator']) retrieved from /home/lohit/miniconda3/envs/airflow-env/lib/python3.8/site-packages/airflow/example_dags/example_branch_operator_decorator.py
[2025-06-01T17:58:29.734+0200] {logging_mixin.py:154} INFO - [2025-06-01T17:58:29.734+0200] {dag.py:2941} INFO - Sync 1 DAGs
[2025-06-01T17:58:29.747+0200] {logging_mixin.py:154} INFO - [2025-06-01T17:58:29.746+0200] {dag.py:3722} INFO - Setting next_dagrun for example_branch_python_operator_decorator to 2025-05-31T00:00:00+00:00, run_after=2025-06-01T00:00:00+00:00
[2025-06-01T17:58:29.763+0200] {processor.py:179} INFO - Processing /home/lohit/miniconda3/envs/airflow-env/lib/python3.8/site-packages/airflow/example_dags/example_branch_operator_decorator.py took 0.058 seconds
[2025-06-01T17:59:16.064+0200] {processor.py:157} INFO - Started process (PID=27635) to work on /home/lohit/miniconda3/envs/airflow-env/lib/python3.8/site-packages/airflow/example_dags/example_branch_operator_decorator.py
[2025-06-01T17:59:16.068+0200] {processor.py:829} INFO - Processing file /home/lohit/miniconda3/envs/airflow-env/lib/python3.8/site-packages/airflow/example_dags/example_branch_operator_decorator.py for tasks to queue
[2025-06-01T17:59:16.068+0200] {logging_mixin.py:154} INFO - [2025-06-01T17:59:16.068+0200] {dagbag.py:536} INFO - Filling up the DagBag from /home/lohit/miniconda3/envs/airflow-env/lib/python3.8/site-packages/airflow/example_dags/example_branch_operator_decorator.py
[2025-06-01T17:59:16.074+0200] {processor.py:839} INFO - DAG(s) dict_keys(['example_branch_python_operator_decorator']) retrieved from /home/lohit/miniconda3/envs/airflow-env/lib/python3.8/site-packages/airflow/example_dags/example_branch_operator_decorator.py
[2025-06-01T17:59:16.084+0200] {logging_mixin.py:154} INFO - [2025-06-01T17:59:16.084+0200] {dag.py:2941} INFO - Sync 1 DAGs
[2025-06-01T17:59:16.097+0200] {logging_mixin.py:154} INFO - [2025-06-01T17:59:16.097+0200] {dag.py:3722} INFO - Setting next_dagrun for example_branch_python_operator_decorator to 2025-05-31T00:00:00+00:00, run_after=2025-06-01T00:00:00+00:00
[2025-06-01T17:59:16.112+0200] {processor.py:179} INFO - Processing /home/lohit/miniconda3/envs/airflow-env/lib/python3.8/site-packages/airflow/example_dags/example_branch_operator_decorator.py took 0.050 seconds
[2025-06-01T18:00:17.655+0200] {processor.py:157} INFO - Started process (PID=27740) to work on /home/lohit/miniconda3/envs/airflow-env/lib/python3.8/site-packages/airflow/example_dags/example_branch_operator_decorator.py
[2025-06-01T18:00:17.656+0200] {processor.py:829} INFO - Processing file /home/lohit/miniconda3/envs/airflow-env/lib/python3.8/site-packages/airflow/example_dags/example_branch_operator_decorator.py for tasks to queue
[2025-06-01T18:00:17.657+0200] {logging_mixin.py:154} INFO - [2025-06-01T18:00:17.657+0200] {dagbag.py:536} INFO - Filling up the DagBag from /home/lohit/miniconda3/envs/airflow-env/lib/python3.8/site-packages/airflow/example_dags/example_branch_operator_decorator.py
[2025-06-01T18:00:17.663+0200] {processor.py:839} INFO - DAG(s) dict_keys(['example_branch_python_operator_decorator']) retrieved from /home/lohit/miniconda3/envs/airflow-env/lib/python3.8/site-packages/airflow/example_dags/example_branch_operator_decorator.py
[2025-06-01T18:00:17.673+0200] {logging_mixin.py:154} INFO - [2025-06-01T18:00:17.673+0200] {dag.py:2941} INFO - Sync 1 DAGs
[2025-06-01T18:00:17.683+0200] {logging_mixin.py:154} INFO - [2025-06-01T18:00:17.683+0200] {dag.py:3722} INFO - Setting next_dagrun for example_branch_python_operator_decorator to 2025-05-31T00:00:00+00:00, run_after=2025-06-01T00:00:00+00:00
[2025-06-01T18:00:17.700+0200] {processor.py:179} INFO - Processing /home/lohit/miniconda3/envs/airflow-env/lib/python3.8/site-packages/airflow/example_dags/example_branch_operator_decorator.py took 0.046 seconds
[2025-06-01T18:01:03.899+0200] {processor.py:157} INFO - Started process (PID=27843) to work on /home/lohit/miniconda3/envs/airflow-env/lib/python3.8/site-packages/airflow/example_dags/example_branch_operator_decorator.py
[2025-06-01T18:01:03.902+0200] {processor.py:829} INFO - Processing file /home/lohit/miniconda3/envs/airflow-env/lib/python3.8/site-packages/airflow/example_dags/example_branch_operator_decorator.py for tasks to queue
[2025-06-01T18:01:03.903+0200] {logging_mixin.py:154} INFO - [2025-06-01T18:01:03.903+0200] {dagbag.py:536} INFO - Filling up the DagBag from /home/lohit/miniconda3/envs/airflow-env/lib/python3.8/site-packages/airflow/example_dags/example_branch_operator_decorator.py
[2025-06-01T18:01:03.909+0200] {processor.py:839} INFO - DAG(s) dict_keys(['example_branch_python_operator_decorator']) retrieved from /home/lohit/miniconda3/envs/airflow-env/lib/python3.8/site-packages/airflow/example_dags/example_branch_operator_decorator.py
[2025-06-01T18:01:03.919+0200] {logging_mixin.py:154} INFO - [2025-06-01T18:01:03.919+0200] {dag.py:2941} INFO - Sync 1 DAGs
[2025-06-01T18:01:03.929+0200] {logging_mixin.py:154} INFO - [2025-06-01T18:01:03.929+0200] {dag.py:3722} INFO - Setting next_dagrun for example_branch_python_operator_decorator to 2025-05-31T00:00:00+00:00, run_after=2025-06-01T00:00:00+00:00
[2025-06-01T18:01:03.944+0200] {processor.py:179} INFO - Processing /home/lohit/miniconda3/envs/airflow-env/lib/python3.8/site-packages/airflow/example_dags/example_branch_operator_decorator.py took 0.047 seconds
[2025-06-01T18:01:53.130+0200] {processor.py:157} INFO - Started process (PID=27915) to work on /home/lohit/miniconda3/envs/airflow-env/lib/python3.8/site-packages/airflow/example_dags/example_branch_operator_decorator.py
[2025-06-01T18:01:53.133+0200] {processor.py:829} INFO - Processing file /home/lohit/miniconda3/envs/airflow-env/lib/python3.8/site-packages/airflow/example_dags/example_branch_operator_decorator.py for tasks to queue
[2025-06-01T18:01:53.134+0200] {logging_mixin.py:154} INFO - [2025-06-01T18:01:53.134+0200] {dagbag.py:536} INFO - Filling up the DagBag from /home/lohit/miniconda3/envs/airflow-env/lib/python3.8/site-packages/airflow/example_dags/example_branch_operator_decorator.py
[2025-06-01T18:01:53.141+0200] {processor.py:839} INFO - DAG(s) dict_keys(['example_branch_python_operator_decorator']) retrieved from /home/lohit/miniconda3/envs/airflow-env/lib/python3.8/site-packages/airflow/example_dags/example_branch_operator_decorator.py
[2025-06-01T18:01:53.151+0200] {logging_mixin.py:154} INFO - [2025-06-01T18:01:53.151+0200] {dag.py:2941} INFO - Sync 1 DAGs
[2025-06-01T18:01:53.162+0200] {logging_mixin.py:154} INFO - [2025-06-01T18:01:53.162+0200] {dag.py:3722} INFO - Setting next_dagrun for example_branch_python_operator_decorator to 2025-05-31T00:00:00+00:00, run_after=2025-06-01T00:00:00+00:00
[2025-06-01T18:01:53.178+0200] {processor.py:179} INFO - Processing /home/lohit/miniconda3/envs/airflow-env/lib/python3.8/site-packages/airflow/example_dags/example_branch_operator_decorator.py took 0.050 seconds
[2025-06-01T18:02:51.909+0200] {processor.py:157} INFO - Started process (PID=28002) to work on /home/lohit/miniconda3/envs/airflow-env/lib/python3.8/site-packages/airflow/example_dags/example_branch_operator_decorator.py
[2025-06-01T18:02:51.911+0200] {processor.py:829} INFO - Processing file /home/lohit/miniconda3/envs/airflow-env/lib/python3.8/site-packages/airflow/example_dags/example_branch_operator_decorator.py for tasks to queue
[2025-06-01T18:02:51.912+0200] {logging_mixin.py:154} INFO - [2025-06-01T18:02:51.911+0200] {dagbag.py:536} INFO - Filling up the DagBag from /home/lohit/miniconda3/envs/airflow-env/lib/python3.8/site-packages/airflow/example_dags/example_branch_operator_decorator.py
[2025-06-01T18:02:51.918+0200] {processor.py:839} INFO - DAG(s) dict_keys(['example_branch_python_operator_decorator']) retrieved from /home/lohit/miniconda3/envs/airflow-env/lib/python3.8/site-packages/airflow/example_dags/example_branch_operator_decorator.py
[2025-06-01T18:02:51.930+0200] {logging_mixin.py:154} INFO - [2025-06-01T18:02:51.930+0200] {dag.py:2941} INFO - Sync 1 DAGs
[2025-06-01T18:02:51.943+0200] {logging_mixin.py:154} INFO - [2025-06-01T18:02:51.942+0200] {dag.py:3722} INFO - Setting next_dagrun for example_branch_python_operator_decorator to 2025-05-31T00:00:00+00:00, run_after=2025-06-01T00:00:00+00:00
[2025-06-01T18:02:51.961+0200] {processor.py:179} INFO - Processing /home/lohit/miniconda3/envs/airflow-env/lib/python3.8/site-packages/airflow/example_dags/example_branch_operator_decorator.py took 0.053 seconds
[2025-06-01T18:03:39.113+0200] {processor.py:157} INFO - Started process (PID=28077) to work on /home/lohit/miniconda3/envs/airflow-env/lib/python3.8/site-packages/airflow/example_dags/example_branch_operator_decorator.py
[2025-06-01T18:03:39.114+0200] {processor.py:829} INFO - Processing file /home/lohit/miniconda3/envs/airflow-env/lib/python3.8/site-packages/airflow/example_dags/example_branch_operator_decorator.py for tasks to queue
[2025-06-01T18:03:39.115+0200] {logging_mixin.py:154} INFO - [2025-06-01T18:03:39.114+0200] {dagbag.py:536} INFO - Filling up the DagBag from /home/lohit/miniconda3/envs/airflow-env/lib/python3.8/site-packages/airflow/example_dags/example_branch_operator_decorator.py
[2025-06-01T18:03:39.122+0200] {processor.py:839} INFO - DAG(s) dict_keys(['example_branch_python_operator_decorator']) retrieved from /home/lohit/miniconda3/envs/airflow-env/lib/python3.8/site-packages/airflow/example_dags/example_branch_operator_decorator.py
[2025-06-01T18:03:39.134+0200] {logging_mixin.py:154} INFO - [2025-06-01T18:03:39.134+0200] {dag.py:2941} INFO - Sync 1 DAGs
[2025-06-01T18:03:39.147+0200] {logging_mixin.py:154} INFO - [2025-06-01T18:03:39.146+0200] {dag.py:3722} INFO - Setting next_dagrun for example_branch_python_operator_decorator to 2025-05-31T00:00:00+00:00, run_after=2025-06-01T00:00:00+00:00
[2025-06-01T18:03:39.164+0200] {processor.py:179} INFO - Processing /home/lohit/miniconda3/envs/airflow-env/lib/python3.8/site-packages/airflow/example_dags/example_branch_operator_decorator.py took 0.053 seconds
[2025-06-01T18:04:24.566+0200] {processor.py:157} INFO - Started process (PID=28149) to work on /home/lohit/miniconda3/envs/airflow-env/lib/python3.8/site-packages/airflow/example_dags/example_branch_operator_decorator.py
[2025-06-01T18:04:24.569+0200] {processor.py:829} INFO - Processing file /home/lohit/miniconda3/envs/airflow-env/lib/python3.8/site-packages/airflow/example_dags/example_branch_operator_decorator.py for tasks to queue
[2025-06-01T18:04:24.569+0200] {logging_mixin.py:154} INFO - [2025-06-01T18:04:24.569+0200] {dagbag.py:536} INFO - Filling up the DagBag from /home/lohit/miniconda3/envs/airflow-env/lib/python3.8/site-packages/airflow/example_dags/example_branch_operator_decorator.py
[2025-06-01T18:04:24.575+0200] {processor.py:839} INFO - DAG(s) dict_keys(['example_branch_python_operator_decorator']) retrieved from /home/lohit/miniconda3/envs/airflow-env/lib/python3.8/site-packages/airflow/example_dags/example_branch_operator_decorator.py
[2025-06-01T18:04:24.585+0200] {logging_mixin.py:154} INFO - [2025-06-01T18:04:24.585+0200] {dag.py:2941} INFO - Sync 1 DAGs
[2025-06-01T18:04:24.598+0200] {logging_mixin.py:154} INFO - [2025-06-01T18:04:24.598+0200] {dag.py:3722} INFO - Setting next_dagrun for example_branch_python_operator_decorator to 2025-05-31T00:00:00+00:00, run_after=2025-06-01T00:00:00+00:00
[2025-06-01T18:04:24.614+0200] {processor.py:179} INFO - Processing /home/lohit/miniconda3/envs/airflow-env/lib/python3.8/site-packages/airflow/example_dags/example_branch_operator_decorator.py took 0.050 seconds
[2025-06-01T18:05:13.042+0200] {processor.py:157} INFO - Started process (PID=28229) to work on /home/lohit/miniconda3/envs/airflow-env/lib/python3.8/site-packages/airflow/example_dags/example_branch_operator_decorator.py
[2025-06-01T18:05:13.045+0200] {processor.py:829} INFO - Processing file /home/lohit/miniconda3/envs/airflow-env/lib/python3.8/site-packages/airflow/example_dags/example_branch_operator_decorator.py for tasks to queue
[2025-06-01T18:05:13.046+0200] {logging_mixin.py:154} INFO - [2025-06-01T18:05:13.045+0200] {dagbag.py:536} INFO - Filling up the DagBag from /home/lohit/miniconda3/envs/airflow-env/lib/python3.8/site-packages/airflow/example_dags/example_branch_operator_decorator.py
[2025-06-01T18:05:13.052+0200] {processor.py:839} INFO - DAG(s) dict_keys(['example_branch_python_operator_decorator']) retrieved from /home/lohit/miniconda3/envs/airflow-env/lib/python3.8/site-packages/airflow/example_dags/example_branch_operator_decorator.py
[2025-06-01T18:05:13.063+0200] {logging_mixin.py:154} INFO - [2025-06-01T18:05:13.063+0200] {dag.py:2941} INFO - Sync 1 DAGs
[2025-06-01T18:05:13.075+0200] {logging_mixin.py:154} INFO - [2025-06-01T18:05:13.075+0200] {dag.py:3722} INFO - Setting next_dagrun for example_branch_python_operator_decorator to 2025-05-31T00:00:00+00:00, run_after=2025-06-01T00:00:00+00:00
[2025-06-01T18:05:13.091+0200] {processor.py:179} INFO - Processing /home/lohit/miniconda3/envs/airflow-env/lib/python3.8/site-packages/airflow/example_dags/example_branch_operator_decorator.py took 0.051 seconds
[2025-06-01T18:06:06.626+0200] {processor.py:157} INFO - Started process (PID=28310) to work on /home/lohit/miniconda3/envs/airflow-env/lib/python3.8/site-packages/airflow/example_dags/example_branch_operator_decorator.py
[2025-06-01T18:06:06.629+0200] {processor.py:829} INFO - Processing file /home/lohit/miniconda3/envs/airflow-env/lib/python3.8/site-packages/airflow/example_dags/example_branch_operator_decorator.py for tasks to queue
[2025-06-01T18:06:06.630+0200] {logging_mixin.py:154} INFO - [2025-06-01T18:06:06.630+0200] {dagbag.py:536} INFO - Filling up the DagBag from /home/lohit/miniconda3/envs/airflow-env/lib/python3.8/site-packages/airflow/example_dags/example_branch_operator_decorator.py
[2025-06-01T18:06:06.636+0200] {processor.py:839} INFO - DAG(s) dict_keys(['example_branch_python_operator_decorator']) retrieved from /home/lohit/miniconda3/envs/airflow-env/lib/python3.8/site-packages/airflow/example_dags/example_branch_operator_decorator.py
[2025-06-01T18:06:06.646+0200] {logging_mixin.py:154} INFO - [2025-06-01T18:06:06.646+0200] {dag.py:2941} INFO - Sync 1 DAGs
[2025-06-01T18:06:06.656+0200] {logging_mixin.py:154} INFO - [2025-06-01T18:06:06.656+0200] {dag.py:3722} INFO - Setting next_dagrun for example_branch_python_operator_decorator to 2025-05-31T00:00:00+00:00, run_after=2025-06-01T00:00:00+00:00
[2025-06-01T18:06:06.671+0200] {processor.py:179} INFO - Processing /home/lohit/miniconda3/envs/airflow-env/lib/python3.8/site-packages/airflow/example_dags/example_branch_operator_decorator.py took 0.046 seconds
[2025-06-01T18:06:49.609+0200] {processor.py:157} INFO - Started process (PID=28378) to work on /home/lohit/miniconda3/envs/airflow-env/lib/python3.8/site-packages/airflow/example_dags/example_branch_operator_decorator.py
[2025-06-01T18:06:49.611+0200] {processor.py:829} INFO - Processing file /home/lohit/miniconda3/envs/airflow-env/lib/python3.8/site-packages/airflow/example_dags/example_branch_operator_decorator.py for tasks to queue
[2025-06-01T18:06:49.611+0200] {logging_mixin.py:154} INFO - [2025-06-01T18:06:49.611+0200] {dagbag.py:536} INFO - Filling up the DagBag from /home/lohit/miniconda3/envs/airflow-env/lib/python3.8/site-packages/airflow/example_dags/example_branch_operator_decorator.py
[2025-06-01T18:06:49.619+0200] {processor.py:839} INFO - DAG(s) dict_keys(['example_branch_python_operator_decorator']) retrieved from /home/lohit/miniconda3/envs/airflow-env/lib/python3.8/site-packages/airflow/example_dags/example_branch_operator_decorator.py
[2025-06-01T18:06:49.629+0200] {logging_mixin.py:154} INFO - [2025-06-01T18:06:49.629+0200] {dag.py:2941} INFO - Sync 1 DAGs
[2025-06-01T18:06:49.643+0200] {logging_mixin.py:154} INFO - [2025-06-01T18:06:49.643+0200] {dag.py:3722} INFO - Setting next_dagrun for example_branch_python_operator_decorator to 2025-05-31T00:00:00+00:00, run_after=2025-06-01T00:00:00+00:00
[2025-06-01T18:06:49.659+0200] {processor.py:179} INFO - Processing /home/lohit/miniconda3/envs/airflow-env/lib/python3.8/site-packages/airflow/example_dags/example_branch_operator_decorator.py took 0.051 seconds
[2025-06-01T18:07:36.610+0200] {processor.py:157} INFO - Started process (PID=28447) to work on /home/lohit/miniconda3/envs/airflow-env/lib/python3.8/site-packages/airflow/example_dags/example_branch_operator_decorator.py
[2025-06-01T18:07:36.611+0200] {processor.py:829} INFO - Processing file /home/lohit/miniconda3/envs/airflow-env/lib/python3.8/site-packages/airflow/example_dags/example_branch_operator_decorator.py for tasks to queue
[2025-06-01T18:07:36.612+0200] {logging_mixin.py:154} INFO - [2025-06-01T18:07:36.612+0200] {dagbag.py:536} INFO - Filling up the DagBag from /home/lohit/miniconda3/envs/airflow-env/lib/python3.8/site-packages/airflow/example_dags/example_branch_operator_decorator.py
[2025-06-01T18:07:36.618+0200] {processor.py:839} INFO - DAG(s) dict_keys(['example_branch_python_operator_decorator']) retrieved from /home/lohit/miniconda3/envs/airflow-env/lib/python3.8/site-packages/airflow/example_dags/example_branch_operator_decorator.py
[2025-06-01T18:07:36.629+0200] {logging_mixin.py:154} INFO - [2025-06-01T18:07:36.629+0200] {dag.py:2941} INFO - Sync 1 DAGs
[2025-06-01T18:07:36.642+0200] {logging_mixin.py:154} INFO - [2025-06-01T18:07:36.641+0200] {dag.py:3722} INFO - Setting next_dagrun for example_branch_python_operator_decorator to 2025-05-31T00:00:00+00:00, run_after=2025-06-01T00:00:00+00:00
[2025-06-01T18:07:36.656+0200] {processor.py:179} INFO - Processing /home/lohit/miniconda3/envs/airflow-env/lib/python3.8/site-packages/airflow/example_dags/example_branch_operator_decorator.py took 0.049 seconds
[2025-06-01T18:08:21.728+0200] {processor.py:157} INFO - Started process (PID=28517) to work on /home/lohit/miniconda3/envs/airflow-env/lib/python3.8/site-packages/airflow/example_dags/example_branch_operator_decorator.py
[2025-06-01T18:08:21.732+0200] {processor.py:829} INFO - Processing file /home/lohit/miniconda3/envs/airflow-env/lib/python3.8/site-packages/airflow/example_dags/example_branch_operator_decorator.py for tasks to queue
[2025-06-01T18:08:21.732+0200] {logging_mixin.py:154} INFO - [2025-06-01T18:08:21.732+0200] {dagbag.py:536} INFO - Filling up the DagBag from /home/lohit/miniconda3/envs/airflow-env/lib/python3.8/site-packages/airflow/example_dags/example_branch_operator_decorator.py
[2025-06-01T18:08:21.738+0200] {processor.py:839} INFO - DAG(s) dict_keys(['example_branch_python_operator_decorator']) retrieved from /home/lohit/miniconda3/envs/airflow-env/lib/python3.8/site-packages/airflow/example_dags/example_branch_operator_decorator.py
[2025-06-01T18:08:21.749+0200] {logging_mixin.py:154} INFO - [2025-06-01T18:08:21.748+0200] {dag.py:2941} INFO - Sync 1 DAGs
[2025-06-01T18:08:21.760+0200] {logging_mixin.py:154} INFO - [2025-06-01T18:08:21.759+0200] {dag.py:3722} INFO - Setting next_dagrun for example_branch_python_operator_decorator to 2025-05-31T00:00:00+00:00, run_after=2025-06-01T00:00:00+00:00
[2025-06-01T18:08:21.776+0200] {processor.py:179} INFO - Processing /home/lohit/miniconda3/envs/airflow-env/lib/python3.8/site-packages/airflow/example_dags/example_branch_operator_decorator.py took 0.050 seconds
[2025-06-01T18:09:13.598+0200] {processor.py:157} INFO - Started process (PID=28594) to work on /home/lohit/miniconda3/envs/airflow-env/lib/python3.8/site-packages/airflow/example_dags/example_branch_operator_decorator.py
[2025-06-01T18:09:13.601+0200] {processor.py:829} INFO - Processing file /home/lohit/miniconda3/envs/airflow-env/lib/python3.8/site-packages/airflow/example_dags/example_branch_operator_decorator.py for tasks to queue
[2025-06-01T18:09:13.602+0200] {logging_mixin.py:154} INFO - [2025-06-01T18:09:13.601+0200] {dagbag.py:536} INFO - Filling up the DagBag from /home/lohit/miniconda3/envs/airflow-env/lib/python3.8/site-packages/airflow/example_dags/example_branch_operator_decorator.py
[2025-06-01T18:09:13.608+0200] {processor.py:839} INFO - DAG(s) dict_keys(['example_branch_python_operator_decorator']) retrieved from /home/lohit/miniconda3/envs/airflow-env/lib/python3.8/site-packages/airflow/example_dags/example_branch_operator_decorator.py
[2025-06-01T18:09:13.618+0200] {logging_mixin.py:154} INFO - [2025-06-01T18:09:13.618+0200] {dag.py:2941} INFO - Sync 1 DAGs
[2025-06-01T18:09:13.630+0200] {logging_mixin.py:154} INFO - [2025-06-01T18:09:13.630+0200] {dag.py:3722} INFO - Setting next_dagrun for example_branch_python_operator_decorator to 2025-05-31T00:00:00+00:00, run_after=2025-06-01T00:00:00+00:00
[2025-06-01T18:09:13.648+0200] {processor.py:179} INFO - Processing /home/lohit/miniconda3/envs/airflow-env/lib/python3.8/site-packages/airflow/example_dags/example_branch_operator_decorator.py took 0.052 seconds
[2025-06-01T18:10:00.668+0200] {processor.py:157} INFO - Started process (PID=28673) to work on /home/lohit/miniconda3/envs/airflow-env/lib/python3.8/site-packages/airflow/example_dags/example_branch_operator_decorator.py
[2025-06-01T18:10:00.671+0200] {processor.py:829} INFO - Processing file /home/lohit/miniconda3/envs/airflow-env/lib/python3.8/site-packages/airflow/example_dags/example_branch_operator_decorator.py for tasks to queue
[2025-06-01T18:10:00.672+0200] {logging_mixin.py:154} INFO - [2025-06-01T18:10:00.671+0200] {dagbag.py:536} INFO - Filling up the DagBag from /home/lohit/miniconda3/envs/airflow-env/lib/python3.8/site-packages/airflow/example_dags/example_branch_operator_decorator.py
[2025-06-01T18:10:00.677+0200] {processor.py:839} INFO - DAG(s) dict_keys(['example_branch_python_operator_decorator']) retrieved from /home/lohit/miniconda3/envs/airflow-env/lib/python3.8/site-packages/airflow/example_dags/example_branch_operator_decorator.py
[2025-06-01T18:10:00.689+0200] {logging_mixin.py:154} INFO - [2025-06-01T18:10:00.688+0200] {dag.py:2941} INFO - Sync 1 DAGs
[2025-06-01T18:10:00.700+0200] {logging_mixin.py:154} INFO - [2025-06-01T18:10:00.700+0200] {dag.py:3722} INFO - Setting next_dagrun for example_branch_python_operator_decorator to 2025-05-31T00:00:00+00:00, run_after=2025-06-01T00:00:00+00:00
[2025-06-01T18:10:00.716+0200] {processor.py:179} INFO - Processing /home/lohit/miniconda3/envs/airflow-env/lib/python3.8/site-packages/airflow/example_dags/example_branch_operator_decorator.py took 0.050 seconds
[2025-06-01T18:10:49.439+0200] {processor.py:157} INFO - Started process (PID=28748) to work on /home/lohit/miniconda3/envs/airflow-env/lib/python3.8/site-packages/airflow/example_dags/example_branch_operator_decorator.py
[2025-06-01T18:10:49.440+0200] {processor.py:829} INFO - Processing file /home/lohit/miniconda3/envs/airflow-env/lib/python3.8/site-packages/airflow/example_dags/example_branch_operator_decorator.py for tasks to queue
[2025-06-01T18:10:49.441+0200] {logging_mixin.py:154} INFO - [2025-06-01T18:10:49.441+0200] {dagbag.py:536} INFO - Filling up the DagBag from /home/lohit/miniconda3/envs/airflow-env/lib/python3.8/site-packages/airflow/example_dags/example_branch_operator_decorator.py
[2025-06-01T18:10:49.447+0200] {processor.py:839} INFO - DAG(s) dict_keys(['example_branch_python_operator_decorator']) retrieved from /home/lohit/miniconda3/envs/airflow-env/lib/python3.8/site-packages/airflow/example_dags/example_branch_operator_decorator.py
[2025-06-01T18:10:49.459+0200] {logging_mixin.py:154} INFO - [2025-06-01T18:10:49.459+0200] {dag.py:2941} INFO - Sync 1 DAGs
[2025-06-01T18:10:49.471+0200] {logging_mixin.py:154} INFO - [2025-06-01T18:10:49.470+0200] {dag.py:3722} INFO - Setting next_dagrun for example_branch_python_operator_decorator to 2025-05-31T00:00:00+00:00, run_after=2025-06-01T00:00:00+00:00
[2025-06-01T18:10:49.487+0200] {processor.py:179} INFO - Processing /home/lohit/miniconda3/envs/airflow-env/lib/python3.8/site-packages/airflow/example_dags/example_branch_operator_decorator.py took 0.050 seconds
[2025-06-01T18:11:36.152+0200] {processor.py:157} INFO - Started process (PID=28818) to work on /home/lohit/miniconda3/envs/airflow-env/lib/python3.8/site-packages/airflow/example_dags/example_branch_operator_decorator.py
[2025-06-01T18:11:36.154+0200] {processor.py:829} INFO - Processing file /home/lohit/miniconda3/envs/airflow-env/lib/python3.8/site-packages/airflow/example_dags/example_branch_operator_decorator.py for tasks to queue
[2025-06-01T18:11:36.154+0200] {logging_mixin.py:154} INFO - [2025-06-01T18:11:36.154+0200] {dagbag.py:536} INFO - Filling up the DagBag from /home/lohit/miniconda3/envs/airflow-env/lib/python3.8/site-packages/airflow/example_dags/example_branch_operator_decorator.py
[2025-06-01T18:11:36.162+0200] {processor.py:839} INFO - DAG(s) dict_keys(['example_branch_python_operator_decorator']) retrieved from /home/lohit/miniconda3/envs/airflow-env/lib/python3.8/site-packages/airflow/example_dags/example_branch_operator_decorator.py
[2025-06-01T18:11:36.173+0200] {logging_mixin.py:154} INFO - [2025-06-01T18:11:36.173+0200] {dag.py:2941} INFO - Sync 1 DAGs
[2025-06-01T18:11:36.184+0200] {logging_mixin.py:154} INFO - [2025-06-01T18:11:36.184+0200] {dag.py:3722} INFO - Setting next_dagrun for example_branch_python_operator_decorator to 2025-05-31T00:00:00+00:00, run_after=2025-06-01T00:00:00+00:00
[2025-06-01T18:11:36.199+0200] {processor.py:179} INFO - Processing /home/lohit/miniconda3/envs/airflow-env/lib/python3.8/site-packages/airflow/example_dags/example_branch_operator_decorator.py took 0.049 seconds
[2025-06-01T18:12:28.418+0200] {processor.py:157} INFO - Started process (PID=28900) to work on /home/lohit/miniconda3/envs/airflow-env/lib/python3.8/site-packages/airflow/example_dags/example_branch_operator_decorator.py
[2025-06-01T18:12:28.421+0200] {processor.py:829} INFO - Processing file /home/lohit/miniconda3/envs/airflow-env/lib/python3.8/site-packages/airflow/example_dags/example_branch_operator_decorator.py for tasks to queue
[2025-06-01T18:12:28.422+0200] {logging_mixin.py:154} INFO - [2025-06-01T18:12:28.422+0200] {dagbag.py:536} INFO - Filling up the DagBag from /home/lohit/miniconda3/envs/airflow-env/lib/python3.8/site-packages/airflow/example_dags/example_branch_operator_decorator.py
[2025-06-01T18:12:28.428+0200] {processor.py:839} INFO - DAG(s) dict_keys(['example_branch_python_operator_decorator']) retrieved from /home/lohit/miniconda3/envs/airflow-env/lib/python3.8/site-packages/airflow/example_dags/example_branch_operator_decorator.py
[2025-06-01T18:12:28.439+0200] {logging_mixin.py:154} INFO - [2025-06-01T18:12:28.438+0200] {dag.py:2941} INFO - Sync 1 DAGs
[2025-06-01T18:12:28.450+0200] {logging_mixin.py:154} INFO - [2025-06-01T18:12:28.450+0200] {dag.py:3722} INFO - Setting next_dagrun for example_branch_python_operator_decorator to 2025-05-31T00:00:00+00:00, run_after=2025-06-01T00:00:00+00:00
[2025-06-01T18:12:28.466+0200] {processor.py:179} INFO - Processing /home/lohit/miniconda3/envs/airflow-env/lib/python3.8/site-packages/airflow/example_dags/example_branch_operator_decorator.py took 0.050 seconds
[2025-06-01T18:13:17.330+0200] {processor.py:157} INFO - Started process (PID=28971) to work on /home/lohit/miniconda3/envs/airflow-env/lib/python3.8/site-packages/airflow/example_dags/example_branch_operator_decorator.py
[2025-06-01T18:13:17.333+0200] {processor.py:829} INFO - Processing file /home/lohit/miniconda3/envs/airflow-env/lib/python3.8/site-packages/airflow/example_dags/example_branch_operator_decorator.py for tasks to queue
[2025-06-01T18:13:17.334+0200] {logging_mixin.py:154} INFO - [2025-06-01T18:13:17.333+0200] {dagbag.py:536} INFO - Filling up the DagBag from /home/lohit/miniconda3/envs/airflow-env/lib/python3.8/site-packages/airflow/example_dags/example_branch_operator_decorator.py
[2025-06-01T18:13:17.340+0200] {processor.py:839} INFO - DAG(s) dict_keys(['example_branch_python_operator_decorator']) retrieved from /home/lohit/miniconda3/envs/airflow-env/lib/python3.8/site-packages/airflow/example_dags/example_branch_operator_decorator.py
[2025-06-01T18:13:17.353+0200] {logging_mixin.py:154} INFO - [2025-06-01T18:13:17.353+0200] {dag.py:2941} INFO - Sync 1 DAGs
[2025-06-01T18:13:17.366+0200] {logging_mixin.py:154} INFO - [2025-06-01T18:13:17.365+0200] {dag.py:3722} INFO - Setting next_dagrun for example_branch_python_operator_decorator to 2025-05-31T00:00:00+00:00, run_after=2025-06-01T00:00:00+00:00
[2025-06-01T18:13:17.384+0200] {processor.py:179} INFO - Processing /home/lohit/miniconda3/envs/airflow-env/lib/python3.8/site-packages/airflow/example_dags/example_branch_operator_decorator.py took 0.056 seconds
[2025-06-01T18:14:01.463+0200] {processor.py:157} INFO - Started process (PID=29040) to work on /home/lohit/miniconda3/envs/airflow-env/lib/python3.8/site-packages/airflow/example_dags/example_branch_operator_decorator.py
[2025-06-01T18:14:01.467+0200] {processor.py:829} INFO - Processing file /home/lohit/miniconda3/envs/airflow-env/lib/python3.8/site-packages/airflow/example_dags/example_branch_operator_decorator.py for tasks to queue
[2025-06-01T18:14:01.468+0200] {logging_mixin.py:154} INFO - [2025-06-01T18:14:01.467+0200] {dagbag.py:536} INFO - Filling up the DagBag from /home/lohit/miniconda3/envs/airflow-env/lib/python3.8/site-packages/airflow/example_dags/example_branch_operator_decorator.py
[2025-06-01T18:14:01.475+0200] {processor.py:839} INFO - DAG(s) dict_keys(['example_branch_python_operator_decorator']) retrieved from /home/lohit/miniconda3/envs/airflow-env/lib/python3.8/site-packages/airflow/example_dags/example_branch_operator_decorator.py
[2025-06-01T18:14:01.488+0200] {logging_mixin.py:154} INFO - [2025-06-01T18:14:01.488+0200] {dag.py:2941} INFO - Sync 1 DAGs
[2025-06-01T18:14:01.501+0200] {logging_mixin.py:154} INFO - [2025-06-01T18:14:01.501+0200] {dag.py:3722} INFO - Setting next_dagrun for example_branch_python_operator_decorator to 2025-05-31T00:00:00+00:00, run_after=2025-06-01T00:00:00+00:00
[2025-06-01T18:14:01.519+0200] {processor.py:179} INFO - Processing /home/lohit/miniconda3/envs/airflow-env/lib/python3.8/site-packages/airflow/example_dags/example_branch_operator_decorator.py took 0.058 seconds
[2025-06-01T18:15:00.645+0200] {processor.py:157} INFO - Started process (PID=29122) to work on /home/lohit/miniconda3/envs/airflow-env/lib/python3.8/site-packages/airflow/example_dags/example_branch_operator_decorator.py
[2025-06-01T18:15:00.647+0200] {processor.py:829} INFO - Processing file /home/lohit/miniconda3/envs/airflow-env/lib/python3.8/site-packages/airflow/example_dags/example_branch_operator_decorator.py for tasks to queue
[2025-06-01T18:15:00.647+0200] {logging_mixin.py:154} INFO - [2025-06-01T18:15:00.647+0200] {dagbag.py:536} INFO - Filling up the DagBag from /home/lohit/miniconda3/envs/airflow-env/lib/python3.8/site-packages/airflow/example_dags/example_branch_operator_decorator.py
[2025-06-01T18:15:00.654+0200] {processor.py:839} INFO - DAG(s) dict_keys(['example_branch_python_operator_decorator']) retrieved from /home/lohit/miniconda3/envs/airflow-env/lib/python3.8/site-packages/airflow/example_dags/example_branch_operator_decorator.py
[2025-06-01T18:15:00.665+0200] {logging_mixin.py:154} INFO - [2025-06-01T18:15:00.665+0200] {dag.py:2941} INFO - Sync 1 DAGs
[2025-06-01T18:15:00.679+0200] {logging_mixin.py:154} INFO - [2025-06-01T18:15:00.679+0200] {dag.py:3722} INFO - Setting next_dagrun for example_branch_python_operator_decorator to 2025-05-31T00:00:00+00:00, run_after=2025-06-01T00:00:00+00:00
[2025-06-01T18:15:00.696+0200] {processor.py:179} INFO - Processing /home/lohit/miniconda3/envs/airflow-env/lib/python3.8/site-packages/airflow/example_dags/example_branch_operator_decorator.py took 0.052 seconds
[2025-06-01T18:15:49.645+0200] {processor.py:157} INFO - Started process (PID=29194) to work on /home/lohit/miniconda3/envs/airflow-env/lib/python3.8/site-packages/airflow/example_dags/example_branch_operator_decorator.py
[2025-06-01T18:15:49.647+0200] {processor.py:829} INFO - Processing file /home/lohit/miniconda3/envs/airflow-env/lib/python3.8/site-packages/airflow/example_dags/example_branch_operator_decorator.py for tasks to queue
[2025-06-01T18:15:49.647+0200] {logging_mixin.py:154} INFO - [2025-06-01T18:15:49.647+0200] {dagbag.py:536} INFO - Filling up the DagBag from /home/lohit/miniconda3/envs/airflow-env/lib/python3.8/site-packages/airflow/example_dags/example_branch_operator_decorator.py
[2025-06-01T18:15:49.653+0200] {processor.py:839} INFO - DAG(s) dict_keys(['example_branch_python_operator_decorator']) retrieved from /home/lohit/miniconda3/envs/airflow-env/lib/python3.8/site-packages/airflow/example_dags/example_branch_operator_decorator.py
[2025-06-01T18:15:49.664+0200] {logging_mixin.py:154} INFO - [2025-06-01T18:15:49.664+0200] {dag.py:2941} INFO - Sync 1 DAGs
[2025-06-01T18:15:49.678+0200] {logging_mixin.py:154} INFO - [2025-06-01T18:15:49.677+0200] {dag.py:3722} INFO - Setting next_dagrun for example_branch_python_operator_decorator to 2025-05-31T00:00:00+00:00, run_after=2025-06-01T00:00:00+00:00
[2025-06-01T18:15:49.700+0200] {processor.py:179} INFO - Processing /home/lohit/miniconda3/envs/airflow-env/lib/python3.8/site-packages/airflow/example_dags/example_branch_operator_decorator.py took 0.057 seconds
[2025-06-01T18:16:39.213+0200] {processor.py:157} INFO - Started process (PID=29267) to work on /home/lohit/miniconda3/envs/airflow-env/lib/python3.8/site-packages/airflow/example_dags/example_branch_operator_decorator.py
[2025-06-01T18:16:39.216+0200] {processor.py:829} INFO - Processing file /home/lohit/miniconda3/envs/airflow-env/lib/python3.8/site-packages/airflow/example_dags/example_branch_operator_decorator.py for tasks to queue
[2025-06-01T18:16:39.217+0200] {logging_mixin.py:154} INFO - [2025-06-01T18:16:39.217+0200] {dagbag.py:536} INFO - Filling up the DagBag from /home/lohit/miniconda3/envs/airflow-env/lib/python3.8/site-packages/airflow/example_dags/example_branch_operator_decorator.py
[2025-06-01T18:16:39.223+0200] {processor.py:839} INFO - DAG(s) dict_keys(['example_branch_python_operator_decorator']) retrieved from /home/lohit/miniconda3/envs/airflow-env/lib/python3.8/site-packages/airflow/example_dags/example_branch_operator_decorator.py
[2025-06-01T18:16:39.233+0200] {logging_mixin.py:154} INFO - [2025-06-01T18:16:39.233+0200] {dag.py:2941} INFO - Sync 1 DAGs
[2025-06-01T18:16:39.244+0200] {logging_mixin.py:154} INFO - [2025-06-01T18:16:39.243+0200] {dag.py:3722} INFO - Setting next_dagrun for example_branch_python_operator_decorator to 2025-05-31T00:00:00+00:00, run_after=2025-06-01T00:00:00+00:00
[2025-06-01T18:16:39.259+0200] {processor.py:179} INFO - Processing /home/lohit/miniconda3/envs/airflow-env/lib/python3.8/site-packages/airflow/example_dags/example_branch_operator_decorator.py took 0.049 seconds
[2025-06-01T18:17:27.647+0200] {processor.py:157} INFO - Started process (PID=29340) to work on /home/lohit/miniconda3/envs/airflow-env/lib/python3.8/site-packages/airflow/example_dags/example_branch_operator_decorator.py
[2025-06-01T18:17:27.650+0200] {processor.py:829} INFO - Processing file /home/lohit/miniconda3/envs/airflow-env/lib/python3.8/site-packages/airflow/example_dags/example_branch_operator_decorator.py for tasks to queue
[2025-06-01T18:17:27.651+0200] {logging_mixin.py:154} INFO - [2025-06-01T18:17:27.651+0200] {dagbag.py:536} INFO - Filling up the DagBag from /home/lohit/miniconda3/envs/airflow-env/lib/python3.8/site-packages/airflow/example_dags/example_branch_operator_decorator.py
[2025-06-01T18:17:27.659+0200] {processor.py:839} INFO - DAG(s) dict_keys(['example_branch_python_operator_decorator']) retrieved from /home/lohit/miniconda3/envs/airflow-env/lib/python3.8/site-packages/airflow/example_dags/example_branch_operator_decorator.py
[2025-06-01T18:17:27.671+0200] {logging_mixin.py:154} INFO - [2025-06-01T18:17:27.671+0200] {dag.py:2941} INFO - Sync 1 DAGs
[2025-06-01T18:17:27.685+0200] {logging_mixin.py:154} INFO - [2025-06-01T18:17:27.685+0200] {dag.py:3722} INFO - Setting next_dagrun for example_branch_python_operator_decorator to 2025-05-31T00:00:00+00:00, run_after=2025-06-01T00:00:00+00:00
[2025-06-01T18:17:27.702+0200] {processor.py:179} INFO - Processing /home/lohit/miniconda3/envs/airflow-env/lib/python3.8/site-packages/airflow/example_dags/example_branch_operator_decorator.py took 0.058 seconds
[2025-06-01T18:18:26.594+0200] {processor.py:157} INFO - Started process (PID=29444) to work on /home/lohit/miniconda3/envs/airflow-env/lib/python3.8/site-packages/airflow/example_dags/example_branch_operator_decorator.py
[2025-06-01T18:18:26.597+0200] {processor.py:829} INFO - Processing file /home/lohit/miniconda3/envs/airflow-env/lib/python3.8/site-packages/airflow/example_dags/example_branch_operator_decorator.py for tasks to queue
[2025-06-01T18:18:26.598+0200] {logging_mixin.py:154} INFO - [2025-06-01T18:18:26.598+0200] {dagbag.py:536} INFO - Filling up the DagBag from /home/lohit/miniconda3/envs/airflow-env/lib/python3.8/site-packages/airflow/example_dags/example_branch_operator_decorator.py
[2025-06-01T18:18:26.606+0200] {processor.py:839} INFO - DAG(s) dict_keys(['example_branch_python_operator_decorator']) retrieved from /home/lohit/miniconda3/envs/airflow-env/lib/python3.8/site-packages/airflow/example_dags/example_branch_operator_decorator.py
[2025-06-01T18:18:26.617+0200] {logging_mixin.py:154} INFO - [2025-06-01T18:18:26.617+0200] {dag.py:2941} INFO - Sync 1 DAGs
[2025-06-01T18:18:26.629+0200] {logging_mixin.py:154} INFO - [2025-06-01T18:18:26.629+0200] {dag.py:3722} INFO - Setting next_dagrun for example_branch_python_operator_decorator to 2025-05-31T00:00:00+00:00, run_after=2025-06-01T00:00:00+00:00
[2025-06-01T18:18:26.645+0200] {processor.py:179} INFO - Processing /home/lohit/miniconda3/envs/airflow-env/lib/python3.8/site-packages/airflow/example_dags/example_branch_operator_decorator.py took 0.053 seconds
[2025-06-01T18:19:12.900+0200] {processor.py:157} INFO - Started process (PID=29513) to work on /home/lohit/miniconda3/envs/airflow-env/lib/python3.8/site-packages/airflow/example_dags/example_branch_operator_decorator.py
[2025-06-01T18:19:12.904+0200] {processor.py:829} INFO - Processing file /home/lohit/miniconda3/envs/airflow-env/lib/python3.8/site-packages/airflow/example_dags/example_branch_operator_decorator.py for tasks to queue
[2025-06-01T18:19:12.904+0200] {logging_mixin.py:154} INFO - [2025-06-01T18:19:12.904+0200] {dagbag.py:536} INFO - Filling up the DagBag from /home/lohit/miniconda3/envs/airflow-env/lib/python3.8/site-packages/airflow/example_dags/example_branch_operator_decorator.py
[2025-06-01T18:19:12.911+0200] {processor.py:839} INFO - DAG(s) dict_keys(['example_branch_python_operator_decorator']) retrieved from /home/lohit/miniconda3/envs/airflow-env/lib/python3.8/site-packages/airflow/example_dags/example_branch_operator_decorator.py
[2025-06-01T18:19:12.923+0200] {logging_mixin.py:154} INFO - [2025-06-01T18:19:12.923+0200] {dag.py:2941} INFO - Sync 1 DAGs
[2025-06-01T18:19:12.935+0200] {logging_mixin.py:154} INFO - [2025-06-01T18:19:12.935+0200] {dag.py:3722} INFO - Setting next_dagrun for example_branch_python_operator_decorator to 2025-05-31T00:00:00+00:00, run_after=2025-06-01T00:00:00+00:00
[2025-06-01T18:19:12.953+0200] {processor.py:179} INFO - Processing /home/lohit/miniconda3/envs/airflow-env/lib/python3.8/site-packages/airflow/example_dags/example_branch_operator_decorator.py took 0.055 seconds
[2025-06-01T18:20:01.158+0200] {processor.py:157} INFO - Started process (PID=29585) to work on /home/lohit/miniconda3/envs/airflow-env/lib/python3.8/site-packages/airflow/example_dags/example_branch_operator_decorator.py
[2025-06-01T18:20:01.162+0200] {processor.py:829} INFO - Processing file /home/lohit/miniconda3/envs/airflow-env/lib/python3.8/site-packages/airflow/example_dags/example_branch_operator_decorator.py for tasks to queue
[2025-06-01T18:20:01.162+0200] {logging_mixin.py:154} INFO - [2025-06-01T18:20:01.162+0200] {dagbag.py:536} INFO - Filling up the DagBag from /home/lohit/miniconda3/envs/airflow-env/lib/python3.8/site-packages/airflow/example_dags/example_branch_operator_decorator.py
[2025-06-01T18:20:01.170+0200] {processor.py:839} INFO - DAG(s) dict_keys(['example_branch_python_operator_decorator']) retrieved from /home/lohit/miniconda3/envs/airflow-env/lib/python3.8/site-packages/airflow/example_dags/example_branch_operator_decorator.py
[2025-06-01T18:20:01.182+0200] {logging_mixin.py:154} INFO - [2025-06-01T18:20:01.182+0200] {dag.py:2941} INFO - Sync 1 DAGs
[2025-06-01T18:20:01.194+0200] {logging_mixin.py:154} INFO - [2025-06-01T18:20:01.194+0200] {dag.py:3722} INFO - Setting next_dagrun for example_branch_python_operator_decorator to 2025-05-31T00:00:00+00:00, run_after=2025-06-01T00:00:00+00:00
[2025-06-01T18:20:01.211+0200] {processor.py:179} INFO - Processing /home/lohit/miniconda3/envs/airflow-env/lib/python3.8/site-packages/airflow/example_dags/example_branch_operator_decorator.py took 0.055 seconds
[2025-06-01T18:20:50.742+0200] {processor.py:157} INFO - Started process (PID=29655) to work on /home/lohit/miniconda3/envs/airflow-env/lib/python3.8/site-packages/airflow/example_dags/example_branch_operator_decorator.py
[2025-06-01T18:20:50.744+0200] {processor.py:829} INFO - Processing file /home/lohit/miniconda3/envs/airflow-env/lib/python3.8/site-packages/airflow/example_dags/example_branch_operator_decorator.py for tasks to queue
[2025-06-01T18:20:50.745+0200] {logging_mixin.py:154} INFO - [2025-06-01T18:20:50.744+0200] {dagbag.py:536} INFO - Filling up the DagBag from /home/lohit/miniconda3/envs/airflow-env/lib/python3.8/site-packages/airflow/example_dags/example_branch_operator_decorator.py
[2025-06-01T18:20:50.751+0200] {processor.py:839} INFO - DAG(s) dict_keys(['example_branch_python_operator_decorator']) retrieved from /home/lohit/miniconda3/envs/airflow-env/lib/python3.8/site-packages/airflow/example_dags/example_branch_operator_decorator.py
[2025-06-01T18:20:50.763+0200] {logging_mixin.py:154} INFO - [2025-06-01T18:20:50.763+0200] {dag.py:2941} INFO - Sync 1 DAGs
[2025-06-01T18:20:50.777+0200] {logging_mixin.py:154} INFO - [2025-06-01T18:20:50.777+0200] {dag.py:3722} INFO - Setting next_dagrun for example_branch_python_operator_decorator to 2025-05-31T00:00:00+00:00, run_after=2025-06-01T00:00:00+00:00
[2025-06-01T18:20:50.796+0200] {processor.py:179} INFO - Processing /home/lohit/miniconda3/envs/airflow-env/lib/python3.8/site-packages/airflow/example_dags/example_branch_operator_decorator.py took 0.056 seconds
[2025-06-01T18:21:37.407+0200] {processor.py:157} INFO - Started process (PID=29726) to work on /home/lohit/miniconda3/envs/airflow-env/lib/python3.8/site-packages/airflow/example_dags/example_branch_operator_decorator.py
[2025-06-01T18:21:37.411+0200] {processor.py:829} INFO - Processing file /home/lohit/miniconda3/envs/airflow-env/lib/python3.8/site-packages/airflow/example_dags/example_branch_operator_decorator.py for tasks to queue
[2025-06-01T18:21:37.411+0200] {logging_mixin.py:154} INFO - [2025-06-01T18:21:37.411+0200] {dagbag.py:536} INFO - Filling up the DagBag from /home/lohit/miniconda3/envs/airflow-env/lib/python3.8/site-packages/airflow/example_dags/example_branch_operator_decorator.py
[2025-06-01T18:21:37.417+0200] {processor.py:839} INFO - DAG(s) dict_keys(['example_branch_python_operator_decorator']) retrieved from /home/lohit/miniconda3/envs/airflow-env/lib/python3.8/site-packages/airflow/example_dags/example_branch_operator_decorator.py
[2025-06-01T18:21:37.427+0200] {logging_mixin.py:154} INFO - [2025-06-01T18:21:37.427+0200] {dag.py:2941} INFO - Sync 1 DAGs
[2025-06-01T18:21:37.440+0200] {logging_mixin.py:154} INFO - [2025-06-01T18:21:37.440+0200] {dag.py:3722} INFO - Setting next_dagrun for example_branch_python_operator_decorator to 2025-05-31T00:00:00+00:00, run_after=2025-06-01T00:00:00+00:00
[2025-06-01T18:21:37.456+0200] {processor.py:179} INFO - Processing /home/lohit/miniconda3/envs/airflow-env/lib/python3.8/site-packages/airflow/example_dags/example_branch_operator_decorator.py took 0.051 seconds
[2025-06-01T18:22:23.607+0200] {processor.py:157} INFO - Started process (PID=29796) to work on /home/lohit/miniconda3/envs/airflow-env/lib/python3.8/site-packages/airflow/example_dags/example_branch_operator_decorator.py
[2025-06-01T18:22:23.608+0200] {processor.py:829} INFO - Processing file /home/lohit/miniconda3/envs/airflow-env/lib/python3.8/site-packages/airflow/example_dags/example_branch_operator_decorator.py for tasks to queue
[2025-06-01T18:22:23.608+0200] {logging_mixin.py:154} INFO - [2025-06-01T18:22:23.608+0200] {dagbag.py:536} INFO - Filling up the DagBag from /home/lohit/miniconda3/envs/airflow-env/lib/python3.8/site-packages/airflow/example_dags/example_branch_operator_decorator.py
[2025-06-01T18:22:23.614+0200] {processor.py:839} INFO - DAG(s) dict_keys(['example_branch_python_operator_decorator']) retrieved from /home/lohit/miniconda3/envs/airflow-env/lib/python3.8/site-packages/airflow/example_dags/example_branch_operator_decorator.py
[2025-06-01T18:22:23.624+0200] {logging_mixin.py:154} INFO - [2025-06-01T18:22:23.624+0200] {dag.py:2941} INFO - Sync 1 DAGs
[2025-06-01T18:22:23.636+0200] {logging_mixin.py:154} INFO - [2025-06-01T18:22:23.636+0200] {dag.py:3722} INFO - Setting next_dagrun for example_branch_python_operator_decorator to 2025-05-31T00:00:00+00:00, run_after=2025-06-01T00:00:00+00:00
[2025-06-01T18:22:23.656+0200] {processor.py:179} INFO - Processing /home/lohit/miniconda3/envs/airflow-env/lib/python3.8/site-packages/airflow/example_dags/example_branch_operator_decorator.py took 0.051 seconds
[2025-06-01T18:23:12.436+0200] {processor.py:157} INFO - Started process (PID=29866) to work on /home/lohit/miniconda3/envs/airflow-env/lib/python3.8/site-packages/airflow/example_dags/example_branch_operator_decorator.py
[2025-06-01T18:23:12.439+0200] {processor.py:829} INFO - Processing file /home/lohit/miniconda3/envs/airflow-env/lib/python3.8/site-packages/airflow/example_dags/example_branch_operator_decorator.py for tasks to queue
[2025-06-01T18:23:12.440+0200] {logging_mixin.py:154} INFO - [2025-06-01T18:23:12.440+0200] {dagbag.py:536} INFO - Filling up the DagBag from /home/lohit/miniconda3/envs/airflow-env/lib/python3.8/site-packages/airflow/example_dags/example_branch_operator_decorator.py
[2025-06-01T18:23:12.449+0200] {processor.py:839} INFO - DAG(s) dict_keys(['example_branch_python_operator_decorator']) retrieved from /home/lohit/miniconda3/envs/airflow-env/lib/python3.8/site-packages/airflow/example_dags/example_branch_operator_decorator.py
[2025-06-01T18:23:12.461+0200] {logging_mixin.py:154} INFO - [2025-06-01T18:23:12.461+0200] {dag.py:2941} INFO - Sync 1 DAGs
[2025-06-01T18:23:12.472+0200] {logging_mixin.py:154} INFO - [2025-06-01T18:23:12.472+0200] {dag.py:3722} INFO - Setting next_dagrun for example_branch_python_operator_decorator to 2025-05-31T00:00:00+00:00, run_after=2025-06-01T00:00:00+00:00
[2025-06-01T18:23:12.489+0200] {processor.py:179} INFO - Processing /home/lohit/miniconda3/envs/airflow-env/lib/python3.8/site-packages/airflow/example_dags/example_branch_operator_decorator.py took 0.055 seconds
[2025-06-01T18:24:01.494+0200] {processor.py:157} INFO - Started process (PID=29938) to work on /home/lohit/miniconda3/envs/airflow-env/lib/python3.8/site-packages/airflow/example_dags/example_branch_operator_decorator.py
[2025-06-01T18:24:01.497+0200] {processor.py:829} INFO - Processing file /home/lohit/miniconda3/envs/airflow-env/lib/python3.8/site-packages/airflow/example_dags/example_branch_operator_decorator.py for tasks to queue
[2025-06-01T18:24:01.498+0200] {logging_mixin.py:154} INFO - [2025-06-01T18:24:01.497+0200] {dagbag.py:536} INFO - Filling up the DagBag from /home/lohit/miniconda3/envs/airflow-env/lib/python3.8/site-packages/airflow/example_dags/example_branch_operator_decorator.py
[2025-06-01T18:24:01.504+0200] {processor.py:839} INFO - DAG(s) dict_keys(['example_branch_python_operator_decorator']) retrieved from /home/lohit/miniconda3/envs/airflow-env/lib/python3.8/site-packages/airflow/example_dags/example_branch_operator_decorator.py
[2025-06-01T18:24:01.514+0200] {logging_mixin.py:154} INFO - [2025-06-01T18:24:01.514+0200] {dag.py:2941} INFO - Sync 1 DAGs
[2025-06-01T18:24:01.525+0200] {logging_mixin.py:154} INFO - [2025-06-01T18:24:01.525+0200] {dag.py:3722} INFO - Setting next_dagrun for example_branch_python_operator_decorator to 2025-05-31T00:00:00+00:00, run_after=2025-06-01T00:00:00+00:00
[2025-06-01T18:24:01.540+0200] {processor.py:179} INFO - Processing /home/lohit/miniconda3/envs/airflow-env/lib/python3.8/site-packages/airflow/example_dags/example_branch_operator_decorator.py took 0.048 seconds
[2025-06-01T18:24:47.277+0200] {processor.py:157} INFO - Started process (PID=30006) to work on /home/lohit/miniconda3/envs/airflow-env/lib/python3.8/site-packages/airflow/example_dags/example_branch_operator_decorator.py
[2025-06-01T18:24:47.279+0200] {processor.py:829} INFO - Processing file /home/lohit/miniconda3/envs/airflow-env/lib/python3.8/site-packages/airflow/example_dags/example_branch_operator_decorator.py for tasks to queue
[2025-06-01T18:24:47.280+0200] {logging_mixin.py:154} INFO - [2025-06-01T18:24:47.279+0200] {dagbag.py:536} INFO - Filling up the DagBag from /home/lohit/miniconda3/envs/airflow-env/lib/python3.8/site-packages/airflow/example_dags/example_branch_operator_decorator.py
[2025-06-01T18:24:47.286+0200] {processor.py:839} INFO - DAG(s) dict_keys(['example_branch_python_operator_decorator']) retrieved from /home/lohit/miniconda3/envs/airflow-env/lib/python3.8/site-packages/airflow/example_dags/example_branch_operator_decorator.py
[2025-06-01T18:24:47.298+0200] {logging_mixin.py:154} INFO - [2025-06-01T18:24:47.298+0200] {dag.py:2941} INFO - Sync 1 DAGs
[2025-06-01T18:24:47.311+0200] {logging_mixin.py:154} INFO - [2025-06-01T18:24:47.311+0200] {dag.py:3722} INFO - Setting next_dagrun for example_branch_python_operator_decorator to 2025-05-31T00:00:00+00:00, run_after=2025-06-01T00:00:00+00:00
[2025-06-01T18:24:47.330+0200] {processor.py:179} INFO - Processing /home/lohit/miniconda3/envs/airflow-env/lib/python3.8/site-packages/airflow/example_dags/example_branch_operator_decorator.py took 0.054 seconds
[2025-06-01T18:25:35.674+0200] {processor.py:157} INFO - Started process (PID=30077) to work on /home/lohit/miniconda3/envs/airflow-env/lib/python3.8/site-packages/airflow/example_dags/example_branch_operator_decorator.py
[2025-06-01T18:25:35.678+0200] {processor.py:829} INFO - Processing file /home/lohit/miniconda3/envs/airflow-env/lib/python3.8/site-packages/airflow/example_dags/example_branch_operator_decorator.py for tasks to queue
[2025-06-01T18:25:35.679+0200] {logging_mixin.py:154} INFO - [2025-06-01T18:25:35.679+0200] {dagbag.py:536} INFO - Filling up the DagBag from /home/lohit/miniconda3/envs/airflow-env/lib/python3.8/site-packages/airflow/example_dags/example_branch_operator_decorator.py
[2025-06-01T18:25:35.686+0200] {processor.py:839} INFO - DAG(s) dict_keys(['example_branch_python_operator_decorator']) retrieved from /home/lohit/miniconda3/envs/airflow-env/lib/python3.8/site-packages/airflow/example_dags/example_branch_operator_decorator.py
[2025-06-01T18:25:35.697+0200] {logging_mixin.py:154} INFO - [2025-06-01T18:25:35.697+0200] {dag.py:2941} INFO - Sync 1 DAGs
[2025-06-01T18:25:35.711+0200] {logging_mixin.py:154} INFO - [2025-06-01T18:25:35.711+0200] {dag.py:3722} INFO - Setting next_dagrun for example_branch_python_operator_decorator to 2025-05-31T00:00:00+00:00, run_after=2025-06-01T00:00:00+00:00
[2025-06-01T18:25:35.728+0200] {processor.py:179} INFO - Processing /home/lohit/miniconda3/envs/airflow-env/lib/python3.8/site-packages/airflow/example_dags/example_branch_operator_decorator.py took 0.056 seconds
[2025-06-01T18:26:20.462+0200] {processor.py:157} INFO - Started process (PID=30147) to work on /home/lohit/miniconda3/envs/airflow-env/lib/python3.8/site-packages/airflow/example_dags/example_branch_operator_decorator.py
[2025-06-01T18:26:20.466+0200] {processor.py:829} INFO - Processing file /home/lohit/miniconda3/envs/airflow-env/lib/python3.8/site-packages/airflow/example_dags/example_branch_operator_decorator.py for tasks to queue
[2025-06-01T18:26:20.466+0200] {logging_mixin.py:154} INFO - [2025-06-01T18:26:20.466+0200] {dagbag.py:536} INFO - Filling up the DagBag from /home/lohit/miniconda3/envs/airflow-env/lib/python3.8/site-packages/airflow/example_dags/example_branch_operator_decorator.py
[2025-06-01T18:26:20.473+0200] {processor.py:839} INFO - DAG(s) dict_keys(['example_branch_python_operator_decorator']) retrieved from /home/lohit/miniconda3/envs/airflow-env/lib/python3.8/site-packages/airflow/example_dags/example_branch_operator_decorator.py
[2025-06-01T18:26:20.485+0200] {logging_mixin.py:154} INFO - [2025-06-01T18:26:20.484+0200] {dag.py:2941} INFO - Sync 1 DAGs
[2025-06-01T18:26:20.496+0200] {logging_mixin.py:154} INFO - [2025-06-01T18:26:20.496+0200] {dag.py:3722} INFO - Setting next_dagrun for example_branch_python_operator_decorator to 2025-05-31T00:00:00+00:00, run_after=2025-06-01T00:00:00+00:00
[2025-06-01T18:26:20.513+0200] {processor.py:179} INFO - Processing /home/lohit/miniconda3/envs/airflow-env/lib/python3.8/site-packages/airflow/example_dags/example_branch_operator_decorator.py took 0.053 seconds
[2025-06-01T18:27:08.960+0200] {processor.py:157} INFO - Started process (PID=30219) to work on /home/lohit/miniconda3/envs/airflow-env/lib/python3.8/site-packages/airflow/example_dags/example_branch_operator_decorator.py
[2025-06-01T18:27:08.964+0200] {processor.py:829} INFO - Processing file /home/lohit/miniconda3/envs/airflow-env/lib/python3.8/site-packages/airflow/example_dags/example_branch_operator_decorator.py for tasks to queue
[2025-06-01T18:27:08.964+0200] {logging_mixin.py:154} INFO - [2025-06-01T18:27:08.964+0200] {dagbag.py:536} INFO - Filling up the DagBag from /home/lohit/miniconda3/envs/airflow-env/lib/python3.8/site-packages/airflow/example_dags/example_branch_operator_decorator.py
[2025-06-01T18:27:08.970+0200] {processor.py:839} INFO - DAG(s) dict_keys(['example_branch_python_operator_decorator']) retrieved from /home/lohit/miniconda3/envs/airflow-env/lib/python3.8/site-packages/airflow/example_dags/example_branch_operator_decorator.py
[2025-06-01T18:27:08.982+0200] {logging_mixin.py:154} INFO - [2025-06-01T18:27:08.982+0200] {dag.py:2941} INFO - Sync 1 DAGs
[2025-06-01T18:27:08.994+0200] {logging_mixin.py:154} INFO - [2025-06-01T18:27:08.994+0200] {dag.py:3722} INFO - Setting next_dagrun for example_branch_python_operator_decorator to 2025-05-31T00:00:00+00:00, run_after=2025-06-01T00:00:00+00:00
[2025-06-01T18:27:09.010+0200] {processor.py:179} INFO - Processing /home/lohit/miniconda3/envs/airflow-env/lib/python3.8/site-packages/airflow/example_dags/example_branch_operator_decorator.py took 0.052 seconds
[2025-06-01T18:28:09.706+0200] {processor.py:157} INFO - Started process (PID=30303) to work on /home/lohit/miniconda3/envs/airflow-env/lib/python3.8/site-packages/airflow/example_dags/example_branch_operator_decorator.py
[2025-06-01T18:28:09.710+0200] {processor.py:829} INFO - Processing file /home/lohit/miniconda3/envs/airflow-env/lib/python3.8/site-packages/airflow/example_dags/example_branch_operator_decorator.py for tasks to queue
[2025-06-01T18:28:09.710+0200] {logging_mixin.py:154} INFO - [2025-06-01T18:28:09.710+0200] {dagbag.py:536} INFO - Filling up the DagBag from /home/lohit/miniconda3/envs/airflow-env/lib/python3.8/site-packages/airflow/example_dags/example_branch_operator_decorator.py
[2025-06-01T18:28:09.716+0200] {processor.py:839} INFO - DAG(s) dict_keys(['example_branch_python_operator_decorator']) retrieved from /home/lohit/miniconda3/envs/airflow-env/lib/python3.8/site-packages/airflow/example_dags/example_branch_operator_decorator.py
[2025-06-01T18:28:09.727+0200] {logging_mixin.py:154} INFO - [2025-06-01T18:28:09.727+0200] {dag.py:2941} INFO - Sync 1 DAGs
[2025-06-01T18:28:09.739+0200] {logging_mixin.py:154} INFO - [2025-06-01T18:28:09.739+0200] {dag.py:3722} INFO - Setting next_dagrun for example_branch_python_operator_decorator to 2025-05-31T00:00:00+00:00, run_after=2025-06-01T00:00:00+00:00
[2025-06-01T18:28:09.755+0200] {processor.py:179} INFO - Processing /home/lohit/miniconda3/envs/airflow-env/lib/python3.8/site-packages/airflow/example_dags/example_branch_operator_decorator.py took 0.050 seconds
[2025-06-01T18:28:59.610+0200] {processor.py:157} INFO - Started process (PID=30375) to work on /home/lohit/miniconda3/envs/airflow-env/lib/python3.8/site-packages/airflow/example_dags/example_branch_operator_decorator.py
[2025-06-01T18:28:59.614+0200] {processor.py:829} INFO - Processing file /home/lohit/miniconda3/envs/airflow-env/lib/python3.8/site-packages/airflow/example_dags/example_branch_operator_decorator.py for tasks to queue
[2025-06-01T18:28:59.614+0200] {logging_mixin.py:154} INFO - [2025-06-01T18:28:59.614+0200] {dagbag.py:536} INFO - Filling up the DagBag from /home/lohit/miniconda3/envs/airflow-env/lib/python3.8/site-packages/airflow/example_dags/example_branch_operator_decorator.py
[2025-06-01T18:28:59.620+0200] {processor.py:839} INFO - DAG(s) dict_keys(['example_branch_python_operator_decorator']) retrieved from /home/lohit/miniconda3/envs/airflow-env/lib/python3.8/site-packages/airflow/example_dags/example_branch_operator_decorator.py
[2025-06-01T18:28:59.630+0200] {logging_mixin.py:154} INFO - [2025-06-01T18:28:59.630+0200] {dag.py:2941} INFO - Sync 1 DAGs
[2025-06-01T18:28:59.641+0200] {logging_mixin.py:154} INFO - [2025-06-01T18:28:59.640+0200] {dag.py:3722} INFO - Setting next_dagrun for example_branch_python_operator_decorator to 2025-05-31T00:00:00+00:00, run_after=2025-06-01T00:00:00+00:00
[2025-06-01T18:28:59.656+0200] {processor.py:179} INFO - Processing /home/lohit/miniconda3/envs/airflow-env/lib/python3.8/site-packages/airflow/example_dags/example_branch_operator_decorator.py took 0.048 seconds
[2025-06-01T18:29:59.224+0200] {processor.py:157} INFO - Started process (PID=30459) to work on /home/lohit/miniconda3/envs/airflow-env/lib/python3.8/site-packages/airflow/example_dags/example_branch_operator_decorator.py
[2025-06-01T18:29:59.227+0200] {processor.py:829} INFO - Processing file /home/lohit/miniconda3/envs/airflow-env/lib/python3.8/site-packages/airflow/example_dags/example_branch_operator_decorator.py for tasks to queue
[2025-06-01T18:29:59.228+0200] {logging_mixin.py:154} INFO - [2025-06-01T18:29:59.228+0200] {dagbag.py:536} INFO - Filling up the DagBag from /home/lohit/miniconda3/envs/airflow-env/lib/python3.8/site-packages/airflow/example_dags/example_branch_operator_decorator.py
[2025-06-01T18:29:59.234+0200] {processor.py:839} INFO - DAG(s) dict_keys(['example_branch_python_operator_decorator']) retrieved from /home/lohit/miniconda3/envs/airflow-env/lib/python3.8/site-packages/airflow/example_dags/example_branch_operator_decorator.py
[2025-06-01T18:29:59.246+0200] {logging_mixin.py:154} INFO - [2025-06-01T18:29:59.246+0200] {dag.py:2941} INFO - Sync 1 DAGs
[2025-06-01T18:29:59.259+0200] {logging_mixin.py:154} INFO - [2025-06-01T18:29:59.259+0200] {dag.py:3722} INFO - Setting next_dagrun for example_branch_python_operator_decorator to 2025-05-31T00:00:00+00:00, run_after=2025-06-01T00:00:00+00:00
[2025-06-01T18:29:59.276+0200] {processor.py:179} INFO - Processing /home/lohit/miniconda3/envs/airflow-env/lib/python3.8/site-packages/airflow/example_dags/example_branch_operator_decorator.py took 0.054 seconds
[2025-06-01T18:30:56.827+0200] {processor.py:157} INFO - Started process (PID=30541) to work on /home/lohit/miniconda3/envs/airflow-env/lib/python3.8/site-packages/airflow/example_dags/example_branch_operator_decorator.py
[2025-06-01T18:30:56.830+0200] {processor.py:829} INFO - Processing file /home/lohit/miniconda3/envs/airflow-env/lib/python3.8/site-packages/airflow/example_dags/example_branch_operator_decorator.py for tasks to queue
[2025-06-01T18:30:56.831+0200] {logging_mixin.py:154} INFO - [2025-06-01T18:30:56.831+0200] {dagbag.py:536} INFO - Filling up the DagBag from /home/lohit/miniconda3/envs/airflow-env/lib/python3.8/site-packages/airflow/example_dags/example_branch_operator_decorator.py
[2025-06-01T18:30:56.838+0200] {processor.py:839} INFO - DAG(s) dict_keys(['example_branch_python_operator_decorator']) retrieved from /home/lohit/miniconda3/envs/airflow-env/lib/python3.8/site-packages/airflow/example_dags/example_branch_operator_decorator.py
[2025-06-01T18:30:56.850+0200] {logging_mixin.py:154} INFO - [2025-06-01T18:30:56.849+0200] {dag.py:2941} INFO - Sync 1 DAGs
[2025-06-01T18:30:56.863+0200] {logging_mixin.py:154} INFO - [2025-06-01T18:30:56.863+0200] {dag.py:3722} INFO - Setting next_dagrun for example_branch_python_operator_decorator to 2025-05-31T00:00:00+00:00, run_after=2025-06-01T00:00:00+00:00
[2025-06-01T18:30:56.884+0200] {processor.py:179} INFO - Processing /home/lohit/miniconda3/envs/airflow-env/lib/python3.8/site-packages/airflow/example_dags/example_branch_operator_decorator.py took 0.059 seconds
[2025-06-01T18:31:41.637+0200] {processor.py:157} INFO - Started process (PID=30611) to work on /home/lohit/miniconda3/envs/airflow-env/lib/python3.8/site-packages/airflow/example_dags/example_branch_operator_decorator.py
[2025-06-01T18:31:41.640+0200] {processor.py:829} INFO - Processing file /home/lohit/miniconda3/envs/airflow-env/lib/python3.8/site-packages/airflow/example_dags/example_branch_operator_decorator.py for tasks to queue
[2025-06-01T18:31:41.641+0200] {logging_mixin.py:154} INFO - [2025-06-01T18:31:41.641+0200] {dagbag.py:536} INFO - Filling up the DagBag from /home/lohit/miniconda3/envs/airflow-env/lib/python3.8/site-packages/airflow/example_dags/example_branch_operator_decorator.py
[2025-06-01T18:31:41.648+0200] {processor.py:839} INFO - DAG(s) dict_keys(['example_branch_python_operator_decorator']) retrieved from /home/lohit/miniconda3/envs/airflow-env/lib/python3.8/site-packages/airflow/example_dags/example_branch_operator_decorator.py
[2025-06-01T18:31:41.660+0200] {logging_mixin.py:154} INFO - [2025-06-01T18:31:41.660+0200] {dag.py:2941} INFO - Sync 1 DAGs
[2025-06-01T18:31:41.674+0200] {logging_mixin.py:154} INFO - [2025-06-01T18:31:41.674+0200] {dag.py:3722} INFO - Setting next_dagrun for example_branch_python_operator_decorator to 2025-05-31T00:00:00+00:00, run_after=2025-06-01T00:00:00+00:00
[2025-06-01T18:31:41.689+0200] {processor.py:179} INFO - Processing /home/lohit/miniconda3/envs/airflow-env/lib/python3.8/site-packages/airflow/example_dags/example_branch_operator_decorator.py took 0.054 seconds
[2025-06-01T18:32:26.685+0200] {processor.py:157} INFO - Started process (PID=30679) to work on /home/lohit/miniconda3/envs/airflow-env/lib/python3.8/site-packages/airflow/example_dags/example_branch_operator_decorator.py
[2025-06-01T18:32:26.688+0200] {processor.py:829} INFO - Processing file /home/lohit/miniconda3/envs/airflow-env/lib/python3.8/site-packages/airflow/example_dags/example_branch_operator_decorator.py for tasks to queue
[2025-06-01T18:32:26.689+0200] {logging_mixin.py:154} INFO - [2025-06-01T18:32:26.688+0200] {dagbag.py:536} INFO - Filling up the DagBag from /home/lohit/miniconda3/envs/airflow-env/lib/python3.8/site-packages/airflow/example_dags/example_branch_operator_decorator.py
[2025-06-01T18:32:26.695+0200] {processor.py:839} INFO - DAG(s) dict_keys(['example_branch_python_operator_decorator']) retrieved from /home/lohit/miniconda3/envs/airflow-env/lib/python3.8/site-packages/airflow/example_dags/example_branch_operator_decorator.py
[2025-06-01T18:32:26.709+0200] {logging_mixin.py:154} INFO - [2025-06-01T18:32:26.708+0200] {dag.py:2941} INFO - Sync 1 DAGs
[2025-06-01T18:32:26.721+0200] {logging_mixin.py:154} INFO - [2025-06-01T18:32:26.721+0200] {dag.py:3722} INFO - Setting next_dagrun for example_branch_python_operator_decorator to 2025-05-31T00:00:00+00:00, run_after=2025-06-01T00:00:00+00:00
[2025-06-01T18:32:26.737+0200] {processor.py:179} INFO - Processing /home/lohit/miniconda3/envs/airflow-env/lib/python3.8/site-packages/airflow/example_dags/example_branch_operator_decorator.py took 0.055 seconds
[2025-06-01T18:33:11.652+0200] {processor.py:157} INFO - Started process (PID=30748) to work on /home/lohit/miniconda3/envs/airflow-env/lib/python3.8/site-packages/airflow/example_dags/example_branch_operator_decorator.py
[2025-06-01T18:33:11.656+0200] {processor.py:829} INFO - Processing file /home/lohit/miniconda3/envs/airflow-env/lib/python3.8/site-packages/airflow/example_dags/example_branch_operator_decorator.py for tasks to queue
[2025-06-01T18:33:11.656+0200] {logging_mixin.py:154} INFO - [2025-06-01T18:33:11.656+0200] {dagbag.py:536} INFO - Filling up the DagBag from /home/lohit/miniconda3/envs/airflow-env/lib/python3.8/site-packages/airflow/example_dags/example_branch_operator_decorator.py
[2025-06-01T18:33:11.663+0200] {processor.py:839} INFO - DAG(s) dict_keys(['example_branch_python_operator_decorator']) retrieved from /home/lohit/miniconda3/envs/airflow-env/lib/python3.8/site-packages/airflow/example_dags/example_branch_operator_decorator.py
[2025-06-01T18:33:11.674+0200] {logging_mixin.py:154} INFO - [2025-06-01T18:33:11.674+0200] {dag.py:2941} INFO - Sync 1 DAGs
[2025-06-01T18:33:11.687+0200] {logging_mixin.py:154} INFO - [2025-06-01T18:33:11.687+0200] {dag.py:3722} INFO - Setting next_dagrun for example_branch_python_operator_decorator to 2025-05-31T00:00:00+00:00, run_after=2025-06-01T00:00:00+00:00
[2025-06-01T18:33:11.705+0200] {processor.py:179} INFO - Processing /home/lohit/miniconda3/envs/airflow-env/lib/python3.8/site-packages/airflow/example_dags/example_branch_operator_decorator.py took 0.056 seconds
[2025-06-01T18:34:00.535+0200] {processor.py:157} INFO - Started process (PID=30818) to work on /home/lohit/miniconda3/envs/airflow-env/lib/python3.8/site-packages/airflow/example_dags/example_branch_operator_decorator.py
[2025-06-01T18:34:00.536+0200] {processor.py:829} INFO - Processing file /home/lohit/miniconda3/envs/airflow-env/lib/python3.8/site-packages/airflow/example_dags/example_branch_operator_decorator.py for tasks to queue
[2025-06-01T18:34:00.536+0200] {logging_mixin.py:154} INFO - [2025-06-01T18:34:00.536+0200] {dagbag.py:536} INFO - Filling up the DagBag from /home/lohit/miniconda3/envs/airflow-env/lib/python3.8/site-packages/airflow/example_dags/example_branch_operator_decorator.py
[2025-06-01T18:34:00.544+0200] {processor.py:839} INFO - DAG(s) dict_keys(['example_branch_python_operator_decorator']) retrieved from /home/lohit/miniconda3/envs/airflow-env/lib/python3.8/site-packages/airflow/example_dags/example_branch_operator_decorator.py
[2025-06-01T18:34:00.557+0200] {logging_mixin.py:154} INFO - [2025-06-01T18:34:00.557+0200] {dag.py:2941} INFO - Sync 1 DAGs
[2025-06-01T18:34:00.569+0200] {logging_mixin.py:154} INFO - [2025-06-01T18:34:00.569+0200] {dag.py:3722} INFO - Setting next_dagrun for example_branch_python_operator_decorator to 2025-05-31T00:00:00+00:00, run_after=2025-06-01T00:00:00+00:00
[2025-06-01T18:34:00.587+0200] {processor.py:179} INFO - Processing /home/lohit/miniconda3/envs/airflow-env/lib/python3.8/site-packages/airflow/example_dags/example_branch_operator_decorator.py took 0.054 seconds
[2025-06-01T18:34:48.947+0200] {processor.py:157} INFO - Started process (PID=31605) to work on /home/lohit/miniconda3/envs/airflow-env/lib/python3.8/site-packages/airflow/example_dags/example_branch_operator_decorator.py
[2025-06-01T18:34:48.951+0200] {processor.py:829} INFO - Processing file /home/lohit/miniconda3/envs/airflow-env/lib/python3.8/site-packages/airflow/example_dags/example_branch_operator_decorator.py for tasks to queue
[2025-06-01T18:34:48.951+0200] {logging_mixin.py:154} INFO - [2025-06-01T18:34:48.951+0200] {dagbag.py:536} INFO - Filling up the DagBag from /home/lohit/miniconda3/envs/airflow-env/lib/python3.8/site-packages/airflow/example_dags/example_branch_operator_decorator.py
[2025-06-01T18:34:48.957+0200] {processor.py:839} INFO - DAG(s) dict_keys(['example_branch_python_operator_decorator']) retrieved from /home/lohit/miniconda3/envs/airflow-env/lib/python3.8/site-packages/airflow/example_dags/example_branch_operator_decorator.py
[2025-06-01T18:34:48.969+0200] {logging_mixin.py:154} INFO - [2025-06-01T18:34:48.969+0200] {dag.py:2941} INFO - Sync 1 DAGs
[2025-06-01T18:34:48.983+0200] {logging_mixin.py:154} INFO - [2025-06-01T18:34:48.983+0200] {dag.py:3722} INFO - Setting next_dagrun for example_branch_python_operator_decorator to 2025-05-31T00:00:00+00:00, run_after=2025-06-01T00:00:00+00:00
[2025-06-01T18:34:49.000+0200] {processor.py:179} INFO - Processing /home/lohit/miniconda3/envs/airflow-env/lib/python3.8/site-packages/airflow/example_dags/example_branch_operator_decorator.py took 0.055 seconds
[2025-06-01T18:35:35.750+0200] {processor.py:157} INFO - Started process (PID=31674) to work on /home/lohit/miniconda3/envs/airflow-env/lib/python3.8/site-packages/airflow/example_dags/example_branch_operator_decorator.py
[2025-06-01T18:35:35.751+0200] {processor.py:829} INFO - Processing file /home/lohit/miniconda3/envs/airflow-env/lib/python3.8/site-packages/airflow/example_dags/example_branch_operator_decorator.py for tasks to queue
[2025-06-01T18:35:35.751+0200] {logging_mixin.py:154} INFO - [2025-06-01T18:35:35.751+0200] {dagbag.py:536} INFO - Filling up the DagBag from /home/lohit/miniconda3/envs/airflow-env/lib/python3.8/site-packages/airflow/example_dags/example_branch_operator_decorator.py
[2025-06-01T18:35:35.757+0200] {processor.py:839} INFO - DAG(s) dict_keys(['example_branch_python_operator_decorator']) retrieved from /home/lohit/miniconda3/envs/airflow-env/lib/python3.8/site-packages/airflow/example_dags/example_branch_operator_decorator.py
[2025-06-01T18:35:35.768+0200] {logging_mixin.py:154} INFO - [2025-06-01T18:35:35.768+0200] {dag.py:2941} INFO - Sync 1 DAGs
[2025-06-01T18:35:35.779+0200] {logging_mixin.py:154} INFO - [2025-06-01T18:35:35.779+0200] {dag.py:3722} INFO - Setting next_dagrun for example_branch_python_operator_decorator to 2025-05-31T00:00:00+00:00, run_after=2025-06-01T00:00:00+00:00
[2025-06-01T18:35:35.795+0200] {processor.py:179} INFO - Processing /home/lohit/miniconda3/envs/airflow-env/lib/python3.8/site-packages/airflow/example_dags/example_branch_operator_decorator.py took 0.047 seconds
