[2025-06-01T17:51:59.440+0200] {processor.py:157} INFO - Started process (PID=26834) to work on /home/lohit/miniconda3/envs/airflow-env/lib/python3.8/site-packages/airflow/example_dags/example_kubernetes_executor.py
[2025-06-01T17:51:59.440+0200] {processor.py:829} INFO - Processing file /home/lohit/miniconda3/envs/airflow-env/lib/python3.8/site-packages/airflow/example_dags/example_kubernetes_executor.py for tasks to queue
[2025-06-01T17:51:59.441+0200] {logging_mixin.py:154} INFO - [2025-06-01T17:51:59.441+0200] {dagbag.py:536} INFO - Filling up the DagBag from /home/lohit/miniconda3/envs/airflow-env/lib/python3.8/site-packages/airflow/example_dags/example_kubernetes_executor.py
[2025-06-01T17:51:59.443+0200] {logging_mixin.py:154} INFO - [2025-06-01T17:51:59.443+0200] {example_kubernetes_executor.py:38} WARNING - The example_kubernetes_executor example DAG requires the kubernetes provider. Please install it with: pip install apache-airflow[cncf.kubernetes]
[2025-06-01T17:51:59.443+0200] {processor.py:841} WARNING - No viable dags retrieved from /home/lohit/miniconda3/envs/airflow-env/lib/python3.8/site-packages/airflow/example_dags/example_kubernetes_executor.py
[2025-06-01T17:51:59.449+0200] {processor.py:179} INFO - Processing /home/lohit/miniconda3/envs/airflow-env/lib/python3.8/site-packages/airflow/example_dags/example_kubernetes_executor.py took 0.011 seconds
[2025-06-01T17:53:26.759+0200] {processor.py:157} INFO - Started process (PID=27123) to work on /home/lohit/miniconda3/envs/airflow-env/lib/python3.8/site-packages/airflow/example_dags/example_kubernetes_executor.py
[2025-06-01T17:53:26.761+0200] {processor.py:829} INFO - Processing file /home/lohit/miniconda3/envs/airflow-env/lib/python3.8/site-packages/airflow/example_dags/example_kubernetes_executor.py for tasks to queue
[2025-06-01T17:53:26.761+0200] {logging_mixin.py:154} INFO - [2025-06-01T17:53:26.761+0200] {dagbag.py:536} INFO - Filling up the DagBag from /home/lohit/miniconda3/envs/airflow-env/lib/python3.8/site-packages/airflow/example_dags/example_kubernetes_executor.py
[2025-06-01T17:53:26.763+0200] {logging_mixin.py:154} INFO - [2025-06-01T17:53:26.763+0200] {example_kubernetes_executor.py:38} WARNING - The example_kubernetes_executor example DAG requires the kubernetes provider. Please install it with: pip install apache-airflow[cncf.kubernetes]
[2025-06-01T17:53:26.764+0200] {processor.py:841} WARNING - No viable dags retrieved from /home/lohit/miniconda3/envs/airflow-env/lib/python3.8/site-packages/airflow/example_dags/example_kubernetes_executor.py
[2025-06-01T17:53:26.769+0200] {processor.py:179} INFO - Processing /home/lohit/miniconda3/envs/airflow-env/lib/python3.8/site-packages/airflow/example_dags/example_kubernetes_executor.py took 0.012 seconds
[2025-06-01T17:54:11.813+0200] {processor.py:157} INFO - Started process (PID=27191) to work on /home/lohit/miniconda3/envs/airflow-env/lib/python3.8/site-packages/airflow/example_dags/example_kubernetes_executor.py
[2025-06-01T17:54:11.814+0200] {processor.py:829} INFO - Processing file /home/lohit/miniconda3/envs/airflow-env/lib/python3.8/site-packages/airflow/example_dags/example_kubernetes_executor.py for tasks to queue
[2025-06-01T17:54:11.815+0200] {logging_mixin.py:154} INFO - [2025-06-01T17:54:11.814+0200] {dagbag.py:536} INFO - Filling up the DagBag from /home/lohit/miniconda3/envs/airflow-env/lib/python3.8/site-packages/airflow/example_dags/example_kubernetes_executor.py
[2025-06-01T17:54:11.817+0200] {logging_mixin.py:154} INFO - [2025-06-01T17:54:11.817+0200] {example_kubernetes_executor.py:38} WARNING - The example_kubernetes_executor example DAG requires the kubernetes provider. Please install it with: pip install apache-airflow[cncf.kubernetes]
[2025-06-01T17:54:11.818+0200] {processor.py:841} WARNING - No viable dags retrieved from /home/lohit/miniconda3/envs/airflow-env/lib/python3.8/site-packages/airflow/example_dags/example_kubernetes_executor.py
[2025-06-01T17:54:11.824+0200] {processor.py:179} INFO - Processing /home/lohit/miniconda3/envs/airflow-env/lib/python3.8/site-packages/airflow/example_dags/example_kubernetes_executor.py took 0.013 seconds
[2025-06-01T17:54:55.342+0200] {processor.py:157} INFO - Started process (PID=27257) to work on /home/lohit/miniconda3/envs/airflow-env/lib/python3.8/site-packages/airflow/example_dags/example_kubernetes_executor.py
[2025-06-01T17:54:55.346+0200] {processor.py:829} INFO - Processing file /home/lohit/miniconda3/envs/airflow-env/lib/python3.8/site-packages/airflow/example_dags/example_kubernetes_executor.py for tasks to queue
[2025-06-01T17:54:55.346+0200] {logging_mixin.py:154} INFO - [2025-06-01T17:54:55.346+0200] {dagbag.py:536} INFO - Filling up the DagBag from /home/lohit/miniconda3/envs/airflow-env/lib/python3.8/site-packages/airflow/example_dags/example_kubernetes_executor.py
[2025-06-01T17:54:55.348+0200] {logging_mixin.py:154} INFO - [2025-06-01T17:54:55.348+0200] {example_kubernetes_executor.py:38} WARNING - The example_kubernetes_executor example DAG requires the kubernetes provider. Please install it with: pip install apache-airflow[cncf.kubernetes]
[2025-06-01T17:54:55.349+0200] {processor.py:841} WARNING - No viable dags retrieved from /home/lohit/miniconda3/envs/airflow-env/lib/python3.8/site-packages/airflow/example_dags/example_kubernetes_executor.py
[2025-06-01T17:54:55.356+0200] {processor.py:179} INFO - Processing /home/lohit/miniconda3/envs/airflow-env/lib/python3.8/site-packages/airflow/example_dags/example_kubernetes_executor.py took 0.015 seconds
[2025-06-01T17:55:44.292+0200] {processor.py:157} INFO - Started process (PID=27327) to work on /home/lohit/miniconda3/envs/airflow-env/lib/python3.8/site-packages/airflow/example_dags/example_kubernetes_executor.py
[2025-06-01T17:55:44.296+0200] {processor.py:829} INFO - Processing file /home/lohit/miniconda3/envs/airflow-env/lib/python3.8/site-packages/airflow/example_dags/example_kubernetes_executor.py for tasks to queue
[2025-06-01T17:55:44.296+0200] {logging_mixin.py:154} INFO - [2025-06-01T17:55:44.296+0200] {dagbag.py:536} INFO - Filling up the DagBag from /home/lohit/miniconda3/envs/airflow-env/lib/python3.8/site-packages/airflow/example_dags/example_kubernetes_executor.py
[2025-06-01T17:55:44.298+0200] {logging_mixin.py:154} INFO - [2025-06-01T17:55:44.298+0200] {example_kubernetes_executor.py:38} WARNING - The example_kubernetes_executor example DAG requires the kubernetes provider. Please install it with: pip install apache-airflow[cncf.kubernetes]
[2025-06-01T17:55:44.298+0200] {processor.py:841} WARNING - No viable dags retrieved from /home/lohit/miniconda3/envs/airflow-env/lib/python3.8/site-packages/airflow/example_dags/example_kubernetes_executor.py
[2025-06-01T17:55:44.305+0200] {processor.py:179} INFO - Processing /home/lohit/miniconda3/envs/airflow-env/lib/python3.8/site-packages/airflow/example_dags/example_kubernetes_executor.py took 0.015 seconds
[2025-06-01T17:56:28.887+0200] {processor.py:157} INFO - Started process (PID=27397) to work on /home/lohit/miniconda3/envs/airflow-env/lib/python3.8/site-packages/airflow/example_dags/example_kubernetes_executor.py
[2025-06-01T17:56:28.890+0200] {processor.py:829} INFO - Processing file /home/lohit/miniconda3/envs/airflow-env/lib/python3.8/site-packages/airflow/example_dags/example_kubernetes_executor.py for tasks to queue
[2025-06-01T17:56:28.891+0200] {logging_mixin.py:154} INFO - [2025-06-01T17:56:28.890+0200] {dagbag.py:536} INFO - Filling up the DagBag from /home/lohit/miniconda3/envs/airflow-env/lib/python3.8/site-packages/airflow/example_dags/example_kubernetes_executor.py
[2025-06-01T17:56:28.893+0200] {logging_mixin.py:154} INFO - [2025-06-01T17:56:28.892+0200] {example_kubernetes_executor.py:38} WARNING - The example_kubernetes_executor example DAG requires the kubernetes provider. Please install it with: pip install apache-airflow[cncf.kubernetes]
[2025-06-01T17:56:28.893+0200] {processor.py:841} WARNING - No viable dags retrieved from /home/lohit/miniconda3/envs/airflow-env/lib/python3.8/site-packages/airflow/example_dags/example_kubernetes_executor.py
[2025-06-01T17:56:28.899+0200] {processor.py:179} INFO - Processing /home/lohit/miniconda3/envs/airflow-env/lib/python3.8/site-packages/airflow/example_dags/example_kubernetes_executor.py took 0.014 seconds
[2025-06-01T17:57:05.345+0200] {processor.py:157} INFO - Started process (PID=27434) to work on /home/lohit/miniconda3/envs/airflow-env/lib/python3.8/site-packages/airflow/example_dags/example_kubernetes_executor.py
[2025-06-01T17:57:05.349+0200] {processor.py:829} INFO - Processing file /home/lohit/miniconda3/envs/airflow-env/lib/python3.8/site-packages/airflow/example_dags/example_kubernetes_executor.py for tasks to queue
[2025-06-01T17:57:05.349+0200] {logging_mixin.py:154} INFO - [2025-06-01T17:57:05.349+0200] {dagbag.py:536} INFO - Filling up the DagBag from /home/lohit/miniconda3/envs/airflow-env/lib/python3.8/site-packages/airflow/example_dags/example_kubernetes_executor.py
[2025-06-01T17:57:05.351+0200] {logging_mixin.py:154} INFO - [2025-06-01T17:57:05.351+0200] {example_kubernetes_executor.py:38} WARNING - The example_kubernetes_executor example DAG requires the kubernetes provider. Please install it with: pip install apache-airflow[cncf.kubernetes]
[2025-06-01T17:57:05.351+0200] {processor.py:841} WARNING - No viable dags retrieved from /home/lohit/miniconda3/envs/airflow-env/lib/python3.8/site-packages/airflow/example_dags/example_kubernetes_executor.py
[2025-06-01T17:57:05.357+0200] {processor.py:179} INFO - Processing /home/lohit/miniconda3/envs/airflow-env/lib/python3.8/site-packages/airflow/example_dags/example_kubernetes_executor.py took 0.014 seconds
[2025-06-01T17:57:48.815+0200] {processor.py:157} INFO - Started process (PID=27502) to work on /home/lohit/miniconda3/envs/airflow-env/lib/python3.8/site-packages/airflow/example_dags/example_kubernetes_executor.py
[2025-06-01T17:57:48.819+0200] {processor.py:829} INFO - Processing file /home/lohit/miniconda3/envs/airflow-env/lib/python3.8/site-packages/airflow/example_dags/example_kubernetes_executor.py for tasks to queue
[2025-06-01T17:57:48.819+0200] {logging_mixin.py:154} INFO - [2025-06-01T17:57:48.819+0200] {dagbag.py:536} INFO - Filling up the DagBag from /home/lohit/miniconda3/envs/airflow-env/lib/python3.8/site-packages/airflow/example_dags/example_kubernetes_executor.py
[2025-06-01T17:57:48.821+0200] {logging_mixin.py:154} INFO - [2025-06-01T17:57:48.821+0200] {example_kubernetes_executor.py:38} WARNING - The example_kubernetes_executor example DAG requires the kubernetes provider. Please install it with: pip install apache-airflow[cncf.kubernetes]
[2025-06-01T17:57:48.821+0200] {processor.py:841} WARNING - No viable dags retrieved from /home/lohit/miniconda3/envs/airflow-env/lib/python3.8/site-packages/airflow/example_dags/example_kubernetes_executor.py
[2025-06-01T17:57:48.827+0200] {processor.py:179} INFO - Processing /home/lohit/miniconda3/envs/airflow-env/lib/python3.8/site-packages/airflow/example_dags/example_kubernetes_executor.py took 0.014 seconds
[2025-06-01T17:58:37.574+0200] {processor.py:157} INFO - Started process (PID=27572) to work on /home/lohit/miniconda3/envs/airflow-env/lib/python3.8/site-packages/airflow/example_dags/example_kubernetes_executor.py
[2025-06-01T17:58:37.577+0200] {processor.py:829} INFO - Processing file /home/lohit/miniconda3/envs/airflow-env/lib/python3.8/site-packages/airflow/example_dags/example_kubernetes_executor.py for tasks to queue
[2025-06-01T17:58:37.577+0200] {logging_mixin.py:154} INFO - [2025-06-01T17:58:37.577+0200] {dagbag.py:536} INFO - Filling up the DagBag from /home/lohit/miniconda3/envs/airflow-env/lib/python3.8/site-packages/airflow/example_dags/example_kubernetes_executor.py
[2025-06-01T17:58:37.579+0200] {logging_mixin.py:154} INFO - [2025-06-01T17:58:37.579+0200] {example_kubernetes_executor.py:38} WARNING - The example_kubernetes_executor example DAG requires the kubernetes provider. Please install it with: pip install apache-airflow[cncf.kubernetes]
[2025-06-01T17:58:37.579+0200] {processor.py:841} WARNING - No viable dags retrieved from /home/lohit/miniconda3/envs/airflow-env/lib/python3.8/site-packages/airflow/example_dags/example_kubernetes_executor.py
[2025-06-01T17:58:37.587+0200] {processor.py:179} INFO - Processing /home/lohit/miniconda3/envs/airflow-env/lib/python3.8/site-packages/airflow/example_dags/example_kubernetes_executor.py took 0.016 seconds
[2025-06-01T17:59:21.206+0200] {processor.py:157} INFO - Started process (PID=27640) to work on /home/lohit/miniconda3/envs/airflow-env/lib/python3.8/site-packages/airflow/example_dags/example_kubernetes_executor.py
[2025-06-01T17:59:21.209+0200] {processor.py:829} INFO - Processing file /home/lohit/miniconda3/envs/airflow-env/lib/python3.8/site-packages/airflow/example_dags/example_kubernetes_executor.py for tasks to queue
[2025-06-01T17:59:21.210+0200] {logging_mixin.py:154} INFO - [2025-06-01T17:59:21.209+0200] {dagbag.py:536} INFO - Filling up the DagBag from /home/lohit/miniconda3/envs/airflow-env/lib/python3.8/site-packages/airflow/example_dags/example_kubernetes_executor.py
[2025-06-01T17:59:21.211+0200] {logging_mixin.py:154} INFO - [2025-06-01T17:59:21.211+0200] {example_kubernetes_executor.py:38} WARNING - The example_kubernetes_executor example DAG requires the kubernetes provider. Please install it with: pip install apache-airflow[cncf.kubernetes]
[2025-06-01T17:59:21.212+0200] {processor.py:841} WARNING - No viable dags retrieved from /home/lohit/miniconda3/envs/airflow-env/lib/python3.8/site-packages/airflow/example_dags/example_kubernetes_executor.py
[2025-06-01T17:59:21.217+0200] {processor.py:179} INFO - Processing /home/lohit/miniconda3/envs/airflow-env/lib/python3.8/site-packages/airflow/example_dags/example_kubernetes_executor.py took 0.013 seconds
[2025-06-01T18:00:06.396+0200] {processor.py:157} INFO - Started process (PID=27708) to work on /home/lohit/miniconda3/envs/airflow-env/lib/python3.8/site-packages/airflow/example_dags/example_kubernetes_executor.py
[2025-06-01T18:00:06.397+0200] {processor.py:829} INFO - Processing file /home/lohit/miniconda3/envs/airflow-env/lib/python3.8/site-packages/airflow/example_dags/example_kubernetes_executor.py for tasks to queue
[2025-06-01T18:00:06.397+0200] {logging_mixin.py:154} INFO - [2025-06-01T18:00:06.397+0200] {dagbag.py:536} INFO - Filling up the DagBag from /home/lohit/miniconda3/envs/airflow-env/lib/python3.8/site-packages/airflow/example_dags/example_kubernetes_executor.py
[2025-06-01T18:00:06.399+0200] {logging_mixin.py:154} INFO - [2025-06-01T18:00:06.399+0200] {example_kubernetes_executor.py:38} WARNING - The example_kubernetes_executor example DAG requires the kubernetes provider. Please install it with: pip install apache-airflow[cncf.kubernetes]
[2025-06-01T18:00:06.399+0200] {processor.py:841} WARNING - No viable dags retrieved from /home/lohit/miniconda3/envs/airflow-env/lib/python3.8/site-packages/airflow/example_dags/example_kubernetes_executor.py
[2025-06-01T18:00:06.405+0200] {processor.py:179} INFO - Processing /home/lohit/miniconda3/envs/airflow-env/lib/python3.8/site-packages/airflow/example_dags/example_kubernetes_executor.py took 0.011 seconds
[2025-06-01T18:00:53.000+0200] {processor.py:157} INFO - Started process (PID=27778) to work on /home/lohit/miniconda3/envs/airflow-env/lib/python3.8/site-packages/airflow/example_dags/example_kubernetes_executor.py
[2025-06-01T18:00:53.001+0200] {processor.py:829} INFO - Processing file /home/lohit/miniconda3/envs/airflow-env/lib/python3.8/site-packages/airflow/example_dags/example_kubernetes_executor.py for tasks to queue
[2025-06-01T18:00:53.002+0200] {logging_mixin.py:154} INFO - [2025-06-01T18:00:53.001+0200] {dagbag.py:536} INFO - Filling up the DagBag from /home/lohit/miniconda3/envs/airflow-env/lib/python3.8/site-packages/airflow/example_dags/example_kubernetes_executor.py
[2025-06-01T18:00:53.003+0200] {logging_mixin.py:154} INFO - [2025-06-01T18:00:53.003+0200] {example_kubernetes_executor.py:38} WARNING - The example_kubernetes_executor example DAG requires the kubernetes provider. Please install it with: pip install apache-airflow[cncf.kubernetes]
[2025-06-01T18:00:53.004+0200] {processor.py:841} WARNING - No viable dags retrieved from /home/lohit/miniconda3/envs/airflow-env/lib/python3.8/site-packages/airflow/example_dags/example_kubernetes_executor.py
[2025-06-01T18:00:53.009+0200] {processor.py:179} INFO - Processing /home/lohit/miniconda3/envs/airflow-env/lib/python3.8/site-packages/airflow/example_dags/example_kubernetes_executor.py took 0.011 seconds
[2025-06-01T18:01:44.672+0200] {processor.py:157} INFO - Started process (PID=27883) to work on /home/lohit/miniconda3/envs/airflow-env/lib/python3.8/site-packages/airflow/example_dags/example_kubernetes_executor.py
[2025-06-01T18:01:44.676+0200] {processor.py:829} INFO - Processing file /home/lohit/miniconda3/envs/airflow-env/lib/python3.8/site-packages/airflow/example_dags/example_kubernetes_executor.py for tasks to queue
[2025-06-01T18:01:44.676+0200] {logging_mixin.py:154} INFO - [2025-06-01T18:01:44.676+0200] {dagbag.py:536} INFO - Filling up the DagBag from /home/lohit/miniconda3/envs/airflow-env/lib/python3.8/site-packages/airflow/example_dags/example_kubernetes_executor.py
[2025-06-01T18:01:44.678+0200] {logging_mixin.py:154} INFO - [2025-06-01T18:01:44.678+0200] {example_kubernetes_executor.py:38} WARNING - The example_kubernetes_executor example DAG requires the kubernetes provider. Please install it with: pip install apache-airflow[cncf.kubernetes]
[2025-06-01T18:01:44.678+0200] {processor.py:841} WARNING - No viable dags retrieved from /home/lohit/miniconda3/envs/airflow-env/lib/python3.8/site-packages/airflow/example_dags/example_kubernetes_executor.py
[2025-06-01T18:01:44.686+0200] {processor.py:179} INFO - Processing /home/lohit/miniconda3/envs/airflow-env/lib/python3.8/site-packages/airflow/example_dags/example_kubernetes_executor.py took 0.015 seconds
[2025-06-01T18:02:27.251+0200] {processor.py:157} INFO - Started process (PID=27951) to work on /home/lohit/miniconda3/envs/airflow-env/lib/python3.8/site-packages/airflow/example_dags/example_kubernetes_executor.py
[2025-06-01T18:02:27.254+0200] {processor.py:829} INFO - Processing file /home/lohit/miniconda3/envs/airflow-env/lib/python3.8/site-packages/airflow/example_dags/example_kubernetes_executor.py for tasks to queue
[2025-06-01T18:02:27.255+0200] {logging_mixin.py:154} INFO - [2025-06-01T18:02:27.255+0200] {dagbag.py:536} INFO - Filling up the DagBag from /home/lohit/miniconda3/envs/airflow-env/lib/python3.8/site-packages/airflow/example_dags/example_kubernetes_executor.py
[2025-06-01T18:02:27.257+0200] {logging_mixin.py:154} INFO - [2025-06-01T18:02:27.257+0200] {example_kubernetes_executor.py:38} WARNING - The example_kubernetes_executor example DAG requires the kubernetes provider. Please install it with: pip install apache-airflow[cncf.kubernetes]
[2025-06-01T18:02:27.257+0200] {processor.py:841} WARNING - No viable dags retrieved from /home/lohit/miniconda3/envs/airflow-env/lib/python3.8/site-packages/airflow/example_dags/example_kubernetes_executor.py
[2025-06-01T18:02:27.263+0200] {processor.py:179} INFO - Processing /home/lohit/miniconda3/envs/airflow-env/lib/python3.8/site-packages/airflow/example_dags/example_kubernetes_executor.py took 0.014 seconds
[2025-06-01T18:03:14.680+0200] {processor.py:157} INFO - Started process (PID=28028) to work on /home/lohit/miniconda3/envs/airflow-env/lib/python3.8/site-packages/airflow/example_dags/example_kubernetes_executor.py
[2025-06-01T18:03:14.683+0200] {processor.py:829} INFO - Processing file /home/lohit/miniconda3/envs/airflow-env/lib/python3.8/site-packages/airflow/example_dags/example_kubernetes_executor.py for tasks to queue
[2025-06-01T18:03:14.684+0200] {logging_mixin.py:154} INFO - [2025-06-01T18:03:14.684+0200] {dagbag.py:536} INFO - Filling up the DagBag from /home/lohit/miniconda3/envs/airflow-env/lib/python3.8/site-packages/airflow/example_dags/example_kubernetes_executor.py
[2025-06-01T18:03:14.686+0200] {logging_mixin.py:154} INFO - [2025-06-01T18:03:14.686+0200] {example_kubernetes_executor.py:38} WARNING - The example_kubernetes_executor example DAG requires the kubernetes provider. Please install it with: pip install apache-airflow[cncf.kubernetes]
[2025-06-01T18:03:14.686+0200] {processor.py:841} WARNING - No viable dags retrieved from /home/lohit/miniconda3/envs/airflow-env/lib/python3.8/site-packages/airflow/example_dags/example_kubernetes_executor.py
[2025-06-01T18:03:14.693+0200] {processor.py:179} INFO - Processing /home/lohit/miniconda3/envs/airflow-env/lib/python3.8/site-packages/airflow/example_dags/example_kubernetes_executor.py took 0.015 seconds
[2025-06-01T18:04:02.773+0200] {processor.py:157} INFO - Started process (PID=28103) to work on /home/lohit/miniconda3/envs/airflow-env/lib/python3.8/site-packages/airflow/example_dags/example_kubernetes_executor.py
[2025-06-01T18:04:02.774+0200] {processor.py:829} INFO - Processing file /home/lohit/miniconda3/envs/airflow-env/lib/python3.8/site-packages/airflow/example_dags/example_kubernetes_executor.py for tasks to queue
[2025-06-01T18:04:02.774+0200] {logging_mixin.py:154} INFO - [2025-06-01T18:04:02.774+0200] {dagbag.py:536} INFO - Filling up the DagBag from /home/lohit/miniconda3/envs/airflow-env/lib/python3.8/site-packages/airflow/example_dags/example_kubernetes_executor.py
[2025-06-01T18:04:02.777+0200] {logging_mixin.py:154} INFO - [2025-06-01T18:04:02.777+0200] {example_kubernetes_executor.py:38} WARNING - The example_kubernetes_executor example DAG requires the kubernetes provider. Please install it with: pip install apache-airflow[cncf.kubernetes]
[2025-06-01T18:04:02.777+0200] {processor.py:841} WARNING - No viable dags retrieved from /home/lohit/miniconda3/envs/airflow-env/lib/python3.8/site-packages/airflow/example_dags/example_kubernetes_executor.py
[2025-06-01T18:04:02.783+0200] {processor.py:179} INFO - Processing /home/lohit/miniconda3/envs/airflow-env/lib/python3.8/site-packages/airflow/example_dags/example_kubernetes_executor.py took 0.012 seconds
[2025-06-01T18:04:48.384+0200] {processor.py:157} INFO - Started process (PID=28177) to work on /home/lohit/miniconda3/envs/airflow-env/lib/python3.8/site-packages/airflow/example_dags/example_kubernetes_executor.py
[2025-06-01T18:04:48.387+0200] {processor.py:829} INFO - Processing file /home/lohit/miniconda3/envs/airflow-env/lib/python3.8/site-packages/airflow/example_dags/example_kubernetes_executor.py for tasks to queue
[2025-06-01T18:04:48.388+0200] {logging_mixin.py:154} INFO - [2025-06-01T18:04:48.387+0200] {dagbag.py:536} INFO - Filling up the DagBag from /home/lohit/miniconda3/envs/airflow-env/lib/python3.8/site-packages/airflow/example_dags/example_kubernetes_executor.py
[2025-06-01T18:04:48.390+0200] {logging_mixin.py:154} INFO - [2025-06-01T18:04:48.389+0200] {example_kubernetes_executor.py:38} WARNING - The example_kubernetes_executor example DAG requires the kubernetes provider. Please install it with: pip install apache-airflow[cncf.kubernetes]
[2025-06-01T18:04:48.390+0200] {processor.py:841} WARNING - No viable dags retrieved from /home/lohit/miniconda3/envs/airflow-env/lib/python3.8/site-packages/airflow/example_dags/example_kubernetes_executor.py
[2025-06-01T18:04:48.396+0200] {processor.py:179} INFO - Processing /home/lohit/miniconda3/envs/airflow-env/lib/python3.8/site-packages/airflow/example_dags/example_kubernetes_executor.py took 0.013 seconds
[2025-06-01T18:05:39.874+0200] {processor.py:157} INFO - Started process (PID=28258) to work on /home/lohit/miniconda3/envs/airflow-env/lib/python3.8/site-packages/airflow/example_dags/example_kubernetes_executor.py
[2025-06-01T18:05:39.877+0200] {processor.py:829} INFO - Processing file /home/lohit/miniconda3/envs/airflow-env/lib/python3.8/site-packages/airflow/example_dags/example_kubernetes_executor.py for tasks to queue
[2025-06-01T18:05:39.878+0200] {logging_mixin.py:154} INFO - [2025-06-01T18:05:39.878+0200] {dagbag.py:536} INFO - Filling up the DagBag from /home/lohit/miniconda3/envs/airflow-env/lib/python3.8/site-packages/airflow/example_dags/example_kubernetes_executor.py
[2025-06-01T18:05:39.880+0200] {logging_mixin.py:154} INFO - [2025-06-01T18:05:39.880+0200] {example_kubernetes_executor.py:38} WARNING - The example_kubernetes_executor example DAG requires the kubernetes provider. Please install it with: pip install apache-airflow[cncf.kubernetes]
[2025-06-01T18:05:39.880+0200] {processor.py:841} WARNING - No viable dags retrieved from /home/lohit/miniconda3/envs/airflow-env/lib/python3.8/site-packages/airflow/example_dags/example_kubernetes_executor.py
[2025-06-01T18:05:39.886+0200] {processor.py:179} INFO - Processing /home/lohit/miniconda3/envs/airflow-env/lib/python3.8/site-packages/airflow/example_dags/example_kubernetes_executor.py took 0.014 seconds
[2025-06-01T18:06:27.164+0200] {processor.py:157} INFO - Started process (PID=28333) to work on /home/lohit/miniconda3/envs/airflow-env/lib/python3.8/site-packages/airflow/example_dags/example_kubernetes_executor.py
[2025-06-01T18:06:27.166+0200] {processor.py:829} INFO - Processing file /home/lohit/miniconda3/envs/airflow-env/lib/python3.8/site-packages/airflow/example_dags/example_kubernetes_executor.py for tasks to queue
[2025-06-01T18:06:27.166+0200] {logging_mixin.py:154} INFO - [2025-06-01T18:06:27.166+0200] {dagbag.py:536} INFO - Filling up the DagBag from /home/lohit/miniconda3/envs/airflow-env/lib/python3.8/site-packages/airflow/example_dags/example_kubernetes_executor.py
[2025-06-01T18:06:27.168+0200] {logging_mixin.py:154} INFO - [2025-06-01T18:06:27.168+0200] {example_kubernetes_executor.py:38} WARNING - The example_kubernetes_executor example DAG requires the kubernetes provider. Please install it with: pip install apache-airflow[cncf.kubernetes]
[2025-06-01T18:06:27.168+0200] {processor.py:841} WARNING - No viable dags retrieved from /home/lohit/miniconda3/envs/airflow-env/lib/python3.8/site-packages/airflow/example_dags/example_kubernetes_executor.py
[2025-06-01T18:06:27.176+0200] {processor.py:179} INFO - Processing /home/lohit/miniconda3/envs/airflow-env/lib/python3.8/site-packages/airflow/example_dags/example_kubernetes_executor.py took 0.013 seconds
[2025-06-01T18:07:11.055+0200] {processor.py:157} INFO - Started process (PID=28399) to work on /home/lohit/miniconda3/envs/airflow-env/lib/python3.8/site-packages/airflow/example_dags/example_kubernetes_executor.py
[2025-06-01T18:07:11.059+0200] {processor.py:829} INFO - Processing file /home/lohit/miniconda3/envs/airflow-env/lib/python3.8/site-packages/airflow/example_dags/example_kubernetes_executor.py for tasks to queue
[2025-06-01T18:07:11.059+0200] {logging_mixin.py:154} INFO - [2025-06-01T18:07:11.059+0200] {dagbag.py:536} INFO - Filling up the DagBag from /home/lohit/miniconda3/envs/airflow-env/lib/python3.8/site-packages/airflow/example_dags/example_kubernetes_executor.py
[2025-06-01T18:07:11.062+0200] {logging_mixin.py:154} INFO - [2025-06-01T18:07:11.061+0200] {example_kubernetes_executor.py:38} WARNING - The example_kubernetes_executor example DAG requires the kubernetes provider. Please install it with: pip install apache-airflow[cncf.kubernetes]
[2025-06-01T18:07:11.062+0200] {processor.py:841} WARNING - No viable dags retrieved from /home/lohit/miniconda3/envs/airflow-env/lib/python3.8/site-packages/airflow/example_dags/example_kubernetes_executor.py
[2025-06-01T18:07:11.068+0200] {processor.py:179} INFO - Processing /home/lohit/miniconda3/envs/airflow-env/lib/python3.8/site-packages/airflow/example_dags/example_kubernetes_executor.py took 0.014 seconds
[2025-06-01T18:07:57.155+0200] {processor.py:157} INFO - Started process (PID=28469) to work on /home/lohit/miniconda3/envs/airflow-env/lib/python3.8/site-packages/airflow/example_dags/example_kubernetes_executor.py
[2025-06-01T18:07:57.159+0200] {processor.py:829} INFO - Processing file /home/lohit/miniconda3/envs/airflow-env/lib/python3.8/site-packages/airflow/example_dags/example_kubernetes_executor.py for tasks to queue
[2025-06-01T18:07:57.160+0200] {logging_mixin.py:154} INFO - [2025-06-01T18:07:57.159+0200] {dagbag.py:536} INFO - Filling up the DagBag from /home/lohit/miniconda3/envs/airflow-env/lib/python3.8/site-packages/airflow/example_dags/example_kubernetes_executor.py
[2025-06-01T18:07:57.161+0200] {logging_mixin.py:154} INFO - [2025-06-01T18:07:57.161+0200] {example_kubernetes_executor.py:38} WARNING - The example_kubernetes_executor example DAG requires the kubernetes provider. Please install it with: pip install apache-airflow[cncf.kubernetes]
[2025-06-01T18:07:57.162+0200] {processor.py:841} WARNING - No viable dags retrieved from /home/lohit/miniconda3/envs/airflow-env/lib/python3.8/site-packages/airflow/example_dags/example_kubernetes_executor.py
[2025-06-01T18:07:57.168+0200] {processor.py:179} INFO - Processing /home/lohit/miniconda3/envs/airflow-env/lib/python3.8/site-packages/airflow/example_dags/example_kubernetes_executor.py took 0.015 seconds
[2025-06-01T18:08:43.917+0200] {processor.py:157} INFO - Started process (PID=28542) to work on /home/lohit/miniconda3/envs/airflow-env/lib/python3.8/site-packages/airflow/example_dags/example_kubernetes_executor.py
[2025-06-01T18:08:43.921+0200] {processor.py:829} INFO - Processing file /home/lohit/miniconda3/envs/airflow-env/lib/python3.8/site-packages/airflow/example_dags/example_kubernetes_executor.py for tasks to queue
[2025-06-01T18:08:43.921+0200] {logging_mixin.py:154} INFO - [2025-06-01T18:08:43.921+0200] {dagbag.py:536} INFO - Filling up the DagBag from /home/lohit/miniconda3/envs/airflow-env/lib/python3.8/site-packages/airflow/example_dags/example_kubernetes_executor.py
[2025-06-01T18:08:43.923+0200] {logging_mixin.py:154} INFO - [2025-06-01T18:08:43.923+0200] {example_kubernetes_executor.py:38} WARNING - The example_kubernetes_executor example DAG requires the kubernetes provider. Please install it with: pip install apache-airflow[cncf.kubernetes]
[2025-06-01T18:08:43.923+0200] {processor.py:841} WARNING - No viable dags retrieved from /home/lohit/miniconda3/envs/airflow-env/lib/python3.8/site-packages/airflow/example_dags/example_kubernetes_executor.py
[2025-06-01T18:08:43.930+0200] {processor.py:179} INFO - Processing /home/lohit/miniconda3/envs/airflow-env/lib/python3.8/site-packages/airflow/example_dags/example_kubernetes_executor.py took 0.015 seconds
[2025-06-01T18:09:20.395+0200] {processor.py:157} INFO - Started process (PID=28601) to work on /home/lohit/miniconda3/envs/airflow-env/lib/python3.8/site-packages/airflow/example_dags/example_kubernetes_executor.py
[2025-06-01T18:09:20.397+0200] {processor.py:829} INFO - Processing file /home/lohit/miniconda3/envs/airflow-env/lib/python3.8/site-packages/airflow/example_dags/example_kubernetes_executor.py for tasks to queue
[2025-06-01T18:09:20.397+0200] {logging_mixin.py:154} INFO - [2025-06-01T18:09:20.397+0200] {dagbag.py:536} INFO - Filling up the DagBag from /home/lohit/miniconda3/envs/airflow-env/lib/python3.8/site-packages/airflow/example_dags/example_kubernetes_executor.py
[2025-06-01T18:09:20.399+0200] {logging_mixin.py:154} INFO - [2025-06-01T18:09:20.399+0200] {example_kubernetes_executor.py:38} WARNING - The example_kubernetes_executor example DAG requires the kubernetes provider. Please install it with: pip install apache-airflow[cncf.kubernetes]
[2025-06-01T18:09:20.399+0200] {processor.py:841} WARNING - No viable dags retrieved from /home/lohit/miniconda3/envs/airflow-env/lib/python3.8/site-packages/airflow/example_dags/example_kubernetes_executor.py
[2025-06-01T18:09:20.405+0200] {processor.py:179} INFO - Processing /home/lohit/miniconda3/envs/airflow-env/lib/python3.8/site-packages/airflow/example_dags/example_kubernetes_executor.py took 0.012 seconds
[2025-06-01T18:10:07.622+0200] {processor.py:157} INFO - Started process (PID=28682) to work on /home/lohit/miniconda3/envs/airflow-env/lib/python3.8/site-packages/airflow/example_dags/example_kubernetes_executor.py
[2025-06-01T18:10:07.626+0200] {processor.py:829} INFO - Processing file /home/lohit/miniconda3/envs/airflow-env/lib/python3.8/site-packages/airflow/example_dags/example_kubernetes_executor.py for tasks to queue
[2025-06-01T18:10:07.626+0200] {logging_mixin.py:154} INFO - [2025-06-01T18:10:07.626+0200] {dagbag.py:536} INFO - Filling up the DagBag from /home/lohit/miniconda3/envs/airflow-env/lib/python3.8/site-packages/airflow/example_dags/example_kubernetes_executor.py
[2025-06-01T18:10:07.628+0200] {logging_mixin.py:154} INFO - [2025-06-01T18:10:07.628+0200] {example_kubernetes_executor.py:38} WARNING - The example_kubernetes_executor example DAG requires the kubernetes provider. Please install it with: pip install apache-airflow[cncf.kubernetes]
[2025-06-01T18:10:07.629+0200] {processor.py:841} WARNING - No viable dags retrieved from /home/lohit/miniconda3/envs/airflow-env/lib/python3.8/site-packages/airflow/example_dags/example_kubernetes_executor.py
[2025-06-01T18:10:07.635+0200] {processor.py:179} INFO - Processing /home/lohit/miniconda3/envs/airflow-env/lib/python3.8/site-packages/airflow/example_dags/example_kubernetes_executor.py took 0.015 seconds
[2025-06-01T18:10:54.843+0200] {processor.py:157} INFO - Started process (PID=28754) to work on /home/lohit/miniconda3/envs/airflow-env/lib/python3.8/site-packages/airflow/example_dags/example_kubernetes_executor.py
[2025-06-01T18:10:54.847+0200] {processor.py:829} INFO - Processing file /home/lohit/miniconda3/envs/airflow-env/lib/python3.8/site-packages/airflow/example_dags/example_kubernetes_executor.py for tasks to queue
[2025-06-01T18:10:54.847+0200] {logging_mixin.py:154} INFO - [2025-06-01T18:10:54.847+0200] {dagbag.py:536} INFO - Filling up the DagBag from /home/lohit/miniconda3/envs/airflow-env/lib/python3.8/site-packages/airflow/example_dags/example_kubernetes_executor.py
[2025-06-01T18:10:54.849+0200] {logging_mixin.py:154} INFO - [2025-06-01T18:10:54.849+0200] {example_kubernetes_executor.py:38} WARNING - The example_kubernetes_executor example DAG requires the kubernetes provider. Please install it with: pip install apache-airflow[cncf.kubernetes]
[2025-06-01T18:10:54.849+0200] {processor.py:841} WARNING - No viable dags retrieved from /home/lohit/miniconda3/envs/airflow-env/lib/python3.8/site-packages/airflow/example_dags/example_kubernetes_executor.py
[2025-06-01T18:10:54.857+0200] {processor.py:179} INFO - Processing /home/lohit/miniconda3/envs/airflow-env/lib/python3.8/site-packages/airflow/example_dags/example_kubernetes_executor.py took 0.016 seconds
[2025-06-01T18:11:43.557+0200] {processor.py:157} INFO - Started process (PID=28825) to work on /home/lohit/miniconda3/envs/airflow-env/lib/python3.8/site-packages/airflow/example_dags/example_kubernetes_executor.py
[2025-06-01T18:11:43.561+0200] {processor.py:829} INFO - Processing file /home/lohit/miniconda3/envs/airflow-env/lib/python3.8/site-packages/airflow/example_dags/example_kubernetes_executor.py for tasks to queue
[2025-06-01T18:11:43.561+0200] {logging_mixin.py:154} INFO - [2025-06-01T18:11:43.561+0200] {dagbag.py:536} INFO - Filling up the DagBag from /home/lohit/miniconda3/envs/airflow-env/lib/python3.8/site-packages/airflow/example_dags/example_kubernetes_executor.py
[2025-06-01T18:11:43.563+0200] {logging_mixin.py:154} INFO - [2025-06-01T18:11:43.563+0200] {example_kubernetes_executor.py:38} WARNING - The example_kubernetes_executor example DAG requires the kubernetes provider. Please install it with: pip install apache-airflow[cncf.kubernetes]
[2025-06-01T18:11:43.563+0200] {processor.py:841} WARNING - No viable dags retrieved from /home/lohit/miniconda3/envs/airflow-env/lib/python3.8/site-packages/airflow/example_dags/example_kubernetes_executor.py
[2025-06-01T18:11:43.570+0200] {processor.py:179} INFO - Processing /home/lohit/miniconda3/envs/airflow-env/lib/python3.8/site-packages/airflow/example_dags/example_kubernetes_executor.py took 0.015 seconds
[2025-06-01T18:12:34.675+0200] {processor.py:157} INFO - Started process (PID=28906) to work on /home/lohit/miniconda3/envs/airflow-env/lib/python3.8/site-packages/airflow/example_dags/example_kubernetes_executor.py
[2025-06-01T18:12:34.678+0200] {processor.py:829} INFO - Processing file /home/lohit/miniconda3/envs/airflow-env/lib/python3.8/site-packages/airflow/example_dags/example_kubernetes_executor.py for tasks to queue
[2025-06-01T18:12:34.679+0200] {logging_mixin.py:154} INFO - [2025-06-01T18:12:34.679+0200] {dagbag.py:536} INFO - Filling up the DagBag from /home/lohit/miniconda3/envs/airflow-env/lib/python3.8/site-packages/airflow/example_dags/example_kubernetes_executor.py
[2025-06-01T18:12:34.681+0200] {logging_mixin.py:154} INFO - [2025-06-01T18:12:34.681+0200] {example_kubernetes_executor.py:38} WARNING - The example_kubernetes_executor example DAG requires the kubernetes provider. Please install it with: pip install apache-airflow[cncf.kubernetes]
[2025-06-01T18:12:34.681+0200] {processor.py:841} WARNING - No viable dags retrieved from /home/lohit/miniconda3/envs/airflow-env/lib/python3.8/site-packages/airflow/example_dags/example_kubernetes_executor.py
[2025-06-01T18:12:34.687+0200] {processor.py:179} INFO - Processing /home/lohit/miniconda3/envs/airflow-env/lib/python3.8/site-packages/airflow/example_dags/example_kubernetes_executor.py took 0.014 seconds
[2025-06-01T18:13:23.238+0200] {processor.py:157} INFO - Started process (PID=28977) to work on /home/lohit/miniconda3/envs/airflow-env/lib/python3.8/site-packages/airflow/example_dags/example_kubernetes_executor.py
[2025-06-01T18:13:23.241+0200] {processor.py:829} INFO - Processing file /home/lohit/miniconda3/envs/airflow-env/lib/python3.8/site-packages/airflow/example_dags/example_kubernetes_executor.py for tasks to queue
[2025-06-01T18:13:23.242+0200] {logging_mixin.py:154} INFO - [2025-06-01T18:13:23.242+0200] {dagbag.py:536} INFO - Filling up the DagBag from /home/lohit/miniconda3/envs/airflow-env/lib/python3.8/site-packages/airflow/example_dags/example_kubernetes_executor.py
[2025-06-01T18:13:23.244+0200] {logging_mixin.py:154} INFO - [2025-06-01T18:13:23.244+0200] {example_kubernetes_executor.py:38} WARNING - The example_kubernetes_executor example DAG requires the kubernetes provider. Please install it with: pip install apache-airflow[cncf.kubernetes]
[2025-06-01T18:13:23.244+0200] {processor.py:841} WARNING - No viable dags retrieved from /home/lohit/miniconda3/envs/airflow-env/lib/python3.8/site-packages/airflow/example_dags/example_kubernetes_executor.py
[2025-06-01T18:13:23.250+0200] {processor.py:179} INFO - Processing /home/lohit/miniconda3/envs/airflow-env/lib/python3.8/site-packages/airflow/example_dags/example_kubernetes_executor.py took 0.014 seconds
[2025-06-01T18:14:06.293+0200] {processor.py:157} INFO - Started process (PID=29045) to work on /home/lohit/miniconda3/envs/airflow-env/lib/python3.8/site-packages/airflow/example_dags/example_kubernetes_executor.py
[2025-06-01T18:14:06.296+0200] {processor.py:829} INFO - Processing file /home/lohit/miniconda3/envs/airflow-env/lib/python3.8/site-packages/airflow/example_dags/example_kubernetes_executor.py for tasks to queue
[2025-06-01T18:14:06.297+0200] {logging_mixin.py:154} INFO - [2025-06-01T18:14:06.297+0200] {dagbag.py:536} INFO - Filling up the DagBag from /home/lohit/miniconda3/envs/airflow-env/lib/python3.8/site-packages/airflow/example_dags/example_kubernetes_executor.py
[2025-06-01T18:14:06.299+0200] {logging_mixin.py:154} INFO - [2025-06-01T18:14:06.299+0200] {example_kubernetes_executor.py:38} WARNING - The example_kubernetes_executor example DAG requires the kubernetes provider. Please install it with: pip install apache-airflow[cncf.kubernetes]
[2025-06-01T18:14:06.299+0200] {processor.py:841} WARNING - No viable dags retrieved from /home/lohit/miniconda3/envs/airflow-env/lib/python3.8/site-packages/airflow/example_dags/example_kubernetes_executor.py
[2025-06-01T18:14:06.307+0200] {processor.py:179} INFO - Processing /home/lohit/miniconda3/envs/airflow-env/lib/python3.8/site-packages/airflow/example_dags/example_kubernetes_executor.py took 0.018 seconds
[2025-06-01T18:14:49.388+0200] {processor.py:157} INFO - Started process (PID=29111) to work on /home/lohit/miniconda3/envs/airflow-env/lib/python3.8/site-packages/airflow/example_dags/example_kubernetes_executor.py
[2025-06-01T18:14:49.392+0200] {processor.py:829} INFO - Processing file /home/lohit/miniconda3/envs/airflow-env/lib/python3.8/site-packages/airflow/example_dags/example_kubernetes_executor.py for tasks to queue
[2025-06-01T18:14:49.393+0200] {logging_mixin.py:154} INFO - [2025-06-01T18:14:49.392+0200] {dagbag.py:536} INFO - Filling up the DagBag from /home/lohit/miniconda3/envs/airflow-env/lib/python3.8/site-packages/airflow/example_dags/example_kubernetes_executor.py
[2025-06-01T18:14:49.396+0200] {logging_mixin.py:154} INFO - [2025-06-01T18:14:49.396+0200] {example_kubernetes_executor.py:38} WARNING - The example_kubernetes_executor example DAG requires the kubernetes provider. Please install it with: pip install apache-airflow[cncf.kubernetes]
[2025-06-01T18:14:49.396+0200] {processor.py:841} WARNING - No viable dags retrieved from /home/lohit/miniconda3/envs/airflow-env/lib/python3.8/site-packages/airflow/example_dags/example_kubernetes_executor.py
[2025-06-01T18:14:49.404+0200] {processor.py:179} INFO - Processing /home/lohit/miniconda3/envs/airflow-env/lib/python3.8/site-packages/airflow/example_dags/example_kubernetes_executor.py took 0.018 seconds
[2025-06-01T18:15:38.909+0200] {processor.py:157} INFO - Started process (PID=29183) to work on /home/lohit/miniconda3/envs/airflow-env/lib/python3.8/site-packages/airflow/example_dags/example_kubernetes_executor.py
[2025-06-01T18:15:38.912+0200] {processor.py:829} INFO - Processing file /home/lohit/miniconda3/envs/airflow-env/lib/python3.8/site-packages/airflow/example_dags/example_kubernetes_executor.py for tasks to queue
[2025-06-01T18:15:38.913+0200] {logging_mixin.py:154} INFO - [2025-06-01T18:15:38.913+0200] {dagbag.py:536} INFO - Filling up the DagBag from /home/lohit/miniconda3/envs/airflow-env/lib/python3.8/site-packages/airflow/example_dags/example_kubernetes_executor.py
[2025-06-01T18:15:38.915+0200] {logging_mixin.py:154} INFO - [2025-06-01T18:15:38.915+0200] {example_kubernetes_executor.py:38} WARNING - The example_kubernetes_executor example DAG requires the kubernetes provider. Please install it with: pip install apache-airflow[cncf.kubernetes]
[2025-06-01T18:15:38.915+0200] {processor.py:841} WARNING - No viable dags retrieved from /home/lohit/miniconda3/envs/airflow-env/lib/python3.8/site-packages/airflow/example_dags/example_kubernetes_executor.py
[2025-06-01T18:15:38.922+0200] {processor.py:179} INFO - Processing /home/lohit/miniconda3/envs/airflow-env/lib/python3.8/site-packages/airflow/example_dags/example_kubernetes_executor.py took 0.015 seconds
[2025-06-01T18:16:28.931+0200] {processor.py:157} INFO - Started process (PID=29256) to work on /home/lohit/miniconda3/envs/airflow-env/lib/python3.8/site-packages/airflow/example_dags/example_kubernetes_executor.py
[2025-06-01T18:16:28.935+0200] {processor.py:829} INFO - Processing file /home/lohit/miniconda3/envs/airflow-env/lib/python3.8/site-packages/airflow/example_dags/example_kubernetes_executor.py for tasks to queue
[2025-06-01T18:16:28.935+0200] {logging_mixin.py:154} INFO - [2025-06-01T18:16:28.935+0200] {dagbag.py:536} INFO - Filling up the DagBag from /home/lohit/miniconda3/envs/airflow-env/lib/python3.8/site-packages/airflow/example_dags/example_kubernetes_executor.py
[2025-06-01T18:16:28.937+0200] {logging_mixin.py:154} INFO - [2025-06-01T18:16:28.937+0200] {example_kubernetes_executor.py:38} WARNING - The example_kubernetes_executor example DAG requires the kubernetes provider. Please install it with: pip install apache-airflow[cncf.kubernetes]
[2025-06-01T18:16:28.937+0200] {processor.py:841} WARNING - No viable dags retrieved from /home/lohit/miniconda3/envs/airflow-env/lib/python3.8/site-packages/airflow/example_dags/example_kubernetes_executor.py
[2025-06-01T18:16:28.944+0200] {processor.py:179} INFO - Processing /home/lohit/miniconda3/envs/airflow-env/lib/python3.8/site-packages/airflow/example_dags/example_kubernetes_executor.py took 0.015 seconds
[2025-06-01T18:17:17.365+0200] {processor.py:157} INFO - Started process (PID=29329) to work on /home/lohit/miniconda3/envs/airflow-env/lib/python3.8/site-packages/airflow/example_dags/example_kubernetes_executor.py
[2025-06-01T18:17:17.368+0200] {processor.py:829} INFO - Processing file /home/lohit/miniconda3/envs/airflow-env/lib/python3.8/site-packages/airflow/example_dags/example_kubernetes_executor.py for tasks to queue
[2025-06-01T18:17:17.369+0200] {logging_mixin.py:154} INFO - [2025-06-01T18:17:17.369+0200] {dagbag.py:536} INFO - Filling up the DagBag from /home/lohit/miniconda3/envs/airflow-env/lib/python3.8/site-packages/airflow/example_dags/example_kubernetes_executor.py
[2025-06-01T18:17:17.372+0200] {logging_mixin.py:154} INFO - [2025-06-01T18:17:17.372+0200] {example_kubernetes_executor.py:38} WARNING - The example_kubernetes_executor example DAG requires the kubernetes provider. Please install it with: pip install apache-airflow[cncf.kubernetes]
[2025-06-01T18:17:17.372+0200] {processor.py:841} WARNING - No viable dags retrieved from /home/lohit/miniconda3/envs/airflow-env/lib/python3.8/site-packages/airflow/example_dags/example_kubernetes_executor.py
[2025-06-01T18:17:17.379+0200] {processor.py:179} INFO - Processing /home/lohit/miniconda3/envs/airflow-env/lib/python3.8/site-packages/airflow/example_dags/example_kubernetes_executor.py took 0.016 seconds
[2025-06-01T18:18:00.565+0200] {processor.py:157} INFO - Started process (PID=29397) to work on /home/lohit/miniconda3/envs/airflow-env/lib/python3.8/site-packages/airflow/example_dags/example_kubernetes_executor.py
[2025-06-01T18:18:00.566+0200] {processor.py:829} INFO - Processing file /home/lohit/miniconda3/envs/airflow-env/lib/python3.8/site-packages/airflow/example_dags/example_kubernetes_executor.py for tasks to queue
[2025-06-01T18:18:00.567+0200] {logging_mixin.py:154} INFO - [2025-06-01T18:18:00.567+0200] {dagbag.py:536} INFO - Filling up the DagBag from /home/lohit/miniconda3/envs/airflow-env/lib/python3.8/site-packages/airflow/example_dags/example_kubernetes_executor.py
[2025-06-01T18:18:00.569+0200] {logging_mixin.py:154} INFO - [2025-06-01T18:18:00.569+0200] {example_kubernetes_executor.py:38} WARNING - The example_kubernetes_executor example DAG requires the kubernetes provider. Please install it with: pip install apache-airflow[cncf.kubernetes]
[2025-06-01T18:18:00.569+0200] {processor.py:841} WARNING - No viable dags retrieved from /home/lohit/miniconda3/envs/airflow-env/lib/python3.8/site-packages/airflow/example_dags/example_kubernetes_executor.py
[2025-06-01T18:18:00.576+0200] {processor.py:179} INFO - Processing /home/lohit/miniconda3/envs/airflow-env/lib/python3.8/site-packages/airflow/example_dags/example_kubernetes_executor.py took 0.013 seconds
[2025-06-01T18:18:47.764+0200] {processor.py:157} INFO - Started process (PID=29467) to work on /home/lohit/miniconda3/envs/airflow-env/lib/python3.8/site-packages/airflow/example_dags/example_kubernetes_executor.py
[2025-06-01T18:18:47.765+0200] {processor.py:829} INFO - Processing file /home/lohit/miniconda3/envs/airflow-env/lib/python3.8/site-packages/airflow/example_dags/example_kubernetes_executor.py for tasks to queue
[2025-06-01T18:18:47.766+0200] {logging_mixin.py:154} INFO - [2025-06-01T18:18:47.766+0200] {dagbag.py:536} INFO - Filling up the DagBag from /home/lohit/miniconda3/envs/airflow-env/lib/python3.8/site-packages/airflow/example_dags/example_kubernetes_executor.py
[2025-06-01T18:18:47.768+0200] {logging_mixin.py:154} INFO - [2025-06-01T18:18:47.768+0200] {example_kubernetes_executor.py:38} WARNING - The example_kubernetes_executor example DAG requires the kubernetes provider. Please install it with: pip install apache-airflow[cncf.kubernetes]
[2025-06-01T18:18:47.768+0200] {processor.py:841} WARNING - No viable dags retrieved from /home/lohit/miniconda3/envs/airflow-env/lib/python3.8/site-packages/airflow/example_dags/example_kubernetes_executor.py
[2025-06-01T18:18:47.774+0200] {processor.py:179} INFO - Processing /home/lohit/miniconda3/envs/airflow-env/lib/python3.8/site-packages/airflow/example_dags/example_kubernetes_executor.py took 0.012 seconds
[2025-06-01T18:19:37.344+0200] {processor.py:157} INFO - Started process (PID=29538) to work on /home/lohit/miniconda3/envs/airflow-env/lib/python3.8/site-packages/airflow/example_dags/example_kubernetes_executor.py
[2025-06-01T18:19:37.346+0200] {processor.py:829} INFO - Processing file /home/lohit/miniconda3/envs/airflow-env/lib/python3.8/site-packages/airflow/example_dags/example_kubernetes_executor.py for tasks to queue
[2025-06-01T18:19:37.346+0200] {logging_mixin.py:154} INFO - [2025-06-01T18:19:37.346+0200] {dagbag.py:536} INFO - Filling up the DagBag from /home/lohit/miniconda3/envs/airflow-env/lib/python3.8/site-packages/airflow/example_dags/example_kubernetes_executor.py
[2025-06-01T18:19:37.348+0200] {logging_mixin.py:154} INFO - [2025-06-01T18:19:37.348+0200] {example_kubernetes_executor.py:38} WARNING - The example_kubernetes_executor example DAG requires the kubernetes provider. Please install it with: pip install apache-airflow[cncf.kubernetes]
[2025-06-01T18:19:37.348+0200] {processor.py:841} WARNING - No viable dags retrieved from /home/lohit/miniconda3/envs/airflow-env/lib/python3.8/site-packages/airflow/example_dags/example_kubernetes_executor.py
[2025-06-01T18:19:37.355+0200] {processor.py:179} INFO - Processing /home/lohit/miniconda3/envs/airflow-env/lib/python3.8/site-packages/airflow/example_dags/example_kubernetes_executor.py took 0.013 seconds
[2025-06-01T18:20:23.682+0200] {processor.py:157} INFO - Started process (PID=29607) to work on /home/lohit/miniconda3/envs/airflow-env/lib/python3.8/site-packages/airflow/example_dags/example_kubernetes_executor.py
[2025-06-01T18:20:23.684+0200] {processor.py:829} INFO - Processing file /home/lohit/miniconda3/envs/airflow-env/lib/python3.8/site-packages/airflow/example_dags/example_kubernetes_executor.py for tasks to queue
[2025-06-01T18:20:23.684+0200] {logging_mixin.py:154} INFO - [2025-06-01T18:20:23.684+0200] {dagbag.py:536} INFO - Filling up the DagBag from /home/lohit/miniconda3/envs/airflow-env/lib/python3.8/site-packages/airflow/example_dags/example_kubernetes_executor.py
[2025-06-01T18:20:23.686+0200] {logging_mixin.py:154} INFO - [2025-06-01T18:20:23.686+0200] {example_kubernetes_executor.py:38} WARNING - The example_kubernetes_executor example DAG requires the kubernetes provider. Please install it with: pip install apache-airflow[cncf.kubernetes]
[2025-06-01T18:20:23.687+0200] {processor.py:841} WARNING - No viable dags retrieved from /home/lohit/miniconda3/envs/airflow-env/lib/python3.8/site-packages/airflow/example_dags/example_kubernetes_executor.py
[2025-06-01T18:20:23.694+0200] {processor.py:179} INFO - Processing /home/lohit/miniconda3/envs/airflow-env/lib/python3.8/site-packages/airflow/example_dags/example_kubernetes_executor.py took 0.014 seconds
[2025-06-01T18:21:12.069+0200] {processor.py:157} INFO - Started process (PID=29680) to work on /home/lohit/miniconda3/envs/airflow-env/lib/python3.8/site-packages/airflow/example_dags/example_kubernetes_executor.py
[2025-06-01T18:21:12.073+0200] {processor.py:829} INFO - Processing file /home/lohit/miniconda3/envs/airflow-env/lib/python3.8/site-packages/airflow/example_dags/example_kubernetes_executor.py for tasks to queue
[2025-06-01T18:21:12.073+0200] {logging_mixin.py:154} INFO - [2025-06-01T18:21:12.073+0200] {dagbag.py:536} INFO - Filling up the DagBag from /home/lohit/miniconda3/envs/airflow-env/lib/python3.8/site-packages/airflow/example_dags/example_kubernetes_executor.py
[2025-06-01T18:21:12.075+0200] {logging_mixin.py:154} INFO - [2025-06-01T18:21:12.075+0200] {example_kubernetes_executor.py:38} WARNING - The example_kubernetes_executor example DAG requires the kubernetes provider. Please install it with: pip install apache-airflow[cncf.kubernetes]
[2025-06-01T18:21:12.075+0200] {processor.py:841} WARNING - No viable dags retrieved from /home/lohit/miniconda3/envs/airflow-env/lib/python3.8/site-packages/airflow/example_dags/example_kubernetes_executor.py
[2025-06-01T18:21:12.081+0200] {processor.py:179} INFO - Processing /home/lohit/miniconda3/envs/airflow-env/lib/python3.8/site-packages/airflow/example_dags/example_kubernetes_executor.py took 0.013 seconds
[2025-06-01T18:22:02.437+0200] {processor.py:157} INFO - Started process (PID=29751) to work on /home/lohit/miniconda3/envs/airflow-env/lib/python3.8/site-packages/airflow/example_dags/example_kubernetes_executor.py
[2025-06-01T18:22:02.441+0200] {processor.py:829} INFO - Processing file /home/lohit/miniconda3/envs/airflow-env/lib/python3.8/site-packages/airflow/example_dags/example_kubernetes_executor.py for tasks to queue
[2025-06-01T18:22:02.441+0200] {logging_mixin.py:154} INFO - [2025-06-01T18:22:02.441+0200] {dagbag.py:536} INFO - Filling up the DagBag from /home/lohit/miniconda3/envs/airflow-env/lib/python3.8/site-packages/airflow/example_dags/example_kubernetes_executor.py
[2025-06-01T18:22:02.443+0200] {logging_mixin.py:154} INFO - [2025-06-01T18:22:02.443+0200] {example_kubernetes_executor.py:38} WARNING - The example_kubernetes_executor example DAG requires the kubernetes provider. Please install it with: pip install apache-airflow[cncf.kubernetes]
[2025-06-01T18:22:02.443+0200] {processor.py:841} WARNING - No viable dags retrieved from /home/lohit/miniconda3/envs/airflow-env/lib/python3.8/site-packages/airflow/example_dags/example_kubernetes_executor.py
[2025-06-01T18:22:02.449+0200] {processor.py:179} INFO - Processing /home/lohit/miniconda3/envs/airflow-env/lib/python3.8/site-packages/airflow/example_dags/example_kubernetes_executor.py took 0.014 seconds
[2025-06-01T18:22:48.703+0200] {processor.py:157} INFO - Started process (PID=29820) to work on /home/lohit/miniconda3/envs/airflow-env/lib/python3.8/site-packages/airflow/example_dags/example_kubernetes_executor.py
[2025-06-01T18:22:48.704+0200] {processor.py:829} INFO - Processing file /home/lohit/miniconda3/envs/airflow-env/lib/python3.8/site-packages/airflow/example_dags/example_kubernetes_executor.py for tasks to queue
[2025-06-01T18:22:48.704+0200] {logging_mixin.py:154} INFO - [2025-06-01T18:22:48.704+0200] {dagbag.py:536} INFO - Filling up the DagBag from /home/lohit/miniconda3/envs/airflow-env/lib/python3.8/site-packages/airflow/example_dags/example_kubernetes_executor.py
[2025-06-01T18:22:48.706+0200] {logging_mixin.py:154} INFO - [2025-06-01T18:22:48.706+0200] {example_kubernetes_executor.py:38} WARNING - The example_kubernetes_executor example DAG requires the kubernetes provider. Please install it with: pip install apache-airflow[cncf.kubernetes]
[2025-06-01T18:22:48.706+0200] {processor.py:841} WARNING - No viable dags retrieved from /home/lohit/miniconda3/envs/airflow-env/lib/python3.8/site-packages/airflow/example_dags/example_kubernetes_executor.py
[2025-06-01T18:22:48.713+0200] {processor.py:179} INFO - Processing /home/lohit/miniconda3/envs/airflow-env/lib/python3.8/site-packages/airflow/example_dags/example_kubernetes_executor.py took 0.012 seconds
[2025-06-01T18:23:37.265+0200] {processor.py:157} INFO - Started process (PID=29892) to work on /home/lohit/miniconda3/envs/airflow-env/lib/python3.8/site-packages/airflow/example_dags/example_kubernetes_executor.py
[2025-06-01T18:23:37.266+0200] {processor.py:829} INFO - Processing file /home/lohit/miniconda3/envs/airflow-env/lib/python3.8/site-packages/airflow/example_dags/example_kubernetes_executor.py for tasks to queue
[2025-06-01T18:23:37.266+0200] {logging_mixin.py:154} INFO - [2025-06-01T18:23:37.266+0200] {dagbag.py:536} INFO - Filling up the DagBag from /home/lohit/miniconda3/envs/airflow-env/lib/python3.8/site-packages/airflow/example_dags/example_kubernetes_executor.py
[2025-06-01T18:23:37.268+0200] {logging_mixin.py:154} INFO - [2025-06-01T18:23:37.268+0200] {example_kubernetes_executor.py:38} WARNING - The example_kubernetes_executor example DAG requires the kubernetes provider. Please install it with: pip install apache-airflow[cncf.kubernetes]
[2025-06-01T18:23:37.268+0200] {processor.py:841} WARNING - No viable dags retrieved from /home/lohit/miniconda3/envs/airflow-env/lib/python3.8/site-packages/airflow/example_dags/example_kubernetes_executor.py
[2025-06-01T18:23:37.274+0200] {processor.py:179} INFO - Processing /home/lohit/miniconda3/envs/airflow-env/lib/python3.8/site-packages/airflow/example_dags/example_kubernetes_executor.py took 0.011 seconds
[2025-06-01T18:24:22.046+0200] {processor.py:157} INFO - Started process (PID=29960) to work on /home/lohit/miniconda3/envs/airflow-env/lib/python3.8/site-packages/airflow/example_dags/example_kubernetes_executor.py
[2025-06-01T18:24:22.047+0200] {processor.py:829} INFO - Processing file /home/lohit/miniconda3/envs/airflow-env/lib/python3.8/site-packages/airflow/example_dags/example_kubernetes_executor.py for tasks to queue
[2025-06-01T18:24:22.048+0200] {logging_mixin.py:154} INFO - [2025-06-01T18:24:22.048+0200] {dagbag.py:536} INFO - Filling up the DagBag from /home/lohit/miniconda3/envs/airflow-env/lib/python3.8/site-packages/airflow/example_dags/example_kubernetes_executor.py
[2025-06-01T18:24:22.050+0200] {logging_mixin.py:154} INFO - [2025-06-01T18:24:22.050+0200] {example_kubernetes_executor.py:38} WARNING - The example_kubernetes_executor example DAG requires the kubernetes provider. Please install it with: pip install apache-airflow[cncf.kubernetes]
[2025-06-01T18:24:22.050+0200] {processor.py:841} WARNING - No viable dags retrieved from /home/lohit/miniconda3/envs/airflow-env/lib/python3.8/site-packages/airflow/example_dags/example_kubernetes_executor.py
[2025-06-01T18:24:22.056+0200] {processor.py:179} INFO - Processing /home/lohit/miniconda3/envs/airflow-env/lib/python3.8/site-packages/airflow/example_dags/example_kubernetes_executor.py took 0.012 seconds
[2025-06-01T18:25:10.559+0200] {processor.py:157} INFO - Started process (PID=30031) to work on /home/lohit/miniconda3/envs/airflow-env/lib/python3.8/site-packages/airflow/example_dags/example_kubernetes_executor.py
[2025-06-01T18:25:10.563+0200] {processor.py:829} INFO - Processing file /home/lohit/miniconda3/envs/airflow-env/lib/python3.8/site-packages/airflow/example_dags/example_kubernetes_executor.py for tasks to queue
[2025-06-01T18:25:10.563+0200] {logging_mixin.py:154} INFO - [2025-06-01T18:25:10.563+0200] {dagbag.py:536} INFO - Filling up the DagBag from /home/lohit/miniconda3/envs/airflow-env/lib/python3.8/site-packages/airflow/example_dags/example_kubernetes_executor.py
[2025-06-01T18:25:10.565+0200] {logging_mixin.py:154} INFO - [2025-06-01T18:25:10.565+0200] {example_kubernetes_executor.py:38} WARNING - The example_kubernetes_executor example DAG requires the kubernetes provider. Please install it with: pip install apache-airflow[cncf.kubernetes]
[2025-06-01T18:25:10.565+0200] {processor.py:841} WARNING - No viable dags retrieved from /home/lohit/miniconda3/envs/airflow-env/lib/python3.8/site-packages/airflow/example_dags/example_kubernetes_executor.py
[2025-06-01T18:25:10.571+0200] {processor.py:179} INFO - Processing /home/lohit/miniconda3/envs/airflow-env/lib/python3.8/site-packages/airflow/example_dags/example_kubernetes_executor.py took 0.014 seconds
[2025-06-01T18:25:57.057+0200] {processor.py:157} INFO - Started process (PID=30101) to work on /home/lohit/miniconda3/envs/airflow-env/lib/python3.8/site-packages/airflow/example_dags/example_kubernetes_executor.py
[2025-06-01T18:25:57.059+0200] {processor.py:829} INFO - Processing file /home/lohit/miniconda3/envs/airflow-env/lib/python3.8/site-packages/airflow/example_dags/example_kubernetes_executor.py for tasks to queue
[2025-06-01T18:25:57.059+0200] {logging_mixin.py:154} INFO - [2025-06-01T18:25:57.059+0200] {dagbag.py:536} INFO - Filling up the DagBag from /home/lohit/miniconda3/envs/airflow-env/lib/python3.8/site-packages/airflow/example_dags/example_kubernetes_executor.py
[2025-06-01T18:25:57.061+0200] {logging_mixin.py:154} INFO - [2025-06-01T18:25:57.061+0200] {example_kubernetes_executor.py:38} WARNING - The example_kubernetes_executor example DAG requires the kubernetes provider. Please install it with: pip install apache-airflow[cncf.kubernetes]
[2025-06-01T18:25:57.061+0200] {processor.py:841} WARNING - No viable dags retrieved from /home/lohit/miniconda3/envs/airflow-env/lib/python3.8/site-packages/airflow/example_dags/example_kubernetes_executor.py
[2025-06-01T18:25:57.068+0200] {processor.py:179} INFO - Processing /home/lohit/miniconda3/envs/airflow-env/lib/python3.8/site-packages/airflow/example_dags/example_kubernetes_executor.py took 0.013 seconds
[2025-06-01T18:26:46.104+0200] {processor.py:157} INFO - Started process (PID=30172) to work on /home/lohit/miniconda3/envs/airflow-env/lib/python3.8/site-packages/airflow/example_dags/example_kubernetes_executor.py
[2025-06-01T18:26:46.107+0200] {processor.py:829} INFO - Processing file /home/lohit/miniconda3/envs/airflow-env/lib/python3.8/site-packages/airflow/example_dags/example_kubernetes_executor.py for tasks to queue
[2025-06-01T18:26:46.108+0200] {logging_mixin.py:154} INFO - [2025-06-01T18:26:46.108+0200] {dagbag.py:536} INFO - Filling up the DagBag from /home/lohit/miniconda3/envs/airflow-env/lib/python3.8/site-packages/airflow/example_dags/example_kubernetes_executor.py
[2025-06-01T18:26:46.110+0200] {logging_mixin.py:154} INFO - [2025-06-01T18:26:46.110+0200] {example_kubernetes_executor.py:38} WARNING - The example_kubernetes_executor example DAG requires the kubernetes provider. Please install it with: pip install apache-airflow[cncf.kubernetes]
[2025-06-01T18:26:46.110+0200] {processor.py:841} WARNING - No viable dags retrieved from /home/lohit/miniconda3/envs/airflow-env/lib/python3.8/site-packages/airflow/example_dags/example_kubernetes_executor.py
[2025-06-01T18:26:46.117+0200] {processor.py:179} INFO - Processing /home/lohit/miniconda3/envs/airflow-env/lib/python3.8/site-packages/airflow/example_dags/example_kubernetes_executor.py took 0.016 seconds
[2025-06-01T18:27:28.516+0200] {processor.py:157} INFO - Started process (PID=30240) to work on /home/lohit/miniconda3/envs/airflow-env/lib/python3.8/site-packages/airflow/example_dags/example_kubernetes_executor.py
[2025-06-01T18:27:28.520+0200] {processor.py:829} INFO - Processing file /home/lohit/miniconda3/envs/airflow-env/lib/python3.8/site-packages/airflow/example_dags/example_kubernetes_executor.py for tasks to queue
[2025-06-01T18:27:28.520+0200] {logging_mixin.py:154} INFO - [2025-06-01T18:27:28.520+0200] {dagbag.py:536} INFO - Filling up the DagBag from /home/lohit/miniconda3/envs/airflow-env/lib/python3.8/site-packages/airflow/example_dags/example_kubernetes_executor.py
[2025-06-01T18:27:28.522+0200] {logging_mixin.py:154} INFO - [2025-06-01T18:27:28.522+0200] {example_kubernetes_executor.py:38} WARNING - The example_kubernetes_executor example DAG requires the kubernetes provider. Please install it with: pip install apache-airflow[cncf.kubernetes]
[2025-06-01T18:27:28.522+0200] {processor.py:841} WARNING - No viable dags retrieved from /home/lohit/miniconda3/envs/airflow-env/lib/python3.8/site-packages/airflow/example_dags/example_kubernetes_executor.py
[2025-06-01T18:27:28.528+0200] {processor.py:179} INFO - Processing /home/lohit/miniconda3/envs/airflow-env/lib/python3.8/site-packages/airflow/example_dags/example_kubernetes_executor.py took 0.014 seconds
[2025-06-01T18:28:17.964+0200] {processor.py:157} INFO - Started process (PID=30311) to work on /home/lohit/miniconda3/envs/airflow-env/lib/python3.8/site-packages/airflow/example_dags/example_kubernetes_executor.py
[2025-06-01T18:28:17.967+0200] {processor.py:829} INFO - Processing file /home/lohit/miniconda3/envs/airflow-env/lib/python3.8/site-packages/airflow/example_dags/example_kubernetes_executor.py for tasks to queue
[2025-06-01T18:28:17.968+0200] {logging_mixin.py:154} INFO - [2025-06-01T18:28:17.968+0200] {dagbag.py:536} INFO - Filling up the DagBag from /home/lohit/miniconda3/envs/airflow-env/lib/python3.8/site-packages/airflow/example_dags/example_kubernetes_executor.py
[2025-06-01T18:28:17.970+0200] {logging_mixin.py:154} INFO - [2025-06-01T18:28:17.970+0200] {example_kubernetes_executor.py:38} WARNING - The example_kubernetes_executor example DAG requires the kubernetes provider. Please install it with: pip install apache-airflow[cncf.kubernetes]
[2025-06-01T18:28:17.970+0200] {processor.py:841} WARNING - No viable dags retrieved from /home/lohit/miniconda3/envs/airflow-env/lib/python3.8/site-packages/airflow/example_dags/example_kubernetes_executor.py
[2025-06-01T18:28:17.976+0200] {processor.py:179} INFO - Processing /home/lohit/miniconda3/envs/airflow-env/lib/python3.8/site-packages/airflow/example_dags/example_kubernetes_executor.py took 0.014 seconds
[2025-06-01T18:29:05.036+0200] {processor.py:157} INFO - Started process (PID=30381) to work on /home/lohit/miniconda3/envs/airflow-env/lib/python3.8/site-packages/airflow/example_dags/example_kubernetes_executor.py
[2025-06-01T18:29:05.039+0200] {processor.py:829} INFO - Processing file /home/lohit/miniconda3/envs/airflow-env/lib/python3.8/site-packages/airflow/example_dags/example_kubernetes_executor.py for tasks to queue
[2025-06-01T18:29:05.040+0200] {logging_mixin.py:154} INFO - [2025-06-01T18:29:05.040+0200] {dagbag.py:536} INFO - Filling up the DagBag from /home/lohit/miniconda3/envs/airflow-env/lib/python3.8/site-packages/airflow/example_dags/example_kubernetes_executor.py
[2025-06-01T18:29:05.042+0200] {logging_mixin.py:154} INFO - [2025-06-01T18:29:05.042+0200] {example_kubernetes_executor.py:38} WARNING - The example_kubernetes_executor example DAG requires the kubernetes provider. Please install it with: pip install apache-airflow[cncf.kubernetes]
[2025-06-01T18:29:05.042+0200] {processor.py:841} WARNING - No viable dags retrieved from /home/lohit/miniconda3/envs/airflow-env/lib/python3.8/site-packages/airflow/example_dags/example_kubernetes_executor.py
[2025-06-01T18:29:05.049+0200] {processor.py:179} INFO - Processing /home/lohit/miniconda3/envs/airflow-env/lib/python3.8/site-packages/airflow/example_dags/example_kubernetes_executor.py took 0.015 seconds
[2025-06-01T18:29:50.225+0200] {processor.py:157} INFO - Started process (PID=30448) to work on /home/lohit/miniconda3/envs/airflow-env/lib/python3.8/site-packages/airflow/example_dags/example_kubernetes_executor.py
[2025-06-01T18:29:50.228+0200] {processor.py:829} INFO - Processing file /home/lohit/miniconda3/envs/airflow-env/lib/python3.8/site-packages/airflow/example_dags/example_kubernetes_executor.py for tasks to queue
[2025-06-01T18:29:50.228+0200] {logging_mixin.py:154} INFO - [2025-06-01T18:29:50.228+0200] {dagbag.py:536} INFO - Filling up the DagBag from /home/lohit/miniconda3/envs/airflow-env/lib/python3.8/site-packages/airflow/example_dags/example_kubernetes_executor.py
[2025-06-01T18:29:50.231+0200] {logging_mixin.py:154} INFO - [2025-06-01T18:29:50.231+0200] {example_kubernetes_executor.py:38} WARNING - The example_kubernetes_executor example DAG requires the kubernetes provider. Please install it with: pip install apache-airflow[cncf.kubernetes]
[2025-06-01T18:29:50.231+0200] {processor.py:841} WARNING - No viable dags retrieved from /home/lohit/miniconda3/envs/airflow-env/lib/python3.8/site-packages/airflow/example_dags/example_kubernetes_executor.py
[2025-06-01T18:29:50.238+0200] {processor.py:179} INFO - Processing /home/lohit/miniconda3/envs/airflow-env/lib/python3.8/site-packages/airflow/example_dags/example_kubernetes_executor.py took 0.015 seconds
[2025-06-01T18:30:32.310+0200] {processor.py:157} INFO - Started process (PID=30516) to work on /home/lohit/miniconda3/envs/airflow-env/lib/python3.8/site-packages/airflow/example_dags/example_kubernetes_executor.py
[2025-06-01T18:30:32.314+0200] {processor.py:829} INFO - Processing file /home/lohit/miniconda3/envs/airflow-env/lib/python3.8/site-packages/airflow/example_dags/example_kubernetes_executor.py for tasks to queue
[2025-06-01T18:30:32.315+0200] {logging_mixin.py:154} INFO - [2025-06-01T18:30:32.315+0200] {dagbag.py:536} INFO - Filling up the DagBag from /home/lohit/miniconda3/envs/airflow-env/lib/python3.8/site-packages/airflow/example_dags/example_kubernetes_executor.py
[2025-06-01T18:30:32.317+0200] {logging_mixin.py:154} INFO - [2025-06-01T18:30:32.317+0200] {example_kubernetes_executor.py:38} WARNING - The example_kubernetes_executor example DAG requires the kubernetes provider. Please install it with: pip install apache-airflow[cncf.kubernetes]
[2025-06-01T18:30:32.317+0200] {processor.py:841} WARNING - No viable dags retrieved from /home/lohit/miniconda3/envs/airflow-env/lib/python3.8/site-packages/airflow/example_dags/example_kubernetes_executor.py
[2025-06-01T18:30:32.324+0200] {processor.py:179} INFO - Processing /home/lohit/miniconda3/envs/airflow-env/lib/python3.8/site-packages/airflow/example_dags/example_kubernetes_executor.py took 0.016 seconds
[2025-06-01T18:31:18.656+0200] {processor.py:157} INFO - Started process (PID=30586) to work on /home/lohit/miniconda3/envs/airflow-env/lib/python3.8/site-packages/airflow/example_dags/example_kubernetes_executor.py
[2025-06-01T18:31:18.658+0200] {processor.py:829} INFO - Processing file /home/lohit/miniconda3/envs/airflow-env/lib/python3.8/site-packages/airflow/example_dags/example_kubernetes_executor.py for tasks to queue
[2025-06-01T18:31:18.659+0200] {logging_mixin.py:154} INFO - [2025-06-01T18:31:18.658+0200] {dagbag.py:536} INFO - Filling up the DagBag from /home/lohit/miniconda3/envs/airflow-env/lib/python3.8/site-packages/airflow/example_dags/example_kubernetes_executor.py
[2025-06-01T18:31:18.661+0200] {logging_mixin.py:154} INFO - [2025-06-01T18:31:18.661+0200] {example_kubernetes_executor.py:38} WARNING - The example_kubernetes_executor example DAG requires the kubernetes provider. Please install it with: pip install apache-airflow[cncf.kubernetes]
[2025-06-01T18:31:18.661+0200] {processor.py:841} WARNING - No viable dags retrieved from /home/lohit/miniconda3/envs/airflow-env/lib/python3.8/site-packages/airflow/example_dags/example_kubernetes_executor.py
[2025-06-01T18:31:18.668+0200] {processor.py:179} INFO - Processing /home/lohit/miniconda3/envs/airflow-env/lib/python3.8/site-packages/airflow/example_dags/example_kubernetes_executor.py took 0.014 seconds
[2025-06-01T18:32:02.997+0200] {processor.py:157} INFO - Started process (PID=30654) to work on /home/lohit/miniconda3/envs/airflow-env/lib/python3.8/site-packages/airflow/example_dags/example_kubernetes_executor.py
[2025-06-01T18:32:02.998+0200] {processor.py:829} INFO - Processing file /home/lohit/miniconda3/envs/airflow-env/lib/python3.8/site-packages/airflow/example_dags/example_kubernetes_executor.py for tasks to queue
[2025-06-01T18:32:02.998+0200] {logging_mixin.py:154} INFO - [2025-06-01T18:32:02.998+0200] {dagbag.py:536} INFO - Filling up the DagBag from /home/lohit/miniconda3/envs/airflow-env/lib/python3.8/site-packages/airflow/example_dags/example_kubernetes_executor.py
[2025-06-01T18:32:03.000+0200] {logging_mixin.py:154} INFO - [2025-06-01T18:32:03.000+0200] {example_kubernetes_executor.py:38} WARNING - The example_kubernetes_executor example DAG requires the kubernetes provider. Please install it with: pip install apache-airflow[cncf.kubernetes]
[2025-06-01T18:32:03.001+0200] {processor.py:841} WARNING - No viable dags retrieved from /home/lohit/miniconda3/envs/airflow-env/lib/python3.8/site-packages/airflow/example_dags/example_kubernetes_executor.py
[2025-06-01T18:32:03.008+0200] {processor.py:179} INFO - Processing /home/lohit/miniconda3/envs/airflow-env/lib/python3.8/site-packages/airflow/example_dags/example_kubernetes_executor.py took 0.013 seconds
[2025-06-01T18:32:50.911+0200] {processor.py:157} INFO - Started process (PID=30724) to work on /home/lohit/miniconda3/envs/airflow-env/lib/python3.8/site-packages/airflow/example_dags/example_kubernetes_executor.py
[2025-06-01T18:32:50.915+0200] {processor.py:829} INFO - Processing file /home/lohit/miniconda3/envs/airflow-env/lib/python3.8/site-packages/airflow/example_dags/example_kubernetes_executor.py for tasks to queue
[2025-06-01T18:32:50.915+0200] {logging_mixin.py:154} INFO - [2025-06-01T18:32:50.915+0200] {dagbag.py:536} INFO - Filling up the DagBag from /home/lohit/miniconda3/envs/airflow-env/lib/python3.8/site-packages/airflow/example_dags/example_kubernetes_executor.py
[2025-06-01T18:32:50.917+0200] {logging_mixin.py:154} INFO - [2025-06-01T18:32:50.917+0200] {example_kubernetes_executor.py:38} WARNING - The example_kubernetes_executor example DAG requires the kubernetes provider. Please install it with: pip install apache-airflow[cncf.kubernetes]
[2025-06-01T18:32:50.917+0200] {processor.py:841} WARNING - No viable dags retrieved from /home/lohit/miniconda3/envs/airflow-env/lib/python3.8/site-packages/airflow/example_dags/example_kubernetes_executor.py
[2025-06-01T18:32:50.923+0200] {processor.py:179} INFO - Processing /home/lohit/miniconda3/envs/airflow-env/lib/python3.8/site-packages/airflow/example_dags/example_kubernetes_executor.py took 0.014 seconds
[2025-06-01T18:33:33.773+0200] {processor.py:157} INFO - Started process (PID=30791) to work on /home/lohit/miniconda3/envs/airflow-env/lib/python3.8/site-packages/airflow/example_dags/example_kubernetes_executor.py
[2025-06-01T18:33:33.777+0200] {processor.py:829} INFO - Processing file /home/lohit/miniconda3/envs/airflow-env/lib/python3.8/site-packages/airflow/example_dags/example_kubernetes_executor.py for tasks to queue
[2025-06-01T18:33:33.777+0200] {logging_mixin.py:154} INFO - [2025-06-01T18:33:33.777+0200] {dagbag.py:536} INFO - Filling up the DagBag from /home/lohit/miniconda3/envs/airflow-env/lib/python3.8/site-packages/airflow/example_dags/example_kubernetes_executor.py
[2025-06-01T18:33:33.779+0200] {logging_mixin.py:154} INFO - [2025-06-01T18:33:33.779+0200] {example_kubernetes_executor.py:38} WARNING - The example_kubernetes_executor example DAG requires the kubernetes provider. Please install it with: pip install apache-airflow[cncf.kubernetes]
[2025-06-01T18:33:33.779+0200] {processor.py:841} WARNING - No viable dags retrieved from /home/lohit/miniconda3/envs/airflow-env/lib/python3.8/site-packages/airflow/example_dags/example_kubernetes_executor.py
[2025-06-01T18:33:33.787+0200] {processor.py:179} INFO - Processing /home/lohit/miniconda3/envs/airflow-env/lib/python3.8/site-packages/airflow/example_dags/example_kubernetes_executor.py took 0.017 seconds
[2025-06-01T18:34:25.007+0200] {processor.py:157} INFO - Started process (PID=30864) to work on /home/lohit/miniconda3/envs/airflow-env/lib/python3.8/site-packages/airflow/example_dags/example_kubernetes_executor.py
[2025-06-01T18:34:25.011+0200] {processor.py:829} INFO - Processing file /home/lohit/miniconda3/envs/airflow-env/lib/python3.8/site-packages/airflow/example_dags/example_kubernetes_executor.py for tasks to queue
[2025-06-01T18:34:25.012+0200] {logging_mixin.py:154} INFO - [2025-06-01T18:34:25.012+0200] {dagbag.py:536} INFO - Filling up the DagBag from /home/lohit/miniconda3/envs/airflow-env/lib/python3.8/site-packages/airflow/example_dags/example_kubernetes_executor.py
[2025-06-01T18:34:25.015+0200] {logging_mixin.py:154} INFO - [2025-06-01T18:34:25.015+0200] {example_kubernetes_executor.py:38} WARNING - The example_kubernetes_executor example DAG requires the kubernetes provider. Please install it with: pip install apache-airflow[cncf.kubernetes]
[2025-06-01T18:34:25.015+0200] {processor.py:841} WARNING - No viable dags retrieved from /home/lohit/miniconda3/envs/airflow-env/lib/python3.8/site-packages/airflow/example_dags/example_kubernetes_executor.py
[2025-06-01T18:34:25.021+0200] {processor.py:179} INFO - Processing /home/lohit/miniconda3/envs/airflow-env/lib/python3.8/site-packages/airflow/example_dags/example_kubernetes_executor.py took 0.016 seconds
[2025-06-01T18:35:10.113+0200] {processor.py:157} INFO - Started process (PID=31648) to work on /home/lohit/miniconda3/envs/airflow-env/lib/python3.8/site-packages/airflow/example_dags/example_kubernetes_executor.py
[2025-06-01T18:35:10.117+0200] {processor.py:829} INFO - Processing file /home/lohit/miniconda3/envs/airflow-env/lib/python3.8/site-packages/airflow/example_dags/example_kubernetes_executor.py for tasks to queue
[2025-06-01T18:35:10.118+0200] {logging_mixin.py:154} INFO - [2025-06-01T18:35:10.117+0200] {dagbag.py:536} INFO - Filling up the DagBag from /home/lohit/miniconda3/envs/airflow-env/lib/python3.8/site-packages/airflow/example_dags/example_kubernetes_executor.py
[2025-06-01T18:35:10.120+0200] {logging_mixin.py:154} INFO - [2025-06-01T18:35:10.120+0200] {example_kubernetes_executor.py:38} WARNING - The example_kubernetes_executor example DAG requires the kubernetes provider. Please install it with: pip install apache-airflow[cncf.kubernetes]
[2025-06-01T18:35:10.120+0200] {processor.py:841} WARNING - No viable dags retrieved from /home/lohit/miniconda3/envs/airflow-env/lib/python3.8/site-packages/airflow/example_dags/example_kubernetes_executor.py
[2025-06-01T18:35:10.127+0200] {processor.py:179} INFO - Processing /home/lohit/miniconda3/envs/airflow-env/lib/python3.8/site-packages/airflow/example_dags/example_kubernetes_executor.py took 0.016 seconds
