[2025-06-01T17:51:56.564+0200] {processor.py:157} INFO - Started process (PID=26830) to work on /home/lohit/miniconda3/envs/airflow-env/lib/python3.8/site-packages/airflow/example_dags/example_nested_branch_dag.py
[2025-06-01T17:51:56.565+0200] {processor.py:829} INFO - Processing file /home/lohit/miniconda3/envs/airflow-env/lib/python3.8/site-packages/airflow/example_dags/example_nested_branch_dag.py for tasks to queue
[2025-06-01T17:51:56.565+0200] {logging_mixin.py:154} INFO - [2025-06-01T17:51:56.565+0200] {dagbag.py:536} INFO - Filling up the DagBag from /home/lohit/miniconda3/envs/airflow-env/lib/python3.8/site-packages/airflow/example_dags/example_nested_branch_dag.py
[2025-06-01T17:51:56.574+0200] {processor.py:839} INFO - DAG(s) dict_keys(['example_nested_branch_dag']) retrieved from /home/lohit/miniconda3/envs/airflow-env/lib/python3.8/site-packages/airflow/example_dags/example_nested_branch_dag.py
[2025-06-01T17:51:56.589+0200] {logging_mixin.py:154} INFO - [2025-06-01T17:51:56.588+0200] {dag.py:2941} INFO - Sync 1 DAGs
[2025-06-01T17:51:56.602+0200] {logging_mixin.py:154} INFO - [2025-06-01T17:51:56.602+0200] {dag.py:3722} INFO - Setting next_dagrun for example_nested_branch_dag to 2025-05-31T00:00:00+00:00, run_after=2025-06-01T00:00:00+00:00
[2025-06-01T17:51:56.624+0200] {processor.py:179} INFO - Processing /home/lohit/miniconda3/envs/airflow-env/lib/python3.8/site-packages/airflow/example_dags/example_nested_branch_dag.py took 0.062 seconds
[2025-06-01T17:53:22.760+0200] {processor.py:157} INFO - Started process (PID=27119) to work on /home/lohit/miniconda3/envs/airflow-env/lib/python3.8/site-packages/airflow/example_dags/example_nested_branch_dag.py
[2025-06-01T17:53:22.763+0200] {processor.py:829} INFO - Processing file /home/lohit/miniconda3/envs/airflow-env/lib/python3.8/site-packages/airflow/example_dags/example_nested_branch_dag.py for tasks to queue
[2025-06-01T17:53:22.764+0200] {logging_mixin.py:154} INFO - [2025-06-01T17:53:22.764+0200] {dagbag.py:536} INFO - Filling up the DagBag from /home/lohit/miniconda3/envs/airflow-env/lib/python3.8/site-packages/airflow/example_dags/example_nested_branch_dag.py
[2025-06-01T17:53:22.770+0200] {processor.py:839} INFO - DAG(s) dict_keys(['example_nested_branch_dag']) retrieved from /home/lohit/miniconda3/envs/airflow-env/lib/python3.8/site-packages/airflow/example_dags/example_nested_branch_dag.py
[2025-06-01T17:53:22.782+0200] {logging_mixin.py:154} INFO - [2025-06-01T17:53:22.781+0200] {dag.py:2941} INFO - Sync 1 DAGs
[2025-06-01T17:53:22.796+0200] {logging_mixin.py:154} INFO - [2025-06-01T17:53:22.795+0200] {dag.py:3722} INFO - Setting next_dagrun for example_nested_branch_dag to 2025-05-31T00:00:00+00:00, run_after=2025-06-01T00:00:00+00:00
[2025-06-01T17:53:22.812+0200] {processor.py:179} INFO - Processing /home/lohit/miniconda3/envs/airflow-env/lib/python3.8/site-packages/airflow/example_dags/example_nested_branch_dag.py took 0.054 seconds
[2025-06-01T17:54:07.957+0200] {processor.py:157} INFO - Started process (PID=27187) to work on /home/lohit/miniconda3/envs/airflow-env/lib/python3.8/site-packages/airflow/example_dags/example_nested_branch_dag.py
[2025-06-01T17:54:07.958+0200] {processor.py:829} INFO - Processing file /home/lohit/miniconda3/envs/airflow-env/lib/python3.8/site-packages/airflow/example_dags/example_nested_branch_dag.py for tasks to queue
[2025-06-01T17:54:07.959+0200] {logging_mixin.py:154} INFO - [2025-06-01T17:54:07.958+0200] {dagbag.py:536} INFO - Filling up the DagBag from /home/lohit/miniconda3/envs/airflow-env/lib/python3.8/site-packages/airflow/example_dags/example_nested_branch_dag.py
[2025-06-01T17:54:07.966+0200] {processor.py:839} INFO - DAG(s) dict_keys(['example_nested_branch_dag']) retrieved from /home/lohit/miniconda3/envs/airflow-env/lib/python3.8/site-packages/airflow/example_dags/example_nested_branch_dag.py
[2025-06-01T17:54:07.976+0200] {logging_mixin.py:154} INFO - [2025-06-01T17:54:07.975+0200] {dag.py:2941} INFO - Sync 1 DAGs
[2025-06-01T17:54:07.987+0200] {logging_mixin.py:154} INFO - [2025-06-01T17:54:07.987+0200] {dag.py:3722} INFO - Setting next_dagrun for example_nested_branch_dag to 2025-05-31T00:00:00+00:00, run_after=2025-06-01T00:00:00+00:00
[2025-06-01T17:54:08.002+0200] {processor.py:179} INFO - Processing /home/lohit/miniconda3/envs/airflow-env/lib/python3.8/site-packages/airflow/example_dags/example_nested_branch_dag.py took 0.048 seconds
[2025-06-01T17:54:51.781+0200] {processor.py:157} INFO - Started process (PID=27253) to work on /home/lohit/miniconda3/envs/airflow-env/lib/python3.8/site-packages/airflow/example_dags/example_nested_branch_dag.py
[2025-06-01T17:54:51.782+0200] {processor.py:829} INFO - Processing file /home/lohit/miniconda3/envs/airflow-env/lib/python3.8/site-packages/airflow/example_dags/example_nested_branch_dag.py for tasks to queue
[2025-06-01T17:54:51.783+0200] {logging_mixin.py:154} INFO - [2025-06-01T17:54:51.783+0200] {dagbag.py:536} INFO - Filling up the DagBag from /home/lohit/miniconda3/envs/airflow-env/lib/python3.8/site-packages/airflow/example_dags/example_nested_branch_dag.py
[2025-06-01T17:54:51.789+0200] {processor.py:839} INFO - DAG(s) dict_keys(['example_nested_branch_dag']) retrieved from /home/lohit/miniconda3/envs/airflow-env/lib/python3.8/site-packages/airflow/example_dags/example_nested_branch_dag.py
[2025-06-01T17:54:51.800+0200] {logging_mixin.py:154} INFO - [2025-06-01T17:54:51.800+0200] {dag.py:2941} INFO - Sync 1 DAGs
[2025-06-01T17:54:51.812+0200] {logging_mixin.py:154} INFO - [2025-06-01T17:54:51.812+0200] {dag.py:3722} INFO - Setting next_dagrun for example_nested_branch_dag to 2025-05-31T00:00:00+00:00, run_after=2025-06-01T00:00:00+00:00
[2025-06-01T17:54:51.832+0200] {processor.py:179} INFO - Processing /home/lohit/miniconda3/envs/airflow-env/lib/python3.8/site-packages/airflow/example_dags/example_nested_branch_dag.py took 0.053 seconds
[2025-06-01T17:55:28.425+0200] {processor.py:157} INFO - Started process (PID=27290) to work on /home/lohit/miniconda3/envs/airflow-env/lib/python3.8/site-packages/airflow/example_dags/example_nested_branch_dag.py
[2025-06-01T17:55:28.428+0200] {processor.py:829} INFO - Processing file /home/lohit/miniconda3/envs/airflow-env/lib/python3.8/site-packages/airflow/example_dags/example_nested_branch_dag.py for tasks to queue
[2025-06-01T17:55:28.428+0200] {logging_mixin.py:154} INFO - [2025-06-01T17:55:28.428+0200] {dagbag.py:536} INFO - Filling up the DagBag from /home/lohit/miniconda3/envs/airflow-env/lib/python3.8/site-packages/airflow/example_dags/example_nested_branch_dag.py
[2025-06-01T17:55:28.434+0200] {processor.py:839} INFO - DAG(s) dict_keys(['example_nested_branch_dag']) retrieved from /home/lohit/miniconda3/envs/airflow-env/lib/python3.8/site-packages/airflow/example_dags/example_nested_branch_dag.py
[2025-06-01T17:55:28.444+0200] {logging_mixin.py:154} INFO - [2025-06-01T17:55:28.444+0200] {dag.py:2941} INFO - Sync 1 DAGs
[2025-06-01T17:55:28.457+0200] {logging_mixin.py:154} INFO - [2025-06-01T17:55:28.457+0200] {dag.py:3722} INFO - Setting next_dagrun for example_nested_branch_dag to 2025-05-31T00:00:00+00:00, run_after=2025-06-01T00:00:00+00:00
[2025-06-01T17:55:28.473+0200] {processor.py:179} INFO - Processing /home/lohit/miniconda3/envs/airflow-env/lib/python3.8/site-packages/airflow/example_dags/example_nested_branch_dag.py took 0.050 seconds
[2025-06-01T17:56:14.599+0200] {processor.py:157} INFO - Started process (PID=27362) to work on /home/lohit/miniconda3/envs/airflow-env/lib/python3.8/site-packages/airflow/example_dags/example_nested_branch_dag.py
[2025-06-01T17:56:14.602+0200] {processor.py:829} INFO - Processing file /home/lohit/miniconda3/envs/airflow-env/lib/python3.8/site-packages/airflow/example_dags/example_nested_branch_dag.py for tasks to queue
[2025-06-01T17:56:14.603+0200] {logging_mixin.py:154} INFO - [2025-06-01T17:56:14.603+0200] {dagbag.py:536} INFO - Filling up the DagBag from /home/lohit/miniconda3/envs/airflow-env/lib/python3.8/site-packages/airflow/example_dags/example_nested_branch_dag.py
[2025-06-01T17:56:14.608+0200] {processor.py:839} INFO - DAG(s) dict_keys(['example_nested_branch_dag']) retrieved from /home/lohit/miniconda3/envs/airflow-env/lib/python3.8/site-packages/airflow/example_dags/example_nested_branch_dag.py
[2025-06-01T17:56:14.619+0200] {logging_mixin.py:154} INFO - [2025-06-01T17:56:14.619+0200] {dag.py:2941} INFO - Sync 1 DAGs
[2025-06-01T17:56:14.631+0200] {logging_mixin.py:154} INFO - [2025-06-01T17:56:14.631+0200] {dag.py:3722} INFO - Setting next_dagrun for example_nested_branch_dag to 2025-05-31T00:00:00+00:00, run_after=2025-06-01T00:00:00+00:00
[2025-06-01T17:56:14.646+0200] {processor.py:179} INFO - Processing /home/lohit/miniconda3/envs/airflow-env/lib/python3.8/site-packages/airflow/example_dags/example_nested_branch_dag.py took 0.049 seconds
[2025-06-01T17:57:01.976+0200] {processor.py:157} INFO - Started process (PID=27430) to work on /home/lohit/miniconda3/envs/airflow-env/lib/python3.8/site-packages/airflow/example_dags/example_nested_branch_dag.py
[2025-06-01T17:57:01.980+0200] {processor.py:829} INFO - Processing file /home/lohit/miniconda3/envs/airflow-env/lib/python3.8/site-packages/airflow/example_dags/example_nested_branch_dag.py for tasks to queue
[2025-06-01T17:57:01.980+0200] {logging_mixin.py:154} INFO - [2025-06-01T17:57:01.980+0200] {dagbag.py:536} INFO - Filling up the DagBag from /home/lohit/miniconda3/envs/airflow-env/lib/python3.8/site-packages/airflow/example_dags/example_nested_branch_dag.py
[2025-06-01T17:57:01.987+0200] {processor.py:839} INFO - DAG(s) dict_keys(['example_nested_branch_dag']) retrieved from /home/lohit/miniconda3/envs/airflow-env/lib/python3.8/site-packages/airflow/example_dags/example_nested_branch_dag.py
[2025-06-01T17:57:01.998+0200] {logging_mixin.py:154} INFO - [2025-06-01T17:57:01.998+0200] {dag.py:2941} INFO - Sync 1 DAGs
[2025-06-01T17:57:02.010+0200] {logging_mixin.py:154} INFO - [2025-06-01T17:57:02.010+0200] {dag.py:3722} INFO - Setting next_dagrun for example_nested_branch_dag to 2025-05-31T00:00:00+00:00, run_after=2025-06-01T00:00:00+00:00
[2025-06-01T17:57:02.029+0200] {processor.py:179} INFO - Processing /home/lohit/miniconda3/envs/airflow-env/lib/python3.8/site-packages/airflow/example_dags/example_nested_branch_dag.py took 0.055 seconds
[2025-06-01T17:57:45.801+0200] {processor.py:157} INFO - Started process (PID=27498) to work on /home/lohit/miniconda3/envs/airflow-env/lib/python3.8/site-packages/airflow/example_dags/example_nested_branch_dag.py
[2025-06-01T17:57:45.805+0200] {processor.py:829} INFO - Processing file /home/lohit/miniconda3/envs/airflow-env/lib/python3.8/site-packages/airflow/example_dags/example_nested_branch_dag.py for tasks to queue
[2025-06-01T17:57:45.805+0200] {logging_mixin.py:154} INFO - [2025-06-01T17:57:45.805+0200] {dagbag.py:536} INFO - Filling up the DagBag from /home/lohit/miniconda3/envs/airflow-env/lib/python3.8/site-packages/airflow/example_dags/example_nested_branch_dag.py
[2025-06-01T17:57:45.811+0200] {processor.py:839} INFO - DAG(s) dict_keys(['example_nested_branch_dag']) retrieved from /home/lohit/miniconda3/envs/airflow-env/lib/python3.8/site-packages/airflow/example_dags/example_nested_branch_dag.py
[2025-06-01T17:57:45.821+0200] {logging_mixin.py:154} INFO - [2025-06-01T17:57:45.821+0200] {dag.py:2941} INFO - Sync 1 DAGs
[2025-06-01T17:57:45.836+0200] {logging_mixin.py:154} INFO - [2025-06-01T17:57:45.836+0200] {dag.py:3722} INFO - Setting next_dagrun for example_nested_branch_dag to 2025-05-31T00:00:00+00:00, run_after=2025-06-01T00:00:00+00:00
[2025-06-01T17:57:45.851+0200] {processor.py:179} INFO - Processing /home/lohit/miniconda3/envs/airflow-env/lib/python3.8/site-packages/airflow/example_dags/example_nested_branch_dag.py took 0.052 seconds
[2025-06-01T17:58:34.231+0200] {processor.py:157} INFO - Started process (PID=27568) to work on /home/lohit/miniconda3/envs/airflow-env/lib/python3.8/site-packages/airflow/example_dags/example_nested_branch_dag.py
[2025-06-01T17:58:34.234+0200] {processor.py:829} INFO - Processing file /home/lohit/miniconda3/envs/airflow-env/lib/python3.8/site-packages/airflow/example_dags/example_nested_branch_dag.py for tasks to queue
[2025-06-01T17:58:34.235+0200] {logging_mixin.py:154} INFO - [2025-06-01T17:58:34.234+0200] {dagbag.py:536} INFO - Filling up the DagBag from /home/lohit/miniconda3/envs/airflow-env/lib/python3.8/site-packages/airflow/example_dags/example_nested_branch_dag.py
[2025-06-01T17:58:34.240+0200] {processor.py:839} INFO - DAG(s) dict_keys(['example_nested_branch_dag']) retrieved from /home/lohit/miniconda3/envs/airflow-env/lib/python3.8/site-packages/airflow/example_dags/example_nested_branch_dag.py
[2025-06-01T17:58:34.251+0200] {logging_mixin.py:154} INFO - [2025-06-01T17:58:34.250+0200] {dag.py:2941} INFO - Sync 1 DAGs
[2025-06-01T17:58:34.262+0200] {logging_mixin.py:154} INFO - [2025-06-01T17:58:34.261+0200] {dag.py:3722} INFO - Setting next_dagrun for example_nested_branch_dag to 2025-05-31T00:00:00+00:00, run_after=2025-06-01T00:00:00+00:00
[2025-06-01T17:58:34.278+0200] {processor.py:179} INFO - Processing /home/lohit/miniconda3/envs/airflow-env/lib/python3.8/site-packages/airflow/example_dags/example_nested_branch_dag.py took 0.049 seconds
[2025-06-01T17:59:17.208+0200] {processor.py:157} INFO - Started process (PID=27636) to work on /home/lohit/miniconda3/envs/airflow-env/lib/python3.8/site-packages/airflow/example_dags/example_nested_branch_dag.py
[2025-06-01T17:59:17.212+0200] {processor.py:829} INFO - Processing file /home/lohit/miniconda3/envs/airflow-env/lib/python3.8/site-packages/airflow/example_dags/example_nested_branch_dag.py for tasks to queue
[2025-06-01T17:59:17.212+0200] {logging_mixin.py:154} INFO - [2025-06-01T17:59:17.212+0200] {dagbag.py:536} INFO - Filling up the DagBag from /home/lohit/miniconda3/envs/airflow-env/lib/python3.8/site-packages/airflow/example_dags/example_nested_branch_dag.py
[2025-06-01T17:59:17.219+0200] {processor.py:839} INFO - DAG(s) dict_keys(['example_nested_branch_dag']) retrieved from /home/lohit/miniconda3/envs/airflow-env/lib/python3.8/site-packages/airflow/example_dags/example_nested_branch_dag.py
[2025-06-01T17:59:17.229+0200] {logging_mixin.py:154} INFO - [2025-06-01T17:59:17.229+0200] {dag.py:2941} INFO - Sync 1 DAGs
[2025-06-01T17:59:17.241+0200] {logging_mixin.py:154} INFO - [2025-06-01T17:59:17.241+0200] {dag.py:3722} INFO - Setting next_dagrun for example_nested_branch_dag to 2025-05-31T00:00:00+00:00, run_after=2025-06-01T00:00:00+00:00
[2025-06-01T17:59:17.257+0200] {processor.py:179} INFO - Processing /home/lohit/miniconda3/envs/airflow-env/lib/python3.8/site-packages/airflow/example_dags/example_nested_branch_dag.py took 0.051 seconds
[2025-06-01T18:00:02.320+0200] {processor.py:157} INFO - Started process (PID=27704) to work on /home/lohit/miniconda3/envs/airflow-env/lib/python3.8/site-packages/airflow/example_dags/example_nested_branch_dag.py
[2025-06-01T18:00:02.321+0200] {processor.py:829} INFO - Processing file /home/lohit/miniconda3/envs/airflow-env/lib/python3.8/site-packages/airflow/example_dags/example_nested_branch_dag.py for tasks to queue
[2025-06-01T18:00:02.322+0200] {logging_mixin.py:154} INFO - [2025-06-01T18:00:02.321+0200] {dagbag.py:536} INFO - Filling up the DagBag from /home/lohit/miniconda3/envs/airflow-env/lib/python3.8/site-packages/airflow/example_dags/example_nested_branch_dag.py
[2025-06-01T18:00:02.327+0200] {processor.py:839} INFO - DAG(s) dict_keys(['example_nested_branch_dag']) retrieved from /home/lohit/miniconda3/envs/airflow-env/lib/python3.8/site-packages/airflow/example_dags/example_nested_branch_dag.py
[2025-06-01T18:00:02.339+0200] {logging_mixin.py:154} INFO - [2025-06-01T18:00:02.339+0200] {dag.py:2941} INFO - Sync 1 DAGs
[2025-06-01T18:00:02.350+0200] {logging_mixin.py:154} INFO - [2025-06-01T18:00:02.350+0200] {dag.py:3722} INFO - Setting next_dagrun for example_nested_branch_dag to 2025-05-31T00:00:00+00:00, run_after=2025-06-01T00:00:00+00:00
[2025-06-01T18:00:02.366+0200] {processor.py:179} INFO - Processing /home/lohit/miniconda3/envs/airflow-env/lib/python3.8/site-packages/airflow/example_dags/example_nested_branch_dag.py took 0.048 seconds
[2025-06-01T18:00:36.784+0200] {processor.py:157} INFO - Started process (PID=27760) to work on /home/lohit/miniconda3/envs/airflow-env/lib/python3.8/site-packages/airflow/example_dags/example_nested_branch_dag.py
[2025-06-01T18:00:36.787+0200] {processor.py:829} INFO - Processing file /home/lohit/miniconda3/envs/airflow-env/lib/python3.8/site-packages/airflow/example_dags/example_nested_branch_dag.py for tasks to queue
[2025-06-01T18:00:36.788+0200] {logging_mixin.py:154} INFO - [2025-06-01T18:00:36.787+0200] {dagbag.py:536} INFO - Filling up the DagBag from /home/lohit/miniconda3/envs/airflow-env/lib/python3.8/site-packages/airflow/example_dags/example_nested_branch_dag.py
[2025-06-01T18:00:36.793+0200] {processor.py:839} INFO - DAG(s) dict_keys(['example_nested_branch_dag']) retrieved from /home/lohit/miniconda3/envs/airflow-env/lib/python3.8/site-packages/airflow/example_dags/example_nested_branch_dag.py
[2025-06-01T18:00:36.803+0200] {logging_mixin.py:154} INFO - [2025-06-01T18:00:36.803+0200] {dag.py:2941} INFO - Sync 1 DAGs
[2025-06-01T18:00:36.813+0200] {logging_mixin.py:154} INFO - [2025-06-01T18:00:36.813+0200] {dag.py:3722} INFO - Setting next_dagrun for example_nested_branch_dag to 2025-05-31T00:00:00+00:00, run_after=2025-06-01T00:00:00+00:00
[2025-06-01T18:00:36.829+0200] {processor.py:179} INFO - Processing /home/lohit/miniconda3/envs/airflow-env/lib/python3.8/site-packages/airflow/example_dags/example_nested_branch_dag.py took 0.047 seconds
[2025-06-01T18:01:21.678+0200] {processor.py:157} INFO - Started process (PID=27860) to work on /home/lohit/miniconda3/envs/airflow-env/lib/python3.8/site-packages/airflow/example_dags/example_nested_branch_dag.py
[2025-06-01T18:01:21.681+0200] {processor.py:829} INFO - Processing file /home/lohit/miniconda3/envs/airflow-env/lib/python3.8/site-packages/airflow/example_dags/example_nested_branch_dag.py for tasks to queue
[2025-06-01T18:01:21.682+0200] {logging_mixin.py:154} INFO - [2025-06-01T18:01:21.682+0200] {dagbag.py:536} INFO - Filling up the DagBag from /home/lohit/miniconda3/envs/airflow-env/lib/python3.8/site-packages/airflow/example_dags/example_nested_branch_dag.py
[2025-06-01T18:01:21.688+0200] {processor.py:839} INFO - DAG(s) dict_keys(['example_nested_branch_dag']) retrieved from /home/lohit/miniconda3/envs/airflow-env/lib/python3.8/site-packages/airflow/example_dags/example_nested_branch_dag.py
[2025-06-01T18:01:21.700+0200] {logging_mixin.py:154} INFO - [2025-06-01T18:01:21.700+0200] {dag.py:2941} INFO - Sync 1 DAGs
[2025-06-01T18:01:21.711+0200] {logging_mixin.py:154} INFO - [2025-06-01T18:01:21.710+0200] {dag.py:3722} INFO - Setting next_dagrun for example_nested_branch_dag to 2025-05-31T00:00:00+00:00, run_after=2025-06-01T00:00:00+00:00
[2025-06-01T18:01:21.727+0200] {processor.py:179} INFO - Processing /home/lohit/miniconda3/envs/airflow-env/lib/python3.8/site-packages/airflow/example_dags/example_nested_branch_dag.py took 0.051 seconds
[2025-06-01T18:01:56.427+0200] {processor.py:157} INFO - Started process (PID=27918) to work on /home/lohit/miniconda3/envs/airflow-env/lib/python3.8/site-packages/airflow/example_dags/example_nested_branch_dag.py
[2025-06-01T18:01:56.430+0200] {processor.py:829} INFO - Processing file /home/lohit/miniconda3/envs/airflow-env/lib/python3.8/site-packages/airflow/example_dags/example_nested_branch_dag.py for tasks to queue
[2025-06-01T18:01:56.430+0200] {logging_mixin.py:154} INFO - [2025-06-01T18:01:56.430+0200] {dagbag.py:536} INFO - Filling up the DagBag from /home/lohit/miniconda3/envs/airflow-env/lib/python3.8/site-packages/airflow/example_dags/example_nested_branch_dag.py
[2025-06-01T18:01:56.438+0200] {processor.py:839} INFO - DAG(s) dict_keys(['example_nested_branch_dag']) retrieved from /home/lohit/miniconda3/envs/airflow-env/lib/python3.8/site-packages/airflow/example_dags/example_nested_branch_dag.py
[2025-06-01T18:01:56.447+0200] {logging_mixin.py:154} INFO - [2025-06-01T18:01:56.447+0200] {dag.py:2941} INFO - Sync 1 DAGs
[2025-06-01T18:01:56.460+0200] {logging_mixin.py:154} INFO - [2025-06-01T18:01:56.460+0200] {dag.py:3722} INFO - Setting next_dagrun for example_nested_branch_dag to 2025-05-31T00:00:00+00:00, run_after=2025-06-01T00:00:00+00:00
[2025-06-01T18:01:56.476+0200] {processor.py:179} INFO - Processing /home/lohit/miniconda3/envs/airflow-env/lib/python3.8/site-packages/airflow/example_dags/example_nested_branch_dag.py took 0.051 seconds
[2025-06-01T18:02:38.485+0200] {processor.py:157} INFO - Started process (PID=27986) to work on /home/lohit/miniconda3/envs/airflow-env/lib/python3.8/site-packages/airflow/example_dags/example_nested_branch_dag.py
[2025-06-01T18:02:38.486+0200] {processor.py:829} INFO - Processing file /home/lohit/miniconda3/envs/airflow-env/lib/python3.8/site-packages/airflow/example_dags/example_nested_branch_dag.py for tasks to queue
[2025-06-01T18:02:38.487+0200] {logging_mixin.py:154} INFO - [2025-06-01T18:02:38.486+0200] {dagbag.py:536} INFO - Filling up the DagBag from /home/lohit/miniconda3/envs/airflow-env/lib/python3.8/site-packages/airflow/example_dags/example_nested_branch_dag.py
[2025-06-01T18:02:38.493+0200] {processor.py:839} INFO - DAG(s) dict_keys(['example_nested_branch_dag']) retrieved from /home/lohit/miniconda3/envs/airflow-env/lib/python3.8/site-packages/airflow/example_dags/example_nested_branch_dag.py
[2025-06-01T18:02:38.505+0200] {logging_mixin.py:154} INFO - [2025-06-01T18:02:38.505+0200] {dag.py:2941} INFO - Sync 1 DAGs
[2025-06-01T18:02:38.517+0200] {logging_mixin.py:154} INFO - [2025-06-01T18:02:38.517+0200] {dag.py:3722} INFO - Setting next_dagrun for example_nested_branch_dag to 2025-05-31T00:00:00+00:00, run_after=2025-06-01T00:00:00+00:00
[2025-06-01T18:02:38.532+0200] {processor.py:179} INFO - Processing /home/lohit/miniconda3/envs/airflow-env/lib/python3.8/site-packages/airflow/example_dags/example_nested_branch_dag.py took 0.050 seconds
[2025-06-01T18:03:24.966+0200] {processor.py:157} INFO - Started process (PID=28063) to work on /home/lohit/miniconda3/envs/airflow-env/lib/python3.8/site-packages/airflow/example_dags/example_nested_branch_dag.py
[2025-06-01T18:03:24.967+0200] {processor.py:829} INFO - Processing file /home/lohit/miniconda3/envs/airflow-env/lib/python3.8/site-packages/airflow/example_dags/example_nested_branch_dag.py for tasks to queue
[2025-06-01T18:03:24.968+0200] {logging_mixin.py:154} INFO - [2025-06-01T18:03:24.968+0200] {dagbag.py:536} INFO - Filling up the DagBag from /home/lohit/miniconda3/envs/airflow-env/lib/python3.8/site-packages/airflow/example_dags/example_nested_branch_dag.py
[2025-06-01T18:03:24.978+0200] {processor.py:839} INFO - DAG(s) dict_keys(['example_nested_branch_dag']) retrieved from /home/lohit/miniconda3/envs/airflow-env/lib/python3.8/site-packages/airflow/example_dags/example_nested_branch_dag.py
[2025-06-01T18:03:24.992+0200] {logging_mixin.py:154} INFO - [2025-06-01T18:03:24.992+0200] {dag.py:2941} INFO - Sync 1 DAGs
[2025-06-01T18:03:25.006+0200] {logging_mixin.py:154} INFO - [2025-06-01T18:03:25.006+0200] {dag.py:3722} INFO - Setting next_dagrun for example_nested_branch_dag to 2025-05-31T00:00:00+00:00, run_after=2025-06-01T00:00:00+00:00
[2025-06-01T18:03:25.023+0200] {processor.py:179} INFO - Processing /home/lohit/miniconda3/envs/airflow-env/lib/python3.8/site-packages/airflow/example_dags/example_nested_branch_dag.py took 0.059 seconds
[2025-06-01T18:04:00.508+0200] {processor.py:157} INFO - Started process (PID=28101) to work on /home/lohit/miniconda3/envs/airflow-env/lib/python3.8/site-packages/airflow/example_dags/example_nested_branch_dag.py
[2025-06-01T18:04:00.512+0200] {processor.py:829} INFO - Processing file /home/lohit/miniconda3/envs/airflow-env/lib/python3.8/site-packages/airflow/example_dags/example_nested_branch_dag.py for tasks to queue
[2025-06-01T18:04:00.512+0200] {logging_mixin.py:154} INFO - [2025-06-01T18:04:00.512+0200] {dagbag.py:536} INFO - Filling up the DagBag from /home/lohit/miniconda3/envs/airflow-env/lib/python3.8/site-packages/airflow/example_dags/example_nested_branch_dag.py
[2025-06-01T18:04:00.518+0200] {processor.py:839} INFO - DAG(s) dict_keys(['example_nested_branch_dag']) retrieved from /home/lohit/miniconda3/envs/airflow-env/lib/python3.8/site-packages/airflow/example_dags/example_nested_branch_dag.py
[2025-06-01T18:04:00.529+0200] {logging_mixin.py:154} INFO - [2025-06-01T18:04:00.529+0200] {dag.py:2941} INFO - Sync 1 DAGs
[2025-06-01T18:04:00.540+0200] {logging_mixin.py:154} INFO - [2025-06-01T18:04:00.539+0200] {dag.py:3722} INFO - Setting next_dagrun for example_nested_branch_dag to 2025-05-31T00:00:00+00:00, run_after=2025-06-01T00:00:00+00:00
[2025-06-01T18:04:00.555+0200] {processor.py:179} INFO - Processing /home/lohit/miniconda3/envs/airflow-env/lib/python3.8/site-packages/airflow/example_dags/example_nested_branch_dag.py took 0.049 seconds
[2025-06-01T18:04:46.125+0200] {processor.py:157} INFO - Started process (PID=28175) to work on /home/lohit/miniconda3/envs/airflow-env/lib/python3.8/site-packages/airflow/example_dags/example_nested_branch_dag.py
[2025-06-01T18:04:46.128+0200] {processor.py:829} INFO - Processing file /home/lohit/miniconda3/envs/airflow-env/lib/python3.8/site-packages/airflow/example_dags/example_nested_branch_dag.py for tasks to queue
[2025-06-01T18:04:46.129+0200] {logging_mixin.py:154} INFO - [2025-06-01T18:04:46.129+0200] {dagbag.py:536} INFO - Filling up the DagBag from /home/lohit/miniconda3/envs/airflow-env/lib/python3.8/site-packages/airflow/example_dags/example_nested_branch_dag.py
[2025-06-01T18:04:46.134+0200] {processor.py:839} INFO - DAG(s) dict_keys(['example_nested_branch_dag']) retrieved from /home/lohit/miniconda3/envs/airflow-env/lib/python3.8/site-packages/airflow/example_dags/example_nested_branch_dag.py
[2025-06-01T18:04:46.144+0200] {logging_mixin.py:154} INFO - [2025-06-01T18:04:46.144+0200] {dag.py:2941} INFO - Sync 1 DAGs
[2025-06-01T18:04:46.157+0200] {logging_mixin.py:154} INFO - [2025-06-01T18:04:46.157+0200] {dag.py:3722} INFO - Setting next_dagrun for example_nested_branch_dag to 2025-05-31T00:00:00+00:00, run_after=2025-06-01T00:00:00+00:00
[2025-06-01T18:04:46.172+0200] {processor.py:179} INFO - Processing /home/lohit/miniconda3/envs/airflow-env/lib/python3.8/site-packages/airflow/example_dags/example_nested_branch_dag.py took 0.049 seconds
[2025-06-01T18:05:35.861+0200] {processor.py:157} INFO - Started process (PID=28254) to work on /home/lohit/miniconda3/envs/airflow-env/lib/python3.8/site-packages/airflow/example_dags/example_nested_branch_dag.py
[2025-06-01T18:05:35.865+0200] {processor.py:829} INFO - Processing file /home/lohit/miniconda3/envs/airflow-env/lib/python3.8/site-packages/airflow/example_dags/example_nested_branch_dag.py for tasks to queue
[2025-06-01T18:05:35.865+0200] {logging_mixin.py:154} INFO - [2025-06-01T18:05:35.865+0200] {dagbag.py:536} INFO - Filling up the DagBag from /home/lohit/miniconda3/envs/airflow-env/lib/python3.8/site-packages/airflow/example_dags/example_nested_branch_dag.py
[2025-06-01T18:05:35.871+0200] {processor.py:839} INFO - DAG(s) dict_keys(['example_nested_branch_dag']) retrieved from /home/lohit/miniconda3/envs/airflow-env/lib/python3.8/site-packages/airflow/example_dags/example_nested_branch_dag.py
[2025-06-01T18:05:35.882+0200] {logging_mixin.py:154} INFO - [2025-06-01T18:05:35.882+0200] {dag.py:2941} INFO - Sync 1 DAGs
[2025-06-01T18:05:35.893+0200] {logging_mixin.py:154} INFO - [2025-06-01T18:05:35.893+0200] {dag.py:3722} INFO - Setting next_dagrun for example_nested_branch_dag to 2025-05-31T00:00:00+00:00, run_after=2025-06-01T00:00:00+00:00
[2025-06-01T18:05:35.909+0200] {processor.py:179} INFO - Processing /home/lohit/miniconda3/envs/airflow-env/lib/python3.8/site-packages/airflow/example_dags/example_nested_branch_dag.py took 0.050 seconds
[2025-06-01T18:06:10.926+0200] {processor.py:157} INFO - Started process (PID=28315) to work on /home/lohit/miniconda3/envs/airflow-env/lib/python3.8/site-packages/airflow/example_dags/example_nested_branch_dag.py
[2025-06-01T18:06:10.930+0200] {processor.py:829} INFO - Processing file /home/lohit/miniconda3/envs/airflow-env/lib/python3.8/site-packages/airflow/example_dags/example_nested_branch_dag.py for tasks to queue
[2025-06-01T18:06:10.930+0200] {logging_mixin.py:154} INFO - [2025-06-01T18:06:10.930+0200] {dagbag.py:536} INFO - Filling up the DagBag from /home/lohit/miniconda3/envs/airflow-env/lib/python3.8/site-packages/airflow/example_dags/example_nested_branch_dag.py
[2025-06-01T18:06:10.937+0200] {processor.py:839} INFO - DAG(s) dict_keys(['example_nested_branch_dag']) retrieved from /home/lohit/miniconda3/envs/airflow-env/lib/python3.8/site-packages/airflow/example_dags/example_nested_branch_dag.py
[2025-06-01T18:06:10.949+0200] {logging_mixin.py:154} INFO - [2025-06-01T18:06:10.949+0200] {dag.py:2941} INFO - Sync 1 DAGs
[2025-06-01T18:06:10.962+0200] {logging_mixin.py:154} INFO - [2025-06-01T18:06:10.962+0200] {dag.py:3722} INFO - Setting next_dagrun for example_nested_branch_dag to 2025-05-31T00:00:00+00:00, run_after=2025-06-01T00:00:00+00:00
[2025-06-01T18:06:10.980+0200] {processor.py:179} INFO - Processing /home/lohit/miniconda3/envs/airflow-env/lib/python3.8/site-packages/airflow/example_dags/example_nested_branch_dag.py took 0.057 seconds
[2025-06-01T18:06:54.501+0200] {processor.py:157} INFO - Started process (PID=28383) to work on /home/lohit/miniconda3/envs/airflow-env/lib/python3.8/site-packages/airflow/example_dags/example_nested_branch_dag.py
[2025-06-01T18:06:54.504+0200] {processor.py:829} INFO - Processing file /home/lohit/miniconda3/envs/airflow-env/lib/python3.8/site-packages/airflow/example_dags/example_nested_branch_dag.py for tasks to queue
[2025-06-01T18:06:54.505+0200] {logging_mixin.py:154} INFO - [2025-06-01T18:06:54.505+0200] {dagbag.py:536} INFO - Filling up the DagBag from /home/lohit/miniconda3/envs/airflow-env/lib/python3.8/site-packages/airflow/example_dags/example_nested_branch_dag.py
[2025-06-01T18:06:54.511+0200] {processor.py:839} INFO - DAG(s) dict_keys(['example_nested_branch_dag']) retrieved from /home/lohit/miniconda3/envs/airflow-env/lib/python3.8/site-packages/airflow/example_dags/example_nested_branch_dag.py
[2025-06-01T18:06:54.520+0200] {logging_mixin.py:154} INFO - [2025-06-01T18:06:54.520+0200] {dag.py:2941} INFO - Sync 1 DAGs
[2025-06-01T18:06:54.533+0200] {logging_mixin.py:154} INFO - [2025-06-01T18:06:54.533+0200] {dag.py:3722} INFO - Setting next_dagrun for example_nested_branch_dag to 2025-05-31T00:00:00+00:00, run_after=2025-06-01T00:00:00+00:00
[2025-06-01T18:06:54.549+0200] {processor.py:179} INFO - Processing /home/lohit/miniconda3/envs/airflow-env/lib/python3.8/site-packages/airflow/example_dags/example_nested_branch_dag.py took 0.050 seconds
[2025-06-01T18:07:42.071+0200] {processor.py:157} INFO - Started process (PID=28453) to work on /home/lohit/miniconda3/envs/airflow-env/lib/python3.8/site-packages/airflow/example_dags/example_nested_branch_dag.py
[2025-06-01T18:07:42.075+0200] {processor.py:829} INFO - Processing file /home/lohit/miniconda3/envs/airflow-env/lib/python3.8/site-packages/airflow/example_dags/example_nested_branch_dag.py for tasks to queue
[2025-06-01T18:07:42.075+0200] {logging_mixin.py:154} INFO - [2025-06-01T18:07:42.075+0200] {dagbag.py:536} INFO - Filling up the DagBag from /home/lohit/miniconda3/envs/airflow-env/lib/python3.8/site-packages/airflow/example_dags/example_nested_branch_dag.py
[2025-06-01T18:07:42.082+0200] {processor.py:839} INFO - DAG(s) dict_keys(['example_nested_branch_dag']) retrieved from /home/lohit/miniconda3/envs/airflow-env/lib/python3.8/site-packages/airflow/example_dags/example_nested_branch_dag.py
[2025-06-01T18:07:42.092+0200] {logging_mixin.py:154} INFO - [2025-06-01T18:07:42.092+0200] {dag.py:2941} INFO - Sync 1 DAGs
[2025-06-01T18:07:42.103+0200] {logging_mixin.py:154} INFO - [2025-06-01T18:07:42.103+0200] {dag.py:3722} INFO - Setting next_dagrun for example_nested_branch_dag to 2025-05-31T00:00:00+00:00, run_after=2025-06-01T00:00:00+00:00
[2025-06-01T18:07:42.119+0200] {processor.py:179} INFO - Processing /home/lohit/miniconda3/envs/airflow-env/lib/python3.8/site-packages/airflow/example_dags/example_nested_branch_dag.py took 0.050 seconds
[2025-06-01T18:08:28.789+0200] {processor.py:157} INFO - Started process (PID=28524) to work on /home/lohit/miniconda3/envs/airflow-env/lib/python3.8/site-packages/airflow/example_dags/example_nested_branch_dag.py
[2025-06-01T18:08:28.792+0200] {processor.py:829} INFO - Processing file /home/lohit/miniconda3/envs/airflow-env/lib/python3.8/site-packages/airflow/example_dags/example_nested_branch_dag.py for tasks to queue
[2025-06-01T18:08:28.793+0200] {logging_mixin.py:154} INFO - [2025-06-01T18:08:28.793+0200] {dagbag.py:536} INFO - Filling up the DagBag from /home/lohit/miniconda3/envs/airflow-env/lib/python3.8/site-packages/airflow/example_dags/example_nested_branch_dag.py
[2025-06-01T18:08:28.799+0200] {processor.py:839} INFO - DAG(s) dict_keys(['example_nested_branch_dag']) retrieved from /home/lohit/miniconda3/envs/airflow-env/lib/python3.8/site-packages/airflow/example_dags/example_nested_branch_dag.py
[2025-06-01T18:08:28.810+0200] {logging_mixin.py:154} INFO - [2025-06-01T18:08:28.810+0200] {dag.py:2941} INFO - Sync 1 DAGs
[2025-06-01T18:08:28.824+0200] {logging_mixin.py:154} INFO - [2025-06-01T18:08:28.823+0200] {dag.py:3722} INFO - Setting next_dagrun for example_nested_branch_dag to 2025-05-31T00:00:00+00:00, run_after=2025-06-01T00:00:00+00:00
[2025-06-01T18:08:28.839+0200] {processor.py:179} INFO - Processing /home/lohit/miniconda3/envs/airflow-env/lib/python3.8/site-packages/airflow/example_dags/example_nested_branch_dag.py took 0.052 seconds
[2025-06-01T18:09:16.437+0200] {processor.py:157} INFO - Started process (PID=28597) to work on /home/lohit/miniconda3/envs/airflow-env/lib/python3.8/site-packages/airflow/example_dags/example_nested_branch_dag.py
[2025-06-01T18:09:16.441+0200] {processor.py:829} INFO - Processing file /home/lohit/miniconda3/envs/airflow-env/lib/python3.8/site-packages/airflow/example_dags/example_nested_branch_dag.py for tasks to queue
[2025-06-01T18:09:16.441+0200] {logging_mixin.py:154} INFO - [2025-06-01T18:09:16.441+0200] {dagbag.py:536} INFO - Filling up the DagBag from /home/lohit/miniconda3/envs/airflow-env/lib/python3.8/site-packages/airflow/example_dags/example_nested_branch_dag.py
[2025-06-01T18:09:16.447+0200] {processor.py:839} INFO - DAG(s) dict_keys(['example_nested_branch_dag']) retrieved from /home/lohit/miniconda3/envs/airflow-env/lib/python3.8/site-packages/airflow/example_dags/example_nested_branch_dag.py
[2025-06-01T18:09:16.457+0200] {logging_mixin.py:154} INFO - [2025-06-01T18:09:16.457+0200] {dag.py:2941} INFO - Sync 1 DAGs
[2025-06-01T18:09:16.468+0200] {logging_mixin.py:154} INFO - [2025-06-01T18:09:16.468+0200] {dag.py:3722} INFO - Setting next_dagrun for example_nested_branch_dag to 2025-05-31T00:00:00+00:00, run_after=2025-06-01T00:00:00+00:00
[2025-06-01T18:09:16.485+0200] {processor.py:179} INFO - Processing /home/lohit/miniconda3/envs/airflow-env/lib/python3.8/site-packages/airflow/example_dags/example_nested_branch_dag.py took 0.049 seconds
[2025-06-01T18:10:03.541+0200] {processor.py:157} INFO - Started process (PID=28678) to work on /home/lohit/miniconda3/envs/airflow-env/lib/python3.8/site-packages/airflow/example_dags/example_nested_branch_dag.py
[2025-06-01T18:10:03.542+0200] {processor.py:829} INFO - Processing file /home/lohit/miniconda3/envs/airflow-env/lib/python3.8/site-packages/airflow/example_dags/example_nested_branch_dag.py for tasks to queue
[2025-06-01T18:10:03.543+0200] {logging_mixin.py:154} INFO - [2025-06-01T18:10:03.543+0200] {dagbag.py:536} INFO - Filling up the DagBag from /home/lohit/miniconda3/envs/airflow-env/lib/python3.8/site-packages/airflow/example_dags/example_nested_branch_dag.py
[2025-06-01T18:10:03.549+0200] {processor.py:839} INFO - DAG(s) dict_keys(['example_nested_branch_dag']) retrieved from /home/lohit/miniconda3/envs/airflow-env/lib/python3.8/site-packages/airflow/example_dags/example_nested_branch_dag.py
[2025-06-01T18:10:03.561+0200] {logging_mixin.py:154} INFO - [2025-06-01T18:10:03.561+0200] {dag.py:2941} INFO - Sync 1 DAGs
[2025-06-01T18:10:03.574+0200] {logging_mixin.py:154} INFO - [2025-06-01T18:10:03.573+0200] {dag.py:3722} INFO - Setting next_dagrun for example_nested_branch_dag to 2025-05-31T00:00:00+00:00, run_after=2025-06-01T00:00:00+00:00
[2025-06-01T18:10:03.591+0200] {processor.py:179} INFO - Processing /home/lohit/miniconda3/envs/airflow-env/lib/python3.8/site-packages/airflow/example_dags/example_nested_branch_dag.py took 0.052 seconds
[2025-06-01T18:10:39.139+0200] {processor.py:157} INFO - Started process (PID=28737) to work on /home/lohit/miniconda3/envs/airflow-env/lib/python3.8/site-packages/airflow/example_dags/example_nested_branch_dag.py
[2025-06-01T18:10:39.142+0200] {processor.py:829} INFO - Processing file /home/lohit/miniconda3/envs/airflow-env/lib/python3.8/site-packages/airflow/example_dags/example_nested_branch_dag.py for tasks to queue
[2025-06-01T18:10:39.143+0200] {logging_mixin.py:154} INFO - [2025-06-01T18:10:39.142+0200] {dagbag.py:536} INFO - Filling up the DagBag from /home/lohit/miniconda3/envs/airflow-env/lib/python3.8/site-packages/airflow/example_dags/example_nested_branch_dag.py
[2025-06-01T18:10:39.149+0200] {processor.py:839} INFO - DAG(s) dict_keys(['example_nested_branch_dag']) retrieved from /home/lohit/miniconda3/envs/airflow-env/lib/python3.8/site-packages/airflow/example_dags/example_nested_branch_dag.py
[2025-06-01T18:10:39.161+0200] {logging_mixin.py:154} INFO - [2025-06-01T18:10:39.161+0200] {dag.py:2941} INFO - Sync 1 DAGs
[2025-06-01T18:10:39.176+0200] {logging_mixin.py:154} INFO - [2025-06-01T18:10:39.175+0200] {dag.py:3722} INFO - Setting next_dagrun for example_nested_branch_dag to 2025-05-31T00:00:00+00:00, run_after=2025-06-01T00:00:00+00:00
[2025-06-01T18:10:39.193+0200] {processor.py:179} INFO - Processing /home/lohit/miniconda3/envs/airflow-env/lib/python3.8/site-packages/airflow/example_dags/example_nested_branch_dag.py took 0.056 seconds
[2025-06-01T18:11:25.162+0200] {processor.py:157} INFO - Started process (PID=28807) to work on /home/lohit/miniconda3/envs/airflow-env/lib/python3.8/site-packages/airflow/example_dags/example_nested_branch_dag.py
[2025-06-01T18:11:25.163+0200] {processor.py:829} INFO - Processing file /home/lohit/miniconda3/envs/airflow-env/lib/python3.8/site-packages/airflow/example_dags/example_nested_branch_dag.py for tasks to queue
[2025-06-01T18:11:25.164+0200] {logging_mixin.py:154} INFO - [2025-06-01T18:11:25.163+0200] {dagbag.py:536} INFO - Filling up the DagBag from /home/lohit/miniconda3/envs/airflow-env/lib/python3.8/site-packages/airflow/example_dags/example_nested_branch_dag.py
[2025-06-01T18:11:25.170+0200] {processor.py:839} INFO - DAG(s) dict_keys(['example_nested_branch_dag']) retrieved from /home/lohit/miniconda3/envs/airflow-env/lib/python3.8/site-packages/airflow/example_dags/example_nested_branch_dag.py
[2025-06-01T18:11:25.180+0200] {logging_mixin.py:154} INFO - [2025-06-01T18:11:25.180+0200] {dag.py:2941} INFO - Sync 1 DAGs
[2025-06-01T18:11:25.191+0200] {logging_mixin.py:154} INFO - [2025-06-01T18:11:25.191+0200] {dag.py:3722} INFO - Setting next_dagrun for example_nested_branch_dag to 2025-05-31T00:00:00+00:00, run_after=2025-06-01T00:00:00+00:00
[2025-06-01T18:11:25.207+0200] {processor.py:179} INFO - Processing /home/lohit/miniconda3/envs/airflow-env/lib/python3.8/site-packages/airflow/example_dags/example_nested_branch_dag.py took 0.047 seconds
[2025-06-01T18:12:15.630+0200] {processor.py:157} INFO - Started process (PID=28880) to work on /home/lohit/miniconda3/envs/airflow-env/lib/python3.8/site-packages/airflow/example_dags/example_nested_branch_dag.py
[2025-06-01T18:12:15.631+0200] {processor.py:829} INFO - Processing file /home/lohit/miniconda3/envs/airflow-env/lib/python3.8/site-packages/airflow/example_dags/example_nested_branch_dag.py for tasks to queue
[2025-06-01T18:12:15.631+0200] {logging_mixin.py:154} INFO - [2025-06-01T18:12:15.631+0200] {dagbag.py:536} INFO - Filling up the DagBag from /home/lohit/miniconda3/envs/airflow-env/lib/python3.8/site-packages/airflow/example_dags/example_nested_branch_dag.py
[2025-06-01T18:12:15.637+0200] {processor.py:839} INFO - DAG(s) dict_keys(['example_nested_branch_dag']) retrieved from /home/lohit/miniconda3/envs/airflow-env/lib/python3.8/site-packages/airflow/example_dags/example_nested_branch_dag.py
[2025-06-01T18:12:15.649+0200] {logging_mixin.py:154} INFO - [2025-06-01T18:12:15.649+0200] {dag.py:2941} INFO - Sync 1 DAGs
[2025-06-01T18:12:15.661+0200] {logging_mixin.py:154} INFO - [2025-06-01T18:12:15.661+0200] {dag.py:3722} INFO - Setting next_dagrun for example_nested_branch_dag to 2025-05-31T00:00:00+00:00, run_after=2025-06-01T00:00:00+00:00
[2025-06-01T18:12:15.676+0200] {processor.py:179} INFO - Processing /home/lohit/miniconda3/envs/airflow-env/lib/python3.8/site-packages/airflow/example_dags/example_nested_branch_dag.py took 0.048 seconds
[2025-06-01T18:12:48.967+0200] {processor.py:157} INFO - Started process (PID=28920) to work on /home/lohit/miniconda3/envs/airflow-env/lib/python3.8/site-packages/airflow/example_dags/example_nested_branch_dag.py
[2025-06-01T18:12:48.968+0200] {processor.py:829} INFO - Processing file /home/lohit/miniconda3/envs/airflow-env/lib/python3.8/site-packages/airflow/example_dags/example_nested_branch_dag.py for tasks to queue
[2025-06-01T18:12:48.969+0200] {logging_mixin.py:154} INFO - [2025-06-01T18:12:48.969+0200] {dagbag.py:536} INFO - Filling up the DagBag from /home/lohit/miniconda3/envs/airflow-env/lib/python3.8/site-packages/airflow/example_dags/example_nested_branch_dag.py
[2025-06-01T18:12:48.976+0200] {processor.py:839} INFO - DAG(s) dict_keys(['example_nested_branch_dag']) retrieved from /home/lohit/miniconda3/envs/airflow-env/lib/python3.8/site-packages/airflow/example_dags/example_nested_branch_dag.py
[2025-06-01T18:12:48.987+0200] {logging_mixin.py:154} INFO - [2025-06-01T18:12:48.987+0200] {dag.py:2941} INFO - Sync 1 DAGs
[2025-06-01T18:12:49.000+0200] {logging_mixin.py:154} INFO - [2025-06-01T18:12:49.000+0200] {dag.py:3722} INFO - Setting next_dagrun for example_nested_branch_dag to 2025-05-31T00:00:00+00:00, run_after=2025-06-01T00:00:00+00:00
[2025-06-01T18:12:49.017+0200] {processor.py:179} INFO - Processing /home/lohit/miniconda3/envs/airflow-env/lib/python3.8/site-packages/airflow/example_dags/example_nested_branch_dag.py took 0.052 seconds
[2025-06-01T18:13:35.260+0200] {processor.py:157} INFO - Started process (PID=28990) to work on /home/lohit/miniconda3/envs/airflow-env/lib/python3.8/site-packages/airflow/example_dags/example_nested_branch_dag.py
[2025-06-01T18:13:35.264+0200] {processor.py:829} INFO - Processing file /home/lohit/miniconda3/envs/airflow-env/lib/python3.8/site-packages/airflow/example_dags/example_nested_branch_dag.py for tasks to queue
[2025-06-01T18:13:35.264+0200] {logging_mixin.py:154} INFO - [2025-06-01T18:13:35.264+0200] {dagbag.py:536} INFO - Filling up the DagBag from /home/lohit/miniconda3/envs/airflow-env/lib/python3.8/site-packages/airflow/example_dags/example_nested_branch_dag.py
[2025-06-01T18:13:35.270+0200] {processor.py:839} INFO - DAG(s) dict_keys(['example_nested_branch_dag']) retrieved from /home/lohit/miniconda3/envs/airflow-env/lib/python3.8/site-packages/airflow/example_dags/example_nested_branch_dag.py
[2025-06-01T18:13:35.281+0200] {logging_mixin.py:154} INFO - [2025-06-01T18:13:35.281+0200] {dag.py:2941} INFO - Sync 1 DAGs
[2025-06-01T18:13:35.293+0200] {logging_mixin.py:154} INFO - [2025-06-01T18:13:35.293+0200] {dag.py:3722} INFO - Setting next_dagrun for example_nested_branch_dag to 2025-05-31T00:00:00+00:00, run_after=2025-06-01T00:00:00+00:00
[2025-06-01T18:13:35.310+0200] {processor.py:179} INFO - Processing /home/lohit/miniconda3/envs/airflow-env/lib/python3.8/site-packages/airflow/example_dags/example_nested_branch_dag.py took 0.051 seconds
[2025-06-01T18:14:18.029+0200] {processor.py:157} INFO - Started process (PID=29058) to work on /home/lohit/miniconda3/envs/airflow-env/lib/python3.8/site-packages/airflow/example_dags/example_nested_branch_dag.py
[2025-06-01T18:14:18.032+0200] {processor.py:829} INFO - Processing file /home/lohit/miniconda3/envs/airflow-env/lib/python3.8/site-packages/airflow/example_dags/example_nested_branch_dag.py for tasks to queue
[2025-06-01T18:14:18.033+0200] {logging_mixin.py:154} INFO - [2025-06-01T18:14:18.033+0200] {dagbag.py:536} INFO - Filling up the DagBag from /home/lohit/miniconda3/envs/airflow-env/lib/python3.8/site-packages/airflow/example_dags/example_nested_branch_dag.py
[2025-06-01T18:14:18.040+0200] {processor.py:839} INFO - DAG(s) dict_keys(['example_nested_branch_dag']) retrieved from /home/lohit/miniconda3/envs/airflow-env/lib/python3.8/site-packages/airflow/example_dags/example_nested_branch_dag.py
[2025-06-01T18:14:18.052+0200] {logging_mixin.py:154} INFO - [2025-06-01T18:14:18.052+0200] {dag.py:2941} INFO - Sync 1 DAGs
[2025-06-01T18:14:18.065+0200] {logging_mixin.py:154} INFO - [2025-06-01T18:14:18.065+0200] {dag.py:3722} INFO - Setting next_dagrun for example_nested_branch_dag to 2025-05-31T00:00:00+00:00, run_after=2025-06-01T00:00:00+00:00
[2025-06-01T18:14:18.084+0200] {processor.py:179} INFO - Processing /home/lohit/miniconda3/envs/airflow-env/lib/python3.8/site-packages/airflow/example_dags/example_nested_branch_dag.py took 0.057 seconds
[2025-06-01T18:15:05.368+0200] {processor.py:157} INFO - Started process (PID=29127) to work on /home/lohit/miniconda3/envs/airflow-env/lib/python3.8/site-packages/airflow/example_dags/example_nested_branch_dag.py
[2025-06-01T18:15:05.372+0200] {processor.py:829} INFO - Processing file /home/lohit/miniconda3/envs/airflow-env/lib/python3.8/site-packages/airflow/example_dags/example_nested_branch_dag.py for tasks to queue
[2025-06-01T18:15:05.373+0200] {logging_mixin.py:154} INFO - [2025-06-01T18:15:05.372+0200] {dagbag.py:536} INFO - Filling up the DagBag from /home/lohit/miniconda3/envs/airflow-env/lib/python3.8/site-packages/airflow/example_dags/example_nested_branch_dag.py
[2025-06-01T18:15:05.379+0200] {processor.py:839} INFO - DAG(s) dict_keys(['example_nested_branch_dag']) retrieved from /home/lohit/miniconda3/envs/airflow-env/lib/python3.8/site-packages/airflow/example_dags/example_nested_branch_dag.py
[2025-06-01T18:15:05.390+0200] {logging_mixin.py:154} INFO - [2025-06-01T18:15:05.390+0200] {dag.py:2941} INFO - Sync 1 DAGs
[2025-06-01T18:15:05.404+0200] {logging_mixin.py:154} INFO - [2025-06-01T18:15:05.404+0200] {dag.py:3722} INFO - Setting next_dagrun for example_nested_branch_dag to 2025-05-31T00:00:00+00:00, run_after=2025-06-01T00:00:00+00:00
[2025-06-01T18:15:05.422+0200] {processor.py:179} INFO - Processing /home/lohit/miniconda3/envs/airflow-env/lib/python3.8/site-packages/airflow/example_dags/example_nested_branch_dag.py took 0.056 seconds
[2025-06-01T18:15:53.666+0200] {processor.py:157} INFO - Started process (PID=29198) to work on /home/lohit/miniconda3/envs/airflow-env/lib/python3.8/site-packages/airflow/example_dags/example_nested_branch_dag.py
[2025-06-01T18:15:53.667+0200] {processor.py:829} INFO - Processing file /home/lohit/miniconda3/envs/airflow-env/lib/python3.8/site-packages/airflow/example_dags/example_nested_branch_dag.py for tasks to queue
[2025-06-01T18:15:53.668+0200] {logging_mixin.py:154} INFO - [2025-06-01T18:15:53.667+0200] {dagbag.py:536} INFO - Filling up the DagBag from /home/lohit/miniconda3/envs/airflow-env/lib/python3.8/site-packages/airflow/example_dags/example_nested_branch_dag.py
[2025-06-01T18:15:53.674+0200] {processor.py:839} INFO - DAG(s) dict_keys(['example_nested_branch_dag']) retrieved from /home/lohit/miniconda3/envs/airflow-env/lib/python3.8/site-packages/airflow/example_dags/example_nested_branch_dag.py
[2025-06-01T18:15:53.686+0200] {logging_mixin.py:154} INFO - [2025-06-01T18:15:53.686+0200] {dag.py:2941} INFO - Sync 1 DAGs
[2025-06-01T18:15:53.698+0200] {logging_mixin.py:154} INFO - [2025-06-01T18:15:53.698+0200] {dag.py:3722} INFO - Setting next_dagrun for example_nested_branch_dag to 2025-05-31T00:00:00+00:00, run_after=2025-06-01T00:00:00+00:00
[2025-06-01T18:15:53.714+0200] {processor.py:179} INFO - Processing /home/lohit/miniconda3/envs/airflow-env/lib/python3.8/site-packages/airflow/example_dags/example_nested_branch_dag.py took 0.050 seconds
[2025-06-01T18:16:28.313+0200] {processor.py:157} INFO - Started process (PID=29255) to work on /home/lohit/miniconda3/envs/airflow-env/lib/python3.8/site-packages/airflow/example_dags/example_nested_branch_dag.py
[2025-06-01T18:16:28.316+0200] {processor.py:829} INFO - Processing file /home/lohit/miniconda3/envs/airflow-env/lib/python3.8/site-packages/airflow/example_dags/example_nested_branch_dag.py for tasks to queue
[2025-06-01T18:16:28.317+0200] {logging_mixin.py:154} INFO - [2025-06-01T18:16:28.317+0200] {dagbag.py:536} INFO - Filling up the DagBag from /home/lohit/miniconda3/envs/airflow-env/lib/python3.8/site-packages/airflow/example_dags/example_nested_branch_dag.py
[2025-06-01T18:16:28.323+0200] {processor.py:839} INFO - DAG(s) dict_keys(['example_nested_branch_dag']) retrieved from /home/lohit/miniconda3/envs/airflow-env/lib/python3.8/site-packages/airflow/example_dags/example_nested_branch_dag.py
[2025-06-01T18:16:28.333+0200] {logging_mixin.py:154} INFO - [2025-06-01T18:16:28.333+0200] {dag.py:2941} INFO - Sync 1 DAGs
[2025-06-01T18:16:28.344+0200] {logging_mixin.py:154} INFO - [2025-06-01T18:16:28.343+0200] {dag.py:3722} INFO - Setting next_dagrun for example_nested_branch_dag to 2025-05-31T00:00:00+00:00, run_after=2025-06-01T00:00:00+00:00
[2025-06-01T18:16:28.359+0200] {processor.py:179} INFO - Processing /home/lohit/miniconda3/envs/airflow-env/lib/python3.8/site-packages/airflow/example_dags/example_nested_branch_dag.py took 0.047 seconds
[2025-06-01T18:17:16.237+0200] {processor.py:157} INFO - Started process (PID=29328) to work on /home/lohit/miniconda3/envs/airflow-env/lib/python3.8/site-packages/airflow/example_dags/example_nested_branch_dag.py
[2025-06-01T18:17:16.241+0200] {processor.py:829} INFO - Processing file /home/lohit/miniconda3/envs/airflow-env/lib/python3.8/site-packages/airflow/example_dags/example_nested_branch_dag.py for tasks to queue
[2025-06-01T18:17:16.241+0200] {logging_mixin.py:154} INFO - [2025-06-01T18:17:16.241+0200] {dagbag.py:536} INFO - Filling up the DagBag from /home/lohit/miniconda3/envs/airflow-env/lib/python3.8/site-packages/airflow/example_dags/example_nested_branch_dag.py
[2025-06-01T18:17:16.247+0200] {processor.py:839} INFO - DAG(s) dict_keys(['example_nested_branch_dag']) retrieved from /home/lohit/miniconda3/envs/airflow-env/lib/python3.8/site-packages/airflow/example_dags/example_nested_branch_dag.py
[2025-06-01T18:17:16.257+0200] {logging_mixin.py:154} INFO - [2025-06-01T18:17:16.257+0200] {dag.py:2941} INFO - Sync 1 DAGs
[2025-06-01T18:17:16.268+0200] {logging_mixin.py:154} INFO - [2025-06-01T18:17:16.268+0200] {dag.py:3722} INFO - Setting next_dagrun for example_nested_branch_dag to 2025-05-31T00:00:00+00:00, run_after=2025-06-01T00:00:00+00:00
[2025-06-01T18:17:16.284+0200] {processor.py:179} INFO - Processing /home/lohit/miniconda3/envs/airflow-env/lib/python3.8/site-packages/airflow/example_dags/example_nested_branch_dag.py took 0.049 seconds
[2025-06-01T18:17:59.436+0200] {processor.py:157} INFO - Started process (PID=29396) to work on /home/lohit/miniconda3/envs/airflow-env/lib/python3.8/site-packages/airflow/example_dags/example_nested_branch_dag.py
[2025-06-01T18:17:59.439+0200] {processor.py:829} INFO - Processing file /home/lohit/miniconda3/envs/airflow-env/lib/python3.8/site-packages/airflow/example_dags/example_nested_branch_dag.py for tasks to queue
[2025-06-01T18:17:59.439+0200] {logging_mixin.py:154} INFO - [2025-06-01T18:17:59.439+0200] {dagbag.py:536} INFO - Filling up the DagBag from /home/lohit/miniconda3/envs/airflow-env/lib/python3.8/site-packages/airflow/example_dags/example_nested_branch_dag.py
[2025-06-01T18:17:59.445+0200] {processor.py:839} INFO - DAG(s) dict_keys(['example_nested_branch_dag']) retrieved from /home/lohit/miniconda3/envs/airflow-env/lib/python3.8/site-packages/airflow/example_dags/example_nested_branch_dag.py
[2025-06-01T18:17:59.458+0200] {logging_mixin.py:154} INFO - [2025-06-01T18:17:59.457+0200] {dag.py:2941} INFO - Sync 1 DAGs
[2025-06-01T18:17:59.469+0200] {logging_mixin.py:154} INFO - [2025-06-01T18:17:59.469+0200] {dag.py:3722} INFO - Setting next_dagrun for example_nested_branch_dag to 2025-05-31T00:00:00+00:00, run_after=2025-06-01T00:00:00+00:00
[2025-06-01T18:17:59.486+0200] {processor.py:179} INFO - Processing /home/lohit/miniconda3/envs/airflow-env/lib/python3.8/site-packages/airflow/example_dags/example_nested_branch_dag.py took 0.052 seconds
[2025-06-01T18:18:47.146+0200] {processor.py:157} INFO - Started process (PID=29466) to work on /home/lohit/miniconda3/envs/airflow-env/lib/python3.8/site-packages/airflow/example_dags/example_nested_branch_dag.py
[2025-06-01T18:18:47.147+0200] {processor.py:829} INFO - Processing file /home/lohit/miniconda3/envs/airflow-env/lib/python3.8/site-packages/airflow/example_dags/example_nested_branch_dag.py for tasks to queue
[2025-06-01T18:18:47.148+0200] {logging_mixin.py:154} INFO - [2025-06-01T18:18:47.148+0200] {dagbag.py:536} INFO - Filling up the DagBag from /home/lohit/miniconda3/envs/airflow-env/lib/python3.8/site-packages/airflow/example_dags/example_nested_branch_dag.py
[2025-06-01T18:18:47.154+0200] {processor.py:839} INFO - DAG(s) dict_keys(['example_nested_branch_dag']) retrieved from /home/lohit/miniconda3/envs/airflow-env/lib/python3.8/site-packages/airflow/example_dags/example_nested_branch_dag.py
[2025-06-01T18:18:47.166+0200] {logging_mixin.py:154} INFO - [2025-06-01T18:18:47.166+0200] {dag.py:2941} INFO - Sync 1 DAGs
[2025-06-01T18:18:47.179+0200] {logging_mixin.py:154} INFO - [2025-06-01T18:18:47.179+0200] {dag.py:3722} INFO - Setting next_dagrun for example_nested_branch_dag to 2025-05-31T00:00:00+00:00, run_after=2025-06-01T00:00:00+00:00
[2025-06-01T18:18:47.195+0200] {processor.py:179} INFO - Processing /home/lohit/miniconda3/envs/airflow-env/lib/python3.8/site-packages/airflow/example_dags/example_nested_branch_dag.py took 0.051 seconds
[2025-06-01T18:19:36.217+0200] {processor.py:157} INFO - Started process (PID=29537) to work on /home/lohit/miniconda3/envs/airflow-env/lib/python3.8/site-packages/airflow/example_dags/example_nested_branch_dag.py
[2025-06-01T18:19:36.220+0200] {processor.py:829} INFO - Processing file /home/lohit/miniconda3/envs/airflow-env/lib/python3.8/site-packages/airflow/example_dags/example_nested_branch_dag.py for tasks to queue
[2025-06-01T18:19:36.221+0200] {logging_mixin.py:154} INFO - [2025-06-01T18:19:36.221+0200] {dagbag.py:536} INFO - Filling up the DagBag from /home/lohit/miniconda3/envs/airflow-env/lib/python3.8/site-packages/airflow/example_dags/example_nested_branch_dag.py
[2025-06-01T18:19:36.227+0200] {processor.py:839} INFO - DAG(s) dict_keys(['example_nested_branch_dag']) retrieved from /home/lohit/miniconda3/envs/airflow-env/lib/python3.8/site-packages/airflow/example_dags/example_nested_branch_dag.py
[2025-06-01T18:19:36.240+0200] {logging_mixin.py:154} INFO - [2025-06-01T18:19:36.240+0200] {dag.py:2941} INFO - Sync 1 DAGs
[2025-06-01T18:19:36.253+0200] {logging_mixin.py:154} INFO - [2025-06-01T18:19:36.253+0200] {dag.py:3722} INFO - Setting next_dagrun for example_nested_branch_dag to 2025-05-31T00:00:00+00:00, run_after=2025-06-01T00:00:00+00:00
[2025-06-01T18:19:36.270+0200] {processor.py:179} INFO - Processing /home/lohit/miniconda3/envs/airflow-env/lib/python3.8/site-packages/airflow/example_dags/example_nested_branch_dag.py took 0.055 seconds
[2025-06-01T18:20:22.554+0200] {processor.py:157} INFO - Started process (PID=29606) to work on /home/lohit/miniconda3/envs/airflow-env/lib/python3.8/site-packages/airflow/example_dags/example_nested_branch_dag.py
[2025-06-01T18:20:22.557+0200] {processor.py:829} INFO - Processing file /home/lohit/miniconda3/envs/airflow-env/lib/python3.8/site-packages/airflow/example_dags/example_nested_branch_dag.py for tasks to queue
[2025-06-01T18:20:22.558+0200] {logging_mixin.py:154} INFO - [2025-06-01T18:20:22.557+0200] {dagbag.py:536} INFO - Filling up the DagBag from /home/lohit/miniconda3/envs/airflow-env/lib/python3.8/site-packages/airflow/example_dags/example_nested_branch_dag.py
[2025-06-01T18:20:22.564+0200] {processor.py:839} INFO - DAG(s) dict_keys(['example_nested_branch_dag']) retrieved from /home/lohit/miniconda3/envs/airflow-env/lib/python3.8/site-packages/airflow/example_dags/example_nested_branch_dag.py
[2025-06-01T18:20:22.573+0200] {logging_mixin.py:154} INFO - [2025-06-01T18:20:22.573+0200] {dag.py:2941} INFO - Sync 1 DAGs
[2025-06-01T18:20:22.585+0200] {logging_mixin.py:154} INFO - [2025-06-01T18:20:22.585+0200] {dag.py:3722} INFO - Setting next_dagrun for example_nested_branch_dag to 2025-05-31T00:00:00+00:00, run_after=2025-06-01T00:00:00+00:00
[2025-06-01T18:20:22.600+0200] {processor.py:179} INFO - Processing /home/lohit/miniconda3/envs/airflow-env/lib/python3.8/site-packages/airflow/example_dags/example_nested_branch_dag.py took 0.048 seconds
[2025-06-01T18:21:11.249+0200] {processor.py:157} INFO - Started process (PID=29678) to work on /home/lohit/miniconda3/envs/airflow-env/lib/python3.8/site-packages/airflow/example_dags/example_nested_branch_dag.py
[2025-06-01T18:21:11.253+0200] {processor.py:829} INFO - Processing file /home/lohit/miniconda3/envs/airflow-env/lib/python3.8/site-packages/airflow/example_dags/example_nested_branch_dag.py for tasks to queue
[2025-06-01T18:21:11.254+0200] {logging_mixin.py:154} INFO - [2025-06-01T18:21:11.253+0200] {dagbag.py:536} INFO - Filling up the DagBag from /home/lohit/miniconda3/envs/airflow-env/lib/python3.8/site-packages/airflow/example_dags/example_nested_branch_dag.py
[2025-06-01T18:21:11.260+0200] {processor.py:839} INFO - DAG(s) dict_keys(['example_nested_branch_dag']) retrieved from /home/lohit/miniconda3/envs/airflow-env/lib/python3.8/site-packages/airflow/example_dags/example_nested_branch_dag.py
[2025-06-01T18:21:11.271+0200] {logging_mixin.py:154} INFO - [2025-06-01T18:21:11.270+0200] {dag.py:2941} INFO - Sync 1 DAGs
[2025-06-01T18:21:11.283+0200] {logging_mixin.py:154} INFO - [2025-06-01T18:21:11.283+0200] {dag.py:3722} INFO - Setting next_dagrun for example_nested_branch_dag to 2025-05-31T00:00:00+00:00, run_after=2025-06-01T00:00:00+00:00
[2025-06-01T18:21:11.298+0200] {processor.py:179} INFO - Processing /home/lohit/miniconda3/envs/airflow-env/lib/python3.8/site-packages/airflow/example_dags/example_nested_branch_dag.py took 0.051 seconds
[2025-06-01T18:21:59.052+0200] {processor.py:157} INFO - Started process (PID=29748) to work on /home/lohit/miniconda3/envs/airflow-env/lib/python3.8/site-packages/airflow/example_dags/example_nested_branch_dag.py
[2025-06-01T18:21:59.056+0200] {processor.py:829} INFO - Processing file /home/lohit/miniconda3/envs/airflow-env/lib/python3.8/site-packages/airflow/example_dags/example_nested_branch_dag.py for tasks to queue
[2025-06-01T18:21:59.057+0200] {logging_mixin.py:154} INFO - [2025-06-01T18:21:59.056+0200] {dagbag.py:536} INFO - Filling up the DagBag from /home/lohit/miniconda3/envs/airflow-env/lib/python3.8/site-packages/airflow/example_dags/example_nested_branch_dag.py
[2025-06-01T18:21:59.064+0200] {processor.py:839} INFO - DAG(s) dict_keys(['example_nested_branch_dag']) retrieved from /home/lohit/miniconda3/envs/airflow-env/lib/python3.8/site-packages/airflow/example_dags/example_nested_branch_dag.py
[2025-06-01T18:21:59.077+0200] {logging_mixin.py:154} INFO - [2025-06-01T18:21:59.077+0200] {dag.py:2941} INFO - Sync 1 DAGs
[2025-06-01T18:21:59.089+0200] {logging_mixin.py:154} INFO - [2025-06-01T18:21:59.089+0200] {dag.py:3722} INFO - Setting next_dagrun for example_nested_branch_dag to 2025-05-31T00:00:00+00:00, run_after=2025-06-01T00:00:00+00:00
[2025-06-01T18:21:59.105+0200] {processor.py:179} INFO - Processing /home/lohit/miniconda3/envs/airflow-env/lib/python3.8/site-packages/airflow/example_dags/example_nested_branch_dag.py took 0.055 seconds
[2025-06-01T18:22:45.317+0200] {processor.py:157} INFO - Started process (PID=29817) to work on /home/lohit/miniconda3/envs/airflow-env/lib/python3.8/site-packages/airflow/example_dags/example_nested_branch_dag.py
[2025-06-01T18:22:45.321+0200] {processor.py:829} INFO - Processing file /home/lohit/miniconda3/envs/airflow-env/lib/python3.8/site-packages/airflow/example_dags/example_nested_branch_dag.py for tasks to queue
[2025-06-01T18:22:45.321+0200] {logging_mixin.py:154} INFO - [2025-06-01T18:22:45.321+0200] {dagbag.py:536} INFO - Filling up the DagBag from /home/lohit/miniconda3/envs/airflow-env/lib/python3.8/site-packages/airflow/example_dags/example_nested_branch_dag.py
[2025-06-01T18:22:45.327+0200] {processor.py:839} INFO - DAG(s) dict_keys(['example_nested_branch_dag']) retrieved from /home/lohit/miniconda3/envs/airflow-env/lib/python3.8/site-packages/airflow/example_dags/example_nested_branch_dag.py
[2025-06-01T18:22:45.337+0200] {logging_mixin.py:154} INFO - [2025-06-01T18:22:45.337+0200] {dag.py:2941} INFO - Sync 1 DAGs
[2025-06-01T18:22:45.347+0200] {logging_mixin.py:154} INFO - [2025-06-01T18:22:45.347+0200] {dag.py:3722} INFO - Setting next_dagrun for example_nested_branch_dag to 2025-05-31T00:00:00+00:00, run_after=2025-06-01T00:00:00+00:00
[2025-06-01T18:22:45.362+0200] {processor.py:179} INFO - Processing /home/lohit/miniconda3/envs/airflow-env/lib/python3.8/site-packages/airflow/example_dags/example_nested_branch_dag.py took 0.047 seconds
[2025-06-01T18:23:33.823+0200] {processor.py:157} INFO - Started process (PID=29888) to work on /home/lohit/miniconda3/envs/airflow-env/lib/python3.8/site-packages/airflow/example_dags/example_nested_branch_dag.py
[2025-06-01T18:23:33.824+0200] {processor.py:829} INFO - Processing file /home/lohit/miniconda3/envs/airflow-env/lib/python3.8/site-packages/airflow/example_dags/example_nested_branch_dag.py for tasks to queue
[2025-06-01T18:23:33.825+0200] {logging_mixin.py:154} INFO - [2025-06-01T18:23:33.825+0200] {dagbag.py:536} INFO - Filling up the DagBag from /home/lohit/miniconda3/envs/airflow-env/lib/python3.8/site-packages/airflow/example_dags/example_nested_branch_dag.py
[2025-06-01T18:23:33.831+0200] {processor.py:839} INFO - DAG(s) dict_keys(['example_nested_branch_dag']) retrieved from /home/lohit/miniconda3/envs/airflow-env/lib/python3.8/site-packages/airflow/example_dags/example_nested_branch_dag.py
[2025-06-01T18:23:33.842+0200] {logging_mixin.py:154} INFO - [2025-06-01T18:23:33.842+0200] {dag.py:2941} INFO - Sync 1 DAGs
[2025-06-01T18:23:33.853+0200] {logging_mixin.py:154} INFO - [2025-06-01T18:23:33.853+0200] {dag.py:3722} INFO - Setting next_dagrun for example_nested_branch_dag to 2025-05-31T00:00:00+00:00, run_after=2025-06-01T00:00:00+00:00
[2025-06-01T18:23:33.868+0200] {processor.py:179} INFO - Processing /home/lohit/miniconda3/envs/airflow-env/lib/python3.8/site-packages/airflow/example_dags/example_nested_branch_dag.py took 0.047 seconds
[2025-06-01T18:24:18.045+0200] {processor.py:157} INFO - Started process (PID=29956) to work on /home/lohit/miniconda3/envs/airflow-env/lib/python3.8/site-packages/airflow/example_dags/example_nested_branch_dag.py
[2025-06-01T18:24:18.049+0200] {processor.py:829} INFO - Processing file /home/lohit/miniconda3/envs/airflow-env/lib/python3.8/site-packages/airflow/example_dags/example_nested_branch_dag.py for tasks to queue
[2025-06-01T18:24:18.050+0200] {logging_mixin.py:154} INFO - [2025-06-01T18:24:18.050+0200] {dagbag.py:536} INFO - Filling up the DagBag from /home/lohit/miniconda3/envs/airflow-env/lib/python3.8/site-packages/airflow/example_dags/example_nested_branch_dag.py
[2025-06-01T18:24:18.057+0200] {processor.py:839} INFO - DAG(s) dict_keys(['example_nested_branch_dag']) retrieved from /home/lohit/miniconda3/envs/airflow-env/lib/python3.8/site-packages/airflow/example_dags/example_nested_branch_dag.py
[2025-06-01T18:24:18.069+0200] {logging_mixin.py:154} INFO - [2025-06-01T18:24:18.069+0200] {dag.py:2941} INFO - Sync 1 DAGs
[2025-06-01T18:24:18.081+0200] {logging_mixin.py:154} INFO - [2025-06-01T18:24:18.081+0200] {dag.py:3722} INFO - Setting next_dagrun for example_nested_branch_dag to 2025-05-31T00:00:00+00:00, run_after=2025-06-01T00:00:00+00:00
[2025-06-01T18:24:18.098+0200] {processor.py:179} INFO - Processing /home/lohit/miniconda3/envs/airflow-env/lib/python3.8/site-packages/airflow/example_dags/example_nested_branch_dag.py took 0.055 seconds
[2025-06-01T18:25:06.923+0200] {processor.py:157} INFO - Started process (PID=30027) to work on /home/lohit/miniconda3/envs/airflow-env/lib/python3.8/site-packages/airflow/example_dags/example_nested_branch_dag.py
[2025-06-01T18:25:06.926+0200] {processor.py:829} INFO - Processing file /home/lohit/miniconda3/envs/airflow-env/lib/python3.8/site-packages/airflow/example_dags/example_nested_branch_dag.py for tasks to queue
[2025-06-01T18:25:06.927+0200] {logging_mixin.py:154} INFO - [2025-06-01T18:25:06.926+0200] {dagbag.py:536} INFO - Filling up the DagBag from /home/lohit/miniconda3/envs/airflow-env/lib/python3.8/site-packages/airflow/example_dags/example_nested_branch_dag.py
[2025-06-01T18:25:06.932+0200] {processor.py:839} INFO - DAG(s) dict_keys(['example_nested_branch_dag']) retrieved from /home/lohit/miniconda3/envs/airflow-env/lib/python3.8/site-packages/airflow/example_dags/example_nested_branch_dag.py
[2025-06-01T18:25:06.942+0200] {logging_mixin.py:154} INFO - [2025-06-01T18:25:06.942+0200] {dag.py:2941} INFO - Sync 1 DAGs
[2025-06-01T18:25:06.954+0200] {logging_mixin.py:154} INFO - [2025-06-01T18:25:06.954+0200] {dag.py:3722} INFO - Setting next_dagrun for example_nested_branch_dag to 2025-05-31T00:00:00+00:00, run_after=2025-06-01T00:00:00+00:00
[2025-06-01T18:25:06.970+0200] {processor.py:179} INFO - Processing /home/lohit/miniconda3/envs/airflow-env/lib/python3.8/site-packages/airflow/example_dags/example_nested_branch_dag.py took 0.049 seconds
[2025-06-01T18:25:54.490+0200] {processor.py:157} INFO - Started process (PID=30097) to work on /home/lohit/miniconda3/envs/airflow-env/lib/python3.8/site-packages/airflow/example_dags/example_nested_branch_dag.py
[2025-06-01T18:25:54.493+0200] {processor.py:829} INFO - Processing file /home/lohit/miniconda3/envs/airflow-env/lib/python3.8/site-packages/airflow/example_dags/example_nested_branch_dag.py for tasks to queue
[2025-06-01T18:25:54.494+0200] {logging_mixin.py:154} INFO - [2025-06-01T18:25:54.494+0200] {dagbag.py:536} INFO - Filling up the DagBag from /home/lohit/miniconda3/envs/airflow-env/lib/python3.8/site-packages/airflow/example_dags/example_nested_branch_dag.py
[2025-06-01T18:25:54.504+0200] {processor.py:839} INFO - DAG(s) dict_keys(['example_nested_branch_dag']) retrieved from /home/lohit/miniconda3/envs/airflow-env/lib/python3.8/site-packages/airflow/example_dags/example_nested_branch_dag.py
[2025-06-01T18:25:54.516+0200] {logging_mixin.py:154} INFO - [2025-06-01T18:25:54.515+0200] {dag.py:2941} INFO - Sync 1 DAGs
[2025-06-01T18:25:54.528+0200] {logging_mixin.py:154} INFO - [2025-06-01T18:25:54.528+0200] {dag.py:3722} INFO - Setting next_dagrun for example_nested_branch_dag to 2025-05-31T00:00:00+00:00, run_after=2025-06-01T00:00:00+00:00
[2025-06-01T18:25:54.546+0200] {processor.py:179} INFO - Processing /home/lohit/miniconda3/envs/airflow-env/lib/python3.8/site-packages/airflow/example_dags/example_nested_branch_dag.py took 0.058 seconds
[2025-06-01T18:26:42.101+0200] {processor.py:157} INFO - Started process (PID=30168) to work on /home/lohit/miniconda3/envs/airflow-env/lib/python3.8/site-packages/airflow/example_dags/example_nested_branch_dag.py
[2025-06-01T18:26:42.105+0200] {processor.py:829} INFO - Processing file /home/lohit/miniconda3/envs/airflow-env/lib/python3.8/site-packages/airflow/example_dags/example_nested_branch_dag.py for tasks to queue
[2025-06-01T18:26:42.105+0200] {logging_mixin.py:154} INFO - [2025-06-01T18:26:42.105+0200] {dagbag.py:536} INFO - Filling up the DagBag from /home/lohit/miniconda3/envs/airflow-env/lib/python3.8/site-packages/airflow/example_dags/example_nested_branch_dag.py
[2025-06-01T18:26:42.112+0200] {processor.py:839} INFO - DAG(s) dict_keys(['example_nested_branch_dag']) retrieved from /home/lohit/miniconda3/envs/airflow-env/lib/python3.8/site-packages/airflow/example_dags/example_nested_branch_dag.py
[2025-06-01T18:26:42.124+0200] {logging_mixin.py:154} INFO - [2025-06-01T18:26:42.124+0200] {dag.py:2941} INFO - Sync 1 DAGs
[2025-06-01T18:26:42.137+0200] {logging_mixin.py:154} INFO - [2025-06-01T18:26:42.137+0200] {dag.py:3722} INFO - Setting next_dagrun for example_nested_branch_dag to 2025-05-31T00:00:00+00:00, run_after=2025-06-01T00:00:00+00:00
[2025-06-01T18:26:42.155+0200] {processor.py:179} INFO - Processing /home/lohit/miniconda3/envs/airflow-env/lib/python3.8/site-packages/airflow/example_dags/example_nested_branch_dag.py took 0.056 seconds
[2025-06-01T18:27:25.223+0200] {processor.py:157} INFO - Started process (PID=30236) to work on /home/lohit/miniconda3/envs/airflow-env/lib/python3.8/site-packages/airflow/example_dags/example_nested_branch_dag.py
[2025-06-01T18:27:25.227+0200] {processor.py:829} INFO - Processing file /home/lohit/miniconda3/envs/airflow-env/lib/python3.8/site-packages/airflow/example_dags/example_nested_branch_dag.py for tasks to queue
[2025-06-01T18:27:25.228+0200] {logging_mixin.py:154} INFO - [2025-06-01T18:27:25.227+0200] {dagbag.py:536} INFO - Filling up the DagBag from /home/lohit/miniconda3/envs/airflow-env/lib/python3.8/site-packages/airflow/example_dags/example_nested_branch_dag.py
[2025-06-01T18:27:25.236+0200] {processor.py:839} INFO - DAG(s) dict_keys(['example_nested_branch_dag']) retrieved from /home/lohit/miniconda3/envs/airflow-env/lib/python3.8/site-packages/airflow/example_dags/example_nested_branch_dag.py
[2025-06-01T18:27:25.250+0200] {logging_mixin.py:154} INFO - [2025-06-01T18:27:25.250+0200] {dag.py:2941} INFO - Sync 1 DAGs
[2025-06-01T18:27:25.264+0200] {logging_mixin.py:154} INFO - [2025-06-01T18:27:25.264+0200] {dag.py:3722} INFO - Setting next_dagrun for example_nested_branch_dag to 2025-05-31T00:00:00+00:00, run_after=2025-06-01T00:00:00+00:00
[2025-06-01T18:27:25.284+0200] {processor.py:179} INFO - Processing /home/lohit/miniconda3/envs/airflow-env/lib/python3.8/site-packages/airflow/example_dags/example_nested_branch_dag.py took 0.064 seconds
[2025-06-01T18:28:13.705+0200] {processor.py:157} INFO - Started process (PID=30307) to work on /home/lohit/miniconda3/envs/airflow-env/lib/python3.8/site-packages/airflow/example_dags/example_nested_branch_dag.py
[2025-06-01T18:28:13.706+0200] {processor.py:829} INFO - Processing file /home/lohit/miniconda3/envs/airflow-env/lib/python3.8/site-packages/airflow/example_dags/example_nested_branch_dag.py for tasks to queue
[2025-06-01T18:28:13.706+0200] {logging_mixin.py:154} INFO - [2025-06-01T18:28:13.706+0200] {dagbag.py:536} INFO - Filling up the DagBag from /home/lohit/miniconda3/envs/airflow-env/lib/python3.8/site-packages/airflow/example_dags/example_nested_branch_dag.py
[2025-06-01T18:28:13.712+0200] {processor.py:839} INFO - DAG(s) dict_keys(['example_nested_branch_dag']) retrieved from /home/lohit/miniconda3/envs/airflow-env/lib/python3.8/site-packages/airflow/example_dags/example_nested_branch_dag.py
[2025-06-01T18:28:13.726+0200] {logging_mixin.py:154} INFO - [2025-06-01T18:28:13.726+0200] {dag.py:2941} INFO - Sync 1 DAGs
[2025-06-01T18:28:13.737+0200] {logging_mixin.py:154} INFO - [2025-06-01T18:28:13.737+0200] {dag.py:3722} INFO - Setting next_dagrun for example_nested_branch_dag to 2025-05-31T00:00:00+00:00, run_after=2025-06-01T00:00:00+00:00
[2025-06-01T18:28:13.752+0200] {processor.py:179} INFO - Processing /home/lohit/miniconda3/envs/airflow-env/lib/python3.8/site-packages/airflow/example_dags/example_nested_branch_dag.py took 0.049 seconds
[2025-06-01T18:28:47.951+0200] {processor.py:157} INFO - Started process (PID=30362) to work on /home/lohit/miniconda3/envs/airflow-env/lib/python3.8/site-packages/airflow/example_dags/example_nested_branch_dag.py
[2025-06-01T18:28:47.955+0200] {processor.py:829} INFO - Processing file /home/lohit/miniconda3/envs/airflow-env/lib/python3.8/site-packages/airflow/example_dags/example_nested_branch_dag.py for tasks to queue
[2025-06-01T18:28:47.955+0200] {logging_mixin.py:154} INFO - [2025-06-01T18:28:47.955+0200] {dagbag.py:536} INFO - Filling up the DagBag from /home/lohit/miniconda3/envs/airflow-env/lib/python3.8/site-packages/airflow/example_dags/example_nested_branch_dag.py
[2025-06-01T18:28:47.961+0200] {processor.py:839} INFO - DAG(s) dict_keys(['example_nested_branch_dag']) retrieved from /home/lohit/miniconda3/envs/airflow-env/lib/python3.8/site-packages/airflow/example_dags/example_nested_branch_dag.py
[2025-06-01T18:28:47.971+0200] {logging_mixin.py:154} INFO - [2025-06-01T18:28:47.971+0200] {dag.py:2941} INFO - Sync 1 DAGs
[2025-06-01T18:28:47.982+0200] {logging_mixin.py:154} INFO - [2025-06-01T18:28:47.982+0200] {dag.py:3722} INFO - Setting next_dagrun for example_nested_branch_dag to 2025-05-31T00:00:00+00:00, run_after=2025-06-01T00:00:00+00:00
[2025-06-01T18:28:47.997+0200] {processor.py:179} INFO - Processing /home/lohit/miniconda3/envs/airflow-env/lib/python3.8/site-packages/airflow/example_dags/example_nested_branch_dag.py took 0.047 seconds
[2025-06-01T18:29:30.726+0200] {processor.py:157} INFO - Started process (PID=30429) to work on /home/lohit/miniconda3/envs/airflow-env/lib/python3.8/site-packages/airflow/example_dags/example_nested_branch_dag.py
[2025-06-01T18:29:30.730+0200] {processor.py:829} INFO - Processing file /home/lohit/miniconda3/envs/airflow-env/lib/python3.8/site-packages/airflow/example_dags/example_nested_branch_dag.py for tasks to queue
[2025-06-01T18:29:30.731+0200] {logging_mixin.py:154} INFO - [2025-06-01T18:29:30.731+0200] {dagbag.py:536} INFO - Filling up the DagBag from /home/lohit/miniconda3/envs/airflow-env/lib/python3.8/site-packages/airflow/example_dags/example_nested_branch_dag.py
[2025-06-01T18:29:30.738+0200] {processor.py:839} INFO - DAG(s) dict_keys(['example_nested_branch_dag']) retrieved from /home/lohit/miniconda3/envs/airflow-env/lib/python3.8/site-packages/airflow/example_dags/example_nested_branch_dag.py
[2025-06-01T18:29:30.750+0200] {logging_mixin.py:154} INFO - [2025-06-01T18:29:30.750+0200] {dag.py:2941} INFO - Sync 1 DAGs
[2025-06-01T18:29:30.762+0200] {logging_mixin.py:154} INFO - [2025-06-01T18:29:30.762+0200] {dag.py:3722} INFO - Setting next_dagrun for example_nested_branch_dag to 2025-05-31T00:00:00+00:00, run_after=2025-06-01T00:00:00+00:00
[2025-06-01T18:29:30.780+0200] {processor.py:179} INFO - Processing /home/lohit/miniconda3/envs/airflow-env/lib/python3.8/site-packages/airflow/example_dags/example_nested_branch_dag.py took 0.055 seconds
[2025-06-01T18:30:16.481+0200] {processor.py:157} INFO - Started process (PID=30498) to work on /home/lohit/miniconda3/envs/airflow-env/lib/python3.8/site-packages/airflow/example_dags/example_nested_branch_dag.py
[2025-06-01T18:30:16.484+0200] {processor.py:829} INFO - Processing file /home/lohit/miniconda3/envs/airflow-env/lib/python3.8/site-packages/airflow/example_dags/example_nested_branch_dag.py for tasks to queue
[2025-06-01T18:30:16.485+0200] {logging_mixin.py:154} INFO - [2025-06-01T18:30:16.485+0200] {dagbag.py:536} INFO - Filling up the DagBag from /home/lohit/miniconda3/envs/airflow-env/lib/python3.8/site-packages/airflow/example_dags/example_nested_branch_dag.py
[2025-06-01T18:30:16.493+0200] {processor.py:839} INFO - DAG(s) dict_keys(['example_nested_branch_dag']) retrieved from /home/lohit/miniconda3/envs/airflow-env/lib/python3.8/site-packages/airflow/example_dags/example_nested_branch_dag.py
[2025-06-01T18:30:16.504+0200] {logging_mixin.py:154} INFO - [2025-06-01T18:30:16.504+0200] {dag.py:2941} INFO - Sync 1 DAGs
[2025-06-01T18:30:16.518+0200] {logging_mixin.py:154} INFO - [2025-06-01T18:30:16.517+0200] {dag.py:3722} INFO - Setting next_dagrun for example_nested_branch_dag to 2025-05-31T00:00:00+00:00, run_after=2025-06-01T00:00:00+00:00
[2025-06-01T18:30:16.533+0200] {processor.py:179} INFO - Processing /home/lohit/miniconda3/envs/airflow-env/lib/python3.8/site-packages/airflow/example_dags/example_nested_branch_dag.py took 0.054 seconds
[2025-06-01T18:30:58.105+0200] {processor.py:157} INFO - Started process (PID=30544) to work on /home/lohit/miniconda3/envs/airflow-env/lib/python3.8/site-packages/airflow/example_dags/example_nested_branch_dag.py
[2025-06-01T18:30:58.109+0200] {processor.py:829} INFO - Processing file /home/lohit/miniconda3/envs/airflow-env/lib/python3.8/site-packages/airflow/example_dags/example_nested_branch_dag.py for tasks to queue
[2025-06-01T18:30:58.109+0200] {logging_mixin.py:154} INFO - [2025-06-01T18:30:58.109+0200] {dagbag.py:536} INFO - Filling up the DagBag from /home/lohit/miniconda3/envs/airflow-env/lib/python3.8/site-packages/airflow/example_dags/example_nested_branch_dag.py
[2025-06-01T18:30:58.116+0200] {processor.py:839} INFO - DAG(s) dict_keys(['example_nested_branch_dag']) retrieved from /home/lohit/miniconda3/envs/airflow-env/lib/python3.8/site-packages/airflow/example_dags/example_nested_branch_dag.py
[2025-06-01T18:30:58.128+0200] {logging_mixin.py:154} INFO - [2025-06-01T18:30:58.128+0200] {dag.py:2941} INFO - Sync 1 DAGs
[2025-06-01T18:30:58.143+0200] {logging_mixin.py:154} INFO - [2025-06-01T18:30:58.143+0200] {dag.py:3722} INFO - Setting next_dagrun for example_nested_branch_dag to 2025-05-31T00:00:00+00:00, run_after=2025-06-01T00:00:00+00:00
[2025-06-01T18:30:58.162+0200] {processor.py:179} INFO - Processing /home/lohit/miniconda3/envs/airflow-env/lib/python3.8/site-packages/airflow/example_dags/example_nested_branch_dag.py took 0.059 seconds
[2025-06-01T18:31:43.890+0200] {processor.py:157} INFO - Started process (PID=30613) to work on /home/lohit/miniconda3/envs/airflow-env/lib/python3.8/site-packages/airflow/example_dags/example_nested_branch_dag.py
[2025-06-01T18:31:43.891+0200] {processor.py:829} INFO - Processing file /home/lohit/miniconda3/envs/airflow-env/lib/python3.8/site-packages/airflow/example_dags/example_nested_branch_dag.py for tasks to queue
[2025-06-01T18:31:43.892+0200] {logging_mixin.py:154} INFO - [2025-06-01T18:31:43.891+0200] {dagbag.py:536} INFO - Filling up the DagBag from /home/lohit/miniconda3/envs/airflow-env/lib/python3.8/site-packages/airflow/example_dags/example_nested_branch_dag.py
[2025-06-01T18:31:43.898+0200] {processor.py:839} INFO - DAG(s) dict_keys(['example_nested_branch_dag']) retrieved from /home/lohit/miniconda3/envs/airflow-env/lib/python3.8/site-packages/airflow/example_dags/example_nested_branch_dag.py
[2025-06-01T18:31:43.909+0200] {logging_mixin.py:154} INFO - [2025-06-01T18:31:43.909+0200] {dag.py:2941} INFO - Sync 1 DAGs
[2025-06-01T18:31:43.922+0200] {logging_mixin.py:154} INFO - [2025-06-01T18:31:43.922+0200] {dag.py:3722} INFO - Setting next_dagrun for example_nested_branch_dag to 2025-05-31T00:00:00+00:00, run_after=2025-06-01T00:00:00+00:00
[2025-06-01T18:31:43.938+0200] {processor.py:179} INFO - Processing /home/lohit/miniconda3/envs/airflow-env/lib/python3.8/site-packages/airflow/example_dags/example_nested_branch_dag.py took 0.050 seconds
[2025-06-01T18:32:28.939+0200] {processor.py:157} INFO - Started process (PID=30681) to work on /home/lohit/miniconda3/envs/airflow-env/lib/python3.8/site-packages/airflow/example_dags/example_nested_branch_dag.py
[2025-06-01T18:32:28.940+0200] {processor.py:829} INFO - Processing file /home/lohit/miniconda3/envs/airflow-env/lib/python3.8/site-packages/airflow/example_dags/example_nested_branch_dag.py for tasks to queue
[2025-06-01T18:32:28.941+0200] {logging_mixin.py:154} INFO - [2025-06-01T18:32:28.940+0200] {dagbag.py:536} INFO - Filling up the DagBag from /home/lohit/miniconda3/envs/airflow-env/lib/python3.8/site-packages/airflow/example_dags/example_nested_branch_dag.py
[2025-06-01T18:32:28.947+0200] {processor.py:839} INFO - DAG(s) dict_keys(['example_nested_branch_dag']) retrieved from /home/lohit/miniconda3/envs/airflow-env/lib/python3.8/site-packages/airflow/example_dags/example_nested_branch_dag.py
[2025-06-01T18:32:28.959+0200] {logging_mixin.py:154} INFO - [2025-06-01T18:32:28.959+0200] {dag.py:2941} INFO - Sync 1 DAGs
[2025-06-01T18:32:28.972+0200] {logging_mixin.py:154} INFO - [2025-06-01T18:32:28.972+0200] {dag.py:3722} INFO - Setting next_dagrun for example_nested_branch_dag to 2025-05-31T00:00:00+00:00, run_after=2025-06-01T00:00:00+00:00
[2025-06-01T18:32:28.987+0200] {processor.py:179} INFO - Processing /home/lohit/miniconda3/envs/airflow-env/lib/python3.8/site-packages/airflow/example_dags/example_nested_branch_dag.py took 0.051 seconds
[2025-06-01T18:33:12.078+0200] {processor.py:157} INFO - Started process (PID=30749) to work on /home/lohit/miniconda3/envs/airflow-env/lib/python3.8/site-packages/airflow/example_dags/example_nested_branch_dag.py
[2025-06-01T18:33:12.082+0200] {processor.py:829} INFO - Processing file /home/lohit/miniconda3/envs/airflow-env/lib/python3.8/site-packages/airflow/example_dags/example_nested_branch_dag.py for tasks to queue
[2025-06-01T18:33:12.082+0200] {logging_mixin.py:154} INFO - [2025-06-01T18:33:12.082+0200] {dagbag.py:536} INFO - Filling up the DagBag from /home/lohit/miniconda3/envs/airflow-env/lib/python3.8/site-packages/airflow/example_dags/example_nested_branch_dag.py
[2025-06-01T18:33:12.088+0200] {processor.py:839} INFO - DAG(s) dict_keys(['example_nested_branch_dag']) retrieved from /home/lohit/miniconda3/envs/airflow-env/lib/python3.8/site-packages/airflow/example_dags/example_nested_branch_dag.py
[2025-06-01T18:33:12.099+0200] {logging_mixin.py:154} INFO - [2025-06-01T18:33:12.099+0200] {dag.py:2941} INFO - Sync 1 DAGs
[2025-06-01T18:33:12.112+0200] {logging_mixin.py:154} INFO - [2025-06-01T18:33:12.112+0200] {dag.py:3722} INFO - Setting next_dagrun for example_nested_branch_dag to 2025-05-31T00:00:00+00:00, run_after=2025-06-01T00:00:00+00:00
[2025-06-01T18:33:12.131+0200] {processor.py:179} INFO - Processing /home/lohit/miniconda3/envs/airflow-env/lib/python3.8/site-packages/airflow/example_dags/example_nested_branch_dag.py took 0.055 seconds
[2025-06-01T18:33:48.047+0200] {processor.py:157} INFO - Started process (PID=30805) to work on /home/lohit/miniconda3/envs/airflow-env/lib/python3.8/site-packages/airflow/example_dags/example_nested_branch_dag.py
[2025-06-01T18:33:48.051+0200] {processor.py:829} INFO - Processing file /home/lohit/miniconda3/envs/airflow-env/lib/python3.8/site-packages/airflow/example_dags/example_nested_branch_dag.py for tasks to queue
[2025-06-01T18:33:48.051+0200] {logging_mixin.py:154} INFO - [2025-06-01T18:33:48.051+0200] {dagbag.py:536} INFO - Filling up the DagBag from /home/lohit/miniconda3/envs/airflow-env/lib/python3.8/site-packages/airflow/example_dags/example_nested_branch_dag.py
[2025-06-01T18:33:48.058+0200] {processor.py:839} INFO - DAG(s) dict_keys(['example_nested_branch_dag']) retrieved from /home/lohit/miniconda3/envs/airflow-env/lib/python3.8/site-packages/airflow/example_dags/example_nested_branch_dag.py
[2025-06-01T18:33:48.068+0200] {logging_mixin.py:154} INFO - [2025-06-01T18:33:48.068+0200] {dag.py:2941} INFO - Sync 1 DAGs
[2025-06-01T18:33:48.081+0200] {logging_mixin.py:154} INFO - [2025-06-01T18:33:48.081+0200] {dag.py:3722} INFO - Setting next_dagrun for example_nested_branch_dag to 2025-05-31T00:00:00+00:00, run_after=2025-06-01T00:00:00+00:00
[2025-06-01T18:33:48.097+0200] {processor.py:179} INFO - Processing /home/lohit/miniconda3/envs/airflow-env/lib/python3.8/site-packages/airflow/example_dags/example_nested_branch_dag.py took 0.052 seconds
[2025-06-01T18:34:22.591+0200] {processor.py:157} INFO - Started process (PID=30861) to work on /home/lohit/miniconda3/envs/airflow-env/lib/python3.8/site-packages/airflow/example_dags/example_nested_branch_dag.py
[2025-06-01T18:34:22.594+0200] {processor.py:829} INFO - Processing file /home/lohit/miniconda3/envs/airflow-env/lib/python3.8/site-packages/airflow/example_dags/example_nested_branch_dag.py for tasks to queue
[2025-06-01T18:34:22.595+0200] {logging_mixin.py:154} INFO - [2025-06-01T18:34:22.595+0200] {dagbag.py:536} INFO - Filling up the DagBag from /home/lohit/miniconda3/envs/airflow-env/lib/python3.8/site-packages/airflow/example_dags/example_nested_branch_dag.py
[2025-06-01T18:34:22.602+0200] {processor.py:839} INFO - DAG(s) dict_keys(['example_nested_branch_dag']) retrieved from /home/lohit/miniconda3/envs/airflow-env/lib/python3.8/site-packages/airflow/example_dags/example_nested_branch_dag.py
[2025-06-01T18:34:22.613+0200] {logging_mixin.py:154} INFO - [2025-06-01T18:34:22.613+0200] {dag.py:2941} INFO - Sync 1 DAGs
[2025-06-01T18:34:22.626+0200] {logging_mixin.py:154} INFO - [2025-06-01T18:34:22.626+0200] {dag.py:3722} INFO - Setting next_dagrun for example_nested_branch_dag to 2025-05-31T00:00:00+00:00, run_after=2025-06-01T00:00:00+00:00
[2025-06-01T18:34:22.643+0200] {processor.py:179} INFO - Processing /home/lohit/miniconda3/envs/airflow-env/lib/python3.8/site-packages/airflow/example_dags/example_nested_branch_dag.py took 0.054 seconds
[2025-06-01T18:35:07.242+0200] {processor.py:157} INFO - Started process (PID=31645) to work on /home/lohit/miniconda3/envs/airflow-env/lib/python3.8/site-packages/airflow/example_dags/example_nested_branch_dag.py
[2025-06-01T18:35:07.245+0200] {processor.py:829} INFO - Processing file /home/lohit/miniconda3/envs/airflow-env/lib/python3.8/site-packages/airflow/example_dags/example_nested_branch_dag.py for tasks to queue
[2025-06-01T18:35:07.246+0200] {logging_mixin.py:154} INFO - [2025-06-01T18:35:07.246+0200] {dagbag.py:536} INFO - Filling up the DagBag from /home/lohit/miniconda3/envs/airflow-env/lib/python3.8/site-packages/airflow/example_dags/example_nested_branch_dag.py
[2025-06-01T18:35:07.252+0200] {processor.py:839} INFO - DAG(s) dict_keys(['example_nested_branch_dag']) retrieved from /home/lohit/miniconda3/envs/airflow-env/lib/python3.8/site-packages/airflow/example_dags/example_nested_branch_dag.py
[2025-06-01T18:35:07.265+0200] {logging_mixin.py:154} INFO - [2025-06-01T18:35:07.265+0200] {dag.py:2941} INFO - Sync 1 DAGs
[2025-06-01T18:35:07.278+0200] {logging_mixin.py:154} INFO - [2025-06-01T18:35:07.278+0200] {dag.py:3722} INFO - Setting next_dagrun for example_nested_branch_dag to 2025-05-31T00:00:00+00:00, run_after=2025-06-01T00:00:00+00:00
[2025-06-01T18:35:07.295+0200] {processor.py:179} INFO - Processing /home/lohit/miniconda3/envs/airflow-env/lib/python3.8/site-packages/airflow/example_dags/example_nested_branch_dag.py took 0.055 seconds
