[2025-06-01T17:52:32.083+0200] {processor.py:157} INFO - Started process (PID=26968) to work on /home/lohit/miniconda3/envs/airflow-env/lib/python3.8/site-packages/airflow/example_dags/example_params_trigger_ui.py
[2025-06-01T17:52:32.084+0200] {processor.py:829} INFO - Processing file /home/lohit/miniconda3/envs/airflow-env/lib/python3.8/site-packages/airflow/example_dags/example_params_trigger_ui.py for tasks to queue
[2025-06-01T17:52:32.084+0200] {logging_mixin.py:154} INFO - [2025-06-01T17:52:32.084+0200] {dagbag.py:536} INFO - Filling up the DagBag from /home/lohit/miniconda3/envs/airflow-env/lib/python3.8/site-packages/airflow/example_dags/example_params_trigger_ui.py
[2025-06-01T17:52:32.097+0200] {processor.py:839} INFO - DAG(s) dict_keys(['example_params_trigger_ui']) retrieved from /home/lohit/miniconda3/envs/airflow-env/lib/python3.8/site-packages/airflow/example_dags/example_params_trigger_ui.py
[2025-06-01T17:52:32.125+0200] {logging_mixin.py:154} INFO - [2025-06-01T17:52:32.125+0200] {dag.py:2941} INFO - Sync 1 DAGs
[2025-06-01T17:52:32.133+0200] {logging_mixin.py:154} INFO - [2025-06-01T17:52:32.133+0200] {dag.py:3722} INFO - Setting next_dagrun for example_params_trigger_ui to None, run_after=None
[2025-06-01T17:52:32.156+0200] {processor.py:179} INFO - Processing /home/lohit/miniconda3/envs/airflow-env/lib/python3.8/site-packages/airflow/example_dags/example_params_trigger_ui.py took 0.076 seconds
[2025-06-01T17:53:33.143+0200] {processor.py:157} INFO - Started process (PID=27129) to work on /home/lohit/miniconda3/envs/airflow-env/lib/python3.8/site-packages/airflow/example_dags/example_params_trigger_ui.py
[2025-06-01T17:53:33.147+0200] {processor.py:829} INFO - Processing file /home/lohit/miniconda3/envs/airflow-env/lib/python3.8/site-packages/airflow/example_dags/example_params_trigger_ui.py for tasks to queue
[2025-06-01T17:53:33.147+0200] {logging_mixin.py:154} INFO - [2025-06-01T17:53:33.147+0200] {dagbag.py:536} INFO - Filling up the DagBag from /home/lohit/miniconda3/envs/airflow-env/lib/python3.8/site-packages/airflow/example_dags/example_params_trigger_ui.py
[2025-06-01T17:53:33.158+0200] {processor.py:839} INFO - DAG(s) dict_keys(['example_params_trigger_ui']) retrieved from /home/lohit/miniconda3/envs/airflow-env/lib/python3.8/site-packages/airflow/example_dags/example_params_trigger_ui.py
[2025-06-01T17:53:33.181+0200] {logging_mixin.py:154} INFO - [2025-06-01T17:53:33.180+0200] {dag.py:2941} INFO - Sync 1 DAGs
[2025-06-01T17:53:33.187+0200] {logging_mixin.py:154} INFO - [2025-06-01T17:53:33.187+0200] {dag.py:3722} INFO - Setting next_dagrun for example_params_trigger_ui to None, run_after=None
[2025-06-01T17:53:33.203+0200] {processor.py:179} INFO - Processing /home/lohit/miniconda3/envs/airflow-env/lib/python3.8/site-packages/airflow/example_dags/example_params_trigger_ui.py took 0.061 seconds
[2025-06-01T17:54:17.718+0200] {processor.py:157} INFO - Started process (PID=27197) to work on /home/lohit/miniconda3/envs/airflow-env/lib/python3.8/site-packages/airflow/example_dags/example_params_trigger_ui.py
[2025-06-01T17:54:17.721+0200] {processor.py:829} INFO - Processing file /home/lohit/miniconda3/envs/airflow-env/lib/python3.8/site-packages/airflow/example_dags/example_params_trigger_ui.py for tasks to queue
[2025-06-01T17:54:17.722+0200] {logging_mixin.py:154} INFO - [2025-06-01T17:54:17.722+0200] {dagbag.py:536} INFO - Filling up the DagBag from /home/lohit/miniconda3/envs/airflow-env/lib/python3.8/site-packages/airflow/example_dags/example_params_trigger_ui.py
[2025-06-01T17:54:17.731+0200] {processor.py:839} INFO - DAG(s) dict_keys(['example_params_trigger_ui']) retrieved from /home/lohit/miniconda3/envs/airflow-env/lib/python3.8/site-packages/airflow/example_dags/example_params_trigger_ui.py
[2025-06-01T17:54:17.753+0200] {logging_mixin.py:154} INFO - [2025-06-01T17:54:17.753+0200] {dag.py:2941} INFO - Sync 1 DAGs
[2025-06-01T17:54:17.759+0200] {logging_mixin.py:154} INFO - [2025-06-01T17:54:17.759+0200] {dag.py:3722} INFO - Setting next_dagrun for example_params_trigger_ui to None, run_after=None
[2025-06-01T17:54:17.775+0200] {processor.py:179} INFO - Processing /home/lohit/miniconda3/envs/airflow-env/lib/python3.8/site-packages/airflow/example_dags/example_params_trigger_ui.py took 0.059 seconds
[2025-06-01T17:55:01.710+0200] {processor.py:157} INFO - Started process (PID=27263) to work on /home/lohit/miniconda3/envs/airflow-env/lib/python3.8/site-packages/airflow/example_dags/example_params_trigger_ui.py
[2025-06-01T17:55:01.712+0200] {processor.py:829} INFO - Processing file /home/lohit/miniconda3/envs/airflow-env/lib/python3.8/site-packages/airflow/example_dags/example_params_trigger_ui.py for tasks to queue
[2025-06-01T17:55:01.712+0200] {logging_mixin.py:154} INFO - [2025-06-01T17:55:01.712+0200] {dagbag.py:536} INFO - Filling up the DagBag from /home/lohit/miniconda3/envs/airflow-env/lib/python3.8/site-packages/airflow/example_dags/example_params_trigger_ui.py
[2025-06-01T17:55:01.722+0200] {processor.py:839} INFO - DAG(s) dict_keys(['example_params_trigger_ui']) retrieved from /home/lohit/miniconda3/envs/airflow-env/lib/python3.8/site-packages/airflow/example_dags/example_params_trigger_ui.py
[2025-06-01T17:55:01.743+0200] {logging_mixin.py:154} INFO - [2025-06-01T17:55:01.743+0200] {dag.py:2941} INFO - Sync 1 DAGs
[2025-06-01T17:55:01.750+0200] {logging_mixin.py:154} INFO - [2025-06-01T17:55:01.750+0200] {dag.py:3722} INFO - Setting next_dagrun for example_params_trigger_ui to None, run_after=None
[2025-06-01T17:55:01.765+0200] {processor.py:179} INFO - Processing /home/lohit/miniconda3/envs/airflow-env/lib/python3.8/site-packages/airflow/example_dags/example_params_trigger_ui.py took 0.057 seconds
[2025-06-01T17:55:49.522+0200] {processor.py:157} INFO - Started process (PID=27333) to work on /home/lohit/miniconda3/envs/airflow-env/lib/python3.8/site-packages/airflow/example_dags/example_params_trigger_ui.py
[2025-06-01T17:55:49.526+0200] {processor.py:829} INFO - Processing file /home/lohit/miniconda3/envs/airflow-env/lib/python3.8/site-packages/airflow/example_dags/example_params_trigger_ui.py for tasks to queue
[2025-06-01T17:55:49.526+0200] {logging_mixin.py:154} INFO - [2025-06-01T17:55:49.526+0200] {dagbag.py:536} INFO - Filling up the DagBag from /home/lohit/miniconda3/envs/airflow-env/lib/python3.8/site-packages/airflow/example_dags/example_params_trigger_ui.py
[2025-06-01T17:55:49.536+0200] {processor.py:839} INFO - DAG(s) dict_keys(['example_params_trigger_ui']) retrieved from /home/lohit/miniconda3/envs/airflow-env/lib/python3.8/site-packages/airflow/example_dags/example_params_trigger_ui.py
[2025-06-01T17:55:49.556+0200] {logging_mixin.py:154} INFO - [2025-06-01T17:55:49.556+0200] {dag.py:2941} INFO - Sync 1 DAGs
[2025-06-01T17:55:49.562+0200] {logging_mixin.py:154} INFO - [2025-06-01T17:55:49.562+0200] {dag.py:3722} INFO - Setting next_dagrun for example_params_trigger_ui to None, run_after=None
[2025-06-01T17:55:49.579+0200] {processor.py:179} INFO - Processing /home/lohit/miniconda3/envs/airflow-env/lib/python3.8/site-packages/airflow/example_dags/example_params_trigger_ui.py took 0.058 seconds
[2025-06-01T17:56:34.956+0200] {processor.py:157} INFO - Started process (PID=27403) to work on /home/lohit/miniconda3/envs/airflow-env/lib/python3.8/site-packages/airflow/example_dags/example_params_trigger_ui.py
[2025-06-01T17:56:34.958+0200] {processor.py:829} INFO - Processing file /home/lohit/miniconda3/envs/airflow-env/lib/python3.8/site-packages/airflow/example_dags/example_params_trigger_ui.py for tasks to queue
[2025-06-01T17:56:34.958+0200] {logging_mixin.py:154} INFO - [2025-06-01T17:56:34.958+0200] {dagbag.py:536} INFO - Filling up the DagBag from /home/lohit/miniconda3/envs/airflow-env/lib/python3.8/site-packages/airflow/example_dags/example_params_trigger_ui.py
[2025-06-01T17:56:34.968+0200] {processor.py:839} INFO - DAG(s) dict_keys(['example_params_trigger_ui']) retrieved from /home/lohit/miniconda3/envs/airflow-env/lib/python3.8/site-packages/airflow/example_dags/example_params_trigger_ui.py
[2025-06-01T17:56:34.989+0200] {logging_mixin.py:154} INFO - [2025-06-01T17:56:34.989+0200] {dag.py:2941} INFO - Sync 1 DAGs
[2025-06-01T17:56:34.998+0200] {logging_mixin.py:154} INFO - [2025-06-01T17:56:34.998+0200] {dag.py:3722} INFO - Setting next_dagrun for example_params_trigger_ui to None, run_after=None
[2025-06-01T17:56:35.013+0200] {processor.py:179} INFO - Processing /home/lohit/miniconda3/envs/airflow-env/lib/python3.8/site-packages/airflow/example_dags/example_params_trigger_ui.py took 0.059 seconds
[2025-06-01T17:57:24.262+0200] {processor.py:157} INFO - Started process (PID=27475) to work on /home/lohit/miniconda3/envs/airflow-env/lib/python3.8/site-packages/airflow/example_dags/example_params_trigger_ui.py
[2025-06-01T17:57:24.265+0200] {processor.py:829} INFO - Processing file /home/lohit/miniconda3/envs/airflow-env/lib/python3.8/site-packages/airflow/example_dags/example_params_trigger_ui.py for tasks to queue
[2025-06-01T17:57:24.266+0200] {logging_mixin.py:154} INFO - [2025-06-01T17:57:24.265+0200] {dagbag.py:536} INFO - Filling up the DagBag from /home/lohit/miniconda3/envs/airflow-env/lib/python3.8/site-packages/airflow/example_dags/example_params_trigger_ui.py
[2025-06-01T17:57:24.275+0200] {processor.py:839} INFO - DAG(s) dict_keys(['example_params_trigger_ui']) retrieved from /home/lohit/miniconda3/envs/airflow-env/lib/python3.8/site-packages/airflow/example_dags/example_params_trigger_ui.py
[2025-06-01T17:57:24.299+0200] {logging_mixin.py:154} INFO - [2025-06-01T17:57:24.298+0200] {dag.py:2941} INFO - Sync 1 DAGs
[2025-06-01T17:57:24.306+0200] {logging_mixin.py:154} INFO - [2025-06-01T17:57:24.306+0200] {dag.py:3722} INFO - Setting next_dagrun for example_params_trigger_ui to None, run_after=None
[2025-06-01T17:57:24.321+0200] {processor.py:179} INFO - Processing /home/lohit/miniconda3/envs/airflow-env/lib/python3.8/site-packages/airflow/example_dags/example_params_trigger_ui.py took 0.061 seconds
[2025-06-01T17:58:08.415+0200] {processor.py:157} INFO - Started process (PID=27543) to work on /home/lohit/miniconda3/envs/airflow-env/lib/python3.8/site-packages/airflow/example_dags/example_params_trigger_ui.py
[2025-06-01T17:58:08.418+0200] {processor.py:829} INFO - Processing file /home/lohit/miniconda3/envs/airflow-env/lib/python3.8/site-packages/airflow/example_dags/example_params_trigger_ui.py for tasks to queue
[2025-06-01T17:58:08.419+0200] {logging_mixin.py:154} INFO - [2025-06-01T17:58:08.418+0200] {dagbag.py:536} INFO - Filling up the DagBag from /home/lohit/miniconda3/envs/airflow-env/lib/python3.8/site-packages/airflow/example_dags/example_params_trigger_ui.py
[2025-06-01T17:58:08.428+0200] {processor.py:839} INFO - DAG(s) dict_keys(['example_params_trigger_ui']) retrieved from /home/lohit/miniconda3/envs/airflow-env/lib/python3.8/site-packages/airflow/example_dags/example_params_trigger_ui.py
[2025-06-01T17:58:08.451+0200] {logging_mixin.py:154} INFO - [2025-06-01T17:58:08.450+0200] {dag.py:2941} INFO - Sync 1 DAGs
[2025-06-01T17:58:08.457+0200] {logging_mixin.py:154} INFO - [2025-06-01T17:58:08.457+0200] {dag.py:3722} INFO - Setting next_dagrun for example_params_trigger_ui to None, run_after=None
[2025-06-01T17:58:08.472+0200] {processor.py:179} INFO - Processing /home/lohit/miniconda3/envs/airflow-env/lib/python3.8/site-packages/airflow/example_dags/example_params_trigger_ui.py took 0.059 seconds
[2025-06-01T17:58:56.645+0200] {processor.py:157} INFO - Started process (PID=27614) to work on /home/lohit/miniconda3/envs/airflow-env/lib/python3.8/site-packages/airflow/example_dags/example_params_trigger_ui.py
[2025-06-01T17:58:56.648+0200] {processor.py:829} INFO - Processing file /home/lohit/miniconda3/envs/airflow-env/lib/python3.8/site-packages/airflow/example_dags/example_params_trigger_ui.py for tasks to queue
[2025-06-01T17:58:56.649+0200] {logging_mixin.py:154} INFO - [2025-06-01T17:58:56.649+0200] {dagbag.py:536} INFO - Filling up the DagBag from /home/lohit/miniconda3/envs/airflow-env/lib/python3.8/site-packages/airflow/example_dags/example_params_trigger_ui.py
[2025-06-01T17:58:56.659+0200] {processor.py:839} INFO - DAG(s) dict_keys(['example_params_trigger_ui']) retrieved from /home/lohit/miniconda3/envs/airflow-env/lib/python3.8/site-packages/airflow/example_dags/example_params_trigger_ui.py
[2025-06-01T17:58:56.680+0200] {logging_mixin.py:154} INFO - [2025-06-01T17:58:56.680+0200] {dag.py:2941} INFO - Sync 1 DAGs
[2025-06-01T17:58:56.686+0200] {logging_mixin.py:154} INFO - [2025-06-01T17:58:56.686+0200] {dag.py:3722} INFO - Setting next_dagrun for example_params_trigger_ui to None, run_after=None
[2025-06-01T17:58:56.704+0200] {processor.py:179} INFO - Processing /home/lohit/miniconda3/envs/airflow-env/lib/python3.8/site-packages/airflow/example_dags/example_params_trigger_ui.py took 0.061 seconds
[2025-06-01T17:59:41.461+0200] {processor.py:157} INFO - Started process (PID=27682) to work on /home/lohit/miniconda3/envs/airflow-env/lib/python3.8/site-packages/airflow/example_dags/example_params_trigger_ui.py
[2025-06-01T17:59:41.464+0200] {processor.py:829} INFO - Processing file /home/lohit/miniconda3/envs/airflow-env/lib/python3.8/site-packages/airflow/example_dags/example_params_trigger_ui.py for tasks to queue
[2025-06-01T17:59:41.465+0200] {logging_mixin.py:154} INFO - [2025-06-01T17:59:41.465+0200] {dagbag.py:536} INFO - Filling up the DagBag from /home/lohit/miniconda3/envs/airflow-env/lib/python3.8/site-packages/airflow/example_dags/example_params_trigger_ui.py
[2025-06-01T17:59:41.474+0200] {processor.py:839} INFO - DAG(s) dict_keys(['example_params_trigger_ui']) retrieved from /home/lohit/miniconda3/envs/airflow-env/lib/python3.8/site-packages/airflow/example_dags/example_params_trigger_ui.py
[2025-06-01T17:59:41.495+0200] {logging_mixin.py:154} INFO - [2025-06-01T17:59:41.495+0200] {dag.py:2941} INFO - Sync 1 DAGs
[2025-06-01T17:59:41.501+0200] {logging_mixin.py:154} INFO - [2025-06-01T17:59:41.501+0200] {dag.py:3722} INFO - Setting next_dagrun for example_params_trigger_ui to None, run_after=None
[2025-06-01T17:59:41.517+0200] {processor.py:179} INFO - Processing /home/lohit/miniconda3/envs/airflow-env/lib/python3.8/site-packages/airflow/example_dags/example_params_trigger_ui.py took 0.058 seconds
[2025-06-01T18:00:30.299+0200] {processor.py:157} INFO - Started process (PID=27753) to work on /home/lohit/miniconda3/envs/airflow-env/lib/python3.8/site-packages/airflow/example_dags/example_params_trigger_ui.py
[2025-06-01T18:00:30.302+0200] {processor.py:829} INFO - Processing file /home/lohit/miniconda3/envs/airflow-env/lib/python3.8/site-packages/airflow/example_dags/example_params_trigger_ui.py for tasks to queue
[2025-06-01T18:00:30.303+0200] {logging_mixin.py:154} INFO - [2025-06-01T18:00:30.303+0200] {dagbag.py:536} INFO - Filling up the DagBag from /home/lohit/miniconda3/envs/airflow-env/lib/python3.8/site-packages/airflow/example_dags/example_params_trigger_ui.py
[2025-06-01T18:00:30.313+0200] {processor.py:839} INFO - DAG(s) dict_keys(['example_params_trigger_ui']) retrieved from /home/lohit/miniconda3/envs/airflow-env/lib/python3.8/site-packages/airflow/example_dags/example_params_trigger_ui.py
[2025-06-01T18:00:30.335+0200] {logging_mixin.py:154} INFO - [2025-06-01T18:00:30.335+0200] {dag.py:2941} INFO - Sync 1 DAGs
[2025-06-01T18:00:30.341+0200] {logging_mixin.py:154} INFO - [2025-06-01T18:00:30.341+0200] {dag.py:3722} INFO - Setting next_dagrun for example_params_trigger_ui to None, run_after=None
[2025-06-01T18:00:30.359+0200] {processor.py:179} INFO - Processing /home/lohit/miniconda3/envs/airflow-env/lib/python3.8/site-packages/airflow/example_dags/example_params_trigger_ui.py took 0.062 seconds
[2025-06-01T18:01:15.411+0200] {processor.py:157} INFO - Started process (PID=27854) to work on /home/lohit/miniconda3/envs/airflow-env/lib/python3.8/site-packages/airflow/example_dags/example_params_trigger_ui.py
[2025-06-01T18:01:15.415+0200] {processor.py:829} INFO - Processing file /home/lohit/miniconda3/envs/airflow-env/lib/python3.8/site-packages/airflow/example_dags/example_params_trigger_ui.py for tasks to queue
[2025-06-01T18:01:15.415+0200] {logging_mixin.py:154} INFO - [2025-06-01T18:01:15.415+0200] {dagbag.py:536} INFO - Filling up the DagBag from /home/lohit/miniconda3/envs/airflow-env/lib/python3.8/site-packages/airflow/example_dags/example_params_trigger_ui.py
[2025-06-01T18:01:15.426+0200] {processor.py:839} INFO - DAG(s) dict_keys(['example_params_trigger_ui']) retrieved from /home/lohit/miniconda3/envs/airflow-env/lib/python3.8/site-packages/airflow/example_dags/example_params_trigger_ui.py
[2025-06-01T18:01:15.448+0200] {logging_mixin.py:154} INFO - [2025-06-01T18:01:15.448+0200] {dag.py:2941} INFO - Sync 1 DAGs
[2025-06-01T18:01:15.455+0200] {logging_mixin.py:154} INFO - [2025-06-01T18:01:15.455+0200] {dag.py:3722} INFO - Setting next_dagrun for example_params_trigger_ui to None, run_after=None
[2025-06-01T18:01:15.471+0200] {processor.py:179} INFO - Processing /home/lohit/miniconda3/envs/airflow-env/lib/python3.8/site-packages/airflow/example_dags/example_params_trigger_ui.py took 0.061 seconds
[2025-06-01T18:02:03.924+0200] {processor.py:157} INFO - Started process (PID=27926) to work on /home/lohit/miniconda3/envs/airflow-env/lib/python3.8/site-packages/airflow/example_dags/example_params_trigger_ui.py
[2025-06-01T18:02:03.927+0200] {processor.py:829} INFO - Processing file /home/lohit/miniconda3/envs/airflow-env/lib/python3.8/site-packages/airflow/example_dags/example_params_trigger_ui.py for tasks to queue
[2025-06-01T18:02:03.928+0200] {logging_mixin.py:154} INFO - [2025-06-01T18:02:03.928+0200] {dagbag.py:536} INFO - Filling up the DagBag from /home/lohit/miniconda3/envs/airflow-env/lib/python3.8/site-packages/airflow/example_dags/example_params_trigger_ui.py
[2025-06-01T18:02:03.940+0200] {processor.py:839} INFO - DAG(s) dict_keys(['example_params_trigger_ui']) retrieved from /home/lohit/miniconda3/envs/airflow-env/lib/python3.8/site-packages/airflow/example_dags/example_params_trigger_ui.py
[2025-06-01T18:02:03.962+0200] {logging_mixin.py:154} INFO - [2025-06-01T18:02:03.962+0200] {dag.py:2941} INFO - Sync 1 DAGs
[2025-06-01T18:02:03.969+0200] {logging_mixin.py:154} INFO - [2025-06-01T18:02:03.969+0200] {dag.py:3722} INFO - Setting next_dagrun for example_params_trigger_ui to None, run_after=None
[2025-06-01T18:02:03.986+0200] {processor.py:179} INFO - Processing /home/lohit/miniconda3/envs/airflow-env/lib/python3.8/site-packages/airflow/example_dags/example_params_trigger_ui.py took 0.064 seconds
[2025-06-01T18:02:46.766+0200] {processor.py:157} INFO - Started process (PID=27994) to work on /home/lohit/miniconda3/envs/airflow-env/lib/python3.8/site-packages/airflow/example_dags/example_params_trigger_ui.py
[2025-06-01T18:02:46.770+0200] {processor.py:829} INFO - Processing file /home/lohit/miniconda3/envs/airflow-env/lib/python3.8/site-packages/airflow/example_dags/example_params_trigger_ui.py for tasks to queue
[2025-06-01T18:02:46.770+0200] {logging_mixin.py:154} INFO - [2025-06-01T18:02:46.770+0200] {dagbag.py:536} INFO - Filling up the DagBag from /home/lohit/miniconda3/envs/airflow-env/lib/python3.8/site-packages/airflow/example_dags/example_params_trigger_ui.py
[2025-06-01T18:02:46.780+0200] {processor.py:839} INFO - DAG(s) dict_keys(['example_params_trigger_ui']) retrieved from /home/lohit/miniconda3/envs/airflow-env/lib/python3.8/site-packages/airflow/example_dags/example_params_trigger_ui.py
[2025-06-01T18:02:46.800+0200] {logging_mixin.py:154} INFO - [2025-06-01T18:02:46.800+0200] {dag.py:2941} INFO - Sync 1 DAGs
[2025-06-01T18:02:46.806+0200] {logging_mixin.py:154} INFO - [2025-06-01T18:02:46.805+0200] {dag.py:3722} INFO - Setting next_dagrun for example_params_trigger_ui to None, run_after=None
[2025-06-01T18:02:46.821+0200] {processor.py:179} INFO - Processing /home/lohit/miniconda3/envs/airflow-env/lib/python3.8/site-packages/airflow/example_dags/example_params_trigger_ui.py took 0.056 seconds
[2025-06-01T18:03:34.224+0200] {processor.py:157} INFO - Started process (PID=28072) to work on /home/lohit/miniconda3/envs/airflow-env/lib/python3.8/site-packages/airflow/example_dags/example_params_trigger_ui.py
[2025-06-01T18:03:34.225+0200] {processor.py:829} INFO - Processing file /home/lohit/miniconda3/envs/airflow-env/lib/python3.8/site-packages/airflow/example_dags/example_params_trigger_ui.py for tasks to queue
[2025-06-01T18:03:34.226+0200] {logging_mixin.py:154} INFO - [2025-06-01T18:03:34.225+0200] {dagbag.py:536} INFO - Filling up the DagBag from /home/lohit/miniconda3/envs/airflow-env/lib/python3.8/site-packages/airflow/example_dags/example_params_trigger_ui.py
[2025-06-01T18:03:34.236+0200] {processor.py:839} INFO - DAG(s) dict_keys(['example_params_trigger_ui']) retrieved from /home/lohit/miniconda3/envs/airflow-env/lib/python3.8/site-packages/airflow/example_dags/example_params_trigger_ui.py
[2025-06-01T18:03:34.260+0200] {logging_mixin.py:154} INFO - [2025-06-01T18:03:34.260+0200] {dag.py:2941} INFO - Sync 1 DAGs
[2025-06-01T18:03:34.266+0200] {logging_mixin.py:154} INFO - [2025-06-01T18:03:34.266+0200] {dag.py:3722} INFO - Setting next_dagrun for example_params_trigger_ui to None, run_after=None
[2025-06-01T18:03:34.282+0200] {processor.py:179} INFO - Processing /home/lohit/miniconda3/envs/airflow-env/lib/python3.8/site-packages/airflow/example_dags/example_params_trigger_ui.py took 0.060 seconds
[2025-06-01T18:04:19.638+0200] {processor.py:157} INFO - Started process (PID=28144) to work on /home/lohit/miniconda3/envs/airflow-env/lib/python3.8/site-packages/airflow/example_dags/example_params_trigger_ui.py
[2025-06-01T18:04:19.640+0200] {processor.py:829} INFO - Processing file /home/lohit/miniconda3/envs/airflow-env/lib/python3.8/site-packages/airflow/example_dags/example_params_trigger_ui.py for tasks to queue
[2025-06-01T18:04:19.640+0200] {logging_mixin.py:154} INFO - [2025-06-01T18:04:19.640+0200] {dagbag.py:536} INFO - Filling up the DagBag from /home/lohit/miniconda3/envs/airflow-env/lib/python3.8/site-packages/airflow/example_dags/example_params_trigger_ui.py
[2025-06-01T18:04:19.651+0200] {processor.py:839} INFO - DAG(s) dict_keys(['example_params_trigger_ui']) retrieved from /home/lohit/miniconda3/envs/airflow-env/lib/python3.8/site-packages/airflow/example_dags/example_params_trigger_ui.py
[2025-06-01T18:04:19.677+0200] {logging_mixin.py:154} INFO - [2025-06-01T18:04:19.676+0200] {dag.py:2941} INFO - Sync 1 DAGs
[2025-06-01T18:04:19.685+0200] {logging_mixin.py:154} INFO - [2025-06-01T18:04:19.685+0200] {dag.py:3722} INFO - Setting next_dagrun for example_params_trigger_ui to None, run_after=None
[2025-06-01T18:04:19.699+0200] {processor.py:179} INFO - Processing /home/lohit/miniconda3/envs/airflow-env/lib/python3.8/site-packages/airflow/example_dags/example_params_trigger_ui.py took 0.063 seconds
[2025-06-01T18:05:06.773+0200] {processor.py:157} INFO - Started process (PID=28221) to work on /home/lohit/miniconda3/envs/airflow-env/lib/python3.8/site-packages/airflow/example_dags/example_params_trigger_ui.py
[2025-06-01T18:05:06.774+0200] {processor.py:829} INFO - Processing file /home/lohit/miniconda3/envs/airflow-env/lib/python3.8/site-packages/airflow/example_dags/example_params_trigger_ui.py for tasks to queue
[2025-06-01T18:05:06.774+0200] {logging_mixin.py:154} INFO - [2025-06-01T18:05:06.774+0200] {dagbag.py:536} INFO - Filling up the DagBag from /home/lohit/miniconda3/envs/airflow-env/lib/python3.8/site-packages/airflow/example_dags/example_params_trigger_ui.py
[2025-06-01T18:05:06.785+0200] {processor.py:839} INFO - DAG(s) dict_keys(['example_params_trigger_ui']) retrieved from /home/lohit/miniconda3/envs/airflow-env/lib/python3.8/site-packages/airflow/example_dags/example_params_trigger_ui.py
[2025-06-01T18:05:06.811+0200] {logging_mixin.py:154} INFO - [2025-06-01T18:05:06.811+0200] {dag.py:2941} INFO - Sync 1 DAGs
[2025-06-01T18:05:06.819+0200] {logging_mixin.py:154} INFO - [2025-06-01T18:05:06.818+0200] {dag.py:3722} INFO - Setting next_dagrun for example_params_trigger_ui to None, run_after=None
[2025-06-01T18:05:06.834+0200] {processor.py:179} INFO - Processing /home/lohit/miniconda3/envs/airflow-env/lib/python3.8/site-packages/airflow/example_dags/example_params_trigger_ui.py took 0.063 seconds
[2025-06-01T18:05:58.538+0200] {processor.py:157} INFO - Started process (PID=28302) to work on /home/lohit/miniconda3/envs/airflow-env/lib/python3.8/site-packages/airflow/example_dags/example_params_trigger_ui.py
[2025-06-01T18:05:58.542+0200] {processor.py:829} INFO - Processing file /home/lohit/miniconda3/envs/airflow-env/lib/python3.8/site-packages/airflow/example_dags/example_params_trigger_ui.py for tasks to queue
[2025-06-01T18:05:58.542+0200] {logging_mixin.py:154} INFO - [2025-06-01T18:05:58.542+0200] {dagbag.py:536} INFO - Filling up the DagBag from /home/lohit/miniconda3/envs/airflow-env/lib/python3.8/site-packages/airflow/example_dags/example_params_trigger_ui.py
[2025-06-01T18:05:58.553+0200] {processor.py:839} INFO - DAG(s) dict_keys(['example_params_trigger_ui']) retrieved from /home/lohit/miniconda3/envs/airflow-env/lib/python3.8/site-packages/airflow/example_dags/example_params_trigger_ui.py
[2025-06-01T18:05:58.576+0200] {logging_mixin.py:154} INFO - [2025-06-01T18:05:58.576+0200] {dag.py:2941} INFO - Sync 1 DAGs
[2025-06-01T18:05:58.583+0200] {logging_mixin.py:154} INFO - [2025-06-01T18:05:58.583+0200] {dag.py:3722} INFO - Setting next_dagrun for example_params_trigger_ui to None, run_after=None
[2025-06-01T18:05:58.601+0200] {processor.py:179} INFO - Processing /home/lohit/miniconda3/envs/airflow-env/lib/python3.8/site-packages/airflow/example_dags/example_params_trigger_ui.py took 0.066 seconds
[2025-06-01T18:06:42.798+0200] {processor.py:157} INFO - Started process (PID=28370) to work on /home/lohit/miniconda3/envs/airflow-env/lib/python3.8/site-packages/airflow/example_dags/example_params_trigger_ui.py
[2025-06-01T18:06:42.801+0200] {processor.py:829} INFO - Processing file /home/lohit/miniconda3/envs/airflow-env/lib/python3.8/site-packages/airflow/example_dags/example_params_trigger_ui.py for tasks to queue
[2025-06-01T18:06:42.802+0200] {logging_mixin.py:154} INFO - [2025-06-01T18:06:42.801+0200] {dagbag.py:536} INFO - Filling up the DagBag from /home/lohit/miniconda3/envs/airflow-env/lib/python3.8/site-packages/airflow/example_dags/example_params_trigger_ui.py
[2025-06-01T18:06:42.813+0200] {processor.py:839} INFO - DAG(s) dict_keys(['example_params_trigger_ui']) retrieved from /home/lohit/miniconda3/envs/airflow-env/lib/python3.8/site-packages/airflow/example_dags/example_params_trigger_ui.py
[2025-06-01T18:06:42.837+0200] {logging_mixin.py:154} INFO - [2025-06-01T18:06:42.837+0200] {dag.py:2941} INFO - Sync 1 DAGs
[2025-06-01T18:06:42.844+0200] {logging_mixin.py:154} INFO - [2025-06-01T18:06:42.844+0200] {dag.py:3722} INFO - Setting next_dagrun for example_params_trigger_ui to None, run_after=None
[2025-06-01T18:06:42.862+0200] {processor.py:179} INFO - Processing /home/lohit/miniconda3/envs/airflow-env/lib/python3.8/site-packages/airflow/example_dags/example_params_trigger_ui.py took 0.066 seconds
[2025-06-01T18:07:28.349+0200] {processor.py:157} INFO - Started process (PID=28438) to work on /home/lohit/miniconda3/envs/airflow-env/lib/python3.8/site-packages/airflow/example_dags/example_params_trigger_ui.py
[2025-06-01T18:07:28.352+0200] {processor.py:829} INFO - Processing file /home/lohit/miniconda3/envs/airflow-env/lib/python3.8/site-packages/airflow/example_dags/example_params_trigger_ui.py for tasks to queue
[2025-06-01T18:07:28.353+0200] {logging_mixin.py:154} INFO - [2025-06-01T18:07:28.353+0200] {dagbag.py:536} INFO - Filling up the DagBag from /home/lohit/miniconda3/envs/airflow-env/lib/python3.8/site-packages/airflow/example_dags/example_params_trigger_ui.py
[2025-06-01T18:07:28.362+0200] {processor.py:839} INFO - DAG(s) dict_keys(['example_params_trigger_ui']) retrieved from /home/lohit/miniconda3/envs/airflow-env/lib/python3.8/site-packages/airflow/example_dags/example_params_trigger_ui.py
[2025-06-01T18:07:28.382+0200] {logging_mixin.py:154} INFO - [2025-06-01T18:07:28.382+0200] {dag.py:2941} INFO - Sync 1 DAGs
[2025-06-01T18:07:28.388+0200] {logging_mixin.py:154} INFO - [2025-06-01T18:07:28.388+0200] {dag.py:3722} INFO - Setting next_dagrun for example_params_trigger_ui to None, run_after=None
[2025-06-01T18:07:28.403+0200] {processor.py:179} INFO - Processing /home/lohit/miniconda3/envs/airflow-env/lib/python3.8/site-packages/airflow/example_dags/example_params_trigger_ui.py took 0.056 seconds
[2025-06-01T18:08:12.529+0200] {processor.py:157} INFO - Started process (PID=28506) to work on /home/lohit/miniconda3/envs/airflow-env/lib/python3.8/site-packages/airflow/example_dags/example_params_trigger_ui.py
[2025-06-01T18:08:12.533+0200] {processor.py:829} INFO - Processing file /home/lohit/miniconda3/envs/airflow-env/lib/python3.8/site-packages/airflow/example_dags/example_params_trigger_ui.py for tasks to queue
[2025-06-01T18:08:12.533+0200] {logging_mixin.py:154} INFO - [2025-06-01T18:08:12.533+0200] {dagbag.py:536} INFO - Filling up the DagBag from /home/lohit/miniconda3/envs/airflow-env/lib/python3.8/site-packages/airflow/example_dags/example_params_trigger_ui.py
[2025-06-01T18:08:12.544+0200] {processor.py:839} INFO - DAG(s) dict_keys(['example_params_trigger_ui']) retrieved from /home/lohit/miniconda3/envs/airflow-env/lib/python3.8/site-packages/airflow/example_dags/example_params_trigger_ui.py
[2025-06-01T18:08:12.567+0200] {logging_mixin.py:154} INFO - [2025-06-01T18:08:12.567+0200] {dag.py:2941} INFO - Sync 1 DAGs
[2025-06-01T18:08:12.574+0200] {logging_mixin.py:154} INFO - [2025-06-01T18:08:12.574+0200] {dag.py:3722} INFO - Setting next_dagrun for example_params_trigger_ui to None, run_after=None
[2025-06-01T18:08:12.590+0200] {processor.py:179} INFO - Processing /home/lohit/miniconda3/envs/airflow-env/lib/python3.8/site-packages/airflow/example_dags/example_params_trigger_ui.py took 0.062 seconds
[2025-06-01T18:09:04.600+0200] {processor.py:157} INFO - Started process (PID=28585) to work on /home/lohit/miniconda3/envs/airflow-env/lib/python3.8/site-packages/airflow/example_dags/example_params_trigger_ui.py
[2025-06-01T18:09:04.603+0200] {processor.py:829} INFO - Processing file /home/lohit/miniconda3/envs/airflow-env/lib/python3.8/site-packages/airflow/example_dags/example_params_trigger_ui.py for tasks to queue
[2025-06-01T18:09:04.603+0200] {logging_mixin.py:154} INFO - [2025-06-01T18:09:04.603+0200] {dagbag.py:536} INFO - Filling up the DagBag from /home/lohit/miniconda3/envs/airflow-env/lib/python3.8/site-packages/airflow/example_dags/example_params_trigger_ui.py
[2025-06-01T18:09:04.613+0200] {processor.py:839} INFO - DAG(s) dict_keys(['example_params_trigger_ui']) retrieved from /home/lohit/miniconda3/envs/airflow-env/lib/python3.8/site-packages/airflow/example_dags/example_params_trigger_ui.py
[2025-06-01T18:09:04.635+0200] {logging_mixin.py:154} INFO - [2025-06-01T18:09:04.635+0200] {dag.py:2941} INFO - Sync 1 DAGs
[2025-06-01T18:09:04.642+0200] {logging_mixin.py:154} INFO - [2025-06-01T18:09:04.642+0200] {dag.py:3722} INFO - Setting next_dagrun for example_params_trigger_ui to None, run_after=None
[2025-06-01T18:09:04.659+0200] {processor.py:179} INFO - Processing /home/lohit/miniconda3/envs/airflow-env/lib/python3.8/site-packages/airflow/example_dags/example_params_trigger_ui.py took 0.062 seconds
[2025-06-01T18:09:52.746+0200] {processor.py:157} INFO - Started process (PID=28664) to work on /home/lohit/miniconda3/envs/airflow-env/lib/python3.8/site-packages/airflow/example_dags/example_params_trigger_ui.py
[2025-06-01T18:09:52.747+0200] {processor.py:829} INFO - Processing file /home/lohit/miniconda3/envs/airflow-env/lib/python3.8/site-packages/airflow/example_dags/example_params_trigger_ui.py for tasks to queue
[2025-06-01T18:09:52.748+0200] {logging_mixin.py:154} INFO - [2025-06-01T18:09:52.747+0200] {dagbag.py:536} INFO - Filling up the DagBag from /home/lohit/miniconda3/envs/airflow-env/lib/python3.8/site-packages/airflow/example_dags/example_params_trigger_ui.py
[2025-06-01T18:09:52.757+0200] {processor.py:839} INFO - DAG(s) dict_keys(['example_params_trigger_ui']) retrieved from /home/lohit/miniconda3/envs/airflow-env/lib/python3.8/site-packages/airflow/example_dags/example_params_trigger_ui.py
[2025-06-01T18:09:52.781+0200] {logging_mixin.py:154} INFO - [2025-06-01T18:09:52.781+0200] {dag.py:2941} INFO - Sync 1 DAGs
[2025-06-01T18:09:52.787+0200] {logging_mixin.py:154} INFO - [2025-06-01T18:09:52.787+0200] {dag.py:3722} INFO - Setting next_dagrun for example_params_trigger_ui to None, run_after=None
[2025-06-01T18:09:52.804+0200] {processor.py:179} INFO - Processing /home/lohit/miniconda3/envs/airflow-env/lib/python3.8/site-packages/airflow/example_dags/example_params_trigger_ui.py took 0.060 seconds
[2025-06-01T18:10:40.699+0200] {processor.py:157} INFO - Started process (PID=28739) to work on /home/lohit/miniconda3/envs/airflow-env/lib/python3.8/site-packages/airflow/example_dags/example_params_trigger_ui.py
[2025-06-01T18:10:40.703+0200] {processor.py:829} INFO - Processing file /home/lohit/miniconda3/envs/airflow-env/lib/python3.8/site-packages/airflow/example_dags/example_params_trigger_ui.py for tasks to queue
[2025-06-01T18:10:40.703+0200] {logging_mixin.py:154} INFO - [2025-06-01T18:10:40.703+0200] {dagbag.py:536} INFO - Filling up the DagBag from /home/lohit/miniconda3/envs/airflow-env/lib/python3.8/site-packages/airflow/example_dags/example_params_trigger_ui.py
[2025-06-01T18:10:40.713+0200] {processor.py:839} INFO - DAG(s) dict_keys(['example_params_trigger_ui']) retrieved from /home/lohit/miniconda3/envs/airflow-env/lib/python3.8/site-packages/airflow/example_dags/example_params_trigger_ui.py
[2025-06-01T18:10:40.742+0200] {logging_mixin.py:154} INFO - [2025-06-01T18:10:40.742+0200] {dag.py:2941} INFO - Sync 1 DAGs
[2025-06-01T18:10:40.749+0200] {logging_mixin.py:154} INFO - [2025-06-01T18:10:40.749+0200] {dag.py:3722} INFO - Setting next_dagrun for example_params_trigger_ui to None, run_after=None
[2025-06-01T18:10:40.766+0200] {processor.py:179} INFO - Processing /home/lohit/miniconda3/envs/airflow-env/lib/python3.8/site-packages/airflow/example_dags/example_params_trigger_ui.py took 0.069 seconds
[2025-06-01T18:11:27.016+0200] {processor.py:157} INFO - Started process (PID=28809) to work on /home/lohit/miniconda3/envs/airflow-env/lib/python3.8/site-packages/airflow/example_dags/example_params_trigger_ui.py
[2025-06-01T18:11:27.020+0200] {processor.py:829} INFO - Processing file /home/lohit/miniconda3/envs/airflow-env/lib/python3.8/site-packages/airflow/example_dags/example_params_trigger_ui.py for tasks to queue
[2025-06-01T18:11:27.020+0200] {logging_mixin.py:154} INFO - [2025-06-01T18:11:27.020+0200] {dagbag.py:536} INFO - Filling up the DagBag from /home/lohit/miniconda3/envs/airflow-env/lib/python3.8/site-packages/airflow/example_dags/example_params_trigger_ui.py
[2025-06-01T18:11:27.029+0200] {processor.py:839} INFO - DAG(s) dict_keys(['example_params_trigger_ui']) retrieved from /home/lohit/miniconda3/envs/airflow-env/lib/python3.8/site-packages/airflow/example_dags/example_params_trigger_ui.py
[2025-06-01T18:11:27.050+0200] {logging_mixin.py:154} INFO - [2025-06-01T18:11:27.050+0200] {dag.py:2941} INFO - Sync 1 DAGs
[2025-06-01T18:11:27.057+0200] {logging_mixin.py:154} INFO - [2025-06-01T18:11:27.057+0200] {dag.py:3722} INFO - Setting next_dagrun for example_params_trigger_ui to None, run_after=None
[2025-06-01T18:11:27.073+0200] {processor.py:179} INFO - Processing /home/lohit/miniconda3/envs/airflow-env/lib/python3.8/site-packages/airflow/example_dags/example_params_trigger_ui.py took 0.059 seconds
[2025-06-01T18:12:20.484+0200] {processor.py:157} INFO - Started process (PID=28891) to work on /home/lohit/miniconda3/envs/airflow-env/lib/python3.8/site-packages/airflow/example_dags/example_params_trigger_ui.py
[2025-06-01T18:12:20.487+0200] {processor.py:829} INFO - Processing file /home/lohit/miniconda3/envs/airflow-env/lib/python3.8/site-packages/airflow/example_dags/example_params_trigger_ui.py for tasks to queue
[2025-06-01T18:12:20.488+0200] {logging_mixin.py:154} INFO - [2025-06-01T18:12:20.488+0200] {dagbag.py:536} INFO - Filling up the DagBag from /home/lohit/miniconda3/envs/airflow-env/lib/python3.8/site-packages/airflow/example_dags/example_params_trigger_ui.py
[2025-06-01T18:12:20.500+0200] {processor.py:839} INFO - DAG(s) dict_keys(['example_params_trigger_ui']) retrieved from /home/lohit/miniconda3/envs/airflow-env/lib/python3.8/site-packages/airflow/example_dags/example_params_trigger_ui.py
[2025-06-01T18:12:20.526+0200] {logging_mixin.py:154} INFO - [2025-06-01T18:12:20.526+0200] {dag.py:2941} INFO - Sync 1 DAGs
[2025-06-01T18:12:20.534+0200] {logging_mixin.py:154} INFO - [2025-06-01T18:12:20.534+0200] {dag.py:3722} INFO - Setting next_dagrun for example_params_trigger_ui to None, run_after=None
[2025-06-01T18:12:20.552+0200] {processor.py:179} INFO - Processing /home/lohit/miniconda3/envs/airflow-env/lib/python3.8/site-packages/airflow/example_dags/example_params_trigger_ui.py took 0.072 seconds
[2025-06-01T18:13:09.571+0200] {processor.py:157} INFO - Started process (PID=28962) to work on /home/lohit/miniconda3/envs/airflow-env/lib/python3.8/site-packages/airflow/example_dags/example_params_trigger_ui.py
[2025-06-01T18:13:09.574+0200] {processor.py:829} INFO - Processing file /home/lohit/miniconda3/envs/airflow-env/lib/python3.8/site-packages/airflow/example_dags/example_params_trigger_ui.py for tasks to queue
[2025-06-01T18:13:09.575+0200] {logging_mixin.py:154} INFO - [2025-06-01T18:13:09.575+0200] {dagbag.py:536} INFO - Filling up the DagBag from /home/lohit/miniconda3/envs/airflow-env/lib/python3.8/site-packages/airflow/example_dags/example_params_trigger_ui.py
[2025-06-01T18:13:09.585+0200] {processor.py:839} INFO - DAG(s) dict_keys(['example_params_trigger_ui']) retrieved from /home/lohit/miniconda3/envs/airflow-env/lib/python3.8/site-packages/airflow/example_dags/example_params_trigger_ui.py
[2025-06-01T18:13:09.606+0200] {logging_mixin.py:154} INFO - [2025-06-01T18:13:09.606+0200] {dag.py:2941} INFO - Sync 1 DAGs
[2025-06-01T18:13:09.613+0200] {logging_mixin.py:154} INFO - [2025-06-01T18:13:09.613+0200] {dag.py:3722} INFO - Setting next_dagrun for example_params_trigger_ui to None, run_after=None
[2025-06-01T18:13:09.629+0200] {processor.py:179} INFO - Processing /home/lohit/miniconda3/envs/airflow-env/lib/python3.8/site-packages/airflow/example_dags/example_params_trigger_ui.py took 0.060 seconds
[2025-06-01T18:13:53.452+0200] {processor.py:157} INFO - Started process (PID=29031) to work on /home/lohit/miniconda3/envs/airflow-env/lib/python3.8/site-packages/airflow/example_dags/example_params_trigger_ui.py
[2025-06-01T18:13:53.455+0200] {processor.py:829} INFO - Processing file /home/lohit/miniconda3/envs/airflow-env/lib/python3.8/site-packages/airflow/example_dags/example_params_trigger_ui.py for tasks to queue
[2025-06-01T18:13:53.456+0200] {logging_mixin.py:154} INFO - [2025-06-01T18:13:53.455+0200] {dagbag.py:536} INFO - Filling up the DagBag from /home/lohit/miniconda3/envs/airflow-env/lib/python3.8/site-packages/airflow/example_dags/example_params_trigger_ui.py
[2025-06-01T18:13:53.466+0200] {processor.py:839} INFO - DAG(s) dict_keys(['example_params_trigger_ui']) retrieved from /home/lohit/miniconda3/envs/airflow-env/lib/python3.8/site-packages/airflow/example_dags/example_params_trigger_ui.py
[2025-06-01T18:13:53.487+0200] {logging_mixin.py:154} INFO - [2025-06-01T18:13:53.486+0200] {dag.py:2941} INFO - Sync 1 DAGs
[2025-06-01T18:13:53.494+0200] {logging_mixin.py:154} INFO - [2025-06-01T18:13:53.494+0200] {dag.py:3722} INFO - Setting next_dagrun for example_params_trigger_ui to None, run_after=None
[2025-06-01T18:13:53.512+0200] {processor.py:179} INFO - Processing /home/lohit/miniconda3/envs/airflow-env/lib/python3.8/site-packages/airflow/example_dags/example_params_trigger_ui.py took 0.062 seconds
[2025-06-01T18:14:35.858+0200] {processor.py:157} INFO - Started process (PID=29097) to work on /home/lohit/miniconda3/envs/airflow-env/lib/python3.8/site-packages/airflow/example_dags/example_params_trigger_ui.py
[2025-06-01T18:14:35.859+0200] {processor.py:829} INFO - Processing file /home/lohit/miniconda3/envs/airflow-env/lib/python3.8/site-packages/airflow/example_dags/example_params_trigger_ui.py for tasks to queue
[2025-06-01T18:14:35.860+0200] {logging_mixin.py:154} INFO - [2025-06-01T18:14:35.860+0200] {dagbag.py:536} INFO - Filling up the DagBag from /home/lohit/miniconda3/envs/airflow-env/lib/python3.8/site-packages/airflow/example_dags/example_params_trigger_ui.py
[2025-06-01T18:14:35.871+0200] {processor.py:839} INFO - DAG(s) dict_keys(['example_params_trigger_ui']) retrieved from /home/lohit/miniconda3/envs/airflow-env/lib/python3.8/site-packages/airflow/example_dags/example_params_trigger_ui.py
[2025-06-01T18:14:35.895+0200] {logging_mixin.py:154} INFO - [2025-06-01T18:14:35.895+0200] {dag.py:2941} INFO - Sync 1 DAGs
[2025-06-01T18:14:35.903+0200] {logging_mixin.py:154} INFO - [2025-06-01T18:14:35.903+0200] {dag.py:3722} INFO - Setting next_dagrun for example_params_trigger_ui to None, run_after=None
[2025-06-01T18:14:35.920+0200] {processor.py:179} INFO - Processing /home/lohit/miniconda3/envs/airflow-env/lib/python3.8/site-packages/airflow/example_dags/example_params_trigger_ui.py took 0.065 seconds
[2025-06-01T18:15:25.533+0200] {processor.py:157} INFO - Started process (PID=29168) to work on /home/lohit/miniconda3/envs/airflow-env/lib/python3.8/site-packages/airflow/example_dags/example_params_trigger_ui.py
[2025-06-01T18:15:25.537+0200] {processor.py:829} INFO - Processing file /home/lohit/miniconda3/envs/airflow-env/lib/python3.8/site-packages/airflow/example_dags/example_params_trigger_ui.py for tasks to queue
[2025-06-01T18:15:25.537+0200] {logging_mixin.py:154} INFO - [2025-06-01T18:15:25.537+0200] {dagbag.py:536} INFO - Filling up the DagBag from /home/lohit/miniconda3/envs/airflow-env/lib/python3.8/site-packages/airflow/example_dags/example_params_trigger_ui.py
[2025-06-01T18:15:25.548+0200] {processor.py:839} INFO - DAG(s) dict_keys(['example_params_trigger_ui']) retrieved from /home/lohit/miniconda3/envs/airflow-env/lib/python3.8/site-packages/airflow/example_dags/example_params_trigger_ui.py
[2025-06-01T18:15:25.573+0200] {logging_mixin.py:154} INFO - [2025-06-01T18:15:25.572+0200] {dag.py:2941} INFO - Sync 1 DAGs
[2025-06-01T18:15:25.580+0200] {logging_mixin.py:154} INFO - [2025-06-01T18:15:25.580+0200] {dag.py:3722} INFO - Setting next_dagrun for example_params_trigger_ui to None, run_after=None
[2025-06-01T18:15:25.597+0200] {processor.py:179} INFO - Processing /home/lohit/miniconda3/envs/airflow-env/lib/python3.8/site-packages/airflow/example_dags/example_params_trigger_ui.py took 0.066 seconds
[2025-06-01T18:16:14.655+0200] {processor.py:157} INFO - Started process (PID=29241) to work on /home/lohit/miniconda3/envs/airflow-env/lib/python3.8/site-packages/airflow/example_dags/example_params_trigger_ui.py
[2025-06-01T18:16:14.659+0200] {processor.py:829} INFO - Processing file /home/lohit/miniconda3/envs/airflow-env/lib/python3.8/site-packages/airflow/example_dags/example_params_trigger_ui.py for tasks to queue
[2025-06-01T18:16:14.659+0200] {logging_mixin.py:154} INFO - [2025-06-01T18:16:14.659+0200] {dagbag.py:536} INFO - Filling up the DagBag from /home/lohit/miniconda3/envs/airflow-env/lib/python3.8/site-packages/airflow/example_dags/example_params_trigger_ui.py
[2025-06-01T18:16:14.669+0200] {processor.py:839} INFO - DAG(s) dict_keys(['example_params_trigger_ui']) retrieved from /home/lohit/miniconda3/envs/airflow-env/lib/python3.8/site-packages/airflow/example_dags/example_params_trigger_ui.py
[2025-06-01T18:16:14.693+0200] {logging_mixin.py:154} INFO - [2025-06-01T18:16:14.693+0200] {dag.py:2941} INFO - Sync 1 DAGs
[2025-06-01T18:16:14.699+0200] {logging_mixin.py:154} INFO - [2025-06-01T18:16:14.699+0200] {dag.py:3722} INFO - Setting next_dagrun for example_params_trigger_ui to None, run_after=None
[2025-06-01T18:16:14.715+0200] {processor.py:179} INFO - Processing /home/lohit/miniconda3/envs/airflow-env/lib/python3.8/site-packages/airflow/example_dags/example_params_trigger_ui.py took 0.062 seconds
[2025-06-01T18:17:02.139+0200] {processor.py:157} INFO - Started process (PID=29314) to work on /home/lohit/miniconda3/envs/airflow-env/lib/python3.8/site-packages/airflow/example_dags/example_params_trigger_ui.py
[2025-06-01T18:17:02.140+0200] {processor.py:829} INFO - Processing file /home/lohit/miniconda3/envs/airflow-env/lib/python3.8/site-packages/airflow/example_dags/example_params_trigger_ui.py for tasks to queue
[2025-06-01T18:17:02.141+0200] {logging_mixin.py:154} INFO - [2025-06-01T18:17:02.140+0200] {dagbag.py:536} INFO - Filling up the DagBag from /home/lohit/miniconda3/envs/airflow-env/lib/python3.8/site-packages/airflow/example_dags/example_params_trigger_ui.py
[2025-06-01T18:17:02.150+0200] {processor.py:839} INFO - DAG(s) dict_keys(['example_params_trigger_ui']) retrieved from /home/lohit/miniconda3/envs/airflow-env/lib/python3.8/site-packages/airflow/example_dags/example_params_trigger_ui.py
[2025-06-01T18:17:02.170+0200] {logging_mixin.py:154} INFO - [2025-06-01T18:17:02.170+0200] {dag.py:2941} INFO - Sync 1 DAGs
[2025-06-01T18:17:02.178+0200] {logging_mixin.py:154} INFO - [2025-06-01T18:17:02.178+0200] {dag.py:3722} INFO - Setting next_dagrun for example_params_trigger_ui to None, run_after=None
[2025-06-01T18:17:02.194+0200] {processor.py:179} INFO - Processing /home/lohit/miniconda3/envs/airflow-env/lib/python3.8/site-packages/airflow/example_dags/example_params_trigger_ui.py took 0.058 seconds
[2025-06-01T18:17:47.173+0200] {processor.py:157} INFO - Started process (PID=29383) to work on /home/lohit/miniconda3/envs/airflow-env/lib/python3.8/site-packages/airflow/example_dags/example_params_trigger_ui.py
[2025-06-01T18:17:47.174+0200] {processor.py:829} INFO - Processing file /home/lohit/miniconda3/envs/airflow-env/lib/python3.8/site-packages/airflow/example_dags/example_params_trigger_ui.py for tasks to queue
[2025-06-01T18:17:47.175+0200] {logging_mixin.py:154} INFO - [2025-06-01T18:17:47.175+0200] {dagbag.py:536} INFO - Filling up the DagBag from /home/lohit/miniconda3/envs/airflow-env/lib/python3.8/site-packages/airflow/example_dags/example_params_trigger_ui.py
[2025-06-01T18:17:47.186+0200] {processor.py:839} INFO - DAG(s) dict_keys(['example_params_trigger_ui']) retrieved from /home/lohit/miniconda3/envs/airflow-env/lib/python3.8/site-packages/airflow/example_dags/example_params_trigger_ui.py
[2025-06-01T18:17:47.211+0200] {logging_mixin.py:154} INFO - [2025-06-01T18:17:47.210+0200] {dag.py:2941} INFO - Sync 1 DAGs
[2025-06-01T18:17:47.217+0200] {logging_mixin.py:154} INFO - [2025-06-01T18:17:47.217+0200] {dag.py:3722} INFO - Setting next_dagrun for example_params_trigger_ui to None, run_after=None
[2025-06-01T18:17:47.234+0200] {processor.py:179} INFO - Processing /home/lohit/miniconda3/envs/airflow-env/lib/python3.8/site-packages/airflow/example_dags/example_params_trigger_ui.py took 0.063 seconds
[2025-06-01T18:18:32.180+0200] {processor.py:157} INFO - Started process (PID=29450) to work on /home/lohit/miniconda3/envs/airflow-env/lib/python3.8/site-packages/airflow/example_dags/example_params_trigger_ui.py
[2025-06-01T18:18:32.183+0200] {processor.py:829} INFO - Processing file /home/lohit/miniconda3/envs/airflow-env/lib/python3.8/site-packages/airflow/example_dags/example_params_trigger_ui.py for tasks to queue
[2025-06-01T18:18:32.184+0200] {logging_mixin.py:154} INFO - [2025-06-01T18:18:32.184+0200] {dagbag.py:536} INFO - Filling up the DagBag from /home/lohit/miniconda3/envs/airflow-env/lib/python3.8/site-packages/airflow/example_dags/example_params_trigger_ui.py
[2025-06-01T18:18:32.195+0200] {processor.py:839} INFO - DAG(s) dict_keys(['example_params_trigger_ui']) retrieved from /home/lohit/miniconda3/envs/airflow-env/lib/python3.8/site-packages/airflow/example_dags/example_params_trigger_ui.py
[2025-06-01T18:18:32.219+0200] {logging_mixin.py:154} INFO - [2025-06-01T18:18:32.219+0200] {dag.py:2941} INFO - Sync 1 DAGs
[2025-06-01T18:18:32.227+0200] {logging_mixin.py:154} INFO - [2025-06-01T18:18:32.227+0200] {dag.py:3722} INFO - Setting next_dagrun for example_params_trigger_ui to None, run_after=None
[2025-06-01T18:18:32.244+0200] {processor.py:179} INFO - Processing /home/lohit/miniconda3/envs/airflow-env/lib/python3.8/site-packages/airflow/example_dags/example_params_trigger_ui.py took 0.066 seconds
[2025-06-01T18:19:18.543+0200] {processor.py:157} INFO - Started process (PID=29519) to work on /home/lohit/miniconda3/envs/airflow-env/lib/python3.8/site-packages/airflow/example_dags/example_params_trigger_ui.py
[2025-06-01T18:19:18.544+0200] {processor.py:829} INFO - Processing file /home/lohit/miniconda3/envs/airflow-env/lib/python3.8/site-packages/airflow/example_dags/example_params_trigger_ui.py for tasks to queue
[2025-06-01T18:19:18.545+0200] {logging_mixin.py:154} INFO - [2025-06-01T18:19:18.545+0200] {dagbag.py:536} INFO - Filling up the DagBag from /home/lohit/miniconda3/envs/airflow-env/lib/python3.8/site-packages/airflow/example_dags/example_params_trigger_ui.py
[2025-06-01T18:19:18.555+0200] {processor.py:839} INFO - DAG(s) dict_keys(['example_params_trigger_ui']) retrieved from /home/lohit/miniconda3/envs/airflow-env/lib/python3.8/site-packages/airflow/example_dags/example_params_trigger_ui.py
[2025-06-01T18:19:18.581+0200] {logging_mixin.py:154} INFO - [2025-06-01T18:19:18.581+0200] {dag.py:2941} INFO - Sync 1 DAGs
[2025-06-01T18:19:18.589+0200] {logging_mixin.py:154} INFO - [2025-06-01T18:19:18.589+0200] {dag.py:3722} INFO - Setting next_dagrun for example_params_trigger_ui to None, run_after=None
[2025-06-01T18:19:18.605+0200] {processor.py:179} INFO - Processing /home/lohit/miniconda3/envs/airflow-env/lib/python3.8/site-packages/airflow/example_dags/example_params_trigger_ui.py took 0.064 seconds
[2025-06-01T18:20:06.264+0200] {processor.py:157} INFO - Started process (PID=29590) to work on /home/lohit/miniconda3/envs/airflow-env/lib/python3.8/site-packages/airflow/example_dags/example_params_trigger_ui.py
[2025-06-01T18:20:06.267+0200] {processor.py:829} INFO - Processing file /home/lohit/miniconda3/envs/airflow-env/lib/python3.8/site-packages/airflow/example_dags/example_params_trigger_ui.py for tasks to queue
[2025-06-01T18:20:06.268+0200] {logging_mixin.py:154} INFO - [2025-06-01T18:20:06.267+0200] {dagbag.py:536} INFO - Filling up the DagBag from /home/lohit/miniconda3/envs/airflow-env/lib/python3.8/site-packages/airflow/example_dags/example_params_trigger_ui.py
[2025-06-01T18:20:06.278+0200] {processor.py:839} INFO - DAG(s) dict_keys(['example_params_trigger_ui']) retrieved from /home/lohit/miniconda3/envs/airflow-env/lib/python3.8/site-packages/airflow/example_dags/example_params_trigger_ui.py
[2025-06-01T18:20:06.301+0200] {logging_mixin.py:154} INFO - [2025-06-01T18:20:06.301+0200] {dag.py:2941} INFO - Sync 1 DAGs
[2025-06-01T18:20:06.309+0200] {logging_mixin.py:154} INFO - [2025-06-01T18:20:06.309+0200] {dag.py:3722} INFO - Setting next_dagrun for example_params_trigger_ui to None, run_after=None
[2025-06-01T18:20:06.327+0200] {processor.py:179} INFO - Processing /home/lohit/miniconda3/envs/airflow-env/lib/python3.8/site-packages/airflow/example_dags/example_params_trigger_ui.py took 0.066 seconds
[2025-06-01T18:20:55.530+0200] {processor.py:157} INFO - Started process (PID=29661) to work on /home/lohit/miniconda3/envs/airflow-env/lib/python3.8/site-packages/airflow/example_dags/example_params_trigger_ui.py
[2025-06-01T18:20:55.533+0200] {processor.py:829} INFO - Processing file /home/lohit/miniconda3/envs/airflow-env/lib/python3.8/site-packages/airflow/example_dags/example_params_trigger_ui.py for tasks to queue
[2025-06-01T18:20:55.534+0200] {logging_mixin.py:154} INFO - [2025-06-01T18:20:55.534+0200] {dagbag.py:536} INFO - Filling up the DagBag from /home/lohit/miniconda3/envs/airflow-env/lib/python3.8/site-packages/airflow/example_dags/example_params_trigger_ui.py
[2025-06-01T18:20:55.545+0200] {processor.py:839} INFO - DAG(s) dict_keys(['example_params_trigger_ui']) retrieved from /home/lohit/miniconda3/envs/airflow-env/lib/python3.8/site-packages/airflow/example_dags/example_params_trigger_ui.py
[2025-06-01T18:20:55.566+0200] {logging_mixin.py:154} INFO - [2025-06-01T18:20:55.565+0200] {dag.py:2941} INFO - Sync 1 DAGs
[2025-06-01T18:20:55.572+0200] {logging_mixin.py:154} INFO - [2025-06-01T18:20:55.572+0200] {dag.py:3722} INFO - Setting next_dagrun for example_params_trigger_ui to None, run_after=None
[2025-06-01T18:20:55.591+0200] {processor.py:179} INFO - Processing /home/lohit/miniconda3/envs/airflow-env/lib/python3.8/site-packages/airflow/example_dags/example_params_trigger_ui.py took 0.063 seconds
[2025-06-01T18:21:43.650+0200] {processor.py:157} INFO - Started process (PID=29732) to work on /home/lohit/miniconda3/envs/airflow-env/lib/python3.8/site-packages/airflow/example_dags/example_params_trigger_ui.py
[2025-06-01T18:21:43.653+0200] {processor.py:829} INFO - Processing file /home/lohit/miniconda3/envs/airflow-env/lib/python3.8/site-packages/airflow/example_dags/example_params_trigger_ui.py for tasks to queue
[2025-06-01T18:21:43.653+0200] {logging_mixin.py:154} INFO - [2025-06-01T18:21:43.653+0200] {dagbag.py:536} INFO - Filling up the DagBag from /home/lohit/miniconda3/envs/airflow-env/lib/python3.8/site-packages/airflow/example_dags/example_params_trigger_ui.py
[2025-06-01T18:21:43.663+0200] {processor.py:839} INFO - DAG(s) dict_keys(['example_params_trigger_ui']) retrieved from /home/lohit/miniconda3/envs/airflow-env/lib/python3.8/site-packages/airflow/example_dags/example_params_trigger_ui.py
[2025-06-01T18:21:43.688+0200] {logging_mixin.py:154} INFO - [2025-06-01T18:21:43.688+0200] {dag.py:2941} INFO - Sync 1 DAGs
[2025-06-01T18:21:43.695+0200] {logging_mixin.py:154} INFO - [2025-06-01T18:21:43.695+0200] {dag.py:3722} INFO - Setting next_dagrun for example_params_trigger_ui to None, run_after=None
[2025-06-01T18:21:43.713+0200] {processor.py:179} INFO - Processing /home/lohit/miniconda3/envs/airflow-env/lib/python3.8/site-packages/airflow/example_dags/example_params_trigger_ui.py took 0.065 seconds
[2025-06-01T18:22:28.754+0200] {processor.py:157} INFO - Started process (PID=29801) to work on /home/lohit/miniconda3/envs/airflow-env/lib/python3.8/site-packages/airflow/example_dags/example_params_trigger_ui.py
[2025-06-01T18:22:28.756+0200] {processor.py:829} INFO - Processing file /home/lohit/miniconda3/envs/airflow-env/lib/python3.8/site-packages/airflow/example_dags/example_params_trigger_ui.py for tasks to queue
[2025-06-01T18:22:28.756+0200] {logging_mixin.py:154} INFO - [2025-06-01T18:22:28.756+0200] {dagbag.py:536} INFO - Filling up the DagBag from /home/lohit/miniconda3/envs/airflow-env/lib/python3.8/site-packages/airflow/example_dags/example_params_trigger_ui.py
[2025-06-01T18:22:28.767+0200] {processor.py:839} INFO - DAG(s) dict_keys(['example_params_trigger_ui']) retrieved from /home/lohit/miniconda3/envs/airflow-env/lib/python3.8/site-packages/airflow/example_dags/example_params_trigger_ui.py
[2025-06-01T18:22:28.789+0200] {logging_mixin.py:154} INFO - [2025-06-01T18:22:28.789+0200] {dag.py:2941} INFO - Sync 1 DAGs
[2025-06-01T18:22:28.796+0200] {logging_mixin.py:154} INFO - [2025-06-01T18:22:28.796+0200] {dag.py:3722} INFO - Setting next_dagrun for example_params_trigger_ui to None, run_after=None
[2025-06-01T18:22:28.811+0200] {processor.py:179} INFO - Processing /home/lohit/miniconda3/envs/airflow-env/lib/python3.8/site-packages/airflow/example_dags/example_params_trigger_ui.py took 0.060 seconds
[2025-06-01T18:23:18.806+0200] {processor.py:157} INFO - Started process (PID=29872) to work on /home/lohit/miniconda3/envs/airflow-env/lib/python3.8/site-packages/airflow/example_dags/example_params_trigger_ui.py
[2025-06-01T18:23:18.809+0200] {processor.py:829} INFO - Processing file /home/lohit/miniconda3/envs/airflow-env/lib/python3.8/site-packages/airflow/example_dags/example_params_trigger_ui.py for tasks to queue
[2025-06-01T18:23:18.810+0200] {logging_mixin.py:154} INFO - [2025-06-01T18:23:18.810+0200] {dagbag.py:536} INFO - Filling up the DagBag from /home/lohit/miniconda3/envs/airflow-env/lib/python3.8/site-packages/airflow/example_dags/example_params_trigger_ui.py
[2025-06-01T18:23:18.822+0200] {processor.py:839} INFO - DAG(s) dict_keys(['example_params_trigger_ui']) retrieved from /home/lohit/miniconda3/envs/airflow-env/lib/python3.8/site-packages/airflow/example_dags/example_params_trigger_ui.py
[2025-06-01T18:23:18.845+0200] {logging_mixin.py:154} INFO - [2025-06-01T18:23:18.844+0200] {dag.py:2941} INFO - Sync 1 DAGs
[2025-06-01T18:23:18.852+0200] {logging_mixin.py:154} INFO - [2025-06-01T18:23:18.852+0200] {dag.py:3722} INFO - Setting next_dagrun for example_params_trigger_ui to None, run_after=None
[2025-06-01T18:23:18.869+0200] {processor.py:179} INFO - Processing /home/lohit/miniconda3/envs/airflow-env/lib/python3.8/site-packages/airflow/example_dags/example_params_trigger_ui.py took 0.065 seconds
[2025-06-01T18:24:06.357+0200] {processor.py:157} INFO - Started process (PID=29943) to work on /home/lohit/miniconda3/envs/airflow-env/lib/python3.8/site-packages/airflow/example_dags/example_params_trigger_ui.py
[2025-06-01T18:24:06.360+0200] {processor.py:829} INFO - Processing file /home/lohit/miniconda3/envs/airflow-env/lib/python3.8/site-packages/airflow/example_dags/example_params_trigger_ui.py for tasks to queue
[2025-06-01T18:24:06.360+0200] {logging_mixin.py:154} INFO - [2025-06-01T18:24:06.360+0200] {dagbag.py:536} INFO - Filling up the DagBag from /home/lohit/miniconda3/envs/airflow-env/lib/python3.8/site-packages/airflow/example_dags/example_params_trigger_ui.py
[2025-06-01T18:24:06.372+0200] {processor.py:839} INFO - DAG(s) dict_keys(['example_params_trigger_ui']) retrieved from /home/lohit/miniconda3/envs/airflow-env/lib/python3.8/site-packages/airflow/example_dags/example_params_trigger_ui.py
[2025-06-01T18:24:06.393+0200] {logging_mixin.py:154} INFO - [2025-06-01T18:24:06.393+0200] {dag.py:2941} INFO - Sync 1 DAGs
[2025-06-01T18:24:06.400+0200] {logging_mixin.py:154} INFO - [2025-06-01T18:24:06.400+0200] {dag.py:3722} INFO - Setting next_dagrun for example_params_trigger_ui to None, run_after=None
[2025-06-01T18:24:06.416+0200] {processor.py:179} INFO - Processing /home/lohit/miniconda3/envs/airflow-env/lib/python3.8/site-packages/airflow/example_dags/example_params_trigger_ui.py took 0.062 seconds
[2025-06-01T18:24:52.882+0200] {processor.py:157} INFO - Started process (PID=30012) to work on /home/lohit/miniconda3/envs/airflow-env/lib/python3.8/site-packages/airflow/example_dags/example_params_trigger_ui.py
[2025-06-01T18:24:52.885+0200] {processor.py:829} INFO - Processing file /home/lohit/miniconda3/envs/airflow-env/lib/python3.8/site-packages/airflow/example_dags/example_params_trigger_ui.py for tasks to queue
[2025-06-01T18:24:52.886+0200] {logging_mixin.py:154} INFO - [2025-06-01T18:24:52.885+0200] {dagbag.py:536} INFO - Filling up the DagBag from /home/lohit/miniconda3/envs/airflow-env/lib/python3.8/site-packages/airflow/example_dags/example_params_trigger_ui.py
[2025-06-01T18:24:52.896+0200] {processor.py:839} INFO - DAG(s) dict_keys(['example_params_trigger_ui']) retrieved from /home/lohit/miniconda3/envs/airflow-env/lib/python3.8/site-packages/airflow/example_dags/example_params_trigger_ui.py
[2025-06-01T18:24:52.917+0200] {logging_mixin.py:154} INFO - [2025-06-01T18:24:52.917+0200] {dag.py:2941} INFO - Sync 1 DAGs
[2025-06-01T18:24:52.923+0200] {logging_mixin.py:154} INFO - [2025-06-01T18:24:52.923+0200] {dag.py:3722} INFO - Setting next_dagrun for example_params_trigger_ui to None, run_after=None
[2025-06-01T18:24:52.940+0200] {processor.py:179} INFO - Processing /home/lohit/miniconda3/envs/airflow-env/lib/python3.8/site-packages/airflow/example_dags/example_params_trigger_ui.py took 0.060 seconds
[2025-06-01T18:25:41.629+0200] {processor.py:157} INFO - Started process (PID=30083) to work on /home/lohit/miniconda3/envs/airflow-env/lib/python3.8/site-packages/airflow/example_dags/example_params_trigger_ui.py
[2025-06-01T18:25:41.632+0200] {processor.py:829} INFO - Processing file /home/lohit/miniconda3/envs/airflow-env/lib/python3.8/site-packages/airflow/example_dags/example_params_trigger_ui.py for tasks to queue
[2025-06-01T18:25:41.633+0200] {logging_mixin.py:154} INFO - [2025-06-01T18:25:41.632+0200] {dagbag.py:536} INFO - Filling up the DagBag from /home/lohit/miniconda3/envs/airflow-env/lib/python3.8/site-packages/airflow/example_dags/example_params_trigger_ui.py
[2025-06-01T18:25:41.643+0200] {processor.py:839} INFO - DAG(s) dict_keys(['example_params_trigger_ui']) retrieved from /home/lohit/miniconda3/envs/airflow-env/lib/python3.8/site-packages/airflow/example_dags/example_params_trigger_ui.py
[2025-06-01T18:25:41.668+0200] {logging_mixin.py:154} INFO - [2025-06-01T18:25:41.668+0200] {dag.py:2941} INFO - Sync 1 DAGs
[2025-06-01T18:25:41.675+0200] {logging_mixin.py:154} INFO - [2025-06-01T18:25:41.675+0200] {dag.py:3722} INFO - Setting next_dagrun for example_params_trigger_ui to None, run_after=None
[2025-06-01T18:25:41.692+0200] {processor.py:179} INFO - Processing /home/lohit/miniconda3/envs/airflow-env/lib/python3.8/site-packages/airflow/example_dags/example_params_trigger_ui.py took 0.065 seconds
[2025-06-01T18:26:25.600+0200] {processor.py:157} INFO - Started process (PID=30152) to work on /home/lohit/miniconda3/envs/airflow-env/lib/python3.8/site-packages/airflow/example_dags/example_params_trigger_ui.py
[2025-06-01T18:26:25.604+0200] {processor.py:829} INFO - Processing file /home/lohit/miniconda3/envs/airflow-env/lib/python3.8/site-packages/airflow/example_dags/example_params_trigger_ui.py for tasks to queue
[2025-06-01T18:26:25.605+0200] {logging_mixin.py:154} INFO - [2025-06-01T18:26:25.604+0200] {dagbag.py:536} INFO - Filling up the DagBag from /home/lohit/miniconda3/envs/airflow-env/lib/python3.8/site-packages/airflow/example_dags/example_params_trigger_ui.py
[2025-06-01T18:26:25.615+0200] {processor.py:839} INFO - DAG(s) dict_keys(['example_params_trigger_ui']) retrieved from /home/lohit/miniconda3/envs/airflow-env/lib/python3.8/site-packages/airflow/example_dags/example_params_trigger_ui.py
[2025-06-01T18:26:25.637+0200] {logging_mixin.py:154} INFO - [2025-06-01T18:26:25.637+0200] {dag.py:2941} INFO - Sync 1 DAGs
[2025-06-01T18:26:25.644+0200] {logging_mixin.py:154} INFO - [2025-06-01T18:26:25.644+0200] {dag.py:3722} INFO - Setting next_dagrun for example_params_trigger_ui to None, run_after=None
[2025-06-01T18:26:25.662+0200] {processor.py:179} INFO - Processing /home/lohit/miniconda3/envs/airflow-env/lib/python3.8/site-packages/airflow/example_dags/example_params_trigger_ui.py took 0.064 seconds
[2025-06-01T18:27:12.878+0200] {processor.py:157} INFO - Started process (PID=30223) to work on /home/lohit/miniconda3/envs/airflow-env/lib/python3.8/site-packages/airflow/example_dags/example_params_trigger_ui.py
[2025-06-01T18:27:12.879+0200] {processor.py:829} INFO - Processing file /home/lohit/miniconda3/envs/airflow-env/lib/python3.8/site-packages/airflow/example_dags/example_params_trigger_ui.py for tasks to queue
[2025-06-01T18:27:12.879+0200] {logging_mixin.py:154} INFO - [2025-06-01T18:27:12.879+0200] {dagbag.py:536} INFO - Filling up the DagBag from /home/lohit/miniconda3/envs/airflow-env/lib/python3.8/site-packages/airflow/example_dags/example_params_trigger_ui.py
[2025-06-01T18:27:12.892+0200] {processor.py:839} INFO - DAG(s) dict_keys(['example_params_trigger_ui']) retrieved from /home/lohit/miniconda3/envs/airflow-env/lib/python3.8/site-packages/airflow/example_dags/example_params_trigger_ui.py
[2025-06-01T18:27:12.914+0200] {logging_mixin.py:154} INFO - [2025-06-01T18:27:12.914+0200] {dag.py:2941} INFO - Sync 1 DAGs
[2025-06-01T18:27:12.921+0200] {logging_mixin.py:154} INFO - [2025-06-01T18:27:12.921+0200] {dag.py:3722} INFO - Setting next_dagrun for example_params_trigger_ui to None, run_after=None
[2025-06-01T18:27:12.937+0200] {processor.py:179} INFO - Processing /home/lohit/miniconda3/envs/airflow-env/lib/python3.8/site-packages/airflow/example_dags/example_params_trigger_ui.py took 0.062 seconds
[2025-06-01T18:27:58.288+0200] {processor.py:157} INFO - Started process (PID=30291) to work on /home/lohit/miniconda3/envs/airflow-env/lib/python3.8/site-packages/airflow/example_dags/example_params_trigger_ui.py
[2025-06-01T18:27:58.292+0200] {processor.py:829} INFO - Processing file /home/lohit/miniconda3/envs/airflow-env/lib/python3.8/site-packages/airflow/example_dags/example_params_trigger_ui.py for tasks to queue
[2025-06-01T18:27:58.292+0200] {logging_mixin.py:154} INFO - [2025-06-01T18:27:58.292+0200] {dagbag.py:536} INFO - Filling up the DagBag from /home/lohit/miniconda3/envs/airflow-env/lib/python3.8/site-packages/airflow/example_dags/example_params_trigger_ui.py
[2025-06-01T18:27:58.305+0200] {processor.py:839} INFO - DAG(s) dict_keys(['example_params_trigger_ui']) retrieved from /home/lohit/miniconda3/envs/airflow-env/lib/python3.8/site-packages/airflow/example_dags/example_params_trigger_ui.py
[2025-06-01T18:27:58.330+0200] {logging_mixin.py:154} INFO - [2025-06-01T18:27:58.330+0200] {dag.py:2941} INFO - Sync 1 DAGs
[2025-06-01T18:27:58.336+0200] {logging_mixin.py:154} INFO - [2025-06-01T18:27:58.336+0200] {dag.py:3722} INFO - Setting next_dagrun for example_params_trigger_ui to None, run_after=None
[2025-06-01T18:27:58.353+0200] {processor.py:179} INFO - Processing /home/lohit/miniconda3/envs/airflow-env/lib/python3.8/site-packages/airflow/example_dags/example_params_trigger_ui.py took 0.066 seconds
[2025-06-01T18:28:48.350+0200] {processor.py:157} INFO - Started process (PID=30363) to work on /home/lohit/miniconda3/envs/airflow-env/lib/python3.8/site-packages/airflow/example_dags/example_params_trigger_ui.py
[2025-06-01T18:28:48.353+0200] {processor.py:829} INFO - Processing file /home/lohit/miniconda3/envs/airflow-env/lib/python3.8/site-packages/airflow/example_dags/example_params_trigger_ui.py for tasks to queue
[2025-06-01T18:28:48.354+0200] {logging_mixin.py:154} INFO - [2025-06-01T18:28:48.353+0200] {dagbag.py:536} INFO - Filling up the DagBag from /home/lohit/miniconda3/envs/airflow-env/lib/python3.8/site-packages/airflow/example_dags/example_params_trigger_ui.py
[2025-06-01T18:28:48.363+0200] {processor.py:839} INFO - DAG(s) dict_keys(['example_params_trigger_ui']) retrieved from /home/lohit/miniconda3/envs/airflow-env/lib/python3.8/site-packages/airflow/example_dags/example_params_trigger_ui.py
[2025-06-01T18:28:48.384+0200] {logging_mixin.py:154} INFO - [2025-06-01T18:28:48.384+0200] {dag.py:2941} INFO - Sync 1 DAGs
[2025-06-01T18:28:48.390+0200] {logging_mixin.py:154} INFO - [2025-06-01T18:28:48.390+0200] {dag.py:3722} INFO - Setting next_dagrun for example_params_trigger_ui to None, run_after=None
[2025-06-01T18:28:48.406+0200] {processor.py:179} INFO - Processing /home/lohit/miniconda3/envs/airflow-env/lib/python3.8/site-packages/airflow/example_dags/example_params_trigger_ui.py took 0.058 seconds
[2025-06-01T18:29:31.865+0200] {processor.py:157} INFO - Started process (PID=30430) to work on /home/lohit/miniconda3/envs/airflow-env/lib/python3.8/site-packages/airflow/example_dags/example_params_trigger_ui.py
[2025-06-01T18:29:31.868+0200] {processor.py:829} INFO - Processing file /home/lohit/miniconda3/envs/airflow-env/lib/python3.8/site-packages/airflow/example_dags/example_params_trigger_ui.py for tasks to queue
[2025-06-01T18:29:31.868+0200] {logging_mixin.py:154} INFO - [2025-06-01T18:29:31.868+0200] {dagbag.py:536} INFO - Filling up the DagBag from /home/lohit/miniconda3/envs/airflow-env/lib/python3.8/site-packages/airflow/example_dags/example_params_trigger_ui.py
[2025-06-01T18:29:31.879+0200] {processor.py:839} INFO - DAG(s) dict_keys(['example_params_trigger_ui']) retrieved from /home/lohit/miniconda3/envs/airflow-env/lib/python3.8/site-packages/airflow/example_dags/example_params_trigger_ui.py
[2025-06-01T18:29:31.903+0200] {logging_mixin.py:154} INFO - [2025-06-01T18:29:31.903+0200] {dag.py:2941} INFO - Sync 1 DAGs
[2025-06-01T18:29:31.910+0200] {logging_mixin.py:154} INFO - [2025-06-01T18:29:31.910+0200] {dag.py:3722} INFO - Setting next_dagrun for example_params_trigger_ui to None, run_after=None
[2025-06-01T18:29:31.929+0200] {processor.py:179} INFO - Processing /home/lohit/miniconda3/envs/airflow-env/lib/python3.8/site-packages/airflow/example_dags/example_params_trigger_ui.py took 0.066 seconds
[2025-06-01T18:30:16.897+0200] {processor.py:157} INFO - Started process (PID=30499) to work on /home/lohit/miniconda3/envs/airflow-env/lib/python3.8/site-packages/airflow/example_dags/example_params_trigger_ui.py
[2025-06-01T18:30:16.900+0200] {processor.py:829} INFO - Processing file /home/lohit/miniconda3/envs/airflow-env/lib/python3.8/site-packages/airflow/example_dags/example_params_trigger_ui.py for tasks to queue
[2025-06-01T18:30:16.901+0200] {logging_mixin.py:154} INFO - [2025-06-01T18:30:16.901+0200] {dagbag.py:536} INFO - Filling up the DagBag from /home/lohit/miniconda3/envs/airflow-env/lib/python3.8/site-packages/airflow/example_dags/example_params_trigger_ui.py
[2025-06-01T18:30:16.911+0200] {processor.py:839} INFO - DAG(s) dict_keys(['example_params_trigger_ui']) retrieved from /home/lohit/miniconda3/envs/airflow-env/lib/python3.8/site-packages/airflow/example_dags/example_params_trigger_ui.py
[2025-06-01T18:30:16.936+0200] {logging_mixin.py:154} INFO - [2025-06-01T18:30:16.936+0200] {dag.py:2941} INFO - Sync 1 DAGs
[2025-06-01T18:30:16.943+0200] {logging_mixin.py:154} INFO - [2025-06-01T18:30:16.943+0200] {dag.py:3722} INFO - Setting next_dagrun for example_params_trigger_ui to None, run_after=None
[2025-06-01T18:30:16.961+0200] {processor.py:179} INFO - Processing /home/lohit/miniconda3/envs/airflow-env/lib/python3.8/site-packages/airflow/example_dags/example_params_trigger_ui.py took 0.066 seconds
[2025-06-01T18:30:59.241+0200] {processor.py:157} INFO - Started process (PID=30545) to work on /home/lohit/miniconda3/envs/airflow-env/lib/python3.8/site-packages/airflow/example_dags/example_params_trigger_ui.py
[2025-06-01T18:30:59.244+0200] {processor.py:829} INFO - Processing file /home/lohit/miniconda3/envs/airflow-env/lib/python3.8/site-packages/airflow/example_dags/example_params_trigger_ui.py for tasks to queue
[2025-06-01T18:30:59.245+0200] {logging_mixin.py:154} INFO - [2025-06-01T18:30:59.245+0200] {dagbag.py:536} INFO - Filling up the DagBag from /home/lohit/miniconda3/envs/airflow-env/lib/python3.8/site-packages/airflow/example_dags/example_params_trigger_ui.py
[2025-06-01T18:30:59.256+0200] {processor.py:839} INFO - DAG(s) dict_keys(['example_params_trigger_ui']) retrieved from /home/lohit/miniconda3/envs/airflow-env/lib/python3.8/site-packages/airflow/example_dags/example_params_trigger_ui.py
[2025-06-01T18:30:59.279+0200] {logging_mixin.py:154} INFO - [2025-06-01T18:30:59.279+0200] {dag.py:2941} INFO - Sync 1 DAGs
[2025-06-01T18:30:59.285+0200] {logging_mixin.py:154} INFO - [2025-06-01T18:30:59.285+0200] {dag.py:3722} INFO - Setting next_dagrun for example_params_trigger_ui to None, run_after=None
[2025-06-01T18:30:59.302+0200] {processor.py:179} INFO - Processing /home/lohit/miniconda3/envs/airflow-env/lib/python3.8/site-packages/airflow/example_dags/example_params_trigger_ui.py took 0.063 seconds
[2025-06-01T18:31:44.345+0200] {processor.py:157} INFO - Started process (PID=30614) to work on /home/lohit/miniconda3/envs/airflow-env/lib/python3.8/site-packages/airflow/example_dags/example_params_trigger_ui.py
[2025-06-01T18:31:44.348+0200] {processor.py:829} INFO - Processing file /home/lohit/miniconda3/envs/airflow-env/lib/python3.8/site-packages/airflow/example_dags/example_params_trigger_ui.py for tasks to queue
[2025-06-01T18:31:44.348+0200] {logging_mixin.py:154} INFO - [2025-06-01T18:31:44.348+0200] {dagbag.py:536} INFO - Filling up the DagBag from /home/lohit/miniconda3/envs/airflow-env/lib/python3.8/site-packages/airflow/example_dags/example_params_trigger_ui.py
[2025-06-01T18:31:44.361+0200] {processor.py:839} INFO - DAG(s) dict_keys(['example_params_trigger_ui']) retrieved from /home/lohit/miniconda3/envs/airflow-env/lib/python3.8/site-packages/airflow/example_dags/example_params_trigger_ui.py
[2025-06-01T18:31:44.384+0200] {logging_mixin.py:154} INFO - [2025-06-01T18:31:44.384+0200] {dag.py:2941} INFO - Sync 1 DAGs
[2025-06-01T18:31:44.392+0200] {logging_mixin.py:154} INFO - [2025-06-01T18:31:44.392+0200] {dag.py:3722} INFO - Setting next_dagrun for example_params_trigger_ui to None, run_after=None
[2025-06-01T18:31:44.407+0200] {processor.py:179} INFO - Processing /home/lohit/miniconda3/envs/airflow-env/lib/python3.8/site-packages/airflow/example_dags/example_params_trigger_ui.py took 0.065 seconds
[2025-06-01T18:32:30.069+0200] {processor.py:157} INFO - Started process (PID=30682) to work on /home/lohit/miniconda3/envs/airflow-env/lib/python3.8/site-packages/airflow/example_dags/example_params_trigger_ui.py
[2025-06-01T18:32:30.073+0200] {processor.py:829} INFO - Processing file /home/lohit/miniconda3/envs/airflow-env/lib/python3.8/site-packages/airflow/example_dags/example_params_trigger_ui.py for tasks to queue
[2025-06-01T18:32:30.073+0200] {logging_mixin.py:154} INFO - [2025-06-01T18:32:30.073+0200] {dagbag.py:536} INFO - Filling up the DagBag from /home/lohit/miniconda3/envs/airflow-env/lib/python3.8/site-packages/airflow/example_dags/example_params_trigger_ui.py
[2025-06-01T18:32:30.085+0200] {processor.py:839} INFO - DAG(s) dict_keys(['example_params_trigger_ui']) retrieved from /home/lohit/miniconda3/envs/airflow-env/lib/python3.8/site-packages/airflow/example_dags/example_params_trigger_ui.py
[2025-06-01T18:32:30.108+0200] {logging_mixin.py:154} INFO - [2025-06-01T18:32:30.108+0200] {dag.py:2941} INFO - Sync 1 DAGs
[2025-06-01T18:32:30.115+0200] {logging_mixin.py:154} INFO - [2025-06-01T18:32:30.115+0200] {dag.py:3722} INFO - Setting next_dagrun for example_params_trigger_ui to None, run_after=None
[2025-06-01T18:32:30.131+0200] {processor.py:179} INFO - Processing /home/lohit/miniconda3/envs/airflow-env/lib/python3.8/site-packages/airflow/example_dags/example_params_trigger_ui.py took 0.064 seconds
[2025-06-01T18:33:13.216+0200] {processor.py:157} INFO - Started process (PID=30750) to work on /home/lohit/miniconda3/envs/airflow-env/lib/python3.8/site-packages/airflow/example_dags/example_params_trigger_ui.py
[2025-06-01T18:33:13.220+0200] {processor.py:829} INFO - Processing file /home/lohit/miniconda3/envs/airflow-env/lib/python3.8/site-packages/airflow/example_dags/example_params_trigger_ui.py for tasks to queue
[2025-06-01T18:33:13.220+0200] {logging_mixin.py:154} INFO - [2025-06-01T18:33:13.220+0200] {dagbag.py:536} INFO - Filling up the DagBag from /home/lohit/miniconda3/envs/airflow-env/lib/python3.8/site-packages/airflow/example_dags/example_params_trigger_ui.py
[2025-06-01T18:33:13.232+0200] {processor.py:839} INFO - DAG(s) dict_keys(['example_params_trigger_ui']) retrieved from /home/lohit/miniconda3/envs/airflow-env/lib/python3.8/site-packages/airflow/example_dags/example_params_trigger_ui.py
[2025-06-01T18:33:13.255+0200] {logging_mixin.py:154} INFO - [2025-06-01T18:33:13.255+0200] {dag.py:2941} INFO - Sync 1 DAGs
[2025-06-01T18:33:13.261+0200] {logging_mixin.py:154} INFO - [2025-06-01T18:33:13.261+0200] {dag.py:3722} INFO - Setting next_dagrun for example_params_trigger_ui to None, run_after=None
[2025-06-01T18:33:13.278+0200] {processor.py:179} INFO - Processing /home/lohit/miniconda3/envs/airflow-env/lib/python3.8/site-packages/airflow/example_dags/example_params_trigger_ui.py took 0.064 seconds
[2025-06-01T18:33:52.135+0200] {processor.py:157} INFO - Started process (PID=30810) to work on /home/lohit/miniconda3/envs/airflow-env/lib/python3.8/site-packages/airflow/example_dags/example_params_trigger_ui.py
[2025-06-01T18:33:52.138+0200] {processor.py:829} INFO - Processing file /home/lohit/miniconda3/envs/airflow-env/lib/python3.8/site-packages/airflow/example_dags/example_params_trigger_ui.py for tasks to queue
[2025-06-01T18:33:52.139+0200] {logging_mixin.py:154} INFO - [2025-06-01T18:33:52.139+0200] {dagbag.py:536} INFO - Filling up the DagBag from /home/lohit/miniconda3/envs/airflow-env/lib/python3.8/site-packages/airflow/example_dags/example_params_trigger_ui.py
[2025-06-01T18:33:52.151+0200] {processor.py:839} INFO - DAG(s) dict_keys(['example_params_trigger_ui']) retrieved from /home/lohit/miniconda3/envs/airflow-env/lib/python3.8/site-packages/airflow/example_dags/example_params_trigger_ui.py
[2025-06-01T18:33:52.173+0200] {logging_mixin.py:154} INFO - [2025-06-01T18:33:52.173+0200] {dag.py:2941} INFO - Sync 1 DAGs
[2025-06-01T18:33:52.180+0200] {logging_mixin.py:154} INFO - [2025-06-01T18:33:52.180+0200] {dag.py:3722} INFO - Setting next_dagrun for example_params_trigger_ui to None, run_after=None
[2025-06-01T18:33:52.196+0200] {processor.py:179} INFO - Processing /home/lohit/miniconda3/envs/airflow-env/lib/python3.8/site-packages/airflow/example_dags/example_params_trigger_ui.py took 0.063 seconds
[2025-06-01T18:34:41.265+0200] {processor.py:157} INFO - Started process (PID=31597) to work on /home/lohit/miniconda3/envs/airflow-env/lib/python3.8/site-packages/airflow/example_dags/example_params_trigger_ui.py
[2025-06-01T18:34:41.269+0200] {processor.py:829} INFO - Processing file /home/lohit/miniconda3/envs/airflow-env/lib/python3.8/site-packages/airflow/example_dags/example_params_trigger_ui.py for tasks to queue
[2025-06-01T18:34:41.269+0200] {logging_mixin.py:154} INFO - [2025-06-01T18:34:41.269+0200] {dagbag.py:536} INFO - Filling up the DagBag from /home/lohit/miniconda3/envs/airflow-env/lib/python3.8/site-packages/airflow/example_dags/example_params_trigger_ui.py
[2025-06-01T18:34:41.281+0200] {processor.py:839} INFO - DAG(s) dict_keys(['example_params_trigger_ui']) retrieved from /home/lohit/miniconda3/envs/airflow-env/lib/python3.8/site-packages/airflow/example_dags/example_params_trigger_ui.py
[2025-06-01T18:34:41.304+0200] {logging_mixin.py:154} INFO - [2025-06-01T18:34:41.304+0200] {dag.py:2941} INFO - Sync 1 DAGs
[2025-06-01T18:34:41.311+0200] {logging_mixin.py:154} INFO - [2025-06-01T18:34:41.311+0200] {dag.py:3722} INFO - Setting next_dagrun for example_params_trigger_ui to None, run_after=None
[2025-06-01T18:34:41.329+0200] {processor.py:179} INFO - Processing /home/lohit/miniconda3/envs/airflow-env/lib/python3.8/site-packages/airflow/example_dags/example_params_trigger_ui.py took 0.066 seconds
[2025-06-01T18:35:27.781+0200] {processor.py:157} INFO - Started process (PID=31666) to work on /home/lohit/miniconda3/envs/airflow-env/lib/python3.8/site-packages/airflow/example_dags/example_params_trigger_ui.py
[2025-06-01T18:35:27.782+0200] {processor.py:829} INFO - Processing file /home/lohit/miniconda3/envs/airflow-env/lib/python3.8/site-packages/airflow/example_dags/example_params_trigger_ui.py for tasks to queue
[2025-06-01T18:35:27.783+0200] {logging_mixin.py:154} INFO - [2025-06-01T18:35:27.783+0200] {dagbag.py:536} INFO - Filling up the DagBag from /home/lohit/miniconda3/envs/airflow-env/lib/python3.8/site-packages/airflow/example_dags/example_params_trigger_ui.py
[2025-06-01T18:35:27.794+0200] {processor.py:839} INFO - DAG(s) dict_keys(['example_params_trigger_ui']) retrieved from /home/lohit/miniconda3/envs/airflow-env/lib/python3.8/site-packages/airflow/example_dags/example_params_trigger_ui.py
[2025-06-01T18:35:27.818+0200] {logging_mixin.py:154} INFO - [2025-06-01T18:35:27.818+0200] {dag.py:2941} INFO - Sync 1 DAGs
[2025-06-01T18:35:27.825+0200] {logging_mixin.py:154} INFO - [2025-06-01T18:35:27.825+0200] {dag.py:3722} INFO - Setting next_dagrun for example_params_trigger_ui to None, run_after=None
[2025-06-01T18:35:27.841+0200] {processor.py:179} INFO - Processing /home/lohit/miniconda3/envs/airflow-env/lib/python3.8/site-packages/airflow/example_dags/example_params_trigger_ui.py took 0.063 seconds
