[2025-06-01T17:53:11.091+0200] {processor.py:157} INFO - Started process (PID=27106) to work on /home/lohit/miniconda3/envs/airflow-env/lib/python3.8/site-packages/airflow/example_dags/example_bash_operator.py
[2025-06-01T17:53:11.091+0200] {processor.py:829} INFO - Processing file /home/lohit/miniconda3/envs/airflow-env/lib/python3.8/site-packages/airflow/example_dags/example_bash_operator.py for tasks to queue
[2025-06-01T17:53:11.092+0200] {logging_mixin.py:154} INFO - [2025-06-01T17:53:11.092+0200] {dagbag.py:536} INFO - Filling up the DagBag from /home/lohit/miniconda3/envs/airflow-env/lib/python3.8/site-packages/airflow/example_dags/example_bash_operator.py
[2025-06-01T17:53:11.098+0200] {processor.py:839} INFO - DAG(s) dict_keys(['example_bash_operator']) retrieved from /home/lohit/miniconda3/envs/airflow-env/lib/python3.8/site-packages/airflow/example_dags/example_bash_operator.py
[2025-06-01T17:53:11.110+0200] {logging_mixin.py:154} INFO - [2025-06-01T17:53:11.110+0200] {dag.py:2941} INFO - Sync 1 DAGs
[2025-06-01T17:53:11.123+0200] {logging_mixin.py:154} INFO - [2025-06-01T17:53:11.122+0200] {dag.py:3722} INFO - Setting next_dagrun for example_bash_operator to 2025-05-31T00:00:00+00:00, run_after=2025-06-01T00:00:00+00:00
[2025-06-01T17:53:11.139+0200] {processor.py:179} INFO - Processing /home/lohit/miniconda3/envs/airflow-env/lib/python3.8/site-packages/airflow/example_dags/example_bash_operator.py took 0.050 seconds
[2025-06-01T17:54:01.099+0200] {processor.py:157} INFO - Started process (PID=27179) to work on /home/lohit/miniconda3/envs/airflow-env/lib/python3.8/site-packages/airflow/example_dags/example_bash_operator.py
[2025-06-01T17:54:01.101+0200] {processor.py:829} INFO - Processing file /home/lohit/miniconda3/envs/airflow-env/lib/python3.8/site-packages/airflow/example_dags/example_bash_operator.py for tasks to queue
[2025-06-01T17:54:01.102+0200] {logging_mixin.py:154} INFO - [2025-06-01T17:54:01.102+0200] {dagbag.py:536} INFO - Filling up the DagBag from /home/lohit/miniconda3/envs/airflow-env/lib/python3.8/site-packages/airflow/example_dags/example_bash_operator.py
[2025-06-01T17:54:01.108+0200] {processor.py:839} INFO - DAG(s) dict_keys(['example_bash_operator']) retrieved from /home/lohit/miniconda3/envs/airflow-env/lib/python3.8/site-packages/airflow/example_dags/example_bash_operator.py
[2025-06-01T17:54:01.123+0200] {logging_mixin.py:154} INFO - [2025-06-01T17:54:01.123+0200] {dag.py:2941} INFO - Sync 1 DAGs
[2025-06-01T17:54:01.137+0200] {logging_mixin.py:154} INFO - [2025-06-01T17:54:01.137+0200] {dag.py:3722} INFO - Setting next_dagrun for example_bash_operator to 2025-05-31T00:00:00+00:00, run_after=2025-06-01T00:00:00+00:00
[2025-06-01T17:54:01.153+0200] {processor.py:179} INFO - Processing /home/lohit/miniconda3/envs/airflow-env/lib/python3.8/site-packages/airflow/example_dags/example_bash_operator.py took 0.055 seconds
[2025-06-01T17:54:46.193+0200] {processor.py:157} INFO - Started process (PID=27247) to work on /home/lohit/miniconda3/envs/airflow-env/lib/python3.8/site-packages/airflow/example_dags/example_bash_operator.py
[2025-06-01T17:54:46.197+0200] {processor.py:829} INFO - Processing file /home/lohit/miniconda3/envs/airflow-env/lib/python3.8/site-packages/airflow/example_dags/example_bash_operator.py for tasks to queue
[2025-06-01T17:54:46.197+0200] {logging_mixin.py:154} INFO - [2025-06-01T17:54:46.197+0200] {dagbag.py:536} INFO - Filling up the DagBag from /home/lohit/miniconda3/envs/airflow-env/lib/python3.8/site-packages/airflow/example_dags/example_bash_operator.py
[2025-06-01T17:54:46.204+0200] {processor.py:839} INFO - DAG(s) dict_keys(['example_bash_operator']) retrieved from /home/lohit/miniconda3/envs/airflow-env/lib/python3.8/site-packages/airflow/example_dags/example_bash_operator.py
[2025-06-01T17:54:46.218+0200] {logging_mixin.py:154} INFO - [2025-06-01T17:54:46.217+0200] {dag.py:2941} INFO - Sync 1 DAGs
[2025-06-01T17:54:46.228+0200] {logging_mixin.py:154} INFO - [2025-06-01T17:54:46.228+0200] {dag.py:3722} INFO - Setting next_dagrun for example_bash_operator to 2025-05-31T00:00:00+00:00, run_after=2025-06-01T00:00:00+00:00
[2025-06-01T17:54:46.242+0200] {processor.py:179} INFO - Processing /home/lohit/miniconda3/envs/airflow-env/lib/python3.8/site-packages/airflow/example_dags/example_bash_operator.py took 0.051 seconds
[2025-06-01T17:55:36.429+0200] {processor.py:157} INFO - Started process (PID=27319) to work on /home/lohit/miniconda3/envs/airflow-env/lib/python3.8/site-packages/airflow/example_dags/example_bash_operator.py
[2025-06-01T17:55:36.433+0200] {processor.py:829} INFO - Processing file /home/lohit/miniconda3/envs/airflow-env/lib/python3.8/site-packages/airflow/example_dags/example_bash_operator.py for tasks to queue
[2025-06-01T17:55:36.433+0200] {logging_mixin.py:154} INFO - [2025-06-01T17:55:36.433+0200] {dagbag.py:536} INFO - Filling up the DagBag from /home/lohit/miniconda3/envs/airflow-env/lib/python3.8/site-packages/airflow/example_dags/example_bash_operator.py
[2025-06-01T17:55:36.440+0200] {processor.py:839} INFO - DAG(s) dict_keys(['example_bash_operator']) retrieved from /home/lohit/miniconda3/envs/airflow-env/lib/python3.8/site-packages/airflow/example_dags/example_bash_operator.py
[2025-06-01T17:55:36.454+0200] {logging_mixin.py:154} INFO - [2025-06-01T17:55:36.454+0200] {dag.py:2941} INFO - Sync 1 DAGs
[2025-06-01T17:55:36.465+0200] {logging_mixin.py:154} INFO - [2025-06-01T17:55:36.465+0200] {dag.py:3722} INFO - Setting next_dagrun for example_bash_operator to 2025-05-31T00:00:00+00:00, run_after=2025-06-01T00:00:00+00:00
[2025-06-01T17:55:36.482+0200] {processor.py:179} INFO - Processing /home/lohit/miniconda3/envs/airflow-env/lib/python3.8/site-packages/airflow/example_dags/example_bash_operator.py took 0.056 seconds
[2025-06-01T17:56:22.557+0200] {processor.py:157} INFO - Started process (PID=27391) to work on /home/lohit/miniconda3/envs/airflow-env/lib/python3.8/site-packages/airflow/example_dags/example_bash_operator.py
[2025-06-01T17:56:22.561+0200] {processor.py:829} INFO - Processing file /home/lohit/miniconda3/envs/airflow-env/lib/python3.8/site-packages/airflow/example_dags/example_bash_operator.py for tasks to queue
[2025-06-01T17:56:22.561+0200] {logging_mixin.py:154} INFO - [2025-06-01T17:56:22.561+0200] {dagbag.py:536} INFO - Filling up the DagBag from /home/lohit/miniconda3/envs/airflow-env/lib/python3.8/site-packages/airflow/example_dags/example_bash_operator.py
[2025-06-01T17:56:22.568+0200] {processor.py:839} INFO - DAG(s) dict_keys(['example_bash_operator']) retrieved from /home/lohit/miniconda3/envs/airflow-env/lib/python3.8/site-packages/airflow/example_dags/example_bash_operator.py
[2025-06-01T17:56:22.582+0200] {logging_mixin.py:154} INFO - [2025-06-01T17:56:22.582+0200] {dag.py:2941} INFO - Sync 1 DAGs
[2025-06-01T17:56:22.594+0200] {logging_mixin.py:154} INFO - [2025-06-01T17:56:22.594+0200] {dag.py:3722} INFO - Setting next_dagrun for example_bash_operator to 2025-05-31T00:00:00+00:00, run_after=2025-06-01T00:00:00+00:00
[2025-06-01T17:56:22.610+0200] {processor.py:179} INFO - Processing /home/lohit/miniconda3/envs/airflow-env/lib/python3.8/site-packages/airflow/example_dags/example_bash_operator.py took 0.055 seconds
[2025-06-01T17:57:12.743+0200] {processor.py:157} INFO - Started process (PID=27463) to work on /home/lohit/miniconda3/envs/airflow-env/lib/python3.8/site-packages/airflow/example_dags/example_bash_operator.py
[2025-06-01T17:57:12.746+0200] {processor.py:829} INFO - Processing file /home/lohit/miniconda3/envs/airflow-env/lib/python3.8/site-packages/airflow/example_dags/example_bash_operator.py for tasks to queue
[2025-06-01T17:57:12.747+0200] {logging_mixin.py:154} INFO - [2025-06-01T17:57:12.747+0200] {dagbag.py:536} INFO - Filling up the DagBag from /home/lohit/miniconda3/envs/airflow-env/lib/python3.8/site-packages/airflow/example_dags/example_bash_operator.py
[2025-06-01T17:57:12.753+0200] {processor.py:839} INFO - DAG(s) dict_keys(['example_bash_operator']) retrieved from /home/lohit/miniconda3/envs/airflow-env/lib/python3.8/site-packages/airflow/example_dags/example_bash_operator.py
[2025-06-01T17:57:12.766+0200] {logging_mixin.py:154} INFO - [2025-06-01T17:57:12.765+0200] {dag.py:2941} INFO - Sync 1 DAGs
[2025-06-01T17:57:12.776+0200] {logging_mixin.py:154} INFO - [2025-06-01T17:57:12.776+0200] {dag.py:3722} INFO - Setting next_dagrun for example_bash_operator to 2025-05-31T00:00:00+00:00, run_after=2025-06-01T00:00:00+00:00
[2025-06-01T17:57:12.792+0200] {processor.py:179} INFO - Processing /home/lohit/miniconda3/envs/airflow-env/lib/python3.8/site-packages/airflow/example_dags/example_bash_operator.py took 0.051 seconds
[2025-06-01T17:57:55.929+0200] {processor.py:157} INFO - Started process (PID=27531) to work on /home/lohit/miniconda3/envs/airflow-env/lib/python3.8/site-packages/airflow/example_dags/example_bash_operator.py
[2025-06-01T17:57:55.933+0200] {processor.py:829} INFO - Processing file /home/lohit/miniconda3/envs/airflow-env/lib/python3.8/site-packages/airflow/example_dags/example_bash_operator.py for tasks to queue
[2025-06-01T17:57:55.933+0200] {logging_mixin.py:154} INFO - [2025-06-01T17:57:55.933+0200] {dagbag.py:536} INFO - Filling up the DagBag from /home/lohit/miniconda3/envs/airflow-env/lib/python3.8/site-packages/airflow/example_dags/example_bash_operator.py
[2025-06-01T17:57:55.940+0200] {processor.py:839} INFO - DAG(s) dict_keys(['example_bash_operator']) retrieved from /home/lohit/miniconda3/envs/airflow-env/lib/python3.8/site-packages/airflow/example_dags/example_bash_operator.py
[2025-06-01T17:57:55.953+0200] {logging_mixin.py:154} INFO - [2025-06-01T17:57:55.953+0200] {dag.py:2941} INFO - Sync 1 DAGs
[2025-06-01T17:57:55.966+0200] {logging_mixin.py:154} INFO - [2025-06-01T17:57:55.966+0200] {dag.py:3722} INFO - Setting next_dagrun for example_bash_operator to 2025-05-31T00:00:00+00:00, run_after=2025-06-01T00:00:00+00:00
[2025-06-01T17:57:55.982+0200] {processor.py:179} INFO - Processing /home/lohit/miniconda3/envs/airflow-env/lib/python3.8/site-packages/airflow/example_dags/example_bash_operator.py took 0.055 seconds
[2025-06-01T17:58:45.127+0200] {processor.py:157} INFO - Started process (PID=27601) to work on /home/lohit/miniconda3/envs/airflow-env/lib/python3.8/site-packages/airflow/example_dags/example_bash_operator.py
[2025-06-01T17:58:45.130+0200] {processor.py:829} INFO - Processing file /home/lohit/miniconda3/envs/airflow-env/lib/python3.8/site-packages/airflow/example_dags/example_bash_operator.py for tasks to queue
[2025-06-01T17:58:45.131+0200] {logging_mixin.py:154} INFO - [2025-06-01T17:58:45.130+0200] {dagbag.py:536} INFO - Filling up the DagBag from /home/lohit/miniconda3/envs/airflow-env/lib/python3.8/site-packages/airflow/example_dags/example_bash_operator.py
[2025-06-01T17:58:45.138+0200] {processor.py:839} INFO - DAG(s) dict_keys(['example_bash_operator']) retrieved from /home/lohit/miniconda3/envs/airflow-env/lib/python3.8/site-packages/airflow/example_dags/example_bash_operator.py
[2025-06-01T17:58:45.150+0200] {logging_mixin.py:154} INFO - [2025-06-01T17:58:45.150+0200] {dag.py:2941} INFO - Sync 1 DAGs
[2025-06-01T17:58:45.164+0200] {logging_mixin.py:154} INFO - [2025-06-01T17:58:45.164+0200] {dag.py:3722} INFO - Setting next_dagrun for example_bash_operator to 2025-05-31T00:00:00+00:00, run_after=2025-06-01T00:00:00+00:00
[2025-06-01T17:58:45.181+0200] {processor.py:179} INFO - Processing /home/lohit/miniconda3/envs/airflow-env/lib/python3.8/site-packages/airflow/example_dags/example_bash_operator.py took 0.056 seconds
[2025-06-01T17:59:28.611+0200] {processor.py:157} INFO - Started process (PID=27669) to work on /home/lohit/miniconda3/envs/airflow-env/lib/python3.8/site-packages/airflow/example_dags/example_bash_operator.py
[2025-06-01T17:59:28.613+0200] {processor.py:829} INFO - Processing file /home/lohit/miniconda3/envs/airflow-env/lib/python3.8/site-packages/airflow/example_dags/example_bash_operator.py for tasks to queue
[2025-06-01T17:59:28.613+0200] {logging_mixin.py:154} INFO - [2025-06-01T17:59:28.613+0200] {dagbag.py:536} INFO - Filling up the DagBag from /home/lohit/miniconda3/envs/airflow-env/lib/python3.8/site-packages/airflow/example_dags/example_bash_operator.py
[2025-06-01T17:59:28.620+0200] {processor.py:839} INFO - DAG(s) dict_keys(['example_bash_operator']) retrieved from /home/lohit/miniconda3/envs/airflow-env/lib/python3.8/site-packages/airflow/example_dags/example_bash_operator.py
[2025-06-01T17:59:28.632+0200] {logging_mixin.py:154} INFO - [2025-06-01T17:59:28.632+0200] {dag.py:2941} INFO - Sync 1 DAGs
[2025-06-01T17:59:28.644+0200] {logging_mixin.py:154} INFO - [2025-06-01T17:59:28.643+0200] {dag.py:3722} INFO - Setting next_dagrun for example_bash_operator to 2025-05-31T00:00:00+00:00, run_after=2025-06-01T00:00:00+00:00
[2025-06-01T17:59:28.659+0200] {processor.py:179} INFO - Processing /home/lohit/miniconda3/envs/airflow-env/lib/python3.8/site-packages/airflow/example_dags/example_bash_operator.py took 0.049 seconds
[2025-06-01T18:00:14.868+0200] {processor.py:157} INFO - Started process (PID=27737) to work on /home/lohit/miniconda3/envs/airflow-env/lib/python3.8/site-packages/airflow/example_dags/example_bash_operator.py
[2025-06-01T18:00:14.872+0200] {processor.py:829} INFO - Processing file /home/lohit/miniconda3/envs/airflow-env/lib/python3.8/site-packages/airflow/example_dags/example_bash_operator.py for tasks to queue
[2025-06-01T18:00:14.872+0200] {logging_mixin.py:154} INFO - [2025-06-01T18:00:14.872+0200] {dagbag.py:536} INFO - Filling up the DagBag from /home/lohit/miniconda3/envs/airflow-env/lib/python3.8/site-packages/airflow/example_dags/example_bash_operator.py
[2025-06-01T18:00:14.879+0200] {processor.py:839} INFO - DAG(s) dict_keys(['example_bash_operator']) retrieved from /home/lohit/miniconda3/envs/airflow-env/lib/python3.8/site-packages/airflow/example_dags/example_bash_operator.py
[2025-06-01T18:00:14.893+0200] {logging_mixin.py:154} INFO - [2025-06-01T18:00:14.893+0200] {dag.py:2941} INFO - Sync 1 DAGs
[2025-06-01T18:00:14.903+0200] {logging_mixin.py:154} INFO - [2025-06-01T18:00:14.903+0200] {dag.py:3722} INFO - Setting next_dagrun for example_bash_operator to 2025-05-31T00:00:00+00:00, run_after=2025-06-01T00:00:00+00:00
[2025-06-01T18:00:14.918+0200] {processor.py:179} INFO - Processing /home/lohit/miniconda3/envs/airflow-env/lib/python3.8/site-packages/airflow/example_dags/example_bash_operator.py took 0.052 seconds
[2025-06-01T18:01:01.029+0200] {processor.py:157} INFO - Started process (PID=27840) to work on /home/lohit/miniconda3/envs/airflow-env/lib/python3.8/site-packages/airflow/example_dags/example_bash_operator.py
[2025-06-01T18:01:01.030+0200] {processor.py:829} INFO - Processing file /home/lohit/miniconda3/envs/airflow-env/lib/python3.8/site-packages/airflow/example_dags/example_bash_operator.py for tasks to queue
[2025-06-01T18:01:01.031+0200] {logging_mixin.py:154} INFO - [2025-06-01T18:01:01.031+0200] {dagbag.py:536} INFO - Filling up the DagBag from /home/lohit/miniconda3/envs/airflow-env/lib/python3.8/site-packages/airflow/example_dags/example_bash_operator.py
[2025-06-01T18:01:01.038+0200] {processor.py:839} INFO - DAG(s) dict_keys(['example_bash_operator']) retrieved from /home/lohit/miniconda3/envs/airflow-env/lib/python3.8/site-packages/airflow/example_dags/example_bash_operator.py
[2025-06-01T18:01:01.052+0200] {logging_mixin.py:154} INFO - [2025-06-01T18:01:01.052+0200] {dag.py:2941} INFO - Sync 1 DAGs
[2025-06-01T18:01:01.063+0200] {logging_mixin.py:154} INFO - [2025-06-01T18:01:01.063+0200] {dag.py:3722} INFO - Setting next_dagrun for example_bash_operator to 2025-05-31T00:00:00+00:00, run_after=2025-06-01T00:00:00+00:00
[2025-06-01T18:01:01.080+0200] {processor.py:179} INFO - Processing /home/lohit/miniconda3/envs/airflow-env/lib/python3.8/site-packages/airflow/example_dags/example_bash_operator.py took 0.053 seconds
[2025-06-01T18:01:50.154+0200] {processor.py:157} INFO - Started process (PID=27912) to work on /home/lohit/miniconda3/envs/airflow-env/lib/python3.8/site-packages/airflow/example_dags/example_bash_operator.py
[2025-06-01T18:01:50.157+0200] {processor.py:829} INFO - Processing file /home/lohit/miniconda3/envs/airflow-env/lib/python3.8/site-packages/airflow/example_dags/example_bash_operator.py for tasks to queue
[2025-06-01T18:01:50.157+0200] {logging_mixin.py:154} INFO - [2025-06-01T18:01:50.157+0200] {dagbag.py:536} INFO - Filling up the DagBag from /home/lohit/miniconda3/envs/airflow-env/lib/python3.8/site-packages/airflow/example_dags/example_bash_operator.py
[2025-06-01T18:01:50.164+0200] {processor.py:839} INFO - DAG(s) dict_keys(['example_bash_operator']) retrieved from /home/lohit/miniconda3/envs/airflow-env/lib/python3.8/site-packages/airflow/example_dags/example_bash_operator.py
[2025-06-01T18:01:50.178+0200] {logging_mixin.py:154} INFO - [2025-06-01T18:01:50.178+0200] {dag.py:2941} INFO - Sync 1 DAGs
[2025-06-01T18:01:50.189+0200] {logging_mixin.py:154} INFO - [2025-06-01T18:01:50.189+0200] {dag.py:3722} INFO - Setting next_dagrun for example_bash_operator to 2025-05-31T00:00:00+00:00, run_after=2025-06-01T00:00:00+00:00
[2025-06-01T18:01:50.204+0200] {processor.py:179} INFO - Processing /home/lohit/miniconda3/envs/airflow-env/lib/python3.8/site-packages/airflow/example_dags/example_bash_operator.py took 0.052 seconds
[2025-06-01T18:02:35.901+0200] {processor.py:157} INFO - Started process (PID=27983) to work on /home/lohit/miniconda3/envs/airflow-env/lib/python3.8/site-packages/airflow/example_dags/example_bash_operator.py
[2025-06-01T18:02:35.905+0200] {processor.py:829} INFO - Processing file /home/lohit/miniconda3/envs/airflow-env/lib/python3.8/site-packages/airflow/example_dags/example_bash_operator.py for tasks to queue
[2025-06-01T18:02:35.906+0200] {logging_mixin.py:154} INFO - [2025-06-01T18:02:35.905+0200] {dagbag.py:536} INFO - Filling up the DagBag from /home/lohit/miniconda3/envs/airflow-env/lib/python3.8/site-packages/airflow/example_dags/example_bash_operator.py
[2025-06-01T18:02:35.913+0200] {processor.py:839} INFO - DAG(s) dict_keys(['example_bash_operator']) retrieved from /home/lohit/miniconda3/envs/airflow-env/lib/python3.8/site-packages/airflow/example_dags/example_bash_operator.py
[2025-06-01T18:02:35.927+0200] {logging_mixin.py:154} INFO - [2025-06-01T18:02:35.927+0200] {dag.py:2941} INFO - Sync 1 DAGs
[2025-06-01T18:02:35.938+0200] {logging_mixin.py:154} INFO - [2025-06-01T18:02:35.938+0200] {dag.py:3722} INFO - Setting next_dagrun for example_bash_operator to 2025-05-31T00:00:00+00:00, run_after=2025-06-01T00:00:00+00:00
[2025-06-01T18:02:35.953+0200] {processor.py:179} INFO - Processing /home/lohit/miniconda3/envs/airflow-env/lib/python3.8/site-packages/airflow/example_dags/example_bash_operator.py took 0.054 seconds
[2025-06-01T18:03:22.697+0200] {processor.py:157} INFO - Started process (PID=28061) to work on /home/lohit/miniconda3/envs/airflow-env/lib/python3.8/site-packages/airflow/example_dags/example_bash_operator.py
[2025-06-01T18:03:22.698+0200] {processor.py:829} INFO - Processing file /home/lohit/miniconda3/envs/airflow-env/lib/python3.8/site-packages/airflow/example_dags/example_bash_operator.py for tasks to queue
[2025-06-01T18:03:22.699+0200] {logging_mixin.py:154} INFO - [2025-06-01T18:03:22.698+0200] {dagbag.py:536} INFO - Filling up the DagBag from /home/lohit/miniconda3/envs/airflow-env/lib/python3.8/site-packages/airflow/example_dags/example_bash_operator.py
[2025-06-01T18:03:22.712+0200] {processor.py:839} INFO - DAG(s) dict_keys(['example_bash_operator']) retrieved from /home/lohit/miniconda3/envs/airflow-env/lib/python3.8/site-packages/airflow/example_dags/example_bash_operator.py
[2025-06-01T18:03:22.737+0200] {logging_mixin.py:154} INFO - [2025-06-01T18:03:22.737+0200] {dag.py:2941} INFO - Sync 1 DAGs
[2025-06-01T18:03:22.758+0200] {logging_mixin.py:154} INFO - [2025-06-01T18:03:22.758+0200] {dag.py:3722} INFO - Setting next_dagrun for example_bash_operator to 2025-05-31T00:00:00+00:00, run_after=2025-06-01T00:00:00+00:00
[2025-06-01T18:03:22.779+0200] {processor.py:179} INFO - Processing /home/lohit/miniconda3/envs/airflow-env/lib/python3.8/site-packages/airflow/example_dags/example_bash_operator.py took 0.085 seconds
[2025-06-01T18:04:10.640+0200] {processor.py:157} INFO - Started process (PID=28132) to work on /home/lohit/miniconda3/envs/airflow-env/lib/python3.8/site-packages/airflow/example_dags/example_bash_operator.py
[2025-06-01T18:04:10.644+0200] {processor.py:829} INFO - Processing file /home/lohit/miniconda3/envs/airflow-env/lib/python3.8/site-packages/airflow/example_dags/example_bash_operator.py for tasks to queue
[2025-06-01T18:04:10.644+0200] {logging_mixin.py:154} INFO - [2025-06-01T18:04:10.644+0200] {dagbag.py:536} INFO - Filling up the DagBag from /home/lohit/miniconda3/envs/airflow-env/lib/python3.8/site-packages/airflow/example_dags/example_bash_operator.py
[2025-06-01T18:04:10.653+0200] {processor.py:839} INFO - DAG(s) dict_keys(['example_bash_operator']) retrieved from /home/lohit/miniconda3/envs/airflow-env/lib/python3.8/site-packages/airflow/example_dags/example_bash_operator.py
[2025-06-01T18:04:10.668+0200] {logging_mixin.py:154} INFO - [2025-06-01T18:04:10.668+0200] {dag.py:2941} INFO - Sync 1 DAGs
[2025-06-01T18:04:10.681+0200] {logging_mixin.py:154} INFO - [2025-06-01T18:04:10.681+0200] {dag.py:3722} INFO - Setting next_dagrun for example_bash_operator to 2025-05-31T00:00:00+00:00, run_after=2025-06-01T00:00:00+00:00
[2025-06-01T18:04:10.699+0200] {processor.py:179} INFO - Processing /home/lohit/miniconda3/envs/airflow-env/lib/python3.8/site-packages/airflow/example_dags/example_bash_operator.py took 0.061 seconds
[2025-06-01T18:04:55.262+0200] {processor.py:157} INFO - Started process (PID=28209) to work on /home/lohit/miniconda3/envs/airflow-env/lib/python3.8/site-packages/airflow/example_dags/example_bash_operator.py
[2025-06-01T18:04:55.263+0200] {processor.py:829} INFO - Processing file /home/lohit/miniconda3/envs/airflow-env/lib/python3.8/site-packages/airflow/example_dags/example_bash_operator.py for tasks to queue
[2025-06-01T18:04:55.264+0200] {logging_mixin.py:154} INFO - [2025-06-01T18:04:55.264+0200] {dagbag.py:536} INFO - Filling up the DagBag from /home/lohit/miniconda3/envs/airflow-env/lib/python3.8/site-packages/airflow/example_dags/example_bash_operator.py
[2025-06-01T18:04:55.270+0200] {processor.py:839} INFO - DAG(s) dict_keys(['example_bash_operator']) retrieved from /home/lohit/miniconda3/envs/airflow-env/lib/python3.8/site-packages/airflow/example_dags/example_bash_operator.py
[2025-06-01T18:04:55.283+0200] {logging_mixin.py:154} INFO - [2025-06-01T18:04:55.283+0200] {dag.py:2941} INFO - Sync 1 DAGs
[2025-06-01T18:04:55.294+0200] {logging_mixin.py:154} INFO - [2025-06-01T18:04:55.294+0200] {dag.py:3722} INFO - Setting next_dagrun for example_bash_operator to 2025-05-31T00:00:00+00:00, run_after=2025-06-01T00:00:00+00:00
[2025-06-01T18:04:55.311+0200] {processor.py:179} INFO - Processing /home/lohit/miniconda3/envs/airflow-env/lib/python3.8/site-packages/airflow/example_dags/example_bash_operator.py took 0.051 seconds
[2025-06-01T18:05:47.888+0200] {processor.py:157} INFO - Started process (PID=28287) to work on /home/lohit/miniconda3/envs/airflow-env/lib/python3.8/site-packages/airflow/example_dags/example_bash_operator.py
[2025-06-01T18:05:47.892+0200] {processor.py:829} INFO - Processing file /home/lohit/miniconda3/envs/airflow-env/lib/python3.8/site-packages/airflow/example_dags/example_bash_operator.py for tasks to queue
[2025-06-01T18:05:47.892+0200] {logging_mixin.py:154} INFO - [2025-06-01T18:05:47.892+0200] {dagbag.py:536} INFO - Filling up the DagBag from /home/lohit/miniconda3/envs/airflow-env/lib/python3.8/site-packages/airflow/example_dags/example_bash_operator.py
[2025-06-01T18:05:47.899+0200] {processor.py:839} INFO - DAG(s) dict_keys(['example_bash_operator']) retrieved from /home/lohit/miniconda3/envs/airflow-env/lib/python3.8/site-packages/airflow/example_dags/example_bash_operator.py
[2025-06-01T18:05:47.913+0200] {logging_mixin.py:154} INFO - [2025-06-01T18:05:47.913+0200] {dag.py:2941} INFO - Sync 1 DAGs
[2025-06-01T18:05:47.924+0200] {logging_mixin.py:154} INFO - [2025-06-01T18:05:47.924+0200] {dag.py:3722} INFO - Setting next_dagrun for example_bash_operator to 2025-05-31T00:00:00+00:00, run_after=2025-06-01T00:00:00+00:00
[2025-06-01T18:05:47.940+0200] {processor.py:179} INFO - Processing /home/lohit/miniconda3/envs/airflow-env/lib/python3.8/site-packages/airflow/example_dags/example_bash_operator.py took 0.054 seconds
[2025-06-01T18:06:35.070+0200] {processor.py:157} INFO - Started process (PID=28362) to work on /home/lohit/miniconda3/envs/airflow-env/lib/python3.8/site-packages/airflow/example_dags/example_bash_operator.py
[2025-06-01T18:06:35.073+0200] {processor.py:829} INFO - Processing file /home/lohit/miniconda3/envs/airflow-env/lib/python3.8/site-packages/airflow/example_dags/example_bash_operator.py for tasks to queue
[2025-06-01T18:06:35.073+0200] {logging_mixin.py:154} INFO - [2025-06-01T18:06:35.073+0200] {dagbag.py:536} INFO - Filling up the DagBag from /home/lohit/miniconda3/envs/airflow-env/lib/python3.8/site-packages/airflow/example_dags/example_bash_operator.py
[2025-06-01T18:06:35.080+0200] {processor.py:839} INFO - DAG(s) dict_keys(['example_bash_operator']) retrieved from /home/lohit/miniconda3/envs/airflow-env/lib/python3.8/site-packages/airflow/example_dags/example_bash_operator.py
[2025-06-01T18:06:35.092+0200] {logging_mixin.py:154} INFO - [2025-06-01T18:06:35.092+0200] {dag.py:2941} INFO - Sync 1 DAGs
[2025-06-01T18:06:35.104+0200] {logging_mixin.py:154} INFO - [2025-06-01T18:06:35.104+0200] {dag.py:3722} INFO - Setting next_dagrun for example_bash_operator to 2025-05-31T00:00:00+00:00, run_after=2025-06-01T00:00:00+00:00
[2025-06-01T18:06:35.120+0200] {processor.py:179} INFO - Processing /home/lohit/miniconda3/envs/airflow-env/lib/python3.8/site-packages/airflow/example_dags/example_bash_operator.py took 0.052 seconds
[2025-06-01T18:07:20.200+0200] {processor.py:157} INFO - Started process (PID=28430) to work on /home/lohit/miniconda3/envs/airflow-env/lib/python3.8/site-packages/airflow/example_dags/example_bash_operator.py
[2025-06-01T18:07:20.203+0200] {processor.py:829} INFO - Processing file /home/lohit/miniconda3/envs/airflow-env/lib/python3.8/site-packages/airflow/example_dags/example_bash_operator.py for tasks to queue
[2025-06-01T18:07:20.204+0200] {logging_mixin.py:154} INFO - [2025-06-01T18:07:20.203+0200] {dagbag.py:536} INFO - Filling up the DagBag from /home/lohit/miniconda3/envs/airflow-env/lib/python3.8/site-packages/airflow/example_dags/example_bash_operator.py
[2025-06-01T18:07:20.211+0200] {processor.py:839} INFO - DAG(s) dict_keys(['example_bash_operator']) retrieved from /home/lohit/miniconda3/envs/airflow-env/lib/python3.8/site-packages/airflow/example_dags/example_bash_operator.py
[2025-06-01T18:07:20.227+0200] {logging_mixin.py:154} INFO - [2025-06-01T18:07:20.227+0200] {dag.py:2941} INFO - Sync 1 DAGs
[2025-06-01T18:07:20.241+0200] {logging_mixin.py:154} INFO - [2025-06-01T18:07:20.241+0200] {dag.py:3722} INFO - Setting next_dagrun for example_bash_operator to 2025-05-31T00:00:00+00:00, run_after=2025-06-01T00:00:00+00:00
[2025-06-01T18:07:20.259+0200] {processor.py:179} INFO - Processing /home/lohit/miniconda3/envs/airflow-env/lib/python3.8/site-packages/airflow/example_dags/example_bash_operator.py took 0.061 seconds
[2025-06-01T18:08:06.309+0200] {processor.py:157} INFO - Started process (PID=28500) to work on /home/lohit/miniconda3/envs/airflow-env/lib/python3.8/site-packages/airflow/example_dags/example_bash_operator.py
[2025-06-01T18:08:06.313+0200] {processor.py:829} INFO - Processing file /home/lohit/miniconda3/envs/airflow-env/lib/python3.8/site-packages/airflow/example_dags/example_bash_operator.py for tasks to queue
[2025-06-01T18:08:06.313+0200] {logging_mixin.py:154} INFO - [2025-06-01T18:08:06.313+0200] {dagbag.py:536} INFO - Filling up the DagBag from /home/lohit/miniconda3/envs/airflow-env/lib/python3.8/site-packages/airflow/example_dags/example_bash_operator.py
[2025-06-01T18:08:06.320+0200] {processor.py:839} INFO - DAG(s) dict_keys(['example_bash_operator']) retrieved from /home/lohit/miniconda3/envs/airflow-env/lib/python3.8/site-packages/airflow/example_dags/example_bash_operator.py
[2025-06-01T18:08:06.335+0200] {logging_mixin.py:154} INFO - [2025-06-01T18:08:06.335+0200] {dag.py:2941} INFO - Sync 1 DAGs
[2025-06-01T18:08:06.348+0200] {logging_mixin.py:154} INFO - [2025-06-01T18:08:06.348+0200] {dag.py:3722} INFO - Setting next_dagrun for example_bash_operator to 2025-05-31T00:00:00+00:00, run_after=2025-06-01T00:00:00+00:00
[2025-06-01T18:08:06.368+0200] {processor.py:179} INFO - Processing /home/lohit/miniconda3/envs/airflow-env/lib/python3.8/site-packages/airflow/example_dags/example_bash_operator.py took 0.060 seconds
[2025-06-01T18:08:57.586+0200] {processor.py:157} INFO - Started process (PID=28577) to work on /home/lohit/miniconda3/envs/airflow-env/lib/python3.8/site-packages/airflow/example_dags/example_bash_operator.py
[2025-06-01T18:08:57.587+0200] {processor.py:829} INFO - Processing file /home/lohit/miniconda3/envs/airflow-env/lib/python3.8/site-packages/airflow/example_dags/example_bash_operator.py for tasks to queue
[2025-06-01T18:08:57.588+0200] {logging_mixin.py:154} INFO - [2025-06-01T18:08:57.588+0200] {dagbag.py:536} INFO - Filling up the DagBag from /home/lohit/miniconda3/envs/airflow-env/lib/python3.8/site-packages/airflow/example_dags/example_bash_operator.py
[2025-06-01T18:08:57.595+0200] {processor.py:839} INFO - DAG(s) dict_keys(['example_bash_operator']) retrieved from /home/lohit/miniconda3/envs/airflow-env/lib/python3.8/site-packages/airflow/example_dags/example_bash_operator.py
[2025-06-01T18:08:57.608+0200] {logging_mixin.py:154} INFO - [2025-06-01T18:08:57.608+0200] {dag.py:2941} INFO - Sync 1 DAGs
[2025-06-01T18:08:57.621+0200] {logging_mixin.py:154} INFO - [2025-06-01T18:08:57.621+0200] {dag.py:3722} INFO - Setting next_dagrun for example_bash_operator to 2025-05-31T00:00:00+00:00, run_after=2025-06-01T00:00:00+00:00
[2025-06-01T18:08:57.636+0200] {processor.py:179} INFO - Processing /home/lohit/miniconda3/envs/airflow-env/lib/python3.8/site-packages/airflow/example_dags/example_bash_operator.py took 0.052 seconds
[2025-06-01T18:09:44.435+0200] {processor.py:157} INFO - Started process (PID=28654) to work on /home/lohit/miniconda3/envs/airflow-env/lib/python3.8/site-packages/airflow/example_dags/example_bash_operator.py
[2025-06-01T18:09:44.436+0200] {processor.py:829} INFO - Processing file /home/lohit/miniconda3/envs/airflow-env/lib/python3.8/site-packages/airflow/example_dags/example_bash_operator.py for tasks to queue
[2025-06-01T18:09:44.437+0200] {logging_mixin.py:154} INFO - [2025-06-01T18:09:44.436+0200] {dagbag.py:536} INFO - Filling up the DagBag from /home/lohit/miniconda3/envs/airflow-env/lib/python3.8/site-packages/airflow/example_dags/example_bash_operator.py
[2025-06-01T18:09:44.443+0200] {processor.py:839} INFO - DAG(s) dict_keys(['example_bash_operator']) retrieved from /home/lohit/miniconda3/envs/airflow-env/lib/python3.8/site-packages/airflow/example_dags/example_bash_operator.py
[2025-06-01T18:09:44.458+0200] {logging_mixin.py:154} INFO - [2025-06-01T18:09:44.458+0200] {dag.py:2941} INFO - Sync 1 DAGs
[2025-06-01T18:09:44.471+0200] {logging_mixin.py:154} INFO - [2025-06-01T18:09:44.470+0200] {dag.py:3722} INFO - Setting next_dagrun for example_bash_operator to 2025-05-31T00:00:00+00:00, run_after=2025-06-01T00:00:00+00:00
[2025-06-01T18:09:44.486+0200] {processor.py:179} INFO - Processing /home/lohit/miniconda3/envs/airflow-env/lib/python3.8/site-packages/airflow/example_dags/example_bash_operator.py took 0.053 seconds
[2025-06-01T18:10:33.187+0200] {processor.py:157} INFO - Started process (PID=28731) to work on /home/lohit/miniconda3/envs/airflow-env/lib/python3.8/site-packages/airflow/example_dags/example_bash_operator.py
[2025-06-01T18:10:33.191+0200] {processor.py:829} INFO - Processing file /home/lohit/miniconda3/envs/airflow-env/lib/python3.8/site-packages/airflow/example_dags/example_bash_operator.py for tasks to queue
[2025-06-01T18:10:33.191+0200] {logging_mixin.py:154} INFO - [2025-06-01T18:10:33.191+0200] {dagbag.py:536} INFO - Filling up the DagBag from /home/lohit/miniconda3/envs/airflow-env/lib/python3.8/site-packages/airflow/example_dags/example_bash_operator.py
[2025-06-01T18:10:33.200+0200] {processor.py:839} INFO - DAG(s) dict_keys(['example_bash_operator']) retrieved from /home/lohit/miniconda3/envs/airflow-env/lib/python3.8/site-packages/airflow/example_dags/example_bash_operator.py
[2025-06-01T18:10:33.216+0200] {logging_mixin.py:154} INFO - [2025-06-01T18:10:33.216+0200] {dag.py:2941} INFO - Sync 1 DAGs
[2025-06-01T18:10:33.229+0200] {logging_mixin.py:154} INFO - [2025-06-01T18:10:33.229+0200] {dag.py:3722} INFO - Setting next_dagrun for example_bash_operator to 2025-05-31T00:00:00+00:00, run_after=2025-06-01T00:00:00+00:00
[2025-06-01T18:10:33.246+0200] {processor.py:179} INFO - Processing /home/lohit/miniconda3/envs/airflow-env/lib/python3.8/site-packages/airflow/example_dags/example_bash_operator.py took 0.061 seconds
[2025-06-01T18:11:20.032+0200] {processor.py:157} INFO - Started process (PID=28802) to work on /home/lohit/miniconda3/envs/airflow-env/lib/python3.8/site-packages/airflow/example_dags/example_bash_operator.py
[2025-06-01T18:11:20.033+0200] {processor.py:829} INFO - Processing file /home/lohit/miniconda3/envs/airflow-env/lib/python3.8/site-packages/airflow/example_dags/example_bash_operator.py for tasks to queue
[2025-06-01T18:11:20.034+0200] {logging_mixin.py:154} INFO - [2025-06-01T18:11:20.033+0200] {dagbag.py:536} INFO - Filling up the DagBag from /home/lohit/miniconda3/envs/airflow-env/lib/python3.8/site-packages/airflow/example_dags/example_bash_operator.py
[2025-06-01T18:11:20.040+0200] {processor.py:839} INFO - DAG(s) dict_keys(['example_bash_operator']) retrieved from /home/lohit/miniconda3/envs/airflow-env/lib/python3.8/site-packages/airflow/example_dags/example_bash_operator.py
[2025-06-01T18:11:20.055+0200] {logging_mixin.py:154} INFO - [2025-06-01T18:11:20.055+0200] {dag.py:2941} INFO - Sync 1 DAGs
[2025-06-01T18:11:20.067+0200] {logging_mixin.py:154} INFO - [2025-06-01T18:11:20.067+0200] {dag.py:3722} INFO - Setting next_dagrun for example_bash_operator to 2025-05-31T00:00:00+00:00, run_after=2025-06-01T00:00:00+00:00
[2025-06-01T18:11:20.083+0200] {processor.py:179} INFO - Processing /home/lohit/miniconda3/envs/airflow-env/lib/python3.8/site-packages/airflow/example_dags/example_bash_operator.py took 0.053 seconds
[2025-06-01T18:12:11.851+0200] {processor.py:157} INFO - Started process (PID=28876) to work on /home/lohit/miniconda3/envs/airflow-env/lib/python3.8/site-packages/airflow/example_dags/example_bash_operator.py
[2025-06-01T18:12:11.852+0200] {processor.py:829} INFO - Processing file /home/lohit/miniconda3/envs/airflow-env/lib/python3.8/site-packages/airflow/example_dags/example_bash_operator.py for tasks to queue
[2025-06-01T18:12:11.853+0200] {logging_mixin.py:154} INFO - [2025-06-01T18:12:11.853+0200] {dagbag.py:536} INFO - Filling up the DagBag from /home/lohit/miniconda3/envs/airflow-env/lib/python3.8/site-packages/airflow/example_dags/example_bash_operator.py
[2025-06-01T18:12:11.860+0200] {processor.py:839} INFO - DAG(s) dict_keys(['example_bash_operator']) retrieved from /home/lohit/miniconda3/envs/airflow-env/lib/python3.8/site-packages/airflow/example_dags/example_bash_operator.py
[2025-06-01T18:12:11.875+0200] {logging_mixin.py:154} INFO - [2025-06-01T18:12:11.874+0200] {dag.py:2941} INFO - Sync 1 DAGs
[2025-06-01T18:12:11.887+0200] {logging_mixin.py:154} INFO - [2025-06-01T18:12:11.886+0200] {dag.py:3722} INFO - Setting next_dagrun for example_bash_operator to 2025-05-31T00:00:00+00:00, run_after=2025-06-01T00:00:00+00:00
[2025-06-01T18:12:11.902+0200] {processor.py:179} INFO - Processing /home/lohit/miniconda3/envs/airflow-env/lib/python3.8/site-packages/airflow/example_dags/example_bash_operator.py took 0.054 seconds
[2025-06-01T18:13:00.937+0200] {processor.py:157} INFO - Started process (PID=28954) to work on /home/lohit/miniconda3/envs/airflow-env/lib/python3.8/site-packages/airflow/example_dags/example_bash_operator.py
[2025-06-01T18:13:00.940+0200] {processor.py:829} INFO - Processing file /home/lohit/miniconda3/envs/airflow-env/lib/python3.8/site-packages/airflow/example_dags/example_bash_operator.py for tasks to queue
[2025-06-01T18:13:00.941+0200] {logging_mixin.py:154} INFO - [2025-06-01T18:13:00.941+0200] {dagbag.py:536} INFO - Filling up the DagBag from /home/lohit/miniconda3/envs/airflow-env/lib/python3.8/site-packages/airflow/example_dags/example_bash_operator.py
[2025-06-01T18:13:00.949+0200] {processor.py:839} INFO - DAG(s) dict_keys(['example_bash_operator']) retrieved from /home/lohit/miniconda3/envs/airflow-env/lib/python3.8/site-packages/airflow/example_dags/example_bash_operator.py
[2025-06-01T18:13:00.965+0200] {logging_mixin.py:154} INFO - [2025-06-01T18:13:00.965+0200] {dag.py:2941} INFO - Sync 1 DAGs
[2025-06-01T18:13:00.977+0200] {logging_mixin.py:154} INFO - [2025-06-01T18:13:00.976+0200] {dag.py:3722} INFO - Setting next_dagrun for example_bash_operator to 2025-05-31T00:00:00+00:00, run_after=2025-06-01T00:00:00+00:00
[2025-06-01T18:13:00.993+0200] {processor.py:179} INFO - Processing /home/lohit/miniconda3/envs/airflow-env/lib/python3.8/site-packages/airflow/example_dags/example_bash_operator.py took 0.057 seconds
[2025-06-01T18:13:47.642+0200] {processor.py:157} INFO - Started process (PID=29024) to work on /home/lohit/miniconda3/envs/airflow-env/lib/python3.8/site-packages/airflow/example_dags/example_bash_operator.py
[2025-06-01T18:13:47.645+0200] {processor.py:829} INFO - Processing file /home/lohit/miniconda3/envs/airflow-env/lib/python3.8/site-packages/airflow/example_dags/example_bash_operator.py for tasks to queue
[2025-06-01T18:13:47.646+0200] {logging_mixin.py:154} INFO - [2025-06-01T18:13:47.646+0200] {dagbag.py:536} INFO - Filling up the DagBag from /home/lohit/miniconda3/envs/airflow-env/lib/python3.8/site-packages/airflow/example_dags/example_bash_operator.py
[2025-06-01T18:13:47.656+0200] {processor.py:839} INFO - DAG(s) dict_keys(['example_bash_operator']) retrieved from /home/lohit/miniconda3/envs/airflow-env/lib/python3.8/site-packages/airflow/example_dags/example_bash_operator.py
[2025-06-01T18:13:47.670+0200] {logging_mixin.py:154} INFO - [2025-06-01T18:13:47.670+0200] {dag.py:2941} INFO - Sync 1 DAGs
[2025-06-01T18:13:47.683+0200] {logging_mixin.py:154} INFO - [2025-06-01T18:13:47.682+0200] {dag.py:3722} INFO - Setting next_dagrun for example_bash_operator to 2025-05-31T00:00:00+00:00, run_after=2025-06-01T00:00:00+00:00
[2025-06-01T18:13:47.698+0200] {processor.py:179} INFO - Processing /home/lohit/miniconda3/envs/airflow-env/lib/python3.8/site-packages/airflow/example_dags/example_bash_operator.py took 0.058 seconds
[2025-06-01T18:14:43.258+0200] {processor.py:157} INFO - Started process (PID=29104) to work on /home/lohit/miniconda3/envs/airflow-env/lib/python3.8/site-packages/airflow/example_dags/example_bash_operator.py
[2025-06-01T18:14:43.262+0200] {processor.py:829} INFO - Processing file /home/lohit/miniconda3/envs/airflow-env/lib/python3.8/site-packages/airflow/example_dags/example_bash_operator.py for tasks to queue
[2025-06-01T18:14:43.262+0200] {logging_mixin.py:154} INFO - [2025-06-01T18:14:43.262+0200] {dagbag.py:536} INFO - Filling up the DagBag from /home/lohit/miniconda3/envs/airflow-env/lib/python3.8/site-packages/airflow/example_dags/example_bash_operator.py
[2025-06-01T18:14:43.269+0200] {processor.py:839} INFO - DAG(s) dict_keys(['example_bash_operator']) retrieved from /home/lohit/miniconda3/envs/airflow-env/lib/python3.8/site-packages/airflow/example_dags/example_bash_operator.py
[2025-06-01T18:14:43.284+0200] {logging_mixin.py:154} INFO - [2025-06-01T18:14:43.284+0200] {dag.py:2941} INFO - Sync 1 DAGs
[2025-06-01T18:14:43.297+0200] {logging_mixin.py:154} INFO - [2025-06-01T18:14:43.297+0200] {dag.py:3722} INFO - Setting next_dagrun for example_bash_operator to 2025-05-31T00:00:00+00:00, run_after=2025-06-01T00:00:00+00:00
[2025-06-01T18:14:43.314+0200] {processor.py:179} INFO - Processing /home/lohit/miniconda3/envs/airflow-env/lib/python3.8/site-packages/airflow/example_dags/example_bash_operator.py took 0.057 seconds
[2025-06-01T18:15:32.114+0200] {processor.py:157} INFO - Started process (PID=29175) to work on /home/lohit/miniconda3/envs/airflow-env/lib/python3.8/site-packages/airflow/example_dags/example_bash_operator.py
[2025-06-01T18:15:32.118+0200] {processor.py:829} INFO - Processing file /home/lohit/miniconda3/envs/airflow-env/lib/python3.8/site-packages/airflow/example_dags/example_bash_operator.py for tasks to queue
[2025-06-01T18:15:32.118+0200] {logging_mixin.py:154} INFO - [2025-06-01T18:15:32.118+0200] {dagbag.py:536} INFO - Filling up the DagBag from /home/lohit/miniconda3/envs/airflow-env/lib/python3.8/site-packages/airflow/example_dags/example_bash_operator.py
[2025-06-01T18:15:32.126+0200] {processor.py:839} INFO - DAG(s) dict_keys(['example_bash_operator']) retrieved from /home/lohit/miniconda3/envs/airflow-env/lib/python3.8/site-packages/airflow/example_dags/example_bash_operator.py
[2025-06-01T18:15:32.141+0200] {logging_mixin.py:154} INFO - [2025-06-01T18:15:32.141+0200] {dag.py:2941} INFO - Sync 1 DAGs
[2025-06-01T18:15:32.153+0200] {logging_mixin.py:154} INFO - [2025-06-01T18:15:32.153+0200] {dag.py:3722} INFO - Setting next_dagrun for example_bash_operator to 2025-05-31T00:00:00+00:00, run_after=2025-06-01T00:00:00+00:00
[2025-06-01T18:15:32.170+0200] {processor.py:179} INFO - Processing /home/lohit/miniconda3/envs/airflow-env/lib/python3.8/site-packages/airflow/example_dags/example_bash_operator.py took 0.058 seconds
[2025-06-01T18:16:20.921+0200] {processor.py:157} INFO - Started process (PID=29248) to work on /home/lohit/miniconda3/envs/airflow-env/lib/python3.8/site-packages/airflow/example_dags/example_bash_operator.py
[2025-06-01T18:16:20.924+0200] {processor.py:829} INFO - Processing file /home/lohit/miniconda3/envs/airflow-env/lib/python3.8/site-packages/airflow/example_dags/example_bash_operator.py for tasks to queue
[2025-06-01T18:16:20.925+0200] {logging_mixin.py:154} INFO - [2025-06-01T18:16:20.925+0200] {dagbag.py:536} INFO - Filling up the DagBag from /home/lohit/miniconda3/envs/airflow-env/lib/python3.8/site-packages/airflow/example_dags/example_bash_operator.py
[2025-06-01T18:16:20.931+0200] {processor.py:839} INFO - DAG(s) dict_keys(['example_bash_operator']) retrieved from /home/lohit/miniconda3/envs/airflow-env/lib/python3.8/site-packages/airflow/example_dags/example_bash_operator.py
[2025-06-01T18:16:20.945+0200] {logging_mixin.py:154} INFO - [2025-06-01T18:16:20.945+0200] {dag.py:2941} INFO - Sync 1 DAGs
[2025-06-01T18:16:20.956+0200] {logging_mixin.py:154} INFO - [2025-06-01T18:16:20.955+0200] {dag.py:3722} INFO - Setting next_dagrun for example_bash_operator to 2025-05-31T00:00:00+00:00, run_after=2025-06-01T00:00:00+00:00
[2025-06-01T18:16:20.971+0200] {processor.py:179} INFO - Processing /home/lohit/miniconda3/envs/airflow-env/lib/python3.8/site-packages/airflow/example_dags/example_bash_operator.py took 0.052 seconds
[2025-06-01T18:17:08.829+0200] {processor.py:157} INFO - Started process (PID=29321) to work on /home/lohit/miniconda3/envs/airflow-env/lib/python3.8/site-packages/airflow/example_dags/example_bash_operator.py
[2025-06-01T18:17:08.830+0200] {processor.py:829} INFO - Processing file /home/lohit/miniconda3/envs/airflow-env/lib/python3.8/site-packages/airflow/example_dags/example_bash_operator.py for tasks to queue
[2025-06-01T18:17:08.830+0200] {logging_mixin.py:154} INFO - [2025-06-01T18:17:08.830+0200] {dagbag.py:536} INFO - Filling up the DagBag from /home/lohit/miniconda3/envs/airflow-env/lib/python3.8/site-packages/airflow/example_dags/example_bash_operator.py
[2025-06-01T18:17:08.837+0200] {processor.py:839} INFO - DAG(s) dict_keys(['example_bash_operator']) retrieved from /home/lohit/miniconda3/envs/airflow-env/lib/python3.8/site-packages/airflow/example_dags/example_bash_operator.py
[2025-06-01T18:17:08.849+0200] {logging_mixin.py:154} INFO - [2025-06-01T18:17:08.849+0200] {dag.py:2941} INFO - Sync 1 DAGs
[2025-06-01T18:17:08.860+0200] {logging_mixin.py:154} INFO - [2025-06-01T18:17:08.860+0200] {dag.py:3722} INFO - Setting next_dagrun for example_bash_operator to 2025-05-31T00:00:00+00:00, run_after=2025-06-01T00:00:00+00:00
[2025-06-01T18:17:08.876+0200] {processor.py:179} INFO - Processing /home/lohit/miniconda3/envs/airflow-env/lib/python3.8/site-packages/airflow/example_dags/example_bash_operator.py took 0.049 seconds
[2025-06-01T18:17:53.439+0200] {processor.py:157} INFO - Started process (PID=29390) to work on /home/lohit/miniconda3/envs/airflow-env/lib/python3.8/site-packages/airflow/example_dags/example_bash_operator.py
[2025-06-01T18:17:53.442+0200] {processor.py:829} INFO - Processing file /home/lohit/miniconda3/envs/airflow-env/lib/python3.8/site-packages/airflow/example_dags/example_bash_operator.py for tasks to queue
[2025-06-01T18:17:53.443+0200] {logging_mixin.py:154} INFO - [2025-06-01T18:17:53.443+0200] {dagbag.py:536} INFO - Filling up the DagBag from /home/lohit/miniconda3/envs/airflow-env/lib/python3.8/site-packages/airflow/example_dags/example_bash_operator.py
[2025-06-01T18:17:53.450+0200] {processor.py:839} INFO - DAG(s) dict_keys(['example_bash_operator']) retrieved from /home/lohit/miniconda3/envs/airflow-env/lib/python3.8/site-packages/airflow/example_dags/example_bash_operator.py
[2025-06-01T18:17:53.464+0200] {logging_mixin.py:154} INFO - [2025-06-01T18:17:53.464+0200] {dag.py:2941} INFO - Sync 1 DAGs
[2025-06-01T18:17:53.477+0200] {logging_mixin.py:154} INFO - [2025-06-01T18:17:53.477+0200] {dag.py:3722} INFO - Setting next_dagrun for example_bash_operator to 2025-05-31T00:00:00+00:00, run_after=2025-06-01T00:00:00+00:00
[2025-06-01T18:17:53.493+0200] {processor.py:179} INFO - Processing /home/lohit/miniconda3/envs/airflow-env/lib/python3.8/site-packages/airflow/example_dags/example_bash_operator.py took 0.057 seconds
[2025-06-01T18:18:39.948+0200] {processor.py:157} INFO - Started process (PID=29459) to work on /home/lohit/miniconda3/envs/airflow-env/lib/python3.8/site-packages/airflow/example_dags/example_bash_operator.py
[2025-06-01T18:18:39.951+0200] {processor.py:829} INFO - Processing file /home/lohit/miniconda3/envs/airflow-env/lib/python3.8/site-packages/airflow/example_dags/example_bash_operator.py for tasks to queue
[2025-06-01T18:18:39.952+0200] {logging_mixin.py:154} INFO - [2025-06-01T18:18:39.952+0200] {dagbag.py:536} INFO - Filling up the DagBag from /home/lohit/miniconda3/envs/airflow-env/lib/python3.8/site-packages/airflow/example_dags/example_bash_operator.py
[2025-06-01T18:18:39.959+0200] {processor.py:839} INFO - DAG(s) dict_keys(['example_bash_operator']) retrieved from /home/lohit/miniconda3/envs/airflow-env/lib/python3.8/site-packages/airflow/example_dags/example_bash_operator.py
[2025-06-01T18:18:39.975+0200] {logging_mixin.py:154} INFO - [2025-06-01T18:18:39.975+0200] {dag.py:2941} INFO - Sync 1 DAGs
[2025-06-01T18:18:39.987+0200] {logging_mixin.py:154} INFO - [2025-06-01T18:18:39.987+0200] {dag.py:3722} INFO - Setting next_dagrun for example_bash_operator to 2025-05-31T00:00:00+00:00, run_after=2025-06-01T00:00:00+00:00
[2025-06-01T18:18:40.003+0200] {processor.py:179} INFO - Processing /home/lohit/miniconda3/envs/airflow-env/lib/python3.8/site-packages/airflow/example_dags/example_bash_operator.py took 0.057 seconds
[2025-06-01T18:19:27.070+0200] {processor.py:157} INFO - Started process (PID=29528) to work on /home/lohit/miniconda3/envs/airflow-env/lib/python3.8/site-packages/airflow/example_dags/example_bash_operator.py
[2025-06-01T18:19:27.073+0200] {processor.py:829} INFO - Processing file /home/lohit/miniconda3/envs/airflow-env/lib/python3.8/site-packages/airflow/example_dags/example_bash_operator.py for tasks to queue
[2025-06-01T18:19:27.074+0200] {logging_mixin.py:154} INFO - [2025-06-01T18:19:27.074+0200] {dagbag.py:536} INFO - Filling up the DagBag from /home/lohit/miniconda3/envs/airflow-env/lib/python3.8/site-packages/airflow/example_dags/example_bash_operator.py
[2025-06-01T18:19:27.082+0200] {processor.py:839} INFO - DAG(s) dict_keys(['example_bash_operator']) retrieved from /home/lohit/miniconda3/envs/airflow-env/lib/python3.8/site-packages/airflow/example_dags/example_bash_operator.py
[2025-06-01T18:19:27.096+0200] {logging_mixin.py:154} INFO - [2025-06-01T18:19:27.096+0200] {dag.py:2941} INFO - Sync 1 DAGs
[2025-06-01T18:19:27.108+0200] {logging_mixin.py:154} INFO - [2025-06-01T18:19:27.108+0200] {dag.py:3722} INFO - Setting next_dagrun for example_bash_operator to 2025-05-31T00:00:00+00:00, run_after=2025-06-01T00:00:00+00:00
[2025-06-01T18:19:27.125+0200] {processor.py:179} INFO - Processing /home/lohit/miniconda3/envs/airflow-env/lib/python3.8/site-packages/airflow/example_dags/example_bash_operator.py took 0.057 seconds
[2025-06-01T18:20:15.402+0200] {processor.py:157} INFO - Started process (PID=29599) to work on /home/lohit/miniconda3/envs/airflow-env/lib/python3.8/site-packages/airflow/example_dags/example_bash_operator.py
[2025-06-01T18:20:15.404+0200] {processor.py:829} INFO - Processing file /home/lohit/miniconda3/envs/airflow-env/lib/python3.8/site-packages/airflow/example_dags/example_bash_operator.py for tasks to queue
[2025-06-01T18:20:15.405+0200] {logging_mixin.py:154} INFO - [2025-06-01T18:20:15.404+0200] {dagbag.py:536} INFO - Filling up the DagBag from /home/lohit/miniconda3/envs/airflow-env/lib/python3.8/site-packages/airflow/example_dags/example_bash_operator.py
[2025-06-01T18:20:15.412+0200] {processor.py:839} INFO - DAG(s) dict_keys(['example_bash_operator']) retrieved from /home/lohit/miniconda3/envs/airflow-env/lib/python3.8/site-packages/airflow/example_dags/example_bash_operator.py
[2025-06-01T18:20:15.426+0200] {logging_mixin.py:154} INFO - [2025-06-01T18:20:15.426+0200] {dag.py:2941} INFO - Sync 1 DAGs
[2025-06-01T18:20:15.439+0200] {logging_mixin.py:154} INFO - [2025-06-01T18:20:15.438+0200] {dag.py:3722} INFO - Setting next_dagrun for example_bash_operator to 2025-05-31T00:00:00+00:00, run_after=2025-06-01T00:00:00+00:00
[2025-06-01T18:20:15.455+0200] {processor.py:179} INFO - Processing /home/lohit/miniconda3/envs/airflow-env/lib/python3.8/site-packages/airflow/example_dags/example_bash_operator.py took 0.055 seconds
[2025-06-01T18:21:04.194+0200] {processor.py:157} INFO - Started process (PID=29671) to work on /home/lohit/miniconda3/envs/airflow-env/lib/python3.8/site-packages/airflow/example_dags/example_bash_operator.py
[2025-06-01T18:21:04.198+0200] {processor.py:829} INFO - Processing file /home/lohit/miniconda3/envs/airflow-env/lib/python3.8/site-packages/airflow/example_dags/example_bash_operator.py for tasks to queue
[2025-06-01T18:21:04.198+0200] {logging_mixin.py:154} INFO - [2025-06-01T18:21:04.198+0200] {dagbag.py:536} INFO - Filling up the DagBag from /home/lohit/miniconda3/envs/airflow-env/lib/python3.8/site-packages/airflow/example_dags/example_bash_operator.py
[2025-06-01T18:21:04.205+0200] {processor.py:839} INFO - DAG(s) dict_keys(['example_bash_operator']) retrieved from /home/lohit/miniconda3/envs/airflow-env/lib/python3.8/site-packages/airflow/example_dags/example_bash_operator.py
[2025-06-01T18:21:04.218+0200] {logging_mixin.py:154} INFO - [2025-06-01T18:21:04.218+0200] {dag.py:2941} INFO - Sync 1 DAGs
[2025-06-01T18:21:04.231+0200] {logging_mixin.py:154} INFO - [2025-06-01T18:21:04.231+0200] {dag.py:3722} INFO - Setting next_dagrun for example_bash_operator to 2025-05-31T00:00:00+00:00, run_after=2025-06-01T00:00:00+00:00
[2025-06-01T18:21:04.248+0200] {processor.py:179} INFO - Processing /home/lohit/miniconda3/envs/airflow-env/lib/python3.8/site-packages/airflow/example_dags/example_bash_operator.py took 0.056 seconds
[2025-06-01T18:21:52.589+0200] {processor.py:157} INFO - Started process (PID=29741) to work on /home/lohit/miniconda3/envs/airflow-env/lib/python3.8/site-packages/airflow/example_dags/example_bash_operator.py
[2025-06-01T18:21:52.592+0200] {processor.py:829} INFO - Processing file /home/lohit/miniconda3/envs/airflow-env/lib/python3.8/site-packages/airflow/example_dags/example_bash_operator.py for tasks to queue
[2025-06-01T18:21:52.593+0200] {logging_mixin.py:154} INFO - [2025-06-01T18:21:52.593+0200] {dagbag.py:536} INFO - Filling up the DagBag from /home/lohit/miniconda3/envs/airflow-env/lib/python3.8/site-packages/airflow/example_dags/example_bash_operator.py
[2025-06-01T18:21:52.602+0200] {processor.py:839} INFO - DAG(s) dict_keys(['example_bash_operator']) retrieved from /home/lohit/miniconda3/envs/airflow-env/lib/python3.8/site-packages/airflow/example_dags/example_bash_operator.py
[2025-06-01T18:21:52.617+0200] {logging_mixin.py:154} INFO - [2025-06-01T18:21:52.617+0200] {dag.py:2941} INFO - Sync 1 DAGs
[2025-06-01T18:21:52.630+0200] {logging_mixin.py:154} INFO - [2025-06-01T18:21:52.630+0200] {dag.py:3722} INFO - Setting next_dagrun for example_bash_operator to 2025-05-31T00:00:00+00:00, run_after=2025-06-01T00:00:00+00:00
[2025-06-01T18:21:52.648+0200] {processor.py:179} INFO - Processing /home/lohit/miniconda3/envs/airflow-env/lib/python3.8/site-packages/airflow/example_dags/example_bash_operator.py took 0.062 seconds
[2025-06-01T18:22:37.976+0200] {processor.py:157} INFO - Started process (PID=29810) to work on /home/lohit/miniconda3/envs/airflow-env/lib/python3.8/site-packages/airflow/example_dags/example_bash_operator.py
[2025-06-01T18:22:37.978+0200] {processor.py:829} INFO - Processing file /home/lohit/miniconda3/envs/airflow-env/lib/python3.8/site-packages/airflow/example_dags/example_bash_operator.py for tasks to queue
[2025-06-01T18:22:37.978+0200] {logging_mixin.py:154} INFO - [2025-06-01T18:22:37.978+0200] {dagbag.py:536} INFO - Filling up the DagBag from /home/lohit/miniconda3/envs/airflow-env/lib/python3.8/site-packages/airflow/example_dags/example_bash_operator.py
[2025-06-01T18:22:37.985+0200] {processor.py:839} INFO - DAG(s) dict_keys(['example_bash_operator']) retrieved from /home/lohit/miniconda3/envs/airflow-env/lib/python3.8/site-packages/airflow/example_dags/example_bash_operator.py
[2025-06-01T18:22:37.999+0200] {logging_mixin.py:154} INFO - [2025-06-01T18:22:37.999+0200] {dag.py:2941} INFO - Sync 1 DAGs
[2025-06-01T18:22:38.011+0200] {logging_mixin.py:154} INFO - [2025-06-01T18:22:38.010+0200] {dag.py:3722} INFO - Setting next_dagrun for example_bash_operator to 2025-05-31T00:00:00+00:00, run_after=2025-06-01T00:00:00+00:00
[2025-06-01T18:22:38.026+0200] {processor.py:179} INFO - Processing /home/lohit/miniconda3/envs/airflow-env/lib/python3.8/site-packages/airflow/example_dags/example_bash_operator.py took 0.051 seconds
[2025-06-01T18:23:26.731+0200] {processor.py:157} INFO - Started process (PID=29881) to work on /home/lohit/miniconda3/envs/airflow-env/lib/python3.8/site-packages/airflow/example_dags/example_bash_operator.py
[2025-06-01T18:23:26.733+0200] {processor.py:829} INFO - Processing file /home/lohit/miniconda3/envs/airflow-env/lib/python3.8/site-packages/airflow/example_dags/example_bash_operator.py for tasks to queue
[2025-06-01T18:23:26.733+0200] {logging_mixin.py:154} INFO - [2025-06-01T18:23:26.733+0200] {dagbag.py:536} INFO - Filling up the DagBag from /home/lohit/miniconda3/envs/airflow-env/lib/python3.8/site-packages/airflow/example_dags/example_bash_operator.py
[2025-06-01T18:23:26.742+0200] {processor.py:839} INFO - DAG(s) dict_keys(['example_bash_operator']) retrieved from /home/lohit/miniconda3/envs/airflow-env/lib/python3.8/site-packages/airflow/example_dags/example_bash_operator.py
[2025-06-01T18:23:26.759+0200] {logging_mixin.py:154} INFO - [2025-06-01T18:23:26.759+0200] {dag.py:2941} INFO - Sync 1 DAGs
[2025-06-01T18:23:26.773+0200] {logging_mixin.py:154} INFO - [2025-06-01T18:23:26.773+0200] {dag.py:3722} INFO - Setting next_dagrun for example_bash_operator to 2025-05-31T00:00:00+00:00, run_after=2025-06-01T00:00:00+00:00
[2025-06-01T18:23:26.793+0200] {processor.py:179} INFO - Processing /home/lohit/miniconda3/envs/airflow-env/lib/python3.8/site-packages/airflow/example_dags/example_bash_operator.py took 0.063 seconds
[2025-06-01T18:24:14.348+0200] {processor.py:157} INFO - Started process (PID=29952) to work on /home/lohit/miniconda3/envs/airflow-env/lib/python3.8/site-packages/airflow/example_dags/example_bash_operator.py
[2025-06-01T18:24:14.351+0200] {processor.py:829} INFO - Processing file /home/lohit/miniconda3/envs/airflow-env/lib/python3.8/site-packages/airflow/example_dags/example_bash_operator.py for tasks to queue
[2025-06-01T18:24:14.352+0200] {logging_mixin.py:154} INFO - [2025-06-01T18:24:14.351+0200] {dagbag.py:536} INFO - Filling up the DagBag from /home/lohit/miniconda3/envs/airflow-env/lib/python3.8/site-packages/airflow/example_dags/example_bash_operator.py
[2025-06-01T18:24:14.360+0200] {processor.py:839} INFO - DAG(s) dict_keys(['example_bash_operator']) retrieved from /home/lohit/miniconda3/envs/airflow-env/lib/python3.8/site-packages/airflow/example_dags/example_bash_operator.py
[2025-06-01T18:24:14.375+0200] {logging_mixin.py:154} INFO - [2025-06-01T18:24:14.375+0200] {dag.py:2941} INFO - Sync 1 DAGs
[2025-06-01T18:24:14.390+0200] {logging_mixin.py:154} INFO - [2025-06-01T18:24:14.390+0200] {dag.py:3722} INFO - Setting next_dagrun for example_bash_operator to 2025-05-31T00:00:00+00:00, run_after=2025-06-01T00:00:00+00:00
[2025-06-01T18:24:14.407+0200] {processor.py:179} INFO - Processing /home/lohit/miniconda3/envs/airflow-env/lib/python3.8/site-packages/airflow/example_dags/example_bash_operator.py took 0.062 seconds
[2025-06-01T18:25:01.413+0200] {processor.py:157} INFO - Started process (PID=30021) to work on /home/lohit/miniconda3/envs/airflow-env/lib/python3.8/site-packages/airflow/example_dags/example_bash_operator.py
[2025-06-01T18:25:01.417+0200] {processor.py:829} INFO - Processing file /home/lohit/miniconda3/envs/airflow-env/lib/python3.8/site-packages/airflow/example_dags/example_bash_operator.py for tasks to queue
[2025-06-01T18:25:01.418+0200] {logging_mixin.py:154} INFO - [2025-06-01T18:25:01.417+0200] {dagbag.py:536} INFO - Filling up the DagBag from /home/lohit/miniconda3/envs/airflow-env/lib/python3.8/site-packages/airflow/example_dags/example_bash_operator.py
[2025-06-01T18:25:01.425+0200] {processor.py:839} INFO - DAG(s) dict_keys(['example_bash_operator']) retrieved from /home/lohit/miniconda3/envs/airflow-env/lib/python3.8/site-packages/airflow/example_dags/example_bash_operator.py
[2025-06-01T18:25:01.439+0200] {logging_mixin.py:154} INFO - [2025-06-01T18:25:01.439+0200] {dag.py:2941} INFO - Sync 1 DAGs
[2025-06-01T18:25:01.450+0200] {logging_mixin.py:154} INFO - [2025-06-01T18:25:01.450+0200] {dag.py:3722} INFO - Setting next_dagrun for example_bash_operator to 2025-05-31T00:00:00+00:00, run_after=2025-06-01T00:00:00+00:00
[2025-06-01T18:25:01.466+0200] {processor.py:179} INFO - Processing /home/lohit/miniconda3/envs/airflow-env/lib/python3.8/site-packages/airflow/example_dags/example_bash_operator.py took 0.054 seconds
[2025-06-01T18:25:49.634+0200] {processor.py:157} INFO - Started process (PID=30092) to work on /home/lohit/miniconda3/envs/airflow-env/lib/python3.8/site-packages/airflow/example_dags/example_bash_operator.py
[2025-06-01T18:25:49.636+0200] {processor.py:829} INFO - Processing file /home/lohit/miniconda3/envs/airflow-env/lib/python3.8/site-packages/airflow/example_dags/example_bash_operator.py for tasks to queue
[2025-06-01T18:25:49.636+0200] {logging_mixin.py:154} INFO - [2025-06-01T18:25:49.636+0200] {dagbag.py:536} INFO - Filling up the DagBag from /home/lohit/miniconda3/envs/airflow-env/lib/python3.8/site-packages/airflow/example_dags/example_bash_operator.py
[2025-06-01T18:25:49.644+0200] {processor.py:839} INFO - DAG(s) dict_keys(['example_bash_operator']) retrieved from /home/lohit/miniconda3/envs/airflow-env/lib/python3.8/site-packages/airflow/example_dags/example_bash_operator.py
[2025-06-01T18:25:49.660+0200] {logging_mixin.py:154} INFO - [2025-06-01T18:25:49.660+0200] {dag.py:2941} INFO - Sync 1 DAGs
[2025-06-01T18:25:49.674+0200] {logging_mixin.py:154} INFO - [2025-06-01T18:25:49.673+0200] {dag.py:3722} INFO - Setting next_dagrun for example_bash_operator to 2025-05-31T00:00:00+00:00, run_after=2025-06-01T00:00:00+00:00
[2025-06-01T18:25:49.694+0200] {processor.py:179} INFO - Processing /home/lohit/miniconda3/envs/airflow-env/lib/python3.8/site-packages/airflow/example_dags/example_bash_operator.py took 0.061 seconds
[2025-06-01T18:26:35.273+0200] {processor.py:157} INFO - Started process (PID=30161) to work on /home/lohit/miniconda3/envs/airflow-env/lib/python3.8/site-packages/airflow/example_dags/example_bash_operator.py
[2025-06-01T18:26:35.277+0200] {processor.py:829} INFO - Processing file /home/lohit/miniconda3/envs/airflow-env/lib/python3.8/site-packages/airflow/example_dags/example_bash_operator.py for tasks to queue
[2025-06-01T18:26:35.277+0200] {logging_mixin.py:154} INFO - [2025-06-01T18:26:35.277+0200] {dagbag.py:536} INFO - Filling up the DagBag from /home/lohit/miniconda3/envs/airflow-env/lib/python3.8/site-packages/airflow/example_dags/example_bash_operator.py
[2025-06-01T18:26:35.285+0200] {processor.py:839} INFO - DAG(s) dict_keys(['example_bash_operator']) retrieved from /home/lohit/miniconda3/envs/airflow-env/lib/python3.8/site-packages/airflow/example_dags/example_bash_operator.py
[2025-06-01T18:26:35.299+0200] {logging_mixin.py:154} INFO - [2025-06-01T18:26:35.299+0200] {dag.py:2941} INFO - Sync 1 DAGs
[2025-06-01T18:26:35.313+0200] {logging_mixin.py:154} INFO - [2025-06-01T18:26:35.313+0200] {dag.py:3722} INFO - Setting next_dagrun for example_bash_operator to 2025-05-31T00:00:00+00:00, run_after=2025-06-01T00:00:00+00:00
[2025-06-01T18:26:35.330+0200] {processor.py:179} INFO - Processing /home/lohit/miniconda3/envs/airflow-env/lib/python3.8/site-packages/airflow/example_dags/example_bash_operator.py took 0.059 seconds
[2025-06-01T18:27:21.763+0200] {processor.py:157} INFO - Started process (PID=30232) to work on /home/lohit/miniconda3/envs/airflow-env/lib/python3.8/site-packages/airflow/example_dags/example_bash_operator.py
[2025-06-01T18:27:21.767+0200] {processor.py:829} INFO - Processing file /home/lohit/miniconda3/envs/airflow-env/lib/python3.8/site-packages/airflow/example_dags/example_bash_operator.py for tasks to queue
[2025-06-01T18:27:21.767+0200] {logging_mixin.py:154} INFO - [2025-06-01T18:27:21.767+0200] {dagbag.py:536} INFO - Filling up the DagBag from /home/lohit/miniconda3/envs/airflow-env/lib/python3.8/site-packages/airflow/example_dags/example_bash_operator.py
[2025-06-01T18:27:21.775+0200] {processor.py:839} INFO - DAG(s) dict_keys(['example_bash_operator']) retrieved from /home/lohit/miniconda3/envs/airflow-env/lib/python3.8/site-packages/airflow/example_dags/example_bash_operator.py
[2025-06-01T18:27:21.788+0200] {logging_mixin.py:154} INFO - [2025-06-01T18:27:21.788+0200] {dag.py:2941} INFO - Sync 1 DAGs
[2025-06-01T18:27:21.800+0200] {logging_mixin.py:154} INFO - [2025-06-01T18:27:21.800+0200] {dag.py:3722} INFO - Setting next_dagrun for example_bash_operator to 2025-05-31T00:00:00+00:00, run_after=2025-06-01T00:00:00+00:00
[2025-06-01T18:27:21.817+0200] {processor.py:179} INFO - Processing /home/lohit/miniconda3/envs/airflow-env/lib/python3.8/site-packages/airflow/example_dags/example_bash_operator.py took 0.056 seconds
[2025-06-01T18:28:07.834+0200] {processor.py:157} INFO - Started process (PID=30300) to work on /home/lohit/miniconda3/envs/airflow-env/lib/python3.8/site-packages/airflow/example_dags/example_bash_operator.py
[2025-06-01T18:28:07.837+0200] {processor.py:829} INFO - Processing file /home/lohit/miniconda3/envs/airflow-env/lib/python3.8/site-packages/airflow/example_dags/example_bash_operator.py for tasks to queue
[2025-06-01T18:28:07.837+0200] {logging_mixin.py:154} INFO - [2025-06-01T18:28:07.837+0200] {dagbag.py:536} INFO - Filling up the DagBag from /home/lohit/miniconda3/envs/airflow-env/lib/python3.8/site-packages/airflow/example_dags/example_bash_operator.py
[2025-06-01T18:28:07.844+0200] {processor.py:839} INFO - DAG(s) dict_keys(['example_bash_operator']) retrieved from /home/lohit/miniconda3/envs/airflow-env/lib/python3.8/site-packages/airflow/example_dags/example_bash_operator.py
[2025-06-01T18:28:07.856+0200] {logging_mixin.py:154} INFO - [2025-06-01T18:28:07.856+0200] {dag.py:2941} INFO - Sync 1 DAGs
[2025-06-01T18:28:07.870+0200] {logging_mixin.py:154} INFO - [2025-06-01T18:28:07.870+0200] {dag.py:3722} INFO - Setting next_dagrun for example_bash_operator to 2025-05-31T00:00:00+00:00, run_after=2025-06-01T00:00:00+00:00
[2025-06-01T18:28:07.887+0200] {processor.py:179} INFO - Processing /home/lohit/miniconda3/envs/airflow-env/lib/python3.8/site-packages/airflow/example_dags/example_bash_operator.py took 0.055 seconds
[2025-06-01T18:28:56.585+0200] {processor.py:157} INFO - Started process (PID=30372) to work on /home/lohit/miniconda3/envs/airflow-env/lib/python3.8/site-packages/airflow/example_dags/example_bash_operator.py
[2025-06-01T18:28:56.588+0200] {processor.py:829} INFO - Processing file /home/lohit/miniconda3/envs/airflow-env/lib/python3.8/site-packages/airflow/example_dags/example_bash_operator.py for tasks to queue
[2025-06-01T18:28:56.589+0200] {logging_mixin.py:154} INFO - [2025-06-01T18:28:56.589+0200] {dagbag.py:536} INFO - Filling up the DagBag from /home/lohit/miniconda3/envs/airflow-env/lib/python3.8/site-packages/airflow/example_dags/example_bash_operator.py
[2025-06-01T18:28:56.596+0200] {processor.py:839} INFO - DAG(s) dict_keys(['example_bash_operator']) retrieved from /home/lohit/miniconda3/envs/airflow-env/lib/python3.8/site-packages/airflow/example_dags/example_bash_operator.py
[2025-06-01T18:28:56.608+0200] {logging_mixin.py:154} INFO - [2025-06-01T18:28:56.608+0200] {dag.py:2941} INFO - Sync 1 DAGs
[2025-06-01T18:28:56.619+0200] {logging_mixin.py:154} INFO - [2025-06-01T18:28:56.619+0200] {dag.py:3722} INFO - Setting next_dagrun for example_bash_operator to 2025-05-31T00:00:00+00:00, run_after=2025-06-01T00:00:00+00:00
[2025-06-01T18:28:56.634+0200] {processor.py:179} INFO - Processing /home/lohit/miniconda3/envs/airflow-env/lib/python3.8/site-packages/airflow/example_dags/example_bash_operator.py took 0.051 seconds
[2025-06-01T18:29:41.004+0200] {processor.py:157} INFO - Started process (PID=30439) to work on /home/lohit/miniconda3/envs/airflow-env/lib/python3.8/site-packages/airflow/example_dags/example_bash_operator.py
[2025-06-01T18:29:41.006+0200] {processor.py:829} INFO - Processing file /home/lohit/miniconda3/envs/airflow-env/lib/python3.8/site-packages/airflow/example_dags/example_bash_operator.py for tasks to queue
[2025-06-01T18:29:41.006+0200] {logging_mixin.py:154} INFO - [2025-06-01T18:29:41.006+0200] {dagbag.py:536} INFO - Filling up the DagBag from /home/lohit/miniconda3/envs/airflow-env/lib/python3.8/site-packages/airflow/example_dags/example_bash_operator.py
[2025-06-01T18:29:41.013+0200] {processor.py:839} INFO - DAG(s) dict_keys(['example_bash_operator']) retrieved from /home/lohit/miniconda3/envs/airflow-env/lib/python3.8/site-packages/airflow/example_dags/example_bash_operator.py
[2025-06-01T18:29:41.028+0200] {logging_mixin.py:154} INFO - [2025-06-01T18:29:41.027+0200] {dag.py:2941} INFO - Sync 1 DAGs
[2025-06-01T18:29:41.041+0200] {logging_mixin.py:154} INFO - [2025-06-01T18:29:41.041+0200] {dag.py:3722} INFO - Setting next_dagrun for example_bash_operator to 2025-05-31T00:00:00+00:00, run_after=2025-06-01T00:00:00+00:00
[2025-06-01T18:29:41.057+0200] {processor.py:179} INFO - Processing /home/lohit/miniconda3/envs/airflow-env/lib/python3.8/site-packages/airflow/example_dags/example_bash_operator.py took 0.055 seconds
[2025-06-01T18:30:25.432+0200] {processor.py:157} INFO - Started process (PID=30508) to work on /home/lohit/miniconda3/envs/airflow-env/lib/python3.8/site-packages/airflow/example_dags/example_bash_operator.py
[2025-06-01T18:30:25.435+0200] {processor.py:829} INFO - Processing file /home/lohit/miniconda3/envs/airflow-env/lib/python3.8/site-packages/airflow/example_dags/example_bash_operator.py for tasks to queue
[2025-06-01T18:30:25.436+0200] {logging_mixin.py:154} INFO - [2025-06-01T18:30:25.435+0200] {dagbag.py:536} INFO - Filling up the DagBag from /home/lohit/miniconda3/envs/airflow-env/lib/python3.8/site-packages/airflow/example_dags/example_bash_operator.py
[2025-06-01T18:30:25.443+0200] {processor.py:839} INFO - DAG(s) dict_keys(['example_bash_operator']) retrieved from /home/lohit/miniconda3/envs/airflow-env/lib/python3.8/site-packages/airflow/example_dags/example_bash_operator.py
[2025-06-01T18:30:25.459+0200] {logging_mixin.py:154} INFO - [2025-06-01T18:30:25.458+0200] {dag.py:2941} INFO - Sync 1 DAGs
[2025-06-01T18:30:25.472+0200] {logging_mixin.py:154} INFO - [2025-06-01T18:30:25.472+0200] {dag.py:3722} INFO - Setting next_dagrun for example_bash_operator to 2025-05-31T00:00:00+00:00, run_after=2025-06-01T00:00:00+00:00
[2025-06-01T18:30:25.495+0200] {processor.py:179} INFO - Processing /home/lohit/miniconda3/envs/airflow-env/lib/python3.8/site-packages/airflow/example_dags/example_bash_operator.py took 0.066 seconds
[2025-06-01T18:31:09.692+0200] {processor.py:157} INFO - Started process (PID=30577) to work on /home/lohit/miniconda3/envs/airflow-env/lib/python3.8/site-packages/airflow/example_dags/example_bash_operator.py
[2025-06-01T18:31:09.695+0200] {processor.py:829} INFO - Processing file /home/lohit/miniconda3/envs/airflow-env/lib/python3.8/site-packages/airflow/example_dags/example_bash_operator.py for tasks to queue
[2025-06-01T18:31:09.696+0200] {logging_mixin.py:154} INFO - [2025-06-01T18:31:09.696+0200] {dagbag.py:536} INFO - Filling up the DagBag from /home/lohit/miniconda3/envs/airflow-env/lib/python3.8/site-packages/airflow/example_dags/example_bash_operator.py
[2025-06-01T18:31:09.704+0200] {processor.py:839} INFO - DAG(s) dict_keys(['example_bash_operator']) retrieved from /home/lohit/miniconda3/envs/airflow-env/lib/python3.8/site-packages/airflow/example_dags/example_bash_operator.py
[2025-06-01T18:31:09.719+0200] {logging_mixin.py:154} INFO - [2025-06-01T18:31:09.719+0200] {dag.py:2941} INFO - Sync 1 DAGs
[2025-06-01T18:31:09.732+0200] {logging_mixin.py:154} INFO - [2025-06-01T18:31:09.732+0200] {dag.py:3722} INFO - Setting next_dagrun for example_bash_operator to 2025-05-31T00:00:00+00:00, run_after=2025-06-01T00:00:00+00:00
[2025-06-01T18:31:09.749+0200] {processor.py:179} INFO - Processing /home/lohit/miniconda3/envs/airflow-env/lib/python3.8/site-packages/airflow/example_dags/example_bash_operator.py took 0.059 seconds
[2025-06-01T18:31:55.077+0200] {processor.py:157} INFO - Started process (PID=30646) to work on /home/lohit/miniconda3/envs/airflow-env/lib/python3.8/site-packages/airflow/example_dags/example_bash_operator.py
[2025-06-01T18:31:55.081+0200] {processor.py:829} INFO - Processing file /home/lohit/miniconda3/envs/airflow-env/lib/python3.8/site-packages/airflow/example_dags/example_bash_operator.py for tasks to queue
[2025-06-01T18:31:55.081+0200] {logging_mixin.py:154} INFO - [2025-06-01T18:31:55.081+0200] {dagbag.py:536} INFO - Filling up the DagBag from /home/lohit/miniconda3/envs/airflow-env/lib/python3.8/site-packages/airflow/example_dags/example_bash_operator.py
[2025-06-01T18:31:55.088+0200] {processor.py:839} INFO - DAG(s) dict_keys(['example_bash_operator']) retrieved from /home/lohit/miniconda3/envs/airflow-env/lib/python3.8/site-packages/airflow/example_dags/example_bash_operator.py
[2025-06-01T18:31:55.104+0200] {logging_mixin.py:154} INFO - [2025-06-01T18:31:55.104+0200] {dag.py:2941} INFO - Sync 1 DAGs
[2025-06-01T18:31:55.116+0200] {logging_mixin.py:154} INFO - [2025-06-01T18:31:55.116+0200] {dag.py:3722} INFO - Setting next_dagrun for example_bash_operator to 2025-05-31T00:00:00+00:00, run_after=2025-06-01T00:00:00+00:00
[2025-06-01T18:31:55.132+0200] {processor.py:179} INFO - Processing /home/lohit/miniconda3/envs/airflow-env/lib/python3.8/site-packages/airflow/example_dags/example_bash_operator.py took 0.057 seconds
[2025-06-01T18:32:40.464+0200] {processor.py:157} INFO - Started process (PID=30714) to work on /home/lohit/miniconda3/envs/airflow-env/lib/python3.8/site-packages/airflow/example_dags/example_bash_operator.py
[2025-06-01T18:32:40.468+0200] {processor.py:829} INFO - Processing file /home/lohit/miniconda3/envs/airflow-env/lib/python3.8/site-packages/airflow/example_dags/example_bash_operator.py for tasks to queue
[2025-06-01T18:32:40.469+0200] {logging_mixin.py:154} INFO - [2025-06-01T18:32:40.468+0200] {dagbag.py:536} INFO - Filling up the DagBag from /home/lohit/miniconda3/envs/airflow-env/lib/python3.8/site-packages/airflow/example_dags/example_bash_operator.py
[2025-06-01T18:32:40.477+0200] {processor.py:839} INFO - DAG(s) dict_keys(['example_bash_operator']) retrieved from /home/lohit/miniconda3/envs/airflow-env/lib/python3.8/site-packages/airflow/example_dags/example_bash_operator.py
[2025-06-01T18:32:40.490+0200] {logging_mixin.py:154} INFO - [2025-06-01T18:32:40.490+0200] {dag.py:2941} INFO - Sync 1 DAGs
[2025-06-01T18:32:40.502+0200] {logging_mixin.py:154} INFO - [2025-06-01T18:32:40.502+0200] {dag.py:3722} INFO - Setting next_dagrun for example_bash_operator to 2025-05-31T00:00:00+00:00, run_after=2025-06-01T00:00:00+00:00
[2025-06-01T18:32:40.518+0200] {processor.py:179} INFO - Processing /home/lohit/miniconda3/envs/airflow-env/lib/python3.8/site-packages/airflow/example_dags/example_bash_operator.py took 0.055 seconds
[2025-06-01T18:33:24.624+0200] {processor.py:157} INFO - Started process (PID=30782) to work on /home/lohit/miniconda3/envs/airflow-env/lib/python3.8/site-packages/airflow/example_dags/example_bash_operator.py
[2025-06-01T18:33:24.628+0200] {processor.py:829} INFO - Processing file /home/lohit/miniconda3/envs/airflow-env/lib/python3.8/site-packages/airflow/example_dags/example_bash_operator.py for tasks to queue
[2025-06-01T18:33:24.628+0200] {logging_mixin.py:154} INFO - [2025-06-01T18:33:24.628+0200] {dagbag.py:536} INFO - Filling up the DagBag from /home/lohit/miniconda3/envs/airflow-env/lib/python3.8/site-packages/airflow/example_dags/example_bash_operator.py
[2025-06-01T18:33:24.635+0200] {processor.py:839} INFO - DAG(s) dict_keys(['example_bash_operator']) retrieved from /home/lohit/miniconda3/envs/airflow-env/lib/python3.8/site-packages/airflow/example_dags/example_bash_operator.py
[2025-06-01T18:33:24.648+0200] {logging_mixin.py:154} INFO - [2025-06-01T18:33:24.648+0200] {dag.py:2941} INFO - Sync 1 DAGs
[2025-06-01T18:33:24.661+0200] {logging_mixin.py:154} INFO - [2025-06-01T18:33:24.661+0200] {dag.py:3722} INFO - Setting next_dagrun for example_bash_operator to 2025-05-31T00:00:00+00:00, run_after=2025-06-01T00:00:00+00:00
[2025-06-01T18:33:24.680+0200] {processor.py:179} INFO - Processing /home/lohit/miniconda3/envs/airflow-env/lib/python3.8/site-packages/airflow/example_dags/example_bash_operator.py took 0.058 seconds
[2025-06-01T18:34:16.985+0200] {processor.py:157} INFO - Started process (PID=30855) to work on /home/lohit/miniconda3/envs/airflow-env/lib/python3.8/site-packages/airflow/example_dags/example_bash_operator.py
[2025-06-01T18:34:16.988+0200] {processor.py:829} INFO - Processing file /home/lohit/miniconda3/envs/airflow-env/lib/python3.8/site-packages/airflow/example_dags/example_bash_operator.py for tasks to queue
[2025-06-01T18:34:16.989+0200] {logging_mixin.py:154} INFO - [2025-06-01T18:34:16.989+0200] {dagbag.py:536} INFO - Filling up the DagBag from /home/lohit/miniconda3/envs/airflow-env/lib/python3.8/site-packages/airflow/example_dags/example_bash_operator.py
[2025-06-01T18:34:16.997+0200] {processor.py:839} INFO - DAG(s) dict_keys(['example_bash_operator']) retrieved from /home/lohit/miniconda3/envs/airflow-env/lib/python3.8/site-packages/airflow/example_dags/example_bash_operator.py
[2025-06-01T18:34:17.013+0200] {logging_mixin.py:154} INFO - [2025-06-01T18:34:17.012+0200] {dag.py:2941} INFO - Sync 1 DAGs
[2025-06-01T18:34:17.025+0200] {logging_mixin.py:154} INFO - [2025-06-01T18:34:17.024+0200] {dag.py:3722} INFO - Setting next_dagrun for example_bash_operator to 2025-05-31T00:00:00+00:00, run_after=2025-06-01T00:00:00+00:00
[2025-06-01T18:34:17.041+0200] {processor.py:179} INFO - Processing /home/lohit/miniconda3/envs/airflow-env/lib/python3.8/site-packages/airflow/example_dags/example_bash_operator.py took 0.059 seconds
[2025-06-01T18:35:02.098+0200] {processor.py:157} INFO - Started process (PID=31640) to work on /home/lohit/miniconda3/envs/airflow-env/lib/python3.8/site-packages/airflow/example_dags/example_bash_operator.py
[2025-06-01T18:35:02.101+0200] {processor.py:829} INFO - Processing file /home/lohit/miniconda3/envs/airflow-env/lib/python3.8/site-packages/airflow/example_dags/example_bash_operator.py for tasks to queue
[2025-06-01T18:35:02.102+0200] {logging_mixin.py:154} INFO - [2025-06-01T18:35:02.102+0200] {dagbag.py:536} INFO - Filling up the DagBag from /home/lohit/miniconda3/envs/airflow-env/lib/python3.8/site-packages/airflow/example_dags/example_bash_operator.py
[2025-06-01T18:35:02.109+0200] {processor.py:839} INFO - DAG(s) dict_keys(['example_bash_operator']) retrieved from /home/lohit/miniconda3/envs/airflow-env/lib/python3.8/site-packages/airflow/example_dags/example_bash_operator.py
[2025-06-01T18:35:02.126+0200] {logging_mixin.py:154} INFO - [2025-06-01T18:35:02.126+0200] {dag.py:2941} INFO - Sync 1 DAGs
[2025-06-01T18:35:02.139+0200] {logging_mixin.py:154} INFO - [2025-06-01T18:35:02.139+0200] {dag.py:3722} INFO - Setting next_dagrun for example_bash_operator to 2025-05-31T00:00:00+00:00, run_after=2025-06-01T00:00:00+00:00
[2025-06-01T18:35:02.156+0200] {processor.py:179} INFO - Processing /home/lohit/miniconda3/envs/airflow-env/lib/python3.8/site-packages/airflow/example_dags/example_bash_operator.py took 0.060 seconds
