[2025-06-01T17:51:57.694+0200] {processor.py:157} INFO - Started process (PID=26831) to work on /home/lohit/miniconda3/envs/airflow-env/lib/python3.8/site-packages/airflow/example_dags/example_skip_dag.py
[2025-06-01T17:51:57.695+0200] {processor.py:829} INFO - Processing file /home/lohit/miniconda3/envs/airflow-env/lib/python3.8/site-packages/airflow/example_dags/example_skip_dag.py for tasks to queue
[2025-06-01T17:51:57.695+0200] {logging_mixin.py:154} INFO - [2025-06-01T17:51:57.695+0200] {dagbag.py:536} INFO - Filling up the DagBag from /home/lohit/miniconda3/envs/airflow-env/lib/python3.8/site-packages/airflow/example_dags/example_skip_dag.py
[2025-06-01T17:51:57.702+0200] {processor.py:839} INFO - DAG(s) dict_keys(['example_skip_dag']) retrieved from /home/lohit/miniconda3/envs/airflow-env/lib/python3.8/site-packages/airflow/example_dags/example_skip_dag.py
[2025-06-01T17:51:57.716+0200] {logging_mixin.py:154} INFO - [2025-06-01T17:51:57.716+0200] {dag.py:2941} INFO - Sync 1 DAGs
[2025-06-01T17:51:57.727+0200] {logging_mixin.py:154} INFO - [2025-06-01T17:51:57.727+0200] {dag.py:3722} INFO - Setting next_dagrun for example_skip_dag to 2025-05-31T15:51:57.726984+00:00, run_after=2025-06-01T15:51:57.726984+00:00
[2025-06-01T17:51:57.743+0200] {processor.py:179} INFO - Processing /home/lohit/miniconda3/envs/airflow-env/lib/python3.8/site-packages/airflow/example_dags/example_skip_dag.py took 0.051 seconds
[2025-06-01T17:53:23.889+0200] {processor.py:157} INFO - Started process (PID=27120) to work on /home/lohit/miniconda3/envs/airflow-env/lib/python3.8/site-packages/airflow/example_dags/example_skip_dag.py
[2025-06-01T17:53:23.890+0200] {processor.py:829} INFO - Processing file /home/lohit/miniconda3/envs/airflow-env/lib/python3.8/site-packages/airflow/example_dags/example_skip_dag.py for tasks to queue
[2025-06-01T17:53:23.891+0200] {logging_mixin.py:154} INFO - [2025-06-01T17:53:23.891+0200] {dagbag.py:536} INFO - Filling up the DagBag from /home/lohit/miniconda3/envs/airflow-env/lib/python3.8/site-packages/airflow/example_dags/example_skip_dag.py
[2025-06-01T17:53:23.895+0200] {processor.py:839} INFO - DAG(s) dict_keys(['example_skip_dag']) retrieved from /home/lohit/miniconda3/envs/airflow-env/lib/python3.8/site-packages/airflow/example_dags/example_skip_dag.py
[2025-06-01T17:53:23.905+0200] {logging_mixin.py:154} INFO - [2025-06-01T17:53:23.905+0200] {dag.py:2941} INFO - Sync 1 DAGs
[2025-06-01T17:53:23.915+0200] {logging_mixin.py:154} INFO - [2025-06-01T17:53:23.915+0200] {dag.py:3722} INFO - Setting next_dagrun for example_skip_dag to 2025-05-31T15:53:23.915400+00:00, run_after=2025-06-01T15:53:23.915400+00:00
[2025-06-01T17:53:23.930+0200] {processor.py:179} INFO - Processing /home/lohit/miniconda3/envs/airflow-env/lib/python3.8/site-packages/airflow/example_dags/example_skip_dag.py took 0.043 seconds
[2025-06-01T17:54:09.098+0200] {processor.py:157} INFO - Started process (PID=27188) to work on /home/lohit/miniconda3/envs/airflow-env/lib/python3.8/site-packages/airflow/example_dags/example_skip_dag.py
[2025-06-01T17:54:09.101+0200] {processor.py:829} INFO - Processing file /home/lohit/miniconda3/envs/airflow-env/lib/python3.8/site-packages/airflow/example_dags/example_skip_dag.py for tasks to queue
[2025-06-01T17:54:09.102+0200] {logging_mixin.py:154} INFO - [2025-06-01T17:54:09.102+0200] {dagbag.py:536} INFO - Filling up the DagBag from /home/lohit/miniconda3/envs/airflow-env/lib/python3.8/site-packages/airflow/example_dags/example_skip_dag.py
[2025-06-01T17:54:09.106+0200] {processor.py:839} INFO - DAG(s) dict_keys(['example_skip_dag']) retrieved from /home/lohit/miniconda3/envs/airflow-env/lib/python3.8/site-packages/airflow/example_dags/example_skip_dag.py
[2025-06-01T17:54:09.116+0200] {logging_mixin.py:154} INFO - [2025-06-01T17:54:09.116+0200] {dag.py:2941} INFO - Sync 1 DAGs
[2025-06-01T17:54:09.126+0200] {logging_mixin.py:154} INFO - [2025-06-01T17:54:09.126+0200] {dag.py:3722} INFO - Setting next_dagrun for example_skip_dag to 2025-05-31T15:54:09.126012+00:00, run_after=2025-06-01T15:54:09.126012+00:00
[2025-06-01T17:54:09.143+0200] {processor.py:179} INFO - Processing /home/lohit/miniconda3/envs/airflow-env/lib/python3.8/site-packages/airflow/example_dags/example_skip_dag.py took 0.047 seconds
[2025-06-01T17:54:52.513+0200] {processor.py:157} INFO - Started process (PID=27254) to work on /home/lohit/miniconda3/envs/airflow-env/lib/python3.8/site-packages/airflow/example_dags/example_skip_dag.py
[2025-06-01T17:54:52.515+0200] {processor.py:829} INFO - Processing file /home/lohit/miniconda3/envs/airflow-env/lib/python3.8/site-packages/airflow/example_dags/example_skip_dag.py for tasks to queue
[2025-06-01T17:54:52.515+0200] {logging_mixin.py:154} INFO - [2025-06-01T17:54:52.515+0200] {dagbag.py:536} INFO - Filling up the DagBag from /home/lohit/miniconda3/envs/airflow-env/lib/python3.8/site-packages/airflow/example_dags/example_skip_dag.py
[2025-06-01T17:54:52.522+0200] {processor.py:839} INFO - DAG(s) dict_keys(['example_skip_dag']) retrieved from /home/lohit/miniconda3/envs/airflow-env/lib/python3.8/site-packages/airflow/example_dags/example_skip_dag.py
[2025-06-01T17:54:52.534+0200] {logging_mixin.py:154} INFO - [2025-06-01T17:54:52.534+0200] {dag.py:2941} INFO - Sync 1 DAGs
[2025-06-01T17:54:52.547+0200] {logging_mixin.py:154} INFO - [2025-06-01T17:54:52.547+0200] {dag.py:3722} INFO - Setting next_dagrun for example_skip_dag to 2025-05-31T15:54:52.547065+00:00, run_after=2025-06-01T15:54:52.547065+00:00
[2025-06-01T17:54:52.563+0200] {processor.py:179} INFO - Processing /home/lohit/miniconda3/envs/airflow-env/lib/python3.8/site-packages/airflow/example_dags/example_skip_dag.py took 0.052 seconds
[2025-06-01T17:55:41.565+0200] {processor.py:157} INFO - Started process (PID=27324) to work on /home/lohit/miniconda3/envs/airflow-env/lib/python3.8/site-packages/airflow/example_dags/example_skip_dag.py
[2025-06-01T17:55:41.566+0200] {processor.py:829} INFO - Processing file /home/lohit/miniconda3/envs/airflow-env/lib/python3.8/site-packages/airflow/example_dags/example_skip_dag.py for tasks to queue
[2025-06-01T17:55:41.566+0200] {logging_mixin.py:154} INFO - [2025-06-01T17:55:41.566+0200] {dagbag.py:536} INFO - Filling up the DagBag from /home/lohit/miniconda3/envs/airflow-env/lib/python3.8/site-packages/airflow/example_dags/example_skip_dag.py
[2025-06-01T17:55:41.571+0200] {processor.py:839} INFO - DAG(s) dict_keys(['example_skip_dag']) retrieved from /home/lohit/miniconda3/envs/airflow-env/lib/python3.8/site-packages/airflow/example_dags/example_skip_dag.py
[2025-06-01T17:55:41.580+0200] {logging_mixin.py:154} INFO - [2025-06-01T17:55:41.580+0200] {dag.py:2941} INFO - Sync 1 DAGs
[2025-06-01T17:55:41.590+0200] {logging_mixin.py:154} INFO - [2025-06-01T17:55:41.590+0200] {dag.py:3722} INFO - Setting next_dagrun for example_skip_dag to 2025-05-31T15:55:41.590175+00:00, run_after=2025-06-01T15:55:41.590175+00:00
[2025-06-01T17:55:41.605+0200] {processor.py:179} INFO - Processing /home/lohit/miniconda3/envs/airflow-env/lib/python3.8/site-packages/airflow/example_dags/example_skip_dag.py took 0.042 seconds
[2025-06-01T17:56:25.856+0200] {processor.py:157} INFO - Started process (PID=27394) to work on /home/lohit/miniconda3/envs/airflow-env/lib/python3.8/site-packages/airflow/example_dags/example_skip_dag.py
[2025-06-01T17:56:25.859+0200] {processor.py:829} INFO - Processing file /home/lohit/miniconda3/envs/airflow-env/lib/python3.8/site-packages/airflow/example_dags/example_skip_dag.py for tasks to queue
[2025-06-01T17:56:25.860+0200] {logging_mixin.py:154} INFO - [2025-06-01T17:56:25.860+0200] {dagbag.py:536} INFO - Filling up the DagBag from /home/lohit/miniconda3/envs/airflow-env/lib/python3.8/site-packages/airflow/example_dags/example_skip_dag.py
[2025-06-01T17:56:25.864+0200] {processor.py:839} INFO - DAG(s) dict_keys(['example_skip_dag']) retrieved from /home/lohit/miniconda3/envs/airflow-env/lib/python3.8/site-packages/airflow/example_dags/example_skip_dag.py
[2025-06-01T17:56:25.873+0200] {logging_mixin.py:154} INFO - [2025-06-01T17:56:25.873+0200] {dag.py:2941} INFO - Sync 1 DAGs
[2025-06-01T17:56:25.886+0200] {logging_mixin.py:154} INFO - [2025-06-01T17:56:25.885+0200] {dag.py:3722} INFO - Setting next_dagrun for example_skip_dag to 2025-05-31T15:56:25.885353+00:00, run_after=2025-06-01T15:56:25.885353+00:00
[2025-06-01T17:56:25.903+0200] {processor.py:179} INFO - Processing /home/lohit/miniconda3/envs/airflow-env/lib/python3.8/site-packages/airflow/example_dags/example_skip_dag.py took 0.048 seconds
[2025-06-01T17:57:02.589+0200] {processor.py:157} INFO - Started process (PID=27431) to work on /home/lohit/miniconda3/envs/airflow-env/lib/python3.8/site-packages/airflow/example_dags/example_skip_dag.py
[2025-06-01T17:57:02.593+0200] {processor.py:829} INFO - Processing file /home/lohit/miniconda3/envs/airflow-env/lib/python3.8/site-packages/airflow/example_dags/example_skip_dag.py for tasks to queue
[2025-06-01T17:57:02.594+0200] {logging_mixin.py:154} INFO - [2025-06-01T17:57:02.593+0200] {dagbag.py:536} INFO - Filling up the DagBag from /home/lohit/miniconda3/envs/airflow-env/lib/python3.8/site-packages/airflow/example_dags/example_skip_dag.py
[2025-06-01T17:57:02.599+0200] {processor.py:839} INFO - DAG(s) dict_keys(['example_skip_dag']) retrieved from /home/lohit/miniconda3/envs/airflow-env/lib/python3.8/site-packages/airflow/example_dags/example_skip_dag.py
[2025-06-01T17:57:02.611+0200] {logging_mixin.py:154} INFO - [2025-06-01T17:57:02.611+0200] {dag.py:2941} INFO - Sync 1 DAGs
[2025-06-01T17:57:02.622+0200] {logging_mixin.py:154} INFO - [2025-06-01T17:57:02.622+0200] {dag.py:3722} INFO - Setting next_dagrun for example_skip_dag to 2025-05-31T15:57:02.622347+00:00, run_after=2025-06-01T15:57:02.622347+00:00
[2025-06-01T17:57:02.637+0200] {processor.py:179} INFO - Processing /home/lohit/miniconda3/envs/airflow-env/lib/python3.8/site-packages/airflow/example_dags/example_skip_dag.py took 0.050 seconds
[2025-06-01T17:57:46.929+0200] {processor.py:157} INFO - Started process (PID=27499) to work on /home/lohit/miniconda3/envs/airflow-env/lib/python3.8/site-packages/airflow/example_dags/example_skip_dag.py
[2025-06-01T17:57:46.932+0200] {processor.py:829} INFO - Processing file /home/lohit/miniconda3/envs/airflow-env/lib/python3.8/site-packages/airflow/example_dags/example_skip_dag.py for tasks to queue
[2025-06-01T17:57:46.933+0200] {logging_mixin.py:154} INFO - [2025-06-01T17:57:46.933+0200] {dagbag.py:536} INFO - Filling up the DagBag from /home/lohit/miniconda3/envs/airflow-env/lib/python3.8/site-packages/airflow/example_dags/example_skip_dag.py
[2025-06-01T17:57:46.937+0200] {processor.py:839} INFO - DAG(s) dict_keys(['example_skip_dag']) retrieved from /home/lohit/miniconda3/envs/airflow-env/lib/python3.8/site-packages/airflow/example_dags/example_skip_dag.py
[2025-06-01T17:57:46.947+0200] {logging_mixin.py:154} INFO - [2025-06-01T17:57:46.947+0200] {dag.py:2941} INFO - Sync 1 DAGs
[2025-06-01T17:57:46.957+0200] {logging_mixin.py:154} INFO - [2025-06-01T17:57:46.957+0200] {dag.py:3722} INFO - Setting next_dagrun for example_skip_dag to 2025-05-31T15:57:46.957553+00:00, run_after=2025-06-01T15:57:46.957553+00:00
[2025-06-01T17:57:46.973+0200] {processor.py:179} INFO - Processing /home/lohit/miniconda3/envs/airflow-env/lib/python3.8/site-packages/airflow/example_dags/example_skip_dag.py took 0.046 seconds
[2025-06-01T17:58:34.845+0200] {processor.py:157} INFO - Started process (PID=27569) to work on /home/lohit/miniconda3/envs/airflow-env/lib/python3.8/site-packages/airflow/example_dags/example_skip_dag.py
[2025-06-01T17:58:34.848+0200] {processor.py:829} INFO - Processing file /home/lohit/miniconda3/envs/airflow-env/lib/python3.8/site-packages/airflow/example_dags/example_skip_dag.py for tasks to queue
[2025-06-01T17:58:34.849+0200] {logging_mixin.py:154} INFO - [2025-06-01T17:58:34.849+0200] {dagbag.py:536} INFO - Filling up the DagBag from /home/lohit/miniconda3/envs/airflow-env/lib/python3.8/site-packages/airflow/example_dags/example_skip_dag.py
[2025-06-01T17:58:34.853+0200] {processor.py:839} INFO - DAG(s) dict_keys(['example_skip_dag']) retrieved from /home/lohit/miniconda3/envs/airflow-env/lib/python3.8/site-packages/airflow/example_dags/example_skip_dag.py
[2025-06-01T17:58:34.865+0200] {logging_mixin.py:154} INFO - [2025-06-01T17:58:34.865+0200] {dag.py:2941} INFO - Sync 1 DAGs
[2025-06-01T17:58:34.876+0200] {logging_mixin.py:154} INFO - [2025-06-01T17:58:34.876+0200] {dag.py:3722} INFO - Setting next_dagrun for example_skip_dag to 2025-05-31T15:58:34.875868+00:00, run_after=2025-06-01T15:58:34.875868+00:00
[2025-06-01T17:58:34.892+0200] {processor.py:179} INFO - Processing /home/lohit/miniconda3/envs/airflow-env/lib/python3.8/site-packages/airflow/example_dags/example_skip_dag.py took 0.049 seconds
[2025-06-01T17:59:18.336+0200] {processor.py:157} INFO - Started process (PID=27637) to work on /home/lohit/miniconda3/envs/airflow-env/lib/python3.8/site-packages/airflow/example_dags/example_skip_dag.py
[2025-06-01T17:59:18.339+0200] {processor.py:829} INFO - Processing file /home/lohit/miniconda3/envs/airflow-env/lib/python3.8/site-packages/airflow/example_dags/example_skip_dag.py for tasks to queue
[2025-06-01T17:59:18.340+0200] {logging_mixin.py:154} INFO - [2025-06-01T17:59:18.339+0200] {dagbag.py:536} INFO - Filling up the DagBag from /home/lohit/miniconda3/envs/airflow-env/lib/python3.8/site-packages/airflow/example_dags/example_skip_dag.py
[2025-06-01T17:59:18.345+0200] {processor.py:839} INFO - DAG(s) dict_keys(['example_skip_dag']) retrieved from /home/lohit/miniconda3/envs/airflow-env/lib/python3.8/site-packages/airflow/example_dags/example_skip_dag.py
[2025-06-01T17:59:18.353+0200] {logging_mixin.py:154} INFO - [2025-06-01T17:59:18.353+0200] {dag.py:2941} INFO - Sync 1 DAGs
[2025-06-01T17:59:18.365+0200] {logging_mixin.py:154} INFO - [2025-06-01T17:59:18.365+0200] {dag.py:3722} INFO - Setting next_dagrun for example_skip_dag to 2025-05-31T15:59:18.365049+00:00, run_after=2025-06-01T15:59:18.365049+00:00
[2025-06-01T17:59:18.380+0200] {processor.py:179} INFO - Processing /home/lohit/miniconda3/envs/airflow-env/lib/python3.8/site-packages/airflow/example_dags/example_skip_dag.py took 0.046 seconds
[2025-06-01T18:00:03.459+0200] {processor.py:157} INFO - Started process (PID=27705) to work on /home/lohit/miniconda3/envs/airflow-env/lib/python3.8/site-packages/airflow/example_dags/example_skip_dag.py
[2025-06-01T18:00:03.463+0200] {processor.py:829} INFO - Processing file /home/lohit/miniconda3/envs/airflow-env/lib/python3.8/site-packages/airflow/example_dags/example_skip_dag.py for tasks to queue
[2025-06-01T18:00:03.463+0200] {logging_mixin.py:154} INFO - [2025-06-01T18:00:03.463+0200] {dagbag.py:536} INFO - Filling up the DagBag from /home/lohit/miniconda3/envs/airflow-env/lib/python3.8/site-packages/airflow/example_dags/example_skip_dag.py
[2025-06-01T18:00:03.468+0200] {processor.py:839} INFO - DAG(s) dict_keys(['example_skip_dag']) retrieved from /home/lohit/miniconda3/envs/airflow-env/lib/python3.8/site-packages/airflow/example_dags/example_skip_dag.py
[2025-06-01T18:00:03.477+0200] {logging_mixin.py:154} INFO - [2025-06-01T18:00:03.477+0200] {dag.py:2941} INFO - Sync 1 DAGs
[2025-06-01T18:00:03.487+0200] {logging_mixin.py:154} INFO - [2025-06-01T18:00:03.487+0200] {dag.py:3722} INFO - Setting next_dagrun for example_skip_dag to 2025-05-31T16:00:03.487321+00:00, run_after=2025-06-01T16:00:03.487321+00:00
[2025-06-01T18:00:03.503+0200] {processor.py:179} INFO - Processing /home/lohit/miniconda3/envs/airflow-env/lib/python3.8/site-packages/airflow/example_dags/example_skip_dag.py took 0.046 seconds
[2025-06-01T18:00:37.915+0200] {processor.py:157} INFO - Started process (PID=27761) to work on /home/lohit/miniconda3/envs/airflow-env/lib/python3.8/site-packages/airflow/example_dags/example_skip_dag.py
[2025-06-01T18:00:37.917+0200] {processor.py:829} INFO - Processing file /home/lohit/miniconda3/envs/airflow-env/lib/python3.8/site-packages/airflow/example_dags/example_skip_dag.py for tasks to queue
[2025-06-01T18:00:37.917+0200] {logging_mixin.py:154} INFO - [2025-06-01T18:00:37.917+0200] {dagbag.py:536} INFO - Filling up the DagBag from /home/lohit/miniconda3/envs/airflow-env/lib/python3.8/site-packages/airflow/example_dags/example_skip_dag.py
[2025-06-01T18:00:37.922+0200] {processor.py:839} INFO - DAG(s) dict_keys(['example_skip_dag']) retrieved from /home/lohit/miniconda3/envs/airflow-env/lib/python3.8/site-packages/airflow/example_dags/example_skip_dag.py
[2025-06-01T18:00:37.931+0200] {logging_mixin.py:154} INFO - [2025-06-01T18:00:37.931+0200] {dag.py:2941} INFO - Sync 1 DAGs
[2025-06-01T18:00:37.941+0200] {logging_mixin.py:154} INFO - [2025-06-01T18:00:37.941+0200] {dag.py:3722} INFO - Setting next_dagrun for example_skip_dag to 2025-05-31T16:00:37.941557+00:00, run_after=2025-06-01T16:00:37.941557+00:00
[2025-06-01T18:00:37.958+0200] {processor.py:179} INFO - Processing /home/lohit/miniconda3/envs/airflow-env/lib/python3.8/site-packages/airflow/example_dags/example_skip_dag.py took 0.044 seconds
[2025-06-01T18:01:22.806+0200] {processor.py:157} INFO - Started process (PID=27861) to work on /home/lohit/miniconda3/envs/airflow-env/lib/python3.8/site-packages/airflow/example_dags/example_skip_dag.py
[2025-06-01T18:01:22.810+0200] {processor.py:829} INFO - Processing file /home/lohit/miniconda3/envs/airflow-env/lib/python3.8/site-packages/airflow/example_dags/example_skip_dag.py for tasks to queue
[2025-06-01T18:01:22.810+0200] {logging_mixin.py:154} INFO - [2025-06-01T18:01:22.810+0200] {dagbag.py:536} INFO - Filling up the DagBag from /home/lohit/miniconda3/envs/airflow-env/lib/python3.8/site-packages/airflow/example_dags/example_skip_dag.py
[2025-06-01T18:01:22.815+0200] {processor.py:839} INFO - DAG(s) dict_keys(['example_skip_dag']) retrieved from /home/lohit/miniconda3/envs/airflow-env/lib/python3.8/site-packages/airflow/example_dags/example_skip_dag.py
[2025-06-01T18:01:22.824+0200] {logging_mixin.py:154} INFO - [2025-06-01T18:01:22.824+0200] {dag.py:2941} INFO - Sync 1 DAGs
[2025-06-01T18:01:22.834+0200] {logging_mixin.py:154} INFO - [2025-06-01T18:01:22.833+0200] {dag.py:3722} INFO - Setting next_dagrun for example_skip_dag to 2025-05-31T16:01:22.833735+00:00, run_after=2025-06-01T16:01:22.833735+00:00
[2025-06-01T18:01:22.848+0200] {processor.py:179} INFO - Processing /home/lohit/miniconda3/envs/airflow-env/lib/python3.8/site-packages/airflow/example_dags/example_skip_dag.py took 0.044 seconds
[2025-06-01T18:01:57.556+0200] {processor.py:157} INFO - Started process (PID=27919) to work on /home/lohit/miniconda3/envs/airflow-env/lib/python3.8/site-packages/airflow/example_dags/example_skip_dag.py
[2025-06-01T18:01:57.560+0200] {processor.py:829} INFO - Processing file /home/lohit/miniconda3/envs/airflow-env/lib/python3.8/site-packages/airflow/example_dags/example_skip_dag.py for tasks to queue
[2025-06-01T18:01:57.560+0200] {logging_mixin.py:154} INFO - [2025-06-01T18:01:57.560+0200] {dagbag.py:536} INFO - Filling up the DagBag from /home/lohit/miniconda3/envs/airflow-env/lib/python3.8/site-packages/airflow/example_dags/example_skip_dag.py
[2025-06-01T18:01:57.565+0200] {processor.py:839} INFO - DAG(s) dict_keys(['example_skip_dag']) retrieved from /home/lohit/miniconda3/envs/airflow-env/lib/python3.8/site-packages/airflow/example_dags/example_skip_dag.py
[2025-06-01T18:01:57.574+0200] {logging_mixin.py:154} INFO - [2025-06-01T18:01:57.574+0200] {dag.py:2941} INFO - Sync 1 DAGs
[2025-06-01T18:01:57.584+0200] {logging_mixin.py:154} INFO - [2025-06-01T18:01:57.584+0200] {dag.py:3722} INFO - Setting next_dagrun for example_skip_dag to 2025-05-31T16:01:57.583996+00:00, run_after=2025-06-01T16:01:57.583996+00:00
[2025-06-01T18:01:57.600+0200] {processor.py:179} INFO - Processing /home/lohit/miniconda3/envs/airflow-env/lib/python3.8/site-packages/airflow/example_dags/example_skip_dag.py took 0.045 seconds
[2025-06-01T18:02:39.615+0200] {processor.py:157} INFO - Started process (PID=27987) to work on /home/lohit/miniconda3/envs/airflow-env/lib/python3.8/site-packages/airflow/example_dags/example_skip_dag.py
[2025-06-01T18:02:39.617+0200] {processor.py:829} INFO - Processing file /home/lohit/miniconda3/envs/airflow-env/lib/python3.8/site-packages/airflow/example_dags/example_skip_dag.py for tasks to queue
[2025-06-01T18:02:39.617+0200] {logging_mixin.py:154} INFO - [2025-06-01T18:02:39.617+0200] {dagbag.py:536} INFO - Filling up the DagBag from /home/lohit/miniconda3/envs/airflow-env/lib/python3.8/site-packages/airflow/example_dags/example_skip_dag.py
[2025-06-01T18:02:39.623+0200] {processor.py:839} INFO - DAG(s) dict_keys(['example_skip_dag']) retrieved from /home/lohit/miniconda3/envs/airflow-env/lib/python3.8/site-packages/airflow/example_dags/example_skip_dag.py
[2025-06-01T18:02:39.634+0200] {logging_mixin.py:154} INFO - [2025-06-01T18:02:39.634+0200] {dag.py:2941} INFO - Sync 1 DAGs
[2025-06-01T18:02:39.646+0200] {logging_mixin.py:154} INFO - [2025-06-01T18:02:39.645+0200] {dag.py:3722} INFO - Setting next_dagrun for example_skip_dag to 2025-05-31T16:02:39.645764+00:00, run_after=2025-06-01T16:02:39.645764+00:00
[2025-06-01T18:02:39.663+0200] {processor.py:179} INFO - Processing /home/lohit/miniconda3/envs/airflow-env/lib/python3.8/site-packages/airflow/example_dags/example_skip_dag.py took 0.051 seconds
[2025-06-01T18:03:26.021+0200] {processor.py:157} INFO - Started process (PID=28064) to work on /home/lohit/miniconda3/envs/airflow-env/lib/python3.8/site-packages/airflow/example_dags/example_skip_dag.py
[2025-06-01T18:03:26.022+0200] {processor.py:829} INFO - Processing file /home/lohit/miniconda3/envs/airflow-env/lib/python3.8/site-packages/airflow/example_dags/example_skip_dag.py for tasks to queue
[2025-06-01T18:03:26.023+0200] {logging_mixin.py:154} INFO - [2025-06-01T18:03:26.022+0200] {dagbag.py:536} INFO - Filling up the DagBag from /home/lohit/miniconda3/envs/airflow-env/lib/python3.8/site-packages/airflow/example_dags/example_skip_dag.py
[2025-06-01T18:03:26.028+0200] {processor.py:839} INFO - DAG(s) dict_keys(['example_skip_dag']) retrieved from /home/lohit/miniconda3/envs/airflow-env/lib/python3.8/site-packages/airflow/example_dags/example_skip_dag.py
[2025-06-01T18:03:26.038+0200] {logging_mixin.py:154} INFO - [2025-06-01T18:03:26.038+0200] {dag.py:2941} INFO - Sync 1 DAGs
[2025-06-01T18:03:26.050+0200] {logging_mixin.py:154} INFO - [2025-06-01T18:03:26.050+0200] {dag.py:3722} INFO - Setting next_dagrun for example_skip_dag to 2025-05-31T16:03:26.050675+00:00, run_after=2025-06-01T16:03:26.050675+00:00
[2025-06-01T18:03:26.067+0200] {processor.py:179} INFO - Processing /home/lohit/miniconda3/envs/airflow-env/lib/python3.8/site-packages/airflow/example_dags/example_skip_dag.py took 0.048 seconds
[2025-06-01T18:04:01.635+0200] {processor.py:157} INFO - Started process (PID=28102) to work on /home/lohit/miniconda3/envs/airflow-env/lib/python3.8/site-packages/airflow/example_dags/example_skip_dag.py
[2025-06-01T18:04:01.638+0200] {processor.py:829} INFO - Processing file /home/lohit/miniconda3/envs/airflow-env/lib/python3.8/site-packages/airflow/example_dags/example_skip_dag.py for tasks to queue
[2025-06-01T18:04:01.639+0200] {logging_mixin.py:154} INFO - [2025-06-01T18:04:01.639+0200] {dagbag.py:536} INFO - Filling up the DagBag from /home/lohit/miniconda3/envs/airflow-env/lib/python3.8/site-packages/airflow/example_dags/example_skip_dag.py
[2025-06-01T18:04:01.644+0200] {processor.py:839} INFO - DAG(s) dict_keys(['example_skip_dag']) retrieved from /home/lohit/miniconda3/envs/airflow-env/lib/python3.8/site-packages/airflow/example_dags/example_skip_dag.py
[2025-06-01T18:04:01.655+0200] {logging_mixin.py:154} INFO - [2025-06-01T18:04:01.655+0200] {dag.py:2941} INFO - Sync 1 DAGs
[2025-06-01T18:04:01.667+0200] {logging_mixin.py:154} INFO - [2025-06-01T18:04:01.667+0200] {dag.py:3722} INFO - Setting next_dagrun for example_skip_dag to 2025-05-31T16:04:01.666832+00:00, run_after=2025-06-01T16:04:01.666832+00:00
[2025-06-01T18:04:01.684+0200] {processor.py:179} INFO - Processing /home/lohit/miniconda3/envs/airflow-env/lib/python3.8/site-packages/airflow/example_dags/example_skip_dag.py took 0.051 seconds
[2025-06-01T18:04:47.255+0200] {processor.py:157} INFO - Started process (PID=28176) to work on /home/lohit/miniconda3/envs/airflow-env/lib/python3.8/site-packages/airflow/example_dags/example_skip_dag.py
[2025-06-01T18:04:47.258+0200] {processor.py:829} INFO - Processing file /home/lohit/miniconda3/envs/airflow-env/lib/python3.8/site-packages/airflow/example_dags/example_skip_dag.py for tasks to queue
[2025-06-01T18:04:47.259+0200] {logging_mixin.py:154} INFO - [2025-06-01T18:04:47.259+0200] {dagbag.py:536} INFO - Filling up the DagBag from /home/lohit/miniconda3/envs/airflow-env/lib/python3.8/site-packages/airflow/example_dags/example_skip_dag.py
[2025-06-01T18:04:47.264+0200] {processor.py:839} INFO - DAG(s) dict_keys(['example_skip_dag']) retrieved from /home/lohit/miniconda3/envs/airflow-env/lib/python3.8/site-packages/airflow/example_dags/example_skip_dag.py
[2025-06-01T18:04:47.276+0200] {logging_mixin.py:154} INFO - [2025-06-01T18:04:47.276+0200] {dag.py:2941} INFO - Sync 1 DAGs
[2025-06-01T18:04:47.290+0200] {logging_mixin.py:154} INFO - [2025-06-01T18:04:47.290+0200] {dag.py:3722} INFO - Setting next_dagrun for example_skip_dag to 2025-05-31T16:04:47.290122+00:00, run_after=2025-06-01T16:04:47.290122+00:00
[2025-06-01T18:04:47.311+0200] {processor.py:179} INFO - Processing /home/lohit/miniconda3/envs/airflow-env/lib/python3.8/site-packages/airflow/example_dags/example_skip_dag.py took 0.058 seconds
[2025-06-01T18:05:36.471+0200] {processor.py:157} INFO - Started process (PID=28255) to work on /home/lohit/miniconda3/envs/airflow-env/lib/python3.8/site-packages/airflow/example_dags/example_skip_dag.py
[2025-06-01T18:05:36.474+0200] {processor.py:829} INFO - Processing file /home/lohit/miniconda3/envs/airflow-env/lib/python3.8/site-packages/airflow/example_dags/example_skip_dag.py for tasks to queue
[2025-06-01T18:05:36.475+0200] {logging_mixin.py:154} INFO - [2025-06-01T18:05:36.475+0200] {dagbag.py:536} INFO - Filling up the DagBag from /home/lohit/miniconda3/envs/airflow-env/lib/python3.8/site-packages/airflow/example_dags/example_skip_dag.py
[2025-06-01T18:05:36.479+0200] {processor.py:839} INFO - DAG(s) dict_keys(['example_skip_dag']) retrieved from /home/lohit/miniconda3/envs/airflow-env/lib/python3.8/site-packages/airflow/example_dags/example_skip_dag.py
[2025-06-01T18:05:36.488+0200] {logging_mixin.py:154} INFO - [2025-06-01T18:05:36.488+0200] {dag.py:2941} INFO - Sync 1 DAGs
[2025-06-01T18:05:36.502+0200] {logging_mixin.py:154} INFO - [2025-06-01T18:05:36.502+0200] {dag.py:3722} INFO - Setting next_dagrun for example_skip_dag to 2025-05-31T16:05:36.502402+00:00, run_after=2025-06-01T16:05:36.502402+00:00
[2025-06-01T18:05:36.519+0200] {processor.py:179} INFO - Processing /home/lohit/miniconda3/envs/airflow-env/lib/python3.8/site-packages/airflow/example_dags/example_skip_dag.py took 0.050 seconds
[2025-06-01T18:06:12.056+0200] {processor.py:157} INFO - Started process (PID=28316) to work on /home/lohit/miniconda3/envs/airflow-env/lib/python3.8/site-packages/airflow/example_dags/example_skip_dag.py
[2025-06-01T18:06:12.058+0200] {processor.py:829} INFO - Processing file /home/lohit/miniconda3/envs/airflow-env/lib/python3.8/site-packages/airflow/example_dags/example_skip_dag.py for tasks to queue
[2025-06-01T18:06:12.059+0200] {logging_mixin.py:154} INFO - [2025-06-01T18:06:12.059+0200] {dagbag.py:536} INFO - Filling up the DagBag from /home/lohit/miniconda3/envs/airflow-env/lib/python3.8/site-packages/airflow/example_dags/example_skip_dag.py
[2025-06-01T18:06:12.065+0200] {processor.py:839} INFO - DAG(s) dict_keys(['example_skip_dag']) retrieved from /home/lohit/miniconda3/envs/airflow-env/lib/python3.8/site-packages/airflow/example_dags/example_skip_dag.py
[2025-06-01T18:06:12.076+0200] {logging_mixin.py:154} INFO - [2025-06-01T18:06:12.076+0200] {dag.py:2941} INFO - Sync 1 DAGs
[2025-06-01T18:06:12.089+0200] {logging_mixin.py:154} INFO - [2025-06-01T18:06:12.089+0200] {dag.py:3722} INFO - Setting next_dagrun for example_skip_dag to 2025-05-31T16:06:12.089061+00:00, run_after=2025-06-01T16:06:12.089061+00:00
[2025-06-01T18:06:12.107+0200] {processor.py:179} INFO - Processing /home/lohit/miniconda3/envs/airflow-env/lib/python3.8/site-packages/airflow/example_dags/example_skip_dag.py took 0.052 seconds
[2025-06-01T18:06:55.632+0200] {processor.py:157} INFO - Started process (PID=28384) to work on /home/lohit/miniconda3/envs/airflow-env/lib/python3.8/site-packages/airflow/example_dags/example_skip_dag.py
[2025-06-01T18:06:55.636+0200] {processor.py:829} INFO - Processing file /home/lohit/miniconda3/envs/airflow-env/lib/python3.8/site-packages/airflow/example_dags/example_skip_dag.py for tasks to queue
[2025-06-01T18:06:55.637+0200] {logging_mixin.py:154} INFO - [2025-06-01T18:06:55.637+0200] {dagbag.py:536} INFO - Filling up the DagBag from /home/lohit/miniconda3/envs/airflow-env/lib/python3.8/site-packages/airflow/example_dags/example_skip_dag.py
[2025-06-01T18:06:55.644+0200] {processor.py:839} INFO - DAG(s) dict_keys(['example_skip_dag']) retrieved from /home/lohit/miniconda3/envs/airflow-env/lib/python3.8/site-packages/airflow/example_dags/example_skip_dag.py
[2025-06-01T18:06:55.654+0200] {logging_mixin.py:154} INFO - [2025-06-01T18:06:55.654+0200] {dag.py:2941} INFO - Sync 1 DAGs
[2025-06-01T18:06:55.666+0200] {logging_mixin.py:154} INFO - [2025-06-01T18:06:55.666+0200] {dag.py:3722} INFO - Setting next_dagrun for example_skip_dag to 2025-05-31T16:06:55.666135+00:00, run_after=2025-06-01T16:06:55.666135+00:00
[2025-06-01T18:06:55.683+0200] {processor.py:179} INFO - Processing /home/lohit/miniconda3/envs/airflow-env/lib/python3.8/site-packages/airflow/example_dags/example_skip_dag.py took 0.052 seconds
[2025-06-01T18:07:43.202+0200] {processor.py:157} INFO - Started process (PID=28454) to work on /home/lohit/miniconda3/envs/airflow-env/lib/python3.8/site-packages/airflow/example_dags/example_skip_dag.py
[2025-06-01T18:07:43.205+0200] {processor.py:829} INFO - Processing file /home/lohit/miniconda3/envs/airflow-env/lib/python3.8/site-packages/airflow/example_dags/example_skip_dag.py for tasks to queue
[2025-06-01T18:07:43.206+0200] {logging_mixin.py:154} INFO - [2025-06-01T18:07:43.206+0200] {dagbag.py:536} INFO - Filling up the DagBag from /home/lohit/miniconda3/envs/airflow-env/lib/python3.8/site-packages/airflow/example_dags/example_skip_dag.py
[2025-06-01T18:07:43.211+0200] {processor.py:839} INFO - DAG(s) dict_keys(['example_skip_dag']) retrieved from /home/lohit/miniconda3/envs/airflow-env/lib/python3.8/site-packages/airflow/example_dags/example_skip_dag.py
[2025-06-01T18:07:43.220+0200] {logging_mixin.py:154} INFO - [2025-06-01T18:07:43.220+0200] {dag.py:2941} INFO - Sync 1 DAGs
[2025-06-01T18:07:43.230+0200] {logging_mixin.py:154} INFO - [2025-06-01T18:07:43.230+0200] {dag.py:3722} INFO - Setting next_dagrun for example_skip_dag to 2025-05-31T16:07:43.230261+00:00, run_after=2025-06-01T16:07:43.230261+00:00
[2025-06-01T18:07:43.246+0200] {processor.py:179} INFO - Processing /home/lohit/miniconda3/envs/airflow-env/lib/python3.8/site-packages/airflow/example_dags/example_skip_dag.py took 0.046 seconds
[2025-06-01T18:08:29.919+0200] {processor.py:157} INFO - Started process (PID=28528) to work on /home/lohit/miniconda3/envs/airflow-env/lib/python3.8/site-packages/airflow/example_dags/example_skip_dag.py
[2025-06-01T18:08:29.922+0200] {processor.py:829} INFO - Processing file /home/lohit/miniconda3/envs/airflow-env/lib/python3.8/site-packages/airflow/example_dags/example_skip_dag.py for tasks to queue
[2025-06-01T18:08:29.923+0200] {logging_mixin.py:154} INFO - [2025-06-01T18:08:29.923+0200] {dagbag.py:536} INFO - Filling up the DagBag from /home/lohit/miniconda3/envs/airflow-env/lib/python3.8/site-packages/airflow/example_dags/example_skip_dag.py
[2025-06-01T18:08:29.928+0200] {processor.py:839} INFO - DAG(s) dict_keys(['example_skip_dag']) retrieved from /home/lohit/miniconda3/envs/airflow-env/lib/python3.8/site-packages/airflow/example_dags/example_skip_dag.py
[2025-06-01T18:08:29.938+0200] {logging_mixin.py:154} INFO - [2025-06-01T18:08:29.938+0200] {dag.py:2941} INFO - Sync 1 DAGs
[2025-06-01T18:08:29.949+0200] {logging_mixin.py:154} INFO - [2025-06-01T18:08:29.949+0200] {dag.py:3722} INFO - Setting next_dagrun for example_skip_dag to 2025-05-31T16:08:29.949631+00:00, run_after=2025-06-01T16:08:29.949631+00:00
[2025-06-01T18:08:29.967+0200] {processor.py:179} INFO - Processing /home/lohit/miniconda3/envs/airflow-env/lib/python3.8/site-packages/airflow/example_dags/example_skip_dag.py took 0.050 seconds
[2025-06-01T18:09:17.003+0200] {processor.py:157} INFO - Started process (PID=28598) to work on /home/lohit/miniconda3/envs/airflow-env/lib/python3.8/site-packages/airflow/example_dags/example_skip_dag.py
[2025-06-01T18:09:17.004+0200] {processor.py:829} INFO - Processing file /home/lohit/miniconda3/envs/airflow-env/lib/python3.8/site-packages/airflow/example_dags/example_skip_dag.py for tasks to queue
[2025-06-01T18:09:17.005+0200] {logging_mixin.py:154} INFO - [2025-06-01T18:09:17.004+0200] {dagbag.py:536} INFO - Filling up the DagBag from /home/lohit/miniconda3/envs/airflow-env/lib/python3.8/site-packages/airflow/example_dags/example_skip_dag.py
[2025-06-01T18:09:17.009+0200] {processor.py:839} INFO - DAG(s) dict_keys(['example_skip_dag']) retrieved from /home/lohit/miniconda3/envs/airflow-env/lib/python3.8/site-packages/airflow/example_dags/example_skip_dag.py
[2025-06-01T18:09:17.019+0200] {logging_mixin.py:154} INFO - [2025-06-01T18:09:17.019+0200] {dag.py:2941} INFO - Sync 1 DAGs
[2025-06-01T18:09:17.029+0200] {logging_mixin.py:154} INFO - [2025-06-01T18:09:17.029+0200] {dag.py:3722} INFO - Setting next_dagrun for example_skip_dag to 2025-05-31T16:09:17.029305+00:00, run_after=2025-06-01T16:09:17.029305+00:00
[2025-06-01T18:09:17.044+0200] {processor.py:179} INFO - Processing /home/lohit/miniconda3/envs/airflow-env/lib/python3.8/site-packages/airflow/example_dags/example_skip_dag.py took 0.044 seconds
[2025-06-01T18:10:04.236+0200] {processor.py:157} INFO - Started process (PID=28679) to work on /home/lohit/miniconda3/envs/airflow-env/lib/python3.8/site-packages/airflow/example_dags/example_skip_dag.py
[2025-06-01T18:10:04.240+0200] {processor.py:829} INFO - Processing file /home/lohit/miniconda3/envs/airflow-env/lib/python3.8/site-packages/airflow/example_dags/example_skip_dag.py for tasks to queue
[2025-06-01T18:10:04.240+0200] {logging_mixin.py:154} INFO - [2025-06-01T18:10:04.240+0200] {dagbag.py:536} INFO - Filling up the DagBag from /home/lohit/miniconda3/envs/airflow-env/lib/python3.8/site-packages/airflow/example_dags/example_skip_dag.py
[2025-06-01T18:10:04.245+0200] {processor.py:839} INFO - DAG(s) dict_keys(['example_skip_dag']) retrieved from /home/lohit/miniconda3/envs/airflow-env/lib/python3.8/site-packages/airflow/example_dags/example_skip_dag.py
[2025-06-01T18:10:04.257+0200] {logging_mixin.py:154} INFO - [2025-06-01T18:10:04.256+0200] {dag.py:2941} INFO - Sync 1 DAGs
[2025-06-01T18:10:04.267+0200] {logging_mixin.py:154} INFO - [2025-06-01T18:10:04.267+0200] {dag.py:3722} INFO - Setting next_dagrun for example_skip_dag to 2025-05-31T16:10:04.267215+00:00, run_after=2025-06-01T16:10:04.267215+00:00
[2025-06-01T18:10:04.283+0200] {processor.py:179} INFO - Processing /home/lohit/miniconda3/envs/airflow-env/lib/python3.8/site-packages/airflow/example_dags/example_skip_dag.py took 0.048 seconds
[2025-06-01T18:10:52.106+0200] {processor.py:157} INFO - Started process (PID=28751) to work on /home/lohit/miniconda3/envs/airflow-env/lib/python3.8/site-packages/airflow/example_dags/example_skip_dag.py
[2025-06-01T18:10:52.109+0200] {processor.py:829} INFO - Processing file /home/lohit/miniconda3/envs/airflow-env/lib/python3.8/site-packages/airflow/example_dags/example_skip_dag.py for tasks to queue
[2025-06-01T18:10:52.110+0200] {logging_mixin.py:154} INFO - [2025-06-01T18:10:52.110+0200] {dagbag.py:536} INFO - Filling up the DagBag from /home/lohit/miniconda3/envs/airflow-env/lib/python3.8/site-packages/airflow/example_dags/example_skip_dag.py
[2025-06-01T18:10:52.115+0200] {processor.py:839} INFO - DAG(s) dict_keys(['example_skip_dag']) retrieved from /home/lohit/miniconda3/envs/airflow-env/lib/python3.8/site-packages/airflow/example_dags/example_skip_dag.py
[2025-06-01T18:10:52.125+0200] {logging_mixin.py:154} INFO - [2025-06-01T18:10:52.125+0200] {dag.py:2941} INFO - Sync 1 DAGs
[2025-06-01T18:10:52.136+0200] {logging_mixin.py:154} INFO - [2025-06-01T18:10:52.136+0200] {dag.py:3722} INFO - Setting next_dagrun for example_skip_dag to 2025-05-31T16:10:52.136003+00:00, run_after=2025-06-01T16:10:52.136003+00:00
[2025-06-01T18:10:52.153+0200] {processor.py:179} INFO - Processing /home/lohit/miniconda3/envs/airflow-env/lib/python3.8/site-packages/airflow/example_dags/example_skip_dag.py took 0.049 seconds
[2025-06-01T18:11:40.678+0200] {processor.py:157} INFO - Started process (PID=28822) to work on /home/lohit/miniconda3/envs/airflow-env/lib/python3.8/site-packages/airflow/example_dags/example_skip_dag.py
[2025-06-01T18:11:40.682+0200] {processor.py:829} INFO - Processing file /home/lohit/miniconda3/envs/airflow-env/lib/python3.8/site-packages/airflow/example_dags/example_skip_dag.py for tasks to queue
[2025-06-01T18:11:40.682+0200] {logging_mixin.py:154} INFO - [2025-06-01T18:11:40.682+0200] {dagbag.py:536} INFO - Filling up the DagBag from /home/lohit/miniconda3/envs/airflow-env/lib/python3.8/site-packages/airflow/example_dags/example_skip_dag.py
[2025-06-01T18:11:40.687+0200] {processor.py:839} INFO - DAG(s) dict_keys(['example_skip_dag']) retrieved from /home/lohit/miniconda3/envs/airflow-env/lib/python3.8/site-packages/airflow/example_dags/example_skip_dag.py
[2025-06-01T18:11:40.700+0200] {logging_mixin.py:154} INFO - [2025-06-01T18:11:40.700+0200] {dag.py:2941} INFO - Sync 1 DAGs
[2025-06-01T18:11:40.712+0200] {logging_mixin.py:154} INFO - [2025-06-01T18:11:40.712+0200] {dag.py:3722} INFO - Setting next_dagrun for example_skip_dag to 2025-05-31T16:11:40.712100+00:00, run_after=2025-06-01T16:11:40.712100+00:00
[2025-06-01T18:11:40.729+0200] {processor.py:179} INFO - Processing /home/lohit/miniconda3/envs/airflow-env/lib/python3.8/site-packages/airflow/example_dags/example_skip_dag.py took 0.053 seconds
[2025-06-01T18:12:16.760+0200] {processor.py:157} INFO - Started process (PID=28884) to work on /home/lohit/miniconda3/envs/airflow-env/lib/python3.8/site-packages/airflow/example_dags/example_skip_dag.py
[2025-06-01T18:12:16.764+0200] {processor.py:829} INFO - Processing file /home/lohit/miniconda3/envs/airflow-env/lib/python3.8/site-packages/airflow/example_dags/example_skip_dag.py for tasks to queue
[2025-06-01T18:12:16.765+0200] {logging_mixin.py:154} INFO - [2025-06-01T18:12:16.764+0200] {dagbag.py:536} INFO - Filling up the DagBag from /home/lohit/miniconda3/envs/airflow-env/lib/python3.8/site-packages/airflow/example_dags/example_skip_dag.py
[2025-06-01T18:12:16.769+0200] {processor.py:839} INFO - DAG(s) dict_keys(['example_skip_dag']) retrieved from /home/lohit/miniconda3/envs/airflow-env/lib/python3.8/site-packages/airflow/example_dags/example_skip_dag.py
[2025-06-01T18:12:16.778+0200] {logging_mixin.py:154} INFO - [2025-06-01T18:12:16.778+0200] {dag.py:2941} INFO - Sync 1 DAGs
[2025-06-01T18:12:16.789+0200] {logging_mixin.py:154} INFO - [2025-06-01T18:12:16.789+0200] {dag.py:3722} INFO - Setting next_dagrun for example_skip_dag to 2025-05-31T16:12:16.788910+00:00, run_after=2025-06-01T16:12:16.788910+00:00
[2025-06-01T18:12:16.805+0200] {processor.py:179} INFO - Processing /home/lohit/miniconda3/envs/airflow-env/lib/python3.8/site-packages/airflow/example_dags/example_skip_dag.py took 0.047 seconds
[2025-06-01T18:13:05.465+0200] {processor.py:157} INFO - Started process (PID=28958) to work on /home/lohit/miniconda3/envs/airflow-env/lib/python3.8/site-packages/airflow/example_dags/example_skip_dag.py
[2025-06-01T18:13:05.469+0200] {processor.py:829} INFO - Processing file /home/lohit/miniconda3/envs/airflow-env/lib/python3.8/site-packages/airflow/example_dags/example_skip_dag.py for tasks to queue
[2025-06-01T18:13:05.469+0200] {logging_mixin.py:154} INFO - [2025-06-01T18:13:05.469+0200] {dagbag.py:536} INFO - Filling up the DagBag from /home/lohit/miniconda3/envs/airflow-env/lib/python3.8/site-packages/airflow/example_dags/example_skip_dag.py
[2025-06-01T18:13:05.474+0200] {processor.py:839} INFO - DAG(s) dict_keys(['example_skip_dag']) retrieved from /home/lohit/miniconda3/envs/airflow-env/lib/python3.8/site-packages/airflow/example_dags/example_skip_dag.py
[2025-06-01T18:13:05.486+0200] {logging_mixin.py:154} INFO - [2025-06-01T18:13:05.486+0200] {dag.py:2941} INFO - Sync 1 DAGs
[2025-06-01T18:13:05.498+0200] {logging_mixin.py:154} INFO - [2025-06-01T18:13:05.497+0200] {dag.py:3722} INFO - Setting next_dagrun for example_skip_dag to 2025-05-31T16:13:05.497744+00:00, run_after=2025-06-01T16:13:05.497744+00:00
[2025-06-01T18:13:05.514+0200] {processor.py:179} INFO - Processing /home/lohit/miniconda3/envs/airflow-env/lib/python3.8/site-packages/airflow/example_dags/example_skip_dag.py took 0.051 seconds
[2025-06-01T18:13:49.741+0200] {processor.py:157} INFO - Started process (PID=29027) to work on /home/lohit/miniconda3/envs/airflow-env/lib/python3.8/site-packages/airflow/example_dags/example_skip_dag.py
[2025-06-01T18:13:49.742+0200] {processor.py:829} INFO - Processing file /home/lohit/miniconda3/envs/airflow-env/lib/python3.8/site-packages/airflow/example_dags/example_skip_dag.py for tasks to queue
[2025-06-01T18:13:49.743+0200] {logging_mixin.py:154} INFO - [2025-06-01T18:13:49.742+0200] {dagbag.py:536} INFO - Filling up the DagBag from /home/lohit/miniconda3/envs/airflow-env/lib/python3.8/site-packages/airflow/example_dags/example_skip_dag.py
[2025-06-01T18:13:49.747+0200] {processor.py:839} INFO - DAG(s) dict_keys(['example_skip_dag']) retrieved from /home/lohit/miniconda3/envs/airflow-env/lib/python3.8/site-packages/airflow/example_dags/example_skip_dag.py
[2025-06-01T18:13:49.758+0200] {logging_mixin.py:154} INFO - [2025-06-01T18:13:49.758+0200] {dag.py:2941} INFO - Sync 1 DAGs
[2025-06-01T18:13:49.770+0200] {logging_mixin.py:154} INFO - [2025-06-01T18:13:49.770+0200] {dag.py:3722} INFO - Setting next_dagrun for example_skip_dag to 2025-05-31T16:13:49.770146+00:00, run_after=2025-06-01T16:13:49.770146+00:00
[2025-06-01T18:13:49.787+0200] {processor.py:179} INFO - Processing /home/lohit/miniconda3/envs/airflow-env/lib/python3.8/site-packages/airflow/example_dags/example_skip_dag.py took 0.048 seconds
[2025-06-01T18:14:31.720+0200] {processor.py:157} INFO - Started process (PID=29093) to work on /home/lohit/miniconda3/envs/airflow-env/lib/python3.8/site-packages/airflow/example_dags/example_skip_dag.py
[2025-06-01T18:14:31.724+0200] {processor.py:829} INFO - Processing file /home/lohit/miniconda3/envs/airflow-env/lib/python3.8/site-packages/airflow/example_dags/example_skip_dag.py for tasks to queue
[2025-06-01T18:14:31.725+0200] {logging_mixin.py:154} INFO - [2025-06-01T18:14:31.724+0200] {dagbag.py:536} INFO - Filling up the DagBag from /home/lohit/miniconda3/envs/airflow-env/lib/python3.8/site-packages/airflow/example_dags/example_skip_dag.py
[2025-06-01T18:14:31.730+0200] {processor.py:839} INFO - DAG(s) dict_keys(['example_skip_dag']) retrieved from /home/lohit/miniconda3/envs/airflow-env/lib/python3.8/site-packages/airflow/example_dags/example_skip_dag.py
[2025-06-01T18:14:31.741+0200] {logging_mixin.py:154} INFO - [2025-06-01T18:14:31.740+0200] {dag.py:2941} INFO - Sync 1 DAGs
[2025-06-01T18:14:31.753+0200] {logging_mixin.py:154} INFO - [2025-06-01T18:14:31.753+0200] {dag.py:3722} INFO - Setting next_dagrun for example_skip_dag to 2025-05-31T16:14:31.752900+00:00, run_after=2025-06-01T16:14:31.752900+00:00
[2025-06-01T18:14:31.769+0200] {processor.py:179} INFO - Processing /home/lohit/miniconda3/envs/airflow-env/lib/python3.8/site-packages/airflow/example_dags/example_skip_dag.py took 0.050 seconds
[2025-06-01T18:15:20.907+0200] {processor.py:157} INFO - Started process (PID=29164) to work on /home/lohit/miniconda3/envs/airflow-env/lib/python3.8/site-packages/airflow/example_dags/example_skip_dag.py
[2025-06-01T18:15:20.910+0200] {processor.py:829} INFO - Processing file /home/lohit/miniconda3/envs/airflow-env/lib/python3.8/site-packages/airflow/example_dags/example_skip_dag.py for tasks to queue
[2025-06-01T18:15:20.911+0200] {logging_mixin.py:154} INFO - [2025-06-01T18:15:20.911+0200] {dagbag.py:536} INFO - Filling up the DagBag from /home/lohit/miniconda3/envs/airflow-env/lib/python3.8/site-packages/airflow/example_dags/example_skip_dag.py
[2025-06-01T18:15:20.916+0200] {processor.py:839} INFO - DAG(s) dict_keys(['example_skip_dag']) retrieved from /home/lohit/miniconda3/envs/airflow-env/lib/python3.8/site-packages/airflow/example_dags/example_skip_dag.py
[2025-06-01T18:15:20.927+0200] {logging_mixin.py:154} INFO - [2025-06-01T18:15:20.927+0200] {dag.py:2941} INFO - Sync 1 DAGs
[2025-06-01T18:15:20.939+0200] {logging_mixin.py:154} INFO - [2025-06-01T18:15:20.939+0200] {dag.py:3722} INFO - Setting next_dagrun for example_skip_dag to 2025-05-31T16:15:20.939392+00:00, run_after=2025-06-01T16:15:20.939392+00:00
[2025-06-01T18:15:20.957+0200] {processor.py:179} INFO - Processing /home/lohit/miniconda3/envs/airflow-env/lib/python3.8/site-packages/airflow/example_dags/example_skip_dag.py took 0.052 seconds
[2025-06-01T18:16:10.547+0200] {processor.py:157} INFO - Started process (PID=29237) to work on /home/lohit/miniconda3/envs/airflow-env/lib/python3.8/site-packages/airflow/example_dags/example_skip_dag.py
[2025-06-01T18:16:10.550+0200] {processor.py:829} INFO - Processing file /home/lohit/miniconda3/envs/airflow-env/lib/python3.8/site-packages/airflow/example_dags/example_skip_dag.py for tasks to queue
[2025-06-01T18:16:10.551+0200] {logging_mixin.py:154} INFO - [2025-06-01T18:16:10.551+0200] {dagbag.py:536} INFO - Filling up the DagBag from /home/lohit/miniconda3/envs/airflow-env/lib/python3.8/site-packages/airflow/example_dags/example_skip_dag.py
[2025-06-01T18:16:10.556+0200] {processor.py:839} INFO - DAG(s) dict_keys(['example_skip_dag']) retrieved from /home/lohit/miniconda3/envs/airflow-env/lib/python3.8/site-packages/airflow/example_dags/example_skip_dag.py
[2025-06-01T18:16:10.567+0200] {logging_mixin.py:154} INFO - [2025-06-01T18:16:10.567+0200] {dag.py:2941} INFO - Sync 1 DAGs
[2025-06-01T18:16:10.581+0200] {logging_mixin.py:154} INFO - [2025-06-01T18:16:10.580+0200] {dag.py:3722} INFO - Setting next_dagrun for example_skip_dag to 2025-05-31T16:16:10.580762+00:00, run_after=2025-06-01T16:16:10.580762+00:00
[2025-06-01T18:16:10.598+0200] {processor.py:179} INFO - Processing /home/lohit/miniconda3/envs/airflow-env/lib/python3.8/site-packages/airflow/example_dags/example_skip_dag.py took 0.053 seconds
[2025-06-01T18:16:58.019+0200] {processor.py:157} INFO - Started process (PID=29307) to work on /home/lohit/miniconda3/envs/airflow-env/lib/python3.8/site-packages/airflow/example_dags/example_skip_dag.py
[2025-06-01T18:16:58.022+0200] {processor.py:829} INFO - Processing file /home/lohit/miniconda3/envs/airflow-env/lib/python3.8/site-packages/airflow/example_dags/example_skip_dag.py for tasks to queue
[2025-06-01T18:16:58.023+0200] {logging_mixin.py:154} INFO - [2025-06-01T18:16:58.023+0200] {dagbag.py:536} INFO - Filling up the DagBag from /home/lohit/miniconda3/envs/airflow-env/lib/python3.8/site-packages/airflow/example_dags/example_skip_dag.py
[2025-06-01T18:16:58.028+0200] {processor.py:839} INFO - DAG(s) dict_keys(['example_skip_dag']) retrieved from /home/lohit/miniconda3/envs/airflow-env/lib/python3.8/site-packages/airflow/example_dags/example_skip_dag.py
[2025-06-01T18:16:58.038+0200] {logging_mixin.py:154} INFO - [2025-06-01T18:16:58.038+0200] {dag.py:2941} INFO - Sync 1 DAGs
[2025-06-01T18:16:58.049+0200] {logging_mixin.py:154} INFO - [2025-06-01T18:16:58.049+0200] {dag.py:3722} INFO - Setting next_dagrun for example_skip_dag to 2025-05-31T16:16:58.049146+00:00, run_after=2025-06-01T16:16:58.049146+00:00
[2025-06-01T18:16:58.065+0200] {processor.py:179} INFO - Processing /home/lohit/miniconda3/envs/airflow-env/lib/python3.8/site-packages/airflow/example_dags/example_skip_dag.py took 0.048 seconds
[2025-06-01T18:17:31.654+0200] {processor.py:157} INFO - Started process (PID=29345) to work on /home/lohit/miniconda3/envs/airflow-env/lib/python3.8/site-packages/airflow/example_dags/example_skip_dag.py
[2025-06-01T18:17:31.658+0200] {processor.py:829} INFO - Processing file /home/lohit/miniconda3/envs/airflow-env/lib/python3.8/site-packages/airflow/example_dags/example_skip_dag.py for tasks to queue
[2025-06-01T18:17:31.658+0200] {logging_mixin.py:154} INFO - [2025-06-01T18:17:31.658+0200] {dagbag.py:536} INFO - Filling up the DagBag from /home/lohit/miniconda3/envs/airflow-env/lib/python3.8/site-packages/airflow/example_dags/example_skip_dag.py
[2025-06-01T18:17:31.664+0200] {processor.py:839} INFO - DAG(s) dict_keys(['example_skip_dag']) retrieved from /home/lohit/miniconda3/envs/airflow-env/lib/python3.8/site-packages/airflow/example_dags/example_skip_dag.py
[2025-06-01T18:17:31.675+0200] {logging_mixin.py:154} INFO - [2025-06-01T18:17:31.674+0200] {dag.py:2941} INFO - Sync 1 DAGs
[2025-06-01T18:17:31.687+0200] {logging_mixin.py:154} INFO - [2025-06-01T18:17:31.687+0200] {dag.py:3722} INFO - Setting next_dagrun for example_skip_dag to 2025-05-31T16:17:31.687010+00:00, run_after=2025-06-01T16:17:31.687010+00:00
[2025-06-01T18:17:31.703+0200] {processor.py:179} INFO - Processing /home/lohit/miniconda3/envs/airflow-env/lib/python3.8/site-packages/airflow/example_dags/example_skip_dag.py took 0.051 seconds
[2025-06-01T18:18:14.991+0200] {processor.py:157} INFO - Started process (PID=29411) to work on /home/lohit/miniconda3/envs/airflow-env/lib/python3.8/site-packages/airflow/example_dags/example_skip_dag.py
[2025-06-01T18:18:14.995+0200] {processor.py:829} INFO - Processing file /home/lohit/miniconda3/envs/airflow-env/lib/python3.8/site-packages/airflow/example_dags/example_skip_dag.py for tasks to queue
[2025-06-01T18:18:14.995+0200] {logging_mixin.py:154} INFO - [2025-06-01T18:18:14.995+0200] {dagbag.py:536} INFO - Filling up the DagBag from /home/lohit/miniconda3/envs/airflow-env/lib/python3.8/site-packages/airflow/example_dags/example_skip_dag.py
[2025-06-01T18:18:15.001+0200] {processor.py:839} INFO - DAG(s) dict_keys(['example_skip_dag']) retrieved from /home/lohit/miniconda3/envs/airflow-env/lib/python3.8/site-packages/airflow/example_dags/example_skip_dag.py
[2025-06-01T18:18:15.011+0200] {logging_mixin.py:154} INFO - [2025-06-01T18:18:15.011+0200] {dag.py:2941} INFO - Sync 1 DAGs
[2025-06-01T18:18:15.023+0200] {logging_mixin.py:154} INFO - [2025-06-01T18:18:15.023+0200] {dag.py:3722} INFO - Setting next_dagrun for example_skip_dag to 2025-05-31T16:18:15.023263+00:00, run_after=2025-06-01T16:18:15.023263+00:00
[2025-06-01T18:18:15.041+0200] {processor.py:179} INFO - Processing /home/lohit/miniconda3/envs/airflow-env/lib/python3.8/site-packages/airflow/example_dags/example_skip_dag.py took 0.052 seconds
[2025-06-01T18:19:00.203+0200] {processor.py:157} INFO - Started process (PID=29480) to work on /home/lohit/miniconda3/envs/airflow-env/lib/python3.8/site-packages/airflow/example_dags/example_skip_dag.py
[2025-06-01T18:19:00.206+0200] {processor.py:829} INFO - Processing file /home/lohit/miniconda3/envs/airflow-env/lib/python3.8/site-packages/airflow/example_dags/example_skip_dag.py for tasks to queue
[2025-06-01T18:19:00.207+0200] {logging_mixin.py:154} INFO - [2025-06-01T18:19:00.207+0200] {dagbag.py:536} INFO - Filling up the DagBag from /home/lohit/miniconda3/envs/airflow-env/lib/python3.8/site-packages/airflow/example_dags/example_skip_dag.py
[2025-06-01T18:19:00.212+0200] {processor.py:839} INFO - DAG(s) dict_keys(['example_skip_dag']) retrieved from /home/lohit/miniconda3/envs/airflow-env/lib/python3.8/site-packages/airflow/example_dags/example_skip_dag.py
[2025-06-01T18:19:00.224+0200] {logging_mixin.py:154} INFO - [2025-06-01T18:19:00.223+0200] {dag.py:2941} INFO - Sync 1 DAGs
[2025-06-01T18:19:00.235+0200] {logging_mixin.py:154} INFO - [2025-06-01T18:19:00.235+0200] {dag.py:3722} INFO - Setting next_dagrun for example_skip_dag to 2025-05-31T16:19:00.235494+00:00, run_after=2025-06-01T16:19:00.235494+00:00
[2025-06-01T18:19:00.251+0200] {processor.py:179} INFO - Processing /home/lohit/miniconda3/envs/airflow-env/lib/python3.8/site-packages/airflow/example_dags/example_skip_dag.py took 0.050 seconds
[2025-06-01T18:19:49.089+0200] {processor.py:157} INFO - Started process (PID=29550) to work on /home/lohit/miniconda3/envs/airflow-env/lib/python3.8/site-packages/airflow/example_dags/example_skip_dag.py
[2025-06-01T18:19:49.093+0200] {processor.py:829} INFO - Processing file /home/lohit/miniconda3/envs/airflow-env/lib/python3.8/site-packages/airflow/example_dags/example_skip_dag.py for tasks to queue
[2025-06-01T18:19:49.093+0200] {logging_mixin.py:154} INFO - [2025-06-01T18:19:49.093+0200] {dagbag.py:536} INFO - Filling up the DagBag from /home/lohit/miniconda3/envs/airflow-env/lib/python3.8/site-packages/airflow/example_dags/example_skip_dag.py
[2025-06-01T18:19:49.098+0200] {processor.py:839} INFO - DAG(s) dict_keys(['example_skip_dag']) retrieved from /home/lohit/miniconda3/envs/airflow-env/lib/python3.8/site-packages/airflow/example_dags/example_skip_dag.py
[2025-06-01T18:19:49.108+0200] {logging_mixin.py:154} INFO - [2025-06-01T18:19:49.107+0200] {dag.py:2941} INFO - Sync 1 DAGs
[2025-06-01T18:19:49.119+0200] {logging_mixin.py:154} INFO - [2025-06-01T18:19:49.119+0200] {dag.py:3722} INFO - Setting next_dagrun for example_skip_dag to 2025-05-31T16:19:49.119502+00:00, run_after=2025-06-01T16:19:49.119502+00:00
[2025-06-01T18:19:49.136+0200] {processor.py:179} INFO - Processing /home/lohit/miniconda3/envs/airflow-env/lib/python3.8/site-packages/airflow/example_dags/example_skip_dag.py took 0.049 seconds
[2025-06-01T18:20:35.908+0200] {processor.py:157} INFO - Started process (PID=29620) to work on /home/lohit/miniconda3/envs/airflow-env/lib/python3.8/site-packages/airflow/example_dags/example_skip_dag.py
[2025-06-01T18:20:35.912+0200] {processor.py:829} INFO - Processing file /home/lohit/miniconda3/envs/airflow-env/lib/python3.8/site-packages/airflow/example_dags/example_skip_dag.py for tasks to queue
[2025-06-01T18:20:35.912+0200] {logging_mixin.py:154} INFO - [2025-06-01T18:20:35.912+0200] {dagbag.py:536} INFO - Filling up the DagBag from /home/lohit/miniconda3/envs/airflow-env/lib/python3.8/site-packages/airflow/example_dags/example_skip_dag.py
[2025-06-01T18:20:35.918+0200] {processor.py:839} INFO - DAG(s) dict_keys(['example_skip_dag']) retrieved from /home/lohit/miniconda3/envs/airflow-env/lib/python3.8/site-packages/airflow/example_dags/example_skip_dag.py
[2025-06-01T18:20:35.929+0200] {logging_mixin.py:154} INFO - [2025-06-01T18:20:35.929+0200] {dag.py:2941} INFO - Sync 1 DAGs
[2025-06-01T18:20:35.946+0200] {logging_mixin.py:154} INFO - [2025-06-01T18:20:35.946+0200] {dag.py:3722} INFO - Setting next_dagrun for example_skip_dag to 2025-05-31T16:20:35.946014+00:00, run_after=2025-06-01T16:20:35.946014+00:00
[2025-06-01T18:20:35.961+0200] {processor.py:179} INFO - Processing /home/lohit/miniconda3/envs/airflow-env/lib/python3.8/site-packages/airflow/example_dags/example_skip_dag.py took 0.055 seconds
[2025-06-01T18:21:11.868+0200] {processor.py:157} INFO - Started process (PID=29679) to work on /home/lohit/miniconda3/envs/airflow-env/lib/python3.8/site-packages/airflow/example_dags/example_skip_dag.py
[2025-06-01T18:21:11.869+0200] {processor.py:829} INFO - Processing file /home/lohit/miniconda3/envs/airflow-env/lib/python3.8/site-packages/airflow/example_dags/example_skip_dag.py for tasks to queue
[2025-06-01T18:21:11.869+0200] {logging_mixin.py:154} INFO - [2025-06-01T18:21:11.869+0200] {dagbag.py:536} INFO - Filling up the DagBag from /home/lohit/miniconda3/envs/airflow-env/lib/python3.8/site-packages/airflow/example_dags/example_skip_dag.py
[2025-06-01T18:21:11.874+0200] {processor.py:839} INFO - DAG(s) dict_keys(['example_skip_dag']) retrieved from /home/lohit/miniconda3/envs/airflow-env/lib/python3.8/site-packages/airflow/example_dags/example_skip_dag.py
[2025-06-01T18:21:11.883+0200] {logging_mixin.py:154} INFO - [2025-06-01T18:21:11.883+0200] {dag.py:2941} INFO - Sync 1 DAGs
[2025-06-01T18:21:11.894+0200] {logging_mixin.py:154} INFO - [2025-06-01T18:21:11.894+0200] {dag.py:3722} INFO - Setting next_dagrun for example_skip_dag to 2025-05-31T16:21:11.893945+00:00, run_after=2025-06-01T16:21:11.893945+00:00
[2025-06-01T18:21:11.913+0200] {processor.py:179} INFO - Processing /home/lohit/miniconda3/envs/airflow-env/lib/python3.8/site-packages/airflow/example_dags/example_skip_dag.py took 0.047 seconds
[2025-06-01T18:22:00.181+0200] {processor.py:157} INFO - Started process (PID=29749) to work on /home/lohit/miniconda3/envs/airflow-env/lib/python3.8/site-packages/airflow/example_dags/example_skip_dag.py
[2025-06-01T18:22:00.184+0200] {processor.py:829} INFO - Processing file /home/lohit/miniconda3/envs/airflow-env/lib/python3.8/site-packages/airflow/example_dags/example_skip_dag.py for tasks to queue
[2025-06-01T18:22:00.185+0200] {logging_mixin.py:154} INFO - [2025-06-01T18:22:00.185+0200] {dagbag.py:536} INFO - Filling up the DagBag from /home/lohit/miniconda3/envs/airflow-env/lib/python3.8/site-packages/airflow/example_dags/example_skip_dag.py
[2025-06-01T18:22:00.191+0200] {processor.py:839} INFO - DAG(s) dict_keys(['example_skip_dag']) retrieved from /home/lohit/miniconda3/envs/airflow-env/lib/python3.8/site-packages/airflow/example_dags/example_skip_dag.py
[2025-06-01T18:22:00.201+0200] {logging_mixin.py:154} INFO - [2025-06-01T18:22:00.201+0200] {dag.py:2941} INFO - Sync 1 DAGs
[2025-06-01T18:22:00.212+0200] {logging_mixin.py:154} INFO - [2025-06-01T18:22:00.212+0200] {dag.py:3722} INFO - Setting next_dagrun for example_skip_dag to 2025-05-31T16:22:00.212523+00:00, run_after=2025-06-01T16:22:00.212523+00:00
[2025-06-01T18:22:00.228+0200] {processor.py:179} INFO - Processing /home/lohit/miniconda3/envs/airflow-env/lib/python3.8/site-packages/airflow/example_dags/example_skip_dag.py took 0.049 seconds
[2025-06-01T18:22:46.445+0200] {processor.py:157} INFO - Started process (PID=29818) to work on /home/lohit/miniconda3/envs/airflow-env/lib/python3.8/site-packages/airflow/example_dags/example_skip_dag.py
[2025-06-01T18:22:46.448+0200] {processor.py:829} INFO - Processing file /home/lohit/miniconda3/envs/airflow-env/lib/python3.8/site-packages/airflow/example_dags/example_skip_dag.py for tasks to queue
[2025-06-01T18:22:46.449+0200] {logging_mixin.py:154} INFO - [2025-06-01T18:22:46.449+0200] {dagbag.py:536} INFO - Filling up the DagBag from /home/lohit/miniconda3/envs/airflow-env/lib/python3.8/site-packages/airflow/example_dags/example_skip_dag.py
[2025-06-01T18:22:46.453+0200] {processor.py:839} INFO - DAG(s) dict_keys(['example_skip_dag']) retrieved from /home/lohit/miniconda3/envs/airflow-env/lib/python3.8/site-packages/airflow/example_dags/example_skip_dag.py
[2025-06-01T18:22:46.464+0200] {logging_mixin.py:154} INFO - [2025-06-01T18:22:46.464+0200] {dag.py:2941} INFO - Sync 1 DAGs
[2025-06-01T18:22:46.475+0200] {logging_mixin.py:154} INFO - [2025-06-01T18:22:46.475+0200] {dag.py:3722} INFO - Setting next_dagrun for example_skip_dag to 2025-05-31T16:22:46.474997+00:00, run_after=2025-06-01T16:22:46.474997+00:00
[2025-06-01T18:22:46.491+0200] {processor.py:179} INFO - Processing /home/lohit/miniconda3/envs/airflow-env/lib/python3.8/site-packages/airflow/example_dags/example_skip_dag.py took 0.048 seconds
[2025-06-01T18:23:34.959+0200] {processor.py:157} INFO - Started process (PID=29889) to work on /home/lohit/miniconda3/envs/airflow-env/lib/python3.8/site-packages/airflow/example_dags/example_skip_dag.py
[2025-06-01T18:23:34.962+0200] {processor.py:829} INFO - Processing file /home/lohit/miniconda3/envs/airflow-env/lib/python3.8/site-packages/airflow/example_dags/example_skip_dag.py for tasks to queue
[2025-06-01T18:23:34.963+0200] {logging_mixin.py:154} INFO - [2025-06-01T18:23:34.963+0200] {dagbag.py:536} INFO - Filling up the DagBag from /home/lohit/miniconda3/envs/airflow-env/lib/python3.8/site-packages/airflow/example_dags/example_skip_dag.py
[2025-06-01T18:23:34.967+0200] {processor.py:839} INFO - DAG(s) dict_keys(['example_skip_dag']) retrieved from /home/lohit/miniconda3/envs/airflow-env/lib/python3.8/site-packages/airflow/example_dags/example_skip_dag.py
[2025-06-01T18:23:34.979+0200] {logging_mixin.py:154} INFO - [2025-06-01T18:23:34.979+0200] {dag.py:2941} INFO - Sync 1 DAGs
[2025-06-01T18:23:34.989+0200] {logging_mixin.py:154} INFO - [2025-06-01T18:23:34.989+0200] {dag.py:3722} INFO - Setting next_dagrun for example_skip_dag to 2025-05-31T16:23:34.989133+00:00, run_after=2025-06-01T16:23:34.989133+00:00
[2025-06-01T18:23:35.004+0200] {processor.py:179} INFO - Processing /home/lohit/miniconda3/envs/airflow-env/lib/python3.8/site-packages/airflow/example_dags/example_skip_dag.py took 0.048 seconds
[2025-06-01T18:24:19.174+0200] {processor.py:157} INFO - Started process (PID=29957) to work on /home/lohit/miniconda3/envs/airflow-env/lib/python3.8/site-packages/airflow/example_dags/example_skip_dag.py
[2025-06-01T18:24:19.177+0200] {processor.py:829} INFO - Processing file /home/lohit/miniconda3/envs/airflow-env/lib/python3.8/site-packages/airflow/example_dags/example_skip_dag.py for tasks to queue
[2025-06-01T18:24:19.177+0200] {logging_mixin.py:154} INFO - [2025-06-01T18:24:19.177+0200] {dagbag.py:536} INFO - Filling up the DagBag from /home/lohit/miniconda3/envs/airflow-env/lib/python3.8/site-packages/airflow/example_dags/example_skip_dag.py
[2025-06-01T18:24:19.182+0200] {processor.py:839} INFO - DAG(s) dict_keys(['example_skip_dag']) retrieved from /home/lohit/miniconda3/envs/airflow-env/lib/python3.8/site-packages/airflow/example_dags/example_skip_dag.py
[2025-06-01T18:24:19.192+0200] {logging_mixin.py:154} INFO - [2025-06-01T18:24:19.192+0200] {dag.py:2941} INFO - Sync 1 DAGs
[2025-06-01T18:24:19.203+0200] {logging_mixin.py:154} INFO - [2025-06-01T18:24:19.203+0200] {dag.py:3722} INFO - Setting next_dagrun for example_skip_dag to 2025-05-31T16:24:19.202870+00:00, run_after=2025-06-01T16:24:19.202870+00:00
[2025-06-01T18:24:19.217+0200] {processor.py:179} INFO - Processing /home/lohit/miniconda3/envs/airflow-env/lib/python3.8/site-packages/airflow/example_dags/example_skip_dag.py took 0.046 seconds
[2025-06-01T18:25:08.052+0200] {processor.py:157} INFO - Started process (PID=30028) to work on /home/lohit/miniconda3/envs/airflow-env/lib/python3.8/site-packages/airflow/example_dags/example_skip_dag.py
[2025-06-01T18:25:08.056+0200] {processor.py:829} INFO - Processing file /home/lohit/miniconda3/envs/airflow-env/lib/python3.8/site-packages/airflow/example_dags/example_skip_dag.py for tasks to queue
[2025-06-01T18:25:08.057+0200] {logging_mixin.py:154} INFO - [2025-06-01T18:25:08.056+0200] {dagbag.py:536} INFO - Filling up the DagBag from /home/lohit/miniconda3/envs/airflow-env/lib/python3.8/site-packages/airflow/example_dags/example_skip_dag.py
[2025-06-01T18:25:08.061+0200] {processor.py:839} INFO - DAG(s) dict_keys(['example_skip_dag']) retrieved from /home/lohit/miniconda3/envs/airflow-env/lib/python3.8/site-packages/airflow/example_dags/example_skip_dag.py
[2025-06-01T18:25:08.070+0200] {logging_mixin.py:154} INFO - [2025-06-01T18:25:08.070+0200] {dag.py:2941} INFO - Sync 1 DAGs
[2025-06-01T18:25:08.080+0200] {logging_mixin.py:154} INFO - [2025-06-01T18:25:08.080+0200] {dag.py:3722} INFO - Setting next_dagrun for example_skip_dag to 2025-05-31T16:25:08.080352+00:00, run_after=2025-06-01T16:25:08.080352+00:00
[2025-06-01T18:25:08.096+0200] {processor.py:179} INFO - Processing /home/lohit/miniconda3/envs/airflow-env/lib/python3.8/site-packages/airflow/example_dags/example_skip_dag.py took 0.046 seconds
[2025-06-01T18:25:54.776+0200] {processor.py:157} INFO - Started process (PID=30098) to work on /home/lohit/miniconda3/envs/airflow-env/lib/python3.8/site-packages/airflow/example_dags/example_skip_dag.py
[2025-06-01T18:25:54.779+0200] {processor.py:829} INFO - Processing file /home/lohit/miniconda3/envs/airflow-env/lib/python3.8/site-packages/airflow/example_dags/example_skip_dag.py for tasks to queue
[2025-06-01T18:25:54.780+0200] {logging_mixin.py:154} INFO - [2025-06-01T18:25:54.780+0200] {dagbag.py:536} INFO - Filling up the DagBag from /home/lohit/miniconda3/envs/airflow-env/lib/python3.8/site-packages/airflow/example_dags/example_skip_dag.py
[2025-06-01T18:25:54.785+0200] {processor.py:839} INFO - DAG(s) dict_keys(['example_skip_dag']) retrieved from /home/lohit/miniconda3/envs/airflow-env/lib/python3.8/site-packages/airflow/example_dags/example_skip_dag.py
[2025-06-01T18:25:54.795+0200] {logging_mixin.py:154} INFO - [2025-06-01T18:25:54.795+0200] {dag.py:2941} INFO - Sync 1 DAGs
[2025-06-01T18:25:54.809+0200] {logging_mixin.py:154} INFO - [2025-06-01T18:25:54.808+0200] {dag.py:3722} INFO - Setting next_dagrun for example_skip_dag to 2025-05-31T16:25:54.808664+00:00, run_after=2025-06-01T16:25:54.808664+00:00
[2025-06-01T18:25:54.827+0200] {processor.py:179} INFO - Processing /home/lohit/miniconda3/envs/airflow-env/lib/python3.8/site-packages/airflow/example_dags/example_skip_dag.py took 0.053 seconds
[2025-06-01T18:26:43.230+0200] {processor.py:157} INFO - Started process (PID=30169) to work on /home/lohit/miniconda3/envs/airflow-env/lib/python3.8/site-packages/airflow/example_dags/example_skip_dag.py
[2025-06-01T18:26:43.234+0200] {processor.py:829} INFO - Processing file /home/lohit/miniconda3/envs/airflow-env/lib/python3.8/site-packages/airflow/example_dags/example_skip_dag.py for tasks to queue
[2025-06-01T18:26:43.234+0200] {logging_mixin.py:154} INFO - [2025-06-01T18:26:43.234+0200] {dagbag.py:536} INFO - Filling up the DagBag from /home/lohit/miniconda3/envs/airflow-env/lib/python3.8/site-packages/airflow/example_dags/example_skip_dag.py
[2025-06-01T18:26:43.239+0200] {processor.py:839} INFO - DAG(s) dict_keys(['example_skip_dag']) retrieved from /home/lohit/miniconda3/envs/airflow-env/lib/python3.8/site-packages/airflow/example_dags/example_skip_dag.py
[2025-06-01T18:26:43.251+0200] {logging_mixin.py:154} INFO - [2025-06-01T18:26:43.250+0200] {dag.py:2941} INFO - Sync 1 DAGs
[2025-06-01T18:26:43.264+0200] {logging_mixin.py:154} INFO - [2025-06-01T18:26:43.263+0200] {dag.py:3722} INFO - Setting next_dagrun for example_skip_dag to 2025-05-31T16:26:43.263767+00:00, run_after=2025-06-01T16:26:43.263767+00:00
[2025-06-01T18:26:43.281+0200] {processor.py:179} INFO - Processing /home/lohit/miniconda3/envs/airflow-env/lib/python3.8/site-packages/airflow/example_dags/example_skip_dag.py took 0.053 seconds
[2025-06-01T18:27:26.356+0200] {processor.py:157} INFO - Started process (PID=30237) to work on /home/lohit/miniconda3/envs/airflow-env/lib/python3.8/site-packages/airflow/example_dags/example_skip_dag.py
[2025-06-01T18:27:26.360+0200] {processor.py:829} INFO - Processing file /home/lohit/miniconda3/envs/airflow-env/lib/python3.8/site-packages/airflow/example_dags/example_skip_dag.py for tasks to queue
[2025-06-01T18:27:26.360+0200] {logging_mixin.py:154} INFO - [2025-06-01T18:27:26.360+0200] {dagbag.py:536} INFO - Filling up the DagBag from /home/lohit/miniconda3/envs/airflow-env/lib/python3.8/site-packages/airflow/example_dags/example_skip_dag.py
[2025-06-01T18:27:26.366+0200] {processor.py:839} INFO - DAG(s) dict_keys(['example_skip_dag']) retrieved from /home/lohit/miniconda3/envs/airflow-env/lib/python3.8/site-packages/airflow/example_dags/example_skip_dag.py
[2025-06-01T18:27:26.378+0200] {logging_mixin.py:154} INFO - [2025-06-01T18:27:26.378+0200] {dag.py:2941} INFO - Sync 1 DAGs
[2025-06-01T18:27:26.392+0200] {logging_mixin.py:154} INFO - [2025-06-01T18:27:26.392+0200] {dag.py:3722} INFO - Setting next_dagrun for example_skip_dag to 2025-05-31T16:27:26.392181+00:00, run_after=2025-06-01T16:27:26.392181+00:00
[2025-06-01T18:27:26.410+0200] {processor.py:179} INFO - Processing /home/lohit/miniconda3/envs/airflow-env/lib/python3.8/site-packages/airflow/example_dags/example_skip_dag.py took 0.056 seconds
[2025-06-01T18:28:14.845+0200] {processor.py:157} INFO - Started process (PID=30308) to work on /home/lohit/miniconda3/envs/airflow-env/lib/python3.8/site-packages/airflow/example_dags/example_skip_dag.py
[2025-06-01T18:28:14.848+0200] {processor.py:829} INFO - Processing file /home/lohit/miniconda3/envs/airflow-env/lib/python3.8/site-packages/airflow/example_dags/example_skip_dag.py for tasks to queue
[2025-06-01T18:28:14.848+0200] {logging_mixin.py:154} INFO - [2025-06-01T18:28:14.848+0200] {dagbag.py:536} INFO - Filling up the DagBag from /home/lohit/miniconda3/envs/airflow-env/lib/python3.8/site-packages/airflow/example_dags/example_skip_dag.py
[2025-06-01T18:28:14.853+0200] {processor.py:839} INFO - DAG(s) dict_keys(['example_skip_dag']) retrieved from /home/lohit/miniconda3/envs/airflow-env/lib/python3.8/site-packages/airflow/example_dags/example_skip_dag.py
[2025-06-01T18:28:14.862+0200] {logging_mixin.py:154} INFO - [2025-06-01T18:28:14.862+0200] {dag.py:2941} INFO - Sync 1 DAGs
[2025-06-01T18:28:14.872+0200] {logging_mixin.py:154} INFO - [2025-06-01T18:28:14.872+0200] {dag.py:3722} INFO - Setting next_dagrun for example_skip_dag to 2025-05-31T16:28:14.872241+00:00, run_after=2025-06-01T16:28:14.872241+00:00
[2025-06-01T18:28:14.886+0200] {processor.py:179} INFO - Processing /home/lohit/miniconda3/envs/airflow-env/lib/python3.8/site-packages/airflow/example_dags/example_skip_dag.py took 0.043 seconds
[2025-06-01T18:29:02.165+0200] {processor.py:157} INFO - Started process (PID=30378) to work on /home/lohit/miniconda3/envs/airflow-env/lib/python3.8/site-packages/airflow/example_dags/example_skip_dag.py
[2025-06-01T18:29:02.168+0200] {processor.py:829} INFO - Processing file /home/lohit/miniconda3/envs/airflow-env/lib/python3.8/site-packages/airflow/example_dags/example_skip_dag.py for tasks to queue
[2025-06-01T18:29:02.169+0200] {logging_mixin.py:154} INFO - [2025-06-01T18:29:02.169+0200] {dagbag.py:536} INFO - Filling up the DagBag from /home/lohit/miniconda3/envs/airflow-env/lib/python3.8/site-packages/airflow/example_dags/example_skip_dag.py
[2025-06-01T18:29:02.173+0200] {processor.py:839} INFO - DAG(s) dict_keys(['example_skip_dag']) retrieved from /home/lohit/miniconda3/envs/airflow-env/lib/python3.8/site-packages/airflow/example_dags/example_skip_dag.py
[2025-06-01T18:29:02.184+0200] {logging_mixin.py:154} INFO - [2025-06-01T18:29:02.184+0200] {dag.py:2941} INFO - Sync 1 DAGs
[2025-06-01T18:29:02.195+0200] {logging_mixin.py:154} INFO - [2025-06-01T18:29:02.195+0200] {dag.py:3722} INFO - Setting next_dagrun for example_skip_dag to 2025-05-31T16:29:02.194965+00:00, run_after=2025-06-01T16:29:02.194965+00:00
[2025-06-01T18:29:02.210+0200] {processor.py:179} INFO - Processing /home/lohit/miniconda3/envs/airflow-env/lib/python3.8/site-packages/airflow/example_dags/example_skip_dag.py took 0.047 seconds
[2025-06-01T18:29:47.284+0200] {processor.py:157} INFO - Started process (PID=30445) to work on /home/lohit/miniconda3/envs/airflow-env/lib/python3.8/site-packages/airflow/example_dags/example_skip_dag.py
[2025-06-01T18:29:47.287+0200] {processor.py:829} INFO - Processing file /home/lohit/miniconda3/envs/airflow-env/lib/python3.8/site-packages/airflow/example_dags/example_skip_dag.py for tasks to queue
[2025-06-01T18:29:47.288+0200] {logging_mixin.py:154} INFO - [2025-06-01T18:29:47.288+0200] {dagbag.py:536} INFO - Filling up the DagBag from /home/lohit/miniconda3/envs/airflow-env/lib/python3.8/site-packages/airflow/example_dags/example_skip_dag.py
[2025-06-01T18:29:47.292+0200] {processor.py:839} INFO - DAG(s) dict_keys(['example_skip_dag']) retrieved from /home/lohit/miniconda3/envs/airflow-env/lib/python3.8/site-packages/airflow/example_dags/example_skip_dag.py
[2025-06-01T18:29:47.305+0200] {logging_mixin.py:154} INFO - [2025-06-01T18:29:47.305+0200] {dag.py:2941} INFO - Sync 1 DAGs
[2025-06-01T18:29:47.317+0200] {logging_mixin.py:154} INFO - [2025-06-01T18:29:47.316+0200] {dag.py:3722} INFO - Setting next_dagrun for example_skip_dag to 2025-05-31T16:29:47.316720+00:00, run_after=2025-06-01T16:29:47.316720+00:00
[2025-06-01T18:29:47.334+0200] {processor.py:179} INFO - Processing /home/lohit/miniconda3/envs/airflow-env/lib/python3.8/site-packages/airflow/example_dags/example_skip_dag.py took 0.052 seconds
[2025-06-01T18:30:29.609+0200] {processor.py:157} INFO - Started process (PID=30513) to work on /home/lohit/miniconda3/envs/airflow-env/lib/python3.8/site-packages/airflow/example_dags/example_skip_dag.py
[2025-06-01T18:30:29.613+0200] {processor.py:829} INFO - Processing file /home/lohit/miniconda3/envs/airflow-env/lib/python3.8/site-packages/airflow/example_dags/example_skip_dag.py for tasks to queue
[2025-06-01T18:30:29.613+0200] {logging_mixin.py:154} INFO - [2025-06-01T18:30:29.613+0200] {dagbag.py:536} INFO - Filling up the DagBag from /home/lohit/miniconda3/envs/airflow-env/lib/python3.8/site-packages/airflow/example_dags/example_skip_dag.py
[2025-06-01T18:30:29.618+0200] {processor.py:839} INFO - DAG(s) dict_keys(['example_skip_dag']) retrieved from /home/lohit/miniconda3/envs/airflow-env/lib/python3.8/site-packages/airflow/example_dags/example_skip_dag.py
[2025-06-01T18:30:29.629+0200] {logging_mixin.py:154} INFO - [2025-06-01T18:30:29.629+0200] {dag.py:2941} INFO - Sync 1 DAGs
[2025-06-01T18:30:29.643+0200] {logging_mixin.py:154} INFO - [2025-06-01T18:30:29.643+0200] {dag.py:3722} INFO - Setting next_dagrun for example_skip_dag to 2025-05-31T16:30:29.642946+00:00, run_after=2025-06-01T16:30:29.642946+00:00
[2025-06-01T18:30:29.659+0200] {processor.py:179} INFO - Processing /home/lohit/miniconda3/envs/airflow-env/lib/python3.8/site-packages/airflow/example_dags/example_skip_dag.py took 0.053 seconds
[2025-06-01T18:31:15.783+0200] {processor.py:157} INFO - Started process (PID=30583) to work on /home/lohit/miniconda3/envs/airflow-env/lib/python3.8/site-packages/airflow/example_dags/example_skip_dag.py
[2025-06-01T18:31:15.787+0200] {processor.py:829} INFO - Processing file /home/lohit/miniconda3/envs/airflow-env/lib/python3.8/site-packages/airflow/example_dags/example_skip_dag.py for tasks to queue
[2025-06-01T18:31:15.787+0200] {logging_mixin.py:154} INFO - [2025-06-01T18:31:15.787+0200] {dagbag.py:536} INFO - Filling up the DagBag from /home/lohit/miniconda3/envs/airflow-env/lib/python3.8/site-packages/airflow/example_dags/example_skip_dag.py
[2025-06-01T18:31:15.792+0200] {processor.py:839} INFO - DAG(s) dict_keys(['example_skip_dag']) retrieved from /home/lohit/miniconda3/envs/airflow-env/lib/python3.8/site-packages/airflow/example_dags/example_skip_dag.py
[2025-06-01T18:31:15.803+0200] {logging_mixin.py:154} INFO - [2025-06-01T18:31:15.803+0200] {dag.py:2941} INFO - Sync 1 DAGs
[2025-06-01T18:31:15.814+0200] {logging_mixin.py:154} INFO - [2025-06-01T18:31:15.814+0200] {dag.py:3722} INFO - Setting next_dagrun for example_skip_dag to 2025-05-31T16:31:15.814324+00:00, run_after=2025-06-01T16:31:15.814324+00:00
[2025-06-01T18:31:15.830+0200] {processor.py:179} INFO - Processing /home/lohit/miniconda3/envs/airflow-env/lib/python3.8/site-packages/airflow/example_dags/example_skip_dag.py took 0.049 seconds
[2025-06-01T18:31:59.753+0200] {processor.py:157} INFO - Started process (PID=30651) to work on /home/lohit/miniconda3/envs/airflow-env/lib/python3.8/site-packages/airflow/example_dags/example_skip_dag.py
[2025-06-01T18:31:59.756+0200] {processor.py:829} INFO - Processing file /home/lohit/miniconda3/envs/airflow-env/lib/python3.8/site-packages/airflow/example_dags/example_skip_dag.py for tasks to queue
[2025-06-01T18:31:59.757+0200] {logging_mixin.py:154} INFO - [2025-06-01T18:31:59.757+0200] {dagbag.py:536} INFO - Filling up the DagBag from /home/lohit/miniconda3/envs/airflow-env/lib/python3.8/site-packages/airflow/example_dags/example_skip_dag.py
[2025-06-01T18:31:59.763+0200] {processor.py:839} INFO - DAG(s) dict_keys(['example_skip_dag']) retrieved from /home/lohit/miniconda3/envs/airflow-env/lib/python3.8/site-packages/airflow/example_dags/example_skip_dag.py
[2025-06-01T18:31:59.775+0200] {logging_mixin.py:154} INFO - [2025-06-01T18:31:59.774+0200] {dag.py:2941} INFO - Sync 1 DAGs
[2025-06-01T18:31:59.787+0200] {logging_mixin.py:154} INFO - [2025-06-01T18:31:59.787+0200] {dag.py:3722} INFO - Setting next_dagrun for example_skip_dag to 2025-05-31T16:31:59.787069+00:00, run_after=2025-06-01T16:31:59.787069+00:00
[2025-06-01T18:31:59.803+0200] {processor.py:179} INFO - Processing /home/lohit/miniconda3/envs/airflow-env/lib/python3.8/site-packages/airflow/example_dags/example_skip_dag.py took 0.052 seconds
[2025-06-01T18:32:47.531+0200] {processor.py:157} INFO - Started process (PID=30721) to work on /home/lohit/miniconda3/envs/airflow-env/lib/python3.8/site-packages/airflow/example_dags/example_skip_dag.py
[2025-06-01T18:32:47.535+0200] {processor.py:829} INFO - Processing file /home/lohit/miniconda3/envs/airflow-env/lib/python3.8/site-packages/airflow/example_dags/example_skip_dag.py for tasks to queue
[2025-06-01T18:32:47.535+0200] {logging_mixin.py:154} INFO - [2025-06-01T18:32:47.535+0200] {dagbag.py:536} INFO - Filling up the DagBag from /home/lohit/miniconda3/envs/airflow-env/lib/python3.8/site-packages/airflow/example_dags/example_skip_dag.py
[2025-06-01T18:32:47.540+0200] {processor.py:839} INFO - DAG(s) dict_keys(['example_skip_dag']) retrieved from /home/lohit/miniconda3/envs/airflow-env/lib/python3.8/site-packages/airflow/example_dags/example_skip_dag.py
[2025-06-01T18:32:47.550+0200] {logging_mixin.py:154} INFO - [2025-06-01T18:32:47.549+0200] {dag.py:2941} INFO - Sync 1 DAGs
[2025-06-01T18:32:47.563+0200] {logging_mixin.py:154} INFO - [2025-06-01T18:32:47.563+0200] {dag.py:3722} INFO - Setting next_dagrun for example_skip_dag to 2025-05-31T16:32:47.563516+00:00, run_after=2025-06-01T16:32:47.563516+00:00
[2025-06-01T18:32:47.578+0200] {processor.py:179} INFO - Processing /home/lohit/miniconda3/envs/airflow-env/lib/python3.8/site-packages/airflow/example_dags/example_skip_dag.py took 0.049 seconds
[2025-06-01T18:33:30.890+0200] {processor.py:157} INFO - Started process (PID=30788) to work on /home/lohit/miniconda3/envs/airflow-env/lib/python3.8/site-packages/airflow/example_dags/example_skip_dag.py
[2025-06-01T18:33:30.892+0200] {processor.py:829} INFO - Processing file /home/lohit/miniconda3/envs/airflow-env/lib/python3.8/site-packages/airflow/example_dags/example_skip_dag.py for tasks to queue
[2025-06-01T18:33:30.893+0200] {logging_mixin.py:154} INFO - [2025-06-01T18:33:30.892+0200] {dagbag.py:536} INFO - Filling up the DagBag from /home/lohit/miniconda3/envs/airflow-env/lib/python3.8/site-packages/airflow/example_dags/example_skip_dag.py
[2025-06-01T18:33:30.897+0200] {processor.py:839} INFO - DAG(s) dict_keys(['example_skip_dag']) retrieved from /home/lohit/miniconda3/envs/airflow-env/lib/python3.8/site-packages/airflow/example_dags/example_skip_dag.py
[2025-06-01T18:33:30.911+0200] {logging_mixin.py:154} INFO - [2025-06-01T18:33:30.910+0200] {dag.py:2941} INFO - Sync 1 DAGs
[2025-06-01T18:33:30.924+0200] {logging_mixin.py:154} INFO - [2025-06-01T18:33:30.924+0200] {dag.py:3722} INFO - Setting next_dagrun for example_skip_dag to 2025-05-31T16:33:30.924082+00:00, run_after=2025-06-01T16:33:30.924082+00:00
[2025-06-01T18:33:30.942+0200] {processor.py:179} INFO - Processing /home/lohit/miniconda3/envs/airflow-env/lib/python3.8/site-packages/airflow/example_dags/example_skip_dag.py took 0.054 seconds
[2025-06-01T18:34:05.656+0200] {processor.py:157} INFO - Started process (PID=30823) to work on /home/lohit/miniconda3/envs/airflow-env/lib/python3.8/site-packages/airflow/example_dags/example_skip_dag.py
[2025-06-01T18:34:05.658+0200] {processor.py:829} INFO - Processing file /home/lohit/miniconda3/envs/airflow-env/lib/python3.8/site-packages/airflow/example_dags/example_skip_dag.py for tasks to queue
[2025-06-01T18:34:05.658+0200] {logging_mixin.py:154} INFO - [2025-06-01T18:34:05.658+0200] {dagbag.py:536} INFO - Filling up the DagBag from /home/lohit/miniconda3/envs/airflow-env/lib/python3.8/site-packages/airflow/example_dags/example_skip_dag.py
[2025-06-01T18:34:05.663+0200] {processor.py:839} INFO - DAG(s) dict_keys(['example_skip_dag']) retrieved from /home/lohit/miniconda3/envs/airflow-env/lib/python3.8/site-packages/airflow/example_dags/example_skip_dag.py
[2025-06-01T18:34:05.674+0200] {logging_mixin.py:154} INFO - [2025-06-01T18:34:05.674+0200] {dag.py:2941} INFO - Sync 1 DAGs
[2025-06-01T18:34:05.687+0200] {logging_mixin.py:154} INFO - [2025-06-01T18:34:05.686+0200] {dag.py:3722} INFO - Setting next_dagrun for example_skip_dag to 2025-05-31T16:34:05.686814+00:00, run_after=2025-06-01T16:34:05.686814+00:00
[2025-06-01T18:34:05.702+0200] {processor.py:179} INFO - Processing /home/lohit/miniconda3/envs/airflow-env/lib/python3.8/site-packages/airflow/example_dags/example_skip_dag.py took 0.049 seconds
[2025-06-01T18:34:51.825+0200] {processor.py:157} INFO - Started process (PID=31608) to work on /home/lohit/miniconda3/envs/airflow-env/lib/python3.8/site-packages/airflow/example_dags/example_skip_dag.py
[2025-06-01T18:34:51.829+0200] {processor.py:829} INFO - Processing file /home/lohit/miniconda3/envs/airflow-env/lib/python3.8/site-packages/airflow/example_dags/example_skip_dag.py for tasks to queue
[2025-06-01T18:34:51.829+0200] {logging_mixin.py:154} INFO - [2025-06-01T18:34:51.829+0200] {dagbag.py:536} INFO - Filling up the DagBag from /home/lohit/miniconda3/envs/airflow-env/lib/python3.8/site-packages/airflow/example_dags/example_skip_dag.py
[2025-06-01T18:34:51.836+0200] {processor.py:839} INFO - DAG(s) dict_keys(['example_skip_dag']) retrieved from /home/lohit/miniconda3/envs/airflow-env/lib/python3.8/site-packages/airflow/example_dags/example_skip_dag.py
[2025-06-01T18:34:51.847+0200] {logging_mixin.py:154} INFO - [2025-06-01T18:34:51.846+0200] {dag.py:2941} INFO - Sync 1 DAGs
[2025-06-01T18:34:51.858+0200] {logging_mixin.py:154} INFO - [2025-06-01T18:34:51.857+0200] {dag.py:3722} INFO - Setting next_dagrun for example_skip_dag to 2025-05-31T16:34:51.857711+00:00, run_after=2025-06-01T16:34:51.857711+00:00
[2025-06-01T18:34:51.873+0200] {processor.py:179} INFO - Processing /home/lohit/miniconda3/envs/airflow-env/lib/python3.8/site-packages/airflow/example_dags/example_skip_dag.py took 0.050 seconds
[2025-06-01T18:35:40.892+0200] {processor.py:157} INFO - Started process (PID=31679) to work on /home/lohit/miniconda3/envs/airflow-env/lib/python3.8/site-packages/airflow/example_dags/example_skip_dag.py
[2025-06-01T18:35:40.893+0200] {processor.py:829} INFO - Processing file /home/lohit/miniconda3/envs/airflow-env/lib/python3.8/site-packages/airflow/example_dags/example_skip_dag.py for tasks to queue
[2025-06-01T18:35:40.893+0200] {logging_mixin.py:154} INFO - [2025-06-01T18:35:40.893+0200] {dagbag.py:536} INFO - Filling up the DagBag from /home/lohit/miniconda3/envs/airflow-env/lib/python3.8/site-packages/airflow/example_dags/example_skip_dag.py
[2025-06-01T18:35:40.899+0200] {processor.py:839} INFO - DAG(s) dict_keys(['example_skip_dag']) retrieved from /home/lohit/miniconda3/envs/airflow-env/lib/python3.8/site-packages/airflow/example_dags/example_skip_dag.py
[2025-06-01T18:35:40.912+0200] {logging_mixin.py:154} INFO - [2025-06-01T18:35:40.912+0200] {dag.py:2941} INFO - Sync 1 DAGs
[2025-06-01T18:35:40.924+0200] {logging_mixin.py:154} INFO - [2025-06-01T18:35:40.924+0200] {dag.py:3722} INFO - Setting next_dagrun for example_skip_dag to 2025-05-31T16:35:40.924254+00:00, run_after=2025-06-01T16:35:40.924254+00:00
[2025-06-01T18:35:40.942+0200] {processor.py:179} INFO - Processing /home/lohit/miniconda3/envs/airflow-env/lib/python3.8/site-packages/airflow/example_dags/example_skip_dag.py took 0.053 seconds
