[2025-06-01T17:52:08.381+0200] {processor.py:157} INFO - Started process (PID=26908) to work on /home/lohit/miniconda3/envs/airflow-env/lib/python3.8/site-packages/airflow/example_dags/example_dag_decorator.py
[2025-06-01T17:52:08.382+0200] {processor.py:829} INFO - Processing file /home/lohit/miniconda3/envs/airflow-env/lib/python3.8/site-packages/airflow/example_dags/example_dag_decorator.py for tasks to queue
[2025-06-01T17:52:08.382+0200] {logging_mixin.py:154} INFO - [2025-06-01T17:52:08.382+0200] {dagbag.py:536} INFO - Filling up the DagBag from /home/lohit/miniconda3/envs/airflow-env/lib/python3.8/site-packages/airflow/example_dags/example_dag_decorator.py
[2025-06-01T17:52:08.419+0200] {processor.py:839} INFO - DAG(s) dict_keys(['example_dag_decorator']) retrieved from /home/lohit/miniconda3/envs/airflow-env/lib/python3.8/site-packages/airflow/example_dags/example_dag_decorator.py
[2025-06-01T17:52:08.464+0200] {logging_mixin.py:154} INFO - [2025-06-01T17:52:08.464+0200] {dag.py:2941} INFO - Sync 1 DAGs
[2025-06-01T17:52:08.469+0200] {logging_mixin.py:154} INFO - [2025-06-01T17:52:08.469+0200] {dag.py:3722} INFO - Setting next_dagrun for example_dag_decorator to None, run_after=None
[2025-06-01T17:52:08.489+0200] {processor.py:179} INFO - Processing /home/lohit/miniconda3/envs/airflow-env/lib/python3.8/site-packages/airflow/example_dags/example_dag_decorator.py took 0.110 seconds
[2025-06-01T17:53:31.899+0200] {processor.py:157} INFO - Started process (PID=27128) to work on /home/lohit/miniconda3/envs/airflow-env/lib/python3.8/site-packages/airflow/example_dags/example_dag_decorator.py
[2025-06-01T17:53:31.902+0200] {processor.py:829} INFO - Processing file /home/lohit/miniconda3/envs/airflow-env/lib/python3.8/site-packages/airflow/example_dags/example_dag_decorator.py for tasks to queue
[2025-06-01T17:53:31.903+0200] {logging_mixin.py:154} INFO - [2025-06-01T17:53:31.903+0200] {dagbag.py:536} INFO - Filling up the DagBag from /home/lohit/miniconda3/envs/airflow-env/lib/python3.8/site-packages/airflow/example_dags/example_dag_decorator.py
[2025-06-01T17:53:31.939+0200] {processor.py:839} INFO - DAG(s) dict_keys(['example_dag_decorator']) retrieved from /home/lohit/miniconda3/envs/airflow-env/lib/python3.8/site-packages/airflow/example_dags/example_dag_decorator.py
[2025-06-01T17:53:31.988+0200] {logging_mixin.py:154} INFO - [2025-06-01T17:53:31.988+0200] {dag.py:2941} INFO - Sync 1 DAGs
[2025-06-01T17:53:31.995+0200] {logging_mixin.py:154} INFO - [2025-06-01T17:53:31.995+0200] {dag.py:3722} INFO - Setting next_dagrun for example_dag_decorator to None, run_after=None
[2025-06-01T17:53:32.013+0200] {processor.py:179} INFO - Processing /home/lohit/miniconda3/envs/airflow-env/lib/python3.8/site-packages/airflow/example_dags/example_dag_decorator.py took 0.115 seconds
[2025-06-01T17:54:16.490+0200] {processor.py:157} INFO - Started process (PID=27196) to work on /home/lohit/miniconda3/envs/airflow-env/lib/python3.8/site-packages/airflow/example_dags/example_dag_decorator.py
[2025-06-01T17:54:16.493+0200] {processor.py:829} INFO - Processing file /home/lohit/miniconda3/envs/airflow-env/lib/python3.8/site-packages/airflow/example_dags/example_dag_decorator.py for tasks to queue
[2025-06-01T17:54:16.494+0200] {logging_mixin.py:154} INFO - [2025-06-01T17:54:16.494+0200] {dagbag.py:536} INFO - Filling up the DagBag from /home/lohit/miniconda3/envs/airflow-env/lib/python3.8/site-packages/airflow/example_dags/example_dag_decorator.py
[2025-06-01T17:54:16.528+0200] {processor.py:839} INFO - DAG(s) dict_keys(['example_dag_decorator']) retrieved from /home/lohit/miniconda3/envs/airflow-env/lib/python3.8/site-packages/airflow/example_dags/example_dag_decorator.py
[2025-06-01T17:54:16.571+0200] {logging_mixin.py:154} INFO - [2025-06-01T17:54:16.571+0200] {dag.py:2941} INFO - Sync 1 DAGs
[2025-06-01T17:54:16.577+0200] {logging_mixin.py:154} INFO - [2025-06-01T17:54:16.577+0200] {dag.py:3722} INFO - Setting next_dagrun for example_dag_decorator to None, run_after=None
[2025-06-01T17:54:16.593+0200] {processor.py:179} INFO - Processing /home/lohit/miniconda3/envs/airflow-env/lib/python3.8/site-packages/airflow/example_dags/example_dag_decorator.py took 0.105 seconds
[2025-06-01T17:55:00.482+0200] {processor.py:157} INFO - Started process (PID=27262) to work on /home/lohit/miniconda3/envs/airflow-env/lib/python3.8/site-packages/airflow/example_dags/example_dag_decorator.py
[2025-06-01T17:55:00.483+0200] {processor.py:829} INFO - Processing file /home/lohit/miniconda3/envs/airflow-env/lib/python3.8/site-packages/airflow/example_dags/example_dag_decorator.py for tasks to queue
[2025-06-01T17:55:00.484+0200] {logging_mixin.py:154} INFO - [2025-06-01T17:55:00.484+0200] {dagbag.py:536} INFO - Filling up the DagBag from /home/lohit/miniconda3/envs/airflow-env/lib/python3.8/site-packages/airflow/example_dags/example_dag_decorator.py
[2025-06-01T17:55:00.519+0200] {processor.py:839} INFO - DAG(s) dict_keys(['example_dag_decorator']) retrieved from /home/lohit/miniconda3/envs/airflow-env/lib/python3.8/site-packages/airflow/example_dags/example_dag_decorator.py
[2025-06-01T17:55:00.566+0200] {logging_mixin.py:154} INFO - [2025-06-01T17:55:00.566+0200] {dag.py:2941} INFO - Sync 1 DAGs
[2025-06-01T17:55:00.571+0200] {logging_mixin.py:154} INFO - [2025-06-01T17:55:00.571+0200] {dag.py:3722} INFO - Setting next_dagrun for example_dag_decorator to None, run_after=None
[2025-06-01T17:55:00.586+0200] {processor.py:179} INFO - Processing /home/lohit/miniconda3/envs/airflow-env/lib/python3.8/site-packages/airflow/example_dags/example_dag_decorator.py took 0.105 seconds
[2025-06-01T17:55:48.291+0200] {processor.py:157} INFO - Started process (PID=27332) to work on /home/lohit/miniconda3/envs/airflow-env/lib/python3.8/site-packages/airflow/example_dags/example_dag_decorator.py
[2025-06-01T17:55:48.295+0200] {processor.py:829} INFO - Processing file /home/lohit/miniconda3/envs/airflow-env/lib/python3.8/site-packages/airflow/example_dags/example_dag_decorator.py for tasks to queue
[2025-06-01T17:55:48.295+0200] {logging_mixin.py:154} INFO - [2025-06-01T17:55:48.295+0200] {dagbag.py:536} INFO - Filling up the DagBag from /home/lohit/miniconda3/envs/airflow-env/lib/python3.8/site-packages/airflow/example_dags/example_dag_decorator.py
[2025-06-01T17:55:48.331+0200] {processor.py:839} INFO - DAG(s) dict_keys(['example_dag_decorator']) retrieved from /home/lohit/miniconda3/envs/airflow-env/lib/python3.8/site-packages/airflow/example_dags/example_dag_decorator.py
[2025-06-01T17:55:48.377+0200] {logging_mixin.py:154} INFO - [2025-06-01T17:55:48.377+0200] {dag.py:2941} INFO - Sync 1 DAGs
[2025-06-01T17:55:48.382+0200] {logging_mixin.py:154} INFO - [2025-06-01T17:55:48.382+0200] {dag.py:3722} INFO - Setting next_dagrun for example_dag_decorator to None, run_after=None
[2025-06-01T17:55:48.400+0200] {processor.py:179} INFO - Processing /home/lohit/miniconda3/envs/airflow-env/lib/python3.8/site-packages/airflow/example_dags/example_dag_decorator.py took 0.111 seconds
[2025-06-01T17:56:33.728+0200] {processor.py:157} INFO - Started process (PID=27402) to work on /home/lohit/miniconda3/envs/airflow-env/lib/python3.8/site-packages/airflow/example_dags/example_dag_decorator.py
[2025-06-01T17:56:33.731+0200] {processor.py:829} INFO - Processing file /home/lohit/miniconda3/envs/airflow-env/lib/python3.8/site-packages/airflow/example_dags/example_dag_decorator.py for tasks to queue
[2025-06-01T17:56:33.731+0200] {logging_mixin.py:154} INFO - [2025-06-01T17:56:33.731+0200] {dagbag.py:536} INFO - Filling up the DagBag from /home/lohit/miniconda3/envs/airflow-env/lib/python3.8/site-packages/airflow/example_dags/example_dag_decorator.py
[2025-06-01T17:56:33.764+0200] {processor.py:839} INFO - DAG(s) dict_keys(['example_dag_decorator']) retrieved from /home/lohit/miniconda3/envs/airflow-env/lib/python3.8/site-packages/airflow/example_dags/example_dag_decorator.py
[2025-06-01T17:56:33.809+0200] {logging_mixin.py:154} INFO - [2025-06-01T17:56:33.809+0200] {dag.py:2941} INFO - Sync 1 DAGs
[2025-06-01T17:56:33.814+0200] {logging_mixin.py:154} INFO - [2025-06-01T17:56:33.814+0200] {dag.py:3722} INFO - Setting next_dagrun for example_dag_decorator to None, run_after=None
[2025-06-01T17:56:33.830+0200] {processor.py:179} INFO - Processing /home/lohit/miniconda3/envs/airflow-env/lib/python3.8/site-packages/airflow/example_dags/example_dag_decorator.py took 0.105 seconds
[2025-06-01T17:57:23.019+0200] {processor.py:157} INFO - Started process (PID=27474) to work on /home/lohit/miniconda3/envs/airflow-env/lib/python3.8/site-packages/airflow/example_dags/example_dag_decorator.py
[2025-06-01T17:57:23.022+0200] {processor.py:829} INFO - Processing file /home/lohit/miniconda3/envs/airflow-env/lib/python3.8/site-packages/airflow/example_dags/example_dag_decorator.py for tasks to queue
[2025-06-01T17:57:23.023+0200] {logging_mixin.py:154} INFO - [2025-06-01T17:57:23.023+0200] {dagbag.py:536} INFO - Filling up the DagBag from /home/lohit/miniconda3/envs/airflow-env/lib/python3.8/site-packages/airflow/example_dags/example_dag_decorator.py
[2025-06-01T17:57:23.062+0200] {processor.py:839} INFO - DAG(s) dict_keys(['example_dag_decorator']) retrieved from /home/lohit/miniconda3/envs/airflow-env/lib/python3.8/site-packages/airflow/example_dags/example_dag_decorator.py
[2025-06-01T17:57:23.115+0200] {logging_mixin.py:154} INFO - [2025-06-01T17:57:23.115+0200] {dag.py:2941} INFO - Sync 1 DAGs
[2025-06-01T17:57:23.120+0200] {logging_mixin.py:154} INFO - [2025-06-01T17:57:23.120+0200] {dag.py:3722} INFO - Setting next_dagrun for example_dag_decorator to None, run_after=None
[2025-06-01T17:57:23.140+0200] {processor.py:179} INFO - Processing /home/lohit/miniconda3/envs/airflow-env/lib/python3.8/site-packages/airflow/example_dags/example_dag_decorator.py took 0.123 seconds
[2025-06-01T17:58:07.186+0200] {processor.py:157} INFO - Started process (PID=27542) to work on /home/lohit/miniconda3/envs/airflow-env/lib/python3.8/site-packages/airflow/example_dags/example_dag_decorator.py
[2025-06-01T17:58:07.190+0200] {processor.py:829} INFO - Processing file /home/lohit/miniconda3/envs/airflow-env/lib/python3.8/site-packages/airflow/example_dags/example_dag_decorator.py for tasks to queue
[2025-06-01T17:58:07.191+0200] {logging_mixin.py:154} INFO - [2025-06-01T17:58:07.190+0200] {dagbag.py:536} INFO - Filling up the DagBag from /home/lohit/miniconda3/envs/airflow-env/lib/python3.8/site-packages/airflow/example_dags/example_dag_decorator.py
[2025-06-01T17:58:07.224+0200] {processor.py:839} INFO - DAG(s) dict_keys(['example_dag_decorator']) retrieved from /home/lohit/miniconda3/envs/airflow-env/lib/python3.8/site-packages/airflow/example_dags/example_dag_decorator.py
[2025-06-01T17:58:07.271+0200] {logging_mixin.py:154} INFO - [2025-06-01T17:58:07.271+0200] {dag.py:2941} INFO - Sync 1 DAGs
[2025-06-01T17:58:07.283+0200] {logging_mixin.py:154} INFO - [2025-06-01T17:58:07.283+0200] {dag.py:3722} INFO - Setting next_dagrun for example_dag_decorator to None, run_after=None
[2025-06-01T17:58:07.303+0200] {processor.py:179} INFO - Processing /home/lohit/miniconda3/envs/airflow-env/lib/python3.8/site-packages/airflow/example_dags/example_dag_decorator.py took 0.118 seconds
[2025-06-01T17:58:55.405+0200] {processor.py:157} INFO - Started process (PID=27613) to work on /home/lohit/miniconda3/envs/airflow-env/lib/python3.8/site-packages/airflow/example_dags/example_dag_decorator.py
[2025-06-01T17:58:55.408+0200] {processor.py:829} INFO - Processing file /home/lohit/miniconda3/envs/airflow-env/lib/python3.8/site-packages/airflow/example_dags/example_dag_decorator.py for tasks to queue
[2025-06-01T17:58:55.409+0200] {logging_mixin.py:154} INFO - [2025-06-01T17:58:55.409+0200] {dagbag.py:536} INFO - Filling up the DagBag from /home/lohit/miniconda3/envs/airflow-env/lib/python3.8/site-packages/airflow/example_dags/example_dag_decorator.py
[2025-06-01T17:58:55.442+0200] {processor.py:839} INFO - DAG(s) dict_keys(['example_dag_decorator']) retrieved from /home/lohit/miniconda3/envs/airflow-env/lib/python3.8/site-packages/airflow/example_dags/example_dag_decorator.py
[2025-06-01T17:58:55.488+0200] {logging_mixin.py:154} INFO - [2025-06-01T17:58:55.488+0200] {dag.py:2941} INFO - Sync 1 DAGs
[2025-06-01T17:58:55.494+0200] {logging_mixin.py:154} INFO - [2025-06-01T17:58:55.494+0200] {dag.py:3722} INFO - Setting next_dagrun for example_dag_decorator to None, run_after=None
[2025-06-01T17:58:55.509+0200] {processor.py:179} INFO - Processing /home/lohit/miniconda3/envs/airflow-env/lib/python3.8/site-packages/airflow/example_dags/example_dag_decorator.py took 0.106 seconds
[2025-06-01T17:59:40.332+0200] {processor.py:157} INFO - Started process (PID=27681) to work on /home/lohit/miniconda3/envs/airflow-env/lib/python3.8/site-packages/airflow/example_dags/example_dag_decorator.py
[2025-06-01T17:59:40.335+0200] {processor.py:829} INFO - Processing file /home/lohit/miniconda3/envs/airflow-env/lib/python3.8/site-packages/airflow/example_dags/example_dag_decorator.py for tasks to queue
[2025-06-01T17:59:40.336+0200] {logging_mixin.py:154} INFO - [2025-06-01T17:59:40.336+0200] {dagbag.py:536} INFO - Filling up the DagBag from /home/lohit/miniconda3/envs/airflow-env/lib/python3.8/site-packages/airflow/example_dags/example_dag_decorator.py
[2025-06-01T17:59:40.367+0200] {processor.py:839} INFO - DAG(s) dict_keys(['example_dag_decorator']) retrieved from /home/lohit/miniconda3/envs/airflow-env/lib/python3.8/site-packages/airflow/example_dags/example_dag_decorator.py
[2025-06-01T17:59:40.377+0200] {logging_mixin.py:154} INFO - [2025-06-01T17:59:40.377+0200] {dag.py:2941} INFO - Sync 1 DAGs
[2025-06-01T17:59:40.384+0200] {logging_mixin.py:154} INFO - [2025-06-01T17:59:40.384+0200] {dag.py:3722} INFO - Setting next_dagrun for example_dag_decorator to None, run_after=None
[2025-06-01T17:59:40.399+0200] {processor.py:179} INFO - Processing /home/lohit/miniconda3/envs/airflow-env/lib/python3.8/site-packages/airflow/example_dags/example_dag_decorator.py took 0.069 seconds
[2025-06-01T18:00:29.068+0200] {processor.py:157} INFO - Started process (PID=27752) to work on /home/lohit/miniconda3/envs/airflow-env/lib/python3.8/site-packages/airflow/example_dags/example_dag_decorator.py
[2025-06-01T18:00:29.071+0200] {processor.py:829} INFO - Processing file /home/lohit/miniconda3/envs/airflow-env/lib/python3.8/site-packages/airflow/example_dags/example_dag_decorator.py for tasks to queue
[2025-06-01T18:00:29.072+0200] {logging_mixin.py:154} INFO - [2025-06-01T18:00:29.071+0200] {dagbag.py:536} INFO - Filling up the DagBag from /home/lohit/miniconda3/envs/airflow-env/lib/python3.8/site-packages/airflow/example_dags/example_dag_decorator.py
[2025-06-01T18:00:29.104+0200] {processor.py:839} INFO - DAG(s) dict_keys(['example_dag_decorator']) retrieved from /home/lohit/miniconda3/envs/airflow-env/lib/python3.8/site-packages/airflow/example_dags/example_dag_decorator.py
[2025-06-01T18:00:29.154+0200] {logging_mixin.py:154} INFO - [2025-06-01T18:00:29.154+0200] {dag.py:2941} INFO - Sync 1 DAGs
[2025-06-01T18:00:29.159+0200] {logging_mixin.py:154} INFO - [2025-06-01T18:00:29.159+0200] {dag.py:3722} INFO - Setting next_dagrun for example_dag_decorator to None, run_after=None
[2025-06-01T18:00:29.179+0200] {processor.py:179} INFO - Processing /home/lohit/miniconda3/envs/airflow-env/lib/python3.8/site-packages/airflow/example_dags/example_dag_decorator.py took 0.113 seconds
[2025-06-01T18:01:14.173+0200] {processor.py:157} INFO - Started process (PID=27853) to work on /home/lohit/miniconda3/envs/airflow-env/lib/python3.8/site-packages/airflow/example_dags/example_dag_decorator.py
[2025-06-01T18:01:14.174+0200] {processor.py:829} INFO - Processing file /home/lohit/miniconda3/envs/airflow-env/lib/python3.8/site-packages/airflow/example_dags/example_dag_decorator.py for tasks to queue
[2025-06-01T18:01:14.174+0200] {logging_mixin.py:154} INFO - [2025-06-01T18:01:14.174+0200] {dagbag.py:536} INFO - Filling up the DagBag from /home/lohit/miniconda3/envs/airflow-env/lib/python3.8/site-packages/airflow/example_dags/example_dag_decorator.py
[2025-06-01T18:01:14.208+0200] {processor.py:839} INFO - DAG(s) dict_keys(['example_dag_decorator']) retrieved from /home/lohit/miniconda3/envs/airflow-env/lib/python3.8/site-packages/airflow/example_dags/example_dag_decorator.py
[2025-06-01T18:01:14.253+0200] {logging_mixin.py:154} INFO - [2025-06-01T18:01:14.252+0200] {dag.py:2941} INFO - Sync 1 DAGs
[2025-06-01T18:01:14.258+0200] {logging_mixin.py:154} INFO - [2025-06-01T18:01:14.257+0200] {dag.py:3722} INFO - Setting next_dagrun for example_dag_decorator to None, run_after=None
[2025-06-01T18:01:14.273+0200] {processor.py:179} INFO - Processing /home/lohit/miniconda3/envs/airflow-env/lib/python3.8/site-packages/airflow/example_dags/example_dag_decorator.py took 0.102 seconds
[2025-06-01T18:02:02.694+0200] {processor.py:157} INFO - Started process (PID=27925) to work on /home/lohit/miniconda3/envs/airflow-env/lib/python3.8/site-packages/airflow/example_dags/example_dag_decorator.py
[2025-06-01T18:02:02.697+0200] {processor.py:829} INFO - Processing file /home/lohit/miniconda3/envs/airflow-env/lib/python3.8/site-packages/airflow/example_dags/example_dag_decorator.py for tasks to queue
[2025-06-01T18:02:02.698+0200] {logging_mixin.py:154} INFO - [2025-06-01T18:02:02.698+0200] {dagbag.py:536} INFO - Filling up the DagBag from /home/lohit/miniconda3/envs/airflow-env/lib/python3.8/site-packages/airflow/example_dags/example_dag_decorator.py
[2025-06-01T18:02:02.731+0200] {processor.py:839} INFO - DAG(s) dict_keys(['example_dag_decorator']) retrieved from /home/lohit/miniconda3/envs/airflow-env/lib/python3.8/site-packages/airflow/example_dags/example_dag_decorator.py
[2025-06-01T18:02:02.778+0200] {logging_mixin.py:154} INFO - [2025-06-01T18:02:02.778+0200] {dag.py:2941} INFO - Sync 1 DAGs
[2025-06-01T18:02:02.785+0200] {logging_mixin.py:154} INFO - [2025-06-01T18:02:02.785+0200] {dag.py:3722} INFO - Setting next_dagrun for example_dag_decorator to None, run_after=None
[2025-06-01T18:02:02.804+0200] {processor.py:179} INFO - Processing /home/lohit/miniconda3/envs/airflow-env/lib/python3.8/site-packages/airflow/example_dags/example_dag_decorator.py took 0.112 seconds
[2025-06-01T18:02:46.159+0200] {processor.py:157} INFO - Started process (PID=27993) to work on /home/lohit/miniconda3/envs/airflow-env/lib/python3.8/site-packages/airflow/example_dags/example_dag_decorator.py
[2025-06-01T18:02:46.162+0200] {processor.py:829} INFO - Processing file /home/lohit/miniconda3/envs/airflow-env/lib/python3.8/site-packages/airflow/example_dags/example_dag_decorator.py for tasks to queue
[2025-06-01T18:02:46.163+0200] {logging_mixin.py:154} INFO - [2025-06-01T18:02:46.162+0200] {dagbag.py:536} INFO - Filling up the DagBag from /home/lohit/miniconda3/envs/airflow-env/lib/python3.8/site-packages/airflow/example_dags/example_dag_decorator.py
[2025-06-01T18:02:46.201+0200] {processor.py:839} INFO - DAG(s) dict_keys(['example_dag_decorator']) retrieved from /home/lohit/miniconda3/envs/airflow-env/lib/python3.8/site-packages/airflow/example_dags/example_dag_decorator.py
[2025-06-01T18:02:46.251+0200] {logging_mixin.py:154} INFO - [2025-06-01T18:02:46.251+0200] {dag.py:2941} INFO - Sync 1 DAGs
[2025-06-01T18:02:46.257+0200] {logging_mixin.py:154} INFO - [2025-06-01T18:02:46.257+0200] {dag.py:3722} INFO - Setting next_dagrun for example_dag_decorator to None, run_after=None
[2025-06-01T18:02:46.278+0200] {processor.py:179} INFO - Processing /home/lohit/miniconda3/envs/airflow-env/lib/python3.8/site-packages/airflow/example_dags/example_dag_decorator.py took 0.121 seconds
[2025-06-01T18:03:32.983+0200] {processor.py:157} INFO - Started process (PID=28071) to work on /home/lohit/miniconda3/envs/airflow-env/lib/python3.8/site-packages/airflow/example_dags/example_dag_decorator.py
[2025-06-01T18:03:32.984+0200] {processor.py:829} INFO - Processing file /home/lohit/miniconda3/envs/airflow-env/lib/python3.8/site-packages/airflow/example_dags/example_dag_decorator.py for tasks to queue
[2025-06-01T18:03:32.984+0200] {logging_mixin.py:154} INFO - [2025-06-01T18:03:32.984+0200] {dagbag.py:536} INFO - Filling up the DagBag from /home/lohit/miniconda3/envs/airflow-env/lib/python3.8/site-packages/airflow/example_dags/example_dag_decorator.py
[2025-06-01T18:03:33.032+0200] {processor.py:839} INFO - DAG(s) dict_keys(['example_dag_decorator']) retrieved from /home/lohit/miniconda3/envs/airflow-env/lib/python3.8/site-packages/airflow/example_dags/example_dag_decorator.py
[2025-06-01T18:03:33.118+0200] {logging_mixin.py:154} INFO - [2025-06-01T18:03:33.118+0200] {dag.py:2941} INFO - Sync 1 DAGs
[2025-06-01T18:03:33.124+0200] {logging_mixin.py:154} INFO - [2025-06-01T18:03:33.124+0200] {dag.py:3722} INFO - Setting next_dagrun for example_dag_decorator to None, run_after=None
[2025-06-01T18:03:33.139+0200] {processor.py:179} INFO - Processing /home/lohit/miniconda3/envs/airflow-env/lib/python3.8/site-packages/airflow/example_dags/example_dag_decorator.py took 0.158 seconds
[2025-06-01T18:04:19.331+0200] {processor.py:157} INFO - Started process (PID=28143) to work on /home/lohit/miniconda3/envs/airflow-env/lib/python3.8/site-packages/airflow/example_dags/example_dag_decorator.py
[2025-06-01T18:04:19.334+0200] {processor.py:829} INFO - Processing file /home/lohit/miniconda3/envs/airflow-env/lib/python3.8/site-packages/airflow/example_dags/example_dag_decorator.py for tasks to queue
[2025-06-01T18:04:19.334+0200] {logging_mixin.py:154} INFO - [2025-06-01T18:04:19.334+0200] {dagbag.py:536} INFO - Filling up the DagBag from /home/lohit/miniconda3/envs/airflow-env/lib/python3.8/site-packages/airflow/example_dags/example_dag_decorator.py
[2025-06-01T18:04:19.368+0200] {processor.py:839} INFO - DAG(s) dict_keys(['example_dag_decorator']) retrieved from /home/lohit/miniconda3/envs/airflow-env/lib/python3.8/site-packages/airflow/example_dags/example_dag_decorator.py
[2025-06-01T18:04:19.412+0200] {logging_mixin.py:154} INFO - [2025-06-01T18:04:19.412+0200] {dag.py:2941} INFO - Sync 1 DAGs
[2025-06-01T18:04:19.417+0200] {logging_mixin.py:154} INFO - [2025-06-01T18:04:19.417+0200] {dag.py:3722} INFO - Setting next_dagrun for example_dag_decorator to None, run_after=None
[2025-06-01T18:04:19.435+0200] {processor.py:179} INFO - Processing /home/lohit/miniconda3/envs/airflow-env/lib/python3.8/site-packages/airflow/example_dags/example_dag_decorator.py took 0.106 seconds
[2025-06-01T18:05:05.538+0200] {processor.py:157} INFO - Started process (PID=28220) to work on /home/lohit/miniconda3/envs/airflow-env/lib/python3.8/site-packages/airflow/example_dags/example_dag_decorator.py
[2025-06-01T18:05:05.541+0200] {processor.py:829} INFO - Processing file /home/lohit/miniconda3/envs/airflow-env/lib/python3.8/site-packages/airflow/example_dags/example_dag_decorator.py for tasks to queue
[2025-06-01T18:05:05.542+0200] {logging_mixin.py:154} INFO - [2025-06-01T18:05:05.542+0200] {dagbag.py:536} INFO - Filling up the DagBag from /home/lohit/miniconda3/envs/airflow-env/lib/python3.8/site-packages/airflow/example_dags/example_dag_decorator.py
[2025-06-01T18:05:05.573+0200] {processor.py:839} INFO - DAG(s) dict_keys(['example_dag_decorator']) retrieved from /home/lohit/miniconda3/envs/airflow-env/lib/python3.8/site-packages/airflow/example_dags/example_dag_decorator.py
[2025-06-01T18:05:05.622+0200] {logging_mixin.py:154} INFO - [2025-06-01T18:05:05.621+0200] {dag.py:2941} INFO - Sync 1 DAGs
[2025-06-01T18:05:05.627+0200] {logging_mixin.py:154} INFO - [2025-06-01T18:05:05.627+0200] {dag.py:3722} INFO - Setting next_dagrun for example_dag_decorator to None, run_after=None
[2025-06-01T18:05:05.642+0200] {processor.py:179} INFO - Processing /home/lohit/miniconda3/envs/airflow-env/lib/python3.8/site-packages/airflow/example_dags/example_dag_decorator.py took 0.106 seconds
[2025-06-01T18:05:57.299+0200] {processor.py:157} INFO - Started process (PID=28301) to work on /home/lohit/miniconda3/envs/airflow-env/lib/python3.8/site-packages/airflow/example_dags/example_dag_decorator.py
[2025-06-01T18:05:57.303+0200] {processor.py:829} INFO - Processing file /home/lohit/miniconda3/envs/airflow-env/lib/python3.8/site-packages/airflow/example_dags/example_dag_decorator.py for tasks to queue
[2025-06-01T18:05:57.303+0200] {logging_mixin.py:154} INFO - [2025-06-01T18:05:57.303+0200] {dagbag.py:536} INFO - Filling up the DagBag from /home/lohit/miniconda3/envs/airflow-env/lib/python3.8/site-packages/airflow/example_dags/example_dag_decorator.py
[2025-06-01T18:05:57.335+0200] {processor.py:839} INFO - DAG(s) dict_keys(['example_dag_decorator']) retrieved from /home/lohit/miniconda3/envs/airflow-env/lib/python3.8/site-packages/airflow/example_dags/example_dag_decorator.py
[2025-06-01T18:05:57.378+0200] {logging_mixin.py:154} INFO - [2025-06-01T18:05:57.378+0200] {dag.py:2941} INFO - Sync 1 DAGs
[2025-06-01T18:05:57.384+0200] {logging_mixin.py:154} INFO - [2025-06-01T18:05:57.384+0200] {dag.py:3722} INFO - Setting next_dagrun for example_dag_decorator to None, run_after=None
[2025-06-01T18:05:57.399+0200] {processor.py:179} INFO - Processing /home/lohit/miniconda3/envs/airflow-env/lib/python3.8/site-packages/airflow/example_dags/example_dag_decorator.py took 0.102 seconds
[2025-06-01T18:06:42.420+0200] {processor.py:157} INFO - Started process (PID=28369) to work on /home/lohit/miniconda3/envs/airflow-env/lib/python3.8/site-packages/airflow/example_dags/example_dag_decorator.py
[2025-06-01T18:06:42.423+0200] {processor.py:829} INFO - Processing file /home/lohit/miniconda3/envs/airflow-env/lib/python3.8/site-packages/airflow/example_dags/example_dag_decorator.py for tasks to queue
[2025-06-01T18:06:42.424+0200] {logging_mixin.py:154} INFO - [2025-06-01T18:06:42.424+0200] {dagbag.py:536} INFO - Filling up the DagBag from /home/lohit/miniconda3/envs/airflow-env/lib/python3.8/site-packages/airflow/example_dags/example_dag_decorator.py
[2025-06-01T18:06:42.462+0200] {processor.py:839} INFO - DAG(s) dict_keys(['example_dag_decorator']) retrieved from /home/lohit/miniconda3/envs/airflow-env/lib/python3.8/site-packages/airflow/example_dags/example_dag_decorator.py
[2025-06-01T18:06:42.513+0200] {logging_mixin.py:154} INFO - [2025-06-01T18:06:42.513+0200] {dag.py:2941} INFO - Sync 1 DAGs
[2025-06-01T18:06:42.519+0200] {logging_mixin.py:154} INFO - [2025-06-01T18:06:42.518+0200] {dag.py:3722} INFO - Setting next_dagrun for example_dag_decorator to None, run_after=None
[2025-06-01T18:06:42.537+0200] {processor.py:179} INFO - Processing /home/lohit/miniconda3/envs/airflow-env/lib/python3.8/site-packages/airflow/example_dags/example_dag_decorator.py took 0.119 seconds
[2025-06-01T18:07:27.462+0200] {processor.py:157} INFO - Started process (PID=28437) to work on /home/lohit/miniconda3/envs/airflow-env/lib/python3.8/site-packages/airflow/example_dags/example_dag_decorator.py
[2025-06-01T18:07:27.465+0200] {processor.py:829} INFO - Processing file /home/lohit/miniconda3/envs/airflow-env/lib/python3.8/site-packages/airflow/example_dags/example_dag_decorator.py for tasks to queue
[2025-06-01T18:07:27.466+0200] {logging_mixin.py:154} INFO - [2025-06-01T18:07:27.465+0200] {dagbag.py:536} INFO - Filling up the DagBag from /home/lohit/miniconda3/envs/airflow-env/lib/python3.8/site-packages/airflow/example_dags/example_dag_decorator.py
[2025-06-01T18:07:27.500+0200] {processor.py:839} INFO - DAG(s) dict_keys(['example_dag_decorator']) retrieved from /home/lohit/miniconda3/envs/airflow-env/lib/python3.8/site-packages/airflow/example_dags/example_dag_decorator.py
[2025-06-01T18:07:27.548+0200] {logging_mixin.py:154} INFO - [2025-06-01T18:07:27.548+0200] {dag.py:2941} INFO - Sync 1 DAGs
[2025-06-01T18:07:27.554+0200] {logging_mixin.py:154} INFO - [2025-06-01T18:07:27.554+0200] {dag.py:3722} INFO - Setting next_dagrun for example_dag_decorator to None, run_after=None
[2025-06-01T18:07:27.572+0200] {processor.py:179} INFO - Processing /home/lohit/miniconda3/envs/airflow-env/lib/python3.8/site-packages/airflow/example_dags/example_dag_decorator.py took 0.112 seconds
[2025-06-01T18:08:11.457+0200] {processor.py:157} INFO - Started process (PID=28505) to work on /home/lohit/miniconda3/envs/airflow-env/lib/python3.8/site-packages/airflow/example_dags/example_dag_decorator.py
[2025-06-01T18:08:11.459+0200] {processor.py:829} INFO - Processing file /home/lohit/miniconda3/envs/airflow-env/lib/python3.8/site-packages/airflow/example_dags/example_dag_decorator.py for tasks to queue
[2025-06-01T18:08:11.459+0200] {logging_mixin.py:154} INFO - [2025-06-01T18:08:11.459+0200] {dagbag.py:536} INFO - Filling up the DagBag from /home/lohit/miniconda3/envs/airflow-env/lib/python3.8/site-packages/airflow/example_dags/example_dag_decorator.py
[2025-06-01T18:08:11.499+0200] {processor.py:839} INFO - DAG(s) dict_keys(['example_dag_decorator']) retrieved from /home/lohit/miniconda3/envs/airflow-env/lib/python3.8/site-packages/airflow/example_dags/example_dag_decorator.py
[2025-06-01T18:08:11.554+0200] {logging_mixin.py:154} INFO - [2025-06-01T18:08:11.554+0200] {dag.py:2941} INFO - Sync 1 DAGs
[2025-06-01T18:08:11.561+0200] {logging_mixin.py:154} INFO - [2025-06-01T18:08:11.561+0200] {dag.py:3722} INFO - Setting next_dagrun for example_dag_decorator to None, run_after=None
[2025-06-01T18:08:11.591+0200] {processor.py:179} INFO - Processing /home/lohit/miniconda3/envs/airflow-env/lib/python3.8/site-packages/airflow/example_dags/example_dag_decorator.py took 0.137 seconds
[2025-06-01T18:09:03.371+0200] {processor.py:157} INFO - Started process (PID=28584) to work on /home/lohit/miniconda3/envs/airflow-env/lib/python3.8/site-packages/airflow/example_dags/example_dag_decorator.py
[2025-06-01T18:09:03.374+0200] {processor.py:829} INFO - Processing file /home/lohit/miniconda3/envs/airflow-env/lib/python3.8/site-packages/airflow/example_dags/example_dag_decorator.py for tasks to queue
[2025-06-01T18:09:03.375+0200] {logging_mixin.py:154} INFO - [2025-06-01T18:09:03.375+0200] {dagbag.py:536} INFO - Filling up the DagBag from /home/lohit/miniconda3/envs/airflow-env/lib/python3.8/site-packages/airflow/example_dags/example_dag_decorator.py
[2025-06-01T18:09:03.407+0200] {processor.py:839} INFO - DAG(s) dict_keys(['example_dag_decorator']) retrieved from /home/lohit/miniconda3/envs/airflow-env/lib/python3.8/site-packages/airflow/example_dags/example_dag_decorator.py
[2025-06-01T18:09:03.459+0200] {logging_mixin.py:154} INFO - [2025-06-01T18:09:03.459+0200] {dag.py:2941} INFO - Sync 1 DAGs
[2025-06-01T18:09:03.465+0200] {logging_mixin.py:154} INFO - [2025-06-01T18:09:03.465+0200] {dag.py:3722} INFO - Setting next_dagrun for example_dag_decorator to None, run_after=None
[2025-06-01T18:09:03.481+0200] {processor.py:179} INFO - Processing /home/lohit/miniconda3/envs/airflow-env/lib/python3.8/site-packages/airflow/example_dags/example_dag_decorator.py took 0.112 seconds
[2025-06-01T18:09:51.517+0200] {processor.py:157} INFO - Started process (PID=28663) to work on /home/lohit/miniconda3/envs/airflow-env/lib/python3.8/site-packages/airflow/example_dags/example_dag_decorator.py
[2025-06-01T18:09:51.519+0200] {processor.py:829} INFO - Processing file /home/lohit/miniconda3/envs/airflow-env/lib/python3.8/site-packages/airflow/example_dags/example_dag_decorator.py for tasks to queue
[2025-06-01T18:09:51.519+0200] {logging_mixin.py:154} INFO - [2025-06-01T18:09:51.519+0200] {dagbag.py:536} INFO - Filling up the DagBag from /home/lohit/miniconda3/envs/airflow-env/lib/python3.8/site-packages/airflow/example_dags/example_dag_decorator.py
[2025-06-01T18:09:51.556+0200] {processor.py:839} INFO - DAG(s) dict_keys(['example_dag_decorator']) retrieved from /home/lohit/miniconda3/envs/airflow-env/lib/python3.8/site-packages/airflow/example_dags/example_dag_decorator.py
[2025-06-01T18:09:51.608+0200] {logging_mixin.py:154} INFO - [2025-06-01T18:09:51.608+0200] {dag.py:2941} INFO - Sync 1 DAGs
[2025-06-01T18:09:51.615+0200] {logging_mixin.py:154} INFO - [2025-06-01T18:09:51.614+0200] {dag.py:3722} INFO - Setting next_dagrun for example_dag_decorator to None, run_after=None
[2025-06-01T18:09:51.635+0200] {processor.py:179} INFO - Processing /home/lohit/miniconda3/envs/airflow-env/lib/python3.8/site-packages/airflow/example_dags/example_dag_decorator.py took 0.120 seconds
[2025-06-01T18:10:39.459+0200] {processor.py:157} INFO - Started process (PID=28738) to work on /home/lohit/miniconda3/envs/airflow-env/lib/python3.8/site-packages/airflow/example_dags/example_dag_decorator.py
[2025-06-01T18:10:39.463+0200] {processor.py:829} INFO - Processing file /home/lohit/miniconda3/envs/airflow-env/lib/python3.8/site-packages/airflow/example_dags/example_dag_decorator.py for tasks to queue
[2025-06-01T18:10:39.464+0200] {logging_mixin.py:154} INFO - [2025-06-01T18:10:39.463+0200] {dagbag.py:536} INFO - Filling up the DagBag from /home/lohit/miniconda3/envs/airflow-env/lib/python3.8/site-packages/airflow/example_dags/example_dag_decorator.py
[2025-06-01T18:10:39.499+0200] {processor.py:839} INFO - DAG(s) dict_keys(['example_dag_decorator']) retrieved from /home/lohit/miniconda3/envs/airflow-env/lib/python3.8/site-packages/airflow/example_dags/example_dag_decorator.py
[2025-06-01T18:10:39.550+0200] {logging_mixin.py:154} INFO - [2025-06-01T18:10:39.550+0200] {dag.py:2941} INFO - Sync 1 DAGs
[2025-06-01T18:10:39.556+0200] {logging_mixin.py:154} INFO - [2025-06-01T18:10:39.556+0200] {dag.py:3722} INFO - Setting next_dagrun for example_dag_decorator to None, run_after=None
[2025-06-01T18:10:39.574+0200] {processor.py:179} INFO - Processing /home/lohit/miniconda3/envs/airflow-env/lib/python3.8/site-packages/airflow/example_dags/example_dag_decorator.py took 0.117 seconds
[2025-06-01T18:11:25.775+0200] {processor.py:157} INFO - Started process (PID=28808) to work on /home/lohit/miniconda3/envs/airflow-env/lib/python3.8/site-packages/airflow/example_dags/example_dag_decorator.py
[2025-06-01T18:11:25.779+0200] {processor.py:829} INFO - Processing file /home/lohit/miniconda3/envs/airflow-env/lib/python3.8/site-packages/airflow/example_dags/example_dag_decorator.py for tasks to queue
[2025-06-01T18:11:25.779+0200] {logging_mixin.py:154} INFO - [2025-06-01T18:11:25.779+0200] {dagbag.py:536} INFO - Filling up the DagBag from /home/lohit/miniconda3/envs/airflow-env/lib/python3.8/site-packages/airflow/example_dags/example_dag_decorator.py
[2025-06-01T18:11:25.812+0200] {processor.py:839} INFO - DAG(s) dict_keys(['example_dag_decorator']) retrieved from /home/lohit/miniconda3/envs/airflow-env/lib/python3.8/site-packages/airflow/example_dags/example_dag_decorator.py
[2025-06-01T18:11:25.867+0200] {logging_mixin.py:154} INFO - [2025-06-01T18:11:25.867+0200] {dag.py:2941} INFO - Sync 1 DAGs
[2025-06-01T18:11:25.872+0200] {logging_mixin.py:154} INFO - [2025-06-01T18:11:25.872+0200] {dag.py:3722} INFO - Setting next_dagrun for example_dag_decorator to None, run_after=None
[2025-06-01T18:11:25.891+0200] {processor.py:179} INFO - Processing /home/lohit/miniconda3/envs/airflow-env/lib/python3.8/site-packages/airflow/example_dags/example_dag_decorator.py took 0.118 seconds
[2025-06-01T18:12:19.253+0200] {processor.py:157} INFO - Started process (PID=28889) to work on /home/lohit/miniconda3/envs/airflow-env/lib/python3.8/site-packages/airflow/example_dags/example_dag_decorator.py
[2025-06-01T18:12:19.256+0200] {processor.py:829} INFO - Processing file /home/lohit/miniconda3/envs/airflow-env/lib/python3.8/site-packages/airflow/example_dags/example_dag_decorator.py for tasks to queue
[2025-06-01T18:12:19.257+0200] {logging_mixin.py:154} INFO - [2025-06-01T18:12:19.256+0200] {dagbag.py:536} INFO - Filling up the DagBag from /home/lohit/miniconda3/envs/airflow-env/lib/python3.8/site-packages/airflow/example_dags/example_dag_decorator.py
[2025-06-01T18:12:19.292+0200] {processor.py:839} INFO - DAG(s) dict_keys(['example_dag_decorator']) retrieved from /home/lohit/miniconda3/envs/airflow-env/lib/python3.8/site-packages/airflow/example_dags/example_dag_decorator.py
[2025-06-01T18:12:19.346+0200] {logging_mixin.py:154} INFO - [2025-06-01T18:12:19.345+0200] {dag.py:2941} INFO - Sync 1 DAGs
[2025-06-01T18:12:19.353+0200] {logging_mixin.py:154} INFO - [2025-06-01T18:12:19.353+0200] {dag.py:3722} INFO - Setting next_dagrun for example_dag_decorator to None, run_after=None
[2025-06-01T18:12:19.376+0200] {processor.py:179} INFO - Processing /home/lohit/miniconda3/envs/airflow-env/lib/python3.8/site-packages/airflow/example_dags/example_dag_decorator.py took 0.125 seconds
[2025-06-01T18:13:08.329+0200] {processor.py:157} INFO - Started process (PID=28961) to work on /home/lohit/miniconda3/envs/airflow-env/lib/python3.8/site-packages/airflow/example_dags/example_dag_decorator.py
[2025-06-01T18:13:08.330+0200] {processor.py:829} INFO - Processing file /home/lohit/miniconda3/envs/airflow-env/lib/python3.8/site-packages/airflow/example_dags/example_dag_decorator.py for tasks to queue
[2025-06-01T18:13:08.331+0200] {logging_mixin.py:154} INFO - [2025-06-01T18:13:08.331+0200] {dagbag.py:536} INFO - Filling up the DagBag from /home/lohit/miniconda3/envs/airflow-env/lib/python3.8/site-packages/airflow/example_dags/example_dag_decorator.py
[2025-06-01T18:13:08.364+0200] {processor.py:839} INFO - DAG(s) dict_keys(['example_dag_decorator']) retrieved from /home/lohit/miniconda3/envs/airflow-env/lib/python3.8/site-packages/airflow/example_dags/example_dag_decorator.py
[2025-06-01T18:13:08.411+0200] {logging_mixin.py:154} INFO - [2025-06-01T18:13:08.411+0200] {dag.py:2941} INFO - Sync 1 DAGs
[2025-06-01T18:13:08.416+0200] {logging_mixin.py:154} INFO - [2025-06-01T18:13:08.416+0200] {dag.py:3722} INFO - Setting next_dagrun for example_dag_decorator to None, run_after=None
[2025-06-01T18:13:08.430+0200] {processor.py:179} INFO - Processing /home/lohit/miniconda3/envs/airflow-env/lib/python3.8/site-packages/airflow/example_dags/example_dag_decorator.py took 0.104 seconds
[2025-06-01T18:13:53.134+0200] {processor.py:157} INFO - Started process (PID=29030) to work on /home/lohit/miniconda3/envs/airflow-env/lib/python3.8/site-packages/airflow/example_dags/example_dag_decorator.py
[2025-06-01T18:13:53.138+0200] {processor.py:829} INFO - Processing file /home/lohit/miniconda3/envs/airflow-env/lib/python3.8/site-packages/airflow/example_dags/example_dag_decorator.py for tasks to queue
[2025-06-01T18:13:53.138+0200] {logging_mixin.py:154} INFO - [2025-06-01T18:13:53.138+0200] {dagbag.py:536} INFO - Filling up the DagBag from /home/lohit/miniconda3/envs/airflow-env/lib/python3.8/site-packages/airflow/example_dags/example_dag_decorator.py
[2025-06-01T18:13:53.173+0200] {processor.py:839} INFO - DAG(s) dict_keys(['example_dag_decorator']) retrieved from /home/lohit/miniconda3/envs/airflow-env/lib/python3.8/site-packages/airflow/example_dags/example_dag_decorator.py
[2025-06-01T18:13:53.224+0200] {logging_mixin.py:154} INFO - [2025-06-01T18:13:53.224+0200] {dag.py:2941} INFO - Sync 1 DAGs
[2025-06-01T18:13:53.230+0200] {logging_mixin.py:154} INFO - [2025-06-01T18:13:53.230+0200] {dag.py:3722} INFO - Setting next_dagrun for example_dag_decorator to None, run_after=None
[2025-06-01T18:13:53.250+0200] {processor.py:179} INFO - Processing /home/lohit/miniconda3/envs/airflow-env/lib/python3.8/site-packages/airflow/example_dags/example_dag_decorator.py took 0.118 seconds
[2025-06-01T18:14:35.107+0200] {processor.py:157} INFO - Started process (PID=29096) to work on /home/lohit/miniconda3/envs/airflow-env/lib/python3.8/site-packages/airflow/example_dags/example_dag_decorator.py
[2025-06-01T18:14:35.111+0200] {processor.py:829} INFO - Processing file /home/lohit/miniconda3/envs/airflow-env/lib/python3.8/site-packages/airflow/example_dags/example_dag_decorator.py for tasks to queue
[2025-06-01T18:14:35.111+0200] {logging_mixin.py:154} INFO - [2025-06-01T18:14:35.111+0200] {dagbag.py:536} INFO - Filling up the DagBag from /home/lohit/miniconda3/envs/airflow-env/lib/python3.8/site-packages/airflow/example_dags/example_dag_decorator.py
[2025-06-01T18:14:35.149+0200] {processor.py:839} INFO - DAG(s) dict_keys(['example_dag_decorator']) retrieved from /home/lohit/miniconda3/envs/airflow-env/lib/python3.8/site-packages/airflow/example_dags/example_dag_decorator.py
[2025-06-01T18:14:35.202+0200] {logging_mixin.py:154} INFO - [2025-06-01T18:14:35.202+0200] {dag.py:2941} INFO - Sync 1 DAGs
[2025-06-01T18:14:35.208+0200] {logging_mixin.py:154} INFO - [2025-06-01T18:14:35.208+0200] {dag.py:3722} INFO - Setting next_dagrun for example_dag_decorator to None, run_after=None
[2025-06-01T18:14:35.229+0200] {processor.py:179} INFO - Processing /home/lohit/miniconda3/envs/airflow-env/lib/python3.8/site-packages/airflow/example_dags/example_dag_decorator.py took 0.125 seconds
[2025-06-01T18:15:24.306+0200] {processor.py:157} INFO - Started process (PID=29167) to work on /home/lohit/miniconda3/envs/airflow-env/lib/python3.8/site-packages/airflow/example_dags/example_dag_decorator.py
[2025-06-01T18:15:24.309+0200] {processor.py:829} INFO - Processing file /home/lohit/miniconda3/envs/airflow-env/lib/python3.8/site-packages/airflow/example_dags/example_dag_decorator.py for tasks to queue
[2025-06-01T18:15:24.310+0200] {logging_mixin.py:154} INFO - [2025-06-01T18:15:24.310+0200] {dagbag.py:536} INFO - Filling up the DagBag from /home/lohit/miniconda3/envs/airflow-env/lib/python3.8/site-packages/airflow/example_dags/example_dag_decorator.py
[2025-06-01T18:15:24.348+0200] {processor.py:839} INFO - DAG(s) dict_keys(['example_dag_decorator']) retrieved from /home/lohit/miniconda3/envs/airflow-env/lib/python3.8/site-packages/airflow/example_dags/example_dag_decorator.py
[2025-06-01T18:15:24.401+0200] {logging_mixin.py:154} INFO - [2025-06-01T18:15:24.401+0200] {dag.py:2941} INFO - Sync 1 DAGs
[2025-06-01T18:15:24.408+0200] {logging_mixin.py:154} INFO - [2025-06-01T18:15:24.408+0200] {dag.py:3722} INFO - Setting next_dagrun for example_dag_decorator to None, run_after=None
[2025-06-01T18:15:24.429+0200] {processor.py:179} INFO - Processing /home/lohit/miniconda3/envs/airflow-env/lib/python3.8/site-packages/airflow/example_dags/example_dag_decorator.py took 0.125 seconds
[2025-06-01T18:16:13.414+0200] {processor.py:157} INFO - Started process (PID=29240) to work on /home/lohit/miniconda3/envs/airflow-env/lib/python3.8/site-packages/airflow/example_dags/example_dag_decorator.py
[2025-06-01T18:16:13.418+0200] {processor.py:829} INFO - Processing file /home/lohit/miniconda3/envs/airflow-env/lib/python3.8/site-packages/airflow/example_dags/example_dag_decorator.py for tasks to queue
[2025-06-01T18:16:13.418+0200] {logging_mixin.py:154} INFO - [2025-06-01T18:16:13.418+0200] {dagbag.py:536} INFO - Filling up the DagBag from /home/lohit/miniconda3/envs/airflow-env/lib/python3.8/site-packages/airflow/example_dags/example_dag_decorator.py
[2025-06-01T18:16:13.453+0200] {processor.py:839} INFO - DAG(s) dict_keys(['example_dag_decorator']) retrieved from /home/lohit/miniconda3/envs/airflow-env/lib/python3.8/site-packages/airflow/example_dags/example_dag_decorator.py
[2025-06-01T18:16:13.501+0200] {logging_mixin.py:154} INFO - [2025-06-01T18:16:13.501+0200] {dag.py:2941} INFO - Sync 1 DAGs
[2025-06-01T18:16:13.508+0200] {logging_mixin.py:154} INFO - [2025-06-01T18:16:13.507+0200] {dag.py:3722} INFO - Setting next_dagrun for example_dag_decorator to None, run_after=None
[2025-06-01T18:16:13.526+0200] {processor.py:179} INFO - Processing /home/lohit/miniconda3/envs/airflow-env/lib/python3.8/site-packages/airflow/example_dags/example_dag_decorator.py took 0.114 seconds
[2025-06-01T18:17:00.906+0200] {processor.py:157} INFO - Started process (PID=29310) to work on /home/lohit/miniconda3/envs/airflow-env/lib/python3.8/site-packages/airflow/example_dags/example_dag_decorator.py
[2025-06-01T18:17:00.910+0200] {processor.py:829} INFO - Processing file /home/lohit/miniconda3/envs/airflow-env/lib/python3.8/site-packages/airflow/example_dags/example_dag_decorator.py for tasks to queue
[2025-06-01T18:17:00.911+0200] {logging_mixin.py:154} INFO - [2025-06-01T18:17:00.910+0200] {dagbag.py:536} INFO - Filling up the DagBag from /home/lohit/miniconda3/envs/airflow-env/lib/python3.8/site-packages/airflow/example_dags/example_dag_decorator.py
[2025-06-01T18:17:00.945+0200] {processor.py:839} INFO - DAG(s) dict_keys(['example_dag_decorator']) retrieved from /home/lohit/miniconda3/envs/airflow-env/lib/python3.8/site-packages/airflow/example_dags/example_dag_decorator.py
[2025-06-01T18:17:00.994+0200] {logging_mixin.py:154} INFO - [2025-06-01T18:17:00.994+0200] {dag.py:2941} INFO - Sync 1 DAGs
[2025-06-01T18:17:00.999+0200] {logging_mixin.py:154} INFO - [2025-06-01T18:17:00.999+0200] {dag.py:3722} INFO - Setting next_dagrun for example_dag_decorator to None, run_after=None
[2025-06-01T18:17:01.017+0200] {processor.py:179} INFO - Processing /home/lohit/miniconda3/envs/airflow-env/lib/python3.8/site-packages/airflow/example_dags/example_dag_decorator.py took 0.113 seconds
[2025-06-01T18:17:45.936+0200] {processor.py:157} INFO - Started process (PID=29382) to work on /home/lohit/miniconda3/envs/airflow-env/lib/python3.8/site-packages/airflow/example_dags/example_dag_decorator.py
[2025-06-01T18:17:45.937+0200] {processor.py:829} INFO - Processing file /home/lohit/miniconda3/envs/airflow-env/lib/python3.8/site-packages/airflow/example_dags/example_dag_decorator.py for tasks to queue
[2025-06-01T18:17:45.938+0200] {logging_mixin.py:154} INFO - [2025-06-01T18:17:45.938+0200] {dagbag.py:536} INFO - Filling up the DagBag from /home/lohit/miniconda3/envs/airflow-env/lib/python3.8/site-packages/airflow/example_dags/example_dag_decorator.py
[2025-06-01T18:17:45.976+0200] {processor.py:839} INFO - DAG(s) dict_keys(['example_dag_decorator']) retrieved from /home/lohit/miniconda3/envs/airflow-env/lib/python3.8/site-packages/airflow/example_dags/example_dag_decorator.py
[2025-06-01T18:17:46.026+0200] {logging_mixin.py:154} INFO - [2025-06-01T18:17:46.026+0200] {dag.py:2941} INFO - Sync 1 DAGs
[2025-06-01T18:17:46.033+0200] {logging_mixin.py:154} INFO - [2025-06-01T18:17:46.033+0200] {dag.py:3722} INFO - Setting next_dagrun for example_dag_decorator to None, run_after=None
[2025-06-01T18:17:46.052+0200] {processor.py:179} INFO - Processing /home/lohit/miniconda3/envs/airflow-env/lib/python3.8/site-packages/airflow/example_dags/example_dag_decorator.py took 0.119 seconds
[2025-06-01T18:18:30.953+0200] {processor.py:157} INFO - Started process (PID=29449) to work on /home/lohit/miniconda3/envs/airflow-env/lib/python3.8/site-packages/airflow/example_dags/example_dag_decorator.py
[2025-06-01T18:18:30.957+0200] {processor.py:829} INFO - Processing file /home/lohit/miniconda3/envs/airflow-env/lib/python3.8/site-packages/airflow/example_dags/example_dag_decorator.py for tasks to queue
[2025-06-01T18:18:30.957+0200] {logging_mixin.py:154} INFO - [2025-06-01T18:18:30.957+0200] {dagbag.py:536} INFO - Filling up the DagBag from /home/lohit/miniconda3/envs/airflow-env/lib/python3.8/site-packages/airflow/example_dags/example_dag_decorator.py
[2025-06-01T18:18:30.993+0200] {processor.py:839} INFO - DAG(s) dict_keys(['example_dag_decorator']) retrieved from /home/lohit/miniconda3/envs/airflow-env/lib/python3.8/site-packages/airflow/example_dags/example_dag_decorator.py
[2025-06-01T18:18:31.048+0200] {logging_mixin.py:154} INFO - [2025-06-01T18:18:31.048+0200] {dag.py:2941} INFO - Sync 1 DAGs
[2025-06-01T18:18:31.054+0200] {logging_mixin.py:154} INFO - [2025-06-01T18:18:31.054+0200] {dag.py:3722} INFO - Setting next_dagrun for example_dag_decorator to None, run_after=None
[2025-06-01T18:18:31.074+0200] {processor.py:179} INFO - Processing /home/lohit/miniconda3/envs/airflow-env/lib/python3.8/site-packages/airflow/example_dags/example_dag_decorator.py took 0.123 seconds
[2025-06-01T18:19:17.930+0200] {processor.py:157} INFO - Started process (PID=29518) to work on /home/lohit/miniconda3/envs/airflow-env/lib/python3.8/site-packages/airflow/example_dags/example_dag_decorator.py
[2025-06-01T18:19:17.932+0200] {processor.py:829} INFO - Processing file /home/lohit/miniconda3/envs/airflow-env/lib/python3.8/site-packages/airflow/example_dags/example_dag_decorator.py for tasks to queue
[2025-06-01T18:19:17.933+0200] {logging_mixin.py:154} INFO - [2025-06-01T18:19:17.932+0200] {dagbag.py:536} INFO - Filling up the DagBag from /home/lohit/miniconda3/envs/airflow-env/lib/python3.8/site-packages/airflow/example_dags/example_dag_decorator.py
[2025-06-01T18:19:17.970+0200] {processor.py:839} INFO - DAG(s) dict_keys(['example_dag_decorator']) retrieved from /home/lohit/miniconda3/envs/airflow-env/lib/python3.8/site-packages/airflow/example_dags/example_dag_decorator.py
[2025-06-01T18:19:18.026+0200] {logging_mixin.py:154} INFO - [2025-06-01T18:19:18.025+0200] {dag.py:2941} INFO - Sync 1 DAGs
[2025-06-01T18:19:18.033+0200] {logging_mixin.py:154} INFO - [2025-06-01T18:19:18.032+0200] {dag.py:3722} INFO - Setting next_dagrun for example_dag_decorator to None, run_after=None
[2025-06-01T18:19:18.051+0200] {processor.py:179} INFO - Processing /home/lohit/miniconda3/envs/airflow-env/lib/python3.8/site-packages/airflow/example_dags/example_dag_decorator.py took 0.123 seconds
[2025-06-01T18:20:05.024+0200] {processor.py:157} INFO - Started process (PID=29589) to work on /home/lohit/miniconda3/envs/airflow-env/lib/python3.8/site-packages/airflow/example_dags/example_dag_decorator.py
[2025-06-01T18:20:05.028+0200] {processor.py:829} INFO - Processing file /home/lohit/miniconda3/envs/airflow-env/lib/python3.8/site-packages/airflow/example_dags/example_dag_decorator.py for tasks to queue
[2025-06-01T18:20:05.029+0200] {logging_mixin.py:154} INFO - [2025-06-01T18:20:05.028+0200] {dagbag.py:536} INFO - Filling up the DagBag from /home/lohit/miniconda3/envs/airflow-env/lib/python3.8/site-packages/airflow/example_dags/example_dag_decorator.py
[2025-06-01T18:20:05.069+0200] {processor.py:839} INFO - DAG(s) dict_keys(['example_dag_decorator']) retrieved from /home/lohit/miniconda3/envs/airflow-env/lib/python3.8/site-packages/airflow/example_dags/example_dag_decorator.py
[2025-06-01T18:20:05.121+0200] {logging_mixin.py:154} INFO - [2025-06-01T18:20:05.121+0200] {dag.py:2941} INFO - Sync 1 DAGs
[2025-06-01T18:20:05.129+0200] {logging_mixin.py:154} INFO - [2025-06-01T18:20:05.129+0200] {dag.py:3722} INFO - Setting next_dagrun for example_dag_decorator to None, run_after=None
[2025-06-01T18:20:05.150+0200] {processor.py:179} INFO - Processing /home/lohit/miniconda3/envs/airflow-env/lib/python3.8/site-packages/airflow/example_dags/example_dag_decorator.py took 0.128 seconds
[2025-06-01T18:20:54.297+0200] {processor.py:157} INFO - Started process (PID=29660) to work on /home/lohit/miniconda3/envs/airflow-env/lib/python3.8/site-packages/airflow/example_dags/example_dag_decorator.py
[2025-06-01T18:20:54.300+0200] {processor.py:829} INFO - Processing file /home/lohit/miniconda3/envs/airflow-env/lib/python3.8/site-packages/airflow/example_dags/example_dag_decorator.py for tasks to queue
[2025-06-01T18:20:54.301+0200] {logging_mixin.py:154} INFO - [2025-06-01T18:20:54.301+0200] {dagbag.py:536} INFO - Filling up the DagBag from /home/lohit/miniconda3/envs/airflow-env/lib/python3.8/site-packages/airflow/example_dags/example_dag_decorator.py
[2025-06-01T18:20:54.338+0200] {processor.py:839} INFO - DAG(s) dict_keys(['example_dag_decorator']) retrieved from /home/lohit/miniconda3/envs/airflow-env/lib/python3.8/site-packages/airflow/example_dags/example_dag_decorator.py
[2025-06-01T18:20:54.391+0200] {logging_mixin.py:154} INFO - [2025-06-01T18:20:54.391+0200] {dag.py:2941} INFO - Sync 1 DAGs
[2025-06-01T18:20:54.398+0200] {logging_mixin.py:154} INFO - [2025-06-01T18:20:54.398+0200] {dag.py:3722} INFO - Setting next_dagrun for example_dag_decorator to None, run_after=None
[2025-06-01T18:20:54.415+0200] {processor.py:179} INFO - Processing /home/lohit/miniconda3/envs/airflow-env/lib/python3.8/site-packages/airflow/example_dags/example_dag_decorator.py took 0.120 seconds
[2025-06-01T18:21:42.407+0200] {processor.py:157} INFO - Started process (PID=29731) to work on /home/lohit/miniconda3/envs/airflow-env/lib/python3.8/site-packages/airflow/example_dags/example_dag_decorator.py
[2025-06-01T18:21:42.408+0200] {processor.py:829} INFO - Processing file /home/lohit/miniconda3/envs/airflow-env/lib/python3.8/site-packages/airflow/example_dags/example_dag_decorator.py for tasks to queue
[2025-06-01T18:21:42.409+0200] {logging_mixin.py:154} INFO - [2025-06-01T18:21:42.408+0200] {dagbag.py:536} INFO - Filling up the DagBag from /home/lohit/miniconda3/envs/airflow-env/lib/python3.8/site-packages/airflow/example_dags/example_dag_decorator.py
[2025-06-01T18:21:42.446+0200] {processor.py:839} INFO - DAG(s) dict_keys(['example_dag_decorator']) retrieved from /home/lohit/miniconda3/envs/airflow-env/lib/python3.8/site-packages/airflow/example_dags/example_dag_decorator.py
[2025-06-01T18:21:42.501+0200] {logging_mixin.py:154} INFO - [2025-06-01T18:21:42.500+0200] {dag.py:2941} INFO - Sync 1 DAGs
[2025-06-01T18:21:42.509+0200] {logging_mixin.py:154} INFO - [2025-06-01T18:21:42.509+0200] {dag.py:3722} INFO - Setting next_dagrun for example_dag_decorator to None, run_after=None
[2025-06-01T18:21:42.530+0200] {processor.py:179} INFO - Processing /home/lohit/miniconda3/envs/airflow-env/lib/python3.8/site-packages/airflow/example_dags/example_dag_decorator.py took 0.126 seconds
[2025-06-01T18:22:28.135+0200] {processor.py:157} INFO - Started process (PID=29800) to work on /home/lohit/miniconda3/envs/airflow-env/lib/python3.8/site-packages/airflow/example_dags/example_dag_decorator.py
[2025-06-01T18:22:28.138+0200] {processor.py:829} INFO - Processing file /home/lohit/miniconda3/envs/airflow-env/lib/python3.8/site-packages/airflow/example_dags/example_dag_decorator.py for tasks to queue
[2025-06-01T18:22:28.139+0200] {logging_mixin.py:154} INFO - [2025-06-01T18:22:28.138+0200] {dagbag.py:536} INFO - Filling up the DagBag from /home/lohit/miniconda3/envs/airflow-env/lib/python3.8/site-packages/airflow/example_dags/example_dag_decorator.py
[2025-06-01T18:22:28.177+0200] {processor.py:839} INFO - DAG(s) dict_keys(['example_dag_decorator']) retrieved from /home/lohit/miniconda3/envs/airflow-env/lib/python3.8/site-packages/airflow/example_dags/example_dag_decorator.py
[2025-06-01T18:22:28.232+0200] {logging_mixin.py:154} INFO - [2025-06-01T18:22:28.232+0200] {dag.py:2941} INFO - Sync 1 DAGs
[2025-06-01T18:22:28.239+0200] {logging_mixin.py:154} INFO - [2025-06-01T18:22:28.239+0200] {dag.py:3722} INFO - Setting next_dagrun for example_dag_decorator to None, run_after=None
[2025-06-01T18:22:28.261+0200] {processor.py:179} INFO - Processing /home/lohit/miniconda3/envs/airflow-env/lib/python3.8/site-packages/airflow/example_dags/example_dag_decorator.py took 0.128 seconds
[2025-06-01T18:23:17.576+0200] {processor.py:157} INFO - Started process (PID=29871) to work on /home/lohit/miniconda3/envs/airflow-env/lib/python3.8/site-packages/airflow/example_dags/example_dag_decorator.py
[2025-06-01T18:23:17.580+0200] {processor.py:829} INFO - Processing file /home/lohit/miniconda3/envs/airflow-env/lib/python3.8/site-packages/airflow/example_dags/example_dag_decorator.py for tasks to queue
[2025-06-01T18:23:17.581+0200] {logging_mixin.py:154} INFO - [2025-06-01T18:23:17.580+0200] {dagbag.py:536} INFO - Filling up the DagBag from /home/lohit/miniconda3/envs/airflow-env/lib/python3.8/site-packages/airflow/example_dags/example_dag_decorator.py
[2025-06-01T18:23:17.616+0200] {processor.py:839} INFO - DAG(s) dict_keys(['example_dag_decorator']) retrieved from /home/lohit/miniconda3/envs/airflow-env/lib/python3.8/site-packages/airflow/example_dags/example_dag_decorator.py
[2025-06-01T18:23:17.669+0200] {logging_mixin.py:154} INFO - [2025-06-01T18:23:17.669+0200] {dag.py:2941} INFO - Sync 1 DAGs
[2025-06-01T18:23:17.675+0200] {logging_mixin.py:154} INFO - [2025-06-01T18:23:17.675+0200] {dag.py:3722} INFO - Setting next_dagrun for example_dag_decorator to None, run_after=None
[2025-06-01T18:23:17.694+0200] {processor.py:179} INFO - Processing /home/lohit/miniconda3/envs/airflow-env/lib/python3.8/site-packages/airflow/example_dags/example_dag_decorator.py took 0.120 seconds
[2025-06-01T18:24:05.347+0200] {processor.py:157} INFO - Started process (PID=29942) to work on /home/lohit/miniconda3/envs/airflow-env/lib/python3.8/site-packages/airflow/example_dags/example_dag_decorator.py
[2025-06-01T18:24:05.351+0200] {processor.py:829} INFO - Processing file /home/lohit/miniconda3/envs/airflow-env/lib/python3.8/site-packages/airflow/example_dags/example_dag_decorator.py for tasks to queue
[2025-06-01T18:24:05.351+0200] {logging_mixin.py:154} INFO - [2025-06-01T18:24:05.351+0200] {dagbag.py:536} INFO - Filling up the DagBag from /home/lohit/miniconda3/envs/airflow-env/lib/python3.8/site-packages/airflow/example_dags/example_dag_decorator.py
[2025-06-01T18:24:05.385+0200] {processor.py:839} INFO - DAG(s) dict_keys(['example_dag_decorator']) retrieved from /home/lohit/miniconda3/envs/airflow-env/lib/python3.8/site-packages/airflow/example_dags/example_dag_decorator.py
[2025-06-01T18:24:05.434+0200] {logging_mixin.py:154} INFO - [2025-06-01T18:24:05.434+0200] {dag.py:2941} INFO - Sync 1 DAGs
[2025-06-01T18:24:05.442+0200] {logging_mixin.py:154} INFO - [2025-06-01T18:24:05.442+0200] {dag.py:3722} INFO - Setting next_dagrun for example_dag_decorator to None, run_after=None
[2025-06-01T18:24:05.461+0200] {processor.py:179} INFO - Processing /home/lohit/miniconda3/envs/airflow-env/lib/python3.8/site-packages/airflow/example_dags/example_dag_decorator.py took 0.115 seconds
[2025-06-01T18:24:51.692+0200] {processor.py:157} INFO - Started process (PID=30011) to work on /home/lohit/miniconda3/envs/airflow-env/lib/python3.8/site-packages/airflow/example_dags/example_dag_decorator.py
[2025-06-01T18:24:51.695+0200] {processor.py:829} INFO - Processing file /home/lohit/miniconda3/envs/airflow-env/lib/python3.8/site-packages/airflow/example_dags/example_dag_decorator.py for tasks to queue
[2025-06-01T18:24:51.696+0200] {logging_mixin.py:154} INFO - [2025-06-01T18:24:51.696+0200] {dagbag.py:536} INFO - Filling up the DagBag from /home/lohit/miniconda3/envs/airflow-env/lib/python3.8/site-packages/airflow/example_dags/example_dag_decorator.py
[2025-06-01T18:24:51.733+0200] {processor.py:839} INFO - DAG(s) dict_keys(['example_dag_decorator']) retrieved from /home/lohit/miniconda3/envs/airflow-env/lib/python3.8/site-packages/airflow/example_dags/example_dag_decorator.py
[2025-06-01T18:24:51.789+0200] {logging_mixin.py:154} INFO - [2025-06-01T18:24:51.789+0200] {dag.py:2941} INFO - Sync 1 DAGs
[2025-06-01T18:24:51.795+0200] {logging_mixin.py:154} INFO - [2025-06-01T18:24:51.795+0200] {dag.py:3722} INFO - Setting next_dagrun for example_dag_decorator to None, run_after=None
[2025-06-01T18:24:51.815+0200] {processor.py:179} INFO - Processing /home/lohit/miniconda3/envs/airflow-env/lib/python3.8/site-packages/airflow/example_dags/example_dag_decorator.py took 0.126 seconds
[2025-06-01T18:25:40.498+0200] {processor.py:157} INFO - Started process (PID=30082) to work on /home/lohit/miniconda3/envs/airflow-env/lib/python3.8/site-packages/airflow/example_dags/example_dag_decorator.py
[2025-06-01T18:25:40.502+0200] {processor.py:829} INFO - Processing file /home/lohit/miniconda3/envs/airflow-env/lib/python3.8/site-packages/airflow/example_dags/example_dag_decorator.py for tasks to queue
[2025-06-01T18:25:40.502+0200] {logging_mixin.py:154} INFO - [2025-06-01T18:25:40.502+0200] {dagbag.py:536} INFO - Filling up the DagBag from /home/lohit/miniconda3/envs/airflow-env/lib/python3.8/site-packages/airflow/example_dags/example_dag_decorator.py
[2025-06-01T18:25:40.538+0200] {processor.py:839} INFO - DAG(s) dict_keys(['example_dag_decorator']) retrieved from /home/lohit/miniconda3/envs/airflow-env/lib/python3.8/site-packages/airflow/example_dags/example_dag_decorator.py
[2025-06-01T18:25:40.548+0200] {logging_mixin.py:154} INFO - [2025-06-01T18:25:40.548+0200] {dag.py:2941} INFO - Sync 1 DAGs
[2025-06-01T18:25:40.556+0200] {logging_mixin.py:154} INFO - [2025-06-01T18:25:40.556+0200] {dag.py:3722} INFO - Setting next_dagrun for example_dag_decorator to None, run_after=None
[2025-06-01T18:25:40.573+0200] {processor.py:179} INFO - Processing /home/lohit/miniconda3/envs/airflow-env/lib/python3.8/site-packages/airflow/example_dags/example_dag_decorator.py took 0.077 seconds
[2025-06-01T18:26:24.749+0200] {processor.py:157} INFO - Started process (PID=30151) to work on /home/lohit/miniconda3/envs/airflow-env/lib/python3.8/site-packages/airflow/example_dags/example_dag_decorator.py
[2025-06-01T18:26:24.752+0200] {processor.py:829} INFO - Processing file /home/lohit/miniconda3/envs/airflow-env/lib/python3.8/site-packages/airflow/example_dags/example_dag_decorator.py for tasks to queue
[2025-06-01T18:26:24.753+0200] {logging_mixin.py:154} INFO - [2025-06-01T18:26:24.753+0200] {dagbag.py:536} INFO - Filling up the DagBag from /home/lohit/miniconda3/envs/airflow-env/lib/python3.8/site-packages/airflow/example_dags/example_dag_decorator.py
[2025-06-01T18:26:24.795+0200] {processor.py:839} INFO - DAG(s) dict_keys(['example_dag_decorator']) retrieved from /home/lohit/miniconda3/envs/airflow-env/lib/python3.8/site-packages/airflow/example_dags/example_dag_decorator.py
[2025-06-01T18:26:24.852+0200] {logging_mixin.py:154} INFO - [2025-06-01T18:26:24.851+0200] {dag.py:2941} INFO - Sync 1 DAGs
[2025-06-01T18:26:24.858+0200] {logging_mixin.py:154} INFO - [2025-06-01T18:26:24.858+0200] {dag.py:3722} INFO - Setting next_dagrun for example_dag_decorator to None, run_after=None
[2025-06-01T18:26:24.875+0200] {processor.py:179} INFO - Processing /home/lohit/miniconda3/envs/airflow-env/lib/python3.8/site-packages/airflow/example_dags/example_dag_decorator.py took 0.130 seconds
[2025-06-01T18:27:01.209+0200] {processor.py:157} INFO - Started process (PID=30189) to work on /home/lohit/miniconda3/envs/airflow-env/lib/python3.8/site-packages/airflow/example_dags/example_dag_decorator.py
[2025-06-01T18:27:01.211+0200] {processor.py:829} INFO - Processing file /home/lohit/miniconda3/envs/airflow-env/lib/python3.8/site-packages/airflow/example_dags/example_dag_decorator.py for tasks to queue
[2025-06-01T18:27:01.211+0200] {logging_mixin.py:154} INFO - [2025-06-01T18:27:01.211+0200] {dagbag.py:536} INFO - Filling up the DagBag from /home/lohit/miniconda3/envs/airflow-env/lib/python3.8/site-packages/airflow/example_dags/example_dag_decorator.py
[2025-06-01T18:27:01.250+0200] {processor.py:839} INFO - DAG(s) dict_keys(['example_dag_decorator']) retrieved from /home/lohit/miniconda3/envs/airflow-env/lib/python3.8/site-packages/airflow/example_dags/example_dag_decorator.py
[2025-06-01T18:27:01.303+0200] {logging_mixin.py:154} INFO - [2025-06-01T18:27:01.303+0200] {dag.py:2941} INFO - Sync 1 DAGs
[2025-06-01T18:27:01.310+0200] {logging_mixin.py:154} INFO - [2025-06-01T18:27:01.310+0200] {dag.py:3722} INFO - Setting next_dagrun for example_dag_decorator to None, run_after=None
[2025-06-01T18:27:01.329+0200] {processor.py:179} INFO - Processing /home/lohit/miniconda3/envs/airflow-env/lib/python3.8/site-packages/airflow/example_dags/example_dag_decorator.py took 0.122 seconds
[2025-06-01T18:27:45.964+0200] {processor.py:157} INFO - Started process (PID=30257) to work on /home/lohit/miniconda3/envs/airflow-env/lib/python3.8/site-packages/airflow/example_dags/example_dag_decorator.py
[2025-06-01T18:27:45.967+0200] {processor.py:829} INFO - Processing file /home/lohit/miniconda3/envs/airflow-env/lib/python3.8/site-packages/airflow/example_dags/example_dag_decorator.py for tasks to queue
[2025-06-01T18:27:45.968+0200] {logging_mixin.py:154} INFO - [2025-06-01T18:27:45.968+0200] {dagbag.py:536} INFO - Filling up the DagBag from /home/lohit/miniconda3/envs/airflow-env/lib/python3.8/site-packages/airflow/example_dags/example_dag_decorator.py
[2025-06-01T18:27:46.005+0200] {processor.py:839} INFO - DAG(s) dict_keys(['example_dag_decorator']) retrieved from /home/lohit/miniconda3/envs/airflow-env/lib/python3.8/site-packages/airflow/example_dags/example_dag_decorator.py
[2025-06-01T18:27:46.016+0200] {logging_mixin.py:154} INFO - [2025-06-01T18:27:46.016+0200] {dag.py:2941} INFO - Sync 1 DAGs
[2025-06-01T18:27:46.023+0200] {logging_mixin.py:154} INFO - [2025-06-01T18:27:46.023+0200] {dag.py:3722} INFO - Setting next_dagrun for example_dag_decorator to None, run_after=None
[2025-06-01T18:27:46.039+0200] {processor.py:179} INFO - Processing /home/lohit/miniconda3/envs/airflow-env/lib/python3.8/site-packages/airflow/example_dags/example_dag_decorator.py took 0.076 seconds
[2025-06-01T18:28:36.528+0200] {processor.py:157} INFO - Started process (PID=30329) to work on /home/lohit/miniconda3/envs/airflow-env/lib/python3.8/site-packages/airflow/example_dags/example_dag_decorator.py
[2025-06-01T18:28:36.532+0200] {processor.py:829} INFO - Processing file /home/lohit/miniconda3/envs/airflow-env/lib/python3.8/site-packages/airflow/example_dags/example_dag_decorator.py for tasks to queue
[2025-06-01T18:28:36.532+0200] {logging_mixin.py:154} INFO - [2025-06-01T18:28:36.532+0200] {dagbag.py:536} INFO - Filling up the DagBag from /home/lohit/miniconda3/envs/airflow-env/lib/python3.8/site-packages/airflow/example_dags/example_dag_decorator.py
[2025-06-01T18:28:36.566+0200] {processor.py:839} INFO - DAG(s) dict_keys(['example_dag_decorator']) retrieved from /home/lohit/miniconda3/envs/airflow-env/lib/python3.8/site-packages/airflow/example_dags/example_dag_decorator.py
[2025-06-01T18:28:36.577+0200] {logging_mixin.py:154} INFO - [2025-06-01T18:28:36.577+0200] {dag.py:2941} INFO - Sync 1 DAGs
[2025-06-01T18:28:36.583+0200] {logging_mixin.py:154} INFO - [2025-06-01T18:28:36.583+0200] {dag.py:3722} INFO - Setting next_dagrun for example_dag_decorator to None, run_after=None
[2025-06-01T18:28:36.599+0200] {processor.py:179} INFO - Processing /home/lohit/miniconda3/envs/airflow-env/lib/python3.8/site-packages/airflow/example_dags/example_dag_decorator.py took 0.072 seconds
[2025-06-01T18:29:19.835+0200] {processor.py:157} INFO - Started process (PID=30397) to work on /home/lohit/miniconda3/envs/airflow-env/lib/python3.8/site-packages/airflow/example_dags/example_dag_decorator.py
[2025-06-01T18:29:19.838+0200] {processor.py:829} INFO - Processing file /home/lohit/miniconda3/envs/airflow-env/lib/python3.8/site-packages/airflow/example_dags/example_dag_decorator.py for tasks to queue
[2025-06-01T18:29:19.839+0200] {logging_mixin.py:154} INFO - [2025-06-01T18:29:19.839+0200] {dagbag.py:536} INFO - Filling up the DagBag from /home/lohit/miniconda3/envs/airflow-env/lib/python3.8/site-packages/airflow/example_dags/example_dag_decorator.py
[2025-06-01T18:29:19.876+0200] {processor.py:839} INFO - DAG(s) dict_keys(['example_dag_decorator']) retrieved from /home/lohit/miniconda3/envs/airflow-env/lib/python3.8/site-packages/airflow/example_dags/example_dag_decorator.py
[2025-06-01T18:29:19.888+0200] {logging_mixin.py:154} INFO - [2025-06-01T18:29:19.888+0200] {dag.py:2941} INFO - Sync 1 DAGs
[2025-06-01T18:29:19.895+0200] {logging_mixin.py:154} INFO - [2025-06-01T18:29:19.895+0200] {dag.py:3722} INFO - Setting next_dagrun for example_dag_decorator to None, run_after=None
[2025-06-01T18:29:19.915+0200] {processor.py:179} INFO - Processing /home/lohit/miniconda3/envs/airflow-env/lib/python3.8/site-packages/airflow/example_dags/example_dag_decorator.py took 0.082 seconds
[2025-06-01T18:30:08.888+0200] {processor.py:157} INFO - Started process (PID=30468) to work on /home/lohit/miniconda3/envs/airflow-env/lib/python3.8/site-packages/airflow/example_dags/example_dag_decorator.py
[2025-06-01T18:30:08.889+0200] {processor.py:829} INFO - Processing file /home/lohit/miniconda3/envs/airflow-env/lib/python3.8/site-packages/airflow/example_dags/example_dag_decorator.py for tasks to queue
[2025-06-01T18:30:08.890+0200] {logging_mixin.py:154} INFO - [2025-06-01T18:30:08.889+0200] {dagbag.py:536} INFO - Filling up the DagBag from /home/lohit/miniconda3/envs/airflow-env/lib/python3.8/site-packages/airflow/example_dags/example_dag_decorator.py
[2025-06-01T18:30:08.929+0200] {processor.py:839} INFO - DAG(s) dict_keys(['example_dag_decorator']) retrieved from /home/lohit/miniconda3/envs/airflow-env/lib/python3.8/site-packages/airflow/example_dags/example_dag_decorator.py
[2025-06-01T18:30:08.940+0200] {logging_mixin.py:154} INFO - [2025-06-01T18:30:08.939+0200] {dag.py:2941} INFO - Sync 1 DAGs
[2025-06-01T18:30:08.948+0200] {logging_mixin.py:154} INFO - [2025-06-01T18:30:08.948+0200] {dag.py:3722} INFO - Setting next_dagrun for example_dag_decorator to None, run_after=None
[2025-06-01T18:30:08.966+0200] {processor.py:179} INFO - Processing /home/lohit/miniconda3/envs/airflow-env/lib/python3.8/site-packages/airflow/example_dags/example_dag_decorator.py took 0.080 seconds
[2025-06-01T18:30:49.864+0200] {processor.py:157} INFO - Started process (PID=30534) to work on /home/lohit/miniconda3/envs/airflow-env/lib/python3.8/site-packages/airflow/example_dags/example_dag_decorator.py
[2025-06-01T18:30:49.868+0200] {processor.py:829} INFO - Processing file /home/lohit/miniconda3/envs/airflow-env/lib/python3.8/site-packages/airflow/example_dags/example_dag_decorator.py for tasks to queue
[2025-06-01T18:30:49.868+0200] {logging_mixin.py:154} INFO - [2025-06-01T18:30:49.868+0200] {dagbag.py:536} INFO - Filling up the DagBag from /home/lohit/miniconda3/envs/airflow-env/lib/python3.8/site-packages/airflow/example_dags/example_dag_decorator.py
[2025-06-01T18:30:49.906+0200] {processor.py:839} INFO - DAG(s) dict_keys(['example_dag_decorator']) retrieved from /home/lohit/miniconda3/envs/airflow-env/lib/python3.8/site-packages/airflow/example_dags/example_dag_decorator.py
[2025-06-01T18:30:49.918+0200] {logging_mixin.py:154} INFO - [2025-06-01T18:30:49.917+0200] {dag.py:2941} INFO - Sync 1 DAGs
[2025-06-01T18:30:49.927+0200] {logging_mixin.py:154} INFO - [2025-06-01T18:30:49.927+0200] {dag.py:3722} INFO - Setting next_dagrun for example_dag_decorator to None, run_after=None
[2025-06-01T18:30:49.944+0200] {processor.py:179} INFO - Processing /home/lohit/miniconda3/envs/airflow-env/lib/python3.8/site-packages/airflow/example_dags/example_dag_decorator.py took 0.082 seconds
[2025-06-01T18:31:35.209+0200] {processor.py:157} INFO - Started process (PID=30604) to work on /home/lohit/miniconda3/envs/airflow-env/lib/python3.8/site-packages/airflow/example_dags/example_dag_decorator.py
[2025-06-01T18:31:35.212+0200] {processor.py:829} INFO - Processing file /home/lohit/miniconda3/envs/airflow-env/lib/python3.8/site-packages/airflow/example_dags/example_dag_decorator.py for tasks to queue
[2025-06-01T18:31:35.213+0200] {logging_mixin.py:154} INFO - [2025-06-01T18:31:35.213+0200] {dagbag.py:536} INFO - Filling up the DagBag from /home/lohit/miniconda3/envs/airflow-env/lib/python3.8/site-packages/airflow/example_dags/example_dag_decorator.py
[2025-06-01T18:31:35.247+0200] {processor.py:839} INFO - DAG(s) dict_keys(['example_dag_decorator']) retrieved from /home/lohit/miniconda3/envs/airflow-env/lib/python3.8/site-packages/airflow/example_dags/example_dag_decorator.py
[2025-06-01T18:31:35.258+0200] {logging_mixin.py:154} INFO - [2025-06-01T18:31:35.258+0200] {dag.py:2941} INFO - Sync 1 DAGs
[2025-06-01T18:31:35.265+0200] {logging_mixin.py:154} INFO - [2025-06-01T18:31:35.265+0200] {dag.py:3722} INFO - Setting next_dagrun for example_dag_decorator to None, run_after=None
[2025-06-01T18:31:35.283+0200] {processor.py:179} INFO - Processing /home/lohit/miniconda3/envs/airflow-env/lib/python3.8/site-packages/airflow/example_dags/example_dag_decorator.py took 0.077 seconds
[2025-06-01T18:32:20.310+0200] {processor.py:157} INFO - Started process (PID=30672) to work on /home/lohit/miniconda3/envs/airflow-env/lib/python3.8/site-packages/airflow/example_dags/example_dag_decorator.py
[2025-06-01T18:32:20.314+0200] {processor.py:829} INFO - Processing file /home/lohit/miniconda3/envs/airflow-env/lib/python3.8/site-packages/airflow/example_dags/example_dag_decorator.py for tasks to queue
[2025-06-01T18:32:20.315+0200] {logging_mixin.py:154} INFO - [2025-06-01T18:32:20.314+0200] {dagbag.py:536} INFO - Filling up the DagBag from /home/lohit/miniconda3/envs/airflow-env/lib/python3.8/site-packages/airflow/example_dags/example_dag_decorator.py
[2025-06-01T18:32:20.351+0200] {processor.py:839} INFO - DAG(s) dict_keys(['example_dag_decorator']) retrieved from /home/lohit/miniconda3/envs/airflow-env/lib/python3.8/site-packages/airflow/example_dags/example_dag_decorator.py
[2025-06-01T18:32:20.406+0200] {logging_mixin.py:154} INFO - [2025-06-01T18:32:20.406+0200] {dag.py:2941} INFO - Sync 1 DAGs
[2025-06-01T18:32:20.413+0200] {logging_mixin.py:154} INFO - [2025-06-01T18:32:20.413+0200] {dag.py:3722} INFO - Setting next_dagrun for example_dag_decorator to None, run_after=None
[2025-06-01T18:32:20.432+0200] {processor.py:179} INFO - Processing /home/lohit/miniconda3/envs/airflow-env/lib/python3.8/site-packages/airflow/example_dags/example_dag_decorator.py took 0.124 seconds
[2025-06-01T18:33:05.198+0200] {processor.py:157} INFO - Started process (PID=30741) to work on /home/lohit/miniconda3/envs/airflow-env/lib/python3.8/site-packages/airflow/example_dags/example_dag_decorator.py
[2025-06-01T18:33:05.202+0200] {processor.py:829} INFO - Processing file /home/lohit/miniconda3/envs/airflow-env/lib/python3.8/site-packages/airflow/example_dags/example_dag_decorator.py for tasks to queue
[2025-06-01T18:33:05.202+0200] {logging_mixin.py:154} INFO - [2025-06-01T18:33:05.202+0200] {dagbag.py:536} INFO - Filling up the DagBag from /home/lohit/miniconda3/envs/airflow-env/lib/python3.8/site-packages/airflow/example_dags/example_dag_decorator.py
[2025-06-01T18:33:05.237+0200] {processor.py:839} INFO - DAG(s) dict_keys(['example_dag_decorator']) retrieved from /home/lohit/miniconda3/envs/airflow-env/lib/python3.8/site-packages/airflow/example_dags/example_dag_decorator.py
[2025-06-01T18:33:05.248+0200] {logging_mixin.py:154} INFO - [2025-06-01T18:33:05.248+0200] {dag.py:2941} INFO - Sync 1 DAGs
[2025-06-01T18:33:05.258+0200] {logging_mixin.py:154} INFO - [2025-06-01T18:33:05.258+0200] {dag.py:3722} INFO - Setting next_dagrun for example_dag_decorator to None, run_after=None
[2025-06-01T18:33:05.275+0200] {processor.py:179} INFO - Processing /home/lohit/miniconda3/envs/airflow-env/lib/python3.8/site-packages/airflow/example_dags/example_dag_decorator.py took 0.079 seconds
[2025-06-01T18:33:51.863+0200] {processor.py:157} INFO - Started process (PID=30809) to work on /home/lohit/miniconda3/envs/airflow-env/lib/python3.8/site-packages/airflow/example_dags/example_dag_decorator.py
[2025-06-01T18:33:51.867+0200] {processor.py:829} INFO - Processing file /home/lohit/miniconda3/envs/airflow-env/lib/python3.8/site-packages/airflow/example_dags/example_dag_decorator.py for tasks to queue
[2025-06-01T18:33:51.868+0200] {logging_mixin.py:154} INFO - [2025-06-01T18:33:51.868+0200] {dagbag.py:536} INFO - Filling up the DagBag from /home/lohit/miniconda3/envs/airflow-env/lib/python3.8/site-packages/airflow/example_dags/example_dag_decorator.py
[2025-06-01T18:33:51.906+0200] {processor.py:839} INFO - DAG(s) dict_keys(['example_dag_decorator']) retrieved from /home/lohit/miniconda3/envs/airflow-env/lib/python3.8/site-packages/airflow/example_dags/example_dag_decorator.py
[2025-06-01T18:33:51.917+0200] {logging_mixin.py:154} INFO - [2025-06-01T18:33:51.917+0200] {dag.py:2941} INFO - Sync 1 DAGs
[2025-06-01T18:33:51.925+0200] {logging_mixin.py:154} INFO - [2025-06-01T18:33:51.925+0200] {dag.py:3722} INFO - Setting next_dagrun for example_dag_decorator to None, run_after=None
[2025-06-01T18:33:51.944+0200] {processor.py:179} INFO - Processing /home/lohit/miniconda3/envs/airflow-env/lib/python3.8/site-packages/airflow/example_dags/example_dag_decorator.py took 0.083 seconds
[2025-06-01T18:34:40.425+0200] {processor.py:157} INFO - Started process (PID=31596) to work on /home/lohit/miniconda3/envs/airflow-env/lib/python3.8/site-packages/airflow/example_dags/example_dag_decorator.py
[2025-06-01T18:34:40.429+0200] {processor.py:829} INFO - Processing file /home/lohit/miniconda3/envs/airflow-env/lib/python3.8/site-packages/airflow/example_dags/example_dag_decorator.py for tasks to queue
[2025-06-01T18:34:40.429+0200] {logging_mixin.py:154} INFO - [2025-06-01T18:34:40.429+0200] {dagbag.py:536} INFO - Filling up the DagBag from /home/lohit/miniconda3/envs/airflow-env/lib/python3.8/site-packages/airflow/example_dags/example_dag_decorator.py
[2025-06-01T18:34:40.469+0200] {processor.py:839} INFO - DAG(s) dict_keys(['example_dag_decorator']) retrieved from /home/lohit/miniconda3/envs/airflow-env/lib/python3.8/site-packages/airflow/example_dags/example_dag_decorator.py
[2025-06-01T18:34:40.480+0200] {logging_mixin.py:154} INFO - [2025-06-01T18:34:40.480+0200] {dag.py:2941} INFO - Sync 1 DAGs
[2025-06-01T18:34:40.489+0200] {logging_mixin.py:154} INFO - [2025-06-01T18:34:40.489+0200] {dag.py:3722} INFO - Setting next_dagrun for example_dag_decorator to None, run_after=None
[2025-06-01T18:34:40.506+0200] {processor.py:179} INFO - Processing /home/lohit/miniconda3/envs/airflow-env/lib/python3.8/site-packages/airflow/example_dags/example_dag_decorator.py took 0.084 seconds
[2025-06-01T18:35:26.651+0200] {processor.py:157} INFO - Started process (PID=31665) to work on /home/lohit/miniconda3/envs/airflow-env/lib/python3.8/site-packages/airflow/example_dags/example_dag_decorator.py
[2025-06-01T18:35:26.652+0200] {processor.py:829} INFO - Processing file /home/lohit/miniconda3/envs/airflow-env/lib/python3.8/site-packages/airflow/example_dags/example_dag_decorator.py for tasks to queue
[2025-06-01T18:35:26.653+0200] {logging_mixin.py:154} INFO - [2025-06-01T18:35:26.652+0200] {dagbag.py:536} INFO - Filling up the DagBag from /home/lohit/miniconda3/envs/airflow-env/lib/python3.8/site-packages/airflow/example_dags/example_dag_decorator.py
[2025-06-01T18:35:26.704+0200] {processor.py:839} INFO - DAG(s) dict_keys(['example_dag_decorator']) retrieved from /home/lohit/miniconda3/envs/airflow-env/lib/python3.8/site-packages/airflow/example_dags/example_dag_decorator.py
[2025-06-01T18:35:26.717+0200] {logging_mixin.py:154} INFO - [2025-06-01T18:35:26.717+0200] {dag.py:2941} INFO - Sync 1 DAGs
[2025-06-01T18:35:26.725+0200] {logging_mixin.py:154} INFO - [2025-06-01T18:35:26.725+0200] {dag.py:3722} INFO - Setting next_dagrun for example_dag_decorator to None, run_after=None
[2025-06-01T18:35:26.740+0200] {processor.py:179} INFO - Processing /home/lohit/miniconda3/envs/airflow-env/lib/python3.8/site-packages/airflow/example_dags/example_dag_decorator.py took 0.092 seconds
