[2025-06-01T17:53:09.814+0200] {processor.py:157} INFO - Started process (PID=27104) to work on /home/lohit/miniconda3/envs/airflow-env/lib/python3.8/site-packages/airflow/example_dags/example_branch_python_dop_operator_3.py
[2025-06-01T17:53:09.815+0200] {processor.py:829} INFO - Processing file /home/lohit/miniconda3/envs/airflow-env/lib/python3.8/site-packages/airflow/example_dags/example_branch_python_dop_operator_3.py for tasks to queue
[2025-06-01T17:53:09.815+0200] {logging_mixin.py:154} INFO - [2025-06-01T17:53:09.815+0200] {dagbag.py:536} INFO - Filling up the DagBag from /home/lohit/miniconda3/envs/airflow-env/lib/python3.8/site-packages/airflow/example_dags/example_branch_python_dop_operator_3.py
[2025-06-01T17:53:09.820+0200] {processor.py:839} INFO - DAG(s) dict_keys(['example_branch_dop_operator_v3']) retrieved from /home/lohit/miniconda3/envs/airflow-env/lib/python3.8/site-packages/airflow/example_dags/example_branch_python_dop_operator_3.py
[2025-06-01T17:53:09.829+0200] {logging_mixin.py:154} INFO - [2025-06-01T17:53:09.829+0200] {dag.py:2941} INFO - Sync 1 DAGs
[2025-06-01T17:53:09.841+0200] {logging_mixin.py:154} INFO - [2025-06-01T17:53:09.841+0200] {dag.py:3722} INFO - Setting next_dagrun for example_branch_dop_operator_v3 to 2025-06-01T15:52:00+00:00, run_after=2025-06-01T15:53:00+00:00
[2025-06-01T17:53:09.858+0200] {processor.py:179} INFO - Processing /home/lohit/miniconda3/envs/airflow-env/lib/python3.8/site-packages/airflow/example_dags/example_branch_python_dop_operator_3.py took 0.046 seconds
[2025-06-01T17:53:58.841+0200] {processor.py:157} INFO - Started process (PID=27177) to work on /home/lohit/miniconda3/envs/airflow-env/lib/python3.8/site-packages/airflow/example_dags/example_branch_python_dop_operator_3.py
[2025-06-01T17:53:58.845+0200] {processor.py:829} INFO - Processing file /home/lohit/miniconda3/envs/airflow-env/lib/python3.8/site-packages/airflow/example_dags/example_branch_python_dop_operator_3.py for tasks to queue
[2025-06-01T17:53:58.845+0200] {logging_mixin.py:154} INFO - [2025-06-01T17:53:58.845+0200] {dagbag.py:536} INFO - Filling up the DagBag from /home/lohit/miniconda3/envs/airflow-env/lib/python3.8/site-packages/airflow/example_dags/example_branch_python_dop_operator_3.py
[2025-06-01T17:53:58.850+0200] {processor.py:839} INFO - DAG(s) dict_keys(['example_branch_dop_operator_v3']) retrieved from /home/lohit/miniconda3/envs/airflow-env/lib/python3.8/site-packages/airflow/example_dags/example_branch_python_dop_operator_3.py
[2025-06-01T17:53:58.860+0200] {logging_mixin.py:154} INFO - [2025-06-01T17:53:58.860+0200] {dag.py:2941} INFO - Sync 1 DAGs
[2025-06-01T17:53:58.872+0200] {logging_mixin.py:154} INFO - [2025-06-01T17:53:58.872+0200] {dag.py:3722} INFO - Setting next_dagrun for example_branch_dop_operator_v3 to 2025-06-01T15:52:00+00:00, run_after=2025-06-01T15:53:00+00:00
[2025-06-01T17:53:58.889+0200] {processor.py:179} INFO - Processing /home/lohit/miniconda3/envs/airflow-env/lib/python3.8/site-packages/airflow/example_dags/example_branch_python_dop_operator_3.py took 0.049 seconds
[2025-06-01T17:54:43.924+0200] {processor.py:157} INFO - Started process (PID=27245) to work on /home/lohit/miniconda3/envs/airflow-env/lib/python3.8/site-packages/airflow/example_dags/example_branch_python_dop_operator_3.py
[2025-06-01T17:54:43.926+0200] {processor.py:829} INFO - Processing file /home/lohit/miniconda3/envs/airflow-env/lib/python3.8/site-packages/airflow/example_dags/example_branch_python_dop_operator_3.py for tasks to queue
[2025-06-01T17:54:43.927+0200] {logging_mixin.py:154} INFO - [2025-06-01T17:54:43.927+0200] {dagbag.py:536} INFO - Filling up the DagBag from /home/lohit/miniconda3/envs/airflow-env/lib/python3.8/site-packages/airflow/example_dags/example_branch_python_dop_operator_3.py
[2025-06-01T17:54:43.933+0200] {processor.py:839} INFO - DAG(s) dict_keys(['example_branch_dop_operator_v3']) retrieved from /home/lohit/miniconda3/envs/airflow-env/lib/python3.8/site-packages/airflow/example_dags/example_branch_python_dop_operator_3.py
[2025-06-01T17:54:43.945+0200] {logging_mixin.py:154} INFO - [2025-06-01T17:54:43.945+0200] {dag.py:2941} INFO - Sync 1 DAGs
[2025-06-01T17:54:43.958+0200] {logging_mixin.py:154} INFO - [2025-06-01T17:54:43.957+0200] {dag.py:3722} INFO - Setting next_dagrun for example_branch_dop_operator_v3 to 2025-06-01T15:53:00+00:00, run_after=2025-06-01T15:54:00+00:00
[2025-06-01T17:54:43.974+0200] {processor.py:179} INFO - Processing /home/lohit/miniconda3/envs/airflow-env/lib/python3.8/site-packages/airflow/example_dags/example_branch_python_dop_operator_3.py took 0.052 seconds
[2025-06-01T17:55:34.163+0200] {processor.py:157} INFO - Started process (PID=27317) to work on /home/lohit/miniconda3/envs/airflow-env/lib/python3.8/site-packages/airflow/example_dags/example_branch_python_dop_operator_3.py
[2025-06-01T17:55:34.167+0200] {processor.py:829} INFO - Processing file /home/lohit/miniconda3/envs/airflow-env/lib/python3.8/site-packages/airflow/example_dags/example_branch_python_dop_operator_3.py for tasks to queue
[2025-06-01T17:55:34.167+0200] {logging_mixin.py:154} INFO - [2025-06-01T17:55:34.167+0200] {dagbag.py:536} INFO - Filling up the DagBag from /home/lohit/miniconda3/envs/airflow-env/lib/python3.8/site-packages/airflow/example_dags/example_branch_python_dop_operator_3.py
[2025-06-01T17:55:34.172+0200] {processor.py:839} INFO - DAG(s) dict_keys(['example_branch_dop_operator_v3']) retrieved from /home/lohit/miniconda3/envs/airflow-env/lib/python3.8/site-packages/airflow/example_dags/example_branch_python_dop_operator_3.py
[2025-06-01T17:55:34.182+0200] {logging_mixin.py:154} INFO - [2025-06-01T17:55:34.181+0200] {dag.py:2941} INFO - Sync 1 DAGs
[2025-06-01T17:55:34.194+0200] {logging_mixin.py:154} INFO - [2025-06-01T17:55:34.194+0200] {dag.py:3722} INFO - Setting next_dagrun for example_branch_dop_operator_v3 to 2025-06-01T15:54:00+00:00, run_after=2025-06-01T15:55:00+00:00
[2025-06-01T17:55:34.215+0200] {processor.py:179} INFO - Processing /home/lohit/miniconda3/envs/airflow-env/lib/python3.8/site-packages/airflow/example_dags/example_branch_python_dop_operator_3.py took 0.054 seconds
[2025-06-01T17:56:21.077+0200] {processor.py:157} INFO - Started process (PID=27389) to work on /home/lohit/miniconda3/envs/airflow-env/lib/python3.8/site-packages/airflow/example_dags/example_branch_python_dop_operator_3.py
[2025-06-01T17:56:21.078+0200] {processor.py:829} INFO - Processing file /home/lohit/miniconda3/envs/airflow-env/lib/python3.8/site-packages/airflow/example_dags/example_branch_python_dop_operator_3.py for tasks to queue
[2025-06-01T17:56:21.078+0200] {logging_mixin.py:154} INFO - [2025-06-01T17:56:21.078+0200] {dagbag.py:536} INFO - Filling up the DagBag from /home/lohit/miniconda3/envs/airflow-env/lib/python3.8/site-packages/airflow/example_dags/example_branch_python_dop_operator_3.py
[2025-06-01T17:56:21.084+0200] {processor.py:839} INFO - DAG(s) dict_keys(['example_branch_dop_operator_v3']) retrieved from /home/lohit/miniconda3/envs/airflow-env/lib/python3.8/site-packages/airflow/example_dags/example_branch_python_dop_operator_3.py
[2025-06-01T17:56:21.097+0200] {logging_mixin.py:154} INFO - [2025-06-01T17:56:21.097+0200] {dag.py:2941} INFO - Sync 1 DAGs
[2025-06-01T17:56:21.112+0200] {logging_mixin.py:154} INFO - [2025-06-01T17:56:21.112+0200] {dag.py:3722} INFO - Setting next_dagrun for example_branch_dop_operator_v3 to 2025-06-01T15:55:00+00:00, run_after=2025-06-01T15:56:00+00:00
[2025-06-01T17:56:21.129+0200] {processor.py:179} INFO - Processing /home/lohit/miniconda3/envs/airflow-env/lib/python3.8/site-packages/airflow/example_dags/example_branch_python_dop_operator_3.py took 0.054 seconds
[2025-06-01T17:57:11.451+0200] {processor.py:157} INFO - Started process (PID=27461) to work on /home/lohit/miniconda3/envs/airflow-env/lib/python3.8/site-packages/airflow/example_dags/example_branch_python_dop_operator_3.py
[2025-06-01T17:57:11.454+0200] {processor.py:829} INFO - Processing file /home/lohit/miniconda3/envs/airflow-env/lib/python3.8/site-packages/airflow/example_dags/example_branch_python_dop_operator_3.py for tasks to queue
[2025-06-01T17:57:11.455+0200] {logging_mixin.py:154} INFO - [2025-06-01T17:57:11.455+0200] {dagbag.py:536} INFO - Filling up the DagBag from /home/lohit/miniconda3/envs/airflow-env/lib/python3.8/site-packages/airflow/example_dags/example_branch_python_dop_operator_3.py
[2025-06-01T17:57:11.460+0200] {processor.py:839} INFO - DAG(s) dict_keys(['example_branch_dop_operator_v3']) retrieved from /home/lohit/miniconda3/envs/airflow-env/lib/python3.8/site-packages/airflow/example_dags/example_branch_python_dop_operator_3.py
[2025-06-01T17:57:11.469+0200] {logging_mixin.py:154} INFO - [2025-06-01T17:57:11.469+0200] {dag.py:2941} INFO - Sync 1 DAGs
[2025-06-01T17:57:11.482+0200] {logging_mixin.py:154} INFO - [2025-06-01T17:57:11.482+0200] {dag.py:3722} INFO - Setting next_dagrun for example_branch_dop_operator_v3 to 2025-06-01T15:56:00+00:00, run_after=2025-06-01T15:57:00+00:00
[2025-06-01T17:57:11.497+0200] {processor.py:179} INFO - Processing /home/lohit/miniconda3/envs/airflow-env/lib/python3.8/site-packages/airflow/example_dags/example_branch_python_dop_operator_3.py took 0.048 seconds
[2025-06-01T17:57:53.957+0200] {processor.py:157} INFO - Started process (PID=27529) to work on /home/lohit/miniconda3/envs/airflow-env/lib/python3.8/site-packages/airflow/example_dags/example_branch_python_dop_operator_3.py
[2025-06-01T17:57:53.958+0200] {processor.py:829} INFO - Processing file /home/lohit/miniconda3/envs/airflow-env/lib/python3.8/site-packages/airflow/example_dags/example_branch_python_dop_operator_3.py for tasks to queue
[2025-06-01T17:57:53.958+0200] {logging_mixin.py:154} INFO - [2025-06-01T17:57:53.958+0200] {dagbag.py:536} INFO - Filling up the DagBag from /home/lohit/miniconda3/envs/airflow-env/lib/python3.8/site-packages/airflow/example_dags/example_branch_python_dop_operator_3.py
[2025-06-01T17:57:53.963+0200] {processor.py:839} INFO - DAG(s) dict_keys(['example_branch_dop_operator_v3']) retrieved from /home/lohit/miniconda3/envs/airflow-env/lib/python3.8/site-packages/airflow/example_dags/example_branch_python_dop_operator_3.py
[2025-06-01T17:57:53.973+0200] {logging_mixin.py:154} INFO - [2025-06-01T17:57:53.973+0200] {dag.py:2941} INFO - Sync 1 DAGs
[2025-06-01T17:57:53.985+0200] {logging_mixin.py:154} INFO - [2025-06-01T17:57:53.984+0200] {dag.py:3722} INFO - Setting next_dagrun for example_branch_dop_operator_v3 to 2025-06-01T15:56:00+00:00, run_after=2025-06-01T15:57:00+00:00
[2025-06-01T17:57:54.000+0200] {processor.py:179} INFO - Processing /home/lohit/miniconda3/envs/airflow-env/lib/python3.8/site-packages/airflow/example_dags/example_branch_python_dop_operator_3.py took 0.045 seconds
[2025-06-01T17:58:43.587+0200] {processor.py:157} INFO - Started process (PID=27599) to work on /home/lohit/miniconda3/envs/airflow-env/lib/python3.8/site-packages/airflow/example_dags/example_branch_python_dop_operator_3.py
[2025-06-01T17:58:43.591+0200] {processor.py:829} INFO - Processing file /home/lohit/miniconda3/envs/airflow-env/lib/python3.8/site-packages/airflow/example_dags/example_branch_python_dop_operator_3.py for tasks to queue
[2025-06-01T17:58:43.591+0200] {logging_mixin.py:154} INFO - [2025-06-01T17:58:43.591+0200] {dagbag.py:536} INFO - Filling up the DagBag from /home/lohit/miniconda3/envs/airflow-env/lib/python3.8/site-packages/airflow/example_dags/example_branch_python_dop_operator_3.py
[2025-06-01T17:58:43.597+0200] {processor.py:839} INFO - DAG(s) dict_keys(['example_branch_dop_operator_v3']) retrieved from /home/lohit/miniconda3/envs/airflow-env/lib/python3.8/site-packages/airflow/example_dags/example_branch_python_dop_operator_3.py
[2025-06-01T17:58:43.607+0200] {logging_mixin.py:154} INFO - [2025-06-01T17:58:43.607+0200] {dag.py:2941} INFO - Sync 1 DAGs
[2025-06-01T17:58:43.619+0200] {logging_mixin.py:154} INFO - [2025-06-01T17:58:43.619+0200] {dag.py:3722} INFO - Setting next_dagrun for example_branch_dop_operator_v3 to 2025-06-01T15:57:00+00:00, run_after=2025-06-01T15:58:00+00:00
[2025-06-01T17:58:43.636+0200] {processor.py:179} INFO - Processing /home/lohit/miniconda3/envs/airflow-env/lib/python3.8/site-packages/airflow/example_dags/example_branch_python_dop_operator_3.py took 0.051 seconds
[2025-06-01T17:59:26.344+0200] {processor.py:157} INFO - Started process (PID=27667) to work on /home/lohit/miniconda3/envs/airflow-env/lib/python3.8/site-packages/airflow/example_dags/example_branch_python_dop_operator_3.py
[2025-06-01T17:59:26.345+0200] {processor.py:829} INFO - Processing file /home/lohit/miniconda3/envs/airflow-env/lib/python3.8/site-packages/airflow/example_dags/example_branch_python_dop_operator_3.py for tasks to queue
[2025-06-01T17:59:26.345+0200] {logging_mixin.py:154} INFO - [2025-06-01T17:59:26.345+0200] {dagbag.py:536} INFO - Filling up the DagBag from /home/lohit/miniconda3/envs/airflow-env/lib/python3.8/site-packages/airflow/example_dags/example_branch_python_dop_operator_3.py
[2025-06-01T17:59:26.350+0200] {processor.py:839} INFO - DAG(s) dict_keys(['example_branch_dop_operator_v3']) retrieved from /home/lohit/miniconda3/envs/airflow-env/lib/python3.8/site-packages/airflow/example_dags/example_branch_python_dop_operator_3.py
[2025-06-01T17:59:26.361+0200] {logging_mixin.py:154} INFO - [2025-06-01T17:59:26.361+0200] {dag.py:2941} INFO - Sync 1 DAGs
[2025-06-01T17:59:26.375+0200] {logging_mixin.py:154} INFO - [2025-06-01T17:59:26.375+0200] {dag.py:3722} INFO - Setting next_dagrun for example_branch_dop_operator_v3 to 2025-06-01T15:58:00+00:00, run_after=2025-06-01T15:59:00+00:00
[2025-06-01T17:59:26.392+0200] {processor.py:179} INFO - Processing /home/lohit/miniconda3/envs/airflow-env/lib/python3.8/site-packages/airflow/example_dags/example_branch_python_dop_operator_3.py took 0.050 seconds
[2025-06-01T18:00:12.600+0200] {processor.py:157} INFO - Started process (PID=27735) to work on /home/lohit/miniconda3/envs/airflow-env/lib/python3.8/site-packages/airflow/example_dags/example_branch_python_dop_operator_3.py
[2025-06-01T18:00:12.601+0200] {processor.py:829} INFO - Processing file /home/lohit/miniconda3/envs/airflow-env/lib/python3.8/site-packages/airflow/example_dags/example_branch_python_dop_operator_3.py for tasks to queue
[2025-06-01T18:00:12.602+0200] {logging_mixin.py:154} INFO - [2025-06-01T18:00:12.602+0200] {dagbag.py:536} INFO - Filling up the DagBag from /home/lohit/miniconda3/envs/airflow-env/lib/python3.8/site-packages/airflow/example_dags/example_branch_python_dop_operator_3.py
[2025-06-01T18:00:12.607+0200] {processor.py:839} INFO - DAG(s) dict_keys(['example_branch_dop_operator_v3']) retrieved from /home/lohit/miniconda3/envs/airflow-env/lib/python3.8/site-packages/airflow/example_dags/example_branch_python_dop_operator_3.py
[2025-06-01T18:00:12.620+0200] {logging_mixin.py:154} INFO - [2025-06-01T18:00:12.619+0200] {dag.py:2941} INFO - Sync 1 DAGs
[2025-06-01T18:00:12.632+0200] {logging_mixin.py:154} INFO - [2025-06-01T18:00:12.632+0200] {dag.py:3722} INFO - Setting next_dagrun for example_branch_dop_operator_v3 to 2025-06-01T15:59:00+00:00, run_after=2025-06-01T16:00:00+00:00
[2025-06-01T18:00:12.648+0200] {processor.py:179} INFO - Processing /home/lohit/miniconda3/envs/airflow-env/lib/python3.8/site-packages/airflow/example_dags/example_branch_python_dop_operator_3.py took 0.050 seconds
[2025-06-01T18:00:58.762+0200] {processor.py:157} INFO - Started process (PID=27828) to work on /home/lohit/miniconda3/envs/airflow-env/lib/python3.8/site-packages/airflow/example_dags/example_branch_python_dop_operator_3.py
[2025-06-01T18:00:58.763+0200] {processor.py:829} INFO - Processing file /home/lohit/miniconda3/envs/airflow-env/lib/python3.8/site-packages/airflow/example_dags/example_branch_python_dop_operator_3.py for tasks to queue
[2025-06-01T18:00:58.764+0200] {logging_mixin.py:154} INFO - [2025-06-01T18:00:58.764+0200] {dagbag.py:536} INFO - Filling up the DagBag from /home/lohit/miniconda3/envs/airflow-env/lib/python3.8/site-packages/airflow/example_dags/example_branch_python_dop_operator_3.py
[2025-06-01T18:00:58.768+0200] {processor.py:839} INFO - DAG(s) dict_keys(['example_branch_dop_operator_v3']) retrieved from /home/lohit/miniconda3/envs/airflow-env/lib/python3.8/site-packages/airflow/example_dags/example_branch_python_dop_operator_3.py
[2025-06-01T18:00:58.778+0200] {logging_mixin.py:154} INFO - [2025-06-01T18:00:58.778+0200] {dag.py:2941} INFO - Sync 1 DAGs
[2025-06-01T18:00:58.790+0200] {logging_mixin.py:154} INFO - [2025-06-01T18:00:58.790+0200] {dag.py:3722} INFO - Setting next_dagrun for example_branch_dop_operator_v3 to 2025-06-01T15:59:00+00:00, run_after=2025-06-01T16:00:00+00:00
[2025-06-01T18:00:58.807+0200] {processor.py:179} INFO - Processing /home/lohit/miniconda3/envs/airflow-env/lib/python3.8/site-packages/airflow/example_dags/example_branch_python_dop_operator_3.py took 0.047 seconds
[2025-06-01T18:01:48.783+0200] {processor.py:157} INFO - Started process (PID=27910) to work on /home/lohit/miniconda3/envs/airflow-env/lib/python3.8/site-packages/airflow/example_dags/example_branch_python_dop_operator_3.py
[2025-06-01T18:01:48.787+0200] {processor.py:829} INFO - Processing file /home/lohit/miniconda3/envs/airflow-env/lib/python3.8/site-packages/airflow/example_dags/example_branch_python_dop_operator_3.py for tasks to queue
[2025-06-01T18:01:48.787+0200] {logging_mixin.py:154} INFO - [2025-06-01T18:01:48.787+0200] {dagbag.py:536} INFO - Filling up the DagBag from /home/lohit/miniconda3/envs/airflow-env/lib/python3.8/site-packages/airflow/example_dags/example_branch_python_dop_operator_3.py
[2025-06-01T18:01:48.795+0200] {processor.py:839} INFO - DAG(s) dict_keys(['example_branch_dop_operator_v3']) retrieved from /home/lohit/miniconda3/envs/airflow-env/lib/python3.8/site-packages/airflow/example_dags/example_branch_python_dop_operator_3.py
[2025-06-01T18:01:48.806+0200] {logging_mixin.py:154} INFO - [2025-06-01T18:01:48.806+0200] {dag.py:2941} INFO - Sync 1 DAGs
[2025-06-01T18:01:48.820+0200] {logging_mixin.py:154} INFO - [2025-06-01T18:01:48.820+0200] {dag.py:3722} INFO - Setting next_dagrun for example_branch_dop_operator_v3 to 2025-06-01T16:00:00+00:00, run_after=2025-06-01T16:01:00+00:00
[2025-06-01T18:01:48.836+0200] {processor.py:179} INFO - Processing /home/lohit/miniconda3/envs/airflow-env/lib/python3.8/site-packages/airflow/example_dags/example_branch_python_dop_operator_3.py took 0.055 seconds
[2025-06-01T18:02:33.644+0200] {processor.py:157} INFO - Started process (PID=27981) to work on /home/lohit/miniconda3/envs/airflow-env/lib/python3.8/site-packages/airflow/example_dags/example_branch_python_dop_operator_3.py
[2025-06-01T18:02:33.645+0200] {processor.py:829} INFO - Processing file /home/lohit/miniconda3/envs/airflow-env/lib/python3.8/site-packages/airflow/example_dags/example_branch_python_dop_operator_3.py for tasks to queue
[2025-06-01T18:02:33.646+0200] {logging_mixin.py:154} INFO - [2025-06-01T18:02:33.646+0200] {dagbag.py:536} INFO - Filling up the DagBag from /home/lohit/miniconda3/envs/airflow-env/lib/python3.8/site-packages/airflow/example_dags/example_branch_python_dop_operator_3.py
[2025-06-01T18:02:33.652+0200] {processor.py:839} INFO - DAG(s) dict_keys(['example_branch_dop_operator_v3']) retrieved from /home/lohit/miniconda3/envs/airflow-env/lib/python3.8/site-packages/airflow/example_dags/example_branch_python_dop_operator_3.py
[2025-06-01T18:02:33.664+0200] {logging_mixin.py:154} INFO - [2025-06-01T18:02:33.664+0200] {dag.py:2941} INFO - Sync 1 DAGs
[2025-06-01T18:02:33.679+0200] {logging_mixin.py:154} INFO - [2025-06-01T18:02:33.679+0200] {dag.py:3722} INFO - Setting next_dagrun for example_branch_dop_operator_v3 to 2025-06-01T16:01:00+00:00, run_after=2025-06-01T16:02:00+00:00
[2025-06-01T18:02:33.694+0200] {processor.py:179} INFO - Processing /home/lohit/miniconda3/envs/airflow-env/lib/python3.8/site-packages/airflow/example_dags/example_branch_python_dop_operator_3.py took 0.052 seconds
[2025-06-01T18:03:21.157+0200] {processor.py:157} INFO - Started process (PID=28059) to work on /home/lohit/miniconda3/envs/airflow-env/lib/python3.8/site-packages/airflow/example_dags/example_branch_python_dop_operator_3.py
[2025-06-01T18:03:21.161+0200] {processor.py:829} INFO - Processing file /home/lohit/miniconda3/envs/airflow-env/lib/python3.8/site-packages/airflow/example_dags/example_branch_python_dop_operator_3.py for tasks to queue
[2025-06-01T18:03:21.161+0200] {logging_mixin.py:154} INFO - [2025-06-01T18:03:21.161+0200] {dagbag.py:536} INFO - Filling up the DagBag from /home/lohit/miniconda3/envs/airflow-env/lib/python3.8/site-packages/airflow/example_dags/example_branch_python_dop_operator_3.py
[2025-06-01T18:03:21.167+0200] {processor.py:839} INFO - DAG(s) dict_keys(['example_branch_dop_operator_v3']) retrieved from /home/lohit/miniconda3/envs/airflow-env/lib/python3.8/site-packages/airflow/example_dags/example_branch_python_dop_operator_3.py
[2025-06-01T18:03:21.179+0200] {logging_mixin.py:154} INFO - [2025-06-01T18:03:21.178+0200] {dag.py:2941} INFO - Sync 1 DAGs
[2025-06-01T18:03:21.202+0200] {logging_mixin.py:154} INFO - [2025-06-01T18:03:21.202+0200] {dag.py:3722} INFO - Setting next_dagrun for example_branch_dop_operator_v3 to 2025-06-01T16:02:00+00:00, run_after=2025-06-01T16:03:00+00:00
[2025-06-01T18:03:21.222+0200] {processor.py:179} INFO - Processing /home/lohit/miniconda3/envs/airflow-env/lib/python3.8/site-packages/airflow/example_dags/example_branch_python_dop_operator_3.py took 0.067 seconds
[2025-06-01T18:04:09.048+0200] {processor.py:157} INFO - Started process (PID=28130) to work on /home/lohit/miniconda3/envs/airflow-env/lib/python3.8/site-packages/airflow/example_dags/example_branch_python_dop_operator_3.py
[2025-06-01T18:04:09.050+0200] {processor.py:829} INFO - Processing file /home/lohit/miniconda3/envs/airflow-env/lib/python3.8/site-packages/airflow/example_dags/example_branch_python_dop_operator_3.py for tasks to queue
[2025-06-01T18:04:09.051+0200] {logging_mixin.py:154} INFO - [2025-06-01T18:04:09.051+0200] {dagbag.py:536} INFO - Filling up the DagBag from /home/lohit/miniconda3/envs/airflow-env/lib/python3.8/site-packages/airflow/example_dags/example_branch_python_dop_operator_3.py
[2025-06-01T18:04:09.057+0200] {processor.py:839} INFO - DAG(s) dict_keys(['example_branch_dop_operator_v3']) retrieved from /home/lohit/miniconda3/envs/airflow-env/lib/python3.8/site-packages/airflow/example_dags/example_branch_python_dop_operator_3.py
[2025-06-01T18:04:09.068+0200] {logging_mixin.py:154} INFO - [2025-06-01T18:04:09.068+0200] {dag.py:2941} INFO - Sync 1 DAGs
[2025-06-01T18:04:09.080+0200] {logging_mixin.py:154} INFO - [2025-06-01T18:04:09.080+0200] {dag.py:3722} INFO - Setting next_dagrun for example_branch_dop_operator_v3 to 2025-06-01T16:03:00+00:00, run_after=2025-06-01T16:04:00+00:00
[2025-06-01T18:04:09.096+0200] {processor.py:179} INFO - Processing /home/lohit/miniconda3/envs/airflow-env/lib/python3.8/site-packages/airflow/example_dags/example_branch_python_dop_operator_3.py took 0.050 seconds
[2025-06-01T18:04:53.526+0200] {processor.py:157} INFO - Started process (PID=28204) to work on /home/lohit/miniconda3/envs/airflow-env/lib/python3.8/site-packages/airflow/example_dags/example_branch_python_dop_operator_3.py
[2025-06-01T18:04:53.529+0200] {processor.py:829} INFO - Processing file /home/lohit/miniconda3/envs/airflow-env/lib/python3.8/site-packages/airflow/example_dags/example_branch_python_dop_operator_3.py for tasks to queue
[2025-06-01T18:04:53.530+0200] {logging_mixin.py:154} INFO - [2025-06-01T18:04:53.530+0200] {dagbag.py:536} INFO - Filling up the DagBag from /home/lohit/miniconda3/envs/airflow-env/lib/python3.8/site-packages/airflow/example_dags/example_branch_python_dop_operator_3.py
[2025-06-01T18:04:53.536+0200] {processor.py:839} INFO - DAG(s) dict_keys(['example_branch_dop_operator_v3']) retrieved from /home/lohit/miniconda3/envs/airflow-env/lib/python3.8/site-packages/airflow/example_dags/example_branch_python_dop_operator_3.py
[2025-06-01T18:04:53.550+0200] {logging_mixin.py:154} INFO - [2025-06-01T18:04:53.550+0200] {dag.py:2941} INFO - Sync 1 DAGs
[2025-06-01T18:04:53.565+0200] {logging_mixin.py:154} INFO - [2025-06-01T18:04:53.564+0200] {dag.py:3722} INFO - Setting next_dagrun for example_branch_dop_operator_v3 to 2025-06-01T16:03:00+00:00, run_after=2025-06-01T16:04:00+00:00
[2025-06-01T18:04:53.581+0200] {processor.py:179} INFO - Processing /home/lohit/miniconda3/envs/airflow-env/lib/python3.8/site-packages/airflow/example_dags/example_branch_python_dop_operator_3.py took 0.057 seconds
[2025-06-01T18:05:45.860+0200] {processor.py:157} INFO - Started process (PID=28285) to work on /home/lohit/miniconda3/envs/airflow-env/lib/python3.8/site-packages/airflow/example_dags/example_branch_python_dop_operator_3.py
[2025-06-01T18:05:45.862+0200] {processor.py:829} INFO - Processing file /home/lohit/miniconda3/envs/airflow-env/lib/python3.8/site-packages/airflow/example_dags/example_branch_python_dop_operator_3.py for tasks to queue
[2025-06-01T18:05:45.862+0200] {logging_mixin.py:154} INFO - [2025-06-01T18:05:45.862+0200] {dagbag.py:536} INFO - Filling up the DagBag from /home/lohit/miniconda3/envs/airflow-env/lib/python3.8/site-packages/airflow/example_dags/example_branch_python_dop_operator_3.py
[2025-06-01T18:05:45.867+0200] {processor.py:839} INFO - DAG(s) dict_keys(['example_branch_dop_operator_v3']) retrieved from /home/lohit/miniconda3/envs/airflow-env/lib/python3.8/site-packages/airflow/example_dags/example_branch_python_dop_operator_3.py
[2025-06-01T18:05:45.880+0200] {logging_mixin.py:154} INFO - [2025-06-01T18:05:45.880+0200] {dag.py:2941} INFO - Sync 1 DAGs
[2025-06-01T18:05:45.893+0200] {logging_mixin.py:154} INFO - [2025-06-01T18:05:45.893+0200] {dag.py:3722} INFO - Setting next_dagrun for example_branch_dop_operator_v3 to 2025-06-01T16:04:00+00:00, run_after=2025-06-01T16:05:00+00:00
[2025-06-01T18:05:45.907+0200] {processor.py:179} INFO - Processing /home/lohit/miniconda3/envs/airflow-env/lib/python3.8/site-packages/airflow/example_dags/example_branch_python_dop_operator_3.py took 0.049 seconds
[2025-06-01T18:06:32.801+0200] {processor.py:157} INFO - Started process (PID=28360) to work on /home/lohit/miniconda3/envs/airflow-env/lib/python3.8/site-packages/airflow/example_dags/example_branch_python_dop_operator_3.py
[2025-06-01T18:06:32.805+0200] {processor.py:829} INFO - Processing file /home/lohit/miniconda3/envs/airflow-env/lib/python3.8/site-packages/airflow/example_dags/example_branch_python_dop_operator_3.py for tasks to queue
[2025-06-01T18:06:32.806+0200] {logging_mixin.py:154} INFO - [2025-06-01T18:06:32.806+0200] {dagbag.py:536} INFO - Filling up the DagBag from /home/lohit/miniconda3/envs/airflow-env/lib/python3.8/site-packages/airflow/example_dags/example_branch_python_dop_operator_3.py
[2025-06-01T18:06:32.812+0200] {processor.py:839} INFO - DAG(s) dict_keys(['example_branch_dop_operator_v3']) retrieved from /home/lohit/miniconda3/envs/airflow-env/lib/python3.8/site-packages/airflow/example_dags/example_branch_python_dop_operator_3.py
[2025-06-01T18:06:32.824+0200] {logging_mixin.py:154} INFO - [2025-06-01T18:06:32.824+0200] {dag.py:2941} INFO - Sync 1 DAGs
[2025-06-01T18:06:32.837+0200] {logging_mixin.py:154} INFO - [2025-06-01T18:06:32.836+0200] {dag.py:3722} INFO - Setting next_dagrun for example_branch_dop_operator_v3 to 2025-06-01T16:05:00+00:00, run_after=2025-06-01T16:06:00+00:00
[2025-06-01T18:06:32.853+0200] {processor.py:179} INFO - Processing /home/lohit/miniconda3/envs/airflow-env/lib/python3.8/site-packages/airflow/example_dags/example_branch_python_dop_operator_3.py took 0.053 seconds
[2025-06-01T18:07:18.657+0200] {processor.py:157} INFO - Started process (PID=28428) to work on /home/lohit/miniconda3/envs/airflow-env/lib/python3.8/site-packages/airflow/example_dags/example_branch_python_dop_operator_3.py
[2025-06-01T18:07:18.660+0200] {processor.py:829} INFO - Processing file /home/lohit/miniconda3/envs/airflow-env/lib/python3.8/site-packages/airflow/example_dags/example_branch_python_dop_operator_3.py for tasks to queue
[2025-06-01T18:07:18.661+0200] {logging_mixin.py:154} INFO - [2025-06-01T18:07:18.661+0200] {dagbag.py:536} INFO - Filling up the DagBag from /home/lohit/miniconda3/envs/airflow-env/lib/python3.8/site-packages/airflow/example_dags/example_branch_python_dop_operator_3.py
[2025-06-01T18:07:18.666+0200] {processor.py:839} INFO - DAG(s) dict_keys(['example_branch_dop_operator_v3']) retrieved from /home/lohit/miniconda3/envs/airflow-env/lib/python3.8/site-packages/airflow/example_dags/example_branch_python_dop_operator_3.py
[2025-06-01T18:07:18.675+0200] {logging_mixin.py:154} INFO - [2025-06-01T18:07:18.675+0200] {dag.py:2941} INFO - Sync 1 DAGs
[2025-06-01T18:07:18.689+0200] {logging_mixin.py:154} INFO - [2025-06-01T18:07:18.689+0200] {dag.py:3722} INFO - Setting next_dagrun for example_branch_dop_operator_v3 to 2025-06-01T16:06:00+00:00, run_after=2025-06-01T16:07:00+00:00
[2025-06-01T18:07:18.705+0200] {processor.py:179} INFO - Processing /home/lohit/miniconda3/envs/airflow-env/lib/python3.8/site-packages/airflow/example_dags/example_branch_python_dop_operator_3.py took 0.050 seconds
[2025-06-01T18:08:04.658+0200] {processor.py:157} INFO - Started process (PID=28498) to work on /home/lohit/miniconda3/envs/airflow-env/lib/python3.8/site-packages/airflow/example_dags/example_branch_python_dop_operator_3.py
[2025-06-01T18:08:04.660+0200] {processor.py:829} INFO - Processing file /home/lohit/miniconda3/envs/airflow-env/lib/python3.8/site-packages/airflow/example_dags/example_branch_python_dop_operator_3.py for tasks to queue
[2025-06-01T18:08:04.660+0200] {logging_mixin.py:154} INFO - [2025-06-01T18:08:04.660+0200] {dagbag.py:536} INFO - Filling up the DagBag from /home/lohit/miniconda3/envs/airflow-env/lib/python3.8/site-packages/airflow/example_dags/example_branch_python_dop_operator_3.py
[2025-06-01T18:08:04.666+0200] {processor.py:839} INFO - DAG(s) dict_keys(['example_branch_dop_operator_v3']) retrieved from /home/lohit/miniconda3/envs/airflow-env/lib/python3.8/site-packages/airflow/example_dags/example_branch_python_dop_operator_3.py
[2025-06-01T18:08:04.676+0200] {logging_mixin.py:154} INFO - [2025-06-01T18:08:04.676+0200] {dag.py:2941} INFO - Sync 1 DAGs
[2025-06-01T18:08:04.689+0200] {logging_mixin.py:154} INFO - [2025-06-01T18:08:04.689+0200] {dag.py:3722} INFO - Setting next_dagrun for example_branch_dop_operator_v3 to 2025-06-01T16:07:00+00:00, run_after=2025-06-01T16:08:00+00:00
[2025-06-01T18:08:04.704+0200] {processor.py:179} INFO - Processing /home/lohit/miniconda3/envs/airflow-env/lib/python3.8/site-packages/airflow/example_dags/example_branch_python_dop_operator_3.py took 0.048 seconds
[2025-06-01T18:08:55.501+0200] {processor.py:157} INFO - Started process (PID=28575) to work on /home/lohit/miniconda3/envs/airflow-env/lib/python3.8/site-packages/airflow/example_dags/example_branch_python_dop_operator_3.py
[2025-06-01T18:08:55.504+0200] {processor.py:829} INFO - Processing file /home/lohit/miniconda3/envs/airflow-env/lib/python3.8/site-packages/airflow/example_dags/example_branch_python_dop_operator_3.py for tasks to queue
[2025-06-01T18:08:55.505+0200] {logging_mixin.py:154} INFO - [2025-06-01T18:08:55.505+0200] {dagbag.py:536} INFO - Filling up the DagBag from /home/lohit/miniconda3/envs/airflow-env/lib/python3.8/site-packages/airflow/example_dags/example_branch_python_dop_operator_3.py
[2025-06-01T18:08:55.511+0200] {processor.py:839} INFO - DAG(s) dict_keys(['example_branch_dop_operator_v3']) retrieved from /home/lohit/miniconda3/envs/airflow-env/lib/python3.8/site-packages/airflow/example_dags/example_branch_python_dop_operator_3.py
[2025-06-01T18:08:55.522+0200] {logging_mixin.py:154} INFO - [2025-06-01T18:08:55.522+0200] {dag.py:2941} INFO - Sync 1 DAGs
[2025-06-01T18:08:55.536+0200] {logging_mixin.py:154} INFO - [2025-06-01T18:08:55.535+0200] {dag.py:3722} INFO - Setting next_dagrun for example_branch_dop_operator_v3 to 2025-06-01T16:07:00+00:00, run_after=2025-06-01T16:08:00+00:00
[2025-06-01T18:08:55.555+0200] {processor.py:179} INFO - Processing /home/lohit/miniconda3/envs/airflow-env/lib/python3.8/site-packages/airflow/example_dags/example_branch_python_dop_operator_3.py took 0.056 seconds
[2025-06-01T18:09:42.988+0200] {processor.py:157} INFO - Started process (PID=28649) to work on /home/lohit/miniconda3/envs/airflow-env/lib/python3.8/site-packages/airflow/example_dags/example_branch_python_dop_operator_3.py
[2025-06-01T18:09:42.989+0200] {processor.py:829} INFO - Processing file /home/lohit/miniconda3/envs/airflow-env/lib/python3.8/site-packages/airflow/example_dags/example_branch_python_dop_operator_3.py for tasks to queue
[2025-06-01T18:09:42.989+0200] {logging_mixin.py:154} INFO - [2025-06-01T18:09:42.989+0200] {dagbag.py:536} INFO - Filling up the DagBag from /home/lohit/miniconda3/envs/airflow-env/lib/python3.8/site-packages/airflow/example_dags/example_branch_python_dop_operator_3.py
[2025-06-01T18:09:42.995+0200] {processor.py:839} INFO - DAG(s) dict_keys(['example_branch_dop_operator_v3']) retrieved from /home/lohit/miniconda3/envs/airflow-env/lib/python3.8/site-packages/airflow/example_dags/example_branch_python_dop_operator_3.py
[2025-06-01T18:09:43.005+0200] {logging_mixin.py:154} INFO - [2025-06-01T18:09:43.005+0200] {dag.py:2941} INFO - Sync 1 DAGs
[2025-06-01T18:09:43.018+0200] {logging_mixin.py:154} INFO - [2025-06-01T18:09:43.017+0200] {dag.py:3722} INFO - Setting next_dagrun for example_branch_dop_operator_v3 to 2025-06-01T16:08:00+00:00, run_after=2025-06-01T16:09:00+00:00
[2025-06-01T18:09:43.033+0200] {processor.py:179} INFO - Processing /home/lohit/miniconda3/envs/airflow-env/lib/python3.8/site-packages/airflow/example_dags/example_branch_python_dop_operator_3.py took 0.047 seconds
[2025-06-01T18:10:30.929+0200] {processor.py:157} INFO - Started process (PID=28729) to work on /home/lohit/miniconda3/envs/airflow-env/lib/python3.8/site-packages/airflow/example_dags/example_branch_python_dop_operator_3.py
[2025-06-01T18:10:30.932+0200] {processor.py:829} INFO - Processing file /home/lohit/miniconda3/envs/airflow-env/lib/python3.8/site-packages/airflow/example_dags/example_branch_python_dop_operator_3.py for tasks to queue
[2025-06-01T18:10:30.933+0200] {logging_mixin.py:154} INFO - [2025-06-01T18:10:30.933+0200] {dagbag.py:536} INFO - Filling up the DagBag from /home/lohit/miniconda3/envs/airflow-env/lib/python3.8/site-packages/airflow/example_dags/example_branch_python_dop_operator_3.py
[2025-06-01T18:10:30.940+0200] {processor.py:839} INFO - DAG(s) dict_keys(['example_branch_dop_operator_v3']) retrieved from /home/lohit/miniconda3/envs/airflow-env/lib/python3.8/site-packages/airflow/example_dags/example_branch_python_dop_operator_3.py
[2025-06-01T18:10:30.951+0200] {logging_mixin.py:154} INFO - [2025-06-01T18:10:30.951+0200] {dag.py:2941} INFO - Sync 1 DAGs
[2025-06-01T18:10:30.966+0200] {logging_mixin.py:154} INFO - [2025-06-01T18:10:30.966+0200] {dag.py:3722} INFO - Setting next_dagrun for example_branch_dop_operator_v3 to 2025-06-01T16:09:00+00:00, run_after=2025-06-01T16:10:00+00:00
[2025-06-01T18:10:30.986+0200] {processor.py:179} INFO - Processing /home/lohit/miniconda3/envs/airflow-env/lib/python3.8/site-packages/airflow/example_dags/example_branch_python_dop_operator_3.py took 0.059 seconds
[2025-06-01T18:11:17.770+0200] {processor.py:157} INFO - Started process (PID=28800) to work on /home/lohit/miniconda3/envs/airflow-env/lib/python3.8/site-packages/airflow/example_dags/example_branch_python_dop_operator_3.py
[2025-06-01T18:11:17.772+0200] {processor.py:829} INFO - Processing file /home/lohit/miniconda3/envs/airflow-env/lib/python3.8/site-packages/airflow/example_dags/example_branch_python_dop_operator_3.py for tasks to queue
[2025-06-01T18:11:17.772+0200] {logging_mixin.py:154} INFO - [2025-06-01T18:11:17.772+0200] {dagbag.py:536} INFO - Filling up the DagBag from /home/lohit/miniconda3/envs/airflow-env/lib/python3.8/site-packages/airflow/example_dags/example_branch_python_dop_operator_3.py
[2025-06-01T18:11:17.778+0200] {processor.py:839} INFO - DAG(s) dict_keys(['example_branch_dop_operator_v3']) retrieved from /home/lohit/miniconda3/envs/airflow-env/lib/python3.8/site-packages/airflow/example_dags/example_branch_python_dop_operator_3.py
[2025-06-01T18:11:17.789+0200] {logging_mixin.py:154} INFO - [2025-06-01T18:11:17.789+0200] {dag.py:2941} INFO - Sync 1 DAGs
[2025-06-01T18:11:17.804+0200] {logging_mixin.py:154} INFO - [2025-06-01T18:11:17.803+0200] {dag.py:3722} INFO - Setting next_dagrun for example_branch_dop_operator_v3 to 2025-06-01T16:10:00+00:00, run_after=2025-06-01T16:11:00+00:00
[2025-06-01T18:11:17.820+0200] {processor.py:179} INFO - Processing /home/lohit/miniconda3/envs/airflow-env/lib/python3.8/site-packages/airflow/example_dags/example_branch_python_dop_operator_3.py took 0.052 seconds
[2025-06-01T18:12:10.307+0200] {processor.py:157} INFO - Started process (PID=28874) to work on /home/lohit/miniconda3/envs/airflow-env/lib/python3.8/site-packages/airflow/example_dags/example_branch_python_dop_operator_3.py
[2025-06-01T18:12:10.311+0200] {processor.py:829} INFO - Processing file /home/lohit/miniconda3/envs/airflow-env/lib/python3.8/site-packages/airflow/example_dags/example_branch_python_dop_operator_3.py for tasks to queue
[2025-06-01T18:12:10.311+0200] {logging_mixin.py:154} INFO - [2025-06-01T18:12:10.311+0200] {dagbag.py:536} INFO - Filling up the DagBag from /home/lohit/miniconda3/envs/airflow-env/lib/python3.8/site-packages/airflow/example_dags/example_branch_python_dop_operator_3.py
[2025-06-01T18:12:10.318+0200] {processor.py:839} INFO - DAG(s) dict_keys(['example_branch_dop_operator_v3']) retrieved from /home/lohit/miniconda3/envs/airflow-env/lib/python3.8/site-packages/airflow/example_dags/example_branch_python_dop_operator_3.py
[2025-06-01T18:12:10.329+0200] {logging_mixin.py:154} INFO - [2025-06-01T18:12:10.329+0200] {dag.py:2941} INFO - Sync 1 DAGs
[2025-06-01T18:12:10.346+0200] {logging_mixin.py:154} INFO - [2025-06-01T18:12:10.346+0200] {dag.py:3722} INFO - Setting next_dagrun for example_branch_dop_operator_v3 to 2025-06-01T16:11:00+00:00, run_after=2025-06-01T16:12:00+00:00
[2025-06-01T18:12:10.363+0200] {processor.py:179} INFO - Processing /home/lohit/miniconda3/envs/airflow-env/lib/python3.8/site-packages/airflow/example_dags/example_branch_python_dop_operator_3.py took 0.058 seconds
[2025-06-01T18:12:59.239+0200] {processor.py:157} INFO - Started process (PID=28952) to work on /home/lohit/miniconda3/envs/airflow-env/lib/python3.8/site-packages/airflow/example_dags/example_branch_python_dop_operator_3.py
[2025-06-01T18:12:59.242+0200] {processor.py:829} INFO - Processing file /home/lohit/miniconda3/envs/airflow-env/lib/python3.8/site-packages/airflow/example_dags/example_branch_python_dop_operator_3.py for tasks to queue
[2025-06-01T18:12:59.243+0200] {logging_mixin.py:154} INFO - [2025-06-01T18:12:59.243+0200] {dagbag.py:536} INFO - Filling up the DagBag from /home/lohit/miniconda3/envs/airflow-env/lib/python3.8/site-packages/airflow/example_dags/example_branch_python_dop_operator_3.py
[2025-06-01T18:12:59.249+0200] {processor.py:839} INFO - DAG(s) dict_keys(['example_branch_dop_operator_v3']) retrieved from /home/lohit/miniconda3/envs/airflow-env/lib/python3.8/site-packages/airflow/example_dags/example_branch_python_dop_operator_3.py
[2025-06-01T18:12:59.259+0200] {logging_mixin.py:154} INFO - [2025-06-01T18:12:59.259+0200] {dag.py:2941} INFO - Sync 1 DAGs
[2025-06-01T18:12:59.274+0200] {logging_mixin.py:154} INFO - [2025-06-01T18:12:59.274+0200] {dag.py:3722} INFO - Setting next_dagrun for example_branch_dop_operator_v3 to 2025-06-01T16:11:00+00:00, run_after=2025-06-01T16:12:00+00:00
[2025-06-01T18:12:59.290+0200] {processor.py:179} INFO - Processing /home/lohit/miniconda3/envs/airflow-env/lib/python3.8/site-packages/airflow/example_dags/example_branch_python_dop_operator_3.py took 0.055 seconds
[2025-06-01T18:13:46.331+0200] {processor.py:157} INFO - Started process (PID=29022) to work on /home/lohit/miniconda3/envs/airflow-env/lib/python3.8/site-packages/airflow/example_dags/example_branch_python_dop_operator_3.py
[2025-06-01T18:13:46.334+0200] {processor.py:829} INFO - Processing file /home/lohit/miniconda3/envs/airflow-env/lib/python3.8/site-packages/airflow/example_dags/example_branch_python_dop_operator_3.py for tasks to queue
[2025-06-01T18:13:46.335+0200] {logging_mixin.py:154} INFO - [2025-06-01T18:13:46.335+0200] {dagbag.py:536} INFO - Filling up the DagBag from /home/lohit/miniconda3/envs/airflow-env/lib/python3.8/site-packages/airflow/example_dags/example_branch_python_dop_operator_3.py
[2025-06-01T18:13:46.343+0200] {processor.py:839} INFO - DAG(s) dict_keys(['example_branch_dop_operator_v3']) retrieved from /home/lohit/miniconda3/envs/airflow-env/lib/python3.8/site-packages/airflow/example_dags/example_branch_python_dop_operator_3.py
[2025-06-01T18:13:46.355+0200] {logging_mixin.py:154} INFO - [2025-06-01T18:13:46.355+0200] {dag.py:2941} INFO - Sync 1 DAGs
[2025-06-01T18:13:46.370+0200] {logging_mixin.py:154} INFO - [2025-06-01T18:13:46.370+0200] {dag.py:3722} INFO - Setting next_dagrun for example_branch_dop_operator_v3 to 2025-06-01T16:12:00+00:00, run_after=2025-06-01T16:13:00+00:00
[2025-06-01T18:13:46.387+0200] {processor.py:179} INFO - Processing /home/lohit/miniconda3/envs/airflow-env/lib/python3.8/site-packages/airflow/example_dags/example_branch_python_dop_operator_3.py took 0.059 seconds
[2025-06-01T18:14:29.172+0200] {processor.py:157} INFO - Started process (PID=29090) to work on /home/lohit/miniconda3/envs/airflow-env/lib/python3.8/site-packages/airflow/example_dags/example_branch_python_dop_operator_3.py
[2025-06-01T18:14:29.176+0200] {processor.py:829} INFO - Processing file /home/lohit/miniconda3/envs/airflow-env/lib/python3.8/site-packages/airflow/example_dags/example_branch_python_dop_operator_3.py for tasks to queue
[2025-06-01T18:14:29.176+0200] {logging_mixin.py:154} INFO - [2025-06-01T18:14:29.176+0200] {dagbag.py:536} INFO - Filling up the DagBag from /home/lohit/miniconda3/envs/airflow-env/lib/python3.8/site-packages/airflow/example_dags/example_branch_python_dop_operator_3.py
[2025-06-01T18:14:29.184+0200] {processor.py:839} INFO - DAG(s) dict_keys(['example_branch_dop_operator_v3']) retrieved from /home/lohit/miniconda3/envs/airflow-env/lib/python3.8/site-packages/airflow/example_dags/example_branch_python_dop_operator_3.py
[2025-06-01T18:14:29.196+0200] {logging_mixin.py:154} INFO - [2025-06-01T18:14:29.196+0200] {dag.py:2941} INFO - Sync 1 DAGs
[2025-06-01T18:14:29.209+0200] {logging_mixin.py:154} INFO - [2025-06-01T18:14:29.209+0200] {dag.py:3722} INFO - Setting next_dagrun for example_branch_dop_operator_v3 to 2025-06-01T16:13:00+00:00, run_after=2025-06-01T16:14:00+00:00
[2025-06-01T18:14:29.224+0200] {processor.py:179} INFO - Processing /home/lohit/miniconda3/envs/airflow-env/lib/python3.8/site-packages/airflow/example_dags/example_branch_python_dop_operator_3.py took 0.054 seconds
[2025-06-01T18:15:16.968+0200] {processor.py:157} INFO - Started process (PID=29160) to work on /home/lohit/miniconda3/envs/airflow-env/lib/python3.8/site-packages/airflow/example_dags/example_branch_python_dop_operator_3.py
[2025-06-01T18:15:16.970+0200] {processor.py:829} INFO - Processing file /home/lohit/miniconda3/envs/airflow-env/lib/python3.8/site-packages/airflow/example_dags/example_branch_python_dop_operator_3.py for tasks to queue
[2025-06-01T18:15:16.970+0200] {logging_mixin.py:154} INFO - [2025-06-01T18:15:16.970+0200] {dagbag.py:536} INFO - Filling up the DagBag from /home/lohit/miniconda3/envs/airflow-env/lib/python3.8/site-packages/airflow/example_dags/example_branch_python_dop_operator_3.py
[2025-06-01T18:15:16.976+0200] {processor.py:839} INFO - DAG(s) dict_keys(['example_branch_dop_operator_v3']) retrieved from /home/lohit/miniconda3/envs/airflow-env/lib/python3.8/site-packages/airflow/example_dags/example_branch_python_dop_operator_3.py
[2025-06-01T18:15:16.988+0200] {logging_mixin.py:154} INFO - [2025-06-01T18:15:16.988+0200] {dag.py:2941} INFO - Sync 1 DAGs
[2025-06-01T18:15:17.004+0200] {logging_mixin.py:154} INFO - [2025-06-01T18:15:17.004+0200] {dag.py:3722} INFO - Setting next_dagrun for example_branch_dop_operator_v3 to 2025-06-01T16:14:00+00:00, run_after=2025-06-01T16:15:00+00:00
[2025-06-01T18:15:17.020+0200] {processor.py:179} INFO - Processing /home/lohit/miniconda3/envs/airflow-env/lib/python3.8/site-packages/airflow/example_dags/example_branch_python_dop_operator_3.py took 0.054 seconds
[2025-06-01T18:16:06.733+0200] {processor.py:157} INFO - Started process (PID=29232) to work on /home/lohit/miniconda3/envs/airflow-env/lib/python3.8/site-packages/airflow/example_dags/example_branch_python_dop_operator_3.py
[2025-06-01T18:16:06.737+0200] {processor.py:829} INFO - Processing file /home/lohit/miniconda3/envs/airflow-env/lib/python3.8/site-packages/airflow/example_dags/example_branch_python_dop_operator_3.py for tasks to queue
[2025-06-01T18:16:06.737+0200] {logging_mixin.py:154} INFO - [2025-06-01T18:16:06.737+0200] {dagbag.py:536} INFO - Filling up the DagBag from /home/lohit/miniconda3/envs/airflow-env/lib/python3.8/site-packages/airflow/example_dags/example_branch_python_dop_operator_3.py
[2025-06-01T18:16:06.743+0200] {processor.py:839} INFO - DAG(s) dict_keys(['example_branch_dop_operator_v3']) retrieved from /home/lohit/miniconda3/envs/airflow-env/lib/python3.8/site-packages/airflow/example_dags/example_branch_python_dop_operator_3.py
[2025-06-01T18:16:06.754+0200] {logging_mixin.py:154} INFO - [2025-06-01T18:16:06.753+0200] {dag.py:2941} INFO - Sync 1 DAGs
[2025-06-01T18:16:06.766+0200] {logging_mixin.py:154} INFO - [2025-06-01T18:16:06.766+0200] {dag.py:3722} INFO - Setting next_dagrun for example_branch_dop_operator_v3 to 2025-06-01T16:15:00+00:00, run_after=2025-06-01T16:16:00+00:00
[2025-06-01T18:16:06.784+0200] {processor.py:179} INFO - Processing /home/lohit/miniconda3/envs/airflow-env/lib/python3.8/site-packages/airflow/example_dags/example_branch_python_dop_operator_3.py took 0.053 seconds
[2025-06-01T18:16:54.630+0200] {processor.py:157} INFO - Started process (PID=29304) to work on /home/lohit/miniconda3/envs/airflow-env/lib/python3.8/site-packages/airflow/example_dags/example_branch_python_dop_operator_3.py
[2025-06-01T18:16:54.634+0200] {processor.py:829} INFO - Processing file /home/lohit/miniconda3/envs/airflow-env/lib/python3.8/site-packages/airflow/example_dags/example_branch_python_dop_operator_3.py for tasks to queue
[2025-06-01T18:16:54.634+0200] {logging_mixin.py:154} INFO - [2025-06-01T18:16:54.634+0200] {dagbag.py:536} INFO - Filling up the DagBag from /home/lohit/miniconda3/envs/airflow-env/lib/python3.8/site-packages/airflow/example_dags/example_branch_python_dop_operator_3.py
[2025-06-01T18:16:54.640+0200] {processor.py:839} INFO - DAG(s) dict_keys(['example_branch_dop_operator_v3']) retrieved from /home/lohit/miniconda3/envs/airflow-env/lib/python3.8/site-packages/airflow/example_dags/example_branch_python_dop_operator_3.py
[2025-06-01T18:16:54.651+0200] {logging_mixin.py:154} INFO - [2025-06-01T18:16:54.651+0200] {dag.py:2941} INFO - Sync 1 DAGs
[2025-06-01T18:16:54.664+0200] {logging_mixin.py:154} INFO - [2025-06-01T18:16:54.664+0200] {dag.py:3722} INFO - Setting next_dagrun for example_branch_dop_operator_v3 to 2025-06-01T16:15:00+00:00, run_after=2025-06-01T16:16:00+00:00
[2025-06-01T18:16:54.678+0200] {processor.py:179} INFO - Processing /home/lohit/miniconda3/envs/airflow-env/lib/python3.8/site-packages/airflow/example_dags/example_branch_python_dop_operator_3.py took 0.050 seconds
[2025-06-01T18:17:41.939+0200] {processor.py:157} INFO - Started process (PID=29378) to work on /home/lohit/miniconda3/envs/airflow-env/lib/python3.8/site-packages/airflow/example_dags/example_branch_python_dop_operator_3.py
[2025-06-01T18:17:41.943+0200] {processor.py:829} INFO - Processing file /home/lohit/miniconda3/envs/airflow-env/lib/python3.8/site-packages/airflow/example_dags/example_branch_python_dop_operator_3.py for tasks to queue
[2025-06-01T18:17:41.943+0200] {logging_mixin.py:154} INFO - [2025-06-01T18:17:41.943+0200] {dagbag.py:536} INFO - Filling up the DagBag from /home/lohit/miniconda3/envs/airflow-env/lib/python3.8/site-packages/airflow/example_dags/example_branch_python_dop_operator_3.py
[2025-06-01T18:17:41.950+0200] {processor.py:839} INFO - DAG(s) dict_keys(['example_branch_dop_operator_v3']) retrieved from /home/lohit/miniconda3/envs/airflow-env/lib/python3.8/site-packages/airflow/example_dags/example_branch_python_dop_operator_3.py
[2025-06-01T18:17:41.962+0200] {logging_mixin.py:154} INFO - [2025-06-01T18:17:41.961+0200] {dag.py:2941} INFO - Sync 1 DAGs
[2025-06-01T18:17:41.977+0200] {logging_mixin.py:154} INFO - [2025-06-01T18:17:41.977+0200] {dag.py:3722} INFO - Setting next_dagrun for example_branch_dop_operator_v3 to 2025-06-01T16:16:00+00:00, run_after=2025-06-01T16:17:00+00:00
[2025-06-01T18:17:41.995+0200] {processor.py:179} INFO - Processing /home/lohit/miniconda3/envs/airflow-env/lib/python3.8/site-packages/airflow/example_dags/example_branch_python_dop_operator_3.py took 0.058 seconds
[2025-06-01T18:18:38.624+0200] {processor.py:157} INFO - Started process (PID=29457) to work on /home/lohit/miniconda3/envs/airflow-env/lib/python3.8/site-packages/airflow/example_dags/example_branch_python_dop_operator_3.py
[2025-06-01T18:18:38.627+0200] {processor.py:829} INFO - Processing file /home/lohit/miniconda3/envs/airflow-env/lib/python3.8/site-packages/airflow/example_dags/example_branch_python_dop_operator_3.py for tasks to queue
[2025-06-01T18:18:38.628+0200] {logging_mixin.py:154} INFO - [2025-06-01T18:18:38.627+0200] {dagbag.py:536} INFO - Filling up the DagBag from /home/lohit/miniconda3/envs/airflow-env/lib/python3.8/site-packages/airflow/example_dags/example_branch_python_dop_operator_3.py
[2025-06-01T18:18:38.635+0200] {processor.py:839} INFO - DAG(s) dict_keys(['example_branch_dop_operator_v3']) retrieved from /home/lohit/miniconda3/envs/airflow-env/lib/python3.8/site-packages/airflow/example_dags/example_branch_python_dop_operator_3.py
[2025-06-01T18:18:38.646+0200] {logging_mixin.py:154} INFO - [2025-06-01T18:18:38.645+0200] {dag.py:2941} INFO - Sync 1 DAGs
[2025-06-01T18:18:38.660+0200] {logging_mixin.py:154} INFO - [2025-06-01T18:18:38.659+0200] {dag.py:3722} INFO - Setting next_dagrun for example_branch_dop_operator_v3 to 2025-06-01T16:17:00+00:00, run_after=2025-06-01T16:18:00+00:00
[2025-06-01T18:18:38.676+0200] {processor.py:179} INFO - Processing /home/lohit/miniconda3/envs/airflow-env/lib/python3.8/site-packages/airflow/example_dags/example_branch_python_dop_operator_3.py took 0.054 seconds
[2025-06-01T18:19:24.816+0200] {processor.py:157} INFO - Started process (PID=29526) to work on /home/lohit/miniconda3/envs/airflow-env/lib/python3.8/site-packages/airflow/example_dags/example_branch_python_dop_operator_3.py
[2025-06-01T18:19:24.819+0200] {processor.py:829} INFO - Processing file /home/lohit/miniconda3/envs/airflow-env/lib/python3.8/site-packages/airflow/example_dags/example_branch_python_dop_operator_3.py for tasks to queue
[2025-06-01T18:19:24.820+0200] {logging_mixin.py:154} INFO - [2025-06-01T18:19:24.820+0200] {dagbag.py:536} INFO - Filling up the DagBag from /home/lohit/miniconda3/envs/airflow-env/lib/python3.8/site-packages/airflow/example_dags/example_branch_python_dop_operator_3.py
[2025-06-01T18:19:24.827+0200] {processor.py:839} INFO - DAG(s) dict_keys(['example_branch_dop_operator_v3']) retrieved from /home/lohit/miniconda3/envs/airflow-env/lib/python3.8/site-packages/airflow/example_dags/example_branch_python_dop_operator_3.py
[2025-06-01T18:19:24.839+0200] {logging_mixin.py:154} INFO - [2025-06-01T18:19:24.838+0200] {dag.py:2941} INFO - Sync 1 DAGs
[2025-06-01T18:19:24.854+0200] {logging_mixin.py:154} INFO - [2025-06-01T18:19:24.854+0200] {dag.py:3722} INFO - Setting next_dagrun for example_branch_dop_operator_v3 to 2025-06-01T16:18:00+00:00, run_after=2025-06-01T16:19:00+00:00
[2025-06-01T18:19:24.871+0200] {processor.py:179} INFO - Processing /home/lohit/miniconda3/envs/airflow-env/lib/python3.8/site-packages/airflow/example_dags/example_branch_python_dop_operator_3.py took 0.057 seconds
[2025-06-01T18:20:13.550+0200] {processor.py:157} INFO - Started process (PID=29597) to work on /home/lohit/miniconda3/envs/airflow-env/lib/python3.8/site-packages/airflow/example_dags/example_branch_python_dop_operator_3.py
[2025-06-01T18:20:13.551+0200] {processor.py:829} INFO - Processing file /home/lohit/miniconda3/envs/airflow-env/lib/python3.8/site-packages/airflow/example_dags/example_branch_python_dop_operator_3.py for tasks to queue
[2025-06-01T18:20:13.552+0200] {logging_mixin.py:154} INFO - [2025-06-01T18:20:13.552+0200] {dagbag.py:536} INFO - Filling up the DagBag from /home/lohit/miniconda3/envs/airflow-env/lib/python3.8/site-packages/airflow/example_dags/example_branch_python_dop_operator_3.py
[2025-06-01T18:20:13.560+0200] {processor.py:839} INFO - DAG(s) dict_keys(['example_branch_dop_operator_v3']) retrieved from /home/lohit/miniconda3/envs/airflow-env/lib/python3.8/site-packages/airflow/example_dags/example_branch_python_dop_operator_3.py
[2025-06-01T18:20:13.572+0200] {logging_mixin.py:154} INFO - [2025-06-01T18:20:13.572+0200] {dag.py:2941} INFO - Sync 1 DAGs
[2025-06-01T18:20:13.587+0200] {logging_mixin.py:154} INFO - [2025-06-01T18:20:13.587+0200] {dag.py:3722} INFO - Setting next_dagrun for example_branch_dop_operator_v3 to 2025-06-01T16:19:00+00:00, run_after=2025-06-01T16:20:00+00:00
[2025-06-01T18:20:13.606+0200] {processor.py:179} INFO - Processing /home/lohit/miniconda3/envs/airflow-env/lib/python3.8/site-packages/airflow/example_dags/example_branch_python_dop_operator_3.py took 0.059 seconds
[2025-06-01T18:21:01.940+0200] {processor.py:157} INFO - Started process (PID=29669) to work on /home/lohit/miniconda3/envs/airflow-env/lib/python3.8/site-packages/airflow/example_dags/example_branch_python_dop_operator_3.py
[2025-06-01T18:21:01.943+0200] {processor.py:829} INFO - Processing file /home/lohit/miniconda3/envs/airflow-env/lib/python3.8/site-packages/airflow/example_dags/example_branch_python_dop_operator_3.py for tasks to queue
[2025-06-01T18:21:01.944+0200] {logging_mixin.py:154} INFO - [2025-06-01T18:21:01.943+0200] {dagbag.py:536} INFO - Filling up the DagBag from /home/lohit/miniconda3/envs/airflow-env/lib/python3.8/site-packages/airflow/example_dags/example_branch_python_dop_operator_3.py
[2025-06-01T18:21:01.950+0200] {processor.py:839} INFO - DAG(s) dict_keys(['example_branch_dop_operator_v3']) retrieved from /home/lohit/miniconda3/envs/airflow-env/lib/python3.8/site-packages/airflow/example_dags/example_branch_python_dop_operator_3.py
[2025-06-01T18:21:01.960+0200] {logging_mixin.py:154} INFO - [2025-06-01T18:21:01.960+0200] {dag.py:2941} INFO - Sync 1 DAGs
[2025-06-01T18:21:01.972+0200] {logging_mixin.py:154} INFO - [2025-06-01T18:21:01.972+0200] {dag.py:3722} INFO - Setting next_dagrun for example_branch_dop_operator_v3 to 2025-06-01T16:20:00+00:00, run_after=2025-06-01T16:21:00+00:00
[2025-06-01T18:21:01.989+0200] {processor.py:179} INFO - Processing /home/lohit/miniconda3/envs/airflow-env/lib/python3.8/site-packages/airflow/example_dags/example_branch_python_dop_operator_3.py took 0.051 seconds
[2025-06-01T18:21:50.329+0200] {processor.py:157} INFO - Started process (PID=29739) to work on /home/lohit/miniconda3/envs/airflow-env/lib/python3.8/site-packages/airflow/example_dags/example_branch_python_dop_operator_3.py
[2025-06-01T18:21:50.330+0200] {processor.py:829} INFO - Processing file /home/lohit/miniconda3/envs/airflow-env/lib/python3.8/site-packages/airflow/example_dags/example_branch_python_dop_operator_3.py for tasks to queue
[2025-06-01T18:21:50.331+0200] {logging_mixin.py:154} INFO - [2025-06-01T18:21:50.331+0200] {dagbag.py:536} INFO - Filling up the DagBag from /home/lohit/miniconda3/envs/airflow-env/lib/python3.8/site-packages/airflow/example_dags/example_branch_python_dop_operator_3.py
[2025-06-01T18:21:50.337+0200] {processor.py:839} INFO - DAG(s) dict_keys(['example_branch_dop_operator_v3']) retrieved from /home/lohit/miniconda3/envs/airflow-env/lib/python3.8/site-packages/airflow/example_dags/example_branch_python_dop_operator_3.py
[2025-06-01T18:21:50.349+0200] {logging_mixin.py:154} INFO - [2025-06-01T18:21:50.349+0200] {dag.py:2941} INFO - Sync 1 DAGs
[2025-06-01T18:21:50.363+0200] {logging_mixin.py:154} INFO - [2025-06-01T18:21:50.363+0200] {dag.py:3722} INFO - Setting next_dagrun for example_branch_dop_operator_v3 to 2025-06-01T16:20:00+00:00, run_after=2025-06-01T16:21:00+00:00
[2025-06-01T18:21:50.383+0200] {processor.py:179} INFO - Processing /home/lohit/miniconda3/envs/airflow-env/lib/python3.8/site-packages/airflow/example_dags/example_branch_python_dop_operator_3.py took 0.057 seconds
[2025-06-01T18:22:35.721+0200] {processor.py:157} INFO - Started process (PID=29808) to work on /home/lohit/miniconda3/envs/airflow-env/lib/python3.8/site-packages/airflow/example_dags/example_branch_python_dop_operator_3.py
[2025-06-01T18:22:35.724+0200] {processor.py:829} INFO - Processing file /home/lohit/miniconda3/envs/airflow-env/lib/python3.8/site-packages/airflow/example_dags/example_branch_python_dop_operator_3.py for tasks to queue
[2025-06-01T18:22:35.725+0200] {logging_mixin.py:154} INFO - [2025-06-01T18:22:35.725+0200] {dagbag.py:536} INFO - Filling up the DagBag from /home/lohit/miniconda3/envs/airflow-env/lib/python3.8/site-packages/airflow/example_dags/example_branch_python_dop_operator_3.py
[2025-06-01T18:22:35.730+0200] {processor.py:839} INFO - DAG(s) dict_keys(['example_branch_dop_operator_v3']) retrieved from /home/lohit/miniconda3/envs/airflow-env/lib/python3.8/site-packages/airflow/example_dags/example_branch_python_dop_operator_3.py
[2025-06-01T18:22:35.741+0200] {logging_mixin.py:154} INFO - [2025-06-01T18:22:35.741+0200] {dag.py:2941} INFO - Sync 1 DAGs
[2025-06-01T18:22:35.754+0200] {logging_mixin.py:154} INFO - [2025-06-01T18:22:35.754+0200] {dag.py:3722} INFO - Setting next_dagrun for example_branch_dop_operator_v3 to 2025-06-01T16:21:00+00:00, run_after=2025-06-01T16:22:00+00:00
[2025-06-01T18:22:35.770+0200] {processor.py:179} INFO - Processing /home/lohit/miniconda3/envs/airflow-env/lib/python3.8/site-packages/airflow/example_dags/example_branch_python_dop_operator_3.py took 0.051 seconds
[2025-06-01T18:23:24.822+0200] {processor.py:157} INFO - Started process (PID=29879) to work on /home/lohit/miniconda3/envs/airflow-env/lib/python3.8/site-packages/airflow/example_dags/example_branch_python_dop_operator_3.py
[2025-06-01T18:23:24.825+0200] {processor.py:829} INFO - Processing file /home/lohit/miniconda3/envs/airflow-env/lib/python3.8/site-packages/airflow/example_dags/example_branch_python_dop_operator_3.py for tasks to queue
[2025-06-01T18:23:24.826+0200] {logging_mixin.py:154} INFO - [2025-06-01T18:23:24.826+0200] {dagbag.py:536} INFO - Filling up the DagBag from /home/lohit/miniconda3/envs/airflow-env/lib/python3.8/site-packages/airflow/example_dags/example_branch_python_dop_operator_3.py
[2025-06-01T18:23:24.832+0200] {processor.py:839} INFO - DAG(s) dict_keys(['example_branch_dop_operator_v3']) retrieved from /home/lohit/miniconda3/envs/airflow-env/lib/python3.8/site-packages/airflow/example_dags/example_branch_python_dop_operator_3.py
[2025-06-01T18:23:24.842+0200] {logging_mixin.py:154} INFO - [2025-06-01T18:23:24.842+0200] {dag.py:2941} INFO - Sync 1 DAGs
[2025-06-01T18:23:24.857+0200] {logging_mixin.py:154} INFO - [2025-06-01T18:23:24.857+0200] {dag.py:3722} INFO - Setting next_dagrun for example_branch_dop_operator_v3 to 2025-06-01T16:22:00+00:00, run_after=2025-06-01T16:23:00+00:00
[2025-06-01T18:23:24.874+0200] {processor.py:179} INFO - Processing /home/lohit/miniconda3/envs/airflow-env/lib/python3.8/site-packages/airflow/example_dags/example_branch_python_dop_operator_3.py took 0.054 seconds
[2025-06-01T18:24:12.907+0200] {processor.py:157} INFO - Started process (PID=29950) to work on /home/lohit/miniconda3/envs/airflow-env/lib/python3.8/site-packages/airflow/example_dags/example_branch_python_dop_operator_3.py
[2025-06-01T18:24:12.910+0200] {processor.py:829} INFO - Processing file /home/lohit/miniconda3/envs/airflow-env/lib/python3.8/site-packages/airflow/example_dags/example_branch_python_dop_operator_3.py for tasks to queue
[2025-06-01T18:24:12.911+0200] {logging_mixin.py:154} INFO - [2025-06-01T18:24:12.910+0200] {dagbag.py:536} INFO - Filling up the DagBag from /home/lohit/miniconda3/envs/airflow-env/lib/python3.8/site-packages/airflow/example_dags/example_branch_python_dop_operator_3.py
[2025-06-01T18:24:12.916+0200] {processor.py:839} INFO - DAG(s) dict_keys(['example_branch_dop_operator_v3']) retrieved from /home/lohit/miniconda3/envs/airflow-env/lib/python3.8/site-packages/airflow/example_dags/example_branch_python_dop_operator_3.py
[2025-06-01T18:24:12.927+0200] {logging_mixin.py:154} INFO - [2025-06-01T18:24:12.927+0200] {dag.py:2941} INFO - Sync 1 DAGs
[2025-06-01T18:24:12.941+0200] {logging_mixin.py:154} INFO - [2025-06-01T18:24:12.941+0200] {dag.py:3722} INFO - Setting next_dagrun for example_branch_dop_operator_v3 to 2025-06-01T16:23:00+00:00, run_after=2025-06-01T16:24:00+00:00
[2025-06-01T18:24:12.958+0200] {processor.py:179} INFO - Processing /home/lohit/miniconda3/envs/airflow-env/lib/python3.8/site-packages/airflow/example_dags/example_branch_python_dop_operator_3.py took 0.054 seconds
[2025-06-01T18:24:59.158+0200] {processor.py:157} INFO - Started process (PID=30019) to work on /home/lohit/miniconda3/envs/airflow-env/lib/python3.8/site-packages/airflow/example_dags/example_branch_python_dop_operator_3.py
[2025-06-01T18:24:59.161+0200] {processor.py:829} INFO - Processing file /home/lohit/miniconda3/envs/airflow-env/lib/python3.8/site-packages/airflow/example_dags/example_branch_python_dop_operator_3.py for tasks to queue
[2025-06-01T18:24:59.162+0200] {logging_mixin.py:154} INFO - [2025-06-01T18:24:59.162+0200] {dagbag.py:536} INFO - Filling up the DagBag from /home/lohit/miniconda3/envs/airflow-env/lib/python3.8/site-packages/airflow/example_dags/example_branch_python_dop_operator_3.py
[2025-06-01T18:24:59.167+0200] {processor.py:839} INFO - DAG(s) dict_keys(['example_branch_dop_operator_v3']) retrieved from /home/lohit/miniconda3/envs/airflow-env/lib/python3.8/site-packages/airflow/example_dags/example_branch_python_dop_operator_3.py
[2025-06-01T18:24:59.176+0200] {logging_mixin.py:154} INFO - [2025-06-01T18:24:59.176+0200] {dag.py:2941} INFO - Sync 1 DAGs
[2025-06-01T18:24:59.190+0200] {logging_mixin.py:154} INFO - [2025-06-01T18:24:59.190+0200] {dag.py:3722} INFO - Setting next_dagrun for example_branch_dop_operator_v3 to 2025-06-01T16:23:00+00:00, run_after=2025-06-01T16:24:00+00:00
[2025-06-01T18:24:59.206+0200] {processor.py:179} INFO - Processing /home/lohit/miniconda3/envs/airflow-env/lib/python3.8/site-packages/airflow/example_dags/example_branch_python_dop_operator_3.py took 0.050 seconds
[2025-06-01T18:25:48.055+0200] {processor.py:157} INFO - Started process (PID=30090) to work on /home/lohit/miniconda3/envs/airflow-env/lib/python3.8/site-packages/airflow/example_dags/example_branch_python_dop_operator_3.py
[2025-06-01T18:25:48.059+0200] {processor.py:829} INFO - Processing file /home/lohit/miniconda3/envs/airflow-env/lib/python3.8/site-packages/airflow/example_dags/example_branch_python_dop_operator_3.py for tasks to queue
[2025-06-01T18:25:48.059+0200] {logging_mixin.py:154} INFO - [2025-06-01T18:25:48.059+0200] {dagbag.py:536} INFO - Filling up the DagBag from /home/lohit/miniconda3/envs/airflow-env/lib/python3.8/site-packages/airflow/example_dags/example_branch_python_dop_operator_3.py
[2025-06-01T18:25:48.065+0200] {processor.py:839} INFO - DAG(s) dict_keys(['example_branch_dop_operator_v3']) retrieved from /home/lohit/miniconda3/envs/airflow-env/lib/python3.8/site-packages/airflow/example_dags/example_branch_python_dop_operator_3.py
[2025-06-01T18:25:48.075+0200] {logging_mixin.py:154} INFO - [2025-06-01T18:25:48.075+0200] {dag.py:2941} INFO - Sync 1 DAGs
[2025-06-01T18:25:48.088+0200] {logging_mixin.py:154} INFO - [2025-06-01T18:25:48.088+0200] {dag.py:3722} INFO - Setting next_dagrun for example_branch_dop_operator_v3 to 2025-06-01T16:24:00+00:00, run_after=2025-06-01T16:25:00+00:00
[2025-06-01T18:25:48.104+0200] {processor.py:179} INFO - Processing /home/lohit/miniconda3/envs/airflow-env/lib/python3.8/site-packages/airflow/example_dags/example_branch_python_dop_operator_3.py took 0.052 seconds
[2025-06-01T18:26:33.015+0200] {processor.py:157} INFO - Started process (PID=30159) to work on /home/lohit/miniconda3/envs/airflow-env/lib/python3.8/site-packages/airflow/example_dags/example_branch_python_dop_operator_3.py
[2025-06-01T18:26:33.019+0200] {processor.py:829} INFO - Processing file /home/lohit/miniconda3/envs/airflow-env/lib/python3.8/site-packages/airflow/example_dags/example_branch_python_dop_operator_3.py for tasks to queue
[2025-06-01T18:26:33.020+0200] {logging_mixin.py:154} INFO - [2025-06-01T18:26:33.019+0200] {dagbag.py:536} INFO - Filling up the DagBag from /home/lohit/miniconda3/envs/airflow-env/lib/python3.8/site-packages/airflow/example_dags/example_branch_python_dop_operator_3.py
[2025-06-01T18:26:33.026+0200] {processor.py:839} INFO - DAG(s) dict_keys(['example_branch_dop_operator_v3']) retrieved from /home/lohit/miniconda3/envs/airflow-env/lib/python3.8/site-packages/airflow/example_dags/example_branch_python_dop_operator_3.py
[2025-06-01T18:26:33.037+0200] {logging_mixin.py:154} INFO - [2025-06-01T18:26:33.037+0200] {dag.py:2941} INFO - Sync 1 DAGs
[2025-06-01T18:26:33.052+0200] {logging_mixin.py:154} INFO - [2025-06-01T18:26:33.052+0200] {dag.py:3722} INFO - Setting next_dagrun for example_branch_dop_operator_v3 to 2025-06-01T16:25:00+00:00, run_after=2025-06-01T16:26:00+00:00
[2025-06-01T18:26:33.070+0200] {processor.py:179} INFO - Processing /home/lohit/miniconda3/envs/airflow-env/lib/python3.8/site-packages/airflow/example_dags/example_branch_python_dop_operator_3.py took 0.057 seconds
[2025-06-01T18:27:19.509+0200] {processor.py:157} INFO - Started process (PID=30230) to work on /home/lohit/miniconda3/envs/airflow-env/lib/python3.8/site-packages/airflow/example_dags/example_branch_python_dop_operator_3.py
[2025-06-01T18:27:19.513+0200] {processor.py:829} INFO - Processing file /home/lohit/miniconda3/envs/airflow-env/lib/python3.8/site-packages/airflow/example_dags/example_branch_python_dop_operator_3.py for tasks to queue
[2025-06-01T18:27:19.513+0200] {logging_mixin.py:154} INFO - [2025-06-01T18:27:19.513+0200] {dagbag.py:536} INFO - Filling up the DagBag from /home/lohit/miniconda3/envs/airflow-env/lib/python3.8/site-packages/airflow/example_dags/example_branch_python_dop_operator_3.py
[2025-06-01T18:27:19.519+0200] {processor.py:839} INFO - DAG(s) dict_keys(['example_branch_dop_operator_v3']) retrieved from /home/lohit/miniconda3/envs/airflow-env/lib/python3.8/site-packages/airflow/example_dags/example_branch_python_dop_operator_3.py
[2025-06-01T18:27:19.530+0200] {logging_mixin.py:154} INFO - [2025-06-01T18:27:19.529+0200] {dag.py:2941} INFO - Sync 1 DAGs
[2025-06-01T18:27:19.544+0200] {logging_mixin.py:154} INFO - [2025-06-01T18:27:19.544+0200] {dag.py:3722} INFO - Setting next_dagrun for example_branch_dop_operator_v3 to 2025-06-01T16:26:00+00:00, run_after=2025-06-01T16:27:00+00:00
[2025-06-01T18:27:19.559+0200] {processor.py:179} INFO - Processing /home/lohit/miniconda3/envs/airflow-env/lib/python3.8/site-packages/airflow/example_dags/example_branch_python_dop_operator_3.py took 0.052 seconds
[2025-06-01T18:28:05.694+0200] {processor.py:157} INFO - Started process (PID=30298) to work on /home/lohit/miniconda3/envs/airflow-env/lib/python3.8/site-packages/airflow/example_dags/example_branch_python_dop_operator_3.py
[2025-06-01T18:28:05.697+0200] {processor.py:829} INFO - Processing file /home/lohit/miniconda3/envs/airflow-env/lib/python3.8/site-packages/airflow/example_dags/example_branch_python_dop_operator_3.py for tasks to queue
[2025-06-01T18:28:05.698+0200] {logging_mixin.py:154} INFO - [2025-06-01T18:28:05.697+0200] {dagbag.py:536} INFO - Filling up the DagBag from /home/lohit/miniconda3/envs/airflow-env/lib/python3.8/site-packages/airflow/example_dags/example_branch_python_dop_operator_3.py
[2025-06-01T18:28:05.703+0200] {processor.py:839} INFO - DAG(s) dict_keys(['example_branch_dop_operator_v3']) retrieved from /home/lohit/miniconda3/envs/airflow-env/lib/python3.8/site-packages/airflow/example_dags/example_branch_python_dop_operator_3.py
[2025-06-01T18:28:05.714+0200] {logging_mixin.py:154} INFO - [2025-06-01T18:28:05.713+0200] {dag.py:2941} INFO - Sync 1 DAGs
[2025-06-01T18:28:05.726+0200] {logging_mixin.py:154} INFO - [2025-06-01T18:28:05.726+0200] {dag.py:3722} INFO - Setting next_dagrun for example_branch_dop_operator_v3 to 2025-06-01T16:27:00+00:00, run_after=2025-06-01T16:28:00+00:00
[2025-06-01T18:28:05.749+0200] {processor.py:179} INFO - Processing /home/lohit/miniconda3/envs/airflow-env/lib/python3.8/site-packages/airflow/example_dags/example_branch_python_dop_operator_3.py took 0.057 seconds
[2025-06-01T18:28:54.761+0200] {processor.py:157} INFO - Started process (PID=30370) to work on /home/lohit/miniconda3/envs/airflow-env/lib/python3.8/site-packages/airflow/example_dags/example_branch_python_dop_operator_3.py
[2025-06-01T18:28:54.764+0200] {processor.py:829} INFO - Processing file /home/lohit/miniconda3/envs/airflow-env/lib/python3.8/site-packages/airflow/example_dags/example_branch_python_dop_operator_3.py for tasks to queue
[2025-06-01T18:28:54.765+0200] {logging_mixin.py:154} INFO - [2025-06-01T18:28:54.764+0200] {dagbag.py:536} INFO - Filling up the DagBag from /home/lohit/miniconda3/envs/airflow-env/lib/python3.8/site-packages/airflow/example_dags/example_branch_python_dop_operator_3.py
[2025-06-01T18:28:54.771+0200] {processor.py:839} INFO - DAG(s) dict_keys(['example_branch_dop_operator_v3']) retrieved from /home/lohit/miniconda3/envs/airflow-env/lib/python3.8/site-packages/airflow/example_dags/example_branch_python_dop_operator_3.py
[2025-06-01T18:28:54.781+0200] {logging_mixin.py:154} INFO - [2025-06-01T18:28:54.781+0200] {dag.py:2941} INFO - Sync 1 DAGs
[2025-06-01T18:28:54.794+0200] {logging_mixin.py:154} INFO - [2025-06-01T18:28:54.794+0200] {dag.py:3722} INFO - Setting next_dagrun for example_branch_dop_operator_v3 to 2025-06-01T16:27:00+00:00, run_after=2025-06-01T16:28:00+00:00
[2025-06-01T18:28:54.810+0200] {processor.py:179} INFO - Processing /home/lohit/miniconda3/envs/airflow-env/lib/python3.8/site-packages/airflow/example_dags/example_branch_python_dop_operator_3.py took 0.052 seconds
[2025-06-01T18:29:38.962+0200] {processor.py:157} INFO - Started process (PID=30437) to work on /home/lohit/miniconda3/envs/airflow-env/lib/python3.8/site-packages/airflow/example_dags/example_branch_python_dop_operator_3.py
[2025-06-01T18:29:38.966+0200] {processor.py:829} INFO - Processing file /home/lohit/miniconda3/envs/airflow-env/lib/python3.8/site-packages/airflow/example_dags/example_branch_python_dop_operator_3.py for tasks to queue
[2025-06-01T18:29:38.966+0200] {logging_mixin.py:154} INFO - [2025-06-01T18:29:38.966+0200] {dagbag.py:536} INFO - Filling up the DagBag from /home/lohit/miniconda3/envs/airflow-env/lib/python3.8/site-packages/airflow/example_dags/example_branch_python_dop_operator_3.py
[2025-06-01T18:29:38.973+0200] {processor.py:839} INFO - DAG(s) dict_keys(['example_branch_dop_operator_v3']) retrieved from /home/lohit/miniconda3/envs/airflow-env/lib/python3.8/site-packages/airflow/example_dags/example_branch_python_dop_operator_3.py
[2025-06-01T18:29:38.983+0200] {logging_mixin.py:154} INFO - [2025-06-01T18:29:38.983+0200] {dag.py:2941} INFO - Sync 1 DAGs
[2025-06-01T18:29:38.997+0200] {logging_mixin.py:154} INFO - [2025-06-01T18:29:38.997+0200] {dag.py:3722} INFO - Setting next_dagrun for example_branch_dop_operator_v3 to 2025-06-01T16:28:00+00:00, run_after=2025-06-01T16:29:00+00:00
[2025-06-01T18:29:39.014+0200] {processor.py:179} INFO - Processing /home/lohit/miniconda3/envs/airflow-env/lib/python3.8/site-packages/airflow/example_dags/example_branch_python_dop_operator_3.py took 0.053 seconds
[2025-06-01T18:30:23.172+0200] {processor.py:157} INFO - Started process (PID=30506) to work on /home/lohit/miniconda3/envs/airflow-env/lib/python3.8/site-packages/airflow/example_dags/example_branch_python_dop_operator_3.py
[2025-06-01T18:30:23.176+0200] {processor.py:829} INFO - Processing file /home/lohit/miniconda3/envs/airflow-env/lib/python3.8/site-packages/airflow/example_dags/example_branch_python_dop_operator_3.py for tasks to queue
[2025-06-01T18:30:23.176+0200] {logging_mixin.py:154} INFO - [2025-06-01T18:30:23.176+0200] {dagbag.py:536} INFO - Filling up the DagBag from /home/lohit/miniconda3/envs/airflow-env/lib/python3.8/site-packages/airflow/example_dags/example_branch_python_dop_operator_3.py
[2025-06-01T18:30:23.183+0200] {processor.py:839} INFO - DAG(s) dict_keys(['example_branch_dop_operator_v3']) retrieved from /home/lohit/miniconda3/envs/airflow-env/lib/python3.8/site-packages/airflow/example_dags/example_branch_python_dop_operator_3.py
[2025-06-01T18:30:23.194+0200] {logging_mixin.py:154} INFO - [2025-06-01T18:30:23.194+0200] {dag.py:2941} INFO - Sync 1 DAGs
[2025-06-01T18:30:23.210+0200] {logging_mixin.py:154} INFO - [2025-06-01T18:30:23.209+0200] {dag.py:3722} INFO - Setting next_dagrun for example_branch_dop_operator_v3 to 2025-06-01T16:29:00+00:00, run_after=2025-06-01T16:30:00+00:00
[2025-06-01T18:30:23.227+0200] {processor.py:179} INFO - Processing /home/lohit/miniconda3/envs/airflow-env/lib/python3.8/site-packages/airflow/example_dags/example_branch_python_dop_operator_3.py took 0.057 seconds
[2025-06-01T18:31:08.390+0200] {processor.py:157} INFO - Started process (PID=30575) to work on /home/lohit/miniconda3/envs/airflow-env/lib/python3.8/site-packages/airflow/example_dags/example_branch_python_dop_operator_3.py
[2025-06-01T18:31:08.393+0200] {processor.py:829} INFO - Processing file /home/lohit/miniconda3/envs/airflow-env/lib/python3.8/site-packages/airflow/example_dags/example_branch_python_dop_operator_3.py for tasks to queue
[2025-06-01T18:31:08.394+0200] {logging_mixin.py:154} INFO - [2025-06-01T18:31:08.393+0200] {dagbag.py:536} INFO - Filling up the DagBag from /home/lohit/miniconda3/envs/airflow-env/lib/python3.8/site-packages/airflow/example_dags/example_branch_python_dop_operator_3.py
[2025-06-01T18:31:08.399+0200] {processor.py:839} INFO - DAG(s) dict_keys(['example_branch_dop_operator_v3']) retrieved from /home/lohit/miniconda3/envs/airflow-env/lib/python3.8/site-packages/airflow/example_dags/example_branch_python_dop_operator_3.py
[2025-06-01T18:31:08.411+0200] {logging_mixin.py:154} INFO - [2025-06-01T18:31:08.411+0200] {dag.py:2941} INFO - Sync 1 DAGs
[2025-06-01T18:31:08.425+0200] {logging_mixin.py:154} INFO - [2025-06-01T18:31:08.425+0200] {dag.py:3722} INFO - Setting next_dagrun for example_branch_dop_operator_v3 to 2025-06-01T16:30:00+00:00, run_after=2025-06-01T16:31:00+00:00
[2025-06-01T18:31:08.443+0200] {processor.py:179} INFO - Processing /home/lohit/miniconda3/envs/airflow-env/lib/python3.8/site-packages/airflow/example_dags/example_branch_python_dop_operator_3.py took 0.056 seconds
[2025-06-01T18:31:54.300+0200] {processor.py:157} INFO - Started process (PID=30644) to work on /home/lohit/miniconda3/envs/airflow-env/lib/python3.8/site-packages/airflow/example_dags/example_branch_python_dop_operator_3.py
[2025-06-01T18:31:54.301+0200] {processor.py:829} INFO - Processing file /home/lohit/miniconda3/envs/airflow-env/lib/python3.8/site-packages/airflow/example_dags/example_branch_python_dop_operator_3.py for tasks to queue
[2025-06-01T18:31:54.302+0200] {logging_mixin.py:154} INFO - [2025-06-01T18:31:54.302+0200] {dagbag.py:536} INFO - Filling up the DagBag from /home/lohit/miniconda3/envs/airflow-env/lib/python3.8/site-packages/airflow/example_dags/example_branch_python_dop_operator_3.py
[2025-06-01T18:31:54.308+0200] {processor.py:839} INFO - DAG(s) dict_keys(['example_branch_dop_operator_v3']) retrieved from /home/lohit/miniconda3/envs/airflow-env/lib/python3.8/site-packages/airflow/example_dags/example_branch_python_dop_operator_3.py
[2025-06-01T18:31:54.320+0200] {logging_mixin.py:154} INFO - [2025-06-01T18:31:54.319+0200] {dag.py:2941} INFO - Sync 1 DAGs
[2025-06-01T18:31:54.333+0200] {logging_mixin.py:154} INFO - [2025-06-01T18:31:54.333+0200] {dag.py:3722} INFO - Setting next_dagrun for example_branch_dop_operator_v3 to 2025-06-01T16:30:00+00:00, run_after=2025-06-01T16:31:00+00:00
[2025-06-01T18:31:54.349+0200] {processor.py:179} INFO - Processing /home/lohit/miniconda3/envs/airflow-env/lib/python3.8/site-packages/airflow/example_dags/example_branch_python_dop_operator_3.py took 0.051 seconds
[2025-06-01T18:32:38.389+0200] {processor.py:157} INFO - Started process (PID=30712) to work on /home/lohit/miniconda3/envs/airflow-env/lib/python3.8/site-packages/airflow/example_dags/example_branch_python_dop_operator_3.py
[2025-06-01T18:32:38.390+0200] {processor.py:829} INFO - Processing file /home/lohit/miniconda3/envs/airflow-env/lib/python3.8/site-packages/airflow/example_dags/example_branch_python_dop_operator_3.py for tasks to queue
[2025-06-01T18:32:38.391+0200] {logging_mixin.py:154} INFO - [2025-06-01T18:32:38.391+0200] {dagbag.py:536} INFO - Filling up the DagBag from /home/lohit/miniconda3/envs/airflow-env/lib/python3.8/site-packages/airflow/example_dags/example_branch_python_dop_operator_3.py
[2025-06-01T18:32:38.396+0200] {processor.py:839} INFO - DAG(s) dict_keys(['example_branch_dop_operator_v3']) retrieved from /home/lohit/miniconda3/envs/airflow-env/lib/python3.8/site-packages/airflow/example_dags/example_branch_python_dop_operator_3.py
[2025-06-01T18:32:38.408+0200] {logging_mixin.py:154} INFO - [2025-06-01T18:32:38.408+0200] {dag.py:2941} INFO - Sync 1 DAGs
[2025-06-01T18:32:38.422+0200] {logging_mixin.py:154} INFO - [2025-06-01T18:32:38.422+0200] {dag.py:3722} INFO - Setting next_dagrun for example_branch_dop_operator_v3 to 2025-06-01T16:31:00+00:00, run_after=2025-06-01T16:32:00+00:00
[2025-06-01T18:32:38.437+0200] {processor.py:179} INFO - Processing /home/lohit/miniconda3/envs/airflow-env/lib/python3.8/site-packages/airflow/example_dags/example_branch_python_dop_operator_3.py took 0.050 seconds
[2025-06-01T18:33:22.354+0200] {processor.py:157} INFO - Started process (PID=30780) to work on /home/lohit/miniconda3/envs/airflow-env/lib/python3.8/site-packages/airflow/example_dags/example_branch_python_dop_operator_3.py
[2025-06-01T18:33:22.356+0200] {processor.py:829} INFO - Processing file /home/lohit/miniconda3/envs/airflow-env/lib/python3.8/site-packages/airflow/example_dags/example_branch_python_dop_operator_3.py for tasks to queue
[2025-06-01T18:33:22.356+0200] {logging_mixin.py:154} INFO - [2025-06-01T18:33:22.356+0200] {dagbag.py:536} INFO - Filling up the DagBag from /home/lohit/miniconda3/envs/airflow-env/lib/python3.8/site-packages/airflow/example_dags/example_branch_python_dop_operator_3.py
[2025-06-01T18:33:22.362+0200] {processor.py:839} INFO - DAG(s) dict_keys(['example_branch_dop_operator_v3']) retrieved from /home/lohit/miniconda3/envs/airflow-env/lib/python3.8/site-packages/airflow/example_dags/example_branch_python_dop_operator_3.py
[2025-06-01T18:33:22.373+0200] {logging_mixin.py:154} INFO - [2025-06-01T18:33:22.372+0200] {dag.py:2941} INFO - Sync 1 DAGs
[2025-06-01T18:33:22.386+0200] {logging_mixin.py:154} INFO - [2025-06-01T18:33:22.386+0200] {dag.py:3722} INFO - Setting next_dagrun for example_branch_dop_operator_v3 to 2025-06-01T16:32:00+00:00, run_after=2025-06-01T16:33:00+00:00
[2025-06-01T18:33:22.403+0200] {processor.py:179} INFO - Processing /home/lohit/miniconda3/envs/airflow-env/lib/python3.8/site-packages/airflow/example_dags/example_branch_python_dop_operator_3.py took 0.052 seconds
[2025-06-01T18:34:14.731+0200] {processor.py:157} INFO - Started process (PID=30853) to work on /home/lohit/miniconda3/envs/airflow-env/lib/python3.8/site-packages/airflow/example_dags/example_branch_python_dop_operator_3.py
[2025-06-01T18:34:14.734+0200] {processor.py:829} INFO - Processing file /home/lohit/miniconda3/envs/airflow-env/lib/python3.8/site-packages/airflow/example_dags/example_branch_python_dop_operator_3.py for tasks to queue
[2025-06-01T18:34:14.735+0200] {logging_mixin.py:154} INFO - [2025-06-01T18:34:14.734+0200] {dagbag.py:536} INFO - Filling up the DagBag from /home/lohit/miniconda3/envs/airflow-env/lib/python3.8/site-packages/airflow/example_dags/example_branch_python_dop_operator_3.py
[2025-06-01T18:34:14.742+0200] {processor.py:839} INFO - DAG(s) dict_keys(['example_branch_dop_operator_v3']) retrieved from /home/lohit/miniconda3/envs/airflow-env/lib/python3.8/site-packages/airflow/example_dags/example_branch_python_dop_operator_3.py
[2025-06-01T18:34:14.753+0200] {logging_mixin.py:154} INFO - [2025-06-01T18:34:14.752+0200] {dag.py:2941} INFO - Sync 1 DAGs
[2025-06-01T18:34:14.767+0200] {logging_mixin.py:154} INFO - [2025-06-01T18:34:14.767+0200] {dag.py:3722} INFO - Setting next_dagrun for example_branch_dop_operator_v3 to 2025-06-01T16:33:00+00:00, run_after=2025-06-01T16:34:00+00:00
[2025-06-01T18:34:14.784+0200] {processor.py:179} INFO - Processing /home/lohit/miniconda3/envs/airflow-env/lib/python3.8/site-packages/airflow/example_dags/example_branch_python_dop_operator_3.py took 0.055 seconds
[2025-06-01T18:34:59.835+0200] {processor.py:157} INFO - Started process (PID=31638) to work on /home/lohit/miniconda3/envs/airflow-env/lib/python3.8/site-packages/airflow/example_dags/example_branch_python_dop_operator_3.py
[2025-06-01T18:34:59.838+0200] {processor.py:829} INFO - Processing file /home/lohit/miniconda3/envs/airflow-env/lib/python3.8/site-packages/airflow/example_dags/example_branch_python_dop_operator_3.py for tasks to queue
[2025-06-01T18:34:59.839+0200] {logging_mixin.py:154} INFO - [2025-06-01T18:34:59.838+0200] {dagbag.py:536} INFO - Filling up the DagBag from /home/lohit/miniconda3/envs/airflow-env/lib/python3.8/site-packages/airflow/example_dags/example_branch_python_dop_operator_3.py
[2025-06-01T18:34:59.845+0200] {processor.py:839} INFO - DAG(s) dict_keys(['example_branch_dop_operator_v3']) retrieved from /home/lohit/miniconda3/envs/airflow-env/lib/python3.8/site-packages/airflow/example_dags/example_branch_python_dop_operator_3.py
[2025-06-01T18:34:59.858+0200] {logging_mixin.py:154} INFO - [2025-06-01T18:34:59.858+0200] {dag.py:2941} INFO - Sync 1 DAGs
[2025-06-01T18:34:59.871+0200] {logging_mixin.py:154} INFO - [2025-06-01T18:34:59.871+0200] {dag.py:3722} INFO - Setting next_dagrun for example_branch_dop_operator_v3 to 2025-06-01T16:33:00+00:00, run_after=2025-06-01T16:34:00+00:00
[2025-06-01T18:34:59.888+0200] {processor.py:179} INFO - Processing /home/lohit/miniconda3/envs/airflow-env/lib/python3.8/site-packages/airflow/example_dags/example_branch_python_dop_operator_3.py took 0.056 seconds
