[2025-06-01T17:52:57.094+0200] {processor.py:157} INFO - Started process (PID=27069) to work on /home/lohit/miniconda3/envs/airflow-env/lib/python3.8/site-packages/airflow/example_dags/example_setup_teardown.py
[2025-06-01T17:52:57.094+0200] {processor.py:829} INFO - Processing file /home/lohit/miniconda3/envs/airflow-env/lib/python3.8/site-packages/airflow/example_dags/example_setup_teardown.py for tasks to queue
[2025-06-01T17:52:57.095+0200] {logging_mixin.py:154} INFO - [2025-06-01T17:52:57.095+0200] {dagbag.py:536} INFO - Filling up the DagBag from /home/lohit/miniconda3/envs/airflow-env/lib/python3.8/site-packages/airflow/example_dags/example_setup_teardown.py
[2025-06-01T17:52:57.099+0200] {processor.py:839} INFO - DAG(s) dict_keys(['example_setup_teardown']) retrieved from /home/lohit/miniconda3/envs/airflow-env/lib/python3.8/site-packages/airflow/example_dags/example_setup_teardown.py
[2025-06-01T17:52:57.108+0200] {logging_mixin.py:154} INFO - [2025-06-01T17:52:57.108+0200] {dag.py:2941} INFO - Sync 1 DAGs
[2025-06-01T17:52:57.118+0200] {logging_mixin.py:154} INFO - [2025-06-01T17:52:57.118+0200] {dag.py:3722} INFO - Setting next_dagrun for example_setup_teardown to 2025-05-31T15:52:57.118386+00:00, run_after=2025-06-01T15:52:57.118386+00:00
[2025-06-01T17:52:57.137+0200] {processor.py:179} INFO - Processing /home/lohit/miniconda3/envs/airflow-env/lib/python3.8/site-packages/airflow/example_dags/example_setup_teardown.py took 0.045 seconds
[2025-06-01T17:53:41.425+0200] {processor.py:157} INFO - Started process (PID=27137) to work on /home/lohit/miniconda3/envs/airflow-env/lib/python3.8/site-packages/airflow/example_dags/example_setup_teardown.py
[2025-06-01T17:53:41.428+0200] {processor.py:829} INFO - Processing file /home/lohit/miniconda3/envs/airflow-env/lib/python3.8/site-packages/airflow/example_dags/example_setup_teardown.py for tasks to queue
[2025-06-01T17:53:41.428+0200] {logging_mixin.py:154} INFO - [2025-06-01T17:53:41.428+0200] {dagbag.py:536} INFO - Filling up the DagBag from /home/lohit/miniconda3/envs/airflow-env/lib/python3.8/site-packages/airflow/example_dags/example_setup_teardown.py
[2025-06-01T17:53:41.433+0200] {processor.py:839} INFO - DAG(s) dict_keys(['example_setup_teardown']) retrieved from /home/lohit/miniconda3/envs/airflow-env/lib/python3.8/site-packages/airflow/example_dags/example_setup_teardown.py
[2025-06-01T17:53:41.442+0200] {logging_mixin.py:154} INFO - [2025-06-01T17:53:41.442+0200] {dag.py:2941} INFO - Sync 1 DAGs
[2025-06-01T17:53:41.452+0200] {logging_mixin.py:154} INFO - [2025-06-01T17:53:41.451+0200] {dag.py:3722} INFO - Setting next_dagrun for example_setup_teardown to 2025-05-31T15:53:41.451856+00:00, run_after=2025-06-01T15:53:41.451856+00:00
[2025-06-01T17:53:41.467+0200] {processor.py:179} INFO - Processing /home/lohit/miniconda3/envs/airflow-env/lib/python3.8/site-packages/airflow/example_dags/example_setup_teardown.py took 0.044 seconds
[2025-06-01T17:54:24.510+0200] {processor.py:157} INFO - Started process (PID=27205) to work on /home/lohit/miniconda3/envs/airflow-env/lib/python3.8/site-packages/airflow/example_dags/example_setup_teardown.py
[2025-06-01T17:54:24.513+0200] {processor.py:829} INFO - Processing file /home/lohit/miniconda3/envs/airflow-env/lib/python3.8/site-packages/airflow/example_dags/example_setup_teardown.py for tasks to queue
[2025-06-01T17:54:24.513+0200] {logging_mixin.py:154} INFO - [2025-06-01T17:54:24.513+0200] {dagbag.py:536} INFO - Filling up the DagBag from /home/lohit/miniconda3/envs/airflow-env/lib/python3.8/site-packages/airflow/example_dags/example_setup_teardown.py
[2025-06-01T17:54:24.518+0200] {processor.py:839} INFO - DAG(s) dict_keys(['example_setup_teardown']) retrieved from /home/lohit/miniconda3/envs/airflow-env/lib/python3.8/site-packages/airflow/example_dags/example_setup_teardown.py
[2025-06-01T17:54:24.527+0200] {logging_mixin.py:154} INFO - [2025-06-01T17:54:24.527+0200] {dag.py:2941} INFO - Sync 1 DAGs
[2025-06-01T17:54:24.537+0200] {logging_mixin.py:154} INFO - [2025-06-01T17:54:24.537+0200] {dag.py:3722} INFO - Setting next_dagrun for example_setup_teardown to 2025-05-31T15:54:24.537202+00:00, run_after=2025-06-01T15:54:24.537202+00:00
[2025-06-01T17:54:24.552+0200] {processor.py:179} INFO - Processing /home/lohit/miniconda3/envs/airflow-env/lib/python3.8/site-packages/airflow/example_dags/example_setup_teardown.py took 0.044 seconds
[2025-06-01T17:55:12.777+0200] {processor.py:157} INFO - Started process (PID=27275) to work on /home/lohit/miniconda3/envs/airflow-env/lib/python3.8/site-packages/airflow/example_dags/example_setup_teardown.py
[2025-06-01T17:55:12.780+0200] {processor.py:829} INFO - Processing file /home/lohit/miniconda3/envs/airflow-env/lib/python3.8/site-packages/airflow/example_dags/example_setup_teardown.py for tasks to queue
[2025-06-01T17:55:12.781+0200] {logging_mixin.py:154} INFO - [2025-06-01T17:55:12.780+0200] {dagbag.py:536} INFO - Filling up the DagBag from /home/lohit/miniconda3/envs/airflow-env/lib/python3.8/site-packages/airflow/example_dags/example_setup_teardown.py
[2025-06-01T17:55:12.786+0200] {processor.py:839} INFO - DAG(s) dict_keys(['example_setup_teardown']) retrieved from /home/lohit/miniconda3/envs/airflow-env/lib/python3.8/site-packages/airflow/example_dags/example_setup_teardown.py
[2025-06-01T17:55:12.796+0200] {logging_mixin.py:154} INFO - [2025-06-01T17:55:12.796+0200] {dag.py:2941} INFO - Sync 1 DAGs
[2025-06-01T17:55:12.808+0200] {logging_mixin.py:154} INFO - [2025-06-01T17:55:12.808+0200] {dag.py:3722} INFO - Setting next_dagrun for example_setup_teardown to 2025-05-31T15:55:12.808645+00:00, run_after=2025-06-01T15:55:12.808645+00:00
[2025-06-01T17:55:12.824+0200] {processor.py:179} INFO - Processing /home/lohit/miniconda3/envs/airflow-env/lib/python3.8/site-packages/airflow/example_dags/example_setup_teardown.py took 0.050 seconds
[2025-06-01T17:56:03.193+0200] {processor.py:157} INFO - Started process (PID=27349) to work on /home/lohit/miniconda3/envs/airflow-env/lib/python3.8/site-packages/airflow/example_dags/example_setup_teardown.py
[2025-06-01T17:56:03.197+0200] {processor.py:829} INFO - Processing file /home/lohit/miniconda3/envs/airflow-env/lib/python3.8/site-packages/airflow/example_dags/example_setup_teardown.py for tasks to queue
[2025-06-01T17:56:03.198+0200] {logging_mixin.py:154} INFO - [2025-06-01T17:56:03.198+0200] {dagbag.py:536} INFO - Filling up the DagBag from /home/lohit/miniconda3/envs/airflow-env/lib/python3.8/site-packages/airflow/example_dags/example_setup_teardown.py
[2025-06-01T17:56:03.203+0200] {processor.py:839} INFO - DAG(s) dict_keys(['example_setup_teardown']) retrieved from /home/lohit/miniconda3/envs/airflow-env/lib/python3.8/site-packages/airflow/example_dags/example_setup_teardown.py
[2025-06-01T17:56:03.212+0200] {logging_mixin.py:154} INFO - [2025-06-01T17:56:03.212+0200] {dag.py:2941} INFO - Sync 1 DAGs
[2025-06-01T17:56:03.225+0200] {logging_mixin.py:154} INFO - [2025-06-01T17:56:03.225+0200] {dag.py:3722} INFO - Setting next_dagrun for example_setup_teardown to 2025-05-31T15:56:03.224903+00:00, run_after=2025-06-01T15:56:03.224903+00:00
[2025-06-01T17:56:03.241+0200] {processor.py:179} INFO - Processing /home/lohit/miniconda3/envs/airflow-env/lib/python3.8/site-packages/airflow/example_dags/example_setup_teardown.py took 0.049 seconds
[2025-06-01T17:56:51.349+0200] {processor.py:157} INFO - Started process (PID=27419) to work on /home/lohit/miniconda3/envs/airflow-env/lib/python3.8/site-packages/airflow/example_dags/example_setup_teardown.py
[2025-06-01T17:56:51.353+0200] {processor.py:829} INFO - Processing file /home/lohit/miniconda3/envs/airflow-env/lib/python3.8/site-packages/airflow/example_dags/example_setup_teardown.py for tasks to queue
[2025-06-01T17:56:51.353+0200] {logging_mixin.py:154} INFO - [2025-06-01T17:56:51.353+0200] {dagbag.py:536} INFO - Filling up the DagBag from /home/lohit/miniconda3/envs/airflow-env/lib/python3.8/site-packages/airflow/example_dags/example_setup_teardown.py
[2025-06-01T17:56:51.358+0200] {processor.py:839} INFO - DAG(s) dict_keys(['example_setup_teardown']) retrieved from /home/lohit/miniconda3/envs/airflow-env/lib/python3.8/site-packages/airflow/example_dags/example_setup_teardown.py
[2025-06-01T17:56:51.367+0200] {logging_mixin.py:154} INFO - [2025-06-01T17:56:51.367+0200] {dag.py:2941} INFO - Sync 1 DAGs
[2025-06-01T17:56:51.377+0200] {logging_mixin.py:154} INFO - [2025-06-01T17:56:51.377+0200] {dag.py:3722} INFO - Setting next_dagrun for example_setup_teardown to 2025-05-31T15:56:51.377684+00:00, run_after=2025-06-01T15:56:51.377684+00:00
[2025-06-01T17:56:51.392+0200] {processor.py:179} INFO - Processing /home/lohit/miniconda3/envs/airflow-env/lib/python3.8/site-packages/airflow/example_dags/example_setup_teardown.py took 0.045 seconds
[2025-06-01T17:57:36.800+0200] {processor.py:157} INFO - Started process (PID=27488) to work on /home/lohit/miniconda3/envs/airflow-env/lib/python3.8/site-packages/airflow/example_dags/example_setup_teardown.py
[2025-06-01T17:57:36.804+0200] {processor.py:829} INFO - Processing file /home/lohit/miniconda3/envs/airflow-env/lib/python3.8/site-packages/airflow/example_dags/example_setup_teardown.py for tasks to queue
[2025-06-01T17:57:36.804+0200] {logging_mixin.py:154} INFO - [2025-06-01T17:57:36.804+0200] {dagbag.py:536} INFO - Filling up the DagBag from /home/lohit/miniconda3/envs/airflow-env/lib/python3.8/site-packages/airflow/example_dags/example_setup_teardown.py
[2025-06-01T17:57:36.809+0200] {processor.py:839} INFO - DAG(s) dict_keys(['example_setup_teardown']) retrieved from /home/lohit/miniconda3/envs/airflow-env/lib/python3.8/site-packages/airflow/example_dags/example_setup_teardown.py
[2025-06-01T17:57:36.819+0200] {logging_mixin.py:154} INFO - [2025-06-01T17:57:36.819+0200] {dag.py:2941} INFO - Sync 1 DAGs
[2025-06-01T17:57:36.830+0200] {logging_mixin.py:154} INFO - [2025-06-01T17:57:36.829+0200] {dag.py:3722} INFO - Setting next_dagrun for example_setup_teardown to 2025-05-31T15:57:36.829783+00:00, run_after=2025-06-01T15:57:36.829783+00:00
[2025-06-01T17:57:36.846+0200] {processor.py:179} INFO - Processing /home/lohit/miniconda3/envs/airflow-env/lib/python3.8/site-packages/airflow/example_dags/example_setup_teardown.py took 0.047 seconds
[2025-06-01T17:58:20.703+0200] {processor.py:157} INFO - Started process (PID=27555) to work on /home/lohit/miniconda3/envs/airflow-env/lib/python3.8/site-packages/airflow/example_dags/example_setup_teardown.py
[2025-06-01T17:58:20.706+0200] {processor.py:829} INFO - Processing file /home/lohit/miniconda3/envs/airflow-env/lib/python3.8/site-packages/airflow/example_dags/example_setup_teardown.py for tasks to queue
[2025-06-01T17:58:20.707+0200] {logging_mixin.py:154} INFO - [2025-06-01T17:58:20.707+0200] {dagbag.py:536} INFO - Filling up the DagBag from /home/lohit/miniconda3/envs/airflow-env/lib/python3.8/site-packages/airflow/example_dags/example_setup_teardown.py
[2025-06-01T17:58:20.712+0200] {processor.py:839} INFO - DAG(s) dict_keys(['example_setup_teardown']) retrieved from /home/lohit/miniconda3/envs/airflow-env/lib/python3.8/site-packages/airflow/example_dags/example_setup_teardown.py
[2025-06-01T17:58:20.721+0200] {logging_mixin.py:154} INFO - [2025-06-01T17:58:20.721+0200] {dag.py:2941} INFO - Sync 1 DAGs
[2025-06-01T17:58:20.731+0200] {logging_mixin.py:154} INFO - [2025-06-01T17:58:20.731+0200] {dag.py:3722} INFO - Setting next_dagrun for example_setup_teardown to 2025-05-31T15:58:20.731293+00:00, run_after=2025-06-01T15:58:20.731293+00:00
[2025-06-01T17:58:20.749+0200] {processor.py:179} INFO - Processing /home/lohit/miniconda3/envs/airflow-env/lib/python3.8/site-packages/airflow/example_dags/example_setup_teardown.py took 0.049 seconds
[2025-06-01T17:59:08.056+0200] {processor.py:157} INFO - Started process (PID=27626) to work on /home/lohit/miniconda3/envs/airflow-env/lib/python3.8/site-packages/airflow/example_dags/example_setup_teardown.py
[2025-06-01T17:59:08.060+0200] {processor.py:829} INFO - Processing file /home/lohit/miniconda3/envs/airflow-env/lib/python3.8/site-packages/airflow/example_dags/example_setup_teardown.py for tasks to queue
[2025-06-01T17:59:08.061+0200] {logging_mixin.py:154} INFO - [2025-06-01T17:59:08.061+0200] {dagbag.py:536} INFO - Filling up the DagBag from /home/lohit/miniconda3/envs/airflow-env/lib/python3.8/site-packages/airflow/example_dags/example_setup_teardown.py
[2025-06-01T17:59:08.066+0200] {processor.py:839} INFO - DAG(s) dict_keys(['example_setup_teardown']) retrieved from /home/lohit/miniconda3/envs/airflow-env/lib/python3.8/site-packages/airflow/example_dags/example_setup_teardown.py
[2025-06-01T17:59:08.075+0200] {logging_mixin.py:154} INFO - [2025-06-01T17:59:08.075+0200] {dag.py:2941} INFO - Sync 1 DAGs
[2025-06-01T17:59:08.086+0200] {logging_mixin.py:154} INFO - [2025-06-01T17:59:08.086+0200] {dag.py:3722} INFO - Setting next_dagrun for example_setup_teardown to 2025-05-31T15:59:08.086136+00:00, run_after=2025-06-01T15:59:08.086136+00:00
[2025-06-01T17:59:08.102+0200] {processor.py:179} INFO - Processing /home/lohit/miniconda3/envs/airflow-env/lib/python3.8/site-packages/airflow/example_dags/example_setup_teardown.py took 0.048 seconds
[2025-06-01T17:59:51.737+0200] {processor.py:157} INFO - Started process (PID=27693) to work on /home/lohit/miniconda3/envs/airflow-env/lib/python3.8/site-packages/airflow/example_dags/example_setup_teardown.py
[2025-06-01T17:59:51.741+0200] {processor.py:829} INFO - Processing file /home/lohit/miniconda3/envs/airflow-env/lib/python3.8/site-packages/airflow/example_dags/example_setup_teardown.py for tasks to queue
[2025-06-01T17:59:51.741+0200] {logging_mixin.py:154} INFO - [2025-06-01T17:59:51.741+0200] {dagbag.py:536} INFO - Filling up the DagBag from /home/lohit/miniconda3/envs/airflow-env/lib/python3.8/site-packages/airflow/example_dags/example_setup_teardown.py
[2025-06-01T17:59:51.746+0200] {processor.py:839} INFO - DAG(s) dict_keys(['example_setup_teardown']) retrieved from /home/lohit/miniconda3/envs/airflow-env/lib/python3.8/site-packages/airflow/example_dags/example_setup_teardown.py
[2025-06-01T17:59:51.754+0200] {logging_mixin.py:154} INFO - [2025-06-01T17:59:51.754+0200] {dag.py:2941} INFO - Sync 1 DAGs
[2025-06-01T17:59:51.764+0200] {logging_mixin.py:154} INFO - [2025-06-01T17:59:51.764+0200] {dag.py:3722} INFO - Setting next_dagrun for example_setup_teardown to 2025-05-31T15:59:51.764406+00:00, run_after=2025-06-01T15:59:51.764406+00:00
[2025-06-01T17:59:51.783+0200] {processor.py:179} INFO - Processing /home/lohit/miniconda3/envs/airflow-env/lib/python3.8/site-packages/airflow/example_dags/example_setup_teardown.py took 0.048 seconds
[2025-06-01T18:00:41.982+0200] {processor.py:157} INFO - Started process (PID=27766) to work on /home/lohit/miniconda3/envs/airflow-env/lib/python3.8/site-packages/airflow/example_dags/example_setup_teardown.py
[2025-06-01T18:00:41.983+0200] {processor.py:829} INFO - Processing file /home/lohit/miniconda3/envs/airflow-env/lib/python3.8/site-packages/airflow/example_dags/example_setup_teardown.py for tasks to queue
[2025-06-01T18:00:41.984+0200] {logging_mixin.py:154} INFO - [2025-06-01T18:00:41.984+0200] {dagbag.py:536} INFO - Filling up the DagBag from /home/lohit/miniconda3/envs/airflow-env/lib/python3.8/site-packages/airflow/example_dags/example_setup_teardown.py
[2025-06-01T18:00:41.989+0200] {processor.py:839} INFO - DAG(s) dict_keys(['example_setup_teardown']) retrieved from /home/lohit/miniconda3/envs/airflow-env/lib/python3.8/site-packages/airflow/example_dags/example_setup_teardown.py
[2025-06-01T18:00:41.999+0200] {logging_mixin.py:154} INFO - [2025-06-01T18:00:41.998+0200] {dag.py:2941} INFO - Sync 1 DAGs
[2025-06-01T18:00:42.011+0200] {logging_mixin.py:154} INFO - [2025-06-01T18:00:42.011+0200] {dag.py:3722} INFO - Setting next_dagrun for example_setup_teardown to 2025-05-31T16:00:42.010944+00:00, run_after=2025-06-01T16:00:42.010944+00:00
[2025-06-01T18:00:42.030+0200] {processor.py:179} INFO - Processing /home/lohit/miniconda3/envs/airflow-env/lib/python3.8/site-packages/airflow/example_dags/example_setup_teardown.py took 0.050 seconds
[2025-06-01T18:01:28.614+0200] {processor.py:157} INFO - Started process (PID=27867) to work on /home/lohit/miniconda3/envs/airflow-env/lib/python3.8/site-packages/airflow/example_dags/example_setup_teardown.py
[2025-06-01T18:01:28.618+0200] {processor.py:829} INFO - Processing file /home/lohit/miniconda3/envs/airflow-env/lib/python3.8/site-packages/airflow/example_dags/example_setup_teardown.py for tasks to queue
[2025-06-01T18:01:28.618+0200] {logging_mixin.py:154} INFO - [2025-06-01T18:01:28.618+0200] {dagbag.py:536} INFO - Filling up the DagBag from /home/lohit/miniconda3/envs/airflow-env/lib/python3.8/site-packages/airflow/example_dags/example_setup_teardown.py
[2025-06-01T18:01:28.623+0200] {processor.py:839} INFO - DAG(s) dict_keys(['example_setup_teardown']) retrieved from /home/lohit/miniconda3/envs/airflow-env/lib/python3.8/site-packages/airflow/example_dags/example_setup_teardown.py
[2025-06-01T18:01:28.633+0200] {logging_mixin.py:154} INFO - [2025-06-01T18:01:28.633+0200] {dag.py:2941} INFO - Sync 1 DAGs
[2025-06-01T18:01:28.643+0200] {logging_mixin.py:154} INFO - [2025-06-01T18:01:28.643+0200] {dag.py:3722} INFO - Setting next_dagrun for example_setup_teardown to 2025-05-31T16:01:28.643450+00:00, run_after=2025-06-01T16:01:28.643450+00:00
[2025-06-01T18:01:28.659+0200] {processor.py:179} INFO - Processing /home/lohit/miniconda3/envs/airflow-env/lib/python3.8/site-packages/airflow/example_dags/example_setup_teardown.py took 0.046 seconds
[2025-06-01T18:02:11.839+0200] {processor.py:157} INFO - Started process (PID=27935) to work on /home/lohit/miniconda3/envs/airflow-env/lib/python3.8/site-packages/airflow/example_dags/example_setup_teardown.py
[2025-06-01T18:02:11.840+0200] {processor.py:829} INFO - Processing file /home/lohit/miniconda3/envs/airflow-env/lib/python3.8/site-packages/airflow/example_dags/example_setup_teardown.py for tasks to queue
[2025-06-01T18:02:11.841+0200] {logging_mixin.py:154} INFO - [2025-06-01T18:02:11.841+0200] {dagbag.py:536} INFO - Filling up the DagBag from /home/lohit/miniconda3/envs/airflow-env/lib/python3.8/site-packages/airflow/example_dags/example_setup_teardown.py
[2025-06-01T18:02:11.846+0200] {processor.py:839} INFO - DAG(s) dict_keys(['example_setup_teardown']) retrieved from /home/lohit/miniconda3/envs/airflow-env/lib/python3.8/site-packages/airflow/example_dags/example_setup_teardown.py
[2025-06-01T18:02:11.854+0200] {logging_mixin.py:154} INFO - [2025-06-01T18:02:11.854+0200] {dag.py:2941} INFO - Sync 1 DAGs
[2025-06-01T18:02:11.864+0200] {logging_mixin.py:154} INFO - [2025-06-01T18:02:11.864+0200] {dag.py:3722} INFO - Setting next_dagrun for example_setup_teardown to 2025-05-31T16:02:11.864316+00:00, run_after=2025-06-01T16:02:11.864316+00:00
[2025-06-01T18:02:11.880+0200] {processor.py:179} INFO - Processing /home/lohit/miniconda3/envs/airflow-env/lib/python3.8/site-packages/airflow/example_dags/example_setup_teardown.py took 0.042 seconds
[2025-06-01T18:02:58.178+0200] {processor.py:157} INFO - Started process (PID=28011) to work on /home/lohit/miniconda3/envs/airflow-env/lib/python3.8/site-packages/airflow/example_dags/example_setup_teardown.py
[2025-06-01T18:02:58.179+0200] {processor.py:829} INFO - Processing file /home/lohit/miniconda3/envs/airflow-env/lib/python3.8/site-packages/airflow/example_dags/example_setup_teardown.py for tasks to queue
[2025-06-01T18:02:58.180+0200] {logging_mixin.py:154} INFO - [2025-06-01T18:02:58.180+0200] {dagbag.py:536} INFO - Filling up the DagBag from /home/lohit/miniconda3/envs/airflow-env/lib/python3.8/site-packages/airflow/example_dags/example_setup_teardown.py
[2025-06-01T18:02:58.184+0200] {processor.py:839} INFO - DAG(s) dict_keys(['example_setup_teardown']) retrieved from /home/lohit/miniconda3/envs/airflow-env/lib/python3.8/site-packages/airflow/example_dags/example_setup_teardown.py
[2025-06-01T18:02:58.194+0200] {logging_mixin.py:154} INFO - [2025-06-01T18:02:58.193+0200] {dag.py:2941} INFO - Sync 1 DAGs
[2025-06-01T18:02:58.205+0200] {logging_mixin.py:154} INFO - [2025-06-01T18:02:58.205+0200] {dag.py:3722} INFO - Setting next_dagrun for example_setup_teardown to 2025-05-31T16:02:58.205279+00:00, run_after=2025-06-01T16:02:58.205279+00:00
[2025-06-01T18:02:58.222+0200] {processor.py:179} INFO - Processing /home/lohit/miniconda3/envs/airflow-env/lib/python3.8/site-packages/airflow/example_dags/example_setup_teardown.py took 0.046 seconds
[2025-06-01T18:03:48.501+0200] {processor.py:157} INFO - Started process (PID=28086) to work on /home/lohit/miniconda3/envs/airflow-env/lib/python3.8/site-packages/airflow/example_dags/example_setup_teardown.py
[2025-06-01T18:03:48.502+0200] {processor.py:829} INFO - Processing file /home/lohit/miniconda3/envs/airflow-env/lib/python3.8/site-packages/airflow/example_dags/example_setup_teardown.py for tasks to queue
[2025-06-01T18:03:48.503+0200] {logging_mixin.py:154} INFO - [2025-06-01T18:03:48.503+0200] {dagbag.py:536} INFO - Filling up the DagBag from /home/lohit/miniconda3/envs/airflow-env/lib/python3.8/site-packages/airflow/example_dags/example_setup_teardown.py
[2025-06-01T18:03:48.509+0200] {processor.py:839} INFO - DAG(s) dict_keys(['example_setup_teardown']) retrieved from /home/lohit/miniconda3/envs/airflow-env/lib/python3.8/site-packages/airflow/example_dags/example_setup_teardown.py
[2025-06-01T18:03:48.519+0200] {logging_mixin.py:154} INFO - [2025-06-01T18:03:48.518+0200] {dag.py:2941} INFO - Sync 1 DAGs
[2025-06-01T18:03:48.529+0200] {logging_mixin.py:154} INFO - [2025-06-01T18:03:48.529+0200] {dag.py:3722} INFO - Setting next_dagrun for example_setup_teardown to 2025-05-31T16:03:48.529522+00:00, run_after=2025-06-01T16:03:48.529522+00:00
[2025-06-01T18:03:48.544+0200] {processor.py:179} INFO - Processing /home/lohit/miniconda3/envs/airflow-env/lib/python3.8/site-packages/airflow/example_dags/example_setup_teardown.py took 0.046 seconds
[2025-06-01T18:04:31.972+0200] {processor.py:157} INFO - Started process (PID=28159) to work on /home/lohit/miniconda3/envs/airflow-env/lib/python3.8/site-packages/airflow/example_dags/example_setup_teardown.py
[2025-06-01T18:04:31.975+0200] {processor.py:829} INFO - Processing file /home/lohit/miniconda3/envs/airflow-env/lib/python3.8/site-packages/airflow/example_dags/example_setup_teardown.py for tasks to queue
[2025-06-01T18:04:31.976+0200] {logging_mixin.py:154} INFO - [2025-06-01T18:04:31.976+0200] {dagbag.py:536} INFO - Filling up the DagBag from /home/lohit/miniconda3/envs/airflow-env/lib/python3.8/site-packages/airflow/example_dags/example_setup_teardown.py
[2025-06-01T18:04:31.981+0200] {processor.py:839} INFO - DAG(s) dict_keys(['example_setup_teardown']) retrieved from /home/lohit/miniconda3/envs/airflow-env/lib/python3.8/site-packages/airflow/example_dags/example_setup_teardown.py
[2025-06-01T18:04:31.990+0200] {logging_mixin.py:154} INFO - [2025-06-01T18:04:31.989+0200] {dag.py:2941} INFO - Sync 1 DAGs
[2025-06-01T18:04:32.000+0200] {logging_mixin.py:154} INFO - [2025-06-01T18:04:32.000+0200] {dag.py:3722} INFO - Setting next_dagrun for example_setup_teardown to 2025-05-31T16:04:32.000639+00:00, run_after=2025-06-01T16:04:32.000639+00:00
[2025-06-01T18:04:32.015+0200] {processor.py:179} INFO - Processing /home/lohit/miniconda3/envs/airflow-env/lib/python3.8/site-packages/airflow/example_dags/example_setup_teardown.py took 0.045 seconds
[2025-06-01T18:05:22.192+0200] {processor.py:157} INFO - Started process (PID=28238) to work on /home/lohit/miniconda3/envs/airflow-env/lib/python3.8/site-packages/airflow/example_dags/example_setup_teardown.py
[2025-06-01T18:05:22.195+0200] {processor.py:829} INFO - Processing file /home/lohit/miniconda3/envs/airflow-env/lib/python3.8/site-packages/airflow/example_dags/example_setup_teardown.py for tasks to queue
[2025-06-01T18:05:22.196+0200] {logging_mixin.py:154} INFO - [2025-06-01T18:05:22.195+0200] {dagbag.py:536} INFO - Filling up the DagBag from /home/lohit/miniconda3/envs/airflow-env/lib/python3.8/site-packages/airflow/example_dags/example_setup_teardown.py
[2025-06-01T18:05:22.200+0200] {processor.py:839} INFO - DAG(s) dict_keys(['example_setup_teardown']) retrieved from /home/lohit/miniconda3/envs/airflow-env/lib/python3.8/site-packages/airflow/example_dags/example_setup_teardown.py
[2025-06-01T18:05:22.209+0200] {logging_mixin.py:154} INFO - [2025-06-01T18:05:22.209+0200] {dag.py:2941} INFO - Sync 1 DAGs
[2025-06-01T18:05:22.219+0200] {logging_mixin.py:154} INFO - [2025-06-01T18:05:22.219+0200] {dag.py:3722} INFO - Setting next_dagrun for example_setup_teardown to 2025-05-31T16:05:22.219261+00:00, run_after=2025-06-01T16:05:22.219261+00:00
[2025-06-01T18:05:22.236+0200] {processor.py:179} INFO - Processing /home/lohit/miniconda3/envs/airflow-env/lib/python3.8/site-packages/airflow/example_dags/example_setup_teardown.py took 0.046 seconds
[2025-06-01T18:06:13.662+0200] {processor.py:157} INFO - Started process (PID=28319) to work on /home/lohit/miniconda3/envs/airflow-env/lib/python3.8/site-packages/airflow/example_dags/example_setup_teardown.py
[2025-06-01T18:06:13.663+0200] {processor.py:829} INFO - Processing file /home/lohit/miniconda3/envs/airflow-env/lib/python3.8/site-packages/airflow/example_dags/example_setup_teardown.py for tasks to queue
[2025-06-01T18:06:13.664+0200] {logging_mixin.py:154} INFO - [2025-06-01T18:06:13.664+0200] {dagbag.py:536} INFO - Filling up the DagBag from /home/lohit/miniconda3/envs/airflow-env/lib/python3.8/site-packages/airflow/example_dags/example_setup_teardown.py
[2025-06-01T18:06:13.669+0200] {processor.py:839} INFO - DAG(s) dict_keys(['example_setup_teardown']) retrieved from /home/lohit/miniconda3/envs/airflow-env/lib/python3.8/site-packages/airflow/example_dags/example_setup_teardown.py
[2025-06-01T18:06:13.680+0200] {logging_mixin.py:154} INFO - [2025-06-01T18:06:13.680+0200] {dag.py:2941} INFO - Sync 1 DAGs
[2025-06-01T18:06:13.693+0200] {logging_mixin.py:154} INFO - [2025-06-01T18:06:13.692+0200] {dag.py:3722} INFO - Setting next_dagrun for example_setup_teardown to 2025-05-31T16:06:13.692699+00:00, run_after=2025-06-01T16:06:13.692699+00:00
[2025-06-01T18:06:13.718+0200] {processor.py:179} INFO - Processing /home/lohit/miniconda3/envs/airflow-env/lib/python3.8/site-packages/airflow/example_dags/example_setup_teardown.py took 0.058 seconds
[2025-06-01T18:06:58.499+0200] {processor.py:157} INFO - Started process (PID=28387) to work on /home/lohit/miniconda3/envs/airflow-env/lib/python3.8/site-packages/airflow/example_dags/example_setup_teardown.py
[2025-06-01T18:06:58.503+0200] {processor.py:829} INFO - Processing file /home/lohit/miniconda3/envs/airflow-env/lib/python3.8/site-packages/airflow/example_dags/example_setup_teardown.py for tasks to queue
[2025-06-01T18:06:58.503+0200] {logging_mixin.py:154} INFO - [2025-06-01T18:06:58.503+0200] {dagbag.py:536} INFO - Filling up the DagBag from /home/lohit/miniconda3/envs/airflow-env/lib/python3.8/site-packages/airflow/example_dags/example_setup_teardown.py
[2025-06-01T18:06:58.509+0200] {processor.py:839} INFO - DAG(s) dict_keys(['example_setup_teardown']) retrieved from /home/lohit/miniconda3/envs/airflow-env/lib/python3.8/site-packages/airflow/example_dags/example_setup_teardown.py
[2025-06-01T18:06:58.520+0200] {logging_mixin.py:154} INFO - [2025-06-01T18:06:58.520+0200] {dag.py:2941} INFO - Sync 1 DAGs
[2025-06-01T18:06:58.534+0200] {logging_mixin.py:154} INFO - [2025-06-01T18:06:58.534+0200] {dag.py:3722} INFO - Setting next_dagrun for example_setup_teardown to 2025-05-31T16:06:58.534310+00:00, run_after=2025-06-01T16:06:58.534310+00:00
[2025-06-01T18:06:58.550+0200] {processor.py:179} INFO - Processing /home/lohit/miniconda3/envs/airflow-env/lib/python3.8/site-packages/airflow/example_dags/example_setup_teardown.py took 0.053 seconds
[2025-06-01T18:07:45.748+0200] {processor.py:157} INFO - Started process (PID=28457) to work on /home/lohit/miniconda3/envs/airflow-env/lib/python3.8/site-packages/airflow/example_dags/example_setup_teardown.py
[2025-06-01T18:07:45.749+0200] {processor.py:829} INFO - Processing file /home/lohit/miniconda3/envs/airflow-env/lib/python3.8/site-packages/airflow/example_dags/example_setup_teardown.py for tasks to queue
[2025-06-01T18:07:45.750+0200] {logging_mixin.py:154} INFO - [2025-06-01T18:07:45.750+0200] {dagbag.py:536} INFO - Filling up the DagBag from /home/lohit/miniconda3/envs/airflow-env/lib/python3.8/site-packages/airflow/example_dags/example_setup_teardown.py
[2025-06-01T18:07:45.755+0200] {processor.py:839} INFO - DAG(s) dict_keys(['example_setup_teardown']) retrieved from /home/lohit/miniconda3/envs/airflow-env/lib/python3.8/site-packages/airflow/example_dags/example_setup_teardown.py
[2025-06-01T18:07:45.764+0200] {logging_mixin.py:154} INFO - [2025-06-01T18:07:45.763+0200] {dag.py:2941} INFO - Sync 1 DAGs
[2025-06-01T18:07:45.774+0200] {logging_mixin.py:154} INFO - [2025-06-01T18:07:45.774+0200] {dag.py:3722} INFO - Setting next_dagrun for example_setup_teardown to 2025-05-31T16:07:45.773969+00:00, run_after=2025-06-01T16:07:45.773969+00:00
[2025-06-01T18:07:45.789+0200] {processor.py:179} INFO - Processing /home/lohit/miniconda3/envs/airflow-env/lib/python3.8/site-packages/airflow/example_dags/example_setup_teardown.py took 0.043 seconds
[2025-06-01T18:08:32.786+0200] {processor.py:157} INFO - Started process (PID=28531) to work on /home/lohit/miniconda3/envs/airflow-env/lib/python3.8/site-packages/airflow/example_dags/example_setup_teardown.py
[2025-06-01T18:08:32.788+0200] {processor.py:829} INFO - Processing file /home/lohit/miniconda3/envs/airflow-env/lib/python3.8/site-packages/airflow/example_dags/example_setup_teardown.py for tasks to queue
[2025-06-01T18:08:32.788+0200] {logging_mixin.py:154} INFO - [2025-06-01T18:08:32.788+0200] {dagbag.py:536} INFO - Filling up the DagBag from /home/lohit/miniconda3/envs/airflow-env/lib/python3.8/site-packages/airflow/example_dags/example_setup_teardown.py
[2025-06-01T18:08:32.793+0200] {processor.py:839} INFO - DAG(s) dict_keys(['example_setup_teardown']) retrieved from /home/lohit/miniconda3/envs/airflow-env/lib/python3.8/site-packages/airflow/example_dags/example_setup_teardown.py
[2025-06-01T18:08:32.803+0200] {logging_mixin.py:154} INFO - [2025-06-01T18:08:32.803+0200] {dag.py:2941} INFO - Sync 1 DAGs
[2025-06-01T18:08:32.814+0200] {logging_mixin.py:154} INFO - [2025-06-01T18:08:32.814+0200] {dag.py:3722} INFO - Setting next_dagrun for example_setup_teardown to 2025-05-31T16:08:32.814335+00:00, run_after=2025-06-01T16:08:32.814335+00:00
[2025-06-01T18:08:32.829+0200] {processor.py:179} INFO - Processing /home/lohit/miniconda3/envs/airflow-env/lib/python3.8/site-packages/airflow/example_dags/example_setup_teardown.py took 0.045 seconds
[2025-06-01T18:09:23.279+0200] {processor.py:157} INFO - Started process (PID=28604) to work on /home/lohit/miniconda3/envs/airflow-env/lib/python3.8/site-packages/airflow/example_dags/example_setup_teardown.py
[2025-06-01T18:09:23.283+0200] {processor.py:829} INFO - Processing file /home/lohit/miniconda3/envs/airflow-env/lib/python3.8/site-packages/airflow/example_dags/example_setup_teardown.py for tasks to queue
[2025-06-01T18:09:23.283+0200] {logging_mixin.py:154} INFO - [2025-06-01T18:09:23.283+0200] {dagbag.py:536} INFO - Filling up the DagBag from /home/lohit/miniconda3/envs/airflow-env/lib/python3.8/site-packages/airflow/example_dags/example_setup_teardown.py
[2025-06-01T18:09:23.288+0200] {processor.py:839} INFO - DAG(s) dict_keys(['example_setup_teardown']) retrieved from /home/lohit/miniconda3/envs/airflow-env/lib/python3.8/site-packages/airflow/example_dags/example_setup_teardown.py
[2025-06-01T18:09:23.297+0200] {logging_mixin.py:154} INFO - [2025-06-01T18:09:23.297+0200] {dag.py:2941} INFO - Sync 1 DAGs
[2025-06-01T18:09:23.308+0200] {logging_mixin.py:154} INFO - [2025-06-01T18:09:23.308+0200] {dag.py:3722} INFO - Setting next_dagrun for example_setup_teardown to 2025-05-31T16:09:23.308509+00:00, run_after=2025-06-01T16:09:23.308509+00:00
[2025-06-01T18:09:23.325+0200] {processor.py:179} INFO - Processing /home/lohit/miniconda3/envs/airflow-env/lib/python3.8/site-packages/airflow/example_dags/example_setup_teardown.py took 0.047 seconds
[2025-06-01T18:10:12.076+0200] {processor.py:157} INFO - Started process (PID=28686) to work on /home/lohit/miniconda3/envs/airflow-env/lib/python3.8/site-packages/airflow/example_dags/example_setup_teardown.py
[2025-06-01T18:10:12.079+0200] {processor.py:829} INFO - Processing file /home/lohit/miniconda3/envs/airflow-env/lib/python3.8/site-packages/airflow/example_dags/example_setup_teardown.py for tasks to queue
[2025-06-01T18:10:12.080+0200] {logging_mixin.py:154} INFO - [2025-06-01T18:10:12.079+0200] {dagbag.py:536} INFO - Filling up the DagBag from /home/lohit/miniconda3/envs/airflow-env/lib/python3.8/site-packages/airflow/example_dags/example_setup_teardown.py
[2025-06-01T18:10:12.084+0200] {processor.py:839} INFO - DAG(s) dict_keys(['example_setup_teardown']) retrieved from /home/lohit/miniconda3/envs/airflow-env/lib/python3.8/site-packages/airflow/example_dags/example_setup_teardown.py
[2025-06-01T18:10:12.093+0200] {logging_mixin.py:154} INFO - [2025-06-01T18:10:12.093+0200] {dag.py:2941} INFO - Sync 1 DAGs
[2025-06-01T18:10:12.105+0200] {logging_mixin.py:154} INFO - [2025-06-01T18:10:12.104+0200] {dag.py:3722} INFO - Setting next_dagrun for example_setup_teardown to 2025-05-31T16:10:12.104825+00:00, run_after=2025-06-01T16:10:12.104825+00:00
[2025-06-01T18:10:12.120+0200] {processor.py:179} INFO - Processing /home/lohit/miniconda3/envs/airflow-env/lib/python3.8/site-packages/airflow/example_dags/example_setup_teardown.py took 0.047 seconds
[2025-06-01T18:10:59.366+0200] {processor.py:157} INFO - Started process (PID=28759) to work on /home/lohit/miniconda3/envs/airflow-env/lib/python3.8/site-packages/airflow/example_dags/example_setup_teardown.py
[2025-06-01T18:10:59.368+0200] {processor.py:829} INFO - Processing file /home/lohit/miniconda3/envs/airflow-env/lib/python3.8/site-packages/airflow/example_dags/example_setup_teardown.py for tasks to queue
[2025-06-01T18:10:59.368+0200] {logging_mixin.py:154} INFO - [2025-06-01T18:10:59.368+0200] {dagbag.py:536} INFO - Filling up the DagBag from /home/lohit/miniconda3/envs/airflow-env/lib/python3.8/site-packages/airflow/example_dags/example_setup_teardown.py
[2025-06-01T18:10:59.373+0200] {processor.py:839} INFO - DAG(s) dict_keys(['example_setup_teardown']) retrieved from /home/lohit/miniconda3/envs/airflow-env/lib/python3.8/site-packages/airflow/example_dags/example_setup_teardown.py
[2025-06-01T18:10:59.381+0200] {logging_mixin.py:154} INFO - [2025-06-01T18:10:59.381+0200] {dag.py:2941} INFO - Sync 1 DAGs
[2025-06-01T18:10:59.391+0200] {logging_mixin.py:154} INFO - [2025-06-01T18:10:59.391+0200] {dag.py:3722} INFO - Setting next_dagrun for example_setup_teardown to 2025-05-31T16:10:59.391636+00:00, run_after=2025-06-01T16:10:59.391636+00:00
[2025-06-01T18:10:59.408+0200] {processor.py:179} INFO - Processing /home/lohit/miniconda3/envs/airflow-env/lib/python3.8/site-packages/airflow/example_dags/example_setup_teardown.py took 0.043 seconds
[2025-06-01T18:11:47.572+0200] {processor.py:157} INFO - Started process (PID=28829) to work on /home/lohit/miniconda3/envs/airflow-env/lib/python3.8/site-packages/airflow/example_dags/example_setup_teardown.py
[2025-06-01T18:11:47.576+0200] {processor.py:829} INFO - Processing file /home/lohit/miniconda3/envs/airflow-env/lib/python3.8/site-packages/airflow/example_dags/example_setup_teardown.py for tasks to queue
[2025-06-01T18:11:47.576+0200] {logging_mixin.py:154} INFO - [2025-06-01T18:11:47.576+0200] {dagbag.py:536} INFO - Filling up the DagBag from /home/lohit/miniconda3/envs/airflow-env/lib/python3.8/site-packages/airflow/example_dags/example_setup_teardown.py
[2025-06-01T18:11:47.582+0200] {processor.py:839} INFO - DAG(s) dict_keys(['example_setup_teardown']) retrieved from /home/lohit/miniconda3/envs/airflow-env/lib/python3.8/site-packages/airflow/example_dags/example_setup_teardown.py
[2025-06-01T18:11:47.591+0200] {logging_mixin.py:154} INFO - [2025-06-01T18:11:47.591+0200] {dag.py:2941} INFO - Sync 1 DAGs
[2025-06-01T18:11:47.603+0200] {logging_mixin.py:154} INFO - [2025-06-01T18:11:47.603+0200] {dag.py:3722} INFO - Setting next_dagrun for example_setup_teardown to 2025-05-31T16:11:47.602949+00:00, run_after=2025-06-01T16:11:47.602949+00:00
[2025-06-01T18:11:47.619+0200] {processor.py:179} INFO - Processing /home/lohit/miniconda3/envs/airflow-env/lib/python3.8/site-packages/airflow/example_dags/example_setup_teardown.py took 0.049 seconds
[2025-06-01T18:12:38.687+0200] {processor.py:157} INFO - Started process (PID=28910) to work on /home/lohit/miniconda3/envs/airflow-env/lib/python3.8/site-packages/airflow/example_dags/example_setup_teardown.py
[2025-06-01T18:12:38.689+0200] {processor.py:829} INFO - Processing file /home/lohit/miniconda3/envs/airflow-env/lib/python3.8/site-packages/airflow/example_dags/example_setup_teardown.py for tasks to queue
[2025-06-01T18:12:38.690+0200] {logging_mixin.py:154} INFO - [2025-06-01T18:12:38.689+0200] {dagbag.py:536} INFO - Filling up the DagBag from /home/lohit/miniconda3/envs/airflow-env/lib/python3.8/site-packages/airflow/example_dags/example_setup_teardown.py
[2025-06-01T18:12:38.696+0200] {processor.py:839} INFO - DAG(s) dict_keys(['example_setup_teardown']) retrieved from /home/lohit/miniconda3/envs/airflow-env/lib/python3.8/site-packages/airflow/example_dags/example_setup_teardown.py
[2025-06-01T18:12:38.706+0200] {logging_mixin.py:154} INFO - [2025-06-01T18:12:38.706+0200] {dag.py:2941} INFO - Sync 1 DAGs
[2025-06-01T18:12:38.718+0200] {logging_mixin.py:154} INFO - [2025-06-01T18:12:38.717+0200] {dag.py:3722} INFO - Setting next_dagrun for example_setup_teardown to 2025-05-31T16:12:38.717741+00:00, run_after=2025-06-01T16:12:38.717741+00:00
[2025-06-01T18:12:38.733+0200] {processor.py:179} INFO - Processing /home/lohit/miniconda3/envs/airflow-env/lib/python3.8/site-packages/airflow/example_dags/example_setup_teardown.py took 0.048 seconds
[2025-06-01T18:13:26.327+0200] {processor.py:157} INFO - Started process (PID=28981) to work on /home/lohit/miniconda3/envs/airflow-env/lib/python3.8/site-packages/airflow/example_dags/example_setup_teardown.py
[2025-06-01T18:13:26.330+0200] {processor.py:829} INFO - Processing file /home/lohit/miniconda3/envs/airflow-env/lib/python3.8/site-packages/airflow/example_dags/example_setup_teardown.py for tasks to queue
[2025-06-01T18:13:26.331+0200] {logging_mixin.py:154} INFO - [2025-06-01T18:13:26.330+0200] {dagbag.py:536} INFO - Filling up the DagBag from /home/lohit/miniconda3/envs/airflow-env/lib/python3.8/site-packages/airflow/example_dags/example_setup_teardown.py
[2025-06-01T18:13:26.335+0200] {processor.py:839} INFO - DAG(s) dict_keys(['example_setup_teardown']) retrieved from /home/lohit/miniconda3/envs/airflow-env/lib/python3.8/site-packages/airflow/example_dags/example_setup_teardown.py
[2025-06-01T18:13:26.345+0200] {logging_mixin.py:154} INFO - [2025-06-01T18:13:26.345+0200] {dag.py:2941} INFO - Sync 1 DAGs
[2025-06-01T18:13:26.356+0200] {logging_mixin.py:154} INFO - [2025-06-01T18:13:26.356+0200] {dag.py:3722} INFO - Setting next_dagrun for example_setup_teardown to 2025-05-31T16:13:26.356700+00:00, run_after=2025-06-01T16:13:26.356700+00:00
[2025-06-01T18:13:26.373+0200] {processor.py:179} INFO - Processing /home/lohit/miniconda3/envs/airflow-env/lib/python3.8/site-packages/airflow/example_dags/example_setup_teardown.py took 0.048 seconds
[2025-06-01T18:14:10.160+0200] {processor.py:157} INFO - Started process (PID=29049) to work on /home/lohit/miniconda3/envs/airflow-env/lib/python3.8/site-packages/airflow/example_dags/example_setup_teardown.py
[2025-06-01T18:14:10.161+0200] {processor.py:829} INFO - Processing file /home/lohit/miniconda3/envs/airflow-env/lib/python3.8/site-packages/airflow/example_dags/example_setup_teardown.py for tasks to queue
[2025-06-01T18:14:10.162+0200] {logging_mixin.py:154} INFO - [2025-06-01T18:14:10.161+0200] {dagbag.py:536} INFO - Filling up the DagBag from /home/lohit/miniconda3/envs/airflow-env/lib/python3.8/site-packages/airflow/example_dags/example_setup_teardown.py
[2025-06-01T18:14:10.168+0200] {processor.py:839} INFO - DAG(s) dict_keys(['example_setup_teardown']) retrieved from /home/lohit/miniconda3/envs/airflow-env/lib/python3.8/site-packages/airflow/example_dags/example_setup_teardown.py
[2025-06-01T18:14:10.183+0200] {logging_mixin.py:154} INFO - [2025-06-01T18:14:10.183+0200] {dag.py:2941} INFO - Sync 1 DAGs
[2025-06-01T18:14:10.197+0200] {logging_mixin.py:154} INFO - [2025-06-01T18:14:10.197+0200] {dag.py:3722} INFO - Setting next_dagrun for example_setup_teardown to 2025-05-31T16:14:10.196796+00:00, run_after=2025-06-01T16:14:10.196796+00:00
[2025-06-01T18:14:10.218+0200] {processor.py:179} INFO - Processing /home/lohit/miniconda3/envs/airflow-env/lib/python3.8/site-packages/airflow/example_dags/example_setup_teardown.py took 0.061 seconds
[2025-06-01T18:14:53.535+0200] {processor.py:157} INFO - Started process (PID=29115) to work on /home/lohit/miniconda3/envs/airflow-env/lib/python3.8/site-packages/airflow/example_dags/example_setup_teardown.py
[2025-06-01T18:14:53.538+0200] {processor.py:829} INFO - Processing file /home/lohit/miniconda3/envs/airflow-env/lib/python3.8/site-packages/airflow/example_dags/example_setup_teardown.py for tasks to queue
[2025-06-01T18:14:53.539+0200] {logging_mixin.py:154} INFO - [2025-06-01T18:14:53.539+0200] {dagbag.py:536} INFO - Filling up the DagBag from /home/lohit/miniconda3/envs/airflow-env/lib/python3.8/site-packages/airflow/example_dags/example_setup_teardown.py
[2025-06-01T18:14:53.544+0200] {processor.py:839} INFO - DAG(s) dict_keys(['example_setup_teardown']) retrieved from /home/lohit/miniconda3/envs/airflow-env/lib/python3.8/site-packages/airflow/example_dags/example_setup_teardown.py
[2025-06-01T18:14:53.555+0200] {logging_mixin.py:154} INFO - [2025-06-01T18:14:53.555+0200] {dag.py:2941} INFO - Sync 1 DAGs
[2025-06-01T18:14:53.567+0200] {logging_mixin.py:154} INFO - [2025-06-01T18:14:53.567+0200] {dag.py:3722} INFO - Setting next_dagrun for example_setup_teardown to 2025-05-31T16:14:53.567535+00:00, run_after=2025-06-01T16:14:53.567535+00:00
[2025-06-01T18:14:53.585+0200] {processor.py:179} INFO - Processing /home/lohit/miniconda3/envs/airflow-env/lib/python3.8/site-packages/airflow/example_dags/example_setup_teardown.py took 0.052 seconds
[2025-06-01T18:15:42.598+0200] {processor.py:157} INFO - Started process (PID=29187) to work on /home/lohit/miniconda3/envs/airflow-env/lib/python3.8/site-packages/airflow/example_dags/example_setup_teardown.py
[2025-06-01T18:15:42.602+0200] {processor.py:829} INFO - Processing file /home/lohit/miniconda3/envs/airflow-env/lib/python3.8/site-packages/airflow/example_dags/example_setup_teardown.py for tasks to queue
[2025-06-01T18:15:42.602+0200] {logging_mixin.py:154} INFO - [2025-06-01T18:15:42.602+0200] {dagbag.py:536} INFO - Filling up the DagBag from /home/lohit/miniconda3/envs/airflow-env/lib/python3.8/site-packages/airflow/example_dags/example_setup_teardown.py
[2025-06-01T18:15:42.607+0200] {processor.py:839} INFO - DAG(s) dict_keys(['example_setup_teardown']) retrieved from /home/lohit/miniconda3/envs/airflow-env/lib/python3.8/site-packages/airflow/example_dags/example_setup_teardown.py
[2025-06-01T18:15:42.618+0200] {logging_mixin.py:154} INFO - [2025-06-01T18:15:42.618+0200] {dag.py:2941} INFO - Sync 1 DAGs
[2025-06-01T18:15:42.632+0200] {logging_mixin.py:154} INFO - [2025-06-01T18:15:42.632+0200] {dag.py:3722} INFO - Setting next_dagrun for example_setup_teardown to 2025-05-31T16:15:42.632333+00:00, run_after=2025-06-01T16:15:42.632333+00:00
[2025-06-01T18:15:42.652+0200] {processor.py:179} INFO - Processing /home/lohit/miniconda3/envs/airflow-env/lib/python3.8/site-packages/airflow/example_dags/example_setup_teardown.py took 0.056 seconds
[2025-06-01T18:16:32.524+0200] {processor.py:157} INFO - Started process (PID=29260) to work on /home/lohit/miniconda3/envs/airflow-env/lib/python3.8/site-packages/airflow/example_dags/example_setup_teardown.py
[2025-06-01T18:16:32.527+0200] {processor.py:829} INFO - Processing file /home/lohit/miniconda3/envs/airflow-env/lib/python3.8/site-packages/airflow/example_dags/example_setup_teardown.py for tasks to queue
[2025-06-01T18:16:32.528+0200] {logging_mixin.py:154} INFO - [2025-06-01T18:16:32.528+0200] {dagbag.py:536} INFO - Filling up the DagBag from /home/lohit/miniconda3/envs/airflow-env/lib/python3.8/site-packages/airflow/example_dags/example_setup_teardown.py
[2025-06-01T18:16:32.533+0200] {processor.py:839} INFO - DAG(s) dict_keys(['example_setup_teardown']) retrieved from /home/lohit/miniconda3/envs/airflow-env/lib/python3.8/site-packages/airflow/example_dags/example_setup_teardown.py
[2025-06-01T18:16:32.542+0200] {logging_mixin.py:154} INFO - [2025-06-01T18:16:32.541+0200] {dag.py:2941} INFO - Sync 1 DAGs
[2025-06-01T18:16:32.552+0200] {logging_mixin.py:154} INFO - [2025-06-01T18:16:32.551+0200] {dag.py:3722} INFO - Setting next_dagrun for example_setup_teardown to 2025-05-31T16:16:32.551754+00:00, run_after=2025-06-01T16:16:32.551754+00:00
[2025-06-01T18:16:32.567+0200] {processor.py:179} INFO - Processing /home/lohit/miniconda3/envs/airflow-env/lib/python3.8/site-packages/airflow/example_dags/example_setup_teardown.py took 0.045 seconds
[2025-06-01T18:17:20.235+0200] {processor.py:157} INFO - Started process (PID=29333) to work on /home/lohit/miniconda3/envs/airflow-env/lib/python3.8/site-packages/airflow/example_dags/example_setup_teardown.py
[2025-06-01T18:17:20.239+0200] {processor.py:829} INFO - Processing file /home/lohit/miniconda3/envs/airflow-env/lib/python3.8/site-packages/airflow/example_dags/example_setup_teardown.py for tasks to queue
[2025-06-01T18:17:20.239+0200] {logging_mixin.py:154} INFO - [2025-06-01T18:17:20.239+0200] {dagbag.py:536} INFO - Filling up the DagBag from /home/lohit/miniconda3/envs/airflow-env/lib/python3.8/site-packages/airflow/example_dags/example_setup_teardown.py
[2025-06-01T18:17:20.244+0200] {processor.py:839} INFO - DAG(s) dict_keys(['example_setup_teardown']) retrieved from /home/lohit/miniconda3/envs/airflow-env/lib/python3.8/site-packages/airflow/example_dags/example_setup_teardown.py
[2025-06-01T18:17:20.255+0200] {logging_mixin.py:154} INFO - [2025-06-01T18:17:20.255+0200] {dag.py:2941} INFO - Sync 1 DAGs
[2025-06-01T18:17:20.266+0200] {logging_mixin.py:154} INFO - [2025-06-01T18:17:20.266+0200] {dag.py:3722} INFO - Setting next_dagrun for example_setup_teardown to 2025-05-31T16:17:20.266014+00:00, run_after=2025-06-01T16:17:20.266014+00:00
[2025-06-01T18:17:20.290+0200] {processor.py:179} INFO - Processing /home/lohit/miniconda3/envs/airflow-env/lib/python3.8/site-packages/airflow/example_dags/example_setup_teardown.py took 0.056 seconds
[2025-06-01T18:18:04.433+0200] {processor.py:157} INFO - Started process (PID=29401) to work on /home/lohit/miniconda3/envs/airflow-env/lib/python3.8/site-packages/airflow/example_dags/example_setup_teardown.py
[2025-06-01T18:18:04.437+0200] {processor.py:829} INFO - Processing file /home/lohit/miniconda3/envs/airflow-env/lib/python3.8/site-packages/airflow/example_dags/example_setup_teardown.py for tasks to queue
[2025-06-01T18:18:04.437+0200] {logging_mixin.py:154} INFO - [2025-06-01T18:18:04.437+0200] {dagbag.py:536} INFO - Filling up the DagBag from /home/lohit/miniconda3/envs/airflow-env/lib/python3.8/site-packages/airflow/example_dags/example_setup_teardown.py
[2025-06-01T18:18:04.442+0200] {processor.py:839} INFO - DAG(s) dict_keys(['example_setup_teardown']) retrieved from /home/lohit/miniconda3/envs/airflow-env/lib/python3.8/site-packages/airflow/example_dags/example_setup_teardown.py
[2025-06-01T18:18:04.453+0200] {logging_mixin.py:154} INFO - [2025-06-01T18:18:04.453+0200] {dag.py:2941} INFO - Sync 1 DAGs
[2025-06-01T18:18:04.466+0200] {logging_mixin.py:154} INFO - [2025-06-01T18:18:04.466+0200] {dag.py:3722} INFO - Setting next_dagrun for example_setup_teardown to 2025-05-31T16:18:04.466024+00:00, run_after=2025-06-01T16:18:04.466024+00:00
[2025-06-01T18:18:04.484+0200] {processor.py:179} INFO - Processing /home/lohit/miniconda3/envs/airflow-env/lib/python3.8/site-packages/airflow/example_dags/example_setup_teardown.py took 0.053 seconds
[2025-06-01T18:18:51.205+0200] {processor.py:157} INFO - Started process (PID=29471) to work on /home/lohit/miniconda3/envs/airflow-env/lib/python3.8/site-packages/airflow/example_dags/example_setup_teardown.py
[2025-06-01T18:18:51.209+0200] {processor.py:829} INFO - Processing file /home/lohit/miniconda3/envs/airflow-env/lib/python3.8/site-packages/airflow/example_dags/example_setup_teardown.py for tasks to queue
[2025-06-01T18:18:51.210+0200] {logging_mixin.py:154} INFO - [2025-06-01T18:18:51.209+0200] {dagbag.py:536} INFO - Filling up the DagBag from /home/lohit/miniconda3/envs/airflow-env/lib/python3.8/site-packages/airflow/example_dags/example_setup_teardown.py
[2025-06-01T18:18:51.215+0200] {processor.py:839} INFO - DAG(s) dict_keys(['example_setup_teardown']) retrieved from /home/lohit/miniconda3/envs/airflow-env/lib/python3.8/site-packages/airflow/example_dags/example_setup_teardown.py
[2025-06-01T18:18:51.226+0200] {logging_mixin.py:154} INFO - [2025-06-01T18:18:51.225+0200] {dag.py:2941} INFO - Sync 1 DAGs
[2025-06-01T18:18:51.236+0200] {logging_mixin.py:154} INFO - [2025-06-01T18:18:51.236+0200] {dag.py:3722} INFO - Setting next_dagrun for example_setup_teardown to 2025-05-31T16:18:51.236333+00:00, run_after=2025-06-01T16:18:51.236333+00:00
[2025-06-01T18:18:51.252+0200] {processor.py:179} INFO - Processing /home/lohit/miniconda3/envs/airflow-env/lib/python3.8/site-packages/airflow/example_dags/example_setup_teardown.py took 0.049 seconds
[2025-06-01T18:19:41.026+0200] {processor.py:157} INFO - Started process (PID=29542) to work on /home/lohit/miniconda3/envs/airflow-env/lib/python3.8/site-packages/airflow/example_dags/example_setup_teardown.py
[2025-06-01T18:19:41.030+0200] {processor.py:829} INFO - Processing file /home/lohit/miniconda3/envs/airflow-env/lib/python3.8/site-packages/airflow/example_dags/example_setup_teardown.py for tasks to queue
[2025-06-01T18:19:41.030+0200] {logging_mixin.py:154} INFO - [2025-06-01T18:19:41.030+0200] {dagbag.py:536} INFO - Filling up the DagBag from /home/lohit/miniconda3/envs/airflow-env/lib/python3.8/site-packages/airflow/example_dags/example_setup_teardown.py
[2025-06-01T18:19:41.035+0200] {processor.py:839} INFO - DAG(s) dict_keys(['example_setup_teardown']) retrieved from /home/lohit/miniconda3/envs/airflow-env/lib/python3.8/site-packages/airflow/example_dags/example_setup_teardown.py
[2025-06-01T18:19:41.046+0200] {logging_mixin.py:154} INFO - [2025-06-01T18:19:41.046+0200] {dag.py:2941} INFO - Sync 1 DAGs
[2025-06-01T18:19:41.058+0200] {logging_mixin.py:154} INFO - [2025-06-01T18:19:41.058+0200] {dag.py:3722} INFO - Setting next_dagrun for example_setup_teardown to 2025-05-31T16:19:41.058169+00:00, run_after=2025-06-01T16:19:41.058169+00:00
[2025-06-01T18:19:41.075+0200] {processor.py:179} INFO - Processing /home/lohit/miniconda3/envs/airflow-env/lib/python3.8/site-packages/airflow/example_dags/example_setup_teardown.py took 0.051 seconds
[2025-06-01T18:20:27.902+0200] {processor.py:157} INFO - Started process (PID=29611) to work on /home/lohit/miniconda3/envs/airflow-env/lib/python3.8/site-packages/airflow/example_dags/example_setup_teardown.py
[2025-06-01T18:20:27.904+0200] {processor.py:829} INFO - Processing file /home/lohit/miniconda3/envs/airflow-env/lib/python3.8/site-packages/airflow/example_dags/example_setup_teardown.py for tasks to queue
[2025-06-01T18:20:27.905+0200] {logging_mixin.py:154} INFO - [2025-06-01T18:20:27.904+0200] {dagbag.py:536} INFO - Filling up the DagBag from /home/lohit/miniconda3/envs/airflow-env/lib/python3.8/site-packages/airflow/example_dags/example_setup_teardown.py
[2025-06-01T18:20:27.910+0200] {processor.py:839} INFO - DAG(s) dict_keys(['example_setup_teardown']) retrieved from /home/lohit/miniconda3/envs/airflow-env/lib/python3.8/site-packages/airflow/example_dags/example_setup_teardown.py
[2025-06-01T18:20:27.921+0200] {logging_mixin.py:154} INFO - [2025-06-01T18:20:27.920+0200] {dag.py:2941} INFO - Sync 1 DAGs
[2025-06-01T18:20:27.934+0200] {logging_mixin.py:154} INFO - [2025-06-01T18:20:27.933+0200] {dag.py:3722} INFO - Setting next_dagrun for example_setup_teardown to 2025-05-31T16:20:27.933597+00:00, run_after=2025-06-01T16:20:27.933597+00:00
[2025-06-01T18:20:27.953+0200] {processor.py:179} INFO - Processing /home/lohit/miniconda3/envs/airflow-env/lib/python3.8/site-packages/airflow/example_dags/example_setup_teardown.py took 0.052 seconds
[2025-06-01T18:21:16.588+0200] {processor.py:157} INFO - Started process (PID=29684) to work on /home/lohit/miniconda3/envs/airflow-env/lib/python3.8/site-packages/airflow/example_dags/example_setup_teardown.py
[2025-06-01T18:21:16.591+0200] {processor.py:829} INFO - Processing file /home/lohit/miniconda3/envs/airflow-env/lib/python3.8/site-packages/airflow/example_dags/example_setup_teardown.py for tasks to queue
[2025-06-01T18:21:16.592+0200] {logging_mixin.py:154} INFO - [2025-06-01T18:21:16.592+0200] {dagbag.py:536} INFO - Filling up the DagBag from /home/lohit/miniconda3/envs/airflow-env/lib/python3.8/site-packages/airflow/example_dags/example_setup_teardown.py
[2025-06-01T18:21:16.598+0200] {processor.py:839} INFO - DAG(s) dict_keys(['example_setup_teardown']) retrieved from /home/lohit/miniconda3/envs/airflow-env/lib/python3.8/site-packages/airflow/example_dags/example_setup_teardown.py
[2025-06-01T18:21:16.609+0200] {logging_mixin.py:154} INFO - [2025-06-01T18:21:16.609+0200] {dag.py:2941} INFO - Sync 1 DAGs
[2025-06-01T18:21:16.622+0200] {logging_mixin.py:154} INFO - [2025-06-01T18:21:16.621+0200] {dag.py:3722} INFO - Setting next_dagrun for example_setup_teardown to 2025-05-31T16:21:16.621815+00:00, run_after=2025-06-01T16:21:16.621815+00:00
[2025-06-01T18:21:16.638+0200] {processor.py:179} INFO - Processing /home/lohit/miniconda3/envs/airflow-env/lib/python3.8/site-packages/airflow/example_dags/example_setup_teardown.py took 0.052 seconds
[2025-06-01T18:22:05.314+0200] {processor.py:157} INFO - Started process (PID=29755) to work on /home/lohit/miniconda3/envs/airflow-env/lib/python3.8/site-packages/airflow/example_dags/example_setup_teardown.py
[2025-06-01T18:22:05.316+0200] {processor.py:829} INFO - Processing file /home/lohit/miniconda3/envs/airflow-env/lib/python3.8/site-packages/airflow/example_dags/example_setup_teardown.py for tasks to queue
[2025-06-01T18:22:05.316+0200] {logging_mixin.py:154} INFO - [2025-06-01T18:22:05.316+0200] {dagbag.py:536} INFO - Filling up the DagBag from /home/lohit/miniconda3/envs/airflow-env/lib/python3.8/site-packages/airflow/example_dags/example_setup_teardown.py
[2025-06-01T18:22:05.321+0200] {processor.py:839} INFO - DAG(s) dict_keys(['example_setup_teardown']) retrieved from /home/lohit/miniconda3/envs/airflow-env/lib/python3.8/site-packages/airflow/example_dags/example_setup_teardown.py
[2025-06-01T18:22:05.330+0200] {logging_mixin.py:154} INFO - [2025-06-01T18:22:05.330+0200] {dag.py:2941} INFO - Sync 1 DAGs
[2025-06-01T18:22:05.341+0200] {logging_mixin.py:154} INFO - [2025-06-01T18:22:05.341+0200] {dag.py:3722} INFO - Setting next_dagrun for example_setup_teardown to 2025-05-31T16:22:05.341143+00:00, run_after=2025-06-01T16:22:05.341143+00:00
[2025-06-01T18:22:05.356+0200] {processor.py:179} INFO - Processing /home/lohit/miniconda3/envs/airflow-env/lib/python3.8/site-packages/airflow/example_dags/example_setup_teardown.py took 0.044 seconds
[2025-06-01T18:22:51.982+0200] {processor.py:157} INFO - Started process (PID=29824) to work on /home/lohit/miniconda3/envs/airflow-env/lib/python3.8/site-packages/airflow/example_dags/example_setup_teardown.py
[2025-06-01T18:22:51.986+0200] {processor.py:829} INFO - Processing file /home/lohit/miniconda3/envs/airflow-env/lib/python3.8/site-packages/airflow/example_dags/example_setup_teardown.py for tasks to queue
[2025-06-01T18:22:51.986+0200] {logging_mixin.py:154} INFO - [2025-06-01T18:22:51.986+0200] {dagbag.py:536} INFO - Filling up the DagBag from /home/lohit/miniconda3/envs/airflow-env/lib/python3.8/site-packages/airflow/example_dags/example_setup_teardown.py
[2025-06-01T18:22:51.991+0200] {processor.py:839} INFO - DAG(s) dict_keys(['example_setup_teardown']) retrieved from /home/lohit/miniconda3/envs/airflow-env/lib/python3.8/site-packages/airflow/example_dags/example_setup_teardown.py
[2025-06-01T18:22:52.003+0200] {logging_mixin.py:154} INFO - [2025-06-01T18:22:52.003+0200] {dag.py:2941} INFO - Sync 1 DAGs
[2025-06-01T18:22:52.016+0200] {logging_mixin.py:154} INFO - [2025-06-01T18:22:52.015+0200] {dag.py:3722} INFO - Setting next_dagrun for example_setup_teardown to 2025-05-31T16:22:52.015697+00:00, run_after=2025-06-01T16:22:52.015697+00:00
[2025-06-01T18:22:52.031+0200] {processor.py:179} INFO - Processing /home/lohit/miniconda3/envs/airflow-env/lib/python3.8/site-packages/airflow/example_dags/example_setup_teardown.py took 0.051 seconds
[2025-06-01T18:23:41.001+0200] {processor.py:157} INFO - Started process (PID=29896) to work on /home/lohit/miniconda3/envs/airflow-env/lib/python3.8/site-packages/airflow/example_dags/example_setup_teardown.py
[2025-06-01T18:23:41.004+0200] {processor.py:829} INFO - Processing file /home/lohit/miniconda3/envs/airflow-env/lib/python3.8/site-packages/airflow/example_dags/example_setup_teardown.py for tasks to queue
[2025-06-01T18:23:41.005+0200] {logging_mixin.py:154} INFO - [2025-06-01T18:23:41.005+0200] {dagbag.py:536} INFO - Filling up the DagBag from /home/lohit/miniconda3/envs/airflow-env/lib/python3.8/site-packages/airflow/example_dags/example_setup_teardown.py
[2025-06-01T18:23:41.009+0200] {processor.py:839} INFO - DAG(s) dict_keys(['example_setup_teardown']) retrieved from /home/lohit/miniconda3/envs/airflow-env/lib/python3.8/site-packages/airflow/example_dags/example_setup_teardown.py
[2025-06-01T18:23:41.017+0200] {logging_mixin.py:154} INFO - [2025-06-01T18:23:41.017+0200] {dag.py:2941} INFO - Sync 1 DAGs
[2025-06-01T18:23:41.027+0200] {logging_mixin.py:154} INFO - [2025-06-01T18:23:41.027+0200] {dag.py:3722} INFO - Setting next_dagrun for example_setup_teardown to 2025-05-31T16:23:41.027185+00:00, run_after=2025-06-01T16:23:41.027185+00:00
[2025-06-01T18:23:41.042+0200] {processor.py:179} INFO - Processing /home/lohit/miniconda3/envs/airflow-env/lib/python3.8/site-packages/airflow/example_dags/example_setup_teardown.py took 0.043 seconds
[2025-06-01T18:24:25.603+0200] {processor.py:157} INFO - Started process (PID=29964) to work on /home/lohit/miniconda3/envs/airflow-env/lib/python3.8/site-packages/airflow/example_dags/example_setup_teardown.py
[2025-06-01T18:24:25.607+0200] {processor.py:829} INFO - Processing file /home/lohit/miniconda3/envs/airflow-env/lib/python3.8/site-packages/airflow/example_dags/example_setup_teardown.py for tasks to queue
[2025-06-01T18:24:25.607+0200] {logging_mixin.py:154} INFO - [2025-06-01T18:24:25.607+0200] {dagbag.py:536} INFO - Filling up the DagBag from /home/lohit/miniconda3/envs/airflow-env/lib/python3.8/site-packages/airflow/example_dags/example_setup_teardown.py
[2025-06-01T18:24:25.612+0200] {processor.py:839} INFO - DAG(s) dict_keys(['example_setup_teardown']) retrieved from /home/lohit/miniconda3/envs/airflow-env/lib/python3.8/site-packages/airflow/example_dags/example_setup_teardown.py
[2025-06-01T18:24:25.621+0200] {logging_mixin.py:154} INFO - [2025-06-01T18:24:25.620+0200] {dag.py:2941} INFO - Sync 1 DAGs
[2025-06-01T18:24:25.630+0200] {logging_mixin.py:154} INFO - [2025-06-01T18:24:25.630+0200] {dag.py:3722} INFO - Setting next_dagrun for example_setup_teardown to 2025-05-31T16:24:25.630653+00:00, run_after=2025-06-01T16:24:25.630653+00:00
[2025-06-01T18:24:25.646+0200] {processor.py:179} INFO - Processing /home/lohit/miniconda3/envs/airflow-env/lib/python3.8/site-packages/airflow/example_dags/example_setup_teardown.py took 0.045 seconds
[2025-06-01T18:25:14.571+0200] {processor.py:157} INFO - Started process (PID=30035) to work on /home/lohit/miniconda3/envs/airflow-env/lib/python3.8/site-packages/airflow/example_dags/example_setup_teardown.py
[2025-06-01T18:25:14.575+0200] {processor.py:829} INFO - Processing file /home/lohit/miniconda3/envs/airflow-env/lib/python3.8/site-packages/airflow/example_dags/example_setup_teardown.py for tasks to queue
[2025-06-01T18:25:14.575+0200] {logging_mixin.py:154} INFO - [2025-06-01T18:25:14.575+0200] {dagbag.py:536} INFO - Filling up the DagBag from /home/lohit/miniconda3/envs/airflow-env/lib/python3.8/site-packages/airflow/example_dags/example_setup_teardown.py
[2025-06-01T18:25:14.580+0200] {processor.py:839} INFO - DAG(s) dict_keys(['example_setup_teardown']) retrieved from /home/lohit/miniconda3/envs/airflow-env/lib/python3.8/site-packages/airflow/example_dags/example_setup_teardown.py
[2025-06-01T18:25:14.589+0200] {logging_mixin.py:154} INFO - [2025-06-01T18:25:14.589+0200] {dag.py:2941} INFO - Sync 1 DAGs
[2025-06-01T18:25:14.603+0200] {logging_mixin.py:154} INFO - [2025-06-01T18:25:14.603+0200] {dag.py:3722} INFO - Setting next_dagrun for example_setup_teardown to 2025-05-31T16:25:14.603213+00:00, run_after=2025-06-01T16:25:14.603213+00:00
[2025-06-01T18:25:14.619+0200] {processor.py:179} INFO - Processing /home/lohit/miniconda3/envs/airflow-env/lib/python3.8/site-packages/airflow/example_dags/example_setup_teardown.py took 0.050 seconds
[2025-06-01T18:26:01.048+0200] {processor.py:157} INFO - Started process (PID=30106) to work on /home/lohit/miniconda3/envs/airflow-env/lib/python3.8/site-packages/airflow/example_dags/example_setup_teardown.py
[2025-06-01T18:26:01.051+0200] {processor.py:829} INFO - Processing file /home/lohit/miniconda3/envs/airflow-env/lib/python3.8/site-packages/airflow/example_dags/example_setup_teardown.py for tasks to queue
[2025-06-01T18:26:01.052+0200] {logging_mixin.py:154} INFO - [2025-06-01T18:26:01.052+0200] {dagbag.py:536} INFO - Filling up the DagBag from /home/lohit/miniconda3/envs/airflow-env/lib/python3.8/site-packages/airflow/example_dags/example_setup_teardown.py
[2025-06-01T18:26:01.056+0200] {processor.py:839} INFO - DAG(s) dict_keys(['example_setup_teardown']) retrieved from /home/lohit/miniconda3/envs/airflow-env/lib/python3.8/site-packages/airflow/example_dags/example_setup_teardown.py
[2025-06-01T18:26:01.068+0200] {logging_mixin.py:154} INFO - [2025-06-01T18:26:01.067+0200] {dag.py:2941} INFO - Sync 1 DAGs
[2025-06-01T18:26:01.079+0200] {logging_mixin.py:154} INFO - [2025-06-01T18:26:01.079+0200] {dag.py:3722} INFO - Setting next_dagrun for example_setup_teardown to 2025-05-31T16:26:01.079549+00:00, run_after=2025-06-01T16:26:01.079549+00:00
[2025-06-01T18:26:01.096+0200] {processor.py:179} INFO - Processing /home/lohit/miniconda3/envs/airflow-env/lib/python3.8/site-packages/airflow/example_dags/example_setup_teardown.py took 0.049 seconds
[2025-06-01T18:26:49.975+0200] {processor.py:157} INFO - Started process (PID=30176) to work on /home/lohit/miniconda3/envs/airflow-env/lib/python3.8/site-packages/airflow/example_dags/example_setup_teardown.py
[2025-06-01T18:26:49.976+0200] {processor.py:829} INFO - Processing file /home/lohit/miniconda3/envs/airflow-env/lib/python3.8/site-packages/airflow/example_dags/example_setup_teardown.py for tasks to queue
[2025-06-01T18:26:49.977+0200] {logging_mixin.py:154} INFO - [2025-06-01T18:26:49.977+0200] {dagbag.py:536} INFO - Filling up the DagBag from /home/lohit/miniconda3/envs/airflow-env/lib/python3.8/site-packages/airflow/example_dags/example_setup_teardown.py
[2025-06-01T18:26:49.981+0200] {processor.py:839} INFO - DAG(s) dict_keys(['example_setup_teardown']) retrieved from /home/lohit/miniconda3/envs/airflow-env/lib/python3.8/site-packages/airflow/example_dags/example_setup_teardown.py
[2025-06-01T18:26:49.991+0200] {logging_mixin.py:154} INFO - [2025-06-01T18:26:49.991+0200] {dag.py:2941} INFO - Sync 1 DAGs
[2025-06-01T18:26:50.003+0200] {logging_mixin.py:154} INFO - [2025-06-01T18:26:50.003+0200] {dag.py:3722} INFO - Setting next_dagrun for example_setup_teardown to 2025-05-31T16:26:50.003076+00:00, run_after=2025-06-01T16:26:50.003076+00:00
[2025-06-01T18:26:50.019+0200] {processor.py:179} INFO - Processing /home/lohit/miniconda3/envs/airflow-env/lib/python3.8/site-packages/airflow/example_dags/example_setup_teardown.py took 0.046 seconds
[2025-06-01T18:27:32.291+0200] {processor.py:157} INFO - Started process (PID=30244) to work on /home/lohit/miniconda3/envs/airflow-env/lib/python3.8/site-packages/airflow/example_dags/example_setup_teardown.py
[2025-06-01T18:27:32.294+0200] {processor.py:829} INFO - Processing file /home/lohit/miniconda3/envs/airflow-env/lib/python3.8/site-packages/airflow/example_dags/example_setup_teardown.py for tasks to queue
[2025-06-01T18:27:32.295+0200] {logging_mixin.py:154} INFO - [2025-06-01T18:27:32.294+0200] {dagbag.py:536} INFO - Filling up the DagBag from /home/lohit/miniconda3/envs/airflow-env/lib/python3.8/site-packages/airflow/example_dags/example_setup_teardown.py
[2025-06-01T18:27:32.300+0200] {processor.py:839} INFO - DAG(s) dict_keys(['example_setup_teardown']) retrieved from /home/lohit/miniconda3/envs/airflow-env/lib/python3.8/site-packages/airflow/example_dags/example_setup_teardown.py
[2025-06-01T18:27:32.309+0200] {logging_mixin.py:154} INFO - [2025-06-01T18:27:32.309+0200] {dag.py:2941} INFO - Sync 1 DAGs
[2025-06-01T18:27:32.321+0200] {logging_mixin.py:154} INFO - [2025-06-01T18:27:32.321+0200] {dag.py:3722} INFO - Setting next_dagrun for example_setup_teardown to 2025-05-31T16:27:32.321114+00:00, run_after=2025-06-01T16:27:32.321114+00:00
[2025-06-01T18:27:32.338+0200] {processor.py:179} INFO - Processing /home/lohit/miniconda3/envs/airflow-env/lib/python3.8/site-packages/airflow/example_dags/example_setup_teardown.py took 0.049 seconds
[2025-06-01T18:28:22.238+0200] {processor.py:157} INFO - Started process (PID=30315) to work on /home/lohit/miniconda3/envs/airflow-env/lib/python3.8/site-packages/airflow/example_dags/example_setup_teardown.py
[2025-06-01T18:28:22.241+0200] {processor.py:829} INFO - Processing file /home/lohit/miniconda3/envs/airflow-env/lib/python3.8/site-packages/airflow/example_dags/example_setup_teardown.py for tasks to queue
[2025-06-01T18:28:22.242+0200] {logging_mixin.py:154} INFO - [2025-06-01T18:28:22.242+0200] {dagbag.py:536} INFO - Filling up the DagBag from /home/lohit/miniconda3/envs/airflow-env/lib/python3.8/site-packages/airflow/example_dags/example_setup_teardown.py
[2025-06-01T18:28:22.246+0200] {processor.py:839} INFO - DAG(s) dict_keys(['example_setup_teardown']) retrieved from /home/lohit/miniconda3/envs/airflow-env/lib/python3.8/site-packages/airflow/example_dags/example_setup_teardown.py
[2025-06-01T18:28:22.257+0200] {logging_mixin.py:154} INFO - [2025-06-01T18:28:22.257+0200] {dag.py:2941} INFO - Sync 1 DAGs
[2025-06-01T18:28:22.268+0200] {logging_mixin.py:154} INFO - [2025-06-01T18:28:22.268+0200] {dag.py:3722} INFO - Setting next_dagrun for example_setup_teardown to 2025-05-31T16:28:22.268312+00:00, run_after=2025-06-01T16:28:22.268312+00:00
[2025-06-01T18:28:22.284+0200] {processor.py:179} INFO - Processing /home/lohit/miniconda3/envs/airflow-env/lib/python3.8/site-packages/airflow/example_dags/example_setup_teardown.py took 0.048 seconds
[2025-06-01T18:29:08.607+0200] {processor.py:157} INFO - Started process (PID=30385) to work on /home/lohit/miniconda3/envs/airflow-env/lib/python3.8/site-packages/airflow/example_dags/example_setup_teardown.py
[2025-06-01T18:29:08.610+0200] {processor.py:829} INFO - Processing file /home/lohit/miniconda3/envs/airflow-env/lib/python3.8/site-packages/airflow/example_dags/example_setup_teardown.py for tasks to queue
[2025-06-01T18:29:08.611+0200] {logging_mixin.py:154} INFO - [2025-06-01T18:29:08.611+0200] {dagbag.py:536} INFO - Filling up the DagBag from /home/lohit/miniconda3/envs/airflow-env/lib/python3.8/site-packages/airflow/example_dags/example_setup_teardown.py
[2025-06-01T18:29:08.616+0200] {processor.py:839} INFO - DAG(s) dict_keys(['example_setup_teardown']) retrieved from /home/lohit/miniconda3/envs/airflow-env/lib/python3.8/site-packages/airflow/example_dags/example_setup_teardown.py
[2025-06-01T18:29:08.626+0200] {logging_mixin.py:154} INFO - [2025-06-01T18:29:08.626+0200] {dag.py:2941} INFO - Sync 1 DAGs
[2025-06-01T18:29:08.637+0200] {logging_mixin.py:154} INFO - [2025-06-01T18:29:08.637+0200] {dag.py:3722} INFO - Setting next_dagrun for example_setup_teardown to 2025-05-31T16:29:08.637540+00:00, run_after=2025-06-01T16:29:08.637540+00:00
[2025-06-01T18:29:08.652+0200] {processor.py:179} INFO - Processing /home/lohit/miniconda3/envs/airflow-env/lib/python3.8/site-packages/airflow/example_dags/example_setup_teardown.py took 0.047 seconds
[2025-06-01T18:29:53.556+0200] {processor.py:157} INFO - Started process (PID=30452) to work on /home/lohit/miniconda3/envs/airflow-env/lib/python3.8/site-packages/airflow/example_dags/example_setup_teardown.py
[2025-06-01T18:29:53.559+0200] {processor.py:829} INFO - Processing file /home/lohit/miniconda3/envs/airflow-env/lib/python3.8/site-packages/airflow/example_dags/example_setup_teardown.py for tasks to queue
[2025-06-01T18:29:53.560+0200] {logging_mixin.py:154} INFO - [2025-06-01T18:29:53.559+0200] {dagbag.py:536} INFO - Filling up the DagBag from /home/lohit/miniconda3/envs/airflow-env/lib/python3.8/site-packages/airflow/example_dags/example_setup_teardown.py
[2025-06-01T18:29:53.565+0200] {processor.py:839} INFO - DAG(s) dict_keys(['example_setup_teardown']) retrieved from /home/lohit/miniconda3/envs/airflow-env/lib/python3.8/site-packages/airflow/example_dags/example_setup_teardown.py
[2025-06-01T18:29:53.576+0200] {logging_mixin.py:154} INFO - [2025-06-01T18:29:53.576+0200] {dag.py:2941} INFO - Sync 1 DAGs
[2025-06-01T18:29:53.588+0200] {logging_mixin.py:154} INFO - [2025-06-01T18:29:53.588+0200] {dag.py:3722} INFO - Setting next_dagrun for example_setup_teardown to 2025-05-31T16:29:53.588570+00:00, run_after=2025-06-01T16:29:53.588570+00:00
[2025-06-01T18:29:53.607+0200] {processor.py:179} INFO - Processing /home/lohit/miniconda3/envs/airflow-env/lib/python3.8/site-packages/airflow/example_dags/example_setup_teardown.py took 0.053 seconds
[2025-06-01T18:30:36.840+0200] {processor.py:157} INFO - Started process (PID=30520) to work on /home/lohit/miniconda3/envs/airflow-env/lib/python3.8/site-packages/airflow/example_dags/example_setup_teardown.py
[2025-06-01T18:30:36.841+0200] {processor.py:829} INFO - Processing file /home/lohit/miniconda3/envs/airflow-env/lib/python3.8/site-packages/airflow/example_dags/example_setup_teardown.py for tasks to queue
[2025-06-01T18:30:36.842+0200] {logging_mixin.py:154} INFO - [2025-06-01T18:30:36.842+0200] {dagbag.py:536} INFO - Filling up the DagBag from /home/lohit/miniconda3/envs/airflow-env/lib/python3.8/site-packages/airflow/example_dags/example_setup_teardown.py
[2025-06-01T18:30:36.848+0200] {processor.py:839} INFO - DAG(s) dict_keys(['example_setup_teardown']) retrieved from /home/lohit/miniconda3/envs/airflow-env/lib/python3.8/site-packages/airflow/example_dags/example_setup_teardown.py
[2025-06-01T18:30:36.861+0200] {logging_mixin.py:154} INFO - [2025-06-01T18:30:36.860+0200] {dag.py:2941} INFO - Sync 1 DAGs
[2025-06-01T18:30:36.876+0200] {logging_mixin.py:154} INFO - [2025-06-01T18:30:36.875+0200] {dag.py:3722} INFO - Setting next_dagrun for example_setup_teardown to 2025-05-31T16:30:36.875697+00:00, run_after=2025-06-01T16:30:36.875697+00:00
[2025-06-01T18:30:36.894+0200] {processor.py:179} INFO - Processing /home/lohit/miniconda3/envs/airflow-env/lib/python3.8/site-packages/airflow/example_dags/example_setup_teardown.py took 0.057 seconds
[2025-06-01T18:31:22.510+0200] {processor.py:157} INFO - Started process (PID=30590) to work on /home/lohit/miniconda3/envs/airflow-env/lib/python3.8/site-packages/airflow/example_dags/example_setup_teardown.py
[2025-06-01T18:31:22.514+0200] {processor.py:829} INFO - Processing file /home/lohit/miniconda3/envs/airflow-env/lib/python3.8/site-packages/airflow/example_dags/example_setup_teardown.py for tasks to queue
[2025-06-01T18:31:22.514+0200] {logging_mixin.py:154} INFO - [2025-06-01T18:31:22.514+0200] {dagbag.py:536} INFO - Filling up the DagBag from /home/lohit/miniconda3/envs/airflow-env/lib/python3.8/site-packages/airflow/example_dags/example_setup_teardown.py
[2025-06-01T18:31:22.519+0200] {processor.py:839} INFO - DAG(s) dict_keys(['example_setup_teardown']) retrieved from /home/lohit/miniconda3/envs/airflow-env/lib/python3.8/site-packages/airflow/example_dags/example_setup_teardown.py
[2025-06-01T18:31:22.529+0200] {logging_mixin.py:154} INFO - [2025-06-01T18:31:22.529+0200] {dag.py:2941} INFO - Sync 1 DAGs
[2025-06-01T18:31:22.541+0200] {logging_mixin.py:154} INFO - [2025-06-01T18:31:22.541+0200] {dag.py:3722} INFO - Setting next_dagrun for example_setup_teardown to 2025-05-31T16:31:22.541013+00:00, run_after=2025-06-01T16:31:22.541013+00:00
[2025-06-01T18:31:22.557+0200] {processor.py:179} INFO - Processing /home/lohit/miniconda3/envs/airflow-env/lib/python3.8/site-packages/airflow/example_dags/example_setup_teardown.py took 0.050 seconds
[2025-06-01T18:32:07.172+0200] {processor.py:157} INFO - Started process (PID=30658) to work on /home/lohit/miniconda3/envs/airflow-env/lib/python3.8/site-packages/airflow/example_dags/example_setup_teardown.py
[2025-06-01T18:32:07.175+0200] {processor.py:829} INFO - Processing file /home/lohit/miniconda3/envs/airflow-env/lib/python3.8/site-packages/airflow/example_dags/example_setup_teardown.py for tasks to queue
[2025-06-01T18:32:07.176+0200] {logging_mixin.py:154} INFO - [2025-06-01T18:32:07.176+0200] {dagbag.py:536} INFO - Filling up the DagBag from /home/lohit/miniconda3/envs/airflow-env/lib/python3.8/site-packages/airflow/example_dags/example_setup_teardown.py
[2025-06-01T18:32:07.182+0200] {processor.py:839} INFO - DAG(s) dict_keys(['example_setup_teardown']) retrieved from /home/lohit/miniconda3/envs/airflow-env/lib/python3.8/site-packages/airflow/example_dags/example_setup_teardown.py
[2025-06-01T18:32:07.192+0200] {logging_mixin.py:154} INFO - [2025-06-01T18:32:07.192+0200] {dag.py:2941} INFO - Sync 1 DAGs
[2025-06-01T18:32:07.204+0200] {logging_mixin.py:154} INFO - [2025-06-01T18:32:07.204+0200] {dag.py:3722} INFO - Setting next_dagrun for example_setup_teardown to 2025-05-31T16:32:07.204572+00:00, run_after=2025-06-01T16:32:07.204572+00:00
[2025-06-01T18:32:07.220+0200] {processor.py:179} INFO - Processing /home/lohit/miniconda3/envs/airflow-env/lib/python3.8/site-packages/airflow/example_dags/example_setup_teardown.py took 0.050 seconds
[2025-06-01T18:32:53.793+0200] {processor.py:157} INFO - Started process (PID=30728) to work on /home/lohit/miniconda3/envs/airflow-env/lib/python3.8/site-packages/airflow/example_dags/example_setup_teardown.py
[2025-06-01T18:32:53.796+0200] {processor.py:829} INFO - Processing file /home/lohit/miniconda3/envs/airflow-env/lib/python3.8/site-packages/airflow/example_dags/example_setup_teardown.py for tasks to queue
[2025-06-01T18:32:53.797+0200] {logging_mixin.py:154} INFO - [2025-06-01T18:32:53.797+0200] {dagbag.py:536} INFO - Filling up the DagBag from /home/lohit/miniconda3/envs/airflow-env/lib/python3.8/site-packages/airflow/example_dags/example_setup_teardown.py
[2025-06-01T18:32:53.802+0200] {processor.py:839} INFO - DAG(s) dict_keys(['example_setup_teardown']) retrieved from /home/lohit/miniconda3/envs/airflow-env/lib/python3.8/site-packages/airflow/example_dags/example_setup_teardown.py
[2025-06-01T18:32:53.814+0200] {logging_mixin.py:154} INFO - [2025-06-01T18:32:53.814+0200] {dag.py:2941} INFO - Sync 1 DAGs
[2025-06-01T18:32:53.825+0200] {logging_mixin.py:154} INFO - [2025-06-01T18:32:53.825+0200] {dag.py:3722} INFO - Setting next_dagrun for example_setup_teardown to 2025-05-31T16:32:53.824834+00:00, run_after=2025-06-01T16:32:53.824834+00:00
[2025-06-01T18:32:53.841+0200] {processor.py:179} INFO - Processing /home/lohit/miniconda3/envs/airflow-env/lib/python3.8/site-packages/airflow/example_dags/example_setup_teardown.py took 0.050 seconds
[2025-06-01T18:33:37.779+0200] {processor.py:157} INFO - Started process (PID=30795) to work on /home/lohit/miniconda3/envs/airflow-env/lib/python3.8/site-packages/airflow/example_dags/example_setup_teardown.py
[2025-06-01T18:33:37.781+0200] {processor.py:829} INFO - Processing file /home/lohit/miniconda3/envs/airflow-env/lib/python3.8/site-packages/airflow/example_dags/example_setup_teardown.py for tasks to queue
[2025-06-01T18:33:37.781+0200] {logging_mixin.py:154} INFO - [2025-06-01T18:33:37.781+0200] {dagbag.py:536} INFO - Filling up the DagBag from /home/lohit/miniconda3/envs/airflow-env/lib/python3.8/site-packages/airflow/example_dags/example_setup_teardown.py
[2025-06-01T18:33:37.788+0200] {processor.py:839} INFO - DAG(s) dict_keys(['example_setup_teardown']) retrieved from /home/lohit/miniconda3/envs/airflow-env/lib/python3.8/site-packages/airflow/example_dags/example_setup_teardown.py
[2025-06-01T18:33:37.798+0200] {logging_mixin.py:154} INFO - [2025-06-01T18:33:37.798+0200] {dag.py:2941} INFO - Sync 1 DAGs
[2025-06-01T18:33:37.816+0200] {logging_mixin.py:154} INFO - [2025-06-01T18:33:37.816+0200] {dag.py:3722} INFO - Setting next_dagrun for example_setup_teardown to 2025-05-31T16:33:37.816402+00:00, run_after=2025-06-01T16:33:37.816402+00:00
[2025-06-01T18:33:37.833+0200] {processor.py:179} INFO - Processing /home/lohit/miniconda3/envs/airflow-env/lib/python3.8/site-packages/airflow/example_dags/example_setup_teardown.py took 0.058 seconds
[2025-06-01T18:34:29.006+0200] {processor.py:157} INFO - Started process (PID=30958) to work on /home/lohit/miniconda3/envs/airflow-env/lib/python3.8/site-packages/airflow/example_dags/example_setup_teardown.py
[2025-06-01T18:34:29.007+0200] {processor.py:829} INFO - Processing file /home/lohit/miniconda3/envs/airflow-env/lib/python3.8/site-packages/airflow/example_dags/example_setup_teardown.py for tasks to queue
[2025-06-01T18:34:29.008+0200] {logging_mixin.py:154} INFO - [2025-06-01T18:34:29.007+0200] {dagbag.py:536} INFO - Filling up the DagBag from /home/lohit/miniconda3/envs/airflow-env/lib/python3.8/site-packages/airflow/example_dags/example_setup_teardown.py
[2025-06-01T18:34:29.012+0200] {processor.py:839} INFO - DAG(s) dict_keys(['example_setup_teardown']) retrieved from /home/lohit/miniconda3/envs/airflow-env/lib/python3.8/site-packages/airflow/example_dags/example_setup_teardown.py
[2025-06-01T18:34:29.023+0200] {logging_mixin.py:154} INFO - [2025-06-01T18:34:29.023+0200] {dag.py:2941} INFO - Sync 1 DAGs
[2025-06-01T18:34:29.035+0200] {logging_mixin.py:154} INFO - [2025-06-01T18:34:29.034+0200] {dag.py:3722} INFO - Setting next_dagrun for example_setup_teardown to 2025-05-31T16:34:29.034687+00:00, run_after=2025-06-01T16:34:29.034687+00:00
[2025-06-01T18:34:29.051+0200] {processor.py:179} INFO - Processing /home/lohit/miniconda3/envs/airflow-env/lib/python3.8/site-packages/airflow/example_dags/example_setup_teardown.py took 0.047 seconds
[2025-06-01T18:35:13.212+0200] {processor.py:157} INFO - Started process (PID=31652) to work on /home/lohit/miniconda3/envs/airflow-env/lib/python3.8/site-packages/airflow/example_dags/example_setup_teardown.py
[2025-06-01T18:35:13.215+0200] {processor.py:829} INFO - Processing file /home/lohit/miniconda3/envs/airflow-env/lib/python3.8/site-packages/airflow/example_dags/example_setup_teardown.py for tasks to queue
[2025-06-01T18:35:13.216+0200] {logging_mixin.py:154} INFO - [2025-06-01T18:35:13.216+0200] {dagbag.py:536} INFO - Filling up the DagBag from /home/lohit/miniconda3/envs/airflow-env/lib/python3.8/site-packages/airflow/example_dags/example_setup_teardown.py
[2025-06-01T18:35:13.221+0200] {processor.py:839} INFO - DAG(s) dict_keys(['example_setup_teardown']) retrieved from /home/lohit/miniconda3/envs/airflow-env/lib/python3.8/site-packages/airflow/example_dags/example_setup_teardown.py
[2025-06-01T18:35:13.233+0200] {logging_mixin.py:154} INFO - [2025-06-01T18:35:13.232+0200] {dag.py:2941} INFO - Sync 1 DAGs
[2025-06-01T18:35:13.245+0200] {logging_mixin.py:154} INFO - [2025-06-01T18:35:13.245+0200] {dag.py:3722} INFO - Setting next_dagrun for example_setup_teardown to 2025-05-31T16:35:13.245184+00:00, run_after=2025-06-01T16:35:13.245184+00:00
[2025-06-01T18:35:13.264+0200] {processor.py:179} INFO - Processing /home/lohit/miniconda3/envs/airflow-env/lib/python3.8/site-packages/airflow/example_dags/example_setup_teardown.py took 0.055 seconds
