[2025-06-01T17:53:04.481+0200] {processor.py:157} INFO - Started process (PID=27077) to work on /home/lohit/miniconda3/envs/airflow-env/lib/python3.8/site-packages/airflow/example_dags/example_setup_teardown_taskflow.py
[2025-06-01T17:53:04.481+0200] {processor.py:829} INFO - Processing file /home/lohit/miniconda3/envs/airflow-env/lib/python3.8/site-packages/airflow/example_dags/example_setup_teardown_taskflow.py for tasks to queue
[2025-06-01T17:53:04.482+0200] {logging_mixin.py:154} INFO - [2025-06-01T17:53:04.482+0200] {dagbag.py:536} INFO - Filling up the DagBag from /home/lohit/miniconda3/envs/airflow-env/lib/python3.8/site-packages/airflow/example_dags/example_setup_teardown_taskflow.py
[2025-06-01T17:53:04.487+0200] {processor.py:839} INFO - DAG(s) dict_keys(['example_setup_teardown_taskflow']) retrieved from /home/lohit/miniconda3/envs/airflow-env/lib/python3.8/site-packages/airflow/example_dags/example_setup_teardown_taskflow.py
[2025-06-01T17:53:04.497+0200] {logging_mixin.py:154} INFO - [2025-06-01T17:53:04.497+0200] {dag.py:2941} INFO - Sync 1 DAGs
[2025-06-01T17:53:04.507+0200] {logging_mixin.py:154} INFO - [2025-06-01T17:53:04.507+0200] {dag.py:3722} INFO - Setting next_dagrun for example_setup_teardown_taskflow to 2025-05-31T15:53:04.507182+00:00, run_after=2025-06-01T15:53:04.507182+00:00
[2025-06-01T17:53:04.523+0200] {processor.py:179} INFO - Processing /home/lohit/miniconda3/envs/airflow-env/lib/python3.8/site-packages/airflow/example_dags/example_setup_teardown_taskflow.py took 0.044 seconds
[2025-06-01T17:53:49.293+0200] {processor.py:157} INFO - Started process (PID=27145) to work on /home/lohit/miniconda3/envs/airflow-env/lib/python3.8/site-packages/airflow/example_dags/example_setup_teardown_taskflow.py
[2025-06-01T17:53:49.296+0200] {processor.py:829} INFO - Processing file /home/lohit/miniconda3/envs/airflow-env/lib/python3.8/site-packages/airflow/example_dags/example_setup_teardown_taskflow.py for tasks to queue
[2025-06-01T17:53:49.296+0200] {logging_mixin.py:154} INFO - [2025-06-01T17:53:49.296+0200] {dagbag.py:536} INFO - Filling up the DagBag from /home/lohit/miniconda3/envs/airflow-env/lib/python3.8/site-packages/airflow/example_dags/example_setup_teardown_taskflow.py
[2025-06-01T17:53:49.302+0200] {processor.py:839} INFO - DAG(s) dict_keys(['example_setup_teardown_taskflow']) retrieved from /home/lohit/miniconda3/envs/airflow-env/lib/python3.8/site-packages/airflow/example_dags/example_setup_teardown_taskflow.py
[2025-06-01T17:53:49.311+0200] {logging_mixin.py:154} INFO - [2025-06-01T17:53:49.311+0200] {dag.py:2941} INFO - Sync 1 DAGs
[2025-06-01T17:53:49.321+0200] {logging_mixin.py:154} INFO - [2025-06-01T17:53:49.321+0200] {dag.py:3722} INFO - Setting next_dagrun for example_setup_teardown_taskflow to 2025-05-31T15:53:49.321553+00:00, run_after=2025-06-01T15:53:49.321553+00:00
[2025-06-01T17:53:49.337+0200] {processor.py:179} INFO - Processing /home/lohit/miniconda3/envs/airflow-env/lib/python3.8/site-packages/airflow/example_dags/example_setup_teardown_taskflow.py took 0.047 seconds
[2025-06-01T17:54:33.273+0200] {processor.py:157} INFO - Started process (PID=27213) to work on /home/lohit/miniconda3/envs/airflow-env/lib/python3.8/site-packages/airflow/example_dags/example_setup_teardown_taskflow.py
[2025-06-01T17:54:33.275+0200] {processor.py:829} INFO - Processing file /home/lohit/miniconda3/envs/airflow-env/lib/python3.8/site-packages/airflow/example_dags/example_setup_teardown_taskflow.py for tasks to queue
[2025-06-01T17:54:33.276+0200] {logging_mixin.py:154} INFO - [2025-06-01T17:54:33.276+0200] {dagbag.py:536} INFO - Filling up the DagBag from /home/lohit/miniconda3/envs/airflow-env/lib/python3.8/site-packages/airflow/example_dags/example_setup_teardown_taskflow.py
[2025-06-01T17:54:33.283+0200] {processor.py:839} INFO - DAG(s) dict_keys(['example_setup_teardown_taskflow']) retrieved from /home/lohit/miniconda3/envs/airflow-env/lib/python3.8/site-packages/airflow/example_dags/example_setup_teardown_taskflow.py
[2025-06-01T17:54:33.294+0200] {logging_mixin.py:154} INFO - [2025-06-01T17:54:33.294+0200] {dag.py:2941} INFO - Sync 1 DAGs
[2025-06-01T17:54:33.307+0200] {logging_mixin.py:154} INFO - [2025-06-01T17:54:33.307+0200] {dag.py:3722} INFO - Setting next_dagrun for example_setup_teardown_taskflow to 2025-05-31T15:54:33.306947+00:00, run_after=2025-06-01T15:54:33.306947+00:00
[2025-06-01T17:54:33.324+0200] {processor.py:179} INFO - Processing /home/lohit/miniconda3/envs/airflow-env/lib/python3.8/site-packages/airflow/example_dags/example_setup_teardown_taskflow.py took 0.055 seconds
[2025-06-01T17:55:21.026+0200] {processor.py:157} INFO - Started process (PID=27283) to work on /home/lohit/miniconda3/envs/airflow-env/lib/python3.8/site-packages/airflow/example_dags/example_setup_teardown_taskflow.py
[2025-06-01T17:55:21.030+0200] {processor.py:829} INFO - Processing file /home/lohit/miniconda3/envs/airflow-env/lib/python3.8/site-packages/airflow/example_dags/example_setup_teardown_taskflow.py for tasks to queue
[2025-06-01T17:55:21.031+0200] {logging_mixin.py:154} INFO - [2025-06-01T17:55:21.031+0200] {dagbag.py:536} INFO - Filling up the DagBag from /home/lohit/miniconda3/envs/airflow-env/lib/python3.8/site-packages/airflow/example_dags/example_setup_teardown_taskflow.py
[2025-06-01T17:55:21.039+0200] {processor.py:839} INFO - DAG(s) dict_keys(['example_setup_teardown_taskflow']) retrieved from /home/lohit/miniconda3/envs/airflow-env/lib/python3.8/site-packages/airflow/example_dags/example_setup_teardown_taskflow.py
[2025-06-01T17:55:21.049+0200] {logging_mixin.py:154} INFO - [2025-06-01T17:55:21.049+0200] {dag.py:2941} INFO - Sync 1 DAGs
[2025-06-01T17:55:21.060+0200] {logging_mixin.py:154} INFO - [2025-06-01T17:55:21.060+0200] {dag.py:3722} INFO - Setting next_dagrun for example_setup_teardown_taskflow to 2025-05-31T15:55:21.060329+00:00, run_after=2025-06-01T15:55:21.060329+00:00
[2025-06-01T17:55:21.076+0200] {processor.py:179} INFO - Processing /home/lohit/miniconda3/envs/airflow-env/lib/python3.8/site-packages/airflow/example_dags/example_setup_teardown_taskflow.py took 0.051 seconds
[2025-06-01T17:56:09.685+0200] {processor.py:157} INFO - Started process (PID=27357) to work on /home/lohit/miniconda3/envs/airflow-env/lib/python3.8/site-packages/airflow/example_dags/example_setup_teardown_taskflow.py
[2025-06-01T17:56:09.689+0200] {processor.py:829} INFO - Processing file /home/lohit/miniconda3/envs/airflow-env/lib/python3.8/site-packages/airflow/example_dags/example_setup_teardown_taskflow.py for tasks to queue
[2025-06-01T17:56:09.689+0200] {logging_mixin.py:154} INFO - [2025-06-01T17:56:09.689+0200] {dagbag.py:536} INFO - Filling up the DagBag from /home/lohit/miniconda3/envs/airflow-env/lib/python3.8/site-packages/airflow/example_dags/example_setup_teardown_taskflow.py
[2025-06-01T17:56:09.695+0200] {processor.py:839} INFO - DAG(s) dict_keys(['example_setup_teardown_taskflow']) retrieved from /home/lohit/miniconda3/envs/airflow-env/lib/python3.8/site-packages/airflow/example_dags/example_setup_teardown_taskflow.py
[2025-06-01T17:56:09.704+0200] {logging_mixin.py:154} INFO - [2025-06-01T17:56:09.704+0200] {dag.py:2941} INFO - Sync 1 DAGs
[2025-06-01T17:56:09.715+0200] {logging_mixin.py:154} INFO - [2025-06-01T17:56:09.714+0200] {dag.py:3722} INFO - Setting next_dagrun for example_setup_teardown_taskflow to 2025-05-31T15:56:09.714727+00:00, run_after=2025-06-01T15:56:09.714727+00:00
[2025-06-01T17:56:09.729+0200] {processor.py:179} INFO - Processing /home/lohit/miniconda3/envs/airflow-env/lib/python3.8/site-packages/airflow/example_dags/example_setup_teardown_taskflow.py took 0.046 seconds
[2025-06-01T17:56:58.589+0200] {processor.py:157} INFO - Started process (PID=27427) to work on /home/lohit/miniconda3/envs/airflow-env/lib/python3.8/site-packages/airflow/example_dags/example_setup_teardown_taskflow.py
[2025-06-01T17:56:58.592+0200] {processor.py:829} INFO - Processing file /home/lohit/miniconda3/envs/airflow-env/lib/python3.8/site-packages/airflow/example_dags/example_setup_teardown_taskflow.py for tasks to queue
[2025-06-01T17:56:58.593+0200] {logging_mixin.py:154} INFO - [2025-06-01T17:56:58.593+0200] {dagbag.py:536} INFO - Filling up the DagBag from /home/lohit/miniconda3/envs/airflow-env/lib/python3.8/site-packages/airflow/example_dags/example_setup_teardown_taskflow.py
[2025-06-01T17:56:58.598+0200] {processor.py:839} INFO - DAG(s) dict_keys(['example_setup_teardown_taskflow']) retrieved from /home/lohit/miniconda3/envs/airflow-env/lib/python3.8/site-packages/airflow/example_dags/example_setup_teardown_taskflow.py
[2025-06-01T17:56:58.608+0200] {logging_mixin.py:154} INFO - [2025-06-01T17:56:58.608+0200] {dag.py:2941} INFO - Sync 1 DAGs
[2025-06-01T17:56:58.618+0200] {logging_mixin.py:154} INFO - [2025-06-01T17:56:58.618+0200] {dag.py:3722} INFO - Setting next_dagrun for example_setup_teardown_taskflow to 2025-05-31T15:56:58.618097+00:00, run_after=2025-06-01T15:56:58.618097+00:00
[2025-06-01T17:56:58.632+0200] {processor.py:179} INFO - Processing /home/lohit/miniconda3/envs/airflow-env/lib/python3.8/site-packages/airflow/example_dags/example_setup_teardown_taskflow.py took 0.045 seconds
[2025-06-01T17:57:43.678+0200] {processor.py:157} INFO - Started process (PID=27496) to work on /home/lohit/miniconda3/envs/airflow-env/lib/python3.8/site-packages/airflow/example_dags/example_setup_teardown_taskflow.py
[2025-06-01T17:57:43.681+0200] {processor.py:829} INFO - Processing file /home/lohit/miniconda3/envs/airflow-env/lib/python3.8/site-packages/airflow/example_dags/example_setup_teardown_taskflow.py for tasks to queue
[2025-06-01T17:57:43.682+0200] {logging_mixin.py:154} INFO - [2025-06-01T17:57:43.682+0200] {dagbag.py:536} INFO - Filling up the DagBag from /home/lohit/miniconda3/envs/airflow-env/lib/python3.8/site-packages/airflow/example_dags/example_setup_teardown_taskflow.py
[2025-06-01T17:57:43.689+0200] {processor.py:839} INFO - DAG(s) dict_keys(['example_setup_teardown_taskflow']) retrieved from /home/lohit/miniconda3/envs/airflow-env/lib/python3.8/site-packages/airflow/example_dags/example_setup_teardown_taskflow.py
[2025-06-01T17:57:43.699+0200] {logging_mixin.py:154} INFO - [2025-06-01T17:57:43.699+0200] {dag.py:2941} INFO - Sync 1 DAGs
[2025-06-01T17:57:43.710+0200] {logging_mixin.py:154} INFO - [2025-06-01T17:57:43.710+0200] {dag.py:3722} INFO - Setting next_dagrun for example_setup_teardown_taskflow to 2025-05-31T15:57:43.710666+00:00, run_after=2025-06-01T15:57:43.710666+00:00
[2025-06-01T17:57:43.726+0200] {processor.py:179} INFO - Processing /home/lohit/miniconda3/envs/airflow-env/lib/python3.8/site-packages/airflow/example_dags/example_setup_teardown_taskflow.py took 0.050 seconds
[2025-06-01T17:58:28.580+0200] {processor.py:157} INFO - Started process (PID=27563) to work on /home/lohit/miniconda3/envs/airflow-env/lib/python3.8/site-packages/airflow/example_dags/example_setup_teardown_taskflow.py
[2025-06-01T17:58:28.583+0200] {processor.py:829} INFO - Processing file /home/lohit/miniconda3/envs/airflow-env/lib/python3.8/site-packages/airflow/example_dags/example_setup_teardown_taskflow.py for tasks to queue
[2025-06-01T17:58:28.583+0200] {logging_mixin.py:154} INFO - [2025-06-01T17:58:28.583+0200] {dagbag.py:536} INFO - Filling up the DagBag from /home/lohit/miniconda3/envs/airflow-env/lib/python3.8/site-packages/airflow/example_dags/example_setup_teardown_taskflow.py
[2025-06-01T17:58:28.589+0200] {processor.py:839} INFO - DAG(s) dict_keys(['example_setup_teardown_taskflow']) retrieved from /home/lohit/miniconda3/envs/airflow-env/lib/python3.8/site-packages/airflow/example_dags/example_setup_teardown_taskflow.py
[2025-06-01T17:58:28.601+0200] {logging_mixin.py:154} INFO - [2025-06-01T17:58:28.601+0200] {dag.py:2941} INFO - Sync 1 DAGs
[2025-06-01T17:58:28.612+0200] {logging_mixin.py:154} INFO - [2025-06-01T17:58:28.612+0200] {dag.py:3722} INFO - Setting next_dagrun for example_setup_teardown_taskflow to 2025-05-31T15:58:28.612327+00:00, run_after=2025-06-01T15:58:28.612327+00:00
[2025-06-01T17:58:28.627+0200] {processor.py:179} INFO - Processing /home/lohit/miniconda3/envs/airflow-env/lib/python3.8/site-packages/airflow/example_dags/example_setup_teardown_taskflow.py took 0.049 seconds
[2025-06-01T17:59:15.774+0200] {processor.py:157} INFO - Started process (PID=27634) to work on /home/lohit/miniconda3/envs/airflow-env/lib/python3.8/site-packages/airflow/example_dags/example_setup_teardown_taskflow.py
[2025-06-01T17:59:15.778+0200] {processor.py:829} INFO - Processing file /home/lohit/miniconda3/envs/airflow-env/lib/python3.8/site-packages/airflow/example_dags/example_setup_teardown_taskflow.py for tasks to queue
[2025-06-01T17:59:15.778+0200] {logging_mixin.py:154} INFO - [2025-06-01T17:59:15.778+0200] {dagbag.py:536} INFO - Filling up the DagBag from /home/lohit/miniconda3/envs/airflow-env/lib/python3.8/site-packages/airflow/example_dags/example_setup_teardown_taskflow.py
[2025-06-01T17:59:15.784+0200] {processor.py:839} INFO - DAG(s) dict_keys(['example_setup_teardown_taskflow']) retrieved from /home/lohit/miniconda3/envs/airflow-env/lib/python3.8/site-packages/airflow/example_dags/example_setup_teardown_taskflow.py
[2025-06-01T17:59:15.793+0200] {logging_mixin.py:154} INFO - [2025-06-01T17:59:15.793+0200] {dag.py:2941} INFO - Sync 1 DAGs
[2025-06-01T17:59:15.803+0200] {logging_mixin.py:154} INFO - [2025-06-01T17:59:15.803+0200] {dag.py:3722} INFO - Setting next_dagrun for example_setup_teardown_taskflow to 2025-05-31T15:59:15.803327+00:00, run_after=2025-06-01T15:59:15.803327+00:00
[2025-06-01T17:59:15.818+0200] {processor.py:179} INFO - Processing /home/lohit/miniconda3/envs/airflow-env/lib/python3.8/site-packages/airflow/example_dags/example_setup_teardown_taskflow.py took 0.045 seconds
[2025-06-01T17:59:59.449+0200] {processor.py:157} INFO - Started process (PID=27701) to work on /home/lohit/miniconda3/envs/airflow-env/lib/python3.8/site-packages/airflow/example_dags/example_setup_teardown_taskflow.py
[2025-06-01T17:59:59.452+0200] {processor.py:829} INFO - Processing file /home/lohit/miniconda3/envs/airflow-env/lib/python3.8/site-packages/airflow/example_dags/example_setup_teardown_taskflow.py for tasks to queue
[2025-06-01T17:59:59.452+0200] {logging_mixin.py:154} INFO - [2025-06-01T17:59:59.452+0200] {dagbag.py:536} INFO - Filling up the DagBag from /home/lohit/miniconda3/envs/airflow-env/lib/python3.8/site-packages/airflow/example_dags/example_setup_teardown_taskflow.py
[2025-06-01T17:59:59.458+0200] {processor.py:839} INFO - DAG(s) dict_keys(['example_setup_teardown_taskflow']) retrieved from /home/lohit/miniconda3/envs/airflow-env/lib/python3.8/site-packages/airflow/example_dags/example_setup_teardown_taskflow.py
[2025-06-01T17:59:59.467+0200] {logging_mixin.py:154} INFO - [2025-06-01T17:59:59.467+0200] {dag.py:2941} INFO - Sync 1 DAGs
[2025-06-01T17:59:59.478+0200] {logging_mixin.py:154} INFO - [2025-06-01T17:59:59.478+0200] {dag.py:3722} INFO - Setting next_dagrun for example_setup_teardown_taskflow to 2025-05-31T15:59:59.478622+00:00, run_after=2025-06-01T15:59:59.478622+00:00
[2025-06-01T17:59:59.494+0200] {processor.py:179} INFO - Processing /home/lohit/miniconda3/envs/airflow-env/lib/python3.8/site-packages/airflow/example_dags/example_setup_teardown_taskflow.py took 0.048 seconds
[2025-06-01T18:00:48.481+0200] {processor.py:157} INFO - Started process (PID=27774) to work on /home/lohit/miniconda3/envs/airflow-env/lib/python3.8/site-packages/airflow/example_dags/example_setup_teardown_taskflow.py
[2025-06-01T18:00:48.482+0200] {processor.py:829} INFO - Processing file /home/lohit/miniconda3/envs/airflow-env/lib/python3.8/site-packages/airflow/example_dags/example_setup_teardown_taskflow.py for tasks to queue
[2025-06-01T18:00:48.483+0200] {logging_mixin.py:154} INFO - [2025-06-01T18:00:48.483+0200] {dagbag.py:536} INFO - Filling up the DagBag from /home/lohit/miniconda3/envs/airflow-env/lib/python3.8/site-packages/airflow/example_dags/example_setup_teardown_taskflow.py
[2025-06-01T18:00:48.489+0200] {processor.py:839} INFO - DAG(s) dict_keys(['example_setup_teardown_taskflow']) retrieved from /home/lohit/miniconda3/envs/airflow-env/lib/python3.8/site-packages/airflow/example_dags/example_setup_teardown_taskflow.py
[2025-06-01T18:00:48.498+0200] {logging_mixin.py:154} INFO - [2025-06-01T18:00:48.498+0200] {dag.py:2941} INFO - Sync 1 DAGs
[2025-06-01T18:00:48.508+0200] {logging_mixin.py:154} INFO - [2025-06-01T18:00:48.508+0200] {dag.py:3722} INFO - Setting next_dagrun for example_setup_teardown_taskflow to 2025-05-31T16:00:48.507886+00:00, run_after=2025-06-01T16:00:48.507886+00:00
[2025-06-01T18:00:48.525+0200] {processor.py:179} INFO - Processing /home/lohit/miniconda3/envs/airflow-env/lib/python3.8/site-packages/airflow/example_dags/example_setup_teardown_taskflow.py took 0.046 seconds
[2025-06-01T18:01:37.093+0200] {processor.py:157} INFO - Started process (PID=27875) to work on /home/lohit/miniconda3/envs/airflow-env/lib/python3.8/site-packages/airflow/example_dags/example_setup_teardown_taskflow.py
[2025-06-01T18:01:37.096+0200] {processor.py:829} INFO - Processing file /home/lohit/miniconda3/envs/airflow-env/lib/python3.8/site-packages/airflow/example_dags/example_setup_teardown_taskflow.py for tasks to queue
[2025-06-01T18:01:37.097+0200] {logging_mixin.py:154} INFO - [2025-06-01T18:01:37.097+0200] {dagbag.py:536} INFO - Filling up the DagBag from /home/lohit/miniconda3/envs/airflow-env/lib/python3.8/site-packages/airflow/example_dags/example_setup_teardown_taskflow.py
[2025-06-01T18:01:37.103+0200] {processor.py:839} INFO - DAG(s) dict_keys(['example_setup_teardown_taskflow']) retrieved from /home/lohit/miniconda3/envs/airflow-env/lib/python3.8/site-packages/airflow/example_dags/example_setup_teardown_taskflow.py
[2025-06-01T18:01:37.114+0200] {logging_mixin.py:154} INFO - [2025-06-01T18:01:37.114+0200] {dag.py:2941} INFO - Sync 1 DAGs
[2025-06-01T18:01:37.126+0200] {logging_mixin.py:154} INFO - [2025-06-01T18:01:37.125+0200] {dag.py:3722} INFO - Setting next_dagrun for example_setup_teardown_taskflow to 2025-05-31T16:01:37.125792+00:00, run_after=2025-06-01T16:01:37.125792+00:00
[2025-06-01T18:01:37.142+0200] {processor.py:179} INFO - Processing /home/lohit/miniconda3/envs/airflow-env/lib/python3.8/site-packages/airflow/example_dags/example_setup_teardown_taskflow.py took 0.050 seconds
[2025-06-01T18:02:19.359+0200] {processor.py:157} INFO - Started process (PID=27943) to work on /home/lohit/miniconda3/envs/airflow-env/lib/python3.8/site-packages/airflow/example_dags/example_setup_teardown_taskflow.py
[2025-06-01T18:02:19.362+0200] {processor.py:829} INFO - Processing file /home/lohit/miniconda3/envs/airflow-env/lib/python3.8/site-packages/airflow/example_dags/example_setup_teardown_taskflow.py for tasks to queue
[2025-06-01T18:02:19.363+0200] {logging_mixin.py:154} INFO - [2025-06-01T18:02:19.362+0200] {dagbag.py:536} INFO - Filling up the DagBag from /home/lohit/miniconda3/envs/airflow-env/lib/python3.8/site-packages/airflow/example_dags/example_setup_teardown_taskflow.py
[2025-06-01T18:02:19.370+0200] {processor.py:839} INFO - DAG(s) dict_keys(['example_setup_teardown_taskflow']) retrieved from /home/lohit/miniconda3/envs/airflow-env/lib/python3.8/site-packages/airflow/example_dags/example_setup_teardown_taskflow.py
[2025-06-01T18:02:19.379+0200] {logging_mixin.py:154} INFO - [2025-06-01T18:02:19.379+0200] {dag.py:2941} INFO - Sync 1 DAGs
[2025-06-01T18:02:19.389+0200] {logging_mixin.py:154} INFO - [2025-06-01T18:02:19.389+0200] {dag.py:3722} INFO - Setting next_dagrun for example_setup_teardown_taskflow to 2025-05-31T16:02:19.389056+00:00, run_after=2025-06-01T16:02:19.389056+00:00
[2025-06-01T18:02:19.404+0200] {processor.py:179} INFO - Processing /home/lohit/miniconda3/envs/airflow-env/lib/python3.8/site-packages/airflow/example_dags/example_setup_teardown_taskflow.py took 0.048 seconds
[2025-06-01T18:03:06.656+0200] {processor.py:157} INFO - Started process (PID=28019) to work on /home/lohit/miniconda3/envs/airflow-env/lib/python3.8/site-packages/airflow/example_dags/example_setup_teardown_taskflow.py
[2025-06-01T18:03:06.659+0200] {processor.py:829} INFO - Processing file /home/lohit/miniconda3/envs/airflow-env/lib/python3.8/site-packages/airflow/example_dags/example_setup_teardown_taskflow.py for tasks to queue
[2025-06-01T18:03:06.660+0200] {logging_mixin.py:154} INFO - [2025-06-01T18:03:06.659+0200] {dagbag.py:536} INFO - Filling up the DagBag from /home/lohit/miniconda3/envs/airflow-env/lib/python3.8/site-packages/airflow/example_dags/example_setup_teardown_taskflow.py
[2025-06-01T18:03:06.665+0200] {processor.py:839} INFO - DAG(s) dict_keys(['example_setup_teardown_taskflow']) retrieved from /home/lohit/miniconda3/envs/airflow-env/lib/python3.8/site-packages/airflow/example_dags/example_setup_teardown_taskflow.py
[2025-06-01T18:03:06.675+0200] {logging_mixin.py:154} INFO - [2025-06-01T18:03:06.674+0200] {dag.py:2941} INFO - Sync 1 DAGs
[2025-06-01T18:03:06.686+0200] {logging_mixin.py:154} INFO - [2025-06-01T18:03:06.686+0200] {dag.py:3722} INFO - Setting next_dagrun for example_setup_teardown_taskflow to 2025-05-31T16:03:06.685921+00:00, run_after=2025-06-01T16:03:06.685921+00:00
[2025-06-01T18:03:06.702+0200] {processor.py:179} INFO - Processing /home/lohit/miniconda3/envs/airflow-env/lib/python3.8/site-packages/airflow/example_dags/example_setup_teardown_taskflow.py took 0.048 seconds
[2025-06-01T18:03:54.779+0200] {processor.py:157} INFO - Started process (PID=28094) to work on /home/lohit/miniconda3/envs/airflow-env/lib/python3.8/site-packages/airflow/example_dags/example_setup_teardown_taskflow.py
[2025-06-01T18:03:54.780+0200] {processor.py:829} INFO - Processing file /home/lohit/miniconda3/envs/airflow-env/lib/python3.8/site-packages/airflow/example_dags/example_setup_teardown_taskflow.py for tasks to queue
[2025-06-01T18:03:54.781+0200] {logging_mixin.py:154} INFO - [2025-06-01T18:03:54.780+0200] {dagbag.py:536} INFO - Filling up the DagBag from /home/lohit/miniconda3/envs/airflow-env/lib/python3.8/site-packages/airflow/example_dags/example_setup_teardown_taskflow.py
[2025-06-01T18:03:54.787+0200] {processor.py:839} INFO - DAG(s) dict_keys(['example_setup_teardown_taskflow']) retrieved from /home/lohit/miniconda3/envs/airflow-env/lib/python3.8/site-packages/airflow/example_dags/example_setup_teardown_taskflow.py
[2025-06-01T18:03:54.797+0200] {logging_mixin.py:154} INFO - [2025-06-01T18:03:54.796+0200] {dag.py:2941} INFO - Sync 1 DAGs
[2025-06-01T18:03:54.806+0200] {logging_mixin.py:154} INFO - [2025-06-01T18:03:54.806+0200] {dag.py:3722} INFO - Setting next_dagrun for example_setup_teardown_taskflow to 2025-05-31T16:03:54.806533+00:00, run_after=2025-06-01T16:03:54.806533+00:00
[2025-06-01T18:03:54.821+0200] {processor.py:179} INFO - Processing /home/lohit/miniconda3/envs/airflow-env/lib/python3.8/site-packages/airflow/example_dags/example_setup_teardown_taskflow.py took 0.043 seconds
[2025-06-01T18:04:39.845+0200] {processor.py:157} INFO - Started process (PID=28167) to work on /home/lohit/miniconda3/envs/airflow-env/lib/python3.8/site-packages/airflow/example_dags/example_setup_teardown_taskflow.py
[2025-06-01T18:04:39.846+0200] {processor.py:829} INFO - Processing file /home/lohit/miniconda3/envs/airflow-env/lib/python3.8/site-packages/airflow/example_dags/example_setup_teardown_taskflow.py for tasks to queue
[2025-06-01T18:04:39.846+0200] {logging_mixin.py:154} INFO - [2025-06-01T18:04:39.846+0200] {dagbag.py:536} INFO - Filling up the DagBag from /home/lohit/miniconda3/envs/airflow-env/lib/python3.8/site-packages/airflow/example_dags/example_setup_teardown_taskflow.py
[2025-06-01T18:04:39.852+0200] {processor.py:839} INFO - DAG(s) dict_keys(['example_setup_teardown_taskflow']) retrieved from /home/lohit/miniconda3/envs/airflow-env/lib/python3.8/site-packages/airflow/example_dags/example_setup_teardown_taskflow.py
[2025-06-01T18:04:39.862+0200] {logging_mixin.py:154} INFO - [2025-06-01T18:04:39.862+0200] {dag.py:2941} INFO - Sync 1 DAGs
[2025-06-01T18:04:39.873+0200] {logging_mixin.py:154} INFO - [2025-06-01T18:04:39.873+0200] {dag.py:3722} INFO - Setting next_dagrun for example_setup_teardown_taskflow to 2025-05-31T16:04:39.873255+00:00, run_after=2025-06-01T16:04:39.873255+00:00
[2025-06-01T18:04:39.887+0200] {processor.py:179} INFO - Processing /home/lohit/miniconda3/envs/airflow-env/lib/python3.8/site-packages/airflow/example_dags/example_setup_teardown_taskflow.py took 0.045 seconds
[2025-06-01T18:05:30.422+0200] {processor.py:157} INFO - Started process (PID=28249) to work on /home/lohit/miniconda3/envs/airflow-env/lib/python3.8/site-packages/airflow/example_dags/example_setup_teardown_taskflow.py
[2025-06-01T18:05:30.426+0200] {processor.py:829} INFO - Processing file /home/lohit/miniconda3/envs/airflow-env/lib/python3.8/site-packages/airflow/example_dags/example_setup_teardown_taskflow.py for tasks to queue
[2025-06-01T18:05:30.426+0200] {logging_mixin.py:154} INFO - [2025-06-01T18:05:30.426+0200] {dagbag.py:536} INFO - Filling up the DagBag from /home/lohit/miniconda3/envs/airflow-env/lib/python3.8/site-packages/airflow/example_dags/example_setup_teardown_taskflow.py
[2025-06-01T18:05:30.433+0200] {processor.py:839} INFO - DAG(s) dict_keys(['example_setup_teardown_taskflow']) retrieved from /home/lohit/miniconda3/envs/airflow-env/lib/python3.8/site-packages/airflow/example_dags/example_setup_teardown_taskflow.py
[2025-06-01T18:05:30.443+0200] {logging_mixin.py:154} INFO - [2025-06-01T18:05:30.442+0200] {dag.py:2941} INFO - Sync 1 DAGs
[2025-06-01T18:05:30.454+0200] {logging_mixin.py:154} INFO - [2025-06-01T18:05:30.454+0200] {dag.py:3722} INFO - Setting next_dagrun for example_setup_teardown_taskflow to 2025-05-31T16:05:30.454309+00:00, run_after=2025-06-01T16:05:30.454309+00:00
[2025-06-01T18:05:30.469+0200] {processor.py:179} INFO - Processing /home/lohit/miniconda3/envs/airflow-env/lib/python3.8/site-packages/airflow/example_dags/example_setup_teardown_taskflow.py took 0.049 seconds
[2025-06-01T18:06:21.054+0200] {processor.py:157} INFO - Started process (PID=28327) to work on /home/lohit/miniconda3/envs/airflow-env/lib/python3.8/site-packages/airflow/example_dags/example_setup_teardown_taskflow.py
[2025-06-01T18:06:21.057+0200] {processor.py:829} INFO - Processing file /home/lohit/miniconda3/envs/airflow-env/lib/python3.8/site-packages/airflow/example_dags/example_setup_teardown_taskflow.py for tasks to queue
[2025-06-01T18:06:21.058+0200] {logging_mixin.py:154} INFO - [2025-06-01T18:06:21.058+0200] {dagbag.py:536} INFO - Filling up the DagBag from /home/lohit/miniconda3/envs/airflow-env/lib/python3.8/site-packages/airflow/example_dags/example_setup_teardown_taskflow.py
[2025-06-01T18:06:21.064+0200] {processor.py:839} INFO - DAG(s) dict_keys(['example_setup_teardown_taskflow']) retrieved from /home/lohit/miniconda3/envs/airflow-env/lib/python3.8/site-packages/airflow/example_dags/example_setup_teardown_taskflow.py
[2025-06-01T18:06:21.073+0200] {logging_mixin.py:154} INFO - [2025-06-01T18:06:21.073+0200] {dag.py:2941} INFO - Sync 1 DAGs
[2025-06-01T18:06:21.083+0200] {logging_mixin.py:154} INFO - [2025-06-01T18:06:21.083+0200] {dag.py:3722} INFO - Setting next_dagrun for example_setup_teardown_taskflow to 2025-05-31T16:06:21.083043+00:00, run_after=2025-06-01T16:06:21.083043+00:00
[2025-06-01T18:06:21.099+0200] {processor.py:179} INFO - Processing /home/lohit/miniconda3/envs/airflow-env/lib/python3.8/site-packages/airflow/example_dags/example_setup_teardown_taskflow.py took 0.047 seconds
[2025-06-01T18:07:12.815+0200] {processor.py:157} INFO - Started process (PID=28401) to work on /home/lohit/miniconda3/envs/airflow-env/lib/python3.8/site-packages/airflow/example_dags/example_setup_teardown_taskflow.py
[2025-06-01T18:07:12.819+0200] {processor.py:829} INFO - Processing file /home/lohit/miniconda3/envs/airflow-env/lib/python3.8/site-packages/airflow/example_dags/example_setup_teardown_taskflow.py for tasks to queue
[2025-06-01T18:07:12.819+0200] {logging_mixin.py:154} INFO - [2025-06-01T18:07:12.819+0200] {dagbag.py:536} INFO - Filling up the DagBag from /home/lohit/miniconda3/envs/airflow-env/lib/python3.8/site-packages/airflow/example_dags/example_setup_teardown_taskflow.py
[2025-06-01T18:07:12.826+0200] {processor.py:839} INFO - DAG(s) dict_keys(['example_setup_teardown_taskflow']) retrieved from /home/lohit/miniconda3/envs/airflow-env/lib/python3.8/site-packages/airflow/example_dags/example_setup_teardown_taskflow.py
[2025-06-01T18:07:12.837+0200] {logging_mixin.py:154} INFO - [2025-06-01T18:07:12.836+0200] {dag.py:2941} INFO - Sync 1 DAGs
[2025-06-01T18:07:12.849+0200] {logging_mixin.py:154} INFO - [2025-06-01T18:07:12.849+0200] {dag.py:3722} INFO - Setting next_dagrun for example_setup_teardown_taskflow to 2025-05-31T16:07:12.848949+00:00, run_after=2025-06-01T16:07:12.848949+00:00
[2025-06-01T18:07:12.865+0200] {processor.py:179} INFO - Processing /home/lohit/miniconda3/envs/airflow-env/lib/python3.8/site-packages/airflow/example_dags/example_setup_teardown_taskflow.py took 0.052 seconds
[2025-06-01T18:07:58.606+0200] {processor.py:157} INFO - Started process (PID=28471) to work on /home/lohit/miniconda3/envs/airflow-env/lib/python3.8/site-packages/airflow/example_dags/example_setup_teardown_taskflow.py
[2025-06-01T18:07:58.609+0200] {processor.py:829} INFO - Processing file /home/lohit/miniconda3/envs/airflow-env/lib/python3.8/site-packages/airflow/example_dags/example_setup_teardown_taskflow.py for tasks to queue
[2025-06-01T18:07:58.609+0200] {logging_mixin.py:154} INFO - [2025-06-01T18:07:58.609+0200] {dagbag.py:536} INFO - Filling up the DagBag from /home/lohit/miniconda3/envs/airflow-env/lib/python3.8/site-packages/airflow/example_dags/example_setup_teardown_taskflow.py
[2025-06-01T18:07:58.615+0200] {processor.py:839} INFO - DAG(s) dict_keys(['example_setup_teardown_taskflow']) retrieved from /home/lohit/miniconda3/envs/airflow-env/lib/python3.8/site-packages/airflow/example_dags/example_setup_teardown_taskflow.py
[2025-06-01T18:07:58.624+0200] {logging_mixin.py:154} INFO - [2025-06-01T18:07:58.624+0200] {dag.py:2941} INFO - Sync 1 DAGs
[2025-06-01T18:07:58.633+0200] {logging_mixin.py:154} INFO - [2025-06-01T18:07:58.633+0200] {dag.py:3722} INFO - Setting next_dagrun for example_setup_teardown_taskflow to 2025-05-31T16:07:58.633567+00:00, run_after=2025-06-01T16:07:58.633567+00:00
[2025-06-01T18:07:58.650+0200] {processor.py:179} INFO - Processing /home/lohit/miniconda3/envs/airflow-env/lib/python3.8/site-packages/airflow/example_dags/example_setup_teardown_taskflow.py took 0.046 seconds
[2025-06-01T18:08:50.696+0200] {processor.py:157} INFO - Started process (PID=28548) to work on /home/lohit/miniconda3/envs/airflow-env/lib/python3.8/site-packages/airflow/example_dags/example_setup_teardown_taskflow.py
[2025-06-01T18:08:50.699+0200] {processor.py:829} INFO - Processing file /home/lohit/miniconda3/envs/airflow-env/lib/python3.8/site-packages/airflow/example_dags/example_setup_teardown_taskflow.py for tasks to queue
[2025-06-01T18:08:50.700+0200] {logging_mixin.py:154} INFO - [2025-06-01T18:08:50.699+0200] {dagbag.py:536} INFO - Filling up the DagBag from /home/lohit/miniconda3/envs/airflow-env/lib/python3.8/site-packages/airflow/example_dags/example_setup_teardown_taskflow.py
[2025-06-01T18:08:50.705+0200] {processor.py:839} INFO - DAG(s) dict_keys(['example_setup_teardown_taskflow']) retrieved from /home/lohit/miniconda3/envs/airflow-env/lib/python3.8/site-packages/airflow/example_dags/example_setup_teardown_taskflow.py
[2025-06-01T18:08:50.714+0200] {logging_mixin.py:154} INFO - [2025-06-01T18:08:50.714+0200] {dag.py:2941} INFO - Sync 1 DAGs
[2025-06-01T18:08:50.727+0200] {logging_mixin.py:154} INFO - [2025-06-01T18:08:50.727+0200] {dag.py:3722} INFO - Setting next_dagrun for example_setup_teardown_taskflow to 2025-05-31T16:08:50.726826+00:00, run_after=2025-06-01T16:08:50.726826+00:00
[2025-06-01T18:08:50.742+0200] {processor.py:179} INFO - Processing /home/lohit/miniconda3/envs/airflow-env/lib/python3.8/site-packages/airflow/example_dags/example_setup_teardown_taskflow.py took 0.048 seconds
[2025-06-01T18:09:37.230+0200] {processor.py:157} INFO - Started process (PID=28620) to work on /home/lohit/miniconda3/envs/airflow-env/lib/python3.8/site-packages/airflow/example_dags/example_setup_teardown_taskflow.py
[2025-06-01T18:09:37.234+0200] {processor.py:829} INFO - Processing file /home/lohit/miniconda3/envs/airflow-env/lib/python3.8/site-packages/airflow/example_dags/example_setup_teardown_taskflow.py for tasks to queue
[2025-06-01T18:09:37.234+0200] {logging_mixin.py:154} INFO - [2025-06-01T18:09:37.234+0200] {dagbag.py:536} INFO - Filling up the DagBag from /home/lohit/miniconda3/envs/airflow-env/lib/python3.8/site-packages/airflow/example_dags/example_setup_teardown_taskflow.py
[2025-06-01T18:09:37.240+0200] {processor.py:839} INFO - DAG(s) dict_keys(['example_setup_teardown_taskflow']) retrieved from /home/lohit/miniconda3/envs/airflow-env/lib/python3.8/site-packages/airflow/example_dags/example_setup_teardown_taskflow.py
[2025-06-01T18:09:37.250+0200] {logging_mixin.py:154} INFO - [2025-06-01T18:09:37.250+0200] {dag.py:2941} INFO - Sync 1 DAGs
[2025-06-01T18:09:37.260+0200] {logging_mixin.py:154} INFO - [2025-06-01T18:09:37.260+0200] {dag.py:3722} INFO - Setting next_dagrun for example_setup_teardown_taskflow to 2025-05-31T16:09:37.260623+00:00, run_after=2025-06-01T16:09:37.260623+00:00
[2025-06-01T18:09:37.277+0200] {processor.py:179} INFO - Processing /home/lohit/miniconda3/envs/airflow-env/lib/python3.8/site-packages/airflow/example_dags/example_setup_teardown_taskflow.py took 0.048 seconds
[2025-06-01T18:10:24.495+0200] {processor.py:157} INFO - Started process (PID=28702) to work on /home/lohit/miniconda3/envs/airflow-env/lib/python3.8/site-packages/airflow/example_dags/example_setup_teardown_taskflow.py
[2025-06-01T18:10:24.498+0200] {processor.py:829} INFO - Processing file /home/lohit/miniconda3/envs/airflow-env/lib/python3.8/site-packages/airflow/example_dags/example_setup_teardown_taskflow.py for tasks to queue
[2025-06-01T18:10:24.499+0200] {logging_mixin.py:154} INFO - [2025-06-01T18:10:24.499+0200] {dagbag.py:536} INFO - Filling up the DagBag from /home/lohit/miniconda3/envs/airflow-env/lib/python3.8/site-packages/airflow/example_dags/example_setup_teardown_taskflow.py
[2025-06-01T18:10:24.505+0200] {processor.py:839} INFO - DAG(s) dict_keys(['example_setup_teardown_taskflow']) retrieved from /home/lohit/miniconda3/envs/airflow-env/lib/python3.8/site-packages/airflow/example_dags/example_setup_teardown_taskflow.py
[2025-06-01T18:10:24.517+0200] {logging_mixin.py:154} INFO - [2025-06-01T18:10:24.516+0200] {dag.py:2941} INFO - Sync 1 DAGs
[2025-06-01T18:10:24.527+0200] {logging_mixin.py:154} INFO - [2025-06-01T18:10:24.527+0200] {dag.py:3722} INFO - Setting next_dagrun for example_setup_teardown_taskflow to 2025-05-31T16:10:24.527288+00:00, run_after=2025-06-01T16:10:24.527288+00:00
[2025-06-01T18:10:24.543+0200] {processor.py:179} INFO - Processing /home/lohit/miniconda3/envs/airflow-env/lib/python3.8/site-packages/airflow/example_dags/example_setup_teardown_taskflow.py took 0.050 seconds
[2025-06-01T18:11:12.636+0200] {processor.py:157} INFO - Started process (PID=28773) to work on /home/lohit/miniconda3/envs/airflow-env/lib/python3.8/site-packages/airflow/example_dags/example_setup_teardown_taskflow.py
[2025-06-01T18:11:12.639+0200] {processor.py:829} INFO - Processing file /home/lohit/miniconda3/envs/airflow-env/lib/python3.8/site-packages/airflow/example_dags/example_setup_teardown_taskflow.py for tasks to queue
[2025-06-01T18:11:12.640+0200] {logging_mixin.py:154} INFO - [2025-06-01T18:11:12.639+0200] {dagbag.py:536} INFO - Filling up the DagBag from /home/lohit/miniconda3/envs/airflow-env/lib/python3.8/site-packages/airflow/example_dags/example_setup_teardown_taskflow.py
[2025-06-01T18:11:12.646+0200] {processor.py:839} INFO - DAG(s) dict_keys(['example_setup_teardown_taskflow']) retrieved from /home/lohit/miniconda3/envs/airflow-env/lib/python3.8/site-packages/airflow/example_dags/example_setup_teardown_taskflow.py
[2025-06-01T18:11:12.657+0200] {logging_mixin.py:154} INFO - [2025-06-01T18:11:12.657+0200] {dag.py:2941} INFO - Sync 1 DAGs
[2025-06-01T18:11:12.668+0200] {logging_mixin.py:154} INFO - [2025-06-01T18:11:12.668+0200] {dag.py:3722} INFO - Setting next_dagrun for example_setup_teardown_taskflow to 2025-05-31T16:11:12.667951+00:00, run_after=2025-06-01T16:11:12.667951+00:00
[2025-06-01T18:11:12.683+0200] {processor.py:179} INFO - Processing /home/lohit/miniconda3/envs/airflow-env/lib/python3.8/site-packages/airflow/example_dags/example_setup_teardown_taskflow.py took 0.050 seconds
[2025-06-01T18:12:03.900+0200] {processor.py:157} INFO - Started process (PID=28845) to work on /home/lohit/miniconda3/envs/airflow-env/lib/python3.8/site-packages/airflow/example_dags/example_setup_teardown_taskflow.py
[2025-06-01T18:12:03.903+0200] {processor.py:829} INFO - Processing file /home/lohit/miniconda3/envs/airflow-env/lib/python3.8/site-packages/airflow/example_dags/example_setup_teardown_taskflow.py for tasks to queue
[2025-06-01T18:12:03.904+0200] {logging_mixin.py:154} INFO - [2025-06-01T18:12:03.904+0200] {dagbag.py:536} INFO - Filling up the DagBag from /home/lohit/miniconda3/envs/airflow-env/lib/python3.8/site-packages/airflow/example_dags/example_setup_teardown_taskflow.py
[2025-06-01T18:12:03.911+0200] {processor.py:839} INFO - DAG(s) dict_keys(['example_setup_teardown_taskflow']) retrieved from /home/lohit/miniconda3/envs/airflow-env/lib/python3.8/site-packages/airflow/example_dags/example_setup_teardown_taskflow.py
[2025-06-01T18:12:03.920+0200] {logging_mixin.py:154} INFO - [2025-06-01T18:12:03.920+0200] {dag.py:2941} INFO - Sync 1 DAGs
[2025-06-01T18:12:03.932+0200] {logging_mixin.py:154} INFO - [2025-06-01T18:12:03.931+0200] {dag.py:3722} INFO - Setting next_dagrun for example_setup_teardown_taskflow to 2025-05-31T16:12:03.931729+00:00, run_after=2025-06-01T16:12:03.931729+00:00
[2025-06-01T18:12:03.949+0200] {processor.py:179} INFO - Processing /home/lohit/miniconda3/envs/airflow-env/lib/python3.8/site-packages/airflow/example_dags/example_setup_teardown_taskflow.py took 0.051 seconds
[2025-06-01T18:12:53.324+0200] {processor.py:157} INFO - Started process (PID=28925) to work on /home/lohit/miniconda3/envs/airflow-env/lib/python3.8/site-packages/airflow/example_dags/example_setup_teardown_taskflow.py
[2025-06-01T18:12:53.327+0200] {processor.py:829} INFO - Processing file /home/lohit/miniconda3/envs/airflow-env/lib/python3.8/site-packages/airflow/example_dags/example_setup_teardown_taskflow.py for tasks to queue
[2025-06-01T18:12:53.328+0200] {logging_mixin.py:154} INFO - [2025-06-01T18:12:53.328+0200] {dagbag.py:536} INFO - Filling up the DagBag from /home/lohit/miniconda3/envs/airflow-env/lib/python3.8/site-packages/airflow/example_dags/example_setup_teardown_taskflow.py
[2025-06-01T18:12:53.333+0200] {processor.py:839} INFO - DAG(s) dict_keys(['example_setup_teardown_taskflow']) retrieved from /home/lohit/miniconda3/envs/airflow-env/lib/python3.8/site-packages/airflow/example_dags/example_setup_teardown_taskflow.py
[2025-06-01T18:12:53.344+0200] {logging_mixin.py:154} INFO - [2025-06-01T18:12:53.344+0200] {dag.py:2941} INFO - Sync 1 DAGs
[2025-06-01T18:12:53.355+0200] {logging_mixin.py:154} INFO - [2025-06-01T18:12:53.354+0200] {dag.py:3722} INFO - Setting next_dagrun for example_setup_teardown_taskflow to 2025-05-31T16:12:53.354830+00:00, run_after=2025-06-01T16:12:53.354830+00:00
[2025-06-01T18:12:53.369+0200] {processor.py:179} INFO - Processing /home/lohit/miniconda3/envs/airflow-env/lib/python3.8/site-packages/airflow/example_dags/example_setup_teardown_taskflow.py took 0.047 seconds
[2025-06-01T18:13:40.400+0200] {processor.py:157} INFO - Started process (PID=28995) to work on /home/lohit/miniconda3/envs/airflow-env/lib/python3.8/site-packages/airflow/example_dags/example_setup_teardown_taskflow.py
[2025-06-01T18:13:40.404+0200] {processor.py:829} INFO - Processing file /home/lohit/miniconda3/envs/airflow-env/lib/python3.8/site-packages/airflow/example_dags/example_setup_teardown_taskflow.py for tasks to queue
[2025-06-01T18:13:40.404+0200] {logging_mixin.py:154} INFO - [2025-06-01T18:13:40.404+0200] {dagbag.py:536} INFO - Filling up the DagBag from /home/lohit/miniconda3/envs/airflow-env/lib/python3.8/site-packages/airflow/example_dags/example_setup_teardown_taskflow.py
[2025-06-01T18:13:40.410+0200] {processor.py:839} INFO - DAG(s) dict_keys(['example_setup_teardown_taskflow']) retrieved from /home/lohit/miniconda3/envs/airflow-env/lib/python3.8/site-packages/airflow/example_dags/example_setup_teardown_taskflow.py
[2025-06-01T18:13:40.420+0200] {logging_mixin.py:154} INFO - [2025-06-01T18:13:40.420+0200] {dag.py:2941} INFO - Sync 1 DAGs
[2025-06-01T18:13:40.430+0200] {logging_mixin.py:154} INFO - [2025-06-01T18:13:40.430+0200] {dag.py:3722} INFO - Setting next_dagrun for example_setup_teardown_taskflow to 2025-05-31T16:13:40.430636+00:00, run_after=2025-06-01T16:13:40.430636+00:00
[2025-06-01T18:13:40.447+0200] {processor.py:179} INFO - Processing /home/lohit/miniconda3/envs/airflow-env/lib/python3.8/site-packages/airflow/example_dags/example_setup_teardown_taskflow.py took 0.048 seconds
[2025-06-01T18:14:22.704+0200] {processor.py:157} INFO - Started process (PID=29063) to work on /home/lohit/miniconda3/envs/airflow-env/lib/python3.8/site-packages/airflow/example_dags/example_setup_teardown_taskflow.py
[2025-06-01T18:14:22.708+0200] {processor.py:829} INFO - Processing file /home/lohit/miniconda3/envs/airflow-env/lib/python3.8/site-packages/airflow/example_dags/example_setup_teardown_taskflow.py for tasks to queue
[2025-06-01T18:14:22.708+0200] {logging_mixin.py:154} INFO - [2025-06-01T18:14:22.708+0200] {dagbag.py:536} INFO - Filling up the DagBag from /home/lohit/miniconda3/envs/airflow-env/lib/python3.8/site-packages/airflow/example_dags/example_setup_teardown_taskflow.py
[2025-06-01T18:14:22.715+0200] {processor.py:839} INFO - DAG(s) dict_keys(['example_setup_teardown_taskflow']) retrieved from /home/lohit/miniconda3/envs/airflow-env/lib/python3.8/site-packages/airflow/example_dags/example_setup_teardown_taskflow.py
[2025-06-01T18:14:22.728+0200] {logging_mixin.py:154} INFO - [2025-06-01T18:14:22.728+0200] {dag.py:2941} INFO - Sync 1 DAGs
[2025-06-01T18:14:22.741+0200] {logging_mixin.py:154} INFO - [2025-06-01T18:14:22.741+0200] {dag.py:3722} INFO - Setting next_dagrun for example_setup_teardown_taskflow to 2025-05-31T16:14:22.740860+00:00, run_after=2025-06-01T16:14:22.740860+00:00
[2025-06-01T18:14:22.759+0200] {processor.py:179} INFO - Processing /home/lohit/miniconda3/envs/airflow-env/lib/python3.8/site-packages/airflow/example_dags/example_setup_teardown_taskflow.py took 0.057 seconds
[2025-06-01T18:15:10.774+0200] {processor.py:157} INFO - Started process (PID=29133) to work on /home/lohit/miniconda3/envs/airflow-env/lib/python3.8/site-packages/airflow/example_dags/example_setup_teardown_taskflow.py
[2025-06-01T18:15:10.777+0200] {processor.py:829} INFO - Processing file /home/lohit/miniconda3/envs/airflow-env/lib/python3.8/site-packages/airflow/example_dags/example_setup_teardown_taskflow.py for tasks to queue
[2025-06-01T18:15:10.778+0200] {logging_mixin.py:154} INFO - [2025-06-01T18:15:10.778+0200] {dagbag.py:536} INFO - Filling up the DagBag from /home/lohit/miniconda3/envs/airflow-env/lib/python3.8/site-packages/airflow/example_dags/example_setup_teardown_taskflow.py
[2025-06-01T18:15:10.784+0200] {processor.py:839} INFO - DAG(s) dict_keys(['example_setup_teardown_taskflow']) retrieved from /home/lohit/miniconda3/envs/airflow-env/lib/python3.8/site-packages/airflow/example_dags/example_setup_teardown_taskflow.py
[2025-06-01T18:15:10.795+0200] {logging_mixin.py:154} INFO - [2025-06-01T18:15:10.795+0200] {dag.py:2941} INFO - Sync 1 DAGs
[2025-06-01T18:15:10.807+0200] {logging_mixin.py:154} INFO - [2025-06-01T18:15:10.807+0200] {dag.py:3722} INFO - Setting next_dagrun for example_setup_teardown_taskflow to 2025-05-31T16:15:10.806921+00:00, run_after=2025-06-01T16:15:10.806921+00:00
[2025-06-01T18:15:10.824+0200] {processor.py:179} INFO - Processing /home/lohit/miniconda3/envs/airflow-env/lib/python3.8/site-packages/airflow/example_dags/example_setup_teardown_taskflow.py took 0.053 seconds
[2025-06-01T18:16:00.264+0200] {processor.py:157} INFO - Started process (PID=29205) to work on /home/lohit/miniconda3/envs/airflow-env/lib/python3.8/site-packages/airflow/example_dags/example_setup_teardown_taskflow.py
[2025-06-01T18:16:00.268+0200] {processor.py:829} INFO - Processing file /home/lohit/miniconda3/envs/airflow-env/lib/python3.8/site-packages/airflow/example_dags/example_setup_teardown_taskflow.py for tasks to queue
[2025-06-01T18:16:00.268+0200] {logging_mixin.py:154} INFO - [2025-06-01T18:16:00.268+0200] {dagbag.py:536} INFO - Filling up the DagBag from /home/lohit/miniconda3/envs/airflow-env/lib/python3.8/site-packages/airflow/example_dags/example_setup_teardown_taskflow.py
[2025-06-01T18:16:00.276+0200] {processor.py:839} INFO - DAG(s) dict_keys(['example_setup_teardown_taskflow']) retrieved from /home/lohit/miniconda3/envs/airflow-env/lib/python3.8/site-packages/airflow/example_dags/example_setup_teardown_taskflow.py
[2025-06-01T18:16:00.286+0200] {logging_mixin.py:154} INFO - [2025-06-01T18:16:00.286+0200] {dag.py:2941} INFO - Sync 1 DAGs
[2025-06-01T18:16:00.298+0200] {logging_mixin.py:154} INFO - [2025-06-01T18:16:00.298+0200] {dag.py:3722} INFO - Setting next_dagrun for example_setup_teardown_taskflow to 2025-05-31T16:16:00.297920+00:00, run_after=2025-06-01T16:16:00.297920+00:00
[2025-06-01T18:16:00.317+0200] {processor.py:179} INFO - Processing /home/lohit/miniconda3/envs/airflow-env/lib/python3.8/site-packages/airflow/example_dags/example_setup_teardown_taskflow.py took 0.056 seconds
[2025-06-01T18:16:48.763+0200] {processor.py:157} INFO - Started process (PID=29277) to work on /home/lohit/miniconda3/envs/airflow-env/lib/python3.8/site-packages/airflow/example_dags/example_setup_teardown_taskflow.py
[2025-06-01T18:16:48.767+0200] {processor.py:829} INFO - Processing file /home/lohit/miniconda3/envs/airflow-env/lib/python3.8/site-packages/airflow/example_dags/example_setup_teardown_taskflow.py for tasks to queue
[2025-06-01T18:16:48.767+0200] {logging_mixin.py:154} INFO - [2025-06-01T18:16:48.767+0200] {dagbag.py:536} INFO - Filling up the DagBag from /home/lohit/miniconda3/envs/airflow-env/lib/python3.8/site-packages/airflow/example_dags/example_setup_teardown_taskflow.py
[2025-06-01T18:16:48.773+0200] {processor.py:839} INFO - DAG(s) dict_keys(['example_setup_teardown_taskflow']) retrieved from /home/lohit/miniconda3/envs/airflow-env/lib/python3.8/site-packages/airflow/example_dags/example_setup_teardown_taskflow.py
[2025-06-01T18:16:48.782+0200] {logging_mixin.py:154} INFO - [2025-06-01T18:16:48.782+0200] {dag.py:2941} INFO - Sync 1 DAGs
[2025-06-01T18:16:48.792+0200] {logging_mixin.py:154} INFO - [2025-06-01T18:16:48.792+0200] {dag.py:3722} INFO - Setting next_dagrun for example_setup_teardown_taskflow to 2025-05-31T16:16:48.792628+00:00, run_after=2025-06-01T16:16:48.792628+00:00
[2025-06-01T18:16:48.809+0200] {processor.py:179} INFO - Processing /home/lohit/miniconda3/envs/airflow-env/lib/python3.8/site-packages/airflow/example_dags/example_setup_teardown_taskflow.py took 0.048 seconds
[2025-06-01T18:17:36.793+0200] {processor.py:157} INFO - Started process (PID=29351) to work on /home/lohit/miniconda3/envs/airflow-env/lib/python3.8/site-packages/airflow/example_dags/example_setup_teardown_taskflow.py
[2025-06-01T18:17:36.796+0200] {processor.py:829} INFO - Processing file /home/lohit/miniconda3/envs/airflow-env/lib/python3.8/site-packages/airflow/example_dags/example_setup_teardown_taskflow.py for tasks to queue
[2025-06-01T18:17:36.797+0200] {logging_mixin.py:154} INFO - [2025-06-01T18:17:36.797+0200] {dagbag.py:536} INFO - Filling up the DagBag from /home/lohit/miniconda3/envs/airflow-env/lib/python3.8/site-packages/airflow/example_dags/example_setup_teardown_taskflow.py
[2025-06-01T18:17:36.804+0200] {processor.py:839} INFO - DAG(s) dict_keys(['example_setup_teardown_taskflow']) retrieved from /home/lohit/miniconda3/envs/airflow-env/lib/python3.8/site-packages/airflow/example_dags/example_setup_teardown_taskflow.py
[2025-06-01T18:17:36.815+0200] {logging_mixin.py:154} INFO - [2025-06-01T18:17:36.814+0200] {dag.py:2941} INFO - Sync 1 DAGs
[2025-06-01T18:17:36.827+0200] {logging_mixin.py:154} INFO - [2025-06-01T18:17:36.827+0200] {dag.py:3722} INFO - Setting next_dagrun for example_setup_teardown_taskflow to 2025-05-31T16:17:36.826992+00:00, run_after=2025-06-01T16:17:36.826992+00:00
[2025-06-01T18:17:36.843+0200] {processor.py:179} INFO - Processing /home/lohit/miniconda3/envs/airflow-env/lib/python3.8/site-packages/airflow/example_dags/example_setup_teardown_taskflow.py took 0.053 seconds
[2025-06-01T18:18:19.694+0200] {processor.py:157} INFO - Started process (PID=29417) to work on /home/lohit/miniconda3/envs/airflow-env/lib/python3.8/site-packages/airflow/example_dags/example_setup_teardown_taskflow.py
[2025-06-01T18:18:19.696+0200] {processor.py:829} INFO - Processing file /home/lohit/miniconda3/envs/airflow-env/lib/python3.8/site-packages/airflow/example_dags/example_setup_teardown_taskflow.py for tasks to queue
[2025-06-01T18:18:19.696+0200] {logging_mixin.py:154} INFO - [2025-06-01T18:18:19.696+0200] {dagbag.py:536} INFO - Filling up the DagBag from /home/lohit/miniconda3/envs/airflow-env/lib/python3.8/site-packages/airflow/example_dags/example_setup_teardown_taskflow.py
[2025-06-01T18:18:19.703+0200] {processor.py:839} INFO - DAG(s) dict_keys(['example_setup_teardown_taskflow']) retrieved from /home/lohit/miniconda3/envs/airflow-env/lib/python3.8/site-packages/airflow/example_dags/example_setup_teardown_taskflow.py
[2025-06-01T18:18:19.713+0200] {logging_mixin.py:154} INFO - [2025-06-01T18:18:19.713+0200] {dag.py:2941} INFO - Sync 1 DAGs
[2025-06-01T18:18:19.725+0200] {logging_mixin.py:154} INFO - [2025-06-01T18:18:19.725+0200] {dag.py:3722} INFO - Setting next_dagrun for example_setup_teardown_taskflow to 2025-05-31T16:18:19.725197+00:00, run_after=2025-06-01T16:18:19.725197+00:00
[2025-06-01T18:18:19.740+0200] {processor.py:179} INFO - Processing /home/lohit/miniconda3/envs/airflow-env/lib/python3.8/site-packages/airflow/example_dags/example_setup_teardown_taskflow.py took 0.048 seconds
[2025-06-01T18:19:05.999+0200] {processor.py:157} INFO - Started process (PID=29486) to work on /home/lohit/miniconda3/envs/airflow-env/lib/python3.8/site-packages/airflow/example_dags/example_setup_teardown_taskflow.py
[2025-06-01T18:19:06.001+0200] {processor.py:829} INFO - Processing file /home/lohit/miniconda3/envs/airflow-env/lib/python3.8/site-packages/airflow/example_dags/example_setup_teardown_taskflow.py for tasks to queue
[2025-06-01T18:19:06.001+0200] {logging_mixin.py:154} INFO - [2025-06-01T18:19:06.001+0200] {dagbag.py:536} INFO - Filling up the DagBag from /home/lohit/miniconda3/envs/airflow-env/lib/python3.8/site-packages/airflow/example_dags/example_setup_teardown_taskflow.py
[2025-06-01T18:19:06.008+0200] {processor.py:839} INFO - DAG(s) dict_keys(['example_setup_teardown_taskflow']) retrieved from /home/lohit/miniconda3/envs/airflow-env/lib/python3.8/site-packages/airflow/example_dags/example_setup_teardown_taskflow.py
[2025-06-01T18:19:06.019+0200] {logging_mixin.py:154} INFO - [2025-06-01T18:19:06.019+0200] {dag.py:2941} INFO - Sync 1 DAGs
[2025-06-01T18:19:06.032+0200] {logging_mixin.py:154} INFO - [2025-06-01T18:19:06.032+0200] {dag.py:3722} INFO - Setting next_dagrun for example_setup_teardown_taskflow to 2025-05-31T16:19:06.032099+00:00, run_after=2025-06-01T16:19:06.032099+00:00
[2025-06-01T18:19:06.048+0200] {processor.py:179} INFO - Processing /home/lohit/miniconda3/envs/airflow-env/lib/python3.8/site-packages/airflow/example_dags/example_setup_teardown_taskflow.py took 0.051 seconds
[2025-06-01T18:19:55.638+0200] {processor.py:157} INFO - Started process (PID=29558) to work on /home/lohit/miniconda3/envs/airflow-env/lib/python3.8/site-packages/airflow/example_dags/example_setup_teardown_taskflow.py
[2025-06-01T18:19:55.642+0200] {processor.py:829} INFO - Processing file /home/lohit/miniconda3/envs/airflow-env/lib/python3.8/site-packages/airflow/example_dags/example_setup_teardown_taskflow.py for tasks to queue
[2025-06-01T18:19:55.642+0200] {logging_mixin.py:154} INFO - [2025-06-01T18:19:55.642+0200] {dagbag.py:536} INFO - Filling up the DagBag from /home/lohit/miniconda3/envs/airflow-env/lib/python3.8/site-packages/airflow/example_dags/example_setup_teardown_taskflow.py
[2025-06-01T18:19:55.649+0200] {processor.py:839} INFO - DAG(s) dict_keys(['example_setup_teardown_taskflow']) retrieved from /home/lohit/miniconda3/envs/airflow-env/lib/python3.8/site-packages/airflow/example_dags/example_setup_teardown_taskflow.py
[2025-06-01T18:19:55.659+0200] {logging_mixin.py:154} INFO - [2025-06-01T18:19:55.659+0200] {dag.py:2941} INFO - Sync 1 DAGs
[2025-06-01T18:19:55.673+0200] {logging_mixin.py:154} INFO - [2025-06-01T18:19:55.673+0200] {dag.py:3722} INFO - Setting next_dagrun for example_setup_teardown_taskflow to 2025-05-31T16:19:55.673178+00:00, run_after=2025-06-01T16:19:55.673178+00:00
[2025-06-01T18:19:55.689+0200] {processor.py:179} INFO - Processing /home/lohit/miniconda3/envs/airflow-env/lib/python3.8/site-packages/airflow/example_dags/example_setup_teardown_taskflow.py took 0.053 seconds
[2025-06-01T18:20:43.944+0200] {processor.py:157} INFO - Started process (PID=29628) to work on /home/lohit/miniconda3/envs/airflow-env/lib/python3.8/site-packages/airflow/example_dags/example_setup_teardown_taskflow.py
[2025-06-01T18:20:43.947+0200] {processor.py:829} INFO - Processing file /home/lohit/miniconda3/envs/airflow-env/lib/python3.8/site-packages/airflow/example_dags/example_setup_teardown_taskflow.py for tasks to queue
[2025-06-01T18:20:43.948+0200] {logging_mixin.py:154} INFO - [2025-06-01T18:20:43.947+0200] {dagbag.py:536} INFO - Filling up the DagBag from /home/lohit/miniconda3/envs/airflow-env/lib/python3.8/site-packages/airflow/example_dags/example_setup_teardown_taskflow.py
[2025-06-01T18:20:43.954+0200] {processor.py:839} INFO - DAG(s) dict_keys(['example_setup_teardown_taskflow']) retrieved from /home/lohit/miniconda3/envs/airflow-env/lib/python3.8/site-packages/airflow/example_dags/example_setup_teardown_taskflow.py
[2025-06-01T18:20:43.964+0200] {logging_mixin.py:154} INFO - [2025-06-01T18:20:43.963+0200] {dag.py:2941} INFO - Sync 1 DAGs
[2025-06-01T18:20:43.974+0200] {logging_mixin.py:154} INFO - [2025-06-01T18:20:43.974+0200] {dag.py:3722} INFO - Setting next_dagrun for example_setup_teardown_taskflow to 2025-05-31T16:20:43.974493+00:00, run_after=2025-06-01T16:20:43.974493+00:00
[2025-06-01T18:20:43.989+0200] {processor.py:179} INFO - Processing /home/lohit/miniconda3/envs/airflow-env/lib/python3.8/site-packages/airflow/example_dags/example_setup_teardown_taskflow.py took 0.047 seconds
[2025-06-01T18:21:31.787+0200] {processor.py:157} INFO - Started process (PID=29699) to work on /home/lohit/miniconda3/envs/airflow-env/lib/python3.8/site-packages/airflow/example_dags/example_setup_teardown_taskflow.py
[2025-06-01T18:21:31.790+0200] {processor.py:829} INFO - Processing file /home/lohit/miniconda3/envs/airflow-env/lib/python3.8/site-packages/airflow/example_dags/example_setup_teardown_taskflow.py for tasks to queue
[2025-06-01T18:21:31.790+0200] {logging_mixin.py:154} INFO - [2025-06-01T18:21:31.790+0200] {dagbag.py:536} INFO - Filling up the DagBag from /home/lohit/miniconda3/envs/airflow-env/lib/python3.8/site-packages/airflow/example_dags/example_setup_teardown_taskflow.py
[2025-06-01T18:21:31.796+0200] {processor.py:839} INFO - DAG(s) dict_keys(['example_setup_teardown_taskflow']) retrieved from /home/lohit/miniconda3/envs/airflow-env/lib/python3.8/site-packages/airflow/example_dags/example_setup_teardown_taskflow.py
[2025-06-01T18:21:31.806+0200] {logging_mixin.py:154} INFO - [2025-06-01T18:21:31.806+0200] {dag.py:2941} INFO - Sync 1 DAGs
[2025-06-01T18:21:31.816+0200] {logging_mixin.py:154} INFO - [2025-06-01T18:21:31.816+0200] {dag.py:3722} INFO - Setting next_dagrun for example_setup_teardown_taskflow to 2025-05-31T16:21:31.816384+00:00, run_after=2025-06-01T16:21:31.816384+00:00
[2025-06-01T18:21:31.835+0200] {processor.py:179} INFO - Processing /home/lohit/miniconda3/envs/airflow-env/lib/python3.8/site-packages/airflow/example_dags/example_setup_teardown_taskflow.py took 0.050 seconds
[2025-06-01T18:22:17.859+0200] {processor.py:157} INFO - Started process (PID=29769) to work on /home/lohit/miniconda3/envs/airflow-env/lib/python3.8/site-packages/airflow/example_dags/example_setup_teardown_taskflow.py
[2025-06-01T18:22:17.861+0200] {processor.py:829} INFO - Processing file /home/lohit/miniconda3/envs/airflow-env/lib/python3.8/site-packages/airflow/example_dags/example_setup_teardown_taskflow.py for tasks to queue
[2025-06-01T18:22:17.861+0200] {logging_mixin.py:154} INFO - [2025-06-01T18:22:17.861+0200] {dagbag.py:536} INFO - Filling up the DagBag from /home/lohit/miniconda3/envs/airflow-env/lib/python3.8/site-packages/airflow/example_dags/example_setup_teardown_taskflow.py
[2025-06-01T18:22:17.867+0200] {processor.py:839} INFO - DAG(s) dict_keys(['example_setup_teardown_taskflow']) retrieved from /home/lohit/miniconda3/envs/airflow-env/lib/python3.8/site-packages/airflow/example_dags/example_setup_teardown_taskflow.py
[2025-06-01T18:22:17.876+0200] {logging_mixin.py:154} INFO - [2025-06-01T18:22:17.876+0200] {dag.py:2941} INFO - Sync 1 DAGs
[2025-06-01T18:22:17.887+0200] {logging_mixin.py:154} INFO - [2025-06-01T18:22:17.887+0200] {dag.py:3722} INFO - Setting next_dagrun for example_setup_teardown_taskflow to 2025-05-31T16:22:17.887087+00:00, run_after=2025-06-01T16:22:17.887087+00:00
[2025-06-01T18:22:17.904+0200] {processor.py:179} INFO - Processing /home/lohit/miniconda3/envs/airflow-env/lib/python3.8/site-packages/airflow/example_dags/example_setup_teardown_taskflow.py took 0.047 seconds
[2025-06-01T18:23:05.872+0200] {processor.py:157} INFO - Started process (PID=29839) to work on /home/lohit/miniconda3/envs/airflow-env/lib/python3.8/site-packages/airflow/example_dags/example_setup_teardown_taskflow.py
[2025-06-01T18:23:05.874+0200] {processor.py:829} INFO - Processing file /home/lohit/miniconda3/envs/airflow-env/lib/python3.8/site-packages/airflow/example_dags/example_setup_teardown_taskflow.py for tasks to queue
[2025-06-01T18:23:05.874+0200] {logging_mixin.py:154} INFO - [2025-06-01T18:23:05.874+0200] {dagbag.py:536} INFO - Filling up the DagBag from /home/lohit/miniconda3/envs/airflow-env/lib/python3.8/site-packages/airflow/example_dags/example_setup_teardown_taskflow.py
[2025-06-01T18:23:05.882+0200] {processor.py:839} INFO - DAG(s) dict_keys(['example_setup_teardown_taskflow']) retrieved from /home/lohit/miniconda3/envs/airflow-env/lib/python3.8/site-packages/airflow/example_dags/example_setup_teardown_taskflow.py
[2025-06-01T18:23:05.893+0200] {logging_mixin.py:154} INFO - [2025-06-01T18:23:05.893+0200] {dag.py:2941} INFO - Sync 1 DAGs
[2025-06-01T18:23:05.907+0200] {logging_mixin.py:154} INFO - [2025-06-01T18:23:05.906+0200] {dag.py:3722} INFO - Setting next_dagrun for example_setup_teardown_taskflow to 2025-05-31T16:23:05.906697+00:00, run_after=2025-06-01T16:23:05.906697+00:00
[2025-06-01T18:23:05.922+0200] {processor.py:179} INFO - Processing /home/lohit/miniconda3/envs/airflow-env/lib/python3.8/site-packages/airflow/example_dags/example_setup_teardown_taskflow.py took 0.052 seconds
[2025-06-01T18:23:55.923+0200] {processor.py:157} INFO - Started process (PID=29911) to work on /home/lohit/miniconda3/envs/airflow-env/lib/python3.8/site-packages/airflow/example_dags/example_setup_teardown_taskflow.py
[2025-06-01T18:23:55.926+0200] {processor.py:829} INFO - Processing file /home/lohit/miniconda3/envs/airflow-env/lib/python3.8/site-packages/airflow/example_dags/example_setup_teardown_taskflow.py for tasks to queue
[2025-06-01T18:23:55.927+0200] {logging_mixin.py:154} INFO - [2025-06-01T18:23:55.926+0200] {dagbag.py:536} INFO - Filling up the DagBag from /home/lohit/miniconda3/envs/airflow-env/lib/python3.8/site-packages/airflow/example_dags/example_setup_teardown_taskflow.py
[2025-06-01T18:23:55.933+0200] {processor.py:839} INFO - DAG(s) dict_keys(['example_setup_teardown_taskflow']) retrieved from /home/lohit/miniconda3/envs/airflow-env/lib/python3.8/site-packages/airflow/example_dags/example_setup_teardown_taskflow.py
[2025-06-01T18:23:55.943+0200] {logging_mixin.py:154} INFO - [2025-06-01T18:23:55.943+0200] {dag.py:2941} INFO - Sync 1 DAGs
[2025-06-01T18:23:55.958+0200] {logging_mixin.py:154} INFO - [2025-06-01T18:23:55.958+0200] {dag.py:3722} INFO - Setting next_dagrun for example_setup_teardown_taskflow to 2025-05-31T16:23:55.957968+00:00, run_after=2025-06-01T16:23:55.957968+00:00
[2025-06-01T18:23:55.975+0200] {processor.py:179} INFO - Processing /home/lohit/miniconda3/envs/airflow-env/lib/python3.8/site-packages/airflow/example_dags/example_setup_teardown_taskflow.py took 0.055 seconds
[2025-06-01T18:24:40.862+0200] {processor.py:157} INFO - Started process (PID=29979) to work on /home/lohit/miniconda3/envs/airflow-env/lib/python3.8/site-packages/airflow/example_dags/example_setup_teardown_taskflow.py
[2025-06-01T18:24:40.864+0200] {processor.py:829} INFO - Processing file /home/lohit/miniconda3/envs/airflow-env/lib/python3.8/site-packages/airflow/example_dags/example_setup_teardown_taskflow.py for tasks to queue
[2025-06-01T18:24:40.865+0200] {logging_mixin.py:154} INFO - [2025-06-01T18:24:40.864+0200] {dagbag.py:536} INFO - Filling up the DagBag from /home/lohit/miniconda3/envs/airflow-env/lib/python3.8/site-packages/airflow/example_dags/example_setup_teardown_taskflow.py
[2025-06-01T18:24:40.872+0200] {processor.py:839} INFO - DAG(s) dict_keys(['example_setup_teardown_taskflow']) retrieved from /home/lohit/miniconda3/envs/airflow-env/lib/python3.8/site-packages/airflow/example_dags/example_setup_teardown_taskflow.py
[2025-06-01T18:24:40.883+0200] {logging_mixin.py:154} INFO - [2025-06-01T18:24:40.883+0200] {dag.py:2941} INFO - Sync 1 DAGs
[2025-06-01T18:24:40.896+0200] {logging_mixin.py:154} INFO - [2025-06-01T18:24:40.896+0200] {dag.py:3722} INFO - Setting next_dagrun for example_setup_teardown_taskflow to 2025-05-31T16:24:40.895849+00:00, run_after=2025-06-01T16:24:40.895849+00:00
[2025-06-01T18:24:40.914+0200] {processor.py:179} INFO - Processing /home/lohit/miniconda3/envs/airflow-env/lib/python3.8/site-packages/airflow/example_dags/example_setup_teardown_taskflow.py took 0.054 seconds
[2025-06-01T18:25:29.987+0200] {processor.py:157} INFO - Started process (PID=30050) to work on /home/lohit/miniconda3/envs/airflow-env/lib/python3.8/site-packages/airflow/example_dags/example_setup_teardown_taskflow.py
[2025-06-01T18:25:29.991+0200] {processor.py:829} INFO - Processing file /home/lohit/miniconda3/envs/airflow-env/lib/python3.8/site-packages/airflow/example_dags/example_setup_teardown_taskflow.py for tasks to queue
[2025-06-01T18:25:29.991+0200] {logging_mixin.py:154} INFO - [2025-06-01T18:25:29.991+0200] {dagbag.py:536} INFO - Filling up the DagBag from /home/lohit/miniconda3/envs/airflow-env/lib/python3.8/site-packages/airflow/example_dags/example_setup_teardown_taskflow.py
[2025-06-01T18:25:29.997+0200] {processor.py:839} INFO - DAG(s) dict_keys(['example_setup_teardown_taskflow']) retrieved from /home/lohit/miniconda3/envs/airflow-env/lib/python3.8/site-packages/airflow/example_dags/example_setup_teardown_taskflow.py
[2025-06-01T18:25:30.007+0200] {logging_mixin.py:154} INFO - [2025-06-01T18:25:30.007+0200] {dag.py:2941} INFO - Sync 1 DAGs
[2025-06-01T18:25:30.021+0200] {logging_mixin.py:154} INFO - [2025-06-01T18:25:30.020+0200] {dag.py:3722} INFO - Setting next_dagrun for example_setup_teardown_taskflow to 2025-05-31T16:25:30.020691+00:00, run_after=2025-06-01T16:25:30.020691+00:00
[2025-06-01T18:25:30.037+0200] {processor.py:179} INFO - Processing /home/lohit/miniconda3/envs/airflow-env/lib/python3.8/site-packages/airflow/example_dags/example_setup_teardown_taskflow.py took 0.052 seconds
[2025-06-01T18:26:14.705+0200] {processor.py:157} INFO - Started process (PID=30120) to work on /home/lohit/miniconda3/envs/airflow-env/lib/python3.8/site-packages/airflow/example_dags/example_setup_teardown_taskflow.py
[2025-06-01T18:26:14.708+0200] {processor.py:829} INFO - Processing file /home/lohit/miniconda3/envs/airflow-env/lib/python3.8/site-packages/airflow/example_dags/example_setup_teardown_taskflow.py for tasks to queue
[2025-06-01T18:26:14.709+0200] {logging_mixin.py:154} INFO - [2025-06-01T18:26:14.709+0200] {dagbag.py:536} INFO - Filling up the DagBag from /home/lohit/miniconda3/envs/airflow-env/lib/python3.8/site-packages/airflow/example_dags/example_setup_teardown_taskflow.py
[2025-06-01T18:26:14.717+0200] {processor.py:839} INFO - DAG(s) dict_keys(['example_setup_teardown_taskflow']) retrieved from /home/lohit/miniconda3/envs/airflow-env/lib/python3.8/site-packages/airflow/example_dags/example_setup_teardown_taskflow.py
[2025-06-01T18:26:14.727+0200] {logging_mixin.py:154} INFO - [2025-06-01T18:26:14.727+0200] {dag.py:2941} INFO - Sync 1 DAGs
[2025-06-01T18:26:14.739+0200] {logging_mixin.py:154} INFO - [2025-06-01T18:26:14.739+0200] {dag.py:3722} INFO - Setting next_dagrun for example_setup_teardown_taskflow to 2025-05-31T16:26:14.739232+00:00, run_after=2025-06-01T16:26:14.739232+00:00
[2025-06-01T18:26:14.755+0200] {processor.py:179} INFO - Processing /home/lohit/miniconda3/envs/airflow-env/lib/python3.8/site-packages/airflow/example_dags/example_setup_teardown_taskflow.py took 0.052 seconds
[2025-06-01T18:27:03.726+0200] {processor.py:157} INFO - Started process (PID=30192) to work on /home/lohit/miniconda3/envs/airflow-env/lib/python3.8/site-packages/airflow/example_dags/example_setup_teardown_taskflow.py
[2025-06-01T18:27:03.729+0200] {processor.py:829} INFO - Processing file /home/lohit/miniconda3/envs/airflow-env/lib/python3.8/site-packages/airflow/example_dags/example_setup_teardown_taskflow.py for tasks to queue
[2025-06-01T18:27:03.730+0200] {logging_mixin.py:154} INFO - [2025-06-01T18:27:03.730+0200] {dagbag.py:536} INFO - Filling up the DagBag from /home/lohit/miniconda3/envs/airflow-env/lib/python3.8/site-packages/airflow/example_dags/example_setup_teardown_taskflow.py
[2025-06-01T18:27:03.735+0200] {processor.py:839} INFO - DAG(s) dict_keys(['example_setup_teardown_taskflow']) retrieved from /home/lohit/miniconda3/envs/airflow-env/lib/python3.8/site-packages/airflow/example_dags/example_setup_teardown_taskflow.py
[2025-06-01T18:27:03.745+0200] {logging_mixin.py:154} INFO - [2025-06-01T18:27:03.745+0200] {dag.py:2941} INFO - Sync 1 DAGs
[2025-06-01T18:27:03.756+0200] {logging_mixin.py:154} INFO - [2025-06-01T18:27:03.756+0200] {dag.py:3722} INFO - Setting next_dagrun for example_setup_teardown_taskflow to 2025-05-31T16:27:03.756184+00:00, run_after=2025-06-01T16:27:03.756184+00:00
[2025-06-01T18:27:03.773+0200] {processor.py:179} INFO - Processing /home/lohit/miniconda3/envs/airflow-env/lib/python3.8/site-packages/airflow/example_dags/example_setup_teardown_taskflow.py took 0.049 seconds
[2025-06-01T18:27:48.710+0200] {processor.py:157} INFO - Started process (PID=30260) to work on /home/lohit/miniconda3/envs/airflow-env/lib/python3.8/site-packages/airflow/example_dags/example_setup_teardown_taskflow.py
[2025-06-01T18:27:48.713+0200] {processor.py:829} INFO - Processing file /home/lohit/miniconda3/envs/airflow-env/lib/python3.8/site-packages/airflow/example_dags/example_setup_teardown_taskflow.py for tasks to queue
[2025-06-01T18:27:48.713+0200] {logging_mixin.py:154} INFO - [2025-06-01T18:27:48.713+0200] {dagbag.py:536} INFO - Filling up the DagBag from /home/lohit/miniconda3/envs/airflow-env/lib/python3.8/site-packages/airflow/example_dags/example_setup_teardown_taskflow.py
[2025-06-01T18:27:48.720+0200] {processor.py:839} INFO - DAG(s) dict_keys(['example_setup_teardown_taskflow']) retrieved from /home/lohit/miniconda3/envs/airflow-env/lib/python3.8/site-packages/airflow/example_dags/example_setup_teardown_taskflow.py
[2025-06-01T18:27:48.731+0200] {logging_mixin.py:154} INFO - [2025-06-01T18:27:48.730+0200] {dag.py:2941} INFO - Sync 1 DAGs
[2025-06-01T18:27:48.743+0200] {logging_mixin.py:154} INFO - [2025-06-01T18:27:48.742+0200] {dag.py:3722} INFO - Setting next_dagrun for example_setup_teardown_taskflow to 2025-05-31T16:27:48.742785+00:00, run_after=2025-06-01T16:27:48.742785+00:00
[2025-06-01T18:27:48.757+0200] {processor.py:179} INFO - Processing /home/lohit/miniconda3/envs/airflow-env/lib/python3.8/site-packages/airflow/example_dags/example_setup_teardown_taskflow.py took 0.050 seconds
[2025-06-01T18:28:38.493+0200] {processor.py:157} INFO - Started process (PID=30332) to work on /home/lohit/miniconda3/envs/airflow-env/lib/python3.8/site-packages/airflow/example_dags/example_setup_teardown_taskflow.py
[2025-06-01T18:28:38.495+0200] {processor.py:829} INFO - Processing file /home/lohit/miniconda3/envs/airflow-env/lib/python3.8/site-packages/airflow/example_dags/example_setup_teardown_taskflow.py for tasks to queue
[2025-06-01T18:28:38.495+0200] {logging_mixin.py:154} INFO - [2025-06-01T18:28:38.495+0200] {dagbag.py:536} INFO - Filling up the DagBag from /home/lohit/miniconda3/envs/airflow-env/lib/python3.8/site-packages/airflow/example_dags/example_setup_teardown_taskflow.py
[2025-06-01T18:28:38.501+0200] {processor.py:839} INFO - DAG(s) dict_keys(['example_setup_teardown_taskflow']) retrieved from /home/lohit/miniconda3/envs/airflow-env/lib/python3.8/site-packages/airflow/example_dags/example_setup_teardown_taskflow.py
[2025-06-01T18:28:38.510+0200] {logging_mixin.py:154} INFO - [2025-06-01T18:28:38.509+0200] {dag.py:2941} INFO - Sync 1 DAGs
[2025-06-01T18:28:38.520+0200] {logging_mixin.py:154} INFO - [2025-06-01T18:28:38.519+0200] {dag.py:3722} INFO - Setting next_dagrun for example_setup_teardown_taskflow to 2025-05-31T16:28:38.519820+00:00, run_after=2025-06-01T16:28:38.519820+00:00
[2025-06-01T18:28:38.534+0200] {processor.py:179} INFO - Processing /home/lohit/miniconda3/envs/airflow-env/lib/python3.8/site-packages/airflow/example_dags/example_setup_teardown_taskflow.py took 0.043 seconds
[2025-06-01T18:29:22.821+0200] {processor.py:157} INFO - Started process (PID=30400) to work on /home/lohit/miniconda3/envs/airflow-env/lib/python3.8/site-packages/airflow/example_dags/example_setup_teardown_taskflow.py
[2025-06-01T18:29:22.825+0200] {processor.py:829} INFO - Processing file /home/lohit/miniconda3/envs/airflow-env/lib/python3.8/site-packages/airflow/example_dags/example_setup_teardown_taskflow.py for tasks to queue
[2025-06-01T18:29:22.825+0200] {logging_mixin.py:154} INFO - [2025-06-01T18:29:22.825+0200] {dagbag.py:536} INFO - Filling up the DagBag from /home/lohit/miniconda3/envs/airflow-env/lib/python3.8/site-packages/airflow/example_dags/example_setup_teardown_taskflow.py
[2025-06-01T18:29:22.831+0200] {processor.py:839} INFO - DAG(s) dict_keys(['example_setup_teardown_taskflow']) retrieved from /home/lohit/miniconda3/envs/airflow-env/lib/python3.8/site-packages/airflow/example_dags/example_setup_teardown_taskflow.py
[2025-06-01T18:29:22.843+0200] {logging_mixin.py:154} INFO - [2025-06-01T18:29:22.843+0200] {dag.py:2941} INFO - Sync 1 DAGs
[2025-06-01T18:29:22.855+0200] {logging_mixin.py:154} INFO - [2025-06-01T18:29:22.854+0200] {dag.py:3722} INFO - Setting next_dagrun for example_setup_teardown_taskflow to 2025-05-31T16:29:22.854571+00:00, run_after=2025-06-01T16:29:22.854571+00:00
[2025-06-01T18:29:22.872+0200] {processor.py:179} INFO - Processing /home/lohit/miniconda3/envs/airflow-env/lib/python3.8/site-packages/airflow/example_dags/example_setup_teardown_taskflow.py took 0.053 seconds
[2025-06-01T18:30:10.481+0200] {processor.py:157} INFO - Started process (PID=30471) to work on /home/lohit/miniconda3/envs/airflow-env/lib/python3.8/site-packages/airflow/example_dags/example_setup_teardown_taskflow.py
[2025-06-01T18:30:10.482+0200] {processor.py:829} INFO - Processing file /home/lohit/miniconda3/envs/airflow-env/lib/python3.8/site-packages/airflow/example_dags/example_setup_teardown_taskflow.py for tasks to queue
[2025-06-01T18:30:10.483+0200] {logging_mixin.py:154} INFO - [2025-06-01T18:30:10.483+0200] {dagbag.py:536} INFO - Filling up the DagBag from /home/lohit/miniconda3/envs/airflow-env/lib/python3.8/site-packages/airflow/example_dags/example_setup_teardown_taskflow.py
[2025-06-01T18:30:10.490+0200] {processor.py:839} INFO - DAG(s) dict_keys(['example_setup_teardown_taskflow']) retrieved from /home/lohit/miniconda3/envs/airflow-env/lib/python3.8/site-packages/airflow/example_dags/example_setup_teardown_taskflow.py
[2025-06-01T18:30:10.500+0200] {logging_mixin.py:154} INFO - [2025-06-01T18:30:10.500+0200] {dag.py:2941} INFO - Sync 1 DAGs
[2025-06-01T18:30:10.512+0200] {logging_mixin.py:154} INFO - [2025-06-01T18:30:10.511+0200] {dag.py:3722} INFO - Setting next_dagrun for example_setup_teardown_taskflow to 2025-05-31T16:30:10.511813+00:00, run_after=2025-06-01T16:30:10.511813+00:00
[2025-06-01T18:30:10.529+0200] {processor.py:179} INFO - Processing /home/lohit/miniconda3/envs/airflow-env/lib/python3.8/site-packages/airflow/example_dags/example_setup_teardown_taskflow.py took 0.050 seconds
[2025-06-01T18:30:52.870+0200] {processor.py:157} INFO - Started process (PID=30537) to work on /home/lohit/miniconda3/envs/airflow-env/lib/python3.8/site-packages/airflow/example_dags/example_setup_teardown_taskflow.py
[2025-06-01T18:30:52.881+0200] {processor.py:829} INFO - Processing file /home/lohit/miniconda3/envs/airflow-env/lib/python3.8/site-packages/airflow/example_dags/example_setup_teardown_taskflow.py for tasks to queue
[2025-06-01T18:30:52.881+0200] {logging_mixin.py:154} INFO - [2025-06-01T18:30:52.881+0200] {dagbag.py:536} INFO - Filling up the DagBag from /home/lohit/miniconda3/envs/airflow-env/lib/python3.8/site-packages/airflow/example_dags/example_setup_teardown_taskflow.py
[2025-06-01T18:30:52.888+0200] {processor.py:839} INFO - DAG(s) dict_keys(['example_setup_teardown_taskflow']) retrieved from /home/lohit/miniconda3/envs/airflow-env/lib/python3.8/site-packages/airflow/example_dags/example_setup_teardown_taskflow.py
[2025-06-01T18:30:52.899+0200] {logging_mixin.py:154} INFO - [2025-06-01T18:30:52.899+0200] {dag.py:2941} INFO - Sync 1 DAGs
[2025-06-01T18:30:52.911+0200] {logging_mixin.py:154} INFO - [2025-06-01T18:30:52.910+0200] {dag.py:3722} INFO - Setting next_dagrun for example_setup_teardown_taskflow to 2025-05-31T16:30:52.910791+00:00, run_after=2025-06-01T16:30:52.910791+00:00
[2025-06-01T18:30:53.054+0200] {processor.py:179} INFO - Processing /home/lohit/miniconda3/envs/airflow-env/lib/python3.8/site-packages/airflow/example_dags/example_setup_teardown_taskflow.py took 0.186 seconds
[2025-06-01T18:31:38.587+0200] {processor.py:157} INFO - Started process (PID=30607) to work on /home/lohit/miniconda3/envs/airflow-env/lib/python3.8/site-packages/airflow/example_dags/example_setup_teardown_taskflow.py
[2025-06-01T18:31:38.591+0200] {processor.py:829} INFO - Processing file /home/lohit/miniconda3/envs/airflow-env/lib/python3.8/site-packages/airflow/example_dags/example_setup_teardown_taskflow.py for tasks to queue
[2025-06-01T18:31:38.591+0200] {logging_mixin.py:154} INFO - [2025-06-01T18:31:38.591+0200] {dagbag.py:536} INFO - Filling up the DagBag from /home/lohit/miniconda3/envs/airflow-env/lib/python3.8/site-packages/airflow/example_dags/example_setup_teardown_taskflow.py
[2025-06-01T18:31:38.597+0200] {processor.py:839} INFO - DAG(s) dict_keys(['example_setup_teardown_taskflow']) retrieved from /home/lohit/miniconda3/envs/airflow-env/lib/python3.8/site-packages/airflow/example_dags/example_setup_teardown_taskflow.py
[2025-06-01T18:31:38.608+0200] {logging_mixin.py:154} INFO - [2025-06-01T18:31:38.607+0200] {dag.py:2941} INFO - Sync 1 DAGs
[2025-06-01T18:31:38.619+0200] {logging_mixin.py:154} INFO - [2025-06-01T18:31:38.619+0200] {dag.py:3722} INFO - Setting next_dagrun for example_setup_teardown_taskflow to 2025-05-31T16:31:38.618926+00:00, run_after=2025-06-01T16:31:38.618926+00:00
[2025-06-01T18:31:38.635+0200] {processor.py:179} INFO - Processing /home/lohit/miniconda3/envs/airflow-env/lib/python3.8/site-packages/airflow/example_dags/example_setup_teardown_taskflow.py took 0.050 seconds
[2025-06-01T18:32:23.256+0200] {processor.py:157} INFO - Started process (PID=30675) to work on /home/lohit/miniconda3/envs/airflow-env/lib/python3.8/site-packages/airflow/example_dags/example_setup_teardown_taskflow.py
[2025-06-01T18:32:23.260+0200] {processor.py:829} INFO - Processing file /home/lohit/miniconda3/envs/airflow-env/lib/python3.8/site-packages/airflow/example_dags/example_setup_teardown_taskflow.py for tasks to queue
[2025-06-01T18:32:23.260+0200] {logging_mixin.py:154} INFO - [2025-06-01T18:32:23.260+0200] {dagbag.py:536} INFO - Filling up the DagBag from /home/lohit/miniconda3/envs/airflow-env/lib/python3.8/site-packages/airflow/example_dags/example_setup_teardown_taskflow.py
[2025-06-01T18:32:23.267+0200] {processor.py:839} INFO - DAG(s) dict_keys(['example_setup_teardown_taskflow']) retrieved from /home/lohit/miniconda3/envs/airflow-env/lib/python3.8/site-packages/airflow/example_dags/example_setup_teardown_taskflow.py
[2025-06-01T18:32:23.277+0200] {logging_mixin.py:154} INFO - [2025-06-01T18:32:23.277+0200] {dag.py:2941} INFO - Sync 1 DAGs
[2025-06-01T18:32:23.288+0200] {logging_mixin.py:154} INFO - [2025-06-01T18:32:23.288+0200] {dag.py:3722} INFO - Setting next_dagrun for example_setup_teardown_taskflow to 2025-05-31T16:32:23.288476+00:00, run_after=2025-06-01T16:32:23.288476+00:00
[2025-06-01T18:32:23.305+0200] {processor.py:179} INFO - Processing /home/lohit/miniconda3/envs/airflow-env/lib/python3.8/site-packages/airflow/example_dags/example_setup_teardown_taskflow.py took 0.051 seconds
[2025-06-01T18:33:08.076+0200] {processor.py:157} INFO - Started process (PID=30744) to work on /home/lohit/miniconda3/envs/airflow-env/lib/python3.8/site-packages/airflow/example_dags/example_setup_teardown_taskflow.py
[2025-06-01T18:33:08.079+0200] {processor.py:829} INFO - Processing file /home/lohit/miniconda3/envs/airflow-env/lib/python3.8/site-packages/airflow/example_dags/example_setup_teardown_taskflow.py for tasks to queue
[2025-06-01T18:33:08.080+0200] {logging_mixin.py:154} INFO - [2025-06-01T18:33:08.080+0200] {dagbag.py:536} INFO - Filling up the DagBag from /home/lohit/miniconda3/envs/airflow-env/lib/python3.8/site-packages/airflow/example_dags/example_setup_teardown_taskflow.py
[2025-06-01T18:33:08.086+0200] {processor.py:839} INFO - DAG(s) dict_keys(['example_setup_teardown_taskflow']) retrieved from /home/lohit/miniconda3/envs/airflow-env/lib/python3.8/site-packages/airflow/example_dags/example_setup_teardown_taskflow.py
[2025-06-01T18:33:08.097+0200] {logging_mixin.py:154} INFO - [2025-06-01T18:33:08.097+0200] {dag.py:2941} INFO - Sync 1 DAGs
[2025-06-01T18:33:08.111+0200] {logging_mixin.py:154} INFO - [2025-06-01T18:33:08.111+0200] {dag.py:3722} INFO - Setting next_dagrun for example_setup_teardown_taskflow to 2025-05-31T16:33:08.110886+00:00, run_after=2025-06-01T16:33:08.110886+00:00
[2025-06-01T18:33:08.126+0200] {processor.py:179} INFO - Processing /home/lohit/miniconda3/envs/airflow-env/lib/python3.8/site-packages/airflow/example_dags/example_setup_teardown_taskflow.py took 0.052 seconds
[2025-06-01T18:33:56.008+0200] {processor.py:157} INFO - Started process (PID=30814) to work on /home/lohit/miniconda3/envs/airflow-env/lib/python3.8/site-packages/airflow/example_dags/example_setup_teardown_taskflow.py
[2025-06-01T18:33:56.012+0200] {processor.py:829} INFO - Processing file /home/lohit/miniconda3/envs/airflow-env/lib/python3.8/site-packages/airflow/example_dags/example_setup_teardown_taskflow.py for tasks to queue
[2025-06-01T18:33:56.012+0200] {logging_mixin.py:154} INFO - [2025-06-01T18:33:56.012+0200] {dagbag.py:536} INFO - Filling up the DagBag from /home/lohit/miniconda3/envs/airflow-env/lib/python3.8/site-packages/airflow/example_dags/example_setup_teardown_taskflow.py
[2025-06-01T18:33:56.019+0200] {processor.py:839} INFO - DAG(s) dict_keys(['example_setup_teardown_taskflow']) retrieved from /home/lohit/miniconda3/envs/airflow-env/lib/python3.8/site-packages/airflow/example_dags/example_setup_teardown_taskflow.py
[2025-06-01T18:33:56.029+0200] {logging_mixin.py:154} INFO - [2025-06-01T18:33:56.029+0200] {dag.py:2941} INFO - Sync 1 DAGs
[2025-06-01T18:33:56.042+0200] {logging_mixin.py:154} INFO - [2025-06-01T18:33:56.041+0200] {dag.py:3722} INFO - Setting next_dagrun for example_setup_teardown_taskflow to 2025-05-31T16:33:56.041817+00:00, run_after=2025-06-01T16:33:56.041817+00:00
[2025-06-01T18:33:56.058+0200] {processor.py:179} INFO - Processing /home/lohit/miniconda3/envs/airflow-env/lib/python3.8/site-packages/airflow/example_dags/example_setup_teardown_taskflow.py took 0.052 seconds
[2025-06-01T18:34:44.425+0200] {processor.py:157} INFO - Started process (PID=31601) to work on /home/lohit/miniconda3/envs/airflow-env/lib/python3.8/site-packages/airflow/example_dags/example_setup_teardown_taskflow.py
[2025-06-01T18:34:44.429+0200] {processor.py:829} INFO - Processing file /home/lohit/miniconda3/envs/airflow-env/lib/python3.8/site-packages/airflow/example_dags/example_setup_teardown_taskflow.py for tasks to queue
[2025-06-01T18:34:44.429+0200] {logging_mixin.py:154} INFO - [2025-06-01T18:34:44.429+0200] {dagbag.py:536} INFO - Filling up the DagBag from /home/lohit/miniconda3/envs/airflow-env/lib/python3.8/site-packages/airflow/example_dags/example_setup_teardown_taskflow.py
[2025-06-01T18:34:44.435+0200] {processor.py:839} INFO - DAG(s) dict_keys(['example_setup_teardown_taskflow']) retrieved from /home/lohit/miniconda3/envs/airflow-env/lib/python3.8/site-packages/airflow/example_dags/example_setup_teardown_taskflow.py
[2025-06-01T18:34:44.446+0200] {logging_mixin.py:154} INFO - [2025-06-01T18:34:44.446+0200] {dag.py:2941} INFO - Sync 1 DAGs
[2025-06-01T18:34:44.459+0200] {logging_mixin.py:154} INFO - [2025-06-01T18:34:44.459+0200] {dag.py:3722} INFO - Setting next_dagrun for example_setup_teardown_taskflow to 2025-05-31T16:34:44.459625+00:00, run_after=2025-06-01T16:34:44.459625+00:00
[2025-06-01T18:34:44.476+0200] {processor.py:179} INFO - Processing /home/lohit/miniconda3/envs/airflow-env/lib/python3.8/site-packages/airflow/example_dags/example_setup_teardown_taskflow.py took 0.053 seconds
[2025-06-01T18:35:31.811+0200] {processor.py:157} INFO - Started process (PID=31670) to work on /home/lohit/miniconda3/envs/airflow-env/lib/python3.8/site-packages/airflow/example_dags/example_setup_teardown_taskflow.py
[2025-06-01T18:35:31.812+0200] {processor.py:829} INFO - Processing file /home/lohit/miniconda3/envs/airflow-env/lib/python3.8/site-packages/airflow/example_dags/example_setup_teardown_taskflow.py for tasks to queue
[2025-06-01T18:35:31.812+0200] {logging_mixin.py:154} INFO - [2025-06-01T18:35:31.812+0200] {dagbag.py:536} INFO - Filling up the DagBag from /home/lohit/miniconda3/envs/airflow-env/lib/python3.8/site-packages/airflow/example_dags/example_setup_teardown_taskflow.py
[2025-06-01T18:35:31.819+0200] {processor.py:839} INFO - DAG(s) dict_keys(['example_setup_teardown_taskflow']) retrieved from /home/lohit/miniconda3/envs/airflow-env/lib/python3.8/site-packages/airflow/example_dags/example_setup_teardown_taskflow.py
[2025-06-01T18:35:31.830+0200] {logging_mixin.py:154} INFO - [2025-06-01T18:35:31.830+0200] {dag.py:2941} INFO - Sync 1 DAGs
[2025-06-01T18:35:31.843+0200] {logging_mixin.py:154} INFO - [2025-06-01T18:35:31.843+0200] {dag.py:3722} INFO - Setting next_dagrun for example_setup_teardown_taskflow to 2025-05-31T16:35:31.843340+00:00, run_after=2025-06-01T16:35:31.843340+00:00
[2025-06-01T18:35:31.859+0200] {processor.py:179} INFO - Processing /home/lohit/miniconda3/envs/airflow-env/lib/python3.8/site-packages/airflow/example_dags/example_setup_teardown_taskflow.py took 0.050 seconds
