[2025-06-01T17:52:06.241+0200] {processor.py:157} INFO - Started process (PID=26883) to work on /home/lohit/miniconda3/envs/airflow-env/lib/python3.8/site-packages/airflow/example_dags/example_trigger_target_dag.py
[2025-06-01T17:52:06.242+0200] {processor.py:829} INFO - Processing file /home/lohit/miniconda3/envs/airflow-env/lib/python3.8/site-packages/airflow/example_dags/example_trigger_target_dag.py for tasks to queue
[2025-06-01T17:52:06.242+0200] {logging_mixin.py:154} INFO - [2025-06-01T17:52:06.242+0200] {dagbag.py:536} INFO - Filling up the DagBag from /home/lohit/miniconda3/envs/airflow-env/lib/python3.8/site-packages/airflow/example_dags/example_trigger_target_dag.py
[2025-06-01T17:52:06.246+0200] {processor.py:839} INFO - DAG(s) dict_keys(['example_trigger_target_dag']) retrieved from /home/lohit/miniconda3/envs/airflow-env/lib/python3.8/site-packages/airflow/example_dags/example_trigger_target_dag.py
[2025-06-01T17:52:06.257+0200] {logging_mixin.py:154} INFO - [2025-06-01T17:52:06.257+0200] {dag.py:2941} INFO - Sync 1 DAGs
[2025-06-01T17:52:06.264+0200] {logging_mixin.py:154} INFO - [2025-06-01T17:52:06.264+0200] {dag.py:3722} INFO - Setting next_dagrun for example_trigger_target_dag to None, run_after=None
[2025-06-01T17:52:06.278+0200] {processor.py:179} INFO - Processing /home/lohit/miniconda3/envs/airflow-env/lib/python3.8/site-packages/airflow/example_dags/example_trigger_target_dag.py took 0.040 seconds
[2025-06-01T17:53:31.290+0200] {processor.py:157} INFO - Started process (PID=27127) to work on /home/lohit/miniconda3/envs/airflow-env/lib/python3.8/site-packages/airflow/example_dags/example_trigger_target_dag.py
[2025-06-01T17:53:31.293+0200] {processor.py:829} INFO - Processing file /home/lohit/miniconda3/envs/airflow-env/lib/python3.8/site-packages/airflow/example_dags/example_trigger_target_dag.py for tasks to queue
[2025-06-01T17:53:31.294+0200] {logging_mixin.py:154} INFO - [2025-06-01T17:53:31.293+0200] {dagbag.py:536} INFO - Filling up the DagBag from /home/lohit/miniconda3/envs/airflow-env/lib/python3.8/site-packages/airflow/example_dags/example_trigger_target_dag.py
[2025-06-01T17:53:31.297+0200] {processor.py:839} INFO - DAG(s) dict_keys(['example_trigger_target_dag']) retrieved from /home/lohit/miniconda3/envs/airflow-env/lib/python3.8/site-packages/airflow/example_dags/example_trigger_target_dag.py
[2025-06-01T17:53:31.308+0200] {logging_mixin.py:154} INFO - [2025-06-01T17:53:31.308+0200] {dag.py:2941} INFO - Sync 1 DAGs
[2025-06-01T17:53:31.315+0200] {logging_mixin.py:154} INFO - [2025-06-01T17:53:31.315+0200] {dag.py:3722} INFO - Setting next_dagrun for example_trigger_target_dag to None, run_after=None
[2025-06-01T17:53:31.330+0200] {processor.py:179} INFO - Processing /home/lohit/miniconda3/envs/airflow-env/lib/python3.8/site-packages/airflow/example_dags/example_trigger_target_dag.py took 0.042 seconds
[2025-06-01T17:54:15.361+0200] {processor.py:157} INFO - Started process (PID=27195) to work on /home/lohit/miniconda3/envs/airflow-env/lib/python3.8/site-packages/airflow/example_dags/example_trigger_target_dag.py
[2025-06-01T17:54:15.362+0200] {processor.py:829} INFO - Processing file /home/lohit/miniconda3/envs/airflow-env/lib/python3.8/site-packages/airflow/example_dags/example_trigger_target_dag.py for tasks to queue
[2025-06-01T17:54:15.363+0200] {logging_mixin.py:154} INFO - [2025-06-01T17:54:15.363+0200] {dagbag.py:536} INFO - Filling up the DagBag from /home/lohit/miniconda3/envs/airflow-env/lib/python3.8/site-packages/airflow/example_dags/example_trigger_target_dag.py
[2025-06-01T17:54:15.367+0200] {processor.py:839} INFO - DAG(s) dict_keys(['example_trigger_target_dag']) retrieved from /home/lohit/miniconda3/envs/airflow-env/lib/python3.8/site-packages/airflow/example_dags/example_trigger_target_dag.py
[2025-06-01T17:54:15.378+0200] {logging_mixin.py:154} INFO - [2025-06-01T17:54:15.378+0200] {dag.py:2941} INFO - Sync 1 DAGs
[2025-06-01T17:54:15.386+0200] {logging_mixin.py:154} INFO - [2025-06-01T17:54:15.386+0200] {dag.py:3722} INFO - Setting next_dagrun for example_trigger_target_dag to None, run_after=None
[2025-06-01T17:54:15.400+0200] {processor.py:179} INFO - Processing /home/lohit/miniconda3/envs/airflow-env/lib/python3.8/site-packages/airflow/example_dags/example_trigger_target_dag.py took 0.041 seconds
[2025-06-01T17:54:59.343+0200] {processor.py:157} INFO - Started process (PID=27261) to work on /home/lohit/miniconda3/envs/airflow-env/lib/python3.8/site-packages/airflow/example_dags/example_trigger_target_dag.py
[2025-06-01T17:54:59.346+0200] {processor.py:829} INFO - Processing file /home/lohit/miniconda3/envs/airflow-env/lib/python3.8/site-packages/airflow/example_dags/example_trigger_target_dag.py for tasks to queue
[2025-06-01T17:54:59.347+0200] {logging_mixin.py:154} INFO - [2025-06-01T17:54:59.346+0200] {dagbag.py:536} INFO - Filling up the DagBag from /home/lohit/miniconda3/envs/airflow-env/lib/python3.8/site-packages/airflow/example_dags/example_trigger_target_dag.py
[2025-06-01T17:54:59.350+0200] {processor.py:839} INFO - DAG(s) dict_keys(['example_trigger_target_dag']) retrieved from /home/lohit/miniconda3/envs/airflow-env/lib/python3.8/site-packages/airflow/example_dags/example_trigger_target_dag.py
[2025-06-01T17:54:59.359+0200] {logging_mixin.py:154} INFO - [2025-06-01T17:54:59.359+0200] {dag.py:2941} INFO - Sync 1 DAGs
[2025-06-01T17:54:59.365+0200] {logging_mixin.py:154} INFO - [2025-06-01T17:54:59.365+0200] {dag.py:3722} INFO - Setting next_dagrun for example_trigger_target_dag to None, run_after=None
[2025-06-01T17:54:59.381+0200] {processor.py:179} INFO - Processing /home/lohit/miniconda3/envs/airflow-env/lib/python3.8/site-packages/airflow/example_dags/example_trigger_target_dag.py took 0.040 seconds
[2025-06-01T17:55:47.835+0200] {processor.py:157} INFO - Started process (PID=27331) to work on /home/lohit/miniconda3/envs/airflow-env/lib/python3.8/site-packages/airflow/example_dags/example_trigger_target_dag.py
[2025-06-01T17:55:47.836+0200] {processor.py:829} INFO - Processing file /home/lohit/miniconda3/envs/airflow-env/lib/python3.8/site-packages/airflow/example_dags/example_trigger_target_dag.py for tasks to queue
[2025-06-01T17:55:47.836+0200] {logging_mixin.py:154} INFO - [2025-06-01T17:55:47.836+0200] {dagbag.py:536} INFO - Filling up the DagBag from /home/lohit/miniconda3/envs/airflow-env/lib/python3.8/site-packages/airflow/example_dags/example_trigger_target_dag.py
[2025-06-01T17:55:47.840+0200] {processor.py:839} INFO - DAG(s) dict_keys(['example_trigger_target_dag']) retrieved from /home/lohit/miniconda3/envs/airflow-env/lib/python3.8/site-packages/airflow/example_dags/example_trigger_target_dag.py
[2025-06-01T17:55:47.849+0200] {logging_mixin.py:154} INFO - [2025-06-01T17:55:47.849+0200] {dag.py:2941} INFO - Sync 1 DAGs
[2025-06-01T17:55:47.856+0200] {logging_mixin.py:154} INFO - [2025-06-01T17:55:47.856+0200] {dag.py:3722} INFO - Setting next_dagrun for example_trigger_target_dag to None, run_after=None
[2025-06-01T17:55:47.871+0200] {processor.py:179} INFO - Processing /home/lohit/miniconda3/envs/airflow-env/lib/python3.8/site-packages/airflow/example_dags/example_trigger_target_dag.py took 0.038 seconds
[2025-06-01T17:56:32.897+0200] {processor.py:157} INFO - Started process (PID=27401) to work on /home/lohit/miniconda3/envs/airflow-env/lib/python3.8/site-packages/airflow/example_dags/example_trigger_target_dag.py
[2025-06-01T17:56:32.900+0200] {processor.py:829} INFO - Processing file /home/lohit/miniconda3/envs/airflow-env/lib/python3.8/site-packages/airflow/example_dags/example_trigger_target_dag.py for tasks to queue
[2025-06-01T17:56:32.901+0200] {logging_mixin.py:154} INFO - [2025-06-01T17:56:32.901+0200] {dagbag.py:536} INFO - Filling up the DagBag from /home/lohit/miniconda3/envs/airflow-env/lib/python3.8/site-packages/airflow/example_dags/example_trigger_target_dag.py
[2025-06-01T17:56:32.905+0200] {processor.py:839} INFO - DAG(s) dict_keys(['example_trigger_target_dag']) retrieved from /home/lohit/miniconda3/envs/airflow-env/lib/python3.8/site-packages/airflow/example_dags/example_trigger_target_dag.py
[2025-06-01T17:56:32.915+0200] {logging_mixin.py:154} INFO - [2025-06-01T17:56:32.915+0200] {dag.py:2941} INFO - Sync 1 DAGs
[2025-06-01T17:56:32.922+0200] {logging_mixin.py:154} INFO - [2025-06-01T17:56:32.922+0200] {dag.py:3722} INFO - Setting next_dagrun for example_trigger_target_dag to None, run_after=None
[2025-06-01T17:56:32.937+0200] {processor.py:179} INFO - Processing /home/lohit/miniconda3/envs/airflow-env/lib/python3.8/site-packages/airflow/example_dags/example_trigger_target_dag.py took 0.041 seconds
[2025-06-01T17:57:22.415+0200] {processor.py:157} INFO - Started process (PID=27473) to work on /home/lohit/miniconda3/envs/airflow-env/lib/python3.8/site-packages/airflow/example_dags/example_trigger_target_dag.py
[2025-06-01T17:57:22.419+0200] {processor.py:829} INFO - Processing file /home/lohit/miniconda3/envs/airflow-env/lib/python3.8/site-packages/airflow/example_dags/example_trigger_target_dag.py for tasks to queue
[2025-06-01T17:57:22.420+0200] {logging_mixin.py:154} INFO - [2025-06-01T17:57:22.420+0200] {dagbag.py:536} INFO - Filling up the DagBag from /home/lohit/miniconda3/envs/airflow-env/lib/python3.8/site-packages/airflow/example_dags/example_trigger_target_dag.py
[2025-06-01T17:57:22.424+0200] {processor.py:839} INFO - DAG(s) dict_keys(['example_trigger_target_dag']) retrieved from /home/lohit/miniconda3/envs/airflow-env/lib/python3.8/site-packages/airflow/example_dags/example_trigger_target_dag.py
[2025-06-01T17:57:22.433+0200] {logging_mixin.py:154} INFO - [2025-06-01T17:57:22.433+0200] {dag.py:2941} INFO - Sync 1 DAGs
[2025-06-01T17:57:22.439+0200] {logging_mixin.py:154} INFO - [2025-06-01T17:57:22.439+0200] {dag.py:3722} INFO - Setting next_dagrun for example_trigger_target_dag to None, run_after=None
[2025-06-01T17:57:22.456+0200] {processor.py:179} INFO - Processing /home/lohit/miniconda3/envs/airflow-env/lib/python3.8/site-packages/airflow/example_dags/example_trigger_target_dag.py took 0.042 seconds
[2025-06-01T17:58:06.059+0200] {processor.py:157} INFO - Started process (PID=27541) to work on /home/lohit/miniconda3/envs/airflow-env/lib/python3.8/site-packages/airflow/example_dags/example_trigger_target_dag.py
[2025-06-01T17:58:06.062+0200] {processor.py:829} INFO - Processing file /home/lohit/miniconda3/envs/airflow-env/lib/python3.8/site-packages/airflow/example_dags/example_trigger_target_dag.py for tasks to queue
[2025-06-01T17:58:06.063+0200] {logging_mixin.py:154} INFO - [2025-06-01T17:58:06.063+0200] {dagbag.py:536} INFO - Filling up the DagBag from /home/lohit/miniconda3/envs/airflow-env/lib/python3.8/site-packages/airflow/example_dags/example_trigger_target_dag.py
[2025-06-01T17:58:06.066+0200] {processor.py:839} INFO - DAG(s) dict_keys(['example_trigger_target_dag']) retrieved from /home/lohit/miniconda3/envs/airflow-env/lib/python3.8/site-packages/airflow/example_dags/example_trigger_target_dag.py
[2025-06-01T17:58:06.076+0200] {logging_mixin.py:154} INFO - [2025-06-01T17:58:06.076+0200] {dag.py:2941} INFO - Sync 1 DAGs
[2025-06-01T17:58:06.082+0200] {logging_mixin.py:154} INFO - [2025-06-01T17:58:06.082+0200] {dag.py:3722} INFO - Setting next_dagrun for example_trigger_target_dag to None, run_after=None
[2025-06-01T17:58:06.098+0200] {processor.py:179} INFO - Processing /home/lohit/miniconda3/envs/airflow-env/lib/python3.8/site-packages/airflow/example_dags/example_trigger_target_dag.py took 0.041 seconds
[2025-06-01T17:58:54.939+0200] {processor.py:157} INFO - Started process (PID=27612) to work on /home/lohit/miniconda3/envs/airflow-env/lib/python3.8/site-packages/airflow/example_dags/example_trigger_target_dag.py
[2025-06-01T17:58:54.942+0200] {processor.py:829} INFO - Processing file /home/lohit/miniconda3/envs/airflow-env/lib/python3.8/site-packages/airflow/example_dags/example_trigger_target_dag.py for tasks to queue
[2025-06-01T17:58:54.943+0200] {logging_mixin.py:154} INFO - [2025-06-01T17:58:54.943+0200] {dagbag.py:536} INFO - Filling up the DagBag from /home/lohit/miniconda3/envs/airflow-env/lib/python3.8/site-packages/airflow/example_dags/example_trigger_target_dag.py
[2025-06-01T17:58:54.946+0200] {processor.py:839} INFO - DAG(s) dict_keys(['example_trigger_target_dag']) retrieved from /home/lohit/miniconda3/envs/airflow-env/lib/python3.8/site-packages/airflow/example_dags/example_trigger_target_dag.py
[2025-06-01T17:58:54.956+0200] {logging_mixin.py:154} INFO - [2025-06-01T17:58:54.956+0200] {dag.py:2941} INFO - Sync 1 DAGs
[2025-06-01T17:58:54.963+0200] {logging_mixin.py:154} INFO - [2025-06-01T17:58:54.963+0200] {dag.py:3722} INFO - Setting next_dagrun for example_trigger_target_dag to None, run_after=None
[2025-06-01T17:58:54.979+0200] {processor.py:179} INFO - Processing /home/lohit/miniconda3/envs/airflow-env/lib/python3.8/site-packages/airflow/example_dags/example_trigger_target_dag.py took 0.041 seconds
[2025-06-01T17:59:39.201+0200] {processor.py:157} INFO - Started process (PID=27680) to work on /home/lohit/miniconda3/envs/airflow-env/lib/python3.8/site-packages/airflow/example_dags/example_trigger_target_dag.py
[2025-06-01T17:59:39.204+0200] {processor.py:829} INFO - Processing file /home/lohit/miniconda3/envs/airflow-env/lib/python3.8/site-packages/airflow/example_dags/example_trigger_target_dag.py for tasks to queue
[2025-06-01T17:59:39.205+0200] {logging_mixin.py:154} INFO - [2025-06-01T17:59:39.205+0200] {dagbag.py:536} INFO - Filling up the DagBag from /home/lohit/miniconda3/envs/airflow-env/lib/python3.8/site-packages/airflow/example_dags/example_trigger_target_dag.py
[2025-06-01T17:59:39.209+0200] {processor.py:839} INFO - DAG(s) dict_keys(['example_trigger_target_dag']) retrieved from /home/lohit/miniconda3/envs/airflow-env/lib/python3.8/site-packages/airflow/example_dags/example_trigger_target_dag.py
[2025-06-01T17:59:39.218+0200] {logging_mixin.py:154} INFO - [2025-06-01T17:59:39.218+0200] {dag.py:2941} INFO - Sync 1 DAGs
[2025-06-01T17:59:39.224+0200] {logging_mixin.py:154} INFO - [2025-06-01T17:59:39.224+0200] {dag.py:3722} INFO - Setting next_dagrun for example_trigger_target_dag to None, run_after=None
[2025-06-01T17:59:39.240+0200] {processor.py:179} INFO - Processing /home/lohit/miniconda3/envs/airflow-env/lib/python3.8/site-packages/airflow/example_dags/example_trigger_target_dag.py took 0.041 seconds
[2025-06-01T18:00:27.928+0200] {processor.py:157} INFO - Started process (PID=27751) to work on /home/lohit/miniconda3/envs/airflow-env/lib/python3.8/site-packages/airflow/example_dags/example_trigger_target_dag.py
[2025-06-01T18:00:27.930+0200] {processor.py:829} INFO - Processing file /home/lohit/miniconda3/envs/airflow-env/lib/python3.8/site-packages/airflow/example_dags/example_trigger_target_dag.py for tasks to queue
[2025-06-01T18:00:27.930+0200] {logging_mixin.py:154} INFO - [2025-06-01T18:00:27.930+0200] {dagbag.py:536} INFO - Filling up the DagBag from /home/lohit/miniconda3/envs/airflow-env/lib/python3.8/site-packages/airflow/example_dags/example_trigger_target_dag.py
[2025-06-01T18:00:27.934+0200] {processor.py:839} INFO - DAG(s) dict_keys(['example_trigger_target_dag']) retrieved from /home/lohit/miniconda3/envs/airflow-env/lib/python3.8/site-packages/airflow/example_dags/example_trigger_target_dag.py
[2025-06-01T18:00:27.943+0200] {logging_mixin.py:154} INFO - [2025-06-01T18:00:27.943+0200] {dag.py:2941} INFO - Sync 1 DAGs
[2025-06-01T18:00:27.951+0200] {logging_mixin.py:154} INFO - [2025-06-01T18:00:27.951+0200] {dag.py:3722} INFO - Setting next_dagrun for example_trigger_target_dag to None, run_after=None
[2025-06-01T18:00:27.965+0200] {processor.py:179} INFO - Processing /home/lohit/miniconda3/envs/airflow-env/lib/python3.8/site-packages/airflow/example_dags/example_trigger_target_dag.py took 0.039 seconds
[2025-06-01T18:01:13.287+0200] {processor.py:157} INFO - Started process (PID=27852) to work on /home/lohit/miniconda3/envs/airflow-env/lib/python3.8/site-packages/airflow/example_dags/example_trigger_target_dag.py
[2025-06-01T18:01:13.290+0200] {processor.py:829} INFO - Processing file /home/lohit/miniconda3/envs/airflow-env/lib/python3.8/site-packages/airflow/example_dags/example_trigger_target_dag.py for tasks to queue
[2025-06-01T18:01:13.291+0200] {logging_mixin.py:154} INFO - [2025-06-01T18:01:13.291+0200] {dagbag.py:536} INFO - Filling up the DagBag from /home/lohit/miniconda3/envs/airflow-env/lib/python3.8/site-packages/airflow/example_dags/example_trigger_target_dag.py
[2025-06-01T18:01:13.294+0200] {processor.py:839} INFO - DAG(s) dict_keys(['example_trigger_target_dag']) retrieved from /home/lohit/miniconda3/envs/airflow-env/lib/python3.8/site-packages/airflow/example_dags/example_trigger_target_dag.py
[2025-06-01T18:01:13.304+0200] {logging_mixin.py:154} INFO - [2025-06-01T18:01:13.303+0200] {dag.py:2941} INFO - Sync 1 DAGs
[2025-06-01T18:01:13.310+0200] {logging_mixin.py:154} INFO - [2025-06-01T18:01:13.309+0200] {dag.py:3722} INFO - Setting next_dagrun for example_trigger_target_dag to None, run_after=None
[2025-06-01T18:01:13.324+0200] {processor.py:179} INFO - Processing /home/lohit/miniconda3/envs/airflow-env/lib/python3.8/site-packages/airflow/example_dags/example_trigger_target_dag.py took 0.039 seconds
[2025-06-01T18:02:01.562+0200] {processor.py:157} INFO - Started process (PID=27924) to work on /home/lohit/miniconda3/envs/airflow-env/lib/python3.8/site-packages/airflow/example_dags/example_trigger_target_dag.py
[2025-06-01T18:02:01.565+0200] {processor.py:829} INFO - Processing file /home/lohit/miniconda3/envs/airflow-env/lib/python3.8/site-packages/airflow/example_dags/example_trigger_target_dag.py for tasks to queue
[2025-06-01T18:02:01.566+0200] {logging_mixin.py:154} INFO - [2025-06-01T18:02:01.566+0200] {dagbag.py:536} INFO - Filling up the DagBag from /home/lohit/miniconda3/envs/airflow-env/lib/python3.8/site-packages/airflow/example_dags/example_trigger_target_dag.py
[2025-06-01T18:02:01.569+0200] {processor.py:839} INFO - DAG(s) dict_keys(['example_trigger_target_dag']) retrieved from /home/lohit/miniconda3/envs/airflow-env/lib/python3.8/site-packages/airflow/example_dags/example_trigger_target_dag.py
[2025-06-01T18:02:01.578+0200] {logging_mixin.py:154} INFO - [2025-06-01T18:02:01.578+0200] {dag.py:2941} INFO - Sync 1 DAGs
[2025-06-01T18:02:01.585+0200] {logging_mixin.py:154} INFO - [2025-06-01T18:02:01.584+0200] {dag.py:3722} INFO - Setting next_dagrun for example_trigger_target_dag to None, run_after=None
[2025-06-01T18:02:01.601+0200] {processor.py:179} INFO - Processing /home/lohit/miniconda3/envs/airflow-env/lib/python3.8/site-packages/airflow/example_dags/example_trigger_target_dag.py took 0.041 seconds
[2025-06-01T18:02:45.024+0200] {processor.py:157} INFO - Started process (PID=27992) to work on /home/lohit/miniconda3/envs/airflow-env/lib/python3.8/site-packages/airflow/example_dags/example_trigger_target_dag.py
[2025-06-01T18:02:45.027+0200] {processor.py:829} INFO - Processing file /home/lohit/miniconda3/envs/airflow-env/lib/python3.8/site-packages/airflow/example_dags/example_trigger_target_dag.py for tasks to queue
[2025-06-01T18:02:45.028+0200] {logging_mixin.py:154} INFO - [2025-06-01T18:02:45.028+0200] {dagbag.py:536} INFO - Filling up the DagBag from /home/lohit/miniconda3/envs/airflow-env/lib/python3.8/site-packages/airflow/example_dags/example_trigger_target_dag.py
[2025-06-01T18:02:45.032+0200] {processor.py:839} INFO - DAG(s) dict_keys(['example_trigger_target_dag']) retrieved from /home/lohit/miniconda3/envs/airflow-env/lib/python3.8/site-packages/airflow/example_dags/example_trigger_target_dag.py
[2025-06-01T18:02:45.041+0200] {logging_mixin.py:154} INFO - [2025-06-01T18:02:45.041+0200] {dag.py:2941} INFO - Sync 1 DAGs
[2025-06-01T18:02:45.048+0200] {logging_mixin.py:154} INFO - [2025-06-01T18:02:45.048+0200] {dag.py:3722} INFO - Setting next_dagrun for example_trigger_target_dag to None, run_after=None
[2025-06-01T18:02:45.065+0200] {processor.py:179} INFO - Processing /home/lohit/miniconda3/envs/airflow-env/lib/python3.8/site-packages/airflow/example_dags/example_trigger_target_dag.py took 0.044 seconds
[2025-06-01T18:03:32.372+0200] {processor.py:157} INFO - Started process (PID=28070) to work on /home/lohit/miniconda3/envs/airflow-env/lib/python3.8/site-packages/airflow/example_dags/example_trigger_target_dag.py
[2025-06-01T18:03:32.373+0200] {processor.py:829} INFO - Processing file /home/lohit/miniconda3/envs/airflow-env/lib/python3.8/site-packages/airflow/example_dags/example_trigger_target_dag.py for tasks to queue
[2025-06-01T18:03:32.373+0200] {logging_mixin.py:154} INFO - [2025-06-01T18:03:32.373+0200] {dagbag.py:536} INFO - Filling up the DagBag from /home/lohit/miniconda3/envs/airflow-env/lib/python3.8/site-packages/airflow/example_dags/example_trigger_target_dag.py
[2025-06-01T18:03:32.377+0200] {processor.py:839} INFO - DAG(s) dict_keys(['example_trigger_target_dag']) retrieved from /home/lohit/miniconda3/envs/airflow-env/lib/python3.8/site-packages/airflow/example_dags/example_trigger_target_dag.py
[2025-06-01T18:03:32.387+0200] {logging_mixin.py:154} INFO - [2025-06-01T18:03:32.387+0200] {dag.py:2941} INFO - Sync 1 DAGs
[2025-06-01T18:03:32.393+0200] {logging_mixin.py:154} INFO - [2025-06-01T18:03:32.393+0200] {dag.py:3722} INFO - Setting next_dagrun for example_trigger_target_dag to None, run_after=None
[2025-06-01T18:03:32.409+0200] {processor.py:179} INFO - Processing /home/lohit/miniconda3/envs/airflow-env/lib/python3.8/site-packages/airflow/example_dags/example_trigger_target_dag.py took 0.039 seconds
[2025-06-01T18:04:18.718+0200] {processor.py:157} INFO - Started process (PID=28142) to work on /home/lohit/miniconda3/envs/airflow-env/lib/python3.8/site-packages/airflow/example_dags/example_trigger_target_dag.py
[2025-06-01T18:04:18.720+0200] {processor.py:829} INFO - Processing file /home/lohit/miniconda3/envs/airflow-env/lib/python3.8/site-packages/airflow/example_dags/example_trigger_target_dag.py for tasks to queue
[2025-06-01T18:04:18.720+0200] {logging_mixin.py:154} INFO - [2025-06-01T18:04:18.720+0200] {dagbag.py:536} INFO - Filling up the DagBag from /home/lohit/miniconda3/envs/airflow-env/lib/python3.8/site-packages/airflow/example_dags/example_trigger_target_dag.py
[2025-06-01T18:04:18.725+0200] {processor.py:839} INFO - DAG(s) dict_keys(['example_trigger_target_dag']) retrieved from /home/lohit/miniconda3/envs/airflow-env/lib/python3.8/site-packages/airflow/example_dags/example_trigger_target_dag.py
[2025-06-01T18:04:18.736+0200] {logging_mixin.py:154} INFO - [2025-06-01T18:04:18.735+0200] {dag.py:2941} INFO - Sync 1 DAGs
[2025-06-01T18:04:18.743+0200] {logging_mixin.py:154} INFO - [2025-06-01T18:04:18.743+0200] {dag.py:3722} INFO - Setting next_dagrun for example_trigger_target_dag to None, run_after=None
[2025-06-01T18:04:18.762+0200] {processor.py:179} INFO - Processing /home/lohit/miniconda3/envs/airflow-env/lib/python3.8/site-packages/airflow/example_dags/example_trigger_target_dag.py took 0.046 seconds
[2025-06-01T18:05:04.937+0200] {processor.py:157} INFO - Started process (PID=28219) to work on /home/lohit/miniconda3/envs/airflow-env/lib/python3.8/site-packages/airflow/example_dags/example_trigger_target_dag.py
[2025-06-01T18:05:04.938+0200] {processor.py:829} INFO - Processing file /home/lohit/miniconda3/envs/airflow-env/lib/python3.8/site-packages/airflow/example_dags/example_trigger_target_dag.py for tasks to queue
[2025-06-01T18:05:04.939+0200] {logging_mixin.py:154} INFO - [2025-06-01T18:05:04.939+0200] {dagbag.py:536} INFO - Filling up the DagBag from /home/lohit/miniconda3/envs/airflow-env/lib/python3.8/site-packages/airflow/example_dags/example_trigger_target_dag.py
[2025-06-01T18:05:04.944+0200] {processor.py:839} INFO - DAG(s) dict_keys(['example_trigger_target_dag']) retrieved from /home/lohit/miniconda3/envs/airflow-env/lib/python3.8/site-packages/airflow/example_dags/example_trigger_target_dag.py
[2025-06-01T18:05:04.953+0200] {logging_mixin.py:154} INFO - [2025-06-01T18:05:04.953+0200] {dag.py:2941} INFO - Sync 1 DAGs
[2025-06-01T18:05:04.959+0200] {logging_mixin.py:154} INFO - [2025-06-01T18:05:04.959+0200] {dag.py:3722} INFO - Setting next_dagrun for example_trigger_target_dag to None, run_after=None
[2025-06-01T18:05:04.973+0200] {processor.py:179} INFO - Processing /home/lohit/miniconda3/envs/airflow-env/lib/python3.8/site-packages/airflow/example_dags/example_trigger_target_dag.py took 0.038 seconds
[2025-06-01T18:05:56.948+0200] {processor.py:157} INFO - Started process (PID=28300) to work on /home/lohit/miniconda3/envs/airflow-env/lib/python3.8/site-packages/airflow/example_dags/example_trigger_target_dag.py
[2025-06-01T18:05:56.951+0200] {processor.py:829} INFO - Processing file /home/lohit/miniconda3/envs/airflow-env/lib/python3.8/site-packages/airflow/example_dags/example_trigger_target_dag.py for tasks to queue
[2025-06-01T18:05:56.952+0200] {logging_mixin.py:154} INFO - [2025-06-01T18:05:56.952+0200] {dagbag.py:536} INFO - Filling up the DagBag from /home/lohit/miniconda3/envs/airflow-env/lib/python3.8/site-packages/airflow/example_dags/example_trigger_target_dag.py
[2025-06-01T18:05:56.955+0200] {processor.py:839} INFO - DAG(s) dict_keys(['example_trigger_target_dag']) retrieved from /home/lohit/miniconda3/envs/airflow-env/lib/python3.8/site-packages/airflow/example_dags/example_trigger_target_dag.py
[2025-06-01T18:05:56.965+0200] {logging_mixin.py:154} INFO - [2025-06-01T18:05:56.964+0200] {dag.py:2941} INFO - Sync 1 DAGs
[2025-06-01T18:05:56.971+0200] {logging_mixin.py:154} INFO - [2025-06-01T18:05:56.971+0200] {dag.py:3722} INFO - Setting next_dagrun for example_trigger_target_dag to None, run_after=None
[2025-06-01T18:05:56.987+0200] {processor.py:179} INFO - Processing /home/lohit/miniconda3/envs/airflow-env/lib/python3.8/site-packages/airflow/example_dags/example_trigger_target_dag.py took 0.040 seconds
[2025-06-01T18:06:41.291+0200] {processor.py:157} INFO - Started process (PID=28368) to work on /home/lohit/miniconda3/envs/airflow-env/lib/python3.8/site-packages/airflow/example_dags/example_trigger_target_dag.py
[2025-06-01T18:06:41.295+0200] {processor.py:829} INFO - Processing file /home/lohit/miniconda3/envs/airflow-env/lib/python3.8/site-packages/airflow/example_dags/example_trigger_target_dag.py for tasks to queue
[2025-06-01T18:06:41.295+0200] {logging_mixin.py:154} INFO - [2025-06-01T18:06:41.295+0200] {dagbag.py:536} INFO - Filling up the DagBag from /home/lohit/miniconda3/envs/airflow-env/lib/python3.8/site-packages/airflow/example_dags/example_trigger_target_dag.py
[2025-06-01T18:06:41.299+0200] {processor.py:839} INFO - DAG(s) dict_keys(['example_trigger_target_dag']) retrieved from /home/lohit/miniconda3/envs/airflow-env/lib/python3.8/site-packages/airflow/example_dags/example_trigger_target_dag.py
[2025-06-01T18:06:41.311+0200] {logging_mixin.py:154} INFO - [2025-06-01T18:06:41.311+0200] {dag.py:2941} INFO - Sync 1 DAGs
[2025-06-01T18:06:41.318+0200] {logging_mixin.py:154} INFO - [2025-06-01T18:06:41.318+0200] {dag.py:3722} INFO - Setting next_dagrun for example_trigger_target_dag to None, run_after=None
[2025-06-01T18:06:41.337+0200] {processor.py:179} INFO - Processing /home/lohit/miniconda3/envs/airflow-env/lib/python3.8/site-packages/airflow/example_dags/example_trigger_target_dag.py took 0.047 seconds
[2025-06-01T18:07:26.333+0200] {processor.py:157} INFO - Started process (PID=28436) to work on /home/lohit/miniconda3/envs/airflow-env/lib/python3.8/site-packages/airflow/example_dags/example_trigger_target_dag.py
[2025-06-01T18:07:26.335+0200] {processor.py:829} INFO - Processing file /home/lohit/miniconda3/envs/airflow-env/lib/python3.8/site-packages/airflow/example_dags/example_trigger_target_dag.py for tasks to queue
[2025-06-01T18:07:26.335+0200] {logging_mixin.py:154} INFO - [2025-06-01T18:07:26.335+0200] {dagbag.py:536} INFO - Filling up the DagBag from /home/lohit/miniconda3/envs/airflow-env/lib/python3.8/site-packages/airflow/example_dags/example_trigger_target_dag.py
[2025-06-01T18:07:26.339+0200] {processor.py:839} INFO - DAG(s) dict_keys(['example_trigger_target_dag']) retrieved from /home/lohit/miniconda3/envs/airflow-env/lib/python3.8/site-packages/airflow/example_dags/example_trigger_target_dag.py
[2025-06-01T18:07:26.349+0200] {logging_mixin.py:154} INFO - [2025-06-01T18:07:26.349+0200] {dag.py:2941} INFO - Sync 1 DAGs
[2025-06-01T18:07:26.356+0200] {logging_mixin.py:154} INFO - [2025-06-01T18:07:26.356+0200] {dag.py:3722} INFO - Setting next_dagrun for example_trigger_target_dag to None, run_after=None
[2025-06-01T18:07:26.370+0200] {processor.py:179} INFO - Processing /home/lohit/miniconda3/envs/airflow-env/lib/python3.8/site-packages/airflow/example_dags/example_trigger_target_dag.py took 0.038 seconds
[2025-06-01T18:08:10.309+0200] {processor.py:157} INFO - Started process (PID=28504) to work on /home/lohit/miniconda3/envs/airflow-env/lib/python3.8/site-packages/airflow/example_dags/example_trigger_target_dag.py
[2025-06-01T18:08:10.311+0200] {processor.py:829} INFO - Processing file /home/lohit/miniconda3/envs/airflow-env/lib/python3.8/site-packages/airflow/example_dags/example_trigger_target_dag.py for tasks to queue
[2025-06-01T18:08:10.312+0200] {logging_mixin.py:154} INFO - [2025-06-01T18:08:10.311+0200] {dagbag.py:536} INFO - Filling up the DagBag from /home/lohit/miniconda3/envs/airflow-env/lib/python3.8/site-packages/airflow/example_dags/example_trigger_target_dag.py
[2025-06-01T18:08:10.316+0200] {processor.py:839} INFO - DAG(s) dict_keys(['example_trigger_target_dag']) retrieved from /home/lohit/miniconda3/envs/airflow-env/lib/python3.8/site-packages/airflow/example_dags/example_trigger_target_dag.py
[2025-06-01T18:08:10.327+0200] {logging_mixin.py:154} INFO - [2025-06-01T18:08:10.326+0200] {dag.py:2941} INFO - Sync 1 DAGs
[2025-06-01T18:08:10.335+0200] {logging_mixin.py:154} INFO - [2025-06-01T18:08:10.335+0200] {dag.py:3722} INFO - Setting next_dagrun for example_trigger_target_dag to None, run_after=None
[2025-06-01T18:08:10.351+0200] {processor.py:179} INFO - Processing /home/lohit/miniconda3/envs/airflow-env/lib/python3.8/site-packages/airflow/example_dags/example_trigger_target_dag.py took 0.044 seconds
[2025-06-01T18:08:48.437+0200] {processor.py:157} INFO - Started process (PID=28546) to work on /home/lohit/miniconda3/envs/airflow-env/lib/python3.8/site-packages/airflow/example_dags/example_trigger_target_dag.py
[2025-06-01T18:08:48.439+0200] {processor.py:829} INFO - Processing file /home/lohit/miniconda3/envs/airflow-env/lib/python3.8/site-packages/airflow/example_dags/example_trigger_target_dag.py for tasks to queue
[2025-06-01T18:08:48.440+0200] {logging_mixin.py:154} INFO - [2025-06-01T18:08:48.439+0200] {dagbag.py:536} INFO - Filling up the DagBag from /home/lohit/miniconda3/envs/airflow-env/lib/python3.8/site-packages/airflow/example_dags/example_trigger_target_dag.py
[2025-06-01T18:08:48.444+0200] {processor.py:839} INFO - DAG(s) dict_keys(['example_trigger_target_dag']) retrieved from /home/lohit/miniconda3/envs/airflow-env/lib/python3.8/site-packages/airflow/example_dags/example_trigger_target_dag.py
[2025-06-01T18:08:48.454+0200] {logging_mixin.py:154} INFO - [2025-06-01T18:08:48.454+0200] {dag.py:2941} INFO - Sync 1 DAGs
[2025-06-01T18:08:48.462+0200] {logging_mixin.py:154} INFO - [2025-06-01T18:08:48.461+0200] {dag.py:3722} INFO - Setting next_dagrun for example_trigger_target_dag to None, run_after=None
[2025-06-01T18:08:48.478+0200] {processor.py:179} INFO - Processing /home/lohit/miniconda3/envs/airflow-env/lib/python3.8/site-packages/airflow/example_dags/example_trigger_target_dag.py took 0.043 seconds
[2025-06-01T18:09:34.976+0200] {processor.py:157} INFO - Started process (PID=28618) to work on /home/lohit/miniconda3/envs/airflow-env/lib/python3.8/site-packages/airflow/example_dags/example_trigger_target_dag.py
[2025-06-01T18:09:34.980+0200] {processor.py:829} INFO - Processing file /home/lohit/miniconda3/envs/airflow-env/lib/python3.8/site-packages/airflow/example_dags/example_trigger_target_dag.py for tasks to queue
[2025-06-01T18:09:34.980+0200] {logging_mixin.py:154} INFO - [2025-06-01T18:09:34.980+0200] {dagbag.py:536} INFO - Filling up the DagBag from /home/lohit/miniconda3/envs/airflow-env/lib/python3.8/site-packages/airflow/example_dags/example_trigger_target_dag.py
[2025-06-01T18:09:34.984+0200] {processor.py:839} INFO - DAG(s) dict_keys(['example_trigger_target_dag']) retrieved from /home/lohit/miniconda3/envs/airflow-env/lib/python3.8/site-packages/airflow/example_dags/example_trigger_target_dag.py
[2025-06-01T18:09:34.995+0200] {logging_mixin.py:154} INFO - [2025-06-01T18:09:34.995+0200] {dag.py:2941} INFO - Sync 1 DAGs
[2025-06-01T18:09:35.002+0200] {logging_mixin.py:154} INFO - [2025-06-01T18:09:35.002+0200] {dag.py:3722} INFO - Setting next_dagrun for example_trigger_target_dag to None, run_after=None
[2025-06-01T18:09:35.017+0200] {processor.py:179} INFO - Processing /home/lohit/miniconda3/envs/airflow-env/lib/python3.8/site-packages/airflow/example_dags/example_trigger_target_dag.py took 0.043 seconds
[2025-06-01T18:10:23.489+0200] {processor.py:157} INFO - Started process (PID=28700) to work on /home/lohit/miniconda3/envs/airflow-env/lib/python3.8/site-packages/airflow/example_dags/example_trigger_target_dag.py
[2025-06-01T18:10:23.492+0200] {processor.py:829} INFO - Processing file /home/lohit/miniconda3/envs/airflow-env/lib/python3.8/site-packages/airflow/example_dags/example_trigger_target_dag.py for tasks to queue
[2025-06-01T18:10:23.492+0200] {logging_mixin.py:154} INFO - [2025-06-01T18:10:23.492+0200] {dagbag.py:536} INFO - Filling up the DagBag from /home/lohit/miniconda3/envs/airflow-env/lib/python3.8/site-packages/airflow/example_dags/example_trigger_target_dag.py
[2025-06-01T18:10:23.496+0200] {processor.py:839} INFO - DAG(s) dict_keys(['example_trigger_target_dag']) retrieved from /home/lohit/miniconda3/envs/airflow-env/lib/python3.8/site-packages/airflow/example_dags/example_trigger_target_dag.py
[2025-06-01T18:10:23.507+0200] {logging_mixin.py:154} INFO - [2025-06-01T18:10:23.507+0200] {dag.py:2941} INFO - Sync 1 DAGs
[2025-06-01T18:10:23.513+0200] {logging_mixin.py:154} INFO - [2025-06-01T18:10:23.513+0200] {dag.py:3722} INFO - Setting next_dagrun for example_trigger_target_dag to None, run_after=None
[2025-06-01T18:10:23.529+0200] {processor.py:179} INFO - Processing /home/lohit/miniconda3/envs/airflow-env/lib/python3.8/site-packages/airflow/example_dags/example_trigger_target_dag.py took 0.042 seconds
[2025-06-01T18:11:10.260+0200] {processor.py:157} INFO - Started process (PID=28771) to work on /home/lohit/miniconda3/envs/airflow-env/lib/python3.8/site-packages/airflow/example_dags/example_trigger_target_dag.py
[2025-06-01T18:11:10.262+0200] {processor.py:829} INFO - Processing file /home/lohit/miniconda3/envs/airflow-env/lib/python3.8/site-packages/airflow/example_dags/example_trigger_target_dag.py for tasks to queue
[2025-06-01T18:11:10.262+0200] {logging_mixin.py:154} INFO - [2025-06-01T18:11:10.262+0200] {dagbag.py:536} INFO - Filling up the DagBag from /home/lohit/miniconda3/envs/airflow-env/lib/python3.8/site-packages/airflow/example_dags/example_trigger_target_dag.py
[2025-06-01T18:11:10.267+0200] {processor.py:839} INFO - DAG(s) dict_keys(['example_trigger_target_dag']) retrieved from /home/lohit/miniconda3/envs/airflow-env/lib/python3.8/site-packages/airflow/example_dags/example_trigger_target_dag.py
[2025-06-01T18:11:10.278+0200] {logging_mixin.py:154} INFO - [2025-06-01T18:11:10.278+0200] {dag.py:2941} INFO - Sync 1 DAGs
[2025-06-01T18:11:10.286+0200] {logging_mixin.py:154} INFO - [2025-06-01T18:11:10.286+0200] {dag.py:3722} INFO - Setting next_dagrun for example_trigger_target_dag to None, run_after=None
[2025-06-01T18:11:10.302+0200] {processor.py:179} INFO - Processing /home/lohit/miniconda3/envs/airflow-env/lib/python3.8/site-packages/airflow/example_dags/example_trigger_target_dag.py took 0.045 seconds
[2025-06-01T18:12:01.631+0200] {processor.py:157} INFO - Started process (PID=28843) to work on /home/lohit/miniconda3/envs/airflow-env/lib/python3.8/site-packages/airflow/example_dags/example_trigger_target_dag.py
[2025-06-01T18:12:01.635+0200] {processor.py:829} INFO - Processing file /home/lohit/miniconda3/envs/airflow-env/lib/python3.8/site-packages/airflow/example_dags/example_trigger_target_dag.py for tasks to queue
[2025-06-01T18:12:01.635+0200] {logging_mixin.py:154} INFO - [2025-06-01T18:12:01.635+0200] {dagbag.py:536} INFO - Filling up the DagBag from /home/lohit/miniconda3/envs/airflow-env/lib/python3.8/site-packages/airflow/example_dags/example_trigger_target_dag.py
[2025-06-01T18:12:01.639+0200] {processor.py:839} INFO - DAG(s) dict_keys(['example_trigger_target_dag']) retrieved from /home/lohit/miniconda3/envs/airflow-env/lib/python3.8/site-packages/airflow/example_dags/example_trigger_target_dag.py
[2025-06-01T18:12:01.651+0200] {logging_mixin.py:154} INFO - [2025-06-01T18:12:01.651+0200] {dag.py:2941} INFO - Sync 1 DAGs
[2025-06-01T18:12:01.658+0200] {logging_mixin.py:154} INFO - [2025-06-01T18:12:01.658+0200] {dag.py:3722} INFO - Setting next_dagrun for example_trigger_target_dag to None, run_after=None
[2025-06-01T18:12:01.677+0200] {processor.py:179} INFO - Processing /home/lohit/miniconda3/envs/airflow-env/lib/python3.8/site-packages/airflow/example_dags/example_trigger_target_dag.py took 0.048 seconds
[2025-06-01T18:12:52.350+0200] {processor.py:157} INFO - Started process (PID=28923) to work on /home/lohit/miniconda3/envs/airflow-env/lib/python3.8/site-packages/airflow/example_dags/example_trigger_target_dag.py
[2025-06-01T18:12:52.353+0200] {processor.py:829} INFO - Processing file /home/lohit/miniconda3/envs/airflow-env/lib/python3.8/site-packages/airflow/example_dags/example_trigger_target_dag.py for tasks to queue
[2025-06-01T18:12:52.353+0200] {logging_mixin.py:154} INFO - [2025-06-01T18:12:52.353+0200] {dagbag.py:536} INFO - Filling up the DagBag from /home/lohit/miniconda3/envs/airflow-env/lib/python3.8/site-packages/airflow/example_dags/example_trigger_target_dag.py
[2025-06-01T18:12:52.357+0200] {processor.py:839} INFO - DAG(s) dict_keys(['example_trigger_target_dag']) retrieved from /home/lohit/miniconda3/envs/airflow-env/lib/python3.8/site-packages/airflow/example_dags/example_trigger_target_dag.py
[2025-06-01T18:12:52.368+0200] {logging_mixin.py:154} INFO - [2025-06-01T18:12:52.368+0200] {dag.py:2941} INFO - Sync 1 DAGs
[2025-06-01T18:12:52.375+0200] {logging_mixin.py:154} INFO - [2025-06-01T18:12:52.375+0200] {dag.py:3722} INFO - Setting next_dagrun for example_trigger_target_dag to None, run_after=None
[2025-06-01T18:12:52.390+0200] {processor.py:179} INFO - Processing /home/lohit/miniconda3/envs/airflow-env/lib/python3.8/site-packages/airflow/example_dags/example_trigger_target_dag.py took 0.043 seconds
[2025-06-01T18:13:38.645+0200] {processor.py:157} INFO - Started process (PID=28993) to work on /home/lohit/miniconda3/envs/airflow-env/lib/python3.8/site-packages/airflow/example_dags/example_trigger_target_dag.py
[2025-06-01T18:13:38.649+0200] {processor.py:829} INFO - Processing file /home/lohit/miniconda3/envs/airflow-env/lib/python3.8/site-packages/airflow/example_dags/example_trigger_target_dag.py for tasks to queue
[2025-06-01T18:13:38.650+0200] {logging_mixin.py:154} INFO - [2025-06-01T18:13:38.649+0200] {dagbag.py:536} INFO - Filling up the DagBag from /home/lohit/miniconda3/envs/airflow-env/lib/python3.8/site-packages/airflow/example_dags/example_trigger_target_dag.py
[2025-06-01T18:13:38.654+0200] {processor.py:839} INFO - DAG(s) dict_keys(['example_trigger_target_dag']) retrieved from /home/lohit/miniconda3/envs/airflow-env/lib/python3.8/site-packages/airflow/example_dags/example_trigger_target_dag.py
[2025-06-01T18:13:38.664+0200] {logging_mixin.py:154} INFO - [2025-06-01T18:13:38.664+0200] {dag.py:2941} INFO - Sync 1 DAGs
[2025-06-01T18:13:38.670+0200] {logging_mixin.py:154} INFO - [2025-06-01T18:13:38.670+0200] {dag.py:3722} INFO - Setting next_dagrun for example_trigger_target_dag to None, run_after=None
[2025-06-01T18:13:38.685+0200] {processor.py:179} INFO - Processing /home/lohit/miniconda3/envs/airflow-env/lib/python3.8/site-packages/airflow/example_dags/example_trigger_target_dag.py took 0.042 seconds
[2025-06-01T18:14:20.438+0200] {processor.py:157} INFO - Started process (PID=29061) to work on /home/lohit/miniconda3/envs/airflow-env/lib/python3.8/site-packages/airflow/example_dags/example_trigger_target_dag.py
[2025-06-01T18:14:20.442+0200] {processor.py:829} INFO - Processing file /home/lohit/miniconda3/envs/airflow-env/lib/python3.8/site-packages/airflow/example_dags/example_trigger_target_dag.py for tasks to queue
[2025-06-01T18:14:20.442+0200] {logging_mixin.py:154} INFO - [2025-06-01T18:14:20.442+0200] {dagbag.py:536} INFO - Filling up the DagBag from /home/lohit/miniconda3/envs/airflow-env/lib/python3.8/site-packages/airflow/example_dags/example_trigger_target_dag.py
[2025-06-01T18:14:20.447+0200] {processor.py:839} INFO - DAG(s) dict_keys(['example_trigger_target_dag']) retrieved from /home/lohit/miniconda3/envs/airflow-env/lib/python3.8/site-packages/airflow/example_dags/example_trigger_target_dag.py
[2025-06-01T18:14:20.458+0200] {logging_mixin.py:154} INFO - [2025-06-01T18:14:20.457+0200] {dag.py:2941} INFO - Sync 1 DAGs
[2025-06-01T18:14:20.466+0200] {logging_mixin.py:154} INFO - [2025-06-01T18:14:20.466+0200] {dag.py:3722} INFO - Setting next_dagrun for example_trigger_target_dag to None, run_after=None
[2025-06-01T18:14:20.486+0200] {processor.py:179} INFO - Processing /home/lohit/miniconda3/envs/airflow-env/lib/python3.8/site-packages/airflow/example_dags/example_trigger_target_dag.py took 0.050 seconds
[2025-06-01T18:15:07.388+0200] {processor.py:157} INFO - Started process (PID=29130) to work on /home/lohit/miniconda3/envs/airflow-env/lib/python3.8/site-packages/airflow/example_dags/example_trigger_target_dag.py
[2025-06-01T18:15:07.390+0200] {processor.py:829} INFO - Processing file /home/lohit/miniconda3/envs/airflow-env/lib/python3.8/site-packages/airflow/example_dags/example_trigger_target_dag.py for tasks to queue
[2025-06-01T18:15:07.391+0200] {logging_mixin.py:154} INFO - [2025-06-01T18:15:07.391+0200] {dagbag.py:536} INFO - Filling up the DagBag from /home/lohit/miniconda3/envs/airflow-env/lib/python3.8/site-packages/airflow/example_dags/example_trigger_target_dag.py
[2025-06-01T18:15:07.395+0200] {processor.py:839} INFO - DAG(s) dict_keys(['example_trigger_target_dag']) retrieved from /home/lohit/miniconda3/envs/airflow-env/lib/python3.8/site-packages/airflow/example_dags/example_trigger_target_dag.py
[2025-06-01T18:15:07.406+0200] {logging_mixin.py:154} INFO - [2025-06-01T18:15:07.405+0200] {dag.py:2941} INFO - Sync 1 DAGs
[2025-06-01T18:15:07.413+0200] {logging_mixin.py:154} INFO - [2025-06-01T18:15:07.412+0200] {dag.py:3722} INFO - Setting next_dagrun for example_trigger_target_dag to None, run_after=None
[2025-06-01T18:15:07.431+0200] {processor.py:179} INFO - Processing /home/lohit/miniconda3/envs/airflow-env/lib/python3.8/site-packages/airflow/example_dags/example_trigger_target_dag.py took 0.045 seconds
[2025-06-01T18:15:57.057+0200] {processor.py:157} INFO - Started process (PID=29202) to work on /home/lohit/miniconda3/envs/airflow-env/lib/python3.8/site-packages/airflow/example_dags/example_trigger_target_dag.py
[2025-06-01T18:15:57.059+0200] {processor.py:829} INFO - Processing file /home/lohit/miniconda3/envs/airflow-env/lib/python3.8/site-packages/airflow/example_dags/example_trigger_target_dag.py for tasks to queue
[2025-06-01T18:15:57.059+0200] {logging_mixin.py:154} INFO - [2025-06-01T18:15:57.059+0200] {dagbag.py:536} INFO - Filling up the DagBag from /home/lohit/miniconda3/envs/airflow-env/lib/python3.8/site-packages/airflow/example_dags/example_trigger_target_dag.py
[2025-06-01T18:15:57.064+0200] {processor.py:839} INFO - DAG(s) dict_keys(['example_trigger_target_dag']) retrieved from /home/lohit/miniconda3/envs/airflow-env/lib/python3.8/site-packages/airflow/example_dags/example_trigger_target_dag.py
[2025-06-01T18:15:57.076+0200] {logging_mixin.py:154} INFO - [2025-06-01T18:15:57.076+0200] {dag.py:2941} INFO - Sync 1 DAGs
[2025-06-01T18:15:57.084+0200] {logging_mixin.py:154} INFO - [2025-06-01T18:15:57.084+0200] {dag.py:3722} INFO - Setting next_dagrun for example_trigger_target_dag to None, run_after=None
[2025-06-01T18:15:57.103+0200] {processor.py:179} INFO - Processing /home/lohit/miniconda3/envs/airflow-env/lib/python3.8/site-packages/airflow/example_dags/example_trigger_target_dag.py took 0.048 seconds
[2025-06-01T18:16:46.615+0200] {processor.py:157} INFO - Started process (PID=29274) to work on /home/lohit/miniconda3/envs/airflow-env/lib/python3.8/site-packages/airflow/example_dags/example_trigger_target_dag.py
[2025-06-01T18:16:46.618+0200] {processor.py:829} INFO - Processing file /home/lohit/miniconda3/envs/airflow-env/lib/python3.8/site-packages/airflow/example_dags/example_trigger_target_dag.py for tasks to queue
[2025-06-01T18:16:46.619+0200] {logging_mixin.py:154} INFO - [2025-06-01T18:16:46.618+0200] {dagbag.py:536} INFO - Filling up the DagBag from /home/lohit/miniconda3/envs/airflow-env/lib/python3.8/site-packages/airflow/example_dags/example_trigger_target_dag.py
[2025-06-01T18:16:46.622+0200] {processor.py:839} INFO - DAG(s) dict_keys(['example_trigger_target_dag']) retrieved from /home/lohit/miniconda3/envs/airflow-env/lib/python3.8/site-packages/airflow/example_dags/example_trigger_target_dag.py
[2025-06-01T18:16:46.631+0200] {logging_mixin.py:154} INFO - [2025-06-01T18:16:46.631+0200] {dag.py:2941} INFO - Sync 1 DAGs
[2025-06-01T18:16:46.638+0200] {logging_mixin.py:154} INFO - [2025-06-01T18:16:46.638+0200] {dag.py:3722} INFO - Setting next_dagrun for example_trigger_target_dag to None, run_after=None
[2025-06-01T18:16:46.653+0200] {processor.py:179} INFO - Processing /home/lohit/miniconda3/envs/airflow-env/lib/python3.8/site-packages/airflow/example_dags/example_trigger_target_dag.py took 0.040 seconds
[2025-06-01T18:17:34.169+0200] {processor.py:157} INFO - Started process (PID=29348) to work on /home/lohit/miniconda3/envs/airflow-env/lib/python3.8/site-packages/airflow/example_dags/example_trigger_target_dag.py
[2025-06-01T18:17:34.173+0200] {processor.py:829} INFO - Processing file /home/lohit/miniconda3/envs/airflow-env/lib/python3.8/site-packages/airflow/example_dags/example_trigger_target_dag.py for tasks to queue
[2025-06-01T18:17:34.174+0200] {logging_mixin.py:154} INFO - [2025-06-01T18:17:34.173+0200] {dagbag.py:536} INFO - Filling up the DagBag from /home/lohit/miniconda3/envs/airflow-env/lib/python3.8/site-packages/airflow/example_dags/example_trigger_target_dag.py
[2025-06-01T18:17:34.178+0200] {processor.py:839} INFO - DAG(s) dict_keys(['example_trigger_target_dag']) retrieved from /home/lohit/miniconda3/envs/airflow-env/lib/python3.8/site-packages/airflow/example_dags/example_trigger_target_dag.py
[2025-06-01T18:17:34.188+0200] {logging_mixin.py:154} INFO - [2025-06-01T18:17:34.188+0200] {dag.py:2941} INFO - Sync 1 DAGs
[2025-06-01T18:17:34.196+0200] {logging_mixin.py:154} INFO - [2025-06-01T18:17:34.196+0200] {dag.py:3722} INFO - Setting next_dagrun for example_trigger_target_dag to None, run_after=None
[2025-06-01T18:17:34.215+0200] {processor.py:179} INFO - Processing /home/lohit/miniconda3/envs/airflow-env/lib/python3.8/site-packages/airflow/example_dags/example_trigger_target_dag.py took 0.047 seconds
[2025-06-01T18:18:17.875+0200] {processor.py:157} INFO - Started process (PID=29414) to work on /home/lohit/miniconda3/envs/airflow-env/lib/python3.8/site-packages/airflow/example_dags/example_trigger_target_dag.py
[2025-06-01T18:18:17.878+0200] {processor.py:829} INFO - Processing file /home/lohit/miniconda3/envs/airflow-env/lib/python3.8/site-packages/airflow/example_dags/example_trigger_target_dag.py for tasks to queue
[2025-06-01T18:18:17.879+0200] {logging_mixin.py:154} INFO - [2025-06-01T18:18:17.879+0200] {dagbag.py:536} INFO - Filling up the DagBag from /home/lohit/miniconda3/envs/airflow-env/lib/python3.8/site-packages/airflow/example_dags/example_trigger_target_dag.py
[2025-06-01T18:18:17.883+0200] {processor.py:839} INFO - DAG(s) dict_keys(['example_trigger_target_dag']) retrieved from /home/lohit/miniconda3/envs/airflow-env/lib/python3.8/site-packages/airflow/example_dags/example_trigger_target_dag.py
[2025-06-01T18:18:17.894+0200] {logging_mixin.py:154} INFO - [2025-06-01T18:18:17.893+0200] {dag.py:2941} INFO - Sync 1 DAGs
[2025-06-01T18:18:17.901+0200] {logging_mixin.py:154} INFO - [2025-06-01T18:18:17.901+0200] {dag.py:3722} INFO - Setting next_dagrun for example_trigger_target_dag to None, run_after=None
[2025-06-01T18:18:17.918+0200] {processor.py:179} INFO - Processing /home/lohit/miniconda3/envs/airflow-env/lib/python3.8/site-packages/airflow/example_dags/example_trigger_target_dag.py took 0.046 seconds
[2025-06-01T18:19:03.178+0200] {processor.py:157} INFO - Started process (PID=29483) to work on /home/lohit/miniconda3/envs/airflow-env/lib/python3.8/site-packages/airflow/example_dags/example_trigger_target_dag.py
[2025-06-01T18:19:03.182+0200] {processor.py:829} INFO - Processing file /home/lohit/miniconda3/envs/airflow-env/lib/python3.8/site-packages/airflow/example_dags/example_trigger_target_dag.py for tasks to queue
[2025-06-01T18:19:03.182+0200] {logging_mixin.py:154} INFO - [2025-06-01T18:19:03.182+0200] {dagbag.py:536} INFO - Filling up the DagBag from /home/lohit/miniconda3/envs/airflow-env/lib/python3.8/site-packages/airflow/example_dags/example_trigger_target_dag.py
[2025-06-01T18:19:03.186+0200] {processor.py:839} INFO - DAG(s) dict_keys(['example_trigger_target_dag']) retrieved from /home/lohit/miniconda3/envs/airflow-env/lib/python3.8/site-packages/airflow/example_dags/example_trigger_target_dag.py
[2025-06-01T18:19:03.198+0200] {logging_mixin.py:154} INFO - [2025-06-01T18:19:03.198+0200] {dag.py:2941} INFO - Sync 1 DAGs
[2025-06-01T18:19:03.205+0200] {logging_mixin.py:154} INFO - [2025-06-01T18:19:03.204+0200] {dag.py:3722} INFO - Setting next_dagrun for example_trigger_target_dag to None, run_after=None
[2025-06-01T18:19:03.223+0200] {processor.py:179} INFO - Processing /home/lohit/miniconda3/envs/airflow-env/lib/python3.8/site-packages/airflow/example_dags/example_trigger_target_dag.py took 0.046 seconds
[2025-06-01T18:19:53.287+0200] {processor.py:157} INFO - Started process (PID=29555) to work on /home/lohit/miniconda3/envs/airflow-env/lib/python3.8/site-packages/airflow/example_dags/example_trigger_target_dag.py
[2025-06-01T18:19:53.291+0200] {processor.py:829} INFO - Processing file /home/lohit/miniconda3/envs/airflow-env/lib/python3.8/site-packages/airflow/example_dags/example_trigger_target_dag.py for tasks to queue
[2025-06-01T18:19:53.291+0200] {logging_mixin.py:154} INFO - [2025-06-01T18:19:53.291+0200] {dagbag.py:536} INFO - Filling up the DagBag from /home/lohit/miniconda3/envs/airflow-env/lib/python3.8/site-packages/airflow/example_dags/example_trigger_target_dag.py
[2025-06-01T18:19:53.295+0200] {processor.py:839} INFO - DAG(s) dict_keys(['example_trigger_target_dag']) retrieved from /home/lohit/miniconda3/envs/airflow-env/lib/python3.8/site-packages/airflow/example_dags/example_trigger_target_dag.py
[2025-06-01T18:19:53.306+0200] {logging_mixin.py:154} INFO - [2025-06-01T18:19:53.305+0200] {dag.py:2941} INFO - Sync 1 DAGs
[2025-06-01T18:19:53.312+0200] {logging_mixin.py:154} INFO - [2025-06-01T18:19:53.312+0200] {dag.py:3722} INFO - Setting next_dagrun for example_trigger_target_dag to None, run_after=None
[2025-06-01T18:19:53.330+0200] {processor.py:179} INFO - Processing /home/lohit/miniconda3/envs/airflow-env/lib/python3.8/site-packages/airflow/example_dags/example_trigger_target_dag.py took 0.045 seconds
[2025-06-01T18:20:41.045+0200] {processor.py:157} INFO - Started process (PID=29625) to work on /home/lohit/miniconda3/envs/airflow-env/lib/python3.8/site-packages/airflow/example_dags/example_trigger_target_dag.py
[2025-06-01T18:20:41.047+0200] {processor.py:829} INFO - Processing file /home/lohit/miniconda3/envs/airflow-env/lib/python3.8/site-packages/airflow/example_dags/example_trigger_target_dag.py for tasks to queue
[2025-06-01T18:20:41.047+0200] {logging_mixin.py:154} INFO - [2025-06-01T18:20:41.047+0200] {dagbag.py:536} INFO - Filling up the DagBag from /home/lohit/miniconda3/envs/airflow-env/lib/python3.8/site-packages/airflow/example_dags/example_trigger_target_dag.py
[2025-06-01T18:20:41.051+0200] {processor.py:839} INFO - DAG(s) dict_keys(['example_trigger_target_dag']) retrieved from /home/lohit/miniconda3/envs/airflow-env/lib/python3.8/site-packages/airflow/example_dags/example_trigger_target_dag.py
[2025-06-01T18:20:41.061+0200] {logging_mixin.py:154} INFO - [2025-06-01T18:20:41.061+0200] {dag.py:2941} INFO - Sync 1 DAGs
[2025-06-01T18:20:41.067+0200] {logging_mixin.py:154} INFO - [2025-06-01T18:20:41.067+0200] {dag.py:3722} INFO - Setting next_dagrun for example_trigger_target_dag to None, run_after=None
[2025-06-01T18:20:41.083+0200] {processor.py:179} INFO - Processing /home/lohit/miniconda3/envs/airflow-env/lib/python3.8/site-packages/airflow/example_dags/example_trigger_target_dag.py took 0.040 seconds
[2025-06-01T18:21:28.401+0200] {processor.py:157} INFO - Started process (PID=29696) to work on /home/lohit/miniconda3/envs/airflow-env/lib/python3.8/site-packages/airflow/example_dags/example_trigger_target_dag.py
[2025-06-01T18:21:28.405+0200] {processor.py:829} INFO - Processing file /home/lohit/miniconda3/envs/airflow-env/lib/python3.8/site-packages/airflow/example_dags/example_trigger_target_dag.py for tasks to queue
[2025-06-01T18:21:28.406+0200] {logging_mixin.py:154} INFO - [2025-06-01T18:21:28.405+0200] {dagbag.py:536} INFO - Filling up the DagBag from /home/lohit/miniconda3/envs/airflow-env/lib/python3.8/site-packages/airflow/example_dags/example_trigger_target_dag.py
[2025-06-01T18:21:28.411+0200] {processor.py:839} INFO - DAG(s) dict_keys(['example_trigger_target_dag']) retrieved from /home/lohit/miniconda3/envs/airflow-env/lib/python3.8/site-packages/airflow/example_dags/example_trigger_target_dag.py
[2025-06-01T18:21:28.422+0200] {logging_mixin.py:154} INFO - [2025-06-01T18:21:28.421+0200] {dag.py:2941} INFO - Sync 1 DAGs
[2025-06-01T18:21:28.429+0200] {logging_mixin.py:154} INFO - [2025-06-01T18:21:28.429+0200] {dag.py:3722} INFO - Setting next_dagrun for example_trigger_target_dag to None, run_after=None
[2025-06-01T18:21:28.446+0200] {processor.py:179} INFO - Processing /home/lohit/miniconda3/envs/airflow-env/lib/python3.8/site-packages/airflow/example_dags/example_trigger_target_dag.py took 0.047 seconds
[2025-06-01T18:22:14.466+0200] {processor.py:157} INFO - Started process (PID=29766) to work on /home/lohit/miniconda3/envs/airflow-env/lib/python3.8/site-packages/airflow/example_dags/example_trigger_target_dag.py
[2025-06-01T18:22:14.467+0200] {processor.py:829} INFO - Processing file /home/lohit/miniconda3/envs/airflow-env/lib/python3.8/site-packages/airflow/example_dags/example_trigger_target_dag.py for tasks to queue
[2025-06-01T18:22:14.468+0200] {logging_mixin.py:154} INFO - [2025-06-01T18:22:14.468+0200] {dagbag.py:536} INFO - Filling up the DagBag from /home/lohit/miniconda3/envs/airflow-env/lib/python3.8/site-packages/airflow/example_dags/example_trigger_target_dag.py
[2025-06-01T18:22:14.472+0200] {processor.py:839} INFO - DAG(s) dict_keys(['example_trigger_target_dag']) retrieved from /home/lohit/miniconda3/envs/airflow-env/lib/python3.8/site-packages/airflow/example_dags/example_trigger_target_dag.py
[2025-06-01T18:22:14.484+0200] {logging_mixin.py:154} INFO - [2025-06-01T18:22:14.483+0200] {dag.py:2941} INFO - Sync 1 DAGs
[2025-06-01T18:22:14.491+0200] {logging_mixin.py:154} INFO - [2025-06-01T18:22:14.491+0200] {dag.py:3722} INFO - Setting next_dagrun for example_trigger_target_dag to None, run_after=None
[2025-06-01T18:22:14.515+0200] {processor.py:179} INFO - Processing /home/lohit/miniconda3/envs/airflow-env/lib/python3.8/site-packages/airflow/example_dags/example_trigger_target_dag.py took 0.052 seconds
[2025-06-01T18:23:02.991+0200] {processor.py:157} INFO - Started process (PID=29836) to work on /home/lohit/miniconda3/envs/airflow-env/lib/python3.8/site-packages/airflow/example_dags/example_trigger_target_dag.py
[2025-06-01T18:23:02.994+0200] {processor.py:829} INFO - Processing file /home/lohit/miniconda3/envs/airflow-env/lib/python3.8/site-packages/airflow/example_dags/example_trigger_target_dag.py for tasks to queue
[2025-06-01T18:23:02.994+0200] {logging_mixin.py:154} INFO - [2025-06-01T18:23:02.994+0200] {dagbag.py:536} INFO - Filling up the DagBag from /home/lohit/miniconda3/envs/airflow-env/lib/python3.8/site-packages/airflow/example_dags/example_trigger_target_dag.py
[2025-06-01T18:23:02.998+0200] {processor.py:839} INFO - DAG(s) dict_keys(['example_trigger_target_dag']) retrieved from /home/lohit/miniconda3/envs/airflow-env/lib/python3.8/site-packages/airflow/example_dags/example_trigger_target_dag.py
[2025-06-01T18:23:03.008+0200] {logging_mixin.py:154} INFO - [2025-06-01T18:23:03.008+0200] {dag.py:2941} INFO - Sync 1 DAGs
[2025-06-01T18:23:03.016+0200] {logging_mixin.py:154} INFO - [2025-06-01T18:23:03.016+0200] {dag.py:3722} INFO - Setting next_dagrun for example_trigger_target_dag to None, run_after=None
[2025-06-01T18:23:03.032+0200] {processor.py:179} INFO - Processing /home/lohit/miniconda3/envs/airflow-env/lib/python3.8/site-packages/airflow/example_dags/example_trigger_target_dag.py took 0.043 seconds
[2025-06-01T18:23:53.486+0200] {processor.py:157} INFO - Started process (PID=29908) to work on /home/lohit/miniconda3/envs/airflow-env/lib/python3.8/site-packages/airflow/example_dags/example_trigger_target_dag.py
[2025-06-01T18:23:53.490+0200] {processor.py:829} INFO - Processing file /home/lohit/miniconda3/envs/airflow-env/lib/python3.8/site-packages/airflow/example_dags/example_trigger_target_dag.py for tasks to queue
[2025-06-01T18:23:53.490+0200] {logging_mixin.py:154} INFO - [2025-06-01T18:23:53.490+0200] {dagbag.py:536} INFO - Filling up the DagBag from /home/lohit/miniconda3/envs/airflow-env/lib/python3.8/site-packages/airflow/example_dags/example_trigger_target_dag.py
[2025-06-01T18:23:53.494+0200] {processor.py:839} INFO - DAG(s) dict_keys(['example_trigger_target_dag']) retrieved from /home/lohit/miniconda3/envs/airflow-env/lib/python3.8/site-packages/airflow/example_dags/example_trigger_target_dag.py
[2025-06-01T18:23:53.503+0200] {logging_mixin.py:154} INFO - [2025-06-01T18:23:53.503+0200] {dag.py:2941} INFO - Sync 1 DAGs
[2025-06-01T18:23:53.509+0200] {logging_mixin.py:154} INFO - [2025-06-01T18:23:53.508+0200] {dag.py:3722} INFO - Setting next_dagrun for example_trigger_target_dag to None, run_after=None
[2025-06-01T18:23:53.525+0200] {processor.py:179} INFO - Processing /home/lohit/miniconda3/envs/airflow-env/lib/python3.8/site-packages/airflow/example_dags/example_trigger_target_dag.py took 0.040 seconds
[2025-06-01T18:24:37.466+0200] {processor.py:157} INFO - Started process (PID=29976) to work on /home/lohit/miniconda3/envs/airflow-env/lib/python3.8/site-packages/airflow/example_dags/example_trigger_target_dag.py
[2025-06-01T18:24:37.467+0200] {processor.py:829} INFO - Processing file /home/lohit/miniconda3/envs/airflow-env/lib/python3.8/site-packages/airflow/example_dags/example_trigger_target_dag.py for tasks to queue
[2025-06-01T18:24:37.468+0200] {logging_mixin.py:154} INFO - [2025-06-01T18:24:37.467+0200] {dagbag.py:536} INFO - Filling up the DagBag from /home/lohit/miniconda3/envs/airflow-env/lib/python3.8/site-packages/airflow/example_dags/example_trigger_target_dag.py
[2025-06-01T18:24:37.472+0200] {processor.py:839} INFO - DAG(s) dict_keys(['example_trigger_target_dag']) retrieved from /home/lohit/miniconda3/envs/airflow-env/lib/python3.8/site-packages/airflow/example_dags/example_trigger_target_dag.py
[2025-06-01T18:24:37.484+0200] {logging_mixin.py:154} INFO - [2025-06-01T18:24:37.483+0200] {dag.py:2941} INFO - Sync 1 DAGs
[2025-06-01T18:24:37.490+0200] {logging_mixin.py:154} INFO - [2025-06-01T18:24:37.490+0200] {dag.py:3722} INFO - Setting next_dagrun for example_trigger_target_dag to None, run_after=None
[2025-06-01T18:24:37.508+0200] {processor.py:179} INFO - Processing /home/lohit/miniconda3/envs/airflow-env/lib/python3.8/site-packages/airflow/example_dags/example_trigger_target_dag.py took 0.044 seconds
[2025-06-01T18:25:26.675+0200] {processor.py:157} INFO - Started process (PID=30047) to work on /home/lohit/miniconda3/envs/airflow-env/lib/python3.8/site-packages/airflow/example_dags/example_trigger_target_dag.py
[2025-06-01T18:25:26.678+0200] {processor.py:829} INFO - Processing file /home/lohit/miniconda3/envs/airflow-env/lib/python3.8/site-packages/airflow/example_dags/example_trigger_target_dag.py for tasks to queue
[2025-06-01T18:25:26.679+0200] {logging_mixin.py:154} INFO - [2025-06-01T18:25:26.679+0200] {dagbag.py:536} INFO - Filling up the DagBag from /home/lohit/miniconda3/envs/airflow-env/lib/python3.8/site-packages/airflow/example_dags/example_trigger_target_dag.py
[2025-06-01T18:25:26.684+0200] {processor.py:839} INFO - DAG(s) dict_keys(['example_trigger_target_dag']) retrieved from /home/lohit/miniconda3/envs/airflow-env/lib/python3.8/site-packages/airflow/example_dags/example_trigger_target_dag.py
[2025-06-01T18:25:26.694+0200] {logging_mixin.py:154} INFO - [2025-06-01T18:25:26.694+0200] {dag.py:2941} INFO - Sync 1 DAGs
[2025-06-01T18:25:26.701+0200] {logging_mixin.py:154} INFO - [2025-06-01T18:25:26.701+0200] {dag.py:3722} INFO - Setting next_dagrun for example_trigger_target_dag to None, run_after=None
[2025-06-01T18:25:26.718+0200] {processor.py:179} INFO - Processing /home/lohit/miniconda3/envs/airflow-env/lib/python3.8/site-packages/airflow/example_dags/example_trigger_target_dag.py took 0.045 seconds
[2025-06-01T18:26:11.324+0200] {processor.py:157} INFO - Started process (PID=30117) to work on /home/lohit/miniconda3/envs/airflow-env/lib/python3.8/site-packages/airflow/example_dags/example_trigger_target_dag.py
[2025-06-01T18:26:11.326+0200] {processor.py:829} INFO - Processing file /home/lohit/miniconda3/envs/airflow-env/lib/python3.8/site-packages/airflow/example_dags/example_trigger_target_dag.py for tasks to queue
[2025-06-01T18:26:11.326+0200] {logging_mixin.py:154} INFO - [2025-06-01T18:26:11.326+0200] {dagbag.py:536} INFO - Filling up the DagBag from /home/lohit/miniconda3/envs/airflow-env/lib/python3.8/site-packages/airflow/example_dags/example_trigger_target_dag.py
[2025-06-01T18:26:11.331+0200] {processor.py:839} INFO - DAG(s) dict_keys(['example_trigger_target_dag']) retrieved from /home/lohit/miniconda3/envs/airflow-env/lib/python3.8/site-packages/airflow/example_dags/example_trigger_target_dag.py
[2025-06-01T18:26:11.342+0200] {logging_mixin.py:154} INFO - [2025-06-01T18:26:11.341+0200] {dag.py:2941} INFO - Sync 1 DAGs
[2025-06-01T18:26:11.348+0200] {logging_mixin.py:154} INFO - [2025-06-01T18:26:11.348+0200] {dag.py:3722} INFO - Setting next_dagrun for example_trigger_target_dag to None, run_after=None
[2025-06-01T18:26:11.367+0200] {processor.py:179} INFO - Processing /home/lohit/miniconda3/envs/airflow-env/lib/python3.8/site-packages/airflow/example_dags/example_trigger_target_dag.py took 0.044 seconds
[2025-06-01T18:27:00.083+0200] {processor.py:157} INFO - Started process (PID=30188) to work on /home/lohit/miniconda3/envs/airflow-env/lib/python3.8/site-packages/airflow/example_dags/example_trigger_target_dag.py
[2025-06-01T18:27:00.084+0200] {processor.py:829} INFO - Processing file /home/lohit/miniconda3/envs/airflow-env/lib/python3.8/site-packages/airflow/example_dags/example_trigger_target_dag.py for tasks to queue
[2025-06-01T18:27:00.085+0200] {logging_mixin.py:154} INFO - [2025-06-01T18:27:00.085+0200] {dagbag.py:536} INFO - Filling up the DagBag from /home/lohit/miniconda3/envs/airflow-env/lib/python3.8/site-packages/airflow/example_dags/example_trigger_target_dag.py
[2025-06-01T18:27:00.089+0200] {processor.py:839} INFO - DAG(s) dict_keys(['example_trigger_target_dag']) retrieved from /home/lohit/miniconda3/envs/airflow-env/lib/python3.8/site-packages/airflow/example_dags/example_trigger_target_dag.py
[2025-06-01T18:27:00.099+0200] {logging_mixin.py:154} INFO - [2025-06-01T18:27:00.099+0200] {dag.py:2941} INFO - Sync 1 DAGs
[2025-06-01T18:27:00.106+0200] {logging_mixin.py:154} INFO - [2025-06-01T18:27:00.106+0200] {dag.py:3722} INFO - Setting next_dagrun for example_trigger_target_dag to None, run_after=None
[2025-06-01T18:27:00.121+0200] {processor.py:179} INFO - Processing /home/lohit/miniconda3/envs/airflow-env/lib/python3.8/site-packages/airflow/example_dags/example_trigger_target_dag.py took 0.041 seconds
[2025-06-01T18:27:44.837+0200] {processor.py:157} INFO - Started process (PID=30256) to work on /home/lohit/miniconda3/envs/airflow-env/lib/python3.8/site-packages/airflow/example_dags/example_trigger_target_dag.py
[2025-06-01T18:27:44.840+0200] {processor.py:829} INFO - Processing file /home/lohit/miniconda3/envs/airflow-env/lib/python3.8/site-packages/airflow/example_dags/example_trigger_target_dag.py for tasks to queue
[2025-06-01T18:27:44.841+0200] {logging_mixin.py:154} INFO - [2025-06-01T18:27:44.841+0200] {dagbag.py:536} INFO - Filling up the DagBag from /home/lohit/miniconda3/envs/airflow-env/lib/python3.8/site-packages/airflow/example_dags/example_trigger_target_dag.py
[2025-06-01T18:27:44.846+0200] {processor.py:839} INFO - DAG(s) dict_keys(['example_trigger_target_dag']) retrieved from /home/lohit/miniconda3/envs/airflow-env/lib/python3.8/site-packages/airflow/example_dags/example_trigger_target_dag.py
[2025-06-01T18:27:44.857+0200] {logging_mixin.py:154} INFO - [2025-06-01T18:27:44.857+0200] {dag.py:2941} INFO - Sync 1 DAGs
[2025-06-01T18:27:44.864+0200] {logging_mixin.py:154} INFO - [2025-06-01T18:27:44.864+0200] {dag.py:3722} INFO - Setting next_dagrun for example_trigger_target_dag to None, run_after=None
[2025-06-01T18:27:44.881+0200] {processor.py:179} INFO - Processing /home/lohit/miniconda3/envs/airflow-env/lib/python3.8/site-packages/airflow/example_dags/example_trigger_target_dag.py took 0.047 seconds
[2025-06-01T18:28:35.401+0200] {processor.py:157} INFO - Started process (PID=30328) to work on /home/lohit/miniconda3/envs/airflow-env/lib/python3.8/site-packages/airflow/example_dags/example_trigger_target_dag.py
[2025-06-01T18:28:35.404+0200] {processor.py:829} INFO - Processing file /home/lohit/miniconda3/envs/airflow-env/lib/python3.8/site-packages/airflow/example_dags/example_trigger_target_dag.py for tasks to queue
[2025-06-01T18:28:35.404+0200] {logging_mixin.py:154} INFO - [2025-06-01T18:28:35.404+0200] {dagbag.py:536} INFO - Filling up the DagBag from /home/lohit/miniconda3/envs/airflow-env/lib/python3.8/site-packages/airflow/example_dags/example_trigger_target_dag.py
[2025-06-01T18:28:35.408+0200] {processor.py:839} INFO - DAG(s) dict_keys(['example_trigger_target_dag']) retrieved from /home/lohit/miniconda3/envs/airflow-env/lib/python3.8/site-packages/airflow/example_dags/example_trigger_target_dag.py
[2025-06-01T18:28:35.418+0200] {logging_mixin.py:154} INFO - [2025-06-01T18:28:35.418+0200] {dag.py:2941} INFO - Sync 1 DAGs
[2025-06-01T18:28:35.428+0200] {logging_mixin.py:154} INFO - [2025-06-01T18:28:35.428+0200] {dag.py:3722} INFO - Setting next_dagrun for example_trigger_target_dag to None, run_after=None
[2025-06-01T18:28:35.445+0200] {processor.py:179} INFO - Processing /home/lohit/miniconda3/envs/airflow-env/lib/python3.8/site-packages/airflow/example_dags/example_trigger_target_dag.py took 0.046 seconds
[2025-06-01T18:29:18.705+0200] {processor.py:157} INFO - Started process (PID=30396) to work on /home/lohit/miniconda3/envs/airflow-env/lib/python3.8/site-packages/airflow/example_dags/example_trigger_target_dag.py
[2025-06-01T18:29:18.708+0200] {processor.py:829} INFO - Processing file /home/lohit/miniconda3/envs/airflow-env/lib/python3.8/site-packages/airflow/example_dags/example_trigger_target_dag.py for tasks to queue
[2025-06-01T18:29:18.709+0200] {logging_mixin.py:154} INFO - [2025-06-01T18:29:18.709+0200] {dagbag.py:536} INFO - Filling up the DagBag from /home/lohit/miniconda3/envs/airflow-env/lib/python3.8/site-packages/airflow/example_dags/example_trigger_target_dag.py
[2025-06-01T18:29:18.714+0200] {processor.py:839} INFO - DAG(s) dict_keys(['example_trigger_target_dag']) retrieved from /home/lohit/miniconda3/envs/airflow-env/lib/python3.8/site-packages/airflow/example_dags/example_trigger_target_dag.py
[2025-06-01T18:29:18.725+0200] {logging_mixin.py:154} INFO - [2025-06-01T18:29:18.725+0200] {dag.py:2941} INFO - Sync 1 DAGs
[2025-06-01T18:29:18.733+0200] {logging_mixin.py:154} INFO - [2025-06-01T18:29:18.733+0200] {dag.py:3722} INFO - Setting next_dagrun for example_trigger_target_dag to None, run_after=None
[2025-06-01T18:29:18.750+0200] {processor.py:179} INFO - Processing /home/lohit/miniconda3/envs/airflow-env/lib/python3.8/site-packages/airflow/example_dags/example_trigger_target_dag.py took 0.047 seconds
[2025-06-01T18:30:07.760+0200] {processor.py:157} INFO - Started process (PID=30467) to work on /home/lohit/miniconda3/envs/airflow-env/lib/python3.8/site-packages/airflow/example_dags/example_trigger_target_dag.py
[2025-06-01T18:30:07.764+0200] {processor.py:829} INFO - Processing file /home/lohit/miniconda3/envs/airflow-env/lib/python3.8/site-packages/airflow/example_dags/example_trigger_target_dag.py for tasks to queue
[2025-06-01T18:30:07.764+0200] {logging_mixin.py:154} INFO - [2025-06-01T18:30:07.764+0200] {dagbag.py:536} INFO - Filling up the DagBag from /home/lohit/miniconda3/envs/airflow-env/lib/python3.8/site-packages/airflow/example_dags/example_trigger_target_dag.py
[2025-06-01T18:30:07.768+0200] {processor.py:839} INFO - DAG(s) dict_keys(['example_trigger_target_dag']) retrieved from /home/lohit/miniconda3/envs/airflow-env/lib/python3.8/site-packages/airflow/example_dags/example_trigger_target_dag.py
[2025-06-01T18:30:07.778+0200] {logging_mixin.py:154} INFO - [2025-06-01T18:30:07.778+0200] {dag.py:2941} INFO - Sync 1 DAGs
[2025-06-01T18:30:07.785+0200] {logging_mixin.py:154} INFO - [2025-06-01T18:30:07.784+0200] {dag.py:3722} INFO - Setting next_dagrun for example_trigger_target_dag to None, run_after=None
[2025-06-01T18:30:07.802+0200] {processor.py:179} INFO - Processing /home/lohit/miniconda3/envs/airflow-env/lib/python3.8/site-packages/airflow/example_dags/example_trigger_target_dag.py took 0.046 seconds
[2025-06-01T18:30:48.869+0200] {processor.py:157} INFO - Started process (PID=30533) to work on /home/lohit/miniconda3/envs/airflow-env/lib/python3.8/site-packages/airflow/example_dags/example_trigger_target_dag.py
[2025-06-01T18:30:48.873+0200] {processor.py:829} INFO - Processing file /home/lohit/miniconda3/envs/airflow-env/lib/python3.8/site-packages/airflow/example_dags/example_trigger_target_dag.py for tasks to queue
[2025-06-01T18:30:48.873+0200] {logging_mixin.py:154} INFO - [2025-06-01T18:30:48.873+0200] {dagbag.py:536} INFO - Filling up the DagBag from /home/lohit/miniconda3/envs/airflow-env/lib/python3.8/site-packages/airflow/example_dags/example_trigger_target_dag.py
[2025-06-01T18:30:48.877+0200] {processor.py:839} INFO - DAG(s) dict_keys(['example_trigger_target_dag']) retrieved from /home/lohit/miniconda3/envs/airflow-env/lib/python3.8/site-packages/airflow/example_dags/example_trigger_target_dag.py
[2025-06-01T18:30:48.889+0200] {logging_mixin.py:154} INFO - [2025-06-01T18:30:48.889+0200] {dag.py:2941} INFO - Sync 1 DAGs
[2025-06-01T18:30:48.897+0200] {logging_mixin.py:154} INFO - [2025-06-01T18:30:48.896+0200] {dag.py:3722} INFO - Setting next_dagrun for example_trigger_target_dag to None, run_after=None
[2025-06-01T18:30:48.914+0200] {processor.py:179} INFO - Processing /home/lohit/miniconda3/envs/airflow-env/lib/python3.8/site-packages/airflow/example_dags/example_trigger_target_dag.py took 0.046 seconds
[2025-06-01T18:31:34.067+0200] {processor.py:157} INFO - Started process (PID=30603) to work on /home/lohit/miniconda3/envs/airflow-env/lib/python3.8/site-packages/airflow/example_dags/example_trigger_target_dag.py
[2025-06-01T18:31:34.071+0200] {processor.py:829} INFO - Processing file /home/lohit/miniconda3/envs/airflow-env/lib/python3.8/site-packages/airflow/example_dags/example_trigger_target_dag.py for tasks to queue
[2025-06-01T18:31:34.071+0200] {logging_mixin.py:154} INFO - [2025-06-01T18:31:34.071+0200] {dagbag.py:536} INFO - Filling up the DagBag from /home/lohit/miniconda3/envs/airflow-env/lib/python3.8/site-packages/airflow/example_dags/example_trigger_target_dag.py
[2025-06-01T18:31:34.075+0200] {processor.py:839} INFO - DAG(s) dict_keys(['example_trigger_target_dag']) retrieved from /home/lohit/miniconda3/envs/airflow-env/lib/python3.8/site-packages/airflow/example_dags/example_trigger_target_dag.py
[2025-06-01T18:31:34.086+0200] {logging_mixin.py:154} INFO - [2025-06-01T18:31:34.086+0200] {dag.py:2941} INFO - Sync 1 DAGs
[2025-06-01T18:31:34.093+0200] {logging_mixin.py:154} INFO - [2025-06-01T18:31:34.093+0200] {dag.py:3722} INFO - Setting next_dagrun for example_trigger_target_dag to None, run_after=None
[2025-06-01T18:31:34.109+0200] {processor.py:179} INFO - Processing /home/lohit/miniconda3/envs/airflow-env/lib/python3.8/site-packages/airflow/example_dags/example_trigger_target_dag.py took 0.044 seconds
[2025-06-01T18:32:19.691+0200] {processor.py:157} INFO - Started process (PID=30671) to work on /home/lohit/miniconda3/envs/airflow-env/lib/python3.8/site-packages/airflow/example_dags/example_trigger_target_dag.py
[2025-06-01T18:32:19.695+0200] {processor.py:829} INFO - Processing file /home/lohit/miniconda3/envs/airflow-env/lib/python3.8/site-packages/airflow/example_dags/example_trigger_target_dag.py for tasks to queue
[2025-06-01T18:32:19.695+0200] {logging_mixin.py:154} INFO - [2025-06-01T18:32:19.695+0200] {dagbag.py:536} INFO - Filling up the DagBag from /home/lohit/miniconda3/envs/airflow-env/lib/python3.8/site-packages/airflow/example_dags/example_trigger_target_dag.py
[2025-06-01T18:32:19.699+0200] {processor.py:839} INFO - DAG(s) dict_keys(['example_trigger_target_dag']) retrieved from /home/lohit/miniconda3/envs/airflow-env/lib/python3.8/site-packages/airflow/example_dags/example_trigger_target_dag.py
[2025-06-01T18:32:19.710+0200] {logging_mixin.py:154} INFO - [2025-06-01T18:32:19.710+0200] {dag.py:2941} INFO - Sync 1 DAGs
[2025-06-01T18:32:19.717+0200] {logging_mixin.py:154} INFO - [2025-06-01T18:32:19.717+0200] {dag.py:3722} INFO - Setting next_dagrun for example_trigger_target_dag to None, run_after=None
[2025-06-01T18:32:19.733+0200] {processor.py:179} INFO - Processing /home/lohit/miniconda3/envs/airflow-env/lib/python3.8/site-packages/airflow/example_dags/example_trigger_target_dag.py took 0.043 seconds
[2025-06-01T18:33:04.072+0200] {processor.py:157} INFO - Started process (PID=30740) to work on /home/lohit/miniconda3/envs/airflow-env/lib/python3.8/site-packages/airflow/example_dags/example_trigger_target_dag.py
[2025-06-01T18:33:04.075+0200] {processor.py:829} INFO - Processing file /home/lohit/miniconda3/envs/airflow-env/lib/python3.8/site-packages/airflow/example_dags/example_trigger_target_dag.py for tasks to queue
[2025-06-01T18:33:04.076+0200] {logging_mixin.py:154} INFO - [2025-06-01T18:33:04.076+0200] {dagbag.py:536} INFO - Filling up the DagBag from /home/lohit/miniconda3/envs/airflow-env/lib/python3.8/site-packages/airflow/example_dags/example_trigger_target_dag.py
[2025-06-01T18:33:04.080+0200] {processor.py:839} INFO - DAG(s) dict_keys(['example_trigger_target_dag']) retrieved from /home/lohit/miniconda3/envs/airflow-env/lib/python3.8/site-packages/airflow/example_dags/example_trigger_target_dag.py
[2025-06-01T18:33:04.091+0200] {logging_mixin.py:154} INFO - [2025-06-01T18:33:04.091+0200] {dag.py:2941} INFO - Sync 1 DAGs
[2025-06-01T18:33:04.097+0200] {logging_mixin.py:154} INFO - [2025-06-01T18:33:04.097+0200] {dag.py:3722} INFO - Setting next_dagrun for example_trigger_target_dag to None, run_after=None
[2025-06-01T18:33:04.113+0200] {processor.py:179} INFO - Processing /home/lohit/miniconda3/envs/airflow-env/lib/python3.8/site-packages/airflow/example_dags/example_trigger_target_dag.py took 0.043 seconds
[2025-06-01T18:33:50.736+0200] {processor.py:157} INFO - Started process (PID=30808) to work on /home/lohit/miniconda3/envs/airflow-env/lib/python3.8/site-packages/airflow/example_dags/example_trigger_target_dag.py
[2025-06-01T18:33:50.738+0200] {processor.py:829} INFO - Processing file /home/lohit/miniconda3/envs/airflow-env/lib/python3.8/site-packages/airflow/example_dags/example_trigger_target_dag.py for tasks to queue
[2025-06-01T18:33:50.738+0200] {logging_mixin.py:154} INFO - [2025-06-01T18:33:50.738+0200] {dagbag.py:536} INFO - Filling up the DagBag from /home/lohit/miniconda3/envs/airflow-env/lib/python3.8/site-packages/airflow/example_dags/example_trigger_target_dag.py
[2025-06-01T18:33:50.742+0200] {processor.py:839} INFO - DAG(s) dict_keys(['example_trigger_target_dag']) retrieved from /home/lohit/miniconda3/envs/airflow-env/lib/python3.8/site-packages/airflow/example_dags/example_trigger_target_dag.py
[2025-06-01T18:33:50.753+0200] {logging_mixin.py:154} INFO - [2025-06-01T18:33:50.753+0200] {dag.py:2941} INFO - Sync 1 DAGs
[2025-06-01T18:33:50.762+0200] {logging_mixin.py:154} INFO - [2025-06-01T18:33:50.762+0200] {dag.py:3722} INFO - Setting next_dagrun for example_trigger_target_dag to None, run_after=None
[2025-06-01T18:33:50.778+0200] {processor.py:179} INFO - Processing /home/lohit/miniconda3/envs/airflow-env/lib/python3.8/site-packages/airflow/example_dags/example_trigger_target_dag.py took 0.044 seconds
[2025-06-01T18:34:39.283+0200] {processor.py:157} INFO - Started process (PID=31595) to work on /home/lohit/miniconda3/envs/airflow-env/lib/python3.8/site-packages/airflow/example_dags/example_trigger_target_dag.py
[2025-06-01T18:34:39.287+0200] {processor.py:829} INFO - Processing file /home/lohit/miniconda3/envs/airflow-env/lib/python3.8/site-packages/airflow/example_dags/example_trigger_target_dag.py for tasks to queue
[2025-06-01T18:34:39.288+0200] {logging_mixin.py:154} INFO - [2025-06-01T18:34:39.287+0200] {dagbag.py:536} INFO - Filling up the DagBag from /home/lohit/miniconda3/envs/airflow-env/lib/python3.8/site-packages/airflow/example_dags/example_trigger_target_dag.py
[2025-06-01T18:34:39.292+0200] {processor.py:839} INFO - DAG(s) dict_keys(['example_trigger_target_dag']) retrieved from /home/lohit/miniconda3/envs/airflow-env/lib/python3.8/site-packages/airflow/example_dags/example_trigger_target_dag.py
[2025-06-01T18:34:39.303+0200] {logging_mixin.py:154} INFO - [2025-06-01T18:34:39.303+0200] {dag.py:2941} INFO - Sync 1 DAGs
[2025-06-01T18:34:39.312+0200] {logging_mixin.py:154} INFO - [2025-06-01T18:34:39.312+0200] {dag.py:3722} INFO - Setting next_dagrun for example_trigger_target_dag to None, run_after=None
[2025-06-01T18:34:39.331+0200] {processor.py:179} INFO - Processing /home/lohit/miniconda3/envs/airflow-env/lib/python3.8/site-packages/airflow/example_dags/example_trigger_target_dag.py took 0.049 seconds
[2025-06-01T18:35:25.530+0200] {processor.py:157} INFO - Started process (PID=31664) to work on /home/lohit/miniconda3/envs/airflow-env/lib/python3.8/site-packages/airflow/example_dags/example_trigger_target_dag.py
[2025-06-01T18:35:25.530+0200] {processor.py:829} INFO - Processing file /home/lohit/miniconda3/envs/airflow-env/lib/python3.8/site-packages/airflow/example_dags/example_trigger_target_dag.py for tasks to queue
[2025-06-01T18:35:25.531+0200] {logging_mixin.py:154} INFO - [2025-06-01T18:35:25.531+0200] {dagbag.py:536} INFO - Filling up the DagBag from /home/lohit/miniconda3/envs/airflow-env/lib/python3.8/site-packages/airflow/example_dags/example_trigger_target_dag.py
[2025-06-01T18:35:25.535+0200] {processor.py:839} INFO - DAG(s) dict_keys(['example_trigger_target_dag']) retrieved from /home/lohit/miniconda3/envs/airflow-env/lib/python3.8/site-packages/airflow/example_dags/example_trigger_target_dag.py
[2025-06-01T18:35:25.547+0200] {logging_mixin.py:154} INFO - [2025-06-01T18:35:25.547+0200] {dag.py:2941} INFO - Sync 1 DAGs
[2025-06-01T18:35:25.555+0200] {logging_mixin.py:154} INFO - [2025-06-01T18:35:25.555+0200] {dag.py:3722} INFO - Setting next_dagrun for example_trigger_target_dag to None, run_after=None
[2025-06-01T18:35:25.573+0200] {processor.py:179} INFO - Processing /home/lohit/miniconda3/envs/airflow-env/lib/python3.8/site-packages/airflow/example_dags/example_trigger_target_dag.py took 0.046 seconds
