[2025-06-01T17:53:00.495+0200] {processor.py:157} INFO - Started process (PID=27072) to work on /home/lohit/miniconda3/envs/airflow-env/lib/python3.8/site-packages/airflow/example_dags/example_sla_dag.py
[2025-06-01T17:53:00.496+0200] {processor.py:829} INFO - Processing file /home/lohit/miniconda3/envs/airflow-env/lib/python3.8/site-packages/airflow/example_dags/example_sla_dag.py for tasks to queue
[2025-06-01T17:53:00.497+0200] {logging_mixin.py:154} INFO - [2025-06-01T17:53:00.496+0200] {dagbag.py:536} INFO - Filling up the DagBag from /home/lohit/miniconda3/envs/airflow-env/lib/python3.8/site-packages/airflow/example_dags/example_sla_dag.py
[2025-06-01T17:53:00.502+0200] {processor.py:839} INFO - DAG(s) dict_keys(['example_sla_dag']) retrieved from /home/lohit/miniconda3/envs/airflow-env/lib/python3.8/site-packages/airflow/example_dags/example_sla_dag.py
[2025-06-01T17:53:00.511+0200] {logging_mixin.py:154} INFO - [2025-06-01T17:53:00.511+0200] {dag.py:2941} INFO - Sync 1 DAGs
[2025-06-01T17:53:00.525+0200] {logging_mixin.py:154} INFO - [2025-06-01T17:53:00.525+0200] {dag.py:3722} INFO - Setting next_dagrun for example_sla_dag to 2025-06-01T15:50:00+00:00, run_after=2025-06-01T15:52:00+00:00
[2025-06-01T17:53:00.543+0200] {processor.py:179} INFO - Processing /home/lohit/miniconda3/envs/airflow-env/lib/python3.8/site-packages/airflow/example_dags/example_sla_dag.py took 0.049 seconds
[2025-06-01T17:53:44.547+0200] {processor.py:157} INFO - Started process (PID=27140) to work on /home/lohit/miniconda3/envs/airflow-env/lib/python3.8/site-packages/airflow/example_dags/example_sla_dag.py
[2025-06-01T17:53:44.550+0200] {processor.py:829} INFO - Processing file /home/lohit/miniconda3/envs/airflow-env/lib/python3.8/site-packages/airflow/example_dags/example_sla_dag.py for tasks to queue
[2025-06-01T17:53:44.551+0200] {logging_mixin.py:154} INFO - [2025-06-01T17:53:44.551+0200] {dagbag.py:536} INFO - Filling up the DagBag from /home/lohit/miniconda3/envs/airflow-env/lib/python3.8/site-packages/airflow/example_dags/example_sla_dag.py
[2025-06-01T17:53:44.556+0200] {processor.py:839} INFO - DAG(s) dict_keys(['example_sla_dag']) retrieved from /home/lohit/miniconda3/envs/airflow-env/lib/python3.8/site-packages/airflow/example_dags/example_sla_dag.py
[2025-06-01T17:53:44.565+0200] {logging_mixin.py:154} INFO - [2025-06-01T17:53:44.565+0200] {dag.py:2941} INFO - Sync 1 DAGs
[2025-06-01T17:53:44.579+0200] {logging_mixin.py:154} INFO - [2025-06-01T17:53:44.578+0200] {dag.py:3722} INFO - Setting next_dagrun for example_sla_dag to 2025-06-01T15:50:00+00:00, run_after=2025-06-01T15:52:00+00:00
[2025-06-01T17:53:44.596+0200] {processor.py:179} INFO - Processing /home/lohit/miniconda3/envs/airflow-env/lib/python3.8/site-packages/airflow/example_dags/example_sla_dag.py took 0.051 seconds
[2025-06-01T17:54:27.894+0200] {processor.py:157} INFO - Started process (PID=27208) to work on /home/lohit/miniconda3/envs/airflow-env/lib/python3.8/site-packages/airflow/example_dags/example_sla_dag.py
[2025-06-01T17:54:27.898+0200] {processor.py:829} INFO - Processing file /home/lohit/miniconda3/envs/airflow-env/lib/python3.8/site-packages/airflow/example_dags/example_sla_dag.py for tasks to queue
[2025-06-01T17:54:27.898+0200] {logging_mixin.py:154} INFO - [2025-06-01T17:54:27.898+0200] {dagbag.py:536} INFO - Filling up the DagBag from /home/lohit/miniconda3/envs/airflow-env/lib/python3.8/site-packages/airflow/example_dags/example_sla_dag.py
[2025-06-01T17:54:27.904+0200] {processor.py:839} INFO - DAG(s) dict_keys(['example_sla_dag']) retrieved from /home/lohit/miniconda3/envs/airflow-env/lib/python3.8/site-packages/airflow/example_dags/example_sla_dag.py
[2025-06-01T17:54:27.914+0200] {logging_mixin.py:154} INFO - [2025-06-01T17:54:27.914+0200] {dag.py:2941} INFO - Sync 1 DAGs
[2025-06-01T17:54:27.925+0200] {logging_mixin.py:154} INFO - [2025-06-01T17:54:27.925+0200] {dag.py:3722} INFO - Setting next_dagrun for example_sla_dag to 2025-06-01T15:52:00+00:00, run_after=2025-06-01T15:54:00+00:00
[2025-06-01T17:54:27.941+0200] {processor.py:179} INFO - Processing /home/lohit/miniconda3/envs/airflow-env/lib/python3.8/site-packages/airflow/example_dags/example_sla_dag.py took 0.049 seconds
[2025-06-01T17:55:15.894+0200] {processor.py:157} INFO - Started process (PID=27278) to work on /home/lohit/miniconda3/envs/airflow-env/lib/python3.8/site-packages/airflow/example_dags/example_sla_dag.py
[2025-06-01T17:55:15.897+0200] {processor.py:829} INFO - Processing file /home/lohit/miniconda3/envs/airflow-env/lib/python3.8/site-packages/airflow/example_dags/example_sla_dag.py for tasks to queue
[2025-06-01T17:55:15.898+0200] {logging_mixin.py:154} INFO - [2025-06-01T17:55:15.898+0200] {dagbag.py:536} INFO - Filling up the DagBag from /home/lohit/miniconda3/envs/airflow-env/lib/python3.8/site-packages/airflow/example_dags/example_sla_dag.py
[2025-06-01T17:55:15.903+0200] {processor.py:839} INFO - DAG(s) dict_keys(['example_sla_dag']) retrieved from /home/lohit/miniconda3/envs/airflow-env/lib/python3.8/site-packages/airflow/example_dags/example_sla_dag.py
[2025-06-01T17:55:15.915+0200] {logging_mixin.py:154} INFO - [2025-06-01T17:55:15.915+0200] {dag.py:2941} INFO - Sync 1 DAGs
[2025-06-01T17:55:15.927+0200] {logging_mixin.py:154} INFO - [2025-06-01T17:55:15.927+0200] {dag.py:3722} INFO - Setting next_dagrun for example_sla_dag to 2025-06-01T15:52:00+00:00, run_after=2025-06-01T15:54:00+00:00
[2025-06-01T17:55:15.943+0200] {processor.py:179} INFO - Processing /home/lohit/miniconda3/envs/airflow-env/lib/python3.8/site-packages/airflow/example_dags/example_sla_dag.py took 0.051 seconds
[2025-06-01T17:56:05.684+0200] {processor.py:157} INFO - Started process (PID=27352) to work on /home/lohit/miniconda3/envs/airflow-env/lib/python3.8/site-packages/airflow/example_dags/example_sla_dag.py
[2025-06-01T17:56:05.688+0200] {processor.py:829} INFO - Processing file /home/lohit/miniconda3/envs/airflow-env/lib/python3.8/site-packages/airflow/example_dags/example_sla_dag.py for tasks to queue
[2025-06-01T17:56:05.689+0200] {logging_mixin.py:154} INFO - [2025-06-01T17:56:05.688+0200] {dagbag.py:536} INFO - Filling up the DagBag from /home/lohit/miniconda3/envs/airflow-env/lib/python3.8/site-packages/airflow/example_dags/example_sla_dag.py
[2025-06-01T17:56:05.694+0200] {processor.py:839} INFO - DAG(s) dict_keys(['example_sla_dag']) retrieved from /home/lohit/miniconda3/envs/airflow-env/lib/python3.8/site-packages/airflow/example_dags/example_sla_dag.py
[2025-06-01T17:56:05.704+0200] {logging_mixin.py:154} INFO - [2025-06-01T17:56:05.704+0200] {dag.py:2941} INFO - Sync 1 DAGs
[2025-06-01T17:56:05.717+0200] {logging_mixin.py:154} INFO - [2025-06-01T17:56:05.717+0200] {dag.py:3722} INFO - Setting next_dagrun for example_sla_dag to 2025-06-01T15:54:00+00:00, run_after=2025-06-01T15:56:00+00:00
[2025-06-01T17:56:05.732+0200] {processor.py:179} INFO - Processing /home/lohit/miniconda3/envs/airflow-env/lib/python3.8/site-packages/airflow/example_dags/example_sla_dag.py took 0.050 seconds
[2025-06-01T17:56:53.949+0200] {processor.py:157} INFO - Started process (PID=27422) to work on /home/lohit/miniconda3/envs/airflow-env/lib/python3.8/site-packages/airflow/example_dags/example_sla_dag.py
[2025-06-01T17:56:53.951+0200] {processor.py:829} INFO - Processing file /home/lohit/miniconda3/envs/airflow-env/lib/python3.8/site-packages/airflow/example_dags/example_sla_dag.py for tasks to queue
[2025-06-01T17:56:53.951+0200] {logging_mixin.py:154} INFO - [2025-06-01T17:56:53.951+0200] {dagbag.py:536} INFO - Filling up the DagBag from /home/lohit/miniconda3/envs/airflow-env/lib/python3.8/site-packages/airflow/example_dags/example_sla_dag.py
[2025-06-01T17:56:53.956+0200] {processor.py:839} INFO - DAG(s) dict_keys(['example_sla_dag']) retrieved from /home/lohit/miniconda3/envs/airflow-env/lib/python3.8/site-packages/airflow/example_dags/example_sla_dag.py
[2025-06-01T17:56:53.968+0200] {logging_mixin.py:154} INFO - [2025-06-01T17:56:53.968+0200] {dag.py:2941} INFO - Sync 1 DAGs
[2025-06-01T17:56:53.981+0200] {logging_mixin.py:154} INFO - [2025-06-01T17:56:53.981+0200] {dag.py:3722} INFO - Setting next_dagrun for example_sla_dag to 2025-06-01T15:54:00+00:00, run_after=2025-06-01T15:56:00+00:00
[2025-06-01T17:56:53.996+0200] {processor.py:179} INFO - Processing /home/lohit/miniconda3/envs/airflow-env/lib/python3.8/site-packages/airflow/example_dags/example_sla_dag.py took 0.049 seconds
[2025-06-01T17:57:38.539+0200] {processor.py:157} INFO - Started process (PID=27491) to work on /home/lohit/miniconda3/envs/airflow-env/lib/python3.8/site-packages/airflow/example_dags/example_sla_dag.py
[2025-06-01T17:57:38.542+0200] {processor.py:829} INFO - Processing file /home/lohit/miniconda3/envs/airflow-env/lib/python3.8/site-packages/airflow/example_dags/example_sla_dag.py for tasks to queue
[2025-06-01T17:57:38.542+0200] {logging_mixin.py:154} INFO - [2025-06-01T17:57:38.542+0200] {dagbag.py:536} INFO - Filling up the DagBag from /home/lohit/miniconda3/envs/airflow-env/lib/python3.8/site-packages/airflow/example_dags/example_sla_dag.py
[2025-06-01T17:57:38.547+0200] {processor.py:839} INFO - DAG(s) dict_keys(['example_sla_dag']) retrieved from /home/lohit/miniconda3/envs/airflow-env/lib/python3.8/site-packages/airflow/example_dags/example_sla_dag.py
[2025-06-01T17:57:38.556+0200] {logging_mixin.py:154} INFO - [2025-06-01T17:57:38.556+0200] {dag.py:2941} INFO - Sync 1 DAGs
[2025-06-01T17:57:38.568+0200] {logging_mixin.py:154} INFO - [2025-06-01T17:57:38.568+0200] {dag.py:3722} INFO - Setting next_dagrun for example_sla_dag to 2025-06-01T15:54:00+00:00, run_after=2025-06-01T15:56:00+00:00
[2025-06-01T17:57:38.583+0200] {processor.py:179} INFO - Processing /home/lohit/miniconda3/envs/airflow-env/lib/python3.8/site-packages/airflow/example_dags/example_sla_dag.py took 0.046 seconds
[2025-06-01T17:58:23.547+0200] {processor.py:157} INFO - Started process (PID=27558) to work on /home/lohit/miniconda3/envs/airflow-env/lib/python3.8/site-packages/airflow/example_dags/example_sla_dag.py
[2025-06-01T17:58:23.550+0200] {processor.py:829} INFO - Processing file /home/lohit/miniconda3/envs/airflow-env/lib/python3.8/site-packages/airflow/example_dags/example_sla_dag.py for tasks to queue
[2025-06-01T17:58:23.551+0200] {logging_mixin.py:154} INFO - [2025-06-01T17:58:23.550+0200] {dagbag.py:536} INFO - Filling up the DagBag from /home/lohit/miniconda3/envs/airflow-env/lib/python3.8/site-packages/airflow/example_dags/example_sla_dag.py
[2025-06-01T17:58:23.556+0200] {processor.py:839} INFO - DAG(s) dict_keys(['example_sla_dag']) retrieved from /home/lohit/miniconda3/envs/airflow-env/lib/python3.8/site-packages/airflow/example_dags/example_sla_dag.py
[2025-06-01T17:58:23.568+0200] {logging_mixin.py:154} INFO - [2025-06-01T17:58:23.568+0200] {dag.py:2941} INFO - Sync 1 DAGs
[2025-06-01T17:58:23.581+0200] {logging_mixin.py:154} INFO - [2025-06-01T17:58:23.581+0200] {dag.py:3722} INFO - Setting next_dagrun for example_sla_dag to 2025-06-01T15:56:00+00:00, run_after=2025-06-01T15:58:00+00:00
[2025-06-01T17:58:23.598+0200] {processor.py:179} INFO - Processing /home/lohit/miniconda3/envs/airflow-env/lib/python3.8/site-packages/airflow/example_dags/example_sla_dag.py took 0.053 seconds
[2025-06-01T17:59:10.928+0200] {processor.py:157} INFO - Started process (PID=27629) to work on /home/lohit/miniconda3/envs/airflow-env/lib/python3.8/site-packages/airflow/example_dags/example_sla_dag.py
[2025-06-01T17:59:10.931+0200] {processor.py:829} INFO - Processing file /home/lohit/miniconda3/envs/airflow-env/lib/python3.8/site-packages/airflow/example_dags/example_sla_dag.py for tasks to queue
[2025-06-01T17:59:10.932+0200] {logging_mixin.py:154} INFO - [2025-06-01T17:59:10.932+0200] {dagbag.py:536} INFO - Filling up the DagBag from /home/lohit/miniconda3/envs/airflow-env/lib/python3.8/site-packages/airflow/example_dags/example_sla_dag.py
[2025-06-01T17:59:10.937+0200] {processor.py:839} INFO - DAG(s) dict_keys(['example_sla_dag']) retrieved from /home/lohit/miniconda3/envs/airflow-env/lib/python3.8/site-packages/airflow/example_dags/example_sla_dag.py
[2025-06-01T17:59:10.947+0200] {logging_mixin.py:154} INFO - [2025-06-01T17:59:10.947+0200] {dag.py:2941} INFO - Sync 1 DAGs
[2025-06-01T17:59:10.960+0200] {logging_mixin.py:154} INFO - [2025-06-01T17:59:10.959+0200] {dag.py:3722} INFO - Setting next_dagrun for example_sla_dag to 2025-06-01T15:56:00+00:00, run_after=2025-06-01T15:58:00+00:00
[2025-06-01T17:59:10.974+0200] {processor.py:179} INFO - Processing /home/lohit/miniconda3/envs/airflow-env/lib/python3.8/site-packages/airflow/example_dags/example_sla_dag.py took 0.049 seconds
[2025-06-01T17:59:54.329+0200] {processor.py:157} INFO - Started process (PID=27696) to work on /home/lohit/miniconda3/envs/airflow-env/lib/python3.8/site-packages/airflow/example_dags/example_sla_dag.py
[2025-06-01T17:59:54.330+0200] {processor.py:829} INFO - Processing file /home/lohit/miniconda3/envs/airflow-env/lib/python3.8/site-packages/airflow/example_dags/example_sla_dag.py for tasks to queue
[2025-06-01T17:59:54.331+0200] {logging_mixin.py:154} INFO - [2025-06-01T17:59:54.331+0200] {dagbag.py:536} INFO - Filling up the DagBag from /home/lohit/miniconda3/envs/airflow-env/lib/python3.8/site-packages/airflow/example_dags/example_sla_dag.py
[2025-06-01T17:59:54.336+0200] {processor.py:839} INFO - DAG(s) dict_keys(['example_sla_dag']) retrieved from /home/lohit/miniconda3/envs/airflow-env/lib/python3.8/site-packages/airflow/example_dags/example_sla_dag.py
[2025-06-01T17:59:54.345+0200] {logging_mixin.py:154} INFO - [2025-06-01T17:59:54.345+0200] {dag.py:2941} INFO - Sync 1 DAGs
[2025-06-01T17:59:54.357+0200] {logging_mixin.py:154} INFO - [2025-06-01T17:59:54.357+0200] {dag.py:3722} INFO - Setting next_dagrun for example_sla_dag to 2025-06-01T15:56:00+00:00, run_after=2025-06-01T15:58:00+00:00
[2025-06-01T17:59:54.372+0200] {processor.py:179} INFO - Processing /home/lohit/miniconda3/envs/airflow-env/lib/python3.8/site-packages/airflow/example_dags/example_sla_dag.py took 0.045 seconds
[2025-06-01T18:00:44.486+0200] {processor.py:157} INFO - Started process (PID=27769) to work on /home/lohit/miniconda3/envs/airflow-env/lib/python3.8/site-packages/airflow/example_dags/example_sla_dag.py
[2025-06-01T18:00:44.490+0200] {processor.py:829} INFO - Processing file /home/lohit/miniconda3/envs/airflow-env/lib/python3.8/site-packages/airflow/example_dags/example_sla_dag.py for tasks to queue
[2025-06-01T18:00:44.490+0200] {logging_mixin.py:154} INFO - [2025-06-01T18:00:44.490+0200] {dagbag.py:536} INFO - Filling up the DagBag from /home/lohit/miniconda3/envs/airflow-env/lib/python3.8/site-packages/airflow/example_dags/example_sla_dag.py
[2025-06-01T18:00:44.495+0200] {processor.py:839} INFO - DAG(s) dict_keys(['example_sla_dag']) retrieved from /home/lohit/miniconda3/envs/airflow-env/lib/python3.8/site-packages/airflow/example_dags/example_sla_dag.py
[2025-06-01T18:00:44.506+0200] {logging_mixin.py:154} INFO - [2025-06-01T18:00:44.505+0200] {dag.py:2941} INFO - Sync 1 DAGs
[2025-06-01T18:00:44.518+0200] {logging_mixin.py:154} INFO - [2025-06-01T18:00:44.517+0200] {dag.py:3722} INFO - Setting next_dagrun for example_sla_dag to 2025-06-01T15:58:00+00:00, run_after=2025-06-01T16:00:00+00:00
[2025-06-01T18:00:44.533+0200] {processor.py:179} INFO - Processing /home/lohit/miniconda3/envs/airflow-env/lib/python3.8/site-packages/airflow/example_dags/example_sla_dag.py took 0.050 seconds
[2025-06-01T18:01:31.953+0200] {processor.py:157} INFO - Started process (PID=27870) to work on /home/lohit/miniconda3/envs/airflow-env/lib/python3.8/site-packages/airflow/example_dags/example_sla_dag.py
[2025-06-01T18:01:31.956+0200] {processor.py:829} INFO - Processing file /home/lohit/miniconda3/envs/airflow-env/lib/python3.8/site-packages/airflow/example_dags/example_sla_dag.py for tasks to queue
[2025-06-01T18:01:31.957+0200] {logging_mixin.py:154} INFO - [2025-06-01T18:01:31.956+0200] {dagbag.py:536} INFO - Filling up the DagBag from /home/lohit/miniconda3/envs/airflow-env/lib/python3.8/site-packages/airflow/example_dags/example_sla_dag.py
[2025-06-01T18:01:31.961+0200] {processor.py:839} INFO - DAG(s) dict_keys(['example_sla_dag']) retrieved from /home/lohit/miniconda3/envs/airflow-env/lib/python3.8/site-packages/airflow/example_dags/example_sla_dag.py
[2025-06-01T18:01:31.970+0200] {logging_mixin.py:154} INFO - [2025-06-01T18:01:31.970+0200] {dag.py:2941} INFO - Sync 1 DAGs
[2025-06-01T18:01:31.982+0200] {logging_mixin.py:154} INFO - [2025-06-01T18:01:31.981+0200] {dag.py:3722} INFO - Setting next_dagrun for example_sla_dag to 2025-06-01T15:58:00+00:00, run_after=2025-06-01T16:00:00+00:00
[2025-06-01T18:01:31.998+0200] {processor.py:179} INFO - Processing /home/lohit/miniconda3/envs/airflow-env/lib/python3.8/site-packages/airflow/example_dags/example_sla_dag.py took 0.047 seconds
[2025-06-01T18:02:15.223+0200] {processor.py:157} INFO - Started process (PID=27938) to work on /home/lohit/miniconda3/envs/airflow-env/lib/python3.8/site-packages/airflow/example_dags/example_sla_dag.py
[2025-06-01T18:02:15.226+0200] {processor.py:829} INFO - Processing file /home/lohit/miniconda3/envs/airflow-env/lib/python3.8/site-packages/airflow/example_dags/example_sla_dag.py for tasks to queue
[2025-06-01T18:02:15.227+0200] {logging_mixin.py:154} INFO - [2025-06-01T18:02:15.227+0200] {dagbag.py:536} INFO - Filling up the DagBag from /home/lohit/miniconda3/envs/airflow-env/lib/python3.8/site-packages/airflow/example_dags/example_sla_dag.py
[2025-06-01T18:02:15.232+0200] {processor.py:839} INFO - DAG(s) dict_keys(['example_sla_dag']) retrieved from /home/lohit/miniconda3/envs/airflow-env/lib/python3.8/site-packages/airflow/example_dags/example_sla_dag.py
[2025-06-01T18:02:15.243+0200] {logging_mixin.py:154} INFO - [2025-06-01T18:02:15.243+0200] {dag.py:2941} INFO - Sync 1 DAGs
[2025-06-01T18:02:15.255+0200] {logging_mixin.py:154} INFO - [2025-06-01T18:02:15.255+0200] {dag.py:3722} INFO - Setting next_dagrun for example_sla_dag to 2025-06-01T16:00:00+00:00, run_after=2025-06-01T16:02:00+00:00
[2025-06-01T18:02:15.270+0200] {processor.py:179} INFO - Processing /home/lohit/miniconda3/envs/airflow-env/lib/python3.8/site-packages/airflow/example_dags/example_sla_dag.py took 0.049 seconds
[2025-06-01T18:03:01.004+0200] {processor.py:157} INFO - Started process (PID=28014) to work on /home/lohit/miniconda3/envs/airflow-env/lib/python3.8/site-packages/airflow/example_dags/example_sla_dag.py
[2025-06-01T18:03:01.008+0200] {processor.py:829} INFO - Processing file /home/lohit/miniconda3/envs/airflow-env/lib/python3.8/site-packages/airflow/example_dags/example_sla_dag.py for tasks to queue
[2025-06-01T18:03:01.008+0200] {logging_mixin.py:154} INFO - [2025-06-01T18:03:01.008+0200] {dagbag.py:536} INFO - Filling up the DagBag from /home/lohit/miniconda3/envs/airflow-env/lib/python3.8/site-packages/airflow/example_dags/example_sla_dag.py
[2025-06-01T18:03:01.013+0200] {processor.py:839} INFO - DAG(s) dict_keys(['example_sla_dag']) retrieved from /home/lohit/miniconda3/envs/airflow-env/lib/python3.8/site-packages/airflow/example_dags/example_sla_dag.py
[2025-06-01T18:03:01.023+0200] {logging_mixin.py:154} INFO - [2025-06-01T18:03:01.023+0200] {dag.py:2941} INFO - Sync 1 DAGs
[2025-06-01T18:03:01.036+0200] {logging_mixin.py:154} INFO - [2025-06-01T18:03:01.035+0200] {dag.py:3722} INFO - Setting next_dagrun for example_sla_dag to 2025-06-01T16:00:00+00:00, run_after=2025-06-01T16:02:00+00:00
[2025-06-01T18:03:01.052+0200] {processor.py:179} INFO - Processing /home/lohit/miniconda3/envs/airflow-env/lib/python3.8/site-packages/airflow/example_dags/example_sla_dag.py took 0.049 seconds
[2025-06-01T18:03:50.380+0200] {processor.py:157} INFO - Started process (PID=28089) to work on /home/lohit/miniconda3/envs/airflow-env/lib/python3.8/site-packages/airflow/example_dags/example_sla_dag.py
[2025-06-01T18:03:50.381+0200] {processor.py:829} INFO - Processing file /home/lohit/miniconda3/envs/airflow-env/lib/python3.8/site-packages/airflow/example_dags/example_sla_dag.py for tasks to queue
[2025-06-01T18:03:50.381+0200] {logging_mixin.py:154} INFO - [2025-06-01T18:03:50.381+0200] {dagbag.py:536} INFO - Filling up the DagBag from /home/lohit/miniconda3/envs/airflow-env/lib/python3.8/site-packages/airflow/example_dags/example_sla_dag.py
[2025-06-01T18:03:50.387+0200] {processor.py:839} INFO - DAG(s) dict_keys(['example_sla_dag']) retrieved from /home/lohit/miniconda3/envs/airflow-env/lib/python3.8/site-packages/airflow/example_dags/example_sla_dag.py
[2025-06-01T18:03:50.398+0200] {logging_mixin.py:154} INFO - [2025-06-01T18:03:50.398+0200] {dag.py:2941} INFO - Sync 1 DAGs
[2025-06-01T18:03:50.410+0200] {logging_mixin.py:154} INFO - [2025-06-01T18:03:50.410+0200] {dag.py:3722} INFO - Setting next_dagrun for example_sla_dag to 2025-06-01T16:00:00+00:00, run_after=2025-06-01T16:02:00+00:00
[2025-06-01T18:03:50.425+0200] {processor.py:179} INFO - Processing /home/lohit/miniconda3/envs/airflow-env/lib/python3.8/site-packages/airflow/example_dags/example_sla_dag.py took 0.047 seconds
[2025-06-01T18:04:34.842+0200] {processor.py:157} INFO - Started process (PID=28162) to work on /home/lohit/miniconda3/envs/airflow-env/lib/python3.8/site-packages/airflow/example_dags/example_sla_dag.py
[2025-06-01T18:04:34.845+0200] {processor.py:829} INFO - Processing file /home/lohit/miniconda3/envs/airflow-env/lib/python3.8/site-packages/airflow/example_dags/example_sla_dag.py for tasks to queue
[2025-06-01T18:04:34.846+0200] {logging_mixin.py:154} INFO - [2025-06-01T18:04:34.846+0200] {dagbag.py:536} INFO - Filling up the DagBag from /home/lohit/miniconda3/envs/airflow-env/lib/python3.8/site-packages/airflow/example_dags/example_sla_dag.py
[2025-06-01T18:04:34.851+0200] {processor.py:839} INFO - DAG(s) dict_keys(['example_sla_dag']) retrieved from /home/lohit/miniconda3/envs/airflow-env/lib/python3.8/site-packages/airflow/example_dags/example_sla_dag.py
[2025-06-01T18:04:34.860+0200] {logging_mixin.py:154} INFO - [2025-06-01T18:04:34.860+0200] {dag.py:2941} INFO - Sync 1 DAGs
[2025-06-01T18:04:34.871+0200] {logging_mixin.py:154} INFO - [2025-06-01T18:04:34.871+0200] {dag.py:3722} INFO - Setting next_dagrun for example_sla_dag to 2025-06-01T16:02:00+00:00, run_after=2025-06-01T16:04:00+00:00
[2025-06-01T18:04:34.886+0200] {processor.py:179} INFO - Processing /home/lohit/miniconda3/envs/airflow-env/lib/python3.8/site-packages/airflow/example_dags/example_sla_dag.py took 0.046 seconds
[2025-06-01T18:05:25.576+0200] {processor.py:157} INFO - Started process (PID=28241) to work on /home/lohit/miniconda3/envs/airflow-env/lib/python3.8/site-packages/airflow/example_dags/example_sla_dag.py
[2025-06-01T18:05:25.580+0200] {processor.py:829} INFO - Processing file /home/lohit/miniconda3/envs/airflow-env/lib/python3.8/site-packages/airflow/example_dags/example_sla_dag.py for tasks to queue
[2025-06-01T18:05:25.580+0200] {logging_mixin.py:154} INFO - [2025-06-01T18:05:25.580+0200] {dagbag.py:536} INFO - Filling up the DagBag from /home/lohit/miniconda3/envs/airflow-env/lib/python3.8/site-packages/airflow/example_dags/example_sla_dag.py
[2025-06-01T18:05:25.585+0200] {processor.py:839} INFO - DAG(s) dict_keys(['example_sla_dag']) retrieved from /home/lohit/miniconda3/envs/airflow-env/lib/python3.8/site-packages/airflow/example_dags/example_sla_dag.py
[2025-06-01T18:05:25.594+0200] {logging_mixin.py:154} INFO - [2025-06-01T18:05:25.594+0200] {dag.py:2941} INFO - Sync 1 DAGs
[2025-06-01T18:05:25.609+0200] {logging_mixin.py:154} INFO - [2025-06-01T18:05:25.609+0200] {dag.py:3722} INFO - Setting next_dagrun for example_sla_dag to 2025-06-01T16:02:00+00:00, run_after=2025-06-01T16:04:00+00:00
[2025-06-01T18:05:25.624+0200] {processor.py:179} INFO - Processing /home/lohit/miniconda3/envs/airflow-env/lib/python3.8/site-packages/airflow/example_dags/example_sla_dag.py took 0.049 seconds
[2025-06-01T18:06:17.048+0200] {processor.py:157} INFO - Started process (PID=28322) to work on /home/lohit/miniconda3/envs/airflow-env/lib/python3.8/site-packages/airflow/example_dags/example_sla_dag.py
[2025-06-01T18:06:17.051+0200] {processor.py:829} INFO - Processing file /home/lohit/miniconda3/envs/airflow-env/lib/python3.8/site-packages/airflow/example_dags/example_sla_dag.py for tasks to queue
[2025-06-01T18:06:17.052+0200] {logging_mixin.py:154} INFO - [2025-06-01T18:06:17.051+0200] {dagbag.py:536} INFO - Filling up the DagBag from /home/lohit/miniconda3/envs/airflow-env/lib/python3.8/site-packages/airflow/example_dags/example_sla_dag.py
[2025-06-01T18:06:17.057+0200] {processor.py:839} INFO - DAG(s) dict_keys(['example_sla_dag']) retrieved from /home/lohit/miniconda3/envs/airflow-env/lib/python3.8/site-packages/airflow/example_dags/example_sla_dag.py
[2025-06-01T18:06:17.067+0200] {logging_mixin.py:154} INFO - [2025-06-01T18:06:17.067+0200] {dag.py:2941} INFO - Sync 1 DAGs
[2025-06-01T18:06:17.081+0200] {logging_mixin.py:154} INFO - [2025-06-01T18:06:17.081+0200] {dag.py:3722} INFO - Setting next_dagrun for example_sla_dag to 2025-06-01T16:04:00+00:00, run_after=2025-06-01T16:06:00+00:00
[2025-06-01T18:06:17.098+0200] {processor.py:179} INFO - Processing /home/lohit/miniconda3/envs/airflow-env/lib/python3.8/site-packages/airflow/example_dags/example_sla_dag.py took 0.052 seconds
[2025-06-01T18:07:01.554+0200] {processor.py:157} INFO - Started process (PID=28390) to work on /home/lohit/miniconda3/envs/airflow-env/lib/python3.8/site-packages/airflow/example_dags/example_sla_dag.py
[2025-06-01T18:07:01.558+0200] {processor.py:829} INFO - Processing file /home/lohit/miniconda3/envs/airflow-env/lib/python3.8/site-packages/airflow/example_dags/example_sla_dag.py for tasks to queue
[2025-06-01T18:07:01.558+0200] {logging_mixin.py:154} INFO - [2025-06-01T18:07:01.558+0200] {dagbag.py:536} INFO - Filling up the DagBag from /home/lohit/miniconda3/envs/airflow-env/lib/python3.8/site-packages/airflow/example_dags/example_sla_dag.py
[2025-06-01T18:07:01.564+0200] {processor.py:839} INFO - DAG(s) dict_keys(['example_sla_dag']) retrieved from /home/lohit/miniconda3/envs/airflow-env/lib/python3.8/site-packages/airflow/example_dags/example_sla_dag.py
[2025-06-01T18:07:01.575+0200] {logging_mixin.py:154} INFO - [2025-06-01T18:07:01.575+0200] {dag.py:2941} INFO - Sync 1 DAGs
[2025-06-01T18:07:01.588+0200] {logging_mixin.py:154} INFO - [2025-06-01T18:07:01.588+0200] {dag.py:3722} INFO - Setting next_dagrun for example_sla_dag to 2025-06-01T16:04:00+00:00, run_after=2025-06-01T16:06:00+00:00
[2025-06-01T18:07:01.603+0200] {processor.py:179} INFO - Processing /home/lohit/miniconda3/envs/airflow-env/lib/python3.8/site-packages/airflow/example_dags/example_sla_dag.py took 0.051 seconds
[2025-06-01T18:07:49.129+0200] {processor.py:157} INFO - Started process (PID=28460) to work on /home/lohit/miniconda3/envs/airflow-env/lib/python3.8/site-packages/airflow/example_dags/example_sla_dag.py
[2025-06-01T18:07:49.133+0200] {processor.py:829} INFO - Processing file /home/lohit/miniconda3/envs/airflow-env/lib/python3.8/site-packages/airflow/example_dags/example_sla_dag.py for tasks to queue
[2025-06-01T18:07:49.133+0200] {logging_mixin.py:154} INFO - [2025-06-01T18:07:49.133+0200] {dagbag.py:536} INFO - Filling up the DagBag from /home/lohit/miniconda3/envs/airflow-env/lib/python3.8/site-packages/airflow/example_dags/example_sla_dag.py
[2025-06-01T18:07:49.138+0200] {processor.py:839} INFO - DAG(s) dict_keys(['example_sla_dag']) retrieved from /home/lohit/miniconda3/envs/airflow-env/lib/python3.8/site-packages/airflow/example_dags/example_sla_dag.py
[2025-06-01T18:07:49.148+0200] {logging_mixin.py:154} INFO - [2025-06-01T18:07:49.148+0200] {dag.py:2941} INFO - Sync 1 DAGs
[2025-06-01T18:07:49.159+0200] {logging_mixin.py:154} INFO - [2025-06-01T18:07:49.159+0200] {dag.py:3722} INFO - Setting next_dagrun for example_sla_dag to 2025-06-01T16:04:00+00:00, run_after=2025-06-01T16:06:00+00:00
[2025-06-01T18:07:49.174+0200] {processor.py:179} INFO - Processing /home/lohit/miniconda3/envs/airflow-env/lib/python3.8/site-packages/airflow/example_dags/example_sla_dag.py took 0.046 seconds
[2025-06-01T18:08:36.003+0200] {processor.py:157} INFO - Started process (PID=28534) to work on /home/lohit/miniconda3/envs/airflow-env/lib/python3.8/site-packages/airflow/example_dags/example_sla_dag.py
[2025-06-01T18:08:36.007+0200] {processor.py:829} INFO - Processing file /home/lohit/miniconda3/envs/airflow-env/lib/python3.8/site-packages/airflow/example_dags/example_sla_dag.py for tasks to queue
[2025-06-01T18:08:36.007+0200] {logging_mixin.py:154} INFO - [2025-06-01T18:08:36.007+0200] {dagbag.py:536} INFO - Filling up the DagBag from /home/lohit/miniconda3/envs/airflow-env/lib/python3.8/site-packages/airflow/example_dags/example_sla_dag.py
[2025-06-01T18:08:36.012+0200] {processor.py:839} INFO - DAG(s) dict_keys(['example_sla_dag']) retrieved from /home/lohit/miniconda3/envs/airflow-env/lib/python3.8/site-packages/airflow/example_dags/example_sla_dag.py
[2025-06-01T18:08:36.022+0200] {logging_mixin.py:154} INFO - [2025-06-01T18:08:36.022+0200] {dag.py:2941} INFO - Sync 1 DAGs
[2025-06-01T18:08:36.035+0200] {logging_mixin.py:154} INFO - [2025-06-01T18:08:36.035+0200] {dag.py:3722} INFO - Setting next_dagrun for example_sla_dag to 2025-06-01T16:06:00+00:00, run_after=2025-06-01T16:08:00+00:00
[2025-06-01T18:08:36.049+0200] {processor.py:179} INFO - Processing /home/lohit/miniconda3/envs/airflow-env/lib/python3.8/site-packages/airflow/example_dags/example_sla_dag.py took 0.048 seconds
[2025-06-01T18:09:25.988+0200] {processor.py:157} INFO - Started process (PID=28607) to work on /home/lohit/miniconda3/envs/airflow-env/lib/python3.8/site-packages/airflow/example_dags/example_sla_dag.py
[2025-06-01T18:09:25.991+0200] {processor.py:829} INFO - Processing file /home/lohit/miniconda3/envs/airflow-env/lib/python3.8/site-packages/airflow/example_dags/example_sla_dag.py for tasks to queue
[2025-06-01T18:09:25.992+0200] {logging_mixin.py:154} INFO - [2025-06-01T18:09:25.991+0200] {dagbag.py:536} INFO - Filling up the DagBag from /home/lohit/miniconda3/envs/airflow-env/lib/python3.8/site-packages/airflow/example_dags/example_sla_dag.py
[2025-06-01T18:09:25.997+0200] {processor.py:839} INFO - DAG(s) dict_keys(['example_sla_dag']) retrieved from /home/lohit/miniconda3/envs/airflow-env/lib/python3.8/site-packages/airflow/example_dags/example_sla_dag.py
[2025-06-01T18:09:26.006+0200] {logging_mixin.py:154} INFO - [2025-06-01T18:09:26.006+0200] {dag.py:2941} INFO - Sync 1 DAGs
[2025-06-01T18:09:26.018+0200] {logging_mixin.py:154} INFO - [2025-06-01T18:09:26.018+0200] {dag.py:3722} INFO - Setting next_dagrun for example_sla_dag to 2025-06-01T16:06:00+00:00, run_after=2025-06-01T16:08:00+00:00
[2025-06-01T18:09:26.035+0200] {processor.py:179} INFO - Processing /home/lohit/miniconda3/envs/airflow-env/lib/python3.8/site-packages/airflow/example_dags/example_sla_dag.py took 0.049 seconds
[2025-06-01T18:10:14.368+0200] {processor.py:157} INFO - Started process (PID=28689) to work on /home/lohit/miniconda3/envs/airflow-env/lib/python3.8/site-packages/airflow/example_dags/example_sla_dag.py
[2025-06-01T18:10:14.370+0200] {processor.py:829} INFO - Processing file /home/lohit/miniconda3/envs/airflow-env/lib/python3.8/site-packages/airflow/example_dags/example_sla_dag.py for tasks to queue
[2025-06-01T18:10:14.371+0200] {logging_mixin.py:154} INFO - [2025-06-01T18:10:14.370+0200] {dagbag.py:536} INFO - Filling up the DagBag from /home/lohit/miniconda3/envs/airflow-env/lib/python3.8/site-packages/airflow/example_dags/example_sla_dag.py
[2025-06-01T18:10:14.376+0200] {processor.py:839} INFO - DAG(s) dict_keys(['example_sla_dag']) retrieved from /home/lohit/miniconda3/envs/airflow-env/lib/python3.8/site-packages/airflow/example_dags/example_sla_dag.py
[2025-06-01T18:10:14.385+0200] {logging_mixin.py:154} INFO - [2025-06-01T18:10:14.385+0200] {dag.py:2941} INFO - Sync 1 DAGs
[2025-06-01T18:10:14.398+0200] {logging_mixin.py:154} INFO - [2025-06-01T18:10:14.398+0200] {dag.py:3722} INFO - Setting next_dagrun for example_sla_dag to 2025-06-01T16:08:00+00:00, run_after=2025-06-01T16:10:00+00:00
[2025-06-01T18:10:14.414+0200] {processor.py:179} INFO - Processing /home/lohit/miniconda3/envs/airflow-env/lib/python3.8/site-packages/airflow/example_dags/example_sla_dag.py took 0.047 seconds
[2025-06-01T18:11:02.256+0200] {processor.py:157} INFO - Started process (PID=28762) to work on /home/lohit/miniconda3/envs/airflow-env/lib/python3.8/site-packages/airflow/example_dags/example_sla_dag.py
[2025-06-01T18:11:02.260+0200] {processor.py:829} INFO - Processing file /home/lohit/miniconda3/envs/airflow-env/lib/python3.8/site-packages/airflow/example_dags/example_sla_dag.py for tasks to queue
[2025-06-01T18:11:02.260+0200] {logging_mixin.py:154} INFO - [2025-06-01T18:11:02.260+0200] {dagbag.py:536} INFO - Filling up the DagBag from /home/lohit/miniconda3/envs/airflow-env/lib/python3.8/site-packages/airflow/example_dags/example_sla_dag.py
[2025-06-01T18:11:02.266+0200] {processor.py:839} INFO - DAG(s) dict_keys(['example_sla_dag']) retrieved from /home/lohit/miniconda3/envs/airflow-env/lib/python3.8/site-packages/airflow/example_dags/example_sla_dag.py
[2025-06-01T18:11:02.279+0200] {logging_mixin.py:154} INFO - [2025-06-01T18:11:02.279+0200] {dag.py:2941} INFO - Sync 1 DAGs
[2025-06-01T18:11:02.293+0200] {logging_mixin.py:154} INFO - [2025-06-01T18:11:02.293+0200] {dag.py:3722} INFO - Setting next_dagrun for example_sla_dag to 2025-06-01T16:08:00+00:00, run_after=2025-06-01T16:10:00+00:00
[2025-06-01T18:11:02.311+0200] {processor.py:179} INFO - Processing /home/lohit/miniconda3/envs/airflow-env/lib/python3.8/site-packages/airflow/example_dags/example_sla_dag.py took 0.056 seconds
[2025-06-01T18:11:50.514+0200] {processor.py:157} INFO - Started process (PID=28832) to work on /home/lohit/miniconda3/envs/airflow-env/lib/python3.8/site-packages/airflow/example_dags/example_sla_dag.py
[2025-06-01T18:11:50.517+0200] {processor.py:829} INFO - Processing file /home/lohit/miniconda3/envs/airflow-env/lib/python3.8/site-packages/airflow/example_dags/example_sla_dag.py for tasks to queue
[2025-06-01T18:11:50.518+0200] {logging_mixin.py:154} INFO - [2025-06-01T18:11:50.518+0200] {dagbag.py:536} INFO - Filling up the DagBag from /home/lohit/miniconda3/envs/airflow-env/lib/python3.8/site-packages/airflow/example_dags/example_sla_dag.py
[2025-06-01T18:11:50.523+0200] {processor.py:839} INFO - DAG(s) dict_keys(['example_sla_dag']) retrieved from /home/lohit/miniconda3/envs/airflow-env/lib/python3.8/site-packages/airflow/example_dags/example_sla_dag.py
[2025-06-01T18:11:50.534+0200] {logging_mixin.py:154} INFO - [2025-06-01T18:11:50.534+0200] {dag.py:2941} INFO - Sync 1 DAGs
[2025-06-01T18:11:50.546+0200] {logging_mixin.py:154} INFO - [2025-06-01T18:11:50.546+0200] {dag.py:3722} INFO - Setting next_dagrun for example_sla_dag to 2025-06-01T16:08:00+00:00, run_after=2025-06-01T16:10:00+00:00
[2025-06-01T18:11:50.566+0200] {processor.py:179} INFO - Processing /home/lohit/miniconda3/envs/airflow-env/lib/python3.8/site-packages/airflow/example_dags/example_sla_dag.py took 0.054 seconds
[2025-06-01T18:12:42.070+0200] {processor.py:157} INFO - Started process (PID=28913) to work on /home/lohit/miniconda3/envs/airflow-env/lib/python3.8/site-packages/airflow/example_dags/example_sla_dag.py
[2025-06-01T18:12:42.073+0200] {processor.py:829} INFO - Processing file /home/lohit/miniconda3/envs/airflow-env/lib/python3.8/site-packages/airflow/example_dags/example_sla_dag.py for tasks to queue
[2025-06-01T18:12:42.074+0200] {logging_mixin.py:154} INFO - [2025-06-01T18:12:42.074+0200] {dagbag.py:536} INFO - Filling up the DagBag from /home/lohit/miniconda3/envs/airflow-env/lib/python3.8/site-packages/airflow/example_dags/example_sla_dag.py
[2025-06-01T18:12:42.079+0200] {processor.py:839} INFO - DAG(s) dict_keys(['example_sla_dag']) retrieved from /home/lohit/miniconda3/envs/airflow-env/lib/python3.8/site-packages/airflow/example_dags/example_sla_dag.py
[2025-06-01T18:12:42.088+0200] {logging_mixin.py:154} INFO - [2025-06-01T18:12:42.088+0200] {dag.py:2941} INFO - Sync 1 DAGs
[2025-06-01T18:12:42.099+0200] {logging_mixin.py:154} INFO - [2025-06-01T18:12:42.099+0200] {dag.py:3722} INFO - Setting next_dagrun for example_sla_dag to 2025-06-01T16:10:00+00:00, run_after=2025-06-01T16:12:00+00:00
[2025-06-01T18:12:42.116+0200] {processor.py:179} INFO - Processing /home/lohit/miniconda3/envs/airflow-env/lib/python3.8/site-packages/airflow/example_dags/example_sla_dag.py took 0.048 seconds
[2025-06-01T18:13:28.984+0200] {processor.py:157} INFO - Started process (PID=28984) to work on /home/lohit/miniconda3/envs/airflow-env/lib/python3.8/site-packages/airflow/example_dags/example_sla_dag.py
[2025-06-01T18:13:28.988+0200] {processor.py:829} INFO - Processing file /home/lohit/miniconda3/envs/airflow-env/lib/python3.8/site-packages/airflow/example_dags/example_sla_dag.py for tasks to queue
[2025-06-01T18:13:28.988+0200] {logging_mixin.py:154} INFO - [2025-06-01T18:13:28.988+0200] {dagbag.py:536} INFO - Filling up the DagBag from /home/lohit/miniconda3/envs/airflow-env/lib/python3.8/site-packages/airflow/example_dags/example_sla_dag.py
[2025-06-01T18:13:28.994+0200] {processor.py:839} INFO - DAG(s) dict_keys(['example_sla_dag']) retrieved from /home/lohit/miniconda3/envs/airflow-env/lib/python3.8/site-packages/airflow/example_dags/example_sla_dag.py
[2025-06-01T18:13:29.003+0200] {logging_mixin.py:154} INFO - [2025-06-01T18:13:29.003+0200] {dag.py:2941} INFO - Sync 1 DAGs
[2025-06-01T18:13:29.020+0200] {logging_mixin.py:154} INFO - [2025-06-01T18:13:29.019+0200] {dag.py:3722} INFO - Setting next_dagrun for example_sla_dag to 2025-06-01T16:10:00+00:00, run_after=2025-06-01T16:12:00+00:00
[2025-06-01T18:13:29.036+0200] {processor.py:179} INFO - Processing /home/lohit/miniconda3/envs/airflow-env/lib/python3.8/site-packages/airflow/example_dags/example_sla_dag.py took 0.053 seconds
[2025-06-01T18:14:13.553+0200] {processor.py:157} INFO - Started process (PID=29052) to work on /home/lohit/miniconda3/envs/airflow-env/lib/python3.8/site-packages/airflow/example_dags/example_sla_dag.py
[2025-06-01T18:14:13.556+0200] {processor.py:829} INFO - Processing file /home/lohit/miniconda3/envs/airflow-env/lib/python3.8/site-packages/airflow/example_dags/example_sla_dag.py for tasks to queue
[2025-06-01T18:14:13.557+0200] {logging_mixin.py:154} INFO - [2025-06-01T18:14:13.556+0200] {dagbag.py:536} INFO - Filling up the DagBag from /home/lohit/miniconda3/envs/airflow-env/lib/python3.8/site-packages/airflow/example_dags/example_sla_dag.py
[2025-06-01T18:14:13.562+0200] {processor.py:839} INFO - DAG(s) dict_keys(['example_sla_dag']) retrieved from /home/lohit/miniconda3/envs/airflow-env/lib/python3.8/site-packages/airflow/example_dags/example_sla_dag.py
[2025-06-01T18:14:13.573+0200] {logging_mixin.py:154} INFO - [2025-06-01T18:14:13.573+0200] {dag.py:2941} INFO - Sync 1 DAGs
[2025-06-01T18:14:13.586+0200] {logging_mixin.py:154} INFO - [2025-06-01T18:14:13.586+0200] {dag.py:3722} INFO - Setting next_dagrun for example_sla_dag to 2025-06-01T16:12:00+00:00, run_after=2025-06-01T16:14:00+00:00
[2025-06-01T18:14:13.604+0200] {processor.py:179} INFO - Processing /home/lohit/miniconda3/envs/airflow-env/lib/python3.8/site-packages/airflow/example_dags/example_sla_dag.py took 0.054 seconds
[2025-06-01T18:14:56.409+0200] {processor.py:157} INFO - Started process (PID=29118) to work on /home/lohit/miniconda3/envs/airflow-env/lib/python3.8/site-packages/airflow/example_dags/example_sla_dag.py
[2025-06-01T18:14:56.412+0200] {processor.py:829} INFO - Processing file /home/lohit/miniconda3/envs/airflow-env/lib/python3.8/site-packages/airflow/example_dags/example_sla_dag.py for tasks to queue
[2025-06-01T18:14:56.413+0200] {logging_mixin.py:154} INFO - [2025-06-01T18:14:56.412+0200] {dagbag.py:536} INFO - Filling up the DagBag from /home/lohit/miniconda3/envs/airflow-env/lib/python3.8/site-packages/airflow/example_dags/example_sla_dag.py
[2025-06-01T18:14:56.419+0200] {processor.py:839} INFO - DAG(s) dict_keys(['example_sla_dag']) retrieved from /home/lohit/miniconda3/envs/airflow-env/lib/python3.8/site-packages/airflow/example_dags/example_sla_dag.py
[2025-06-01T18:14:56.431+0200] {logging_mixin.py:154} INFO - [2025-06-01T18:14:56.431+0200] {dag.py:2941} INFO - Sync 1 DAGs
[2025-06-01T18:14:56.446+0200] {logging_mixin.py:154} INFO - [2025-06-01T18:14:56.446+0200] {dag.py:3722} INFO - Setting next_dagrun for example_sla_dag to 2025-06-01T16:12:00+00:00, run_after=2025-06-01T16:14:00+00:00
[2025-06-01T18:14:56.463+0200] {processor.py:179} INFO - Processing /home/lohit/miniconda3/envs/airflow-env/lib/python3.8/site-packages/airflow/example_dags/example_sla_dag.py took 0.057 seconds
[2025-06-01T18:15:46.000+0200] {processor.py:157} INFO - Started process (PID=29190) to work on /home/lohit/miniconda3/envs/airflow-env/lib/python3.8/site-packages/airflow/example_dags/example_sla_dag.py
[2025-06-01T18:15:46.004+0200] {processor.py:829} INFO - Processing file /home/lohit/miniconda3/envs/airflow-env/lib/python3.8/site-packages/airflow/example_dags/example_sla_dag.py for tasks to queue
[2025-06-01T18:15:46.004+0200] {logging_mixin.py:154} INFO - [2025-06-01T18:15:46.004+0200] {dagbag.py:536} INFO - Filling up the DagBag from /home/lohit/miniconda3/envs/airflow-env/lib/python3.8/site-packages/airflow/example_dags/example_sla_dag.py
[2025-06-01T18:15:46.010+0200] {processor.py:839} INFO - DAG(s) dict_keys(['example_sla_dag']) retrieved from /home/lohit/miniconda3/envs/airflow-env/lib/python3.8/site-packages/airflow/example_dags/example_sla_dag.py
[2025-06-01T18:15:46.021+0200] {logging_mixin.py:154} INFO - [2025-06-01T18:15:46.021+0200] {dag.py:2941} INFO - Sync 1 DAGs
[2025-06-01T18:15:46.034+0200] {logging_mixin.py:154} INFO - [2025-06-01T18:15:46.034+0200] {dag.py:3722} INFO - Setting next_dagrun for example_sla_dag to 2025-06-01T16:12:00+00:00, run_after=2025-06-01T16:14:00+00:00
[2025-06-01T18:15:46.052+0200] {processor.py:179} INFO - Processing /home/lohit/miniconda3/envs/airflow-env/lib/python3.8/site-packages/airflow/example_dags/example_sla_dag.py took 0.054 seconds
[2025-06-01T18:16:35.213+0200] {processor.py:157} INFO - Started process (PID=29263) to work on /home/lohit/miniconda3/envs/airflow-env/lib/python3.8/site-packages/airflow/example_dags/example_sla_dag.py
[2025-06-01T18:16:35.216+0200] {processor.py:829} INFO - Processing file /home/lohit/miniconda3/envs/airflow-env/lib/python3.8/site-packages/airflow/example_dags/example_sla_dag.py for tasks to queue
[2025-06-01T18:16:35.217+0200] {logging_mixin.py:154} INFO - [2025-06-01T18:16:35.217+0200] {dagbag.py:536} INFO - Filling up the DagBag from /home/lohit/miniconda3/envs/airflow-env/lib/python3.8/site-packages/airflow/example_dags/example_sla_dag.py
[2025-06-01T18:16:35.222+0200] {processor.py:839} INFO - DAG(s) dict_keys(['example_sla_dag']) retrieved from /home/lohit/miniconda3/envs/airflow-env/lib/python3.8/site-packages/airflow/example_dags/example_sla_dag.py
[2025-06-01T18:16:35.231+0200] {logging_mixin.py:154} INFO - [2025-06-01T18:16:35.231+0200] {dag.py:2941} INFO - Sync 1 DAGs
[2025-06-01T18:16:35.243+0200] {logging_mixin.py:154} INFO - [2025-06-01T18:16:35.243+0200] {dag.py:3722} INFO - Setting next_dagrun for example_sla_dag to 2025-06-01T16:14:00+00:00, run_after=2025-06-01T16:16:00+00:00
[2025-06-01T18:16:35.259+0200] {processor.py:179} INFO - Processing /home/lohit/miniconda3/envs/airflow-env/lib/python3.8/site-packages/airflow/example_dags/example_sla_dag.py took 0.048 seconds
[2025-06-01T18:17:23.635+0200] {processor.py:157} INFO - Started process (PID=29336) to work on /home/lohit/miniconda3/envs/airflow-env/lib/python3.8/site-packages/airflow/example_dags/example_sla_dag.py
[2025-06-01T18:17:23.636+0200] {processor.py:829} INFO - Processing file /home/lohit/miniconda3/envs/airflow-env/lib/python3.8/site-packages/airflow/example_dags/example_sla_dag.py for tasks to queue
[2025-06-01T18:17:23.636+0200] {logging_mixin.py:154} INFO - [2025-06-01T18:17:23.636+0200] {dagbag.py:536} INFO - Filling up the DagBag from /home/lohit/miniconda3/envs/airflow-env/lib/python3.8/site-packages/airflow/example_dags/example_sla_dag.py
[2025-06-01T18:17:23.642+0200] {processor.py:839} INFO - DAG(s) dict_keys(['example_sla_dag']) retrieved from /home/lohit/miniconda3/envs/airflow-env/lib/python3.8/site-packages/airflow/example_dags/example_sla_dag.py
[2025-06-01T18:17:23.654+0200] {logging_mixin.py:154} INFO - [2025-06-01T18:17:23.654+0200] {dag.py:2941} INFO - Sync 1 DAGs
[2025-06-01T18:17:23.669+0200] {logging_mixin.py:154} INFO - [2025-06-01T18:17:23.669+0200] {dag.py:3722} INFO - Setting next_dagrun for example_sla_dag to 2025-06-01T16:14:00+00:00, run_after=2025-06-01T16:16:00+00:00
[2025-06-01T18:17:23.686+0200] {processor.py:179} INFO - Processing /home/lohit/miniconda3/envs/airflow-env/lib/python3.8/site-packages/airflow/example_dags/example_sla_dag.py took 0.054 seconds
[2025-06-01T18:18:07.597+0200] {processor.py:157} INFO - Started process (PID=29404) to work on /home/lohit/miniconda3/envs/airflow-env/lib/python3.8/site-packages/airflow/example_dags/example_sla_dag.py
[2025-06-01T18:18:07.598+0200] {processor.py:829} INFO - Processing file /home/lohit/miniconda3/envs/airflow-env/lib/python3.8/site-packages/airflow/example_dags/example_sla_dag.py for tasks to queue
[2025-06-01T18:18:07.599+0200] {logging_mixin.py:154} INFO - [2025-06-01T18:18:07.598+0200] {dagbag.py:536} INFO - Filling up the DagBag from /home/lohit/miniconda3/envs/airflow-env/lib/python3.8/site-packages/airflow/example_dags/example_sla_dag.py
[2025-06-01T18:18:07.605+0200] {processor.py:839} INFO - DAG(s) dict_keys(['example_sla_dag']) retrieved from /home/lohit/miniconda3/envs/airflow-env/lib/python3.8/site-packages/airflow/example_dags/example_sla_dag.py
[2025-06-01T18:18:07.618+0200] {logging_mixin.py:154} INFO - [2025-06-01T18:18:07.618+0200] {dag.py:2941} INFO - Sync 1 DAGs
[2025-06-01T18:18:07.635+0200] {logging_mixin.py:154} INFO - [2025-06-01T18:18:07.635+0200] {dag.py:3722} INFO - Setting next_dagrun for example_sla_dag to 2025-06-01T16:16:00+00:00, run_after=2025-06-01T16:18:00+00:00
[2025-06-01T18:18:07.654+0200] {processor.py:179} INFO - Processing /home/lohit/miniconda3/envs/airflow-env/lib/python3.8/site-packages/airflow/example_dags/example_sla_dag.py took 0.059 seconds
[2025-06-01T18:18:54.043+0200] {processor.py:157} INFO - Started process (PID=29474) to work on /home/lohit/miniconda3/envs/airflow-env/lib/python3.8/site-packages/airflow/example_dags/example_sla_dag.py
[2025-06-01T18:18:54.046+0200] {processor.py:829} INFO - Processing file /home/lohit/miniconda3/envs/airflow-env/lib/python3.8/site-packages/airflow/example_dags/example_sla_dag.py for tasks to queue
[2025-06-01T18:18:54.047+0200] {logging_mixin.py:154} INFO - [2025-06-01T18:18:54.046+0200] {dagbag.py:536} INFO - Filling up the DagBag from /home/lohit/miniconda3/envs/airflow-env/lib/python3.8/site-packages/airflow/example_dags/example_sla_dag.py
[2025-06-01T18:18:54.052+0200] {processor.py:839} INFO - DAG(s) dict_keys(['example_sla_dag']) retrieved from /home/lohit/miniconda3/envs/airflow-env/lib/python3.8/site-packages/airflow/example_dags/example_sla_dag.py
[2025-06-01T18:18:54.063+0200] {logging_mixin.py:154} INFO - [2025-06-01T18:18:54.063+0200] {dag.py:2941} INFO - Sync 1 DAGs
[2025-06-01T18:18:54.079+0200] {logging_mixin.py:154} INFO - [2025-06-01T18:18:54.079+0200] {dag.py:3722} INFO - Setting next_dagrun for example_sla_dag to 2025-06-01T16:16:00+00:00, run_after=2025-06-01T16:18:00+00:00
[2025-06-01T18:18:54.097+0200] {processor.py:179} INFO - Processing /home/lohit/miniconda3/envs/airflow-env/lib/python3.8/site-packages/airflow/example_dags/example_sla_dag.py took 0.056 seconds
[2025-06-01T18:19:44.227+0200] {processor.py:157} INFO - Started process (PID=29545) to work on /home/lohit/miniconda3/envs/airflow-env/lib/python3.8/site-packages/airflow/example_dags/example_sla_dag.py
[2025-06-01T18:19:44.228+0200] {processor.py:829} INFO - Processing file /home/lohit/miniconda3/envs/airflow-env/lib/python3.8/site-packages/airflow/example_dags/example_sla_dag.py for tasks to queue
[2025-06-01T18:19:44.229+0200] {logging_mixin.py:154} INFO - [2025-06-01T18:19:44.229+0200] {dagbag.py:536} INFO - Filling up the DagBag from /home/lohit/miniconda3/envs/airflow-env/lib/python3.8/site-packages/airflow/example_dags/example_sla_dag.py
[2025-06-01T18:19:44.235+0200] {processor.py:839} INFO - DAG(s) dict_keys(['example_sla_dag']) retrieved from /home/lohit/miniconda3/envs/airflow-env/lib/python3.8/site-packages/airflow/example_dags/example_sla_dag.py
[2025-06-01T18:19:44.245+0200] {logging_mixin.py:154} INFO - [2025-06-01T18:19:44.245+0200] {dag.py:2941} INFO - Sync 1 DAGs
[2025-06-01T18:19:44.257+0200] {logging_mixin.py:154} INFO - [2025-06-01T18:19:44.257+0200] {dag.py:3722} INFO - Setting next_dagrun for example_sla_dag to 2025-06-01T16:16:00+00:00, run_after=2025-06-01T16:18:00+00:00
[2025-06-01T18:19:44.273+0200] {processor.py:179} INFO - Processing /home/lohit/miniconda3/envs/airflow-env/lib/python3.8/site-packages/airflow/example_dags/example_sla_dag.py took 0.049 seconds
[2025-06-01T18:20:30.771+0200] {processor.py:157} INFO - Started process (PID=29614) to work on /home/lohit/miniconda3/envs/airflow-env/lib/python3.8/site-packages/airflow/example_dags/example_sla_dag.py
[2025-06-01T18:20:30.772+0200] {processor.py:829} INFO - Processing file /home/lohit/miniconda3/envs/airflow-env/lib/python3.8/site-packages/airflow/example_dags/example_sla_dag.py for tasks to queue
[2025-06-01T18:20:30.772+0200] {logging_mixin.py:154} INFO - [2025-06-01T18:20:30.772+0200] {dagbag.py:536} INFO - Filling up the DagBag from /home/lohit/miniconda3/envs/airflow-env/lib/python3.8/site-packages/airflow/example_dags/example_sla_dag.py
[2025-06-01T18:20:30.778+0200] {processor.py:839} INFO - DAG(s) dict_keys(['example_sla_dag']) retrieved from /home/lohit/miniconda3/envs/airflow-env/lib/python3.8/site-packages/airflow/example_dags/example_sla_dag.py
[2025-06-01T18:20:30.789+0200] {logging_mixin.py:154} INFO - [2025-06-01T18:20:30.789+0200] {dag.py:2941} INFO - Sync 1 DAGs
[2025-06-01T18:20:30.802+0200] {logging_mixin.py:154} INFO - [2025-06-01T18:20:30.802+0200] {dag.py:3722} INFO - Setting next_dagrun for example_sla_dag to 2025-06-01T16:18:00+00:00, run_after=2025-06-01T16:20:00+00:00
[2025-06-01T18:20:30.817+0200] {processor.py:179} INFO - Processing /home/lohit/miniconda3/envs/airflow-env/lib/python3.8/site-packages/airflow/example_dags/example_sla_dag.py took 0.048 seconds
[2025-06-01T18:21:19.282+0200] {processor.py:157} INFO - Started process (PID=29687) to work on /home/lohit/miniconda3/envs/airflow-env/lib/python3.8/site-packages/airflow/example_dags/example_sla_dag.py
[2025-06-01T18:21:19.286+0200] {processor.py:829} INFO - Processing file /home/lohit/miniconda3/envs/airflow-env/lib/python3.8/site-packages/airflow/example_dags/example_sla_dag.py for tasks to queue
[2025-06-01T18:21:19.287+0200] {logging_mixin.py:154} INFO - [2025-06-01T18:21:19.286+0200] {dagbag.py:536} INFO - Filling up the DagBag from /home/lohit/miniconda3/envs/airflow-env/lib/python3.8/site-packages/airflow/example_dags/example_sla_dag.py
[2025-06-01T18:21:19.292+0200] {processor.py:839} INFO - DAG(s) dict_keys(['example_sla_dag']) retrieved from /home/lohit/miniconda3/envs/airflow-env/lib/python3.8/site-packages/airflow/example_dags/example_sla_dag.py
[2025-06-01T18:21:19.301+0200] {logging_mixin.py:154} INFO - [2025-06-01T18:21:19.301+0200] {dag.py:2941} INFO - Sync 1 DAGs
[2025-06-01T18:21:19.314+0200] {logging_mixin.py:154} INFO - [2025-06-01T18:21:19.313+0200] {dag.py:3722} INFO - Setting next_dagrun for example_sla_dag to 2025-06-01T16:18:00+00:00, run_after=2025-06-01T16:20:00+00:00
[2025-06-01T18:21:19.581+0200] {processor.py:179} INFO - Processing /home/lohit/miniconda3/envs/airflow-env/lib/python3.8/site-packages/airflow/example_dags/example_sla_dag.py took 0.301 seconds
[2025-06-01T18:22:07.715+0200] {processor.py:157} INFO - Started process (PID=29758) to work on /home/lohit/miniconda3/envs/airflow-env/lib/python3.8/site-packages/airflow/example_dags/example_sla_dag.py
[2025-06-01T18:22:07.719+0200] {processor.py:829} INFO - Processing file /home/lohit/miniconda3/envs/airflow-env/lib/python3.8/site-packages/airflow/example_dags/example_sla_dag.py for tasks to queue
[2025-06-01T18:22:07.719+0200] {logging_mixin.py:154} INFO - [2025-06-01T18:22:07.719+0200] {dagbag.py:536} INFO - Filling up the DagBag from /home/lohit/miniconda3/envs/airflow-env/lib/python3.8/site-packages/airflow/example_dags/example_sla_dag.py
[2025-06-01T18:22:07.724+0200] {processor.py:839} INFO - DAG(s) dict_keys(['example_sla_dag']) retrieved from /home/lohit/miniconda3/envs/airflow-env/lib/python3.8/site-packages/airflow/example_dags/example_sla_dag.py
[2025-06-01T18:22:07.734+0200] {logging_mixin.py:154} INFO - [2025-06-01T18:22:07.734+0200] {dag.py:2941} INFO - Sync 1 DAGs
[2025-06-01T18:22:07.747+0200] {logging_mixin.py:154} INFO - [2025-06-01T18:22:07.747+0200] {dag.py:3722} INFO - Setting next_dagrun for example_sla_dag to 2025-06-01T16:20:00+00:00, run_after=2025-06-01T16:22:00+00:00
[2025-06-01T18:22:07.762+0200] {processor.py:179} INFO - Processing /home/lohit/miniconda3/envs/airflow-env/lib/python3.8/site-packages/airflow/example_dags/example_sla_dag.py took 0.048 seconds
[2025-06-01T18:22:54.451+0200] {processor.py:157} INFO - Started process (PID=29827) to work on /home/lohit/miniconda3/envs/airflow-env/lib/python3.8/site-packages/airflow/example_dags/example_sla_dag.py
[2025-06-01T18:22:54.453+0200] {processor.py:829} INFO - Processing file /home/lohit/miniconda3/envs/airflow-env/lib/python3.8/site-packages/airflow/example_dags/example_sla_dag.py for tasks to queue
[2025-06-01T18:22:54.453+0200] {logging_mixin.py:154} INFO - [2025-06-01T18:22:54.453+0200] {dagbag.py:536} INFO - Filling up the DagBag from /home/lohit/miniconda3/envs/airflow-env/lib/python3.8/site-packages/airflow/example_dags/example_sla_dag.py
[2025-06-01T18:22:54.459+0200] {processor.py:839} INFO - DAG(s) dict_keys(['example_sla_dag']) retrieved from /home/lohit/miniconda3/envs/airflow-env/lib/python3.8/site-packages/airflow/example_dags/example_sla_dag.py
[2025-06-01T18:22:54.470+0200] {logging_mixin.py:154} INFO - [2025-06-01T18:22:54.470+0200] {dag.py:2941} INFO - Sync 1 DAGs
[2025-06-01T18:22:54.483+0200] {logging_mixin.py:154} INFO - [2025-06-01T18:22:54.483+0200] {dag.py:3722} INFO - Setting next_dagrun for example_sla_dag to 2025-06-01T16:20:00+00:00, run_after=2025-06-01T16:22:00+00:00
[2025-06-01T18:22:54.500+0200] {processor.py:179} INFO - Processing /home/lohit/miniconda3/envs/airflow-env/lib/python3.8/site-packages/airflow/example_dags/example_sla_dag.py took 0.051 seconds
[2025-06-01T18:23:43.956+0200] {processor.py:157} INFO - Started process (PID=29899) to work on /home/lohit/miniconda3/envs/airflow-env/lib/python3.8/site-packages/airflow/example_dags/example_sla_dag.py
[2025-06-01T18:23:43.958+0200] {processor.py:829} INFO - Processing file /home/lohit/miniconda3/envs/airflow-env/lib/python3.8/site-packages/airflow/example_dags/example_sla_dag.py for tasks to queue
[2025-06-01T18:23:43.958+0200] {logging_mixin.py:154} INFO - [2025-06-01T18:23:43.958+0200] {dagbag.py:536} INFO - Filling up the DagBag from /home/lohit/miniconda3/envs/airflow-env/lib/python3.8/site-packages/airflow/example_dags/example_sla_dag.py
[2025-06-01T18:23:43.965+0200] {processor.py:839} INFO - DAG(s) dict_keys(['example_sla_dag']) retrieved from /home/lohit/miniconda3/envs/airflow-env/lib/python3.8/site-packages/airflow/example_dags/example_sla_dag.py
[2025-06-01T18:23:43.980+0200] {logging_mixin.py:154} INFO - [2025-06-01T18:23:43.979+0200] {dag.py:2941} INFO - Sync 1 DAGs
[2025-06-01T18:23:43.994+0200] {logging_mixin.py:154} INFO - [2025-06-01T18:23:43.994+0200] {dag.py:3722} INFO - Setting next_dagrun for example_sla_dag to 2025-06-01T16:20:00+00:00, run_after=2025-06-01T16:22:00+00:00
[2025-06-01T18:23:44.012+0200] {processor.py:179} INFO - Processing /home/lohit/miniconda3/envs/airflow-env/lib/python3.8/site-packages/airflow/example_dags/example_sla_dag.py took 0.058 seconds
[2025-06-01T18:24:28.325+0200] {processor.py:157} INFO - Started process (PID=29967) to work on /home/lohit/miniconda3/envs/airflow-env/lib/python3.8/site-packages/airflow/example_dags/example_sla_dag.py
[2025-06-01T18:24:28.327+0200] {processor.py:829} INFO - Processing file /home/lohit/miniconda3/envs/airflow-env/lib/python3.8/site-packages/airflow/example_dags/example_sla_dag.py for tasks to queue
[2025-06-01T18:24:28.327+0200] {logging_mixin.py:154} INFO - [2025-06-01T18:24:28.327+0200] {dagbag.py:536} INFO - Filling up the DagBag from /home/lohit/miniconda3/envs/airflow-env/lib/python3.8/site-packages/airflow/example_dags/example_sla_dag.py
[2025-06-01T18:24:28.332+0200] {processor.py:839} INFO - DAG(s) dict_keys(['example_sla_dag']) retrieved from /home/lohit/miniconda3/envs/airflow-env/lib/python3.8/site-packages/airflow/example_dags/example_sla_dag.py
[2025-06-01T18:24:28.342+0200] {logging_mixin.py:154} INFO - [2025-06-01T18:24:28.342+0200] {dag.py:2941} INFO - Sync 1 DAGs
[2025-06-01T18:24:28.353+0200] {logging_mixin.py:154} INFO - [2025-06-01T18:24:28.353+0200] {dag.py:3722} INFO - Setting next_dagrun for example_sla_dag to 2025-06-01T16:22:00+00:00, run_after=2025-06-01T16:24:00+00:00
[2025-06-01T18:24:28.367+0200] {processor.py:179} INFO - Processing /home/lohit/miniconda3/envs/airflow-env/lib/python3.8/site-packages/airflow/example_dags/example_sla_dag.py took 0.045 seconds
[2025-06-01T18:25:17.669+0200] {processor.py:157} INFO - Started process (PID=30038) to work on /home/lohit/miniconda3/envs/airflow-env/lib/python3.8/site-packages/airflow/example_dags/example_sla_dag.py
[2025-06-01T18:25:17.672+0200] {processor.py:829} INFO - Processing file /home/lohit/miniconda3/envs/airflow-env/lib/python3.8/site-packages/airflow/example_dags/example_sla_dag.py for tasks to queue
[2025-06-01T18:25:17.673+0200] {logging_mixin.py:154} INFO - [2025-06-01T18:25:17.672+0200] {dagbag.py:536} INFO - Filling up the DagBag from /home/lohit/miniconda3/envs/airflow-env/lib/python3.8/site-packages/airflow/example_dags/example_sla_dag.py
[2025-06-01T18:25:17.678+0200] {processor.py:839} INFO - DAG(s) dict_keys(['example_sla_dag']) retrieved from /home/lohit/miniconda3/envs/airflow-env/lib/python3.8/site-packages/airflow/example_dags/example_sla_dag.py
[2025-06-01T18:25:17.689+0200] {logging_mixin.py:154} INFO - [2025-06-01T18:25:17.689+0200] {dag.py:2941} INFO - Sync 1 DAGs
[2025-06-01T18:25:17.704+0200] {logging_mixin.py:154} INFO - [2025-06-01T18:25:17.704+0200] {dag.py:3722} INFO - Setting next_dagrun for example_sla_dag to 2025-06-01T16:22:00+00:00, run_after=2025-06-01T16:24:00+00:00
[2025-06-01T18:25:17.722+0200] {processor.py:179} INFO - Processing /home/lohit/miniconda3/envs/airflow-env/lib/python3.8/site-packages/airflow/example_dags/example_sla_dag.py took 0.055 seconds
[2025-06-01T18:26:04.435+0200] {processor.py:157} INFO - Started process (PID=30109) to work on /home/lohit/miniconda3/envs/airflow-env/lib/python3.8/site-packages/airflow/example_dags/example_sla_dag.py
[2025-06-01T18:26:04.438+0200] {processor.py:829} INFO - Processing file /home/lohit/miniconda3/envs/airflow-env/lib/python3.8/site-packages/airflow/example_dags/example_sla_dag.py for tasks to queue
[2025-06-01T18:26:04.439+0200] {logging_mixin.py:154} INFO - [2025-06-01T18:26:04.438+0200] {dagbag.py:536} INFO - Filling up the DagBag from /home/lohit/miniconda3/envs/airflow-env/lib/python3.8/site-packages/airflow/example_dags/example_sla_dag.py
[2025-06-01T18:26:04.445+0200] {processor.py:839} INFO - DAG(s) dict_keys(['example_sla_dag']) retrieved from /home/lohit/miniconda3/envs/airflow-env/lib/python3.8/site-packages/airflow/example_dags/example_sla_dag.py
[2025-06-01T18:26:04.455+0200] {logging_mixin.py:154} INFO - [2025-06-01T18:26:04.455+0200] {dag.py:2941} INFO - Sync 1 DAGs
[2025-06-01T18:26:04.471+0200] {logging_mixin.py:154} INFO - [2025-06-01T18:26:04.471+0200] {dag.py:3722} INFO - Setting next_dagrun for example_sla_dag to 2025-06-01T16:24:00+00:00, run_after=2025-06-01T16:26:00+00:00
[2025-06-01T18:26:04.488+0200] {processor.py:179} INFO - Processing /home/lohit/miniconda3/envs/airflow-env/lib/python3.8/site-packages/airflow/example_dags/example_sla_dag.py took 0.057 seconds
[2025-06-01T18:26:52.379+0200] {processor.py:157} INFO - Started process (PID=30179) to work on /home/lohit/miniconda3/envs/airflow-env/lib/python3.8/site-packages/airflow/example_dags/example_sla_dag.py
[2025-06-01T18:26:52.383+0200] {processor.py:829} INFO - Processing file /home/lohit/miniconda3/envs/airflow-env/lib/python3.8/site-packages/airflow/example_dags/example_sla_dag.py for tasks to queue
[2025-06-01T18:26:52.383+0200] {logging_mixin.py:154} INFO - [2025-06-01T18:26:52.383+0200] {dagbag.py:536} INFO - Filling up the DagBag from /home/lohit/miniconda3/envs/airflow-env/lib/python3.8/site-packages/airflow/example_dags/example_sla_dag.py
[2025-06-01T18:26:52.389+0200] {processor.py:839} INFO - DAG(s) dict_keys(['example_sla_dag']) retrieved from /home/lohit/miniconda3/envs/airflow-env/lib/python3.8/site-packages/airflow/example_dags/example_sla_dag.py
[2025-06-01T18:26:52.402+0200] {logging_mixin.py:154} INFO - [2025-06-01T18:26:52.401+0200] {dag.py:2941} INFO - Sync 1 DAGs
[2025-06-01T18:26:52.415+0200] {logging_mixin.py:154} INFO - [2025-06-01T18:26:52.415+0200] {dag.py:3722} INFO - Setting next_dagrun for example_sla_dag to 2025-06-01T16:24:00+00:00, run_after=2025-06-01T16:26:00+00:00
[2025-06-01T18:26:52.432+0200] {processor.py:179} INFO - Processing /home/lohit/miniconda3/envs/airflow-env/lib/python3.8/site-packages/airflow/example_dags/example_sla_dag.py took 0.056 seconds
[2025-06-01T18:27:35.689+0200] {processor.py:157} INFO - Started process (PID=30247) to work on /home/lohit/miniconda3/envs/airflow-env/lib/python3.8/site-packages/airflow/example_dags/example_sla_dag.py
[2025-06-01T18:27:35.693+0200] {processor.py:829} INFO - Processing file /home/lohit/miniconda3/envs/airflow-env/lib/python3.8/site-packages/airflow/example_dags/example_sla_dag.py for tasks to queue
[2025-06-01T18:27:35.694+0200] {logging_mixin.py:154} INFO - [2025-06-01T18:27:35.693+0200] {dagbag.py:536} INFO - Filling up the DagBag from /home/lohit/miniconda3/envs/airflow-env/lib/python3.8/site-packages/airflow/example_dags/example_sla_dag.py
[2025-06-01T18:27:35.700+0200] {processor.py:839} INFO - DAG(s) dict_keys(['example_sla_dag']) retrieved from /home/lohit/miniconda3/envs/airflow-env/lib/python3.8/site-packages/airflow/example_dags/example_sla_dag.py
[2025-06-01T18:27:35.712+0200] {logging_mixin.py:154} INFO - [2025-06-01T18:27:35.711+0200] {dag.py:2941} INFO - Sync 1 DAGs
[2025-06-01T18:27:35.727+0200] {logging_mixin.py:154} INFO - [2025-06-01T18:27:35.726+0200] {dag.py:3722} INFO - Setting next_dagrun for example_sla_dag to 2025-06-01T16:24:00+00:00, run_after=2025-06-01T16:26:00+00:00
[2025-06-01T18:27:35.746+0200] {processor.py:179} INFO - Processing /home/lohit/miniconda3/envs/airflow-env/lib/python3.8/site-packages/airflow/example_dags/example_sla_dag.py took 0.059 seconds
[2025-06-01T18:28:25.121+0200] {processor.py:157} INFO - Started process (PID=30318) to work on /home/lohit/miniconda3/envs/airflow-env/lib/python3.8/site-packages/airflow/example_dags/example_sla_dag.py
[2025-06-01T18:28:25.123+0200] {processor.py:829} INFO - Processing file /home/lohit/miniconda3/envs/airflow-env/lib/python3.8/site-packages/airflow/example_dags/example_sla_dag.py for tasks to queue
[2025-06-01T18:28:25.123+0200] {logging_mixin.py:154} INFO - [2025-06-01T18:28:25.123+0200] {dagbag.py:536} INFO - Filling up the DagBag from /home/lohit/miniconda3/envs/airflow-env/lib/python3.8/site-packages/airflow/example_dags/example_sla_dag.py
[2025-06-01T18:28:25.128+0200] {processor.py:839} INFO - DAG(s) dict_keys(['example_sla_dag']) retrieved from /home/lohit/miniconda3/envs/airflow-env/lib/python3.8/site-packages/airflow/example_dags/example_sla_dag.py
[2025-06-01T18:28:25.141+0200] {logging_mixin.py:154} INFO - [2025-06-01T18:28:25.141+0200] {dag.py:2941} INFO - Sync 1 DAGs
[2025-06-01T18:28:25.155+0200] {logging_mixin.py:154} INFO - [2025-06-01T18:28:25.155+0200] {dag.py:3722} INFO - Setting next_dagrun for example_sla_dag to 2025-06-01T16:26:00+00:00, run_after=2025-06-01T16:28:00+00:00
[2025-06-01T18:28:25.172+0200] {processor.py:179} INFO - Processing /home/lohit/miniconda3/envs/airflow-env/lib/python3.8/site-packages/airflow/example_dags/example_sla_dag.py took 0.053 seconds
[2025-06-01T18:29:10.172+0200] {processor.py:157} INFO - Started process (PID=30388) to work on /home/lohit/miniconda3/envs/airflow-env/lib/python3.8/site-packages/airflow/example_dags/example_sla_dag.py
[2025-06-01T18:29:10.174+0200] {processor.py:829} INFO - Processing file /home/lohit/miniconda3/envs/airflow-env/lib/python3.8/site-packages/airflow/example_dags/example_sla_dag.py for tasks to queue
[2025-06-01T18:29:10.174+0200] {logging_mixin.py:154} INFO - [2025-06-01T18:29:10.174+0200] {dagbag.py:536} INFO - Filling up the DagBag from /home/lohit/miniconda3/envs/airflow-env/lib/python3.8/site-packages/airflow/example_dags/example_sla_dag.py
[2025-06-01T18:29:10.180+0200] {processor.py:839} INFO - DAG(s) dict_keys(['example_sla_dag']) retrieved from /home/lohit/miniconda3/envs/airflow-env/lib/python3.8/site-packages/airflow/example_dags/example_sla_dag.py
[2025-06-01T18:29:10.190+0200] {logging_mixin.py:154} INFO - [2025-06-01T18:29:10.190+0200] {dag.py:2941} INFO - Sync 1 DAGs
[2025-06-01T18:29:10.206+0200] {logging_mixin.py:154} INFO - [2025-06-01T18:29:10.206+0200] {dag.py:3722} INFO - Setting next_dagrun for example_sla_dag to 2025-06-01T16:26:00+00:00, run_after=2025-06-01T16:28:00+00:00
[2025-06-01T18:29:10.223+0200] {processor.py:179} INFO - Processing /home/lohit/miniconda3/envs/airflow-env/lib/python3.8/site-packages/airflow/example_dags/example_sla_dag.py took 0.053 seconds
[2025-06-01T18:29:55.583+0200] {processor.py:157} INFO - Started process (PID=30455) to work on /home/lohit/miniconda3/envs/airflow-env/lib/python3.8/site-packages/airflow/example_dags/example_sla_dag.py
[2025-06-01T18:29:55.586+0200] {processor.py:829} INFO - Processing file /home/lohit/miniconda3/envs/airflow-env/lib/python3.8/site-packages/airflow/example_dags/example_sla_dag.py for tasks to queue
[2025-06-01T18:29:55.587+0200] {logging_mixin.py:154} INFO - [2025-06-01T18:29:55.586+0200] {dagbag.py:536} INFO - Filling up the DagBag from /home/lohit/miniconda3/envs/airflow-env/lib/python3.8/site-packages/airflow/example_dags/example_sla_dag.py
[2025-06-01T18:29:55.592+0200] {processor.py:839} INFO - DAG(s) dict_keys(['example_sla_dag']) retrieved from /home/lohit/miniconda3/envs/airflow-env/lib/python3.8/site-packages/airflow/example_dags/example_sla_dag.py
[2025-06-01T18:29:55.603+0200] {logging_mixin.py:154} INFO - [2025-06-01T18:29:55.603+0200] {dag.py:2941} INFO - Sync 1 DAGs
[2025-06-01T18:29:55.617+0200] {logging_mixin.py:154} INFO - [2025-06-01T18:29:55.617+0200] {dag.py:3722} INFO - Setting next_dagrun for example_sla_dag to 2025-06-01T16:26:00+00:00, run_after=2025-06-01T16:28:00+00:00
[2025-06-01T18:29:55.633+0200] {processor.py:179} INFO - Processing /home/lohit/miniconda3/envs/airflow-env/lib/python3.8/site-packages/airflow/example_dags/example_sla_dag.py took 0.054 seconds
[2025-06-01T18:30:39.434+0200] {processor.py:157} INFO - Started process (PID=30523) to work on /home/lohit/miniconda3/envs/airflow-env/lib/python3.8/site-packages/airflow/example_dags/example_sla_dag.py
[2025-06-01T18:30:39.436+0200] {processor.py:829} INFO - Processing file /home/lohit/miniconda3/envs/airflow-env/lib/python3.8/site-packages/airflow/example_dags/example_sla_dag.py for tasks to queue
[2025-06-01T18:30:39.436+0200] {logging_mixin.py:154} INFO - [2025-06-01T18:30:39.436+0200] {dagbag.py:536} INFO - Filling up the DagBag from /home/lohit/miniconda3/envs/airflow-env/lib/python3.8/site-packages/airflow/example_dags/example_sla_dag.py
[2025-06-01T18:30:39.442+0200] {processor.py:839} INFO - DAG(s) dict_keys(['example_sla_dag']) retrieved from /home/lohit/miniconda3/envs/airflow-env/lib/python3.8/site-packages/airflow/example_dags/example_sla_dag.py
[2025-06-01T18:30:39.454+0200] {logging_mixin.py:154} INFO - [2025-06-01T18:30:39.453+0200] {dag.py:2941} INFO - Sync 1 DAGs
[2025-06-01T18:30:39.467+0200] {logging_mixin.py:154} INFO - [2025-06-01T18:30:39.467+0200] {dag.py:3722} INFO - Setting next_dagrun for example_sla_dag to 2025-06-01T16:28:00+00:00, run_after=2025-06-01T16:30:00+00:00
[2025-06-01T18:30:39.483+0200] {processor.py:179} INFO - Processing /home/lohit/miniconda3/envs/airflow-env/lib/python3.8/site-packages/airflow/example_dags/example_sla_dag.py took 0.052 seconds
[2025-06-01T18:31:24.823+0200] {processor.py:157} INFO - Started process (PID=30593) to work on /home/lohit/miniconda3/envs/airflow-env/lib/python3.8/site-packages/airflow/example_dags/example_sla_dag.py
[2025-06-01T18:31:24.827+0200] {processor.py:829} INFO - Processing file /home/lohit/miniconda3/envs/airflow-env/lib/python3.8/site-packages/airflow/example_dags/example_sla_dag.py for tasks to queue
[2025-06-01T18:31:24.827+0200] {logging_mixin.py:154} INFO - [2025-06-01T18:31:24.827+0200] {dagbag.py:536} INFO - Filling up the DagBag from /home/lohit/miniconda3/envs/airflow-env/lib/python3.8/site-packages/airflow/example_dags/example_sla_dag.py
[2025-06-01T18:31:24.833+0200] {processor.py:839} INFO - DAG(s) dict_keys(['example_sla_dag']) retrieved from /home/lohit/miniconda3/envs/airflow-env/lib/python3.8/site-packages/airflow/example_dags/example_sla_dag.py
[2025-06-01T18:31:24.843+0200] {logging_mixin.py:154} INFO - [2025-06-01T18:31:24.843+0200] {dag.py:2941} INFO - Sync 1 DAGs
[2025-06-01T18:31:24.855+0200] {logging_mixin.py:154} INFO - [2025-06-01T18:31:24.855+0200] {dag.py:3722} INFO - Setting next_dagrun for example_sla_dag to 2025-06-01T16:28:00+00:00, run_after=2025-06-01T16:30:00+00:00
[2025-06-01T18:31:24.870+0200] {processor.py:179} INFO - Processing /home/lohit/miniconda3/envs/airflow-env/lib/python3.8/site-packages/airflow/example_dags/example_sla_dag.py took 0.049 seconds
[2025-06-01T18:32:10.031+0200] {processor.py:157} INFO - Started process (PID=30661) to work on /home/lohit/miniconda3/envs/airflow-env/lib/python3.8/site-packages/airflow/example_dags/example_sla_dag.py
[2025-06-01T18:32:10.032+0200] {processor.py:829} INFO - Processing file /home/lohit/miniconda3/envs/airflow-env/lib/python3.8/site-packages/airflow/example_dags/example_sla_dag.py for tasks to queue
[2025-06-01T18:32:10.033+0200] {logging_mixin.py:154} INFO - [2025-06-01T18:32:10.033+0200] {dagbag.py:536} INFO - Filling up the DagBag from /home/lohit/miniconda3/envs/airflow-env/lib/python3.8/site-packages/airflow/example_dags/example_sla_dag.py
[2025-06-01T18:32:10.038+0200] {processor.py:839} INFO - DAG(s) dict_keys(['example_sla_dag']) retrieved from /home/lohit/miniconda3/envs/airflow-env/lib/python3.8/site-packages/airflow/example_dags/example_sla_dag.py
[2025-06-01T18:32:10.049+0200] {logging_mixin.py:154} INFO - [2025-06-01T18:32:10.049+0200] {dag.py:2941} INFO - Sync 1 DAGs
[2025-06-01T18:32:10.063+0200] {logging_mixin.py:154} INFO - [2025-06-01T18:32:10.063+0200] {dag.py:3722} INFO - Setting next_dagrun for example_sla_dag to 2025-06-01T16:30:00+00:00, run_after=2025-06-01T16:32:00+00:00
[2025-06-01T18:32:10.079+0200] {processor.py:179} INFO - Processing /home/lohit/miniconda3/envs/airflow-env/lib/python3.8/site-packages/airflow/example_dags/example_sla_dag.py took 0.050 seconds
[2025-06-01T18:32:55.952+0200] {processor.py:157} INFO - Started process (PID=30731) to work on /home/lohit/miniconda3/envs/airflow-env/lib/python3.8/site-packages/airflow/example_dags/example_sla_dag.py
[2025-06-01T18:32:55.955+0200] {processor.py:829} INFO - Processing file /home/lohit/miniconda3/envs/airflow-env/lib/python3.8/site-packages/airflow/example_dags/example_sla_dag.py for tasks to queue
[2025-06-01T18:32:55.955+0200] {logging_mixin.py:154} INFO - [2025-06-01T18:32:55.955+0200] {dagbag.py:536} INFO - Filling up the DagBag from /home/lohit/miniconda3/envs/airflow-env/lib/python3.8/site-packages/airflow/example_dags/example_sla_dag.py
[2025-06-01T18:32:55.961+0200] {processor.py:839} INFO - DAG(s) dict_keys(['example_sla_dag']) retrieved from /home/lohit/miniconda3/envs/airflow-env/lib/python3.8/site-packages/airflow/example_dags/example_sla_dag.py
[2025-06-01T18:32:55.972+0200] {logging_mixin.py:154} INFO - [2025-06-01T18:32:55.972+0200] {dag.py:2941} INFO - Sync 1 DAGs
[2025-06-01T18:32:55.984+0200] {logging_mixin.py:154} INFO - [2025-06-01T18:32:55.984+0200] {dag.py:3722} INFO - Setting next_dagrun for example_sla_dag to 2025-06-01T16:30:00+00:00, run_after=2025-06-01T16:32:00+00:00
[2025-06-01T18:32:56.000+0200] {processor.py:179} INFO - Processing /home/lohit/miniconda3/envs/airflow-env/lib/python3.8/site-packages/airflow/example_dags/example_sla_dag.py took 0.050 seconds
[2025-06-01T18:33:40.878+0200] {processor.py:157} INFO - Started process (PID=30798) to work on /home/lohit/miniconda3/envs/airflow-env/lib/python3.8/site-packages/airflow/example_dags/example_sla_dag.py
[2025-06-01T18:33:40.879+0200] {processor.py:829} INFO - Processing file /home/lohit/miniconda3/envs/airflow-env/lib/python3.8/site-packages/airflow/example_dags/example_sla_dag.py for tasks to queue
[2025-06-01T18:33:40.880+0200] {logging_mixin.py:154} INFO - [2025-06-01T18:33:40.880+0200] {dagbag.py:536} INFO - Filling up the DagBag from /home/lohit/miniconda3/envs/airflow-env/lib/python3.8/site-packages/airflow/example_dags/example_sla_dag.py
[2025-06-01T18:33:40.886+0200] {processor.py:839} INFO - DAG(s) dict_keys(['example_sla_dag']) retrieved from /home/lohit/miniconda3/envs/airflow-env/lib/python3.8/site-packages/airflow/example_dags/example_sla_dag.py
[2025-06-01T18:33:40.896+0200] {logging_mixin.py:154} INFO - [2025-06-01T18:33:40.896+0200] {dag.py:2941} INFO - Sync 1 DAGs
[2025-06-01T18:33:40.910+0200] {logging_mixin.py:154} INFO - [2025-06-01T18:33:40.910+0200] {dag.py:3722} INFO - Setting next_dagrun for example_sla_dag to 2025-06-01T16:30:00+00:00, run_after=2025-06-01T16:32:00+00:00
[2025-06-01T18:33:40.926+0200] {processor.py:179} INFO - Processing /home/lohit/miniconda3/envs/airflow-env/lib/python3.8/site-packages/airflow/example_dags/example_sla_dag.py took 0.050 seconds
[2025-06-01T18:34:32.399+0200] {processor.py:157} INFO - Started process (PID=31288) to work on /home/lohit/miniconda3/envs/airflow-env/lib/python3.8/site-packages/airflow/example_dags/example_sla_dag.py
[2025-06-01T18:34:32.399+0200] {processor.py:829} INFO - Processing file /home/lohit/miniconda3/envs/airflow-env/lib/python3.8/site-packages/airflow/example_dags/example_sla_dag.py for tasks to queue
[2025-06-01T18:34:32.400+0200] {logging_mixin.py:154} INFO - [2025-06-01T18:34:32.400+0200] {dagbag.py:536} INFO - Filling up the DagBag from /home/lohit/miniconda3/envs/airflow-env/lib/python3.8/site-packages/airflow/example_dags/example_sla_dag.py
[2025-06-01T18:34:32.406+0200] {processor.py:839} INFO - DAG(s) dict_keys(['example_sla_dag']) retrieved from /home/lohit/miniconda3/envs/airflow-env/lib/python3.8/site-packages/airflow/example_dags/example_sla_dag.py
[2025-06-01T18:34:32.418+0200] {logging_mixin.py:154} INFO - [2025-06-01T18:34:32.418+0200] {dag.py:2941} INFO - Sync 1 DAGs
[2025-06-01T18:34:32.433+0200] {logging_mixin.py:154} INFO - [2025-06-01T18:34:32.433+0200] {dag.py:3722} INFO - Setting next_dagrun for example_sla_dag to 2025-06-01T16:32:00+00:00, run_after=2025-06-01T16:34:00+00:00
[2025-06-01T18:34:32.453+0200] {processor.py:179} INFO - Processing /home/lohit/miniconda3/envs/airflow-env/lib/python3.8/site-packages/airflow/example_dags/example_sla_dag.py took 0.056 seconds
[2025-06-01T18:35:16.390+0200] {processor.py:157} INFO - Started process (PID=31655) to work on /home/lohit/miniconda3/envs/airflow-env/lib/python3.8/site-packages/airflow/example_dags/example_sla_dag.py
[2025-06-01T18:35:16.393+0200] {processor.py:829} INFO - Processing file /home/lohit/miniconda3/envs/airflow-env/lib/python3.8/site-packages/airflow/example_dags/example_sla_dag.py for tasks to queue
[2025-06-01T18:35:16.394+0200] {logging_mixin.py:154} INFO - [2025-06-01T18:35:16.393+0200] {dagbag.py:536} INFO - Filling up the DagBag from /home/lohit/miniconda3/envs/airflow-env/lib/python3.8/site-packages/airflow/example_dags/example_sla_dag.py
[2025-06-01T18:35:16.399+0200] {processor.py:839} INFO - DAG(s) dict_keys(['example_sla_dag']) retrieved from /home/lohit/miniconda3/envs/airflow-env/lib/python3.8/site-packages/airflow/example_dags/example_sla_dag.py
[2025-06-01T18:35:16.409+0200] {logging_mixin.py:154} INFO - [2025-06-01T18:35:16.409+0200] {dag.py:2941} INFO - Sync 1 DAGs
[2025-06-01T18:35:16.422+0200] {logging_mixin.py:154} INFO - [2025-06-01T18:35:16.422+0200] {dag.py:3722} INFO - Setting next_dagrun for example_sla_dag to 2025-06-01T16:32:00+00:00, run_after=2025-06-01T16:34:00+00:00
[2025-06-01T18:35:16.437+0200] {processor.py:179} INFO - Processing /home/lohit/miniconda3/envs/airflow-env/lib/python3.8/site-packages/airflow/example_dags/example_sla_dag.py took 0.049 seconds
