[2025-06-01T17:52:58.226+0200] {processor.py:157} INFO - Started process (PID=27070) to work on /home/lohit/miniconda3/envs/airflow-env/lib/python3.8/site-packages/airflow/example_dags/example_latest_only.py
[2025-06-01T17:52:58.227+0200] {processor.py:829} INFO - Processing file /home/lohit/miniconda3/envs/airflow-env/lib/python3.8/site-packages/airflow/example_dags/example_latest_only.py for tasks to queue
[2025-06-01T17:52:58.227+0200] {logging_mixin.py:154} INFO - [2025-06-01T17:52:58.227+0200] {dagbag.py:536} INFO - Filling up the DagBag from /home/lohit/miniconda3/envs/airflow-env/lib/python3.8/site-packages/airflow/example_dags/example_latest_only.py
[2025-06-01T17:52:58.231+0200] {processor.py:839} INFO - DAG(s) dict_keys(['latest_only']) retrieved from /home/lohit/miniconda3/envs/airflow-env/lib/python3.8/site-packages/airflow/example_dags/example_latest_only.py
[2025-06-01T17:52:58.240+0200] {logging_mixin.py:154} INFO - [2025-06-01T17:52:58.240+0200] {dag.py:2941} INFO - Sync 1 DAGs
[2025-06-01T17:52:58.255+0200] {logging_mixin.py:154} INFO - [2025-06-01T17:52:58.254+0200] {dag.py:3722} INFO - Setting next_dagrun for latest_only to 2025-06-01T11:52:58.254789+00:00, run_after=2025-06-01T15:52:58.254789+00:00
[2025-06-01T17:52:58.275+0200] {processor.py:179} INFO - Processing /home/lohit/miniconda3/envs/airflow-env/lib/python3.8/site-packages/airflow/example_dags/example_latest_only.py took 0.050 seconds
[2025-06-01T17:53:42.281+0200] {processor.py:157} INFO - Started process (PID=27138) to work on /home/lohit/miniconda3/envs/airflow-env/lib/python3.8/site-packages/airflow/example_dags/example_latest_only.py
[2025-06-01T17:53:42.282+0200] {processor.py:829} INFO - Processing file /home/lohit/miniconda3/envs/airflow-env/lib/python3.8/site-packages/airflow/example_dags/example_latest_only.py for tasks to queue
[2025-06-01T17:53:42.283+0200] {logging_mixin.py:154} INFO - [2025-06-01T17:53:42.282+0200] {dagbag.py:536} INFO - Filling up the DagBag from /home/lohit/miniconda3/envs/airflow-env/lib/python3.8/site-packages/airflow/example_dags/example_latest_only.py
[2025-06-01T17:53:42.286+0200] {processor.py:839} INFO - DAG(s) dict_keys(['latest_only']) retrieved from /home/lohit/miniconda3/envs/airflow-env/lib/python3.8/site-packages/airflow/example_dags/example_latest_only.py
[2025-06-01T17:53:42.295+0200] {logging_mixin.py:154} INFO - [2025-06-01T17:53:42.295+0200] {dag.py:2941} INFO - Sync 1 DAGs
[2025-06-01T17:53:42.305+0200] {logging_mixin.py:154} INFO - [2025-06-01T17:53:42.304+0200] {dag.py:3722} INFO - Setting next_dagrun for latest_only to 2025-06-01T11:53:42.304775+00:00, run_after=2025-06-01T15:53:42.304775+00:00
[2025-06-01T17:53:42.320+0200] {processor.py:179} INFO - Processing /home/lohit/miniconda3/envs/airflow-env/lib/python3.8/site-packages/airflow/example_dags/example_latest_only.py took 0.042 seconds
[2025-06-01T17:54:25.637+0200] {processor.py:157} INFO - Started process (PID=27206) to work on /home/lohit/miniconda3/envs/airflow-env/lib/python3.8/site-packages/airflow/example_dags/example_latest_only.py
[2025-06-01T17:54:25.639+0200] {processor.py:829} INFO - Processing file /home/lohit/miniconda3/envs/airflow-env/lib/python3.8/site-packages/airflow/example_dags/example_latest_only.py for tasks to queue
[2025-06-01T17:54:25.639+0200] {logging_mixin.py:154} INFO - [2025-06-01T17:54:25.639+0200] {dagbag.py:536} INFO - Filling up the DagBag from /home/lohit/miniconda3/envs/airflow-env/lib/python3.8/site-packages/airflow/example_dags/example_latest_only.py
[2025-06-01T17:54:25.643+0200] {processor.py:839} INFO - DAG(s) dict_keys(['latest_only']) retrieved from /home/lohit/miniconda3/envs/airflow-env/lib/python3.8/site-packages/airflow/example_dags/example_latest_only.py
[2025-06-01T17:54:25.653+0200] {logging_mixin.py:154} INFO - [2025-06-01T17:54:25.653+0200] {dag.py:2941} INFO - Sync 1 DAGs
[2025-06-01T17:54:25.663+0200] {logging_mixin.py:154} INFO - [2025-06-01T17:54:25.663+0200] {dag.py:3722} INFO - Setting next_dagrun for latest_only to 2025-06-01T11:54:25.663121+00:00, run_after=2025-06-01T15:54:25.663121+00:00
[2025-06-01T17:54:25.677+0200] {processor.py:179} INFO - Processing /home/lohit/miniconda3/envs/airflow-env/lib/python3.8/site-packages/airflow/example_dags/example_latest_only.py took 0.041 seconds
[2025-06-01T17:55:13.909+0200] {processor.py:157} INFO - Started process (PID=27276) to work on /home/lohit/miniconda3/envs/airflow-env/lib/python3.8/site-packages/airflow/example_dags/example_latest_only.py
[2025-06-01T17:55:13.913+0200] {processor.py:829} INFO - Processing file /home/lohit/miniconda3/envs/airflow-env/lib/python3.8/site-packages/airflow/example_dags/example_latest_only.py for tasks to queue
[2025-06-01T17:55:13.913+0200] {logging_mixin.py:154} INFO - [2025-06-01T17:55:13.913+0200] {dagbag.py:536} INFO - Filling up the DagBag from /home/lohit/miniconda3/envs/airflow-env/lib/python3.8/site-packages/airflow/example_dags/example_latest_only.py
[2025-06-01T17:55:13.917+0200] {processor.py:839} INFO - DAG(s) dict_keys(['latest_only']) retrieved from /home/lohit/miniconda3/envs/airflow-env/lib/python3.8/site-packages/airflow/example_dags/example_latest_only.py
[2025-06-01T17:55:13.926+0200] {logging_mixin.py:154} INFO - [2025-06-01T17:55:13.926+0200] {dag.py:2941} INFO - Sync 1 DAGs
[2025-06-01T17:55:13.936+0200] {logging_mixin.py:154} INFO - [2025-06-01T17:55:13.936+0200] {dag.py:3722} INFO - Setting next_dagrun for latest_only to 2025-06-01T11:55:13.936392+00:00, run_after=2025-06-01T15:55:13.936392+00:00
[2025-06-01T17:55:13.954+0200] {processor.py:179} INFO - Processing /home/lohit/miniconda3/envs/airflow-env/lib/python3.8/site-packages/airflow/example_dags/example_latest_only.py took 0.049 seconds
[2025-06-01T17:56:03.422+0200] {processor.py:157} INFO - Started process (PID=27350) to work on /home/lohit/miniconda3/envs/airflow-env/lib/python3.8/site-packages/airflow/example_dags/example_latest_only.py
[2025-06-01T17:56:03.426+0200] {processor.py:829} INFO - Processing file /home/lohit/miniconda3/envs/airflow-env/lib/python3.8/site-packages/airflow/example_dags/example_latest_only.py for tasks to queue
[2025-06-01T17:56:03.426+0200] {logging_mixin.py:154} INFO - [2025-06-01T17:56:03.426+0200] {dagbag.py:536} INFO - Filling up the DagBag from /home/lohit/miniconda3/envs/airflow-env/lib/python3.8/site-packages/airflow/example_dags/example_latest_only.py
[2025-06-01T17:56:03.430+0200] {processor.py:839} INFO - DAG(s) dict_keys(['latest_only']) retrieved from /home/lohit/miniconda3/envs/airflow-env/lib/python3.8/site-packages/airflow/example_dags/example_latest_only.py
[2025-06-01T17:56:03.439+0200] {logging_mixin.py:154} INFO - [2025-06-01T17:56:03.439+0200] {dag.py:2941} INFO - Sync 1 DAGs
[2025-06-01T17:56:03.449+0200] {logging_mixin.py:154} INFO - [2025-06-01T17:56:03.449+0200] {dag.py:3722} INFO - Setting next_dagrun for latest_only to 2025-06-01T11:56:03.449336+00:00, run_after=2025-06-01T15:56:03.449336+00:00
[2025-06-01T17:56:03.465+0200] {processor.py:179} INFO - Processing /home/lohit/miniconda3/envs/airflow-env/lib/python3.8/site-packages/airflow/example_dags/example_latest_only.py took 0.045 seconds
[2025-06-01T17:56:52.311+0200] {processor.py:157} INFO - Started process (PID=27420) to work on /home/lohit/miniconda3/envs/airflow-env/lib/python3.8/site-packages/airflow/example_dags/example_latest_only.py
[2025-06-01T17:56:52.314+0200] {processor.py:829} INFO - Processing file /home/lohit/miniconda3/envs/airflow-env/lib/python3.8/site-packages/airflow/example_dags/example_latest_only.py for tasks to queue
[2025-06-01T17:56:52.315+0200] {logging_mixin.py:154} INFO - [2025-06-01T17:56:52.314+0200] {dagbag.py:536} INFO - Filling up the DagBag from /home/lohit/miniconda3/envs/airflow-env/lib/python3.8/site-packages/airflow/example_dags/example_latest_only.py
[2025-06-01T17:56:52.318+0200] {processor.py:839} INFO - DAG(s) dict_keys(['latest_only']) retrieved from /home/lohit/miniconda3/envs/airflow-env/lib/python3.8/site-packages/airflow/example_dags/example_latest_only.py
[2025-06-01T17:56:52.327+0200] {logging_mixin.py:154} INFO - [2025-06-01T17:56:52.327+0200] {dag.py:2941} INFO - Sync 1 DAGs
[2025-06-01T17:56:52.337+0200] {logging_mixin.py:154} INFO - [2025-06-01T17:56:52.337+0200] {dag.py:3722} INFO - Setting next_dagrun for latest_only to 2025-06-01T11:56:52.337458+00:00, run_after=2025-06-01T15:56:52.337458+00:00
[2025-06-01T17:56:52.352+0200] {processor.py:179} INFO - Processing /home/lohit/miniconda3/envs/airflow-env/lib/python3.8/site-packages/airflow/example_dags/example_latest_only.py took 0.043 seconds
[2025-06-01T17:57:37.928+0200] {processor.py:157} INFO - Started process (PID=27489) to work on /home/lohit/miniconda3/envs/airflow-env/lib/python3.8/site-packages/airflow/example_dags/example_latest_only.py
[2025-06-01T17:57:37.932+0200] {processor.py:829} INFO - Processing file /home/lohit/miniconda3/envs/airflow-env/lib/python3.8/site-packages/airflow/example_dags/example_latest_only.py for tasks to queue
[2025-06-01T17:57:37.933+0200] {logging_mixin.py:154} INFO - [2025-06-01T17:57:37.932+0200] {dagbag.py:536} INFO - Filling up the DagBag from /home/lohit/miniconda3/envs/airflow-env/lib/python3.8/site-packages/airflow/example_dags/example_latest_only.py
[2025-06-01T17:57:37.938+0200] {processor.py:839} INFO - DAG(s) dict_keys(['latest_only']) retrieved from /home/lohit/miniconda3/envs/airflow-env/lib/python3.8/site-packages/airflow/example_dags/example_latest_only.py
[2025-06-01T17:57:37.947+0200] {logging_mixin.py:154} INFO - [2025-06-01T17:57:37.947+0200] {dag.py:2941} INFO - Sync 1 DAGs
[2025-06-01T17:57:37.957+0200] {logging_mixin.py:154} INFO - [2025-06-01T17:57:37.957+0200] {dag.py:3722} INFO - Setting next_dagrun for latest_only to 2025-06-01T11:57:37.957376+00:00, run_after=2025-06-01T15:57:37.957376+00:00
[2025-06-01T17:57:37.974+0200] {processor.py:179} INFO - Processing /home/lohit/miniconda3/envs/airflow-env/lib/python3.8/site-packages/airflow/example_dags/example_latest_only.py took 0.047 seconds
[2025-06-01T17:58:21.832+0200] {processor.py:157} INFO - Started process (PID=27556) to work on /home/lohit/miniconda3/envs/airflow-env/lib/python3.8/site-packages/airflow/example_dags/example_latest_only.py
[2025-06-01T17:58:21.835+0200] {processor.py:829} INFO - Processing file /home/lohit/miniconda3/envs/airflow-env/lib/python3.8/site-packages/airflow/example_dags/example_latest_only.py for tasks to queue
[2025-06-01T17:58:21.836+0200] {logging_mixin.py:154} INFO - [2025-06-01T17:58:21.836+0200] {dagbag.py:536} INFO - Filling up the DagBag from /home/lohit/miniconda3/envs/airflow-env/lib/python3.8/site-packages/airflow/example_dags/example_latest_only.py
[2025-06-01T17:58:21.840+0200] {processor.py:839} INFO - DAG(s) dict_keys(['latest_only']) retrieved from /home/lohit/miniconda3/envs/airflow-env/lib/python3.8/site-packages/airflow/example_dags/example_latest_only.py
[2025-06-01T17:58:21.850+0200] {logging_mixin.py:154} INFO - [2025-06-01T17:58:21.850+0200] {dag.py:2941} INFO - Sync 1 DAGs
[2025-06-01T17:58:21.861+0200] {logging_mixin.py:154} INFO - [2025-06-01T17:58:21.861+0200] {dag.py:3722} INFO - Setting next_dagrun for latest_only to 2025-06-01T11:58:21.860883+00:00, run_after=2025-06-01T15:58:21.860883+00:00
[2025-06-01T17:58:21.878+0200] {processor.py:179} INFO - Processing /home/lohit/miniconda3/envs/airflow-env/lib/python3.8/site-packages/airflow/example_dags/example_latest_only.py took 0.049 seconds
[2025-06-01T17:59:08.938+0200] {processor.py:157} INFO - Started process (PID=27627) to work on /home/lohit/miniconda3/envs/airflow-env/lib/python3.8/site-packages/airflow/example_dags/example_latest_only.py
[2025-06-01T17:59:08.941+0200] {processor.py:829} INFO - Processing file /home/lohit/miniconda3/envs/airflow-env/lib/python3.8/site-packages/airflow/example_dags/example_latest_only.py for tasks to queue
[2025-06-01T17:59:08.942+0200] {logging_mixin.py:154} INFO - [2025-06-01T17:59:08.942+0200] {dagbag.py:536} INFO - Filling up the DagBag from /home/lohit/miniconda3/envs/airflow-env/lib/python3.8/site-packages/airflow/example_dags/example_latest_only.py
[2025-06-01T17:59:08.945+0200] {processor.py:839} INFO - DAG(s) dict_keys(['latest_only']) retrieved from /home/lohit/miniconda3/envs/airflow-env/lib/python3.8/site-packages/airflow/example_dags/example_latest_only.py
[2025-06-01T17:59:08.956+0200] {logging_mixin.py:154} INFO - [2025-06-01T17:59:08.956+0200] {dag.py:2941} INFO - Sync 1 DAGs
[2025-06-01T17:59:08.969+0200] {logging_mixin.py:154} INFO - [2025-06-01T17:59:08.969+0200] {dag.py:3722} INFO - Setting next_dagrun for latest_only to 2025-06-01T11:59:08.969360+00:00, run_after=2025-06-01T15:59:08.969360+00:00
[2025-06-01T17:59:08.984+0200] {processor.py:179} INFO - Processing /home/lohit/miniconda3/envs/airflow-env/lib/python3.8/site-packages/airflow/example_dags/example_latest_only.py took 0.048 seconds
[2025-06-01T17:59:52.039+0200] {processor.py:157} INFO - Started process (PID=27694) to work on /home/lohit/miniconda3/envs/airflow-env/lib/python3.8/site-packages/airflow/example_dags/example_latest_only.py
[2025-06-01T17:59:52.041+0200] {processor.py:829} INFO - Processing file /home/lohit/miniconda3/envs/airflow-env/lib/python3.8/site-packages/airflow/example_dags/example_latest_only.py for tasks to queue
[2025-06-01T17:59:52.041+0200] {logging_mixin.py:154} INFO - [2025-06-01T17:59:52.041+0200] {dagbag.py:536} INFO - Filling up the DagBag from /home/lohit/miniconda3/envs/airflow-env/lib/python3.8/site-packages/airflow/example_dags/example_latest_only.py
[2025-06-01T17:59:52.045+0200] {processor.py:839} INFO - DAG(s) dict_keys(['latest_only']) retrieved from /home/lohit/miniconda3/envs/airflow-env/lib/python3.8/site-packages/airflow/example_dags/example_latest_only.py
[2025-06-01T17:59:52.055+0200] {logging_mixin.py:154} INFO - [2025-06-01T17:59:52.055+0200] {dag.py:2941} INFO - Sync 1 DAGs
[2025-06-01T17:59:52.065+0200] {logging_mixin.py:154} INFO - [2025-06-01T17:59:52.065+0200] {dag.py:3722} INFO - Setting next_dagrun for latest_only to 2025-06-01T11:59:52.065722+00:00, run_after=2025-06-01T15:59:52.065722+00:00
[2025-06-01T17:59:52.081+0200] {processor.py:179} INFO - Processing /home/lohit/miniconda3/envs/airflow-env/lib/python3.8/site-packages/airflow/example_dags/example_latest_only.py took 0.044 seconds
[2025-06-01T18:00:43.112+0200] {processor.py:157} INFO - Started process (PID=27767) to work on /home/lohit/miniconda3/envs/airflow-env/lib/python3.8/site-packages/airflow/example_dags/example_latest_only.py
[2025-06-01T18:00:43.113+0200] {processor.py:829} INFO - Processing file /home/lohit/miniconda3/envs/airflow-env/lib/python3.8/site-packages/airflow/example_dags/example_latest_only.py for tasks to queue
[2025-06-01T18:00:43.114+0200] {logging_mixin.py:154} INFO - [2025-06-01T18:00:43.114+0200] {dagbag.py:536} INFO - Filling up the DagBag from /home/lohit/miniconda3/envs/airflow-env/lib/python3.8/site-packages/airflow/example_dags/example_latest_only.py
[2025-06-01T18:00:43.118+0200] {processor.py:839} INFO - DAG(s) dict_keys(['latest_only']) retrieved from /home/lohit/miniconda3/envs/airflow-env/lib/python3.8/site-packages/airflow/example_dags/example_latest_only.py
[2025-06-01T18:00:43.128+0200] {logging_mixin.py:154} INFO - [2025-06-01T18:00:43.128+0200] {dag.py:2941} INFO - Sync 1 DAGs
[2025-06-01T18:00:43.141+0200] {logging_mixin.py:154} INFO - [2025-06-01T18:00:43.141+0200] {dag.py:3722} INFO - Setting next_dagrun for latest_only to 2025-06-01T12:00:43.140892+00:00, run_after=2025-06-01T16:00:43.140892+00:00
[2025-06-01T18:00:43.158+0200] {processor.py:179} INFO - Processing /home/lohit/miniconda3/envs/airflow-env/lib/python3.8/site-packages/airflow/example_dags/example_latest_only.py took 0.048 seconds
[2025-06-01T18:01:29.685+0200] {processor.py:157} INFO - Started process (PID=27868) to work on /home/lohit/miniconda3/envs/airflow-env/lib/python3.8/site-packages/airflow/example_dags/example_latest_only.py
[2025-06-01T18:01:29.689+0200] {processor.py:829} INFO - Processing file /home/lohit/miniconda3/envs/airflow-env/lib/python3.8/site-packages/airflow/example_dags/example_latest_only.py for tasks to queue
[2025-06-01T18:01:29.689+0200] {logging_mixin.py:154} INFO - [2025-06-01T18:01:29.689+0200] {dagbag.py:536} INFO - Filling up the DagBag from /home/lohit/miniconda3/envs/airflow-env/lib/python3.8/site-packages/airflow/example_dags/example_latest_only.py
[2025-06-01T18:01:29.693+0200] {processor.py:839} INFO - DAG(s) dict_keys(['latest_only']) retrieved from /home/lohit/miniconda3/envs/airflow-env/lib/python3.8/site-packages/airflow/example_dags/example_latest_only.py
[2025-06-01T18:01:29.703+0200] {logging_mixin.py:154} INFO - [2025-06-01T18:01:29.703+0200] {dag.py:2941} INFO - Sync 1 DAGs
[2025-06-01T18:01:29.715+0200] {logging_mixin.py:154} INFO - [2025-06-01T18:01:29.715+0200] {dag.py:3722} INFO - Setting next_dagrun for latest_only to 2025-06-01T12:01:29.714977+00:00, run_after=2025-06-01T16:01:29.714977+00:00
[2025-06-01T18:01:29.732+0200] {processor.py:179} INFO - Processing /home/lohit/miniconda3/envs/airflow-env/lib/python3.8/site-packages/airflow/example_dags/example_latest_only.py took 0.048 seconds
[2025-06-01T18:02:12.965+0200] {processor.py:157} INFO - Started process (PID=27936) to work on /home/lohit/miniconda3/envs/airflow-env/lib/python3.8/site-packages/airflow/example_dags/example_latest_only.py
[2025-06-01T18:02:12.968+0200] {processor.py:829} INFO - Processing file /home/lohit/miniconda3/envs/airflow-env/lib/python3.8/site-packages/airflow/example_dags/example_latest_only.py for tasks to queue
[2025-06-01T18:02:12.969+0200] {logging_mixin.py:154} INFO - [2025-06-01T18:02:12.969+0200] {dagbag.py:536} INFO - Filling up the DagBag from /home/lohit/miniconda3/envs/airflow-env/lib/python3.8/site-packages/airflow/example_dags/example_latest_only.py
[2025-06-01T18:02:12.974+0200] {processor.py:839} INFO - DAG(s) dict_keys(['latest_only']) retrieved from /home/lohit/miniconda3/envs/airflow-env/lib/python3.8/site-packages/airflow/example_dags/example_latest_only.py
[2025-06-01T18:02:12.983+0200] {logging_mixin.py:154} INFO - [2025-06-01T18:02:12.983+0200] {dag.py:2941} INFO - Sync 1 DAGs
[2025-06-01T18:02:12.996+0200] {logging_mixin.py:154} INFO - [2025-06-01T18:02:12.996+0200] {dag.py:3722} INFO - Setting next_dagrun for latest_only to 2025-06-01T12:02:12.996373+00:00, run_after=2025-06-01T16:02:12.996373+00:00
[2025-06-01T18:02:13.011+0200] {processor.py:179} INFO - Processing /home/lohit/miniconda3/envs/airflow-env/lib/python3.8/site-packages/airflow/example_dags/example_latest_only.py took 0.048 seconds
[2025-06-01T18:02:58.743+0200] {processor.py:157} INFO - Started process (PID=28012) to work on /home/lohit/miniconda3/envs/airflow-env/lib/python3.8/site-packages/airflow/example_dags/example_latest_only.py
[2025-06-01T18:02:58.746+0200] {processor.py:829} INFO - Processing file /home/lohit/miniconda3/envs/airflow-env/lib/python3.8/site-packages/airflow/example_dags/example_latest_only.py for tasks to queue
[2025-06-01T18:02:58.747+0200] {logging_mixin.py:154} INFO - [2025-06-01T18:02:58.747+0200] {dagbag.py:536} INFO - Filling up the DagBag from /home/lohit/miniconda3/envs/airflow-env/lib/python3.8/site-packages/airflow/example_dags/example_latest_only.py
[2025-06-01T18:02:58.753+0200] {processor.py:839} INFO - DAG(s) dict_keys(['latest_only']) retrieved from /home/lohit/miniconda3/envs/airflow-env/lib/python3.8/site-packages/airflow/example_dags/example_latest_only.py
[2025-06-01T18:02:58.762+0200] {logging_mixin.py:154} INFO - [2025-06-01T18:02:58.762+0200] {dag.py:2941} INFO - Sync 1 DAGs
[2025-06-01T18:02:58.774+0200] {logging_mixin.py:154} INFO - [2025-06-01T18:02:58.774+0200] {dag.py:3722} INFO - Setting next_dagrun for latest_only to 2025-06-01T12:02:58.774446+00:00, run_after=2025-06-01T16:02:58.774446+00:00
[2025-06-01T18:02:58.790+0200] {processor.py:179} INFO - Processing /home/lohit/miniconda3/envs/airflow-env/lib/python3.8/site-packages/airflow/example_dags/example_latest_only.py took 0.049 seconds
[2025-06-01T18:03:48.918+0200] {processor.py:157} INFO - Started process (PID=28087) to work on /home/lohit/miniconda3/envs/airflow-env/lib/python3.8/site-packages/airflow/example_dags/example_latest_only.py
[2025-06-01T18:03:48.919+0200] {processor.py:829} INFO - Processing file /home/lohit/miniconda3/envs/airflow-env/lib/python3.8/site-packages/airflow/example_dags/example_latest_only.py for tasks to queue
[2025-06-01T18:03:48.919+0200] {logging_mixin.py:154} INFO - [2025-06-01T18:03:48.919+0200] {dagbag.py:536} INFO - Filling up the DagBag from /home/lohit/miniconda3/envs/airflow-env/lib/python3.8/site-packages/airflow/example_dags/example_latest_only.py
[2025-06-01T18:03:48.924+0200] {processor.py:839} INFO - DAG(s) dict_keys(['latest_only']) retrieved from /home/lohit/miniconda3/envs/airflow-env/lib/python3.8/site-packages/airflow/example_dags/example_latest_only.py
[2025-06-01T18:03:48.935+0200] {logging_mixin.py:154} INFO - [2025-06-01T18:03:48.934+0200] {dag.py:2941} INFO - Sync 1 DAGs
[2025-06-01T18:03:48.946+0200] {logging_mixin.py:154} INFO - [2025-06-01T18:03:48.946+0200] {dag.py:3722} INFO - Setting next_dagrun for latest_only to 2025-06-01T12:03:48.946070+00:00, run_after=2025-06-01T16:03:48.946070+00:00
[2025-06-01T18:03:48.963+0200] {processor.py:179} INFO - Processing /home/lohit/miniconda3/envs/airflow-env/lib/python3.8/site-packages/airflow/example_dags/example_latest_only.py took 0.047 seconds
[2025-06-01T18:04:33.099+0200] {processor.py:157} INFO - Started process (PID=28160) to work on /home/lohit/miniconda3/envs/airflow-env/lib/python3.8/site-packages/airflow/example_dags/example_latest_only.py
[2025-06-01T18:04:33.102+0200] {processor.py:829} INFO - Processing file /home/lohit/miniconda3/envs/airflow-env/lib/python3.8/site-packages/airflow/example_dags/example_latest_only.py for tasks to queue
[2025-06-01T18:04:33.103+0200] {logging_mixin.py:154} INFO - [2025-06-01T18:04:33.103+0200] {dagbag.py:536} INFO - Filling up the DagBag from /home/lohit/miniconda3/envs/airflow-env/lib/python3.8/site-packages/airflow/example_dags/example_latest_only.py
[2025-06-01T18:04:33.107+0200] {processor.py:839} INFO - DAG(s) dict_keys(['latest_only']) retrieved from /home/lohit/miniconda3/envs/airflow-env/lib/python3.8/site-packages/airflow/example_dags/example_latest_only.py
[2025-06-01T18:04:33.116+0200] {logging_mixin.py:154} INFO - [2025-06-01T18:04:33.116+0200] {dag.py:2941} INFO - Sync 1 DAGs
[2025-06-01T18:04:33.127+0200] {logging_mixin.py:154} INFO - [2025-06-01T18:04:33.127+0200] {dag.py:3722} INFO - Setting next_dagrun for latest_only to 2025-06-01T12:04:33.126913+00:00, run_after=2025-06-01T16:04:33.126913+00:00
[2025-06-01T18:04:33.142+0200] {processor.py:179} INFO - Processing /home/lohit/miniconda3/envs/airflow-env/lib/python3.8/site-packages/airflow/example_dags/example_latest_only.py took 0.045 seconds
[2025-06-01T18:05:23.319+0200] {processor.py:157} INFO - Started process (PID=28239) to work on /home/lohit/miniconda3/envs/airflow-env/lib/python3.8/site-packages/airflow/example_dags/example_latest_only.py
[2025-06-01T18:05:23.323+0200] {processor.py:829} INFO - Processing file /home/lohit/miniconda3/envs/airflow-env/lib/python3.8/site-packages/airflow/example_dags/example_latest_only.py for tasks to queue
[2025-06-01T18:05:23.323+0200] {logging_mixin.py:154} INFO - [2025-06-01T18:05:23.323+0200] {dagbag.py:536} INFO - Filling up the DagBag from /home/lohit/miniconda3/envs/airflow-env/lib/python3.8/site-packages/airflow/example_dags/example_latest_only.py
[2025-06-01T18:05:23.327+0200] {processor.py:839} INFO - DAG(s) dict_keys(['latest_only']) retrieved from /home/lohit/miniconda3/envs/airflow-env/lib/python3.8/site-packages/airflow/example_dags/example_latest_only.py
[2025-06-01T18:05:23.336+0200] {logging_mixin.py:154} INFO - [2025-06-01T18:05:23.336+0200] {dag.py:2941} INFO - Sync 1 DAGs
[2025-06-01T18:05:23.348+0200] {logging_mixin.py:154} INFO - [2025-06-01T18:05:23.348+0200] {dag.py:3722} INFO - Setting next_dagrun for latest_only to 2025-06-01T12:05:23.348640+00:00, run_after=2025-06-01T16:05:23.348640+00:00
[2025-06-01T18:05:23.364+0200] {processor.py:179} INFO - Processing /home/lohit/miniconda3/envs/airflow-env/lib/python3.8/site-packages/airflow/example_dags/example_latest_only.py took 0.046 seconds
[2025-06-01T18:06:14.790+0200] {processor.py:157} INFO - Started process (PID=28320) to work on /home/lohit/miniconda3/envs/airflow-env/lib/python3.8/site-packages/airflow/example_dags/example_latest_only.py
[2025-06-01T18:06:14.794+0200] {processor.py:829} INFO - Processing file /home/lohit/miniconda3/envs/airflow-env/lib/python3.8/site-packages/airflow/example_dags/example_latest_only.py for tasks to queue
[2025-06-01T18:06:14.794+0200] {logging_mixin.py:154} INFO - [2025-06-01T18:06:14.794+0200] {dagbag.py:536} INFO - Filling up the DagBag from /home/lohit/miniconda3/envs/airflow-env/lib/python3.8/site-packages/airflow/example_dags/example_latest_only.py
[2025-06-01T18:06:14.800+0200] {processor.py:839} INFO - DAG(s) dict_keys(['latest_only']) retrieved from /home/lohit/miniconda3/envs/airflow-env/lib/python3.8/site-packages/airflow/example_dags/example_latest_only.py
[2025-06-01T18:06:14.809+0200] {logging_mixin.py:154} INFO - [2025-06-01T18:06:14.809+0200] {dag.py:2941} INFO - Sync 1 DAGs
[2025-06-01T18:06:14.820+0200] {logging_mixin.py:154} INFO - [2025-06-01T18:06:14.820+0200] {dag.py:3722} INFO - Setting next_dagrun for latest_only to 2025-06-01T12:06:14.820669+00:00, run_after=2025-06-01T16:06:14.820669+00:00
[2025-06-01T18:06:14.837+0200] {processor.py:179} INFO - Processing /home/lohit/miniconda3/envs/airflow-env/lib/python3.8/site-packages/airflow/example_dags/example_latest_only.py took 0.049 seconds
[2025-06-01T18:06:59.642+0200] {processor.py:157} INFO - Started process (PID=28388) to work on /home/lohit/miniconda3/envs/airflow-env/lib/python3.8/site-packages/airflow/example_dags/example_latest_only.py
[2025-06-01T18:06:59.644+0200] {processor.py:829} INFO - Processing file /home/lohit/miniconda3/envs/airflow-env/lib/python3.8/site-packages/airflow/example_dags/example_latest_only.py for tasks to queue
[2025-06-01T18:06:59.644+0200] {logging_mixin.py:154} INFO - [2025-06-01T18:06:59.644+0200] {dagbag.py:536} INFO - Filling up the DagBag from /home/lohit/miniconda3/envs/airflow-env/lib/python3.8/site-packages/airflow/example_dags/example_latest_only.py
[2025-06-01T18:06:59.648+0200] {processor.py:839} INFO - DAG(s) dict_keys(['latest_only']) retrieved from /home/lohit/miniconda3/envs/airflow-env/lib/python3.8/site-packages/airflow/example_dags/example_latest_only.py
[2025-06-01T18:06:59.661+0200] {logging_mixin.py:154} INFO - [2025-06-01T18:06:59.661+0200] {dag.py:2941} INFO - Sync 1 DAGs
[2025-06-01T18:06:59.675+0200] {logging_mixin.py:154} INFO - [2025-06-01T18:06:59.674+0200] {dag.py:3722} INFO - Setting next_dagrun for latest_only to 2025-06-01T12:06:59.674585+00:00, run_after=2025-06-01T16:06:59.674585+00:00
[2025-06-01T18:06:59.696+0200] {processor.py:179} INFO - Processing /home/lohit/miniconda3/envs/airflow-env/lib/python3.8/site-packages/airflow/example_dags/example_latest_only.py took 0.056 seconds
[2025-06-01T18:07:46.877+0200] {processor.py:157} INFO - Started process (PID=28458) to work on /home/lohit/miniconda3/envs/airflow-env/lib/python3.8/site-packages/airflow/example_dags/example_latest_only.py
[2025-06-01T18:07:46.880+0200] {processor.py:829} INFO - Processing file /home/lohit/miniconda3/envs/airflow-env/lib/python3.8/site-packages/airflow/example_dags/example_latest_only.py for tasks to queue
[2025-06-01T18:07:46.881+0200] {logging_mixin.py:154} INFO - [2025-06-01T18:07:46.880+0200] {dagbag.py:536} INFO - Filling up the DagBag from /home/lohit/miniconda3/envs/airflow-env/lib/python3.8/site-packages/airflow/example_dags/example_latest_only.py
[2025-06-01T18:07:46.884+0200] {processor.py:839} INFO - DAG(s) dict_keys(['latest_only']) retrieved from /home/lohit/miniconda3/envs/airflow-env/lib/python3.8/site-packages/airflow/example_dags/example_latest_only.py
[2025-06-01T18:07:46.893+0200] {logging_mixin.py:154} INFO - [2025-06-01T18:07:46.893+0200] {dag.py:2941} INFO - Sync 1 DAGs
[2025-06-01T18:07:46.903+0200] {logging_mixin.py:154} INFO - [2025-06-01T18:07:46.903+0200] {dag.py:3722} INFO - Setting next_dagrun for latest_only to 2025-06-01T12:07:46.902984+00:00, run_after=2025-06-01T16:07:46.902984+00:00
[2025-06-01T18:07:46.919+0200] {processor.py:179} INFO - Processing /home/lohit/miniconda3/envs/airflow-env/lib/python3.8/site-packages/airflow/example_dags/example_latest_only.py took 0.044 seconds
[2025-06-01T18:08:33.916+0200] {processor.py:157} INFO - Started process (PID=28532) to work on /home/lohit/miniconda3/envs/airflow-env/lib/python3.8/site-packages/airflow/example_dags/example_latest_only.py
[2025-06-01T18:08:33.919+0200] {processor.py:829} INFO - Processing file /home/lohit/miniconda3/envs/airflow-env/lib/python3.8/site-packages/airflow/example_dags/example_latest_only.py for tasks to queue
[2025-06-01T18:08:33.920+0200] {logging_mixin.py:154} INFO - [2025-06-01T18:08:33.919+0200] {dagbag.py:536} INFO - Filling up the DagBag from /home/lohit/miniconda3/envs/airflow-env/lib/python3.8/site-packages/airflow/example_dags/example_latest_only.py
[2025-06-01T18:08:33.924+0200] {processor.py:839} INFO - DAG(s) dict_keys(['latest_only']) retrieved from /home/lohit/miniconda3/envs/airflow-env/lib/python3.8/site-packages/airflow/example_dags/example_latest_only.py
[2025-06-01T18:08:33.933+0200] {logging_mixin.py:154} INFO - [2025-06-01T18:08:33.933+0200] {dag.py:2941} INFO - Sync 1 DAGs
[2025-06-01T18:08:33.944+0200] {logging_mixin.py:154} INFO - [2025-06-01T18:08:33.944+0200] {dag.py:3722} INFO - Setting next_dagrun for latest_only to 2025-06-01T12:08:33.944217+00:00, run_after=2025-06-01T16:08:33.944217+00:00
[2025-06-01T18:08:33.958+0200] {processor.py:179} INFO - Processing /home/lohit/miniconda3/envs/airflow-env/lib/python3.8/site-packages/airflow/example_dags/example_latest_only.py took 0.045 seconds
[2025-06-01T18:09:23.727+0200] {processor.py:157} INFO - Started process (PID=28605) to work on /home/lohit/miniconda3/envs/airflow-env/lib/python3.8/site-packages/airflow/example_dags/example_latest_only.py
[2025-06-01T18:09:23.730+0200] {processor.py:829} INFO - Processing file /home/lohit/miniconda3/envs/airflow-env/lib/python3.8/site-packages/airflow/example_dags/example_latest_only.py for tasks to queue
[2025-06-01T18:09:23.731+0200] {logging_mixin.py:154} INFO - [2025-06-01T18:09:23.731+0200] {dagbag.py:536} INFO - Filling up the DagBag from /home/lohit/miniconda3/envs/airflow-env/lib/python3.8/site-packages/airflow/example_dags/example_latest_only.py
[2025-06-01T18:09:23.735+0200] {processor.py:839} INFO - DAG(s) dict_keys(['latest_only']) retrieved from /home/lohit/miniconda3/envs/airflow-env/lib/python3.8/site-packages/airflow/example_dags/example_latest_only.py
[2025-06-01T18:09:23.744+0200] {logging_mixin.py:154} INFO - [2025-06-01T18:09:23.744+0200] {dag.py:2941} INFO - Sync 1 DAGs
[2025-06-01T18:09:23.754+0200] {logging_mixin.py:154} INFO - [2025-06-01T18:09:23.754+0200] {dag.py:3722} INFO - Setting next_dagrun for latest_only to 2025-06-01T12:09:23.754323+00:00, run_after=2025-06-01T16:09:23.754323+00:00
[2025-06-01T18:09:23.770+0200] {processor.py:179} INFO - Processing /home/lohit/miniconda3/envs/airflow-env/lib/python3.8/site-packages/airflow/example_dags/example_latest_only.py took 0.045 seconds
[2025-06-01T18:10:13.205+0200] {processor.py:157} INFO - Started process (PID=28687) to work on /home/lohit/miniconda3/envs/airflow-env/lib/python3.8/site-packages/airflow/example_dags/example_latest_only.py
[2025-06-01T18:10:13.207+0200] {processor.py:829} INFO - Processing file /home/lohit/miniconda3/envs/airflow-env/lib/python3.8/site-packages/airflow/example_dags/example_latest_only.py for tasks to queue
[2025-06-01T18:10:13.207+0200] {logging_mixin.py:154} INFO - [2025-06-01T18:10:13.207+0200] {dagbag.py:536} INFO - Filling up the DagBag from /home/lohit/miniconda3/envs/airflow-env/lib/python3.8/site-packages/airflow/example_dags/example_latest_only.py
[2025-06-01T18:10:13.211+0200] {processor.py:839} INFO - DAG(s) dict_keys(['latest_only']) retrieved from /home/lohit/miniconda3/envs/airflow-env/lib/python3.8/site-packages/airflow/example_dags/example_latest_only.py
[2025-06-01T18:10:13.220+0200] {logging_mixin.py:154} INFO - [2025-06-01T18:10:13.220+0200] {dag.py:2941} INFO - Sync 1 DAGs
[2025-06-01T18:10:13.231+0200] {logging_mixin.py:154} INFO - [2025-06-01T18:10:13.231+0200] {dag.py:3722} INFO - Setting next_dagrun for latest_only to 2025-06-01T12:10:13.230903+00:00, run_after=2025-06-01T16:10:13.230903+00:00
[2025-06-01T18:10:13.246+0200] {processor.py:179} INFO - Processing /home/lohit/miniconda3/envs/airflow-env/lib/python3.8/site-packages/airflow/example_dags/example_latest_only.py took 0.043 seconds
[2025-06-01T18:10:59.986+0200] {processor.py:157} INFO - Started process (PID=28760) to work on /home/lohit/miniconda3/envs/airflow-env/lib/python3.8/site-packages/airflow/example_dags/example_latest_only.py
[2025-06-01T18:10:59.987+0200] {processor.py:829} INFO - Processing file /home/lohit/miniconda3/envs/airflow-env/lib/python3.8/site-packages/airflow/example_dags/example_latest_only.py for tasks to queue
[2025-06-01T18:10:59.988+0200] {logging_mixin.py:154} INFO - [2025-06-01T18:10:59.987+0200] {dagbag.py:536} INFO - Filling up the DagBag from /home/lohit/miniconda3/envs/airflow-env/lib/python3.8/site-packages/airflow/example_dags/example_latest_only.py
[2025-06-01T18:10:59.992+0200] {processor.py:839} INFO - DAG(s) dict_keys(['latest_only']) retrieved from /home/lohit/miniconda3/envs/airflow-env/lib/python3.8/site-packages/airflow/example_dags/example_latest_only.py
[2025-06-01T18:11:00.001+0200] {logging_mixin.py:154} INFO - [2025-06-01T18:11:00.001+0200] {dag.py:2941} INFO - Sync 1 DAGs
[2025-06-01T18:11:00.015+0200] {logging_mixin.py:154} INFO - [2025-06-01T18:11:00.015+0200] {dag.py:3722} INFO - Setting next_dagrun for latest_only to 2025-06-01T12:11:00.014889+00:00, run_after=2025-06-01T16:11:00.014889+00:00
[2025-06-01T18:11:00.035+0200] {processor.py:179} INFO - Processing /home/lohit/miniconda3/envs/airflow-env/lib/python3.8/site-packages/airflow/example_dags/example_latest_only.py took 0.051 seconds
[2025-06-01T18:11:48.621+0200] {processor.py:157} INFO - Started process (PID=28830) to work on /home/lohit/miniconda3/envs/airflow-env/lib/python3.8/site-packages/airflow/example_dags/example_latest_only.py
[2025-06-01T18:11:48.625+0200] {processor.py:829} INFO - Processing file /home/lohit/miniconda3/envs/airflow-env/lib/python3.8/site-packages/airflow/example_dags/example_latest_only.py for tasks to queue
[2025-06-01T18:11:48.625+0200] {logging_mixin.py:154} INFO - [2025-06-01T18:11:48.625+0200] {dagbag.py:536} INFO - Filling up the DagBag from /home/lohit/miniconda3/envs/airflow-env/lib/python3.8/site-packages/airflow/example_dags/example_latest_only.py
[2025-06-01T18:11:48.629+0200] {processor.py:839} INFO - DAG(s) dict_keys(['latest_only']) retrieved from /home/lohit/miniconda3/envs/airflow-env/lib/python3.8/site-packages/airflow/example_dags/example_latest_only.py
[2025-06-01T18:11:48.640+0200] {logging_mixin.py:154} INFO - [2025-06-01T18:11:48.640+0200] {dag.py:2941} INFO - Sync 1 DAGs
[2025-06-01T18:11:48.652+0200] {logging_mixin.py:154} INFO - [2025-06-01T18:11:48.651+0200] {dag.py:3722} INFO - Setting next_dagrun for latest_only to 2025-06-01T12:11:48.651750+00:00, run_after=2025-06-01T16:11:48.651750+00:00
[2025-06-01T18:11:48.670+0200] {processor.py:179} INFO - Processing /home/lohit/miniconda3/envs/airflow-env/lib/python3.8/site-packages/airflow/example_dags/example_latest_only.py took 0.050 seconds
[2025-06-01T18:12:39.815+0200] {processor.py:157} INFO - Started process (PID=28911) to work on /home/lohit/miniconda3/envs/airflow-env/lib/python3.8/site-packages/airflow/example_dags/example_latest_only.py
[2025-06-01T18:12:39.819+0200] {processor.py:829} INFO - Processing file /home/lohit/miniconda3/envs/airflow-env/lib/python3.8/site-packages/airflow/example_dags/example_latest_only.py for tasks to queue
[2025-06-01T18:12:39.819+0200] {logging_mixin.py:154} INFO - [2025-06-01T18:12:39.819+0200] {dagbag.py:536} INFO - Filling up the DagBag from /home/lohit/miniconda3/envs/airflow-env/lib/python3.8/site-packages/airflow/example_dags/example_latest_only.py
[2025-06-01T18:12:39.823+0200] {processor.py:839} INFO - DAG(s) dict_keys(['latest_only']) retrieved from /home/lohit/miniconda3/envs/airflow-env/lib/python3.8/site-packages/airflow/example_dags/example_latest_only.py
[2025-06-01T18:12:39.833+0200] {logging_mixin.py:154} INFO - [2025-06-01T18:12:39.832+0200] {dag.py:2941} INFO - Sync 1 DAGs
[2025-06-01T18:12:39.844+0200] {logging_mixin.py:154} INFO - [2025-06-01T18:12:39.844+0200] {dag.py:3722} INFO - Setting next_dagrun for latest_only to 2025-06-01T12:12:39.844619+00:00, run_after=2025-06-01T16:12:39.844619+00:00
[2025-06-01T18:12:39.863+0200] {processor.py:179} INFO - Processing /home/lohit/miniconda3/envs/airflow-env/lib/python3.8/site-packages/airflow/example_dags/example_latest_only.py took 0.049 seconds
[2025-06-01T18:13:27.458+0200] {processor.py:157} INFO - Started process (PID=28982) to work on /home/lohit/miniconda3/envs/airflow-env/lib/python3.8/site-packages/airflow/example_dags/example_latest_only.py
[2025-06-01T18:13:27.460+0200] {processor.py:829} INFO - Processing file /home/lohit/miniconda3/envs/airflow-env/lib/python3.8/site-packages/airflow/example_dags/example_latest_only.py for tasks to queue
[2025-06-01T18:13:27.460+0200] {logging_mixin.py:154} INFO - [2025-06-01T18:13:27.460+0200] {dagbag.py:536} INFO - Filling up the DagBag from /home/lohit/miniconda3/envs/airflow-env/lib/python3.8/site-packages/airflow/example_dags/example_latest_only.py
[2025-06-01T18:13:27.464+0200] {processor.py:839} INFO - DAG(s) dict_keys(['latest_only']) retrieved from /home/lohit/miniconda3/envs/airflow-env/lib/python3.8/site-packages/airflow/example_dags/example_latest_only.py
[2025-06-01T18:13:27.473+0200] {logging_mixin.py:154} INFO - [2025-06-01T18:13:27.473+0200] {dag.py:2941} INFO - Sync 1 DAGs
[2025-06-01T18:13:27.484+0200] {logging_mixin.py:154} INFO - [2025-06-01T18:13:27.484+0200] {dag.py:3722} INFO - Setting next_dagrun for latest_only to 2025-06-01T12:13:27.484203+00:00, run_after=2025-06-01T16:13:27.484203+00:00
[2025-06-01T18:13:27.499+0200] {processor.py:179} INFO - Processing /home/lohit/miniconda3/envs/airflow-env/lib/python3.8/site-packages/airflow/example_dags/example_latest_only.py took 0.043 seconds
[2025-06-01T18:14:11.298+0200] {processor.py:157} INFO - Started process (PID=29050) to work on /home/lohit/miniconda3/envs/airflow-env/lib/python3.8/site-packages/airflow/example_dags/example_latest_only.py
[2025-06-01T18:14:11.302+0200] {processor.py:829} INFO - Processing file /home/lohit/miniconda3/envs/airflow-env/lib/python3.8/site-packages/airflow/example_dags/example_latest_only.py for tasks to queue
[2025-06-01T18:14:11.302+0200] {logging_mixin.py:154} INFO - [2025-06-01T18:14:11.302+0200] {dagbag.py:536} INFO - Filling up the DagBag from /home/lohit/miniconda3/envs/airflow-env/lib/python3.8/site-packages/airflow/example_dags/example_latest_only.py
[2025-06-01T18:14:11.307+0200] {processor.py:839} INFO - DAG(s) dict_keys(['latest_only']) retrieved from /home/lohit/miniconda3/envs/airflow-env/lib/python3.8/site-packages/airflow/example_dags/example_latest_only.py
[2025-06-01T18:14:11.317+0200] {logging_mixin.py:154} INFO - [2025-06-01T18:14:11.316+0200] {dag.py:2941} INFO - Sync 1 DAGs
[2025-06-01T18:14:11.329+0200] {logging_mixin.py:154} INFO - [2025-06-01T18:14:11.328+0200] {dag.py:3722} INFO - Setting next_dagrun for latest_only to 2025-06-01T12:14:11.328606+00:00, run_after=2025-06-01T16:14:11.328606+00:00
[2025-06-01T18:14:11.347+0200] {processor.py:179} INFO - Processing /home/lohit/miniconda3/envs/airflow-env/lib/python3.8/site-packages/airflow/example_dags/example_latest_only.py took 0.051 seconds
[2025-06-01T18:14:54.666+0200] {processor.py:157} INFO - Started process (PID=29116) to work on /home/lohit/miniconda3/envs/airflow-env/lib/python3.8/site-packages/airflow/example_dags/example_latest_only.py
[2025-06-01T18:14:54.670+0200] {processor.py:829} INFO - Processing file /home/lohit/miniconda3/envs/airflow-env/lib/python3.8/site-packages/airflow/example_dags/example_latest_only.py for tasks to queue
[2025-06-01T18:14:54.671+0200] {logging_mixin.py:154} INFO - [2025-06-01T18:14:54.670+0200] {dagbag.py:536} INFO - Filling up the DagBag from /home/lohit/miniconda3/envs/airflow-env/lib/python3.8/site-packages/airflow/example_dags/example_latest_only.py
[2025-06-01T18:14:54.677+0200] {processor.py:839} INFO - DAG(s) dict_keys(['latest_only']) retrieved from /home/lohit/miniconda3/envs/airflow-env/lib/python3.8/site-packages/airflow/example_dags/example_latest_only.py
[2025-06-01T18:14:54.687+0200] {logging_mixin.py:154} INFO - [2025-06-01T18:14:54.687+0200] {dag.py:2941} INFO - Sync 1 DAGs
[2025-06-01T18:14:54.699+0200] {logging_mixin.py:154} INFO - [2025-06-01T18:14:54.699+0200] {dag.py:3722} INFO - Setting next_dagrun for latest_only to 2025-06-01T12:14:54.699047+00:00, run_after=2025-06-01T16:14:54.699047+00:00
[2025-06-01T18:14:54.716+0200] {processor.py:179} INFO - Processing /home/lohit/miniconda3/envs/airflow-env/lib/python3.8/site-packages/airflow/example_dags/example_latest_only.py took 0.052 seconds
[2025-06-01T18:15:43.740+0200] {processor.py:157} INFO - Started process (PID=29188) to work on /home/lohit/miniconda3/envs/airflow-env/lib/python3.8/site-packages/airflow/example_dags/example_latest_only.py
[2025-06-01T18:15:43.744+0200] {processor.py:829} INFO - Processing file /home/lohit/miniconda3/envs/airflow-env/lib/python3.8/site-packages/airflow/example_dags/example_latest_only.py for tasks to queue
[2025-06-01T18:15:43.744+0200] {logging_mixin.py:154} INFO - [2025-06-01T18:15:43.744+0200] {dagbag.py:536} INFO - Filling up the DagBag from /home/lohit/miniconda3/envs/airflow-env/lib/python3.8/site-packages/airflow/example_dags/example_latest_only.py
[2025-06-01T18:15:43.749+0200] {processor.py:839} INFO - DAG(s) dict_keys(['latest_only']) retrieved from /home/lohit/miniconda3/envs/airflow-env/lib/python3.8/site-packages/airflow/example_dags/example_latest_only.py
[2025-06-01T18:15:43.759+0200] {logging_mixin.py:154} INFO - [2025-06-01T18:15:43.759+0200] {dag.py:2941} INFO - Sync 1 DAGs
[2025-06-01T18:15:43.771+0200] {logging_mixin.py:154} INFO - [2025-06-01T18:15:43.771+0200] {dag.py:3722} INFO - Setting next_dagrun for latest_only to 2025-06-01T12:15:43.771017+00:00, run_after=2025-06-01T16:15:43.771017+00:00
[2025-06-01T18:15:43.788+0200] {processor.py:179} INFO - Processing /home/lohit/miniconda3/envs/airflow-env/lib/python3.8/site-packages/airflow/example_dags/example_latest_only.py took 0.050 seconds
[2025-06-01T18:16:33.650+0200] {processor.py:157} INFO - Started process (PID=29261) to work on /home/lohit/miniconda3/envs/airflow-env/lib/python3.8/site-packages/airflow/example_dags/example_latest_only.py
[2025-06-01T18:16:33.653+0200] {processor.py:829} INFO - Processing file /home/lohit/miniconda3/envs/airflow-env/lib/python3.8/site-packages/airflow/example_dags/example_latest_only.py for tasks to queue
[2025-06-01T18:16:33.654+0200] {logging_mixin.py:154} INFO - [2025-06-01T18:16:33.653+0200] {dagbag.py:536} INFO - Filling up the DagBag from /home/lohit/miniconda3/envs/airflow-env/lib/python3.8/site-packages/airflow/example_dags/example_latest_only.py
[2025-06-01T18:16:33.657+0200] {processor.py:839} INFO - DAG(s) dict_keys(['latest_only']) retrieved from /home/lohit/miniconda3/envs/airflow-env/lib/python3.8/site-packages/airflow/example_dags/example_latest_only.py
[2025-06-01T18:16:33.666+0200] {logging_mixin.py:154} INFO - [2025-06-01T18:16:33.666+0200] {dag.py:2941} INFO - Sync 1 DAGs
[2025-06-01T18:16:33.676+0200] {logging_mixin.py:154} INFO - [2025-06-01T18:16:33.676+0200] {dag.py:3722} INFO - Setting next_dagrun for latest_only to 2025-06-01T12:16:33.676347+00:00, run_after=2025-06-01T16:16:33.676347+00:00
[2025-06-01T18:16:33.690+0200] {processor.py:179} INFO - Processing /home/lohit/miniconda3/envs/airflow-env/lib/python3.8/site-packages/airflow/example_dags/example_latest_only.py took 0.042 seconds
[2025-06-01T18:17:21.376+0200] {processor.py:157} INFO - Started process (PID=29334) to work on /home/lohit/miniconda3/envs/airflow-env/lib/python3.8/site-packages/airflow/example_dags/example_latest_only.py
[2025-06-01T18:17:21.379+0200] {processor.py:829} INFO - Processing file /home/lohit/miniconda3/envs/airflow-env/lib/python3.8/site-packages/airflow/example_dags/example_latest_only.py for tasks to queue
[2025-06-01T18:17:21.380+0200] {logging_mixin.py:154} INFO - [2025-06-01T18:17:21.379+0200] {dagbag.py:536} INFO - Filling up the DagBag from /home/lohit/miniconda3/envs/airflow-env/lib/python3.8/site-packages/airflow/example_dags/example_latest_only.py
[2025-06-01T18:17:21.384+0200] {processor.py:839} INFO - DAG(s) dict_keys(['latest_only']) retrieved from /home/lohit/miniconda3/envs/airflow-env/lib/python3.8/site-packages/airflow/example_dags/example_latest_only.py
[2025-06-01T18:17:21.394+0200] {logging_mixin.py:154} INFO - [2025-06-01T18:17:21.394+0200] {dag.py:2941} INFO - Sync 1 DAGs
[2025-06-01T18:17:21.406+0200] {logging_mixin.py:154} INFO - [2025-06-01T18:17:21.406+0200] {dag.py:3722} INFO - Setting next_dagrun for latest_only to 2025-06-01T12:17:21.406187+00:00, run_after=2025-06-01T16:17:21.406187+00:00
[2025-06-01T18:17:21.423+0200] {processor.py:179} INFO - Processing /home/lohit/miniconda3/envs/airflow-env/lib/python3.8/site-packages/airflow/example_dags/example_latest_only.py took 0.050 seconds
[2025-06-01T18:18:05.565+0200] {processor.py:157} INFO - Started process (PID=29402) to work on /home/lohit/miniconda3/envs/airflow-env/lib/python3.8/site-packages/airflow/example_dags/example_latest_only.py
[2025-06-01T18:18:05.566+0200] {processor.py:829} INFO - Processing file /home/lohit/miniconda3/envs/airflow-env/lib/python3.8/site-packages/airflow/example_dags/example_latest_only.py for tasks to queue
[2025-06-01T18:18:05.566+0200] {logging_mixin.py:154} INFO - [2025-06-01T18:18:05.566+0200] {dagbag.py:536} INFO - Filling up the DagBag from /home/lohit/miniconda3/envs/airflow-env/lib/python3.8/site-packages/airflow/example_dags/example_latest_only.py
[2025-06-01T18:18:05.571+0200] {processor.py:839} INFO - DAG(s) dict_keys(['latest_only']) retrieved from /home/lohit/miniconda3/envs/airflow-env/lib/python3.8/site-packages/airflow/example_dags/example_latest_only.py
[2025-06-01T18:18:05.582+0200] {logging_mixin.py:154} INFO - [2025-06-01T18:18:05.582+0200] {dag.py:2941} INFO - Sync 1 DAGs
[2025-06-01T18:18:05.595+0200] {logging_mixin.py:154} INFO - [2025-06-01T18:18:05.595+0200] {dag.py:3722} INFO - Setting next_dagrun for latest_only to 2025-06-01T12:18:05.595122+00:00, run_after=2025-06-01T16:18:05.595122+00:00
[2025-06-01T18:18:05.616+0200] {processor.py:179} INFO - Processing /home/lohit/miniconda3/envs/airflow-env/lib/python3.8/site-packages/airflow/example_dags/example_latest_only.py took 0.055 seconds
[2025-06-01T18:18:52.329+0200] {processor.py:157} INFO - Started process (PID=29472) to work on /home/lohit/miniconda3/envs/airflow-env/lib/python3.8/site-packages/airflow/example_dags/example_latest_only.py
[2025-06-01T18:18:52.330+0200] {processor.py:829} INFO - Processing file /home/lohit/miniconda3/envs/airflow-env/lib/python3.8/site-packages/airflow/example_dags/example_latest_only.py for tasks to queue
[2025-06-01T18:18:52.331+0200] {logging_mixin.py:154} INFO - [2025-06-01T18:18:52.331+0200] {dagbag.py:536} INFO - Filling up the DagBag from /home/lohit/miniconda3/envs/airflow-env/lib/python3.8/site-packages/airflow/example_dags/example_latest_only.py
[2025-06-01T18:18:52.335+0200] {processor.py:839} INFO - DAG(s) dict_keys(['latest_only']) retrieved from /home/lohit/miniconda3/envs/airflow-env/lib/python3.8/site-packages/airflow/example_dags/example_latest_only.py
[2025-06-01T18:18:52.347+0200] {logging_mixin.py:154} INFO - [2025-06-01T18:18:52.347+0200] {dag.py:2941} INFO - Sync 1 DAGs
[2025-06-01T18:18:52.358+0200] {logging_mixin.py:154} INFO - [2025-06-01T18:18:52.358+0200] {dag.py:3722} INFO - Setting next_dagrun for latest_only to 2025-06-01T12:18:52.358543+00:00, run_after=2025-06-01T16:18:52.358543+00:00
[2025-06-01T18:18:52.374+0200] {processor.py:179} INFO - Processing /home/lohit/miniconda3/envs/airflow-env/lib/python3.8/site-packages/airflow/example_dags/example_latest_only.py took 0.047 seconds
[2025-06-01T18:19:42.157+0200] {processor.py:157} INFO - Started process (PID=29543) to work on /home/lohit/miniconda3/envs/airflow-env/lib/python3.8/site-packages/airflow/example_dags/example_latest_only.py
[2025-06-01T18:19:42.161+0200] {processor.py:829} INFO - Processing file /home/lohit/miniconda3/envs/airflow-env/lib/python3.8/site-packages/airflow/example_dags/example_latest_only.py for tasks to queue
[2025-06-01T18:19:42.161+0200] {logging_mixin.py:154} INFO - [2025-06-01T18:19:42.161+0200] {dagbag.py:536} INFO - Filling up the DagBag from /home/lohit/miniconda3/envs/airflow-env/lib/python3.8/site-packages/airflow/example_dags/example_latest_only.py
[2025-06-01T18:19:42.166+0200] {processor.py:839} INFO - DAG(s) dict_keys(['latest_only']) retrieved from /home/lohit/miniconda3/envs/airflow-env/lib/python3.8/site-packages/airflow/example_dags/example_latest_only.py
[2025-06-01T18:19:42.176+0200] {logging_mixin.py:154} INFO - [2025-06-01T18:19:42.176+0200] {dag.py:2941} INFO - Sync 1 DAGs
[2025-06-01T18:19:42.189+0200] {logging_mixin.py:154} INFO - [2025-06-01T18:19:42.189+0200] {dag.py:3722} INFO - Setting next_dagrun for latest_only to 2025-06-01T12:19:42.189065+00:00, run_after=2025-06-01T16:19:42.189065+00:00
[2025-06-01T18:19:42.206+0200] {processor.py:179} INFO - Processing /home/lohit/miniconda3/envs/airflow-env/lib/python3.8/site-packages/airflow/example_dags/example_latest_only.py took 0.050 seconds
[2025-06-01T18:20:29.030+0200] {processor.py:157} INFO - Started process (PID=29612) to work on /home/lohit/miniconda3/envs/airflow-env/lib/python3.8/site-packages/airflow/example_dags/example_latest_only.py
[2025-06-01T18:20:29.032+0200] {processor.py:829} INFO - Processing file /home/lohit/miniconda3/envs/airflow-env/lib/python3.8/site-packages/airflow/example_dags/example_latest_only.py for tasks to queue
[2025-06-01T18:20:29.032+0200] {logging_mixin.py:154} INFO - [2025-06-01T18:20:29.032+0200] {dagbag.py:536} INFO - Filling up the DagBag from /home/lohit/miniconda3/envs/airflow-env/lib/python3.8/site-packages/airflow/example_dags/example_latest_only.py
[2025-06-01T18:20:29.036+0200] {processor.py:839} INFO - DAG(s) dict_keys(['latest_only']) retrieved from /home/lohit/miniconda3/envs/airflow-env/lib/python3.8/site-packages/airflow/example_dags/example_latest_only.py
[2025-06-01T18:20:29.047+0200] {logging_mixin.py:154} INFO - [2025-06-01T18:20:29.046+0200] {dag.py:2941} INFO - Sync 1 DAGs
[2025-06-01T18:20:29.058+0200] {logging_mixin.py:154} INFO - [2025-06-01T18:20:29.058+0200] {dag.py:3722} INFO - Setting next_dagrun for latest_only to 2025-06-01T12:20:29.058425+00:00, run_after=2025-06-01T16:20:29.058425+00:00
[2025-06-01T18:20:29.076+0200] {processor.py:179} INFO - Processing /home/lohit/miniconda3/envs/airflow-env/lib/python3.8/site-packages/airflow/example_dags/example_latest_only.py took 0.048 seconds
[2025-06-01T18:21:17.007+0200] {processor.py:157} INFO - Started process (PID=29685) to work on /home/lohit/miniconda3/envs/airflow-env/lib/python3.8/site-packages/airflow/example_dags/example_latest_only.py
[2025-06-01T18:21:17.010+0200] {processor.py:829} INFO - Processing file /home/lohit/miniconda3/envs/airflow-env/lib/python3.8/site-packages/airflow/example_dags/example_latest_only.py for tasks to queue
[2025-06-01T18:21:17.011+0200] {logging_mixin.py:154} INFO - [2025-06-01T18:21:17.010+0200] {dagbag.py:536} INFO - Filling up the DagBag from /home/lohit/miniconda3/envs/airflow-env/lib/python3.8/site-packages/airflow/example_dags/example_latest_only.py
[2025-06-01T18:21:17.015+0200] {processor.py:839} INFO - DAG(s) dict_keys(['latest_only']) retrieved from /home/lohit/miniconda3/envs/airflow-env/lib/python3.8/site-packages/airflow/example_dags/example_latest_only.py
[2025-06-01T18:21:17.024+0200] {logging_mixin.py:154} INFO - [2025-06-01T18:21:17.024+0200] {dag.py:2941} INFO - Sync 1 DAGs
[2025-06-01T18:21:17.035+0200] {logging_mixin.py:154} INFO - [2025-06-01T18:21:17.034+0200] {dag.py:3722} INFO - Setting next_dagrun for latest_only to 2025-06-01T12:21:17.034844+00:00, run_after=2025-06-01T16:21:17.034844+00:00
[2025-06-01T18:21:17.050+0200] {processor.py:179} INFO - Processing /home/lohit/miniconda3/envs/airflow-env/lib/python3.8/site-packages/airflow/example_dags/example_latest_only.py took 0.045 seconds
[2025-06-01T18:22:05.460+0200] {processor.py:157} INFO - Started process (PID=29756) to work on /home/lohit/miniconda3/envs/airflow-env/lib/python3.8/site-packages/airflow/example_dags/example_latest_only.py
[2025-06-01T18:22:05.462+0200] {processor.py:829} INFO - Processing file /home/lohit/miniconda3/envs/airflow-env/lib/python3.8/site-packages/airflow/example_dags/example_latest_only.py for tasks to queue
[2025-06-01T18:22:05.462+0200] {logging_mixin.py:154} INFO - [2025-06-01T18:22:05.462+0200] {dagbag.py:536} INFO - Filling up the DagBag from /home/lohit/miniconda3/envs/airflow-env/lib/python3.8/site-packages/airflow/example_dags/example_latest_only.py
[2025-06-01T18:22:05.467+0200] {processor.py:839} INFO - DAG(s) dict_keys(['latest_only']) retrieved from /home/lohit/miniconda3/envs/airflow-env/lib/python3.8/site-packages/airflow/example_dags/example_latest_only.py
[2025-06-01T18:22:05.476+0200] {logging_mixin.py:154} INFO - [2025-06-01T18:22:05.476+0200] {dag.py:2941} INFO - Sync 1 DAGs
[2025-06-01T18:22:05.487+0200] {logging_mixin.py:154} INFO - [2025-06-01T18:22:05.486+0200] {dag.py:3722} INFO - Setting next_dagrun for latest_only to 2025-06-01T12:22:05.486792+00:00, run_after=2025-06-01T16:22:05.486792+00:00
[2025-06-01T18:22:05.502+0200] {processor.py:179} INFO - Processing /home/lohit/miniconda3/envs/airflow-env/lib/python3.8/site-packages/airflow/example_dags/example_latest_only.py took 0.044 seconds
[2025-06-01T18:22:53.109+0200] {processor.py:157} INFO - Started process (PID=29825) to work on /home/lohit/miniconda3/envs/airflow-env/lib/python3.8/site-packages/airflow/example_dags/example_latest_only.py
[2025-06-01T18:22:53.112+0200] {processor.py:829} INFO - Processing file /home/lohit/miniconda3/envs/airflow-env/lib/python3.8/site-packages/airflow/example_dags/example_latest_only.py for tasks to queue
[2025-06-01T18:22:53.113+0200] {logging_mixin.py:154} INFO - [2025-06-01T18:22:53.112+0200] {dagbag.py:536} INFO - Filling up the DagBag from /home/lohit/miniconda3/envs/airflow-env/lib/python3.8/site-packages/airflow/example_dags/example_latest_only.py
[2025-06-01T18:22:53.116+0200] {processor.py:839} INFO - DAG(s) dict_keys(['latest_only']) retrieved from /home/lohit/miniconda3/envs/airflow-env/lib/python3.8/site-packages/airflow/example_dags/example_latest_only.py
[2025-06-01T18:22:53.128+0200] {logging_mixin.py:154} INFO - [2025-06-01T18:22:53.127+0200] {dag.py:2941} INFO - Sync 1 DAGs
[2025-06-01T18:22:53.139+0200] {logging_mixin.py:154} INFO - [2025-06-01T18:22:53.139+0200] {dag.py:3722} INFO - Setting next_dagrun for latest_only to 2025-06-01T12:22:53.139414+00:00, run_after=2025-06-01T16:22:53.139414+00:00
[2025-06-01T18:22:53.156+0200] {processor.py:179} INFO - Processing /home/lohit/miniconda3/envs/airflow-env/lib/python3.8/site-packages/airflow/example_dags/example_latest_only.py took 0.049 seconds
[2025-06-01T18:23:42.144+0200] {processor.py:157} INFO - Started process (PID=29897) to work on /home/lohit/miniconda3/envs/airflow-env/lib/python3.8/site-packages/airflow/example_dags/example_latest_only.py
[2025-06-01T18:23:42.147+0200] {processor.py:829} INFO - Processing file /home/lohit/miniconda3/envs/airflow-env/lib/python3.8/site-packages/airflow/example_dags/example_latest_only.py for tasks to queue
[2025-06-01T18:23:42.148+0200] {logging_mixin.py:154} INFO - [2025-06-01T18:23:42.148+0200] {dagbag.py:536} INFO - Filling up the DagBag from /home/lohit/miniconda3/envs/airflow-env/lib/python3.8/site-packages/airflow/example_dags/example_latest_only.py
[2025-06-01T18:23:42.152+0200] {processor.py:839} INFO - DAG(s) dict_keys(['latest_only']) retrieved from /home/lohit/miniconda3/envs/airflow-env/lib/python3.8/site-packages/airflow/example_dags/example_latest_only.py
[2025-06-01T18:23:42.164+0200] {logging_mixin.py:154} INFO - [2025-06-01T18:23:42.163+0200] {dag.py:2941} INFO - Sync 1 DAGs
[2025-06-01T18:23:42.178+0200] {logging_mixin.py:154} INFO - [2025-06-01T18:23:42.177+0200] {dag.py:3722} INFO - Setting next_dagrun for latest_only to 2025-06-01T12:23:42.177741+00:00, run_after=2025-06-01T16:23:42.177741+00:00
[2025-06-01T18:23:42.196+0200] {processor.py:179} INFO - Processing /home/lohit/miniconda3/envs/airflow-env/lib/python3.8/site-packages/airflow/example_dags/example_latest_only.py took 0.054 seconds
[2025-06-01T18:24:26.731+0200] {processor.py:157} INFO - Started process (PID=29965) to work on /home/lohit/miniconda3/envs/airflow-env/lib/python3.8/site-packages/airflow/example_dags/example_latest_only.py
[2025-06-01T18:24:26.734+0200] {processor.py:829} INFO - Processing file /home/lohit/miniconda3/envs/airflow-env/lib/python3.8/site-packages/airflow/example_dags/example_latest_only.py for tasks to queue
[2025-06-01T18:24:26.734+0200] {logging_mixin.py:154} INFO - [2025-06-01T18:24:26.734+0200] {dagbag.py:536} INFO - Filling up the DagBag from /home/lohit/miniconda3/envs/airflow-env/lib/python3.8/site-packages/airflow/example_dags/example_latest_only.py
[2025-06-01T18:24:26.738+0200] {processor.py:839} INFO - DAG(s) dict_keys(['latest_only']) retrieved from /home/lohit/miniconda3/envs/airflow-env/lib/python3.8/site-packages/airflow/example_dags/example_latest_only.py
[2025-06-01T18:24:26.748+0200] {logging_mixin.py:154} INFO - [2025-06-01T18:24:26.748+0200] {dag.py:2941} INFO - Sync 1 DAGs
[2025-06-01T18:24:26.759+0200] {logging_mixin.py:154} INFO - [2025-06-01T18:24:26.759+0200] {dag.py:3722} INFO - Setting next_dagrun for latest_only to 2025-06-01T12:24:26.759421+00:00, run_after=2025-06-01T16:24:26.759421+00:00
[2025-06-01T18:24:26.774+0200] {processor.py:179} INFO - Processing /home/lohit/miniconda3/envs/airflow-env/lib/python3.8/site-packages/airflow/example_dags/example_latest_only.py took 0.045 seconds
[2025-06-01T18:25:15.414+0200] {processor.py:157} INFO - Started process (PID=30036) to work on /home/lohit/miniconda3/envs/airflow-env/lib/python3.8/site-packages/airflow/example_dags/example_latest_only.py
[2025-06-01T18:25:15.416+0200] {processor.py:829} INFO - Processing file /home/lohit/miniconda3/envs/airflow-env/lib/python3.8/site-packages/airflow/example_dags/example_latest_only.py for tasks to queue
[2025-06-01T18:25:15.416+0200] {logging_mixin.py:154} INFO - [2025-06-01T18:25:15.416+0200] {dagbag.py:536} INFO - Filling up the DagBag from /home/lohit/miniconda3/envs/airflow-env/lib/python3.8/site-packages/airflow/example_dags/example_latest_only.py
[2025-06-01T18:25:15.420+0200] {processor.py:839} INFO - DAG(s) dict_keys(['latest_only']) retrieved from /home/lohit/miniconda3/envs/airflow-env/lib/python3.8/site-packages/airflow/example_dags/example_latest_only.py
[2025-06-01T18:25:15.431+0200] {logging_mixin.py:154} INFO - [2025-06-01T18:25:15.431+0200] {dag.py:2941} INFO - Sync 1 DAGs
[2025-06-01T18:25:15.443+0200] {logging_mixin.py:154} INFO - [2025-06-01T18:25:15.443+0200] {dag.py:3722} INFO - Setting next_dagrun for latest_only to 2025-06-01T12:25:15.442983+00:00, run_after=2025-06-01T16:25:15.442983+00:00
[2025-06-01T18:25:15.458+0200] {processor.py:179} INFO - Processing /home/lohit/miniconda3/envs/airflow-env/lib/python3.8/site-packages/airflow/example_dags/example_latest_only.py took 0.046 seconds
[2025-06-01T18:26:02.178+0200] {processor.py:157} INFO - Started process (PID=30107) to work on /home/lohit/miniconda3/envs/airflow-env/lib/python3.8/site-packages/airflow/example_dags/example_latest_only.py
[2025-06-01T18:26:02.182+0200] {processor.py:829} INFO - Processing file /home/lohit/miniconda3/envs/airflow-env/lib/python3.8/site-packages/airflow/example_dags/example_latest_only.py for tasks to queue
[2025-06-01T18:26:02.183+0200] {logging_mixin.py:154} INFO - [2025-06-01T18:26:02.182+0200] {dagbag.py:536} INFO - Filling up the DagBag from /home/lohit/miniconda3/envs/airflow-env/lib/python3.8/site-packages/airflow/example_dags/example_latest_only.py
[2025-06-01T18:26:02.187+0200] {processor.py:839} INFO - DAG(s) dict_keys(['latest_only']) retrieved from /home/lohit/miniconda3/envs/airflow-env/lib/python3.8/site-packages/airflow/example_dags/example_latest_only.py
[2025-06-01T18:26:02.198+0200] {logging_mixin.py:154} INFO - [2025-06-01T18:26:02.198+0200] {dag.py:2941} INFO - Sync 1 DAGs
[2025-06-01T18:26:02.210+0200] {logging_mixin.py:154} INFO - [2025-06-01T18:26:02.210+0200] {dag.py:3722} INFO - Setting next_dagrun for latest_only to 2025-06-01T12:26:02.210177+00:00, run_after=2025-06-01T16:26:02.210177+00:00
[2025-06-01T18:26:02.226+0200] {processor.py:179} INFO - Processing /home/lohit/miniconda3/envs/airflow-env/lib/python3.8/site-packages/airflow/example_dags/example_latest_only.py took 0.050 seconds
[2025-06-01T18:26:51.103+0200] {processor.py:157} INFO - Started process (PID=30177) to work on /home/lohit/miniconda3/envs/airflow-env/lib/python3.8/site-packages/airflow/example_dags/example_latest_only.py
[2025-06-01T18:26:51.107+0200] {processor.py:829} INFO - Processing file /home/lohit/miniconda3/envs/airflow-env/lib/python3.8/site-packages/airflow/example_dags/example_latest_only.py for tasks to queue
[2025-06-01T18:26:51.107+0200] {logging_mixin.py:154} INFO - [2025-06-01T18:26:51.107+0200] {dagbag.py:536} INFO - Filling up the DagBag from /home/lohit/miniconda3/envs/airflow-env/lib/python3.8/site-packages/airflow/example_dags/example_latest_only.py
[2025-06-01T18:26:51.112+0200] {processor.py:839} INFO - DAG(s) dict_keys(['latest_only']) retrieved from /home/lohit/miniconda3/envs/airflow-env/lib/python3.8/site-packages/airflow/example_dags/example_latest_only.py
[2025-06-01T18:26:51.122+0200] {logging_mixin.py:154} INFO - [2025-06-01T18:26:51.122+0200] {dag.py:2941} INFO - Sync 1 DAGs
[2025-06-01T18:26:51.135+0200] {logging_mixin.py:154} INFO - [2025-06-01T18:26:51.135+0200] {dag.py:3722} INFO - Setting next_dagrun for latest_only to 2025-06-01T12:26:51.134757+00:00, run_after=2025-06-01T16:26:51.134757+00:00
[2025-06-01T18:26:51.152+0200] {processor.py:179} INFO - Processing /home/lohit/miniconda3/envs/airflow-env/lib/python3.8/site-packages/airflow/example_dags/example_latest_only.py took 0.050 seconds
[2025-06-01T18:27:33.431+0200] {processor.py:157} INFO - Started process (PID=30245) to work on /home/lohit/miniconda3/envs/airflow-env/lib/python3.8/site-packages/airflow/example_dags/example_latest_only.py
[2025-06-01T18:27:33.435+0200] {processor.py:829} INFO - Processing file /home/lohit/miniconda3/envs/airflow-env/lib/python3.8/site-packages/airflow/example_dags/example_latest_only.py for tasks to queue
[2025-06-01T18:27:33.435+0200] {logging_mixin.py:154} INFO - [2025-06-01T18:27:33.435+0200] {dagbag.py:536} INFO - Filling up the DagBag from /home/lohit/miniconda3/envs/airflow-env/lib/python3.8/site-packages/airflow/example_dags/example_latest_only.py
[2025-06-01T18:27:33.440+0200] {processor.py:839} INFO - DAG(s) dict_keys(['latest_only']) retrieved from /home/lohit/miniconda3/envs/airflow-env/lib/python3.8/site-packages/airflow/example_dags/example_latest_only.py
[2025-06-01T18:27:33.450+0200] {logging_mixin.py:154} INFO - [2025-06-01T18:27:33.450+0200] {dag.py:2941} INFO - Sync 1 DAGs
[2025-06-01T18:27:33.464+0200] {logging_mixin.py:154} INFO - [2025-06-01T18:27:33.464+0200] {dag.py:3722} INFO - Setting next_dagrun for latest_only to 2025-06-01T12:27:33.463878+00:00, run_after=2025-06-01T16:27:33.463878+00:00
[2025-06-01T18:27:33.481+0200] {processor.py:179} INFO - Processing /home/lohit/miniconda3/envs/airflow-env/lib/python3.8/site-packages/airflow/example_dags/example_latest_only.py took 0.052 seconds
[2025-06-01T18:28:23.364+0200] {processor.py:157} INFO - Started process (PID=30316) to work on /home/lohit/miniconda3/envs/airflow-env/lib/python3.8/site-packages/airflow/example_dags/example_latest_only.py
[2025-06-01T18:28:23.368+0200] {processor.py:829} INFO - Processing file /home/lohit/miniconda3/envs/airflow-env/lib/python3.8/site-packages/airflow/example_dags/example_latest_only.py for tasks to queue
[2025-06-01T18:28:23.368+0200] {logging_mixin.py:154} INFO - [2025-06-01T18:28:23.368+0200] {dagbag.py:536} INFO - Filling up the DagBag from /home/lohit/miniconda3/envs/airflow-env/lib/python3.8/site-packages/airflow/example_dags/example_latest_only.py
[2025-06-01T18:28:23.372+0200] {processor.py:839} INFO - DAG(s) dict_keys(['latest_only']) retrieved from /home/lohit/miniconda3/envs/airflow-env/lib/python3.8/site-packages/airflow/example_dags/example_latest_only.py
[2025-06-01T18:28:23.381+0200] {logging_mixin.py:154} INFO - [2025-06-01T18:28:23.380+0200] {dag.py:2941} INFO - Sync 1 DAGs
[2025-06-01T18:28:23.391+0200] {logging_mixin.py:154} INFO - [2025-06-01T18:28:23.391+0200] {dag.py:3722} INFO - Setting next_dagrun for latest_only to 2025-06-01T12:28:23.391093+00:00, run_after=2025-06-01T16:28:23.391093+00:00
[2025-06-01T18:28:23.405+0200] {processor.py:179} INFO - Processing /home/lohit/miniconda3/envs/airflow-env/lib/python3.8/site-packages/airflow/example_dags/example_latest_only.py took 0.043 seconds
[2025-06-01T18:29:08.753+0200] {processor.py:157} INFO - Started process (PID=30386) to work on /home/lohit/miniconda3/envs/airflow-env/lib/python3.8/site-packages/airflow/example_dags/example_latest_only.py
[2025-06-01T18:29:08.756+0200] {processor.py:829} INFO - Processing file /home/lohit/miniconda3/envs/airflow-env/lib/python3.8/site-packages/airflow/example_dags/example_latest_only.py for tasks to queue
[2025-06-01T18:29:08.757+0200] {logging_mixin.py:154} INFO - [2025-06-01T18:29:08.756+0200] {dagbag.py:536} INFO - Filling up the DagBag from /home/lohit/miniconda3/envs/airflow-env/lib/python3.8/site-packages/airflow/example_dags/example_latest_only.py
[2025-06-01T18:29:08.761+0200] {processor.py:839} INFO - DAG(s) dict_keys(['latest_only']) retrieved from /home/lohit/miniconda3/envs/airflow-env/lib/python3.8/site-packages/airflow/example_dags/example_latest_only.py
[2025-06-01T18:29:08.770+0200] {logging_mixin.py:154} INFO - [2025-06-01T18:29:08.770+0200] {dag.py:2941} INFO - Sync 1 DAGs
[2025-06-01T18:29:08.783+0200] {logging_mixin.py:154} INFO - [2025-06-01T18:29:08.783+0200] {dag.py:3722} INFO - Setting next_dagrun for latest_only to 2025-06-01T12:29:08.783459+00:00, run_after=2025-06-01T16:29:08.783459+00:00
[2025-06-01T18:29:08.799+0200] {processor.py:179} INFO - Processing /home/lohit/miniconda3/envs/airflow-env/lib/python3.8/site-packages/airflow/example_dags/example_latest_only.py took 0.048 seconds
[2025-06-01T18:29:54.093+0200] {processor.py:157} INFO - Started process (PID=30453) to work on /home/lohit/miniconda3/envs/airflow-env/lib/python3.8/site-packages/airflow/example_dags/example_latest_only.py
[2025-06-01T18:29:54.097+0200] {processor.py:829} INFO - Processing file /home/lohit/miniconda3/envs/airflow-env/lib/python3.8/site-packages/airflow/example_dags/example_latest_only.py for tasks to queue
[2025-06-01T18:29:54.097+0200] {logging_mixin.py:154} INFO - [2025-06-01T18:29:54.097+0200] {dagbag.py:536} INFO - Filling up the DagBag from /home/lohit/miniconda3/envs/airflow-env/lib/python3.8/site-packages/airflow/example_dags/example_latest_only.py
[2025-06-01T18:29:54.102+0200] {processor.py:839} INFO - DAG(s) dict_keys(['latest_only']) retrieved from /home/lohit/miniconda3/envs/airflow-env/lib/python3.8/site-packages/airflow/example_dags/example_latest_only.py
[2025-06-01T18:29:54.113+0200] {logging_mixin.py:154} INFO - [2025-06-01T18:29:54.112+0200] {dag.py:2941} INFO - Sync 1 DAGs
[2025-06-01T18:29:54.125+0200] {logging_mixin.py:154} INFO - [2025-06-01T18:29:54.125+0200] {dag.py:3722} INFO - Setting next_dagrun for latest_only to 2025-06-01T12:29:54.124995+00:00, run_after=2025-06-01T16:29:54.124995+00:00
[2025-06-01T18:29:54.145+0200] {processor.py:179} INFO - Processing /home/lohit/miniconda3/envs/airflow-env/lib/python3.8/site-packages/airflow/example_dags/example_latest_only.py took 0.054 seconds
[2025-06-01T18:30:37.453+0200] {processor.py:157} INFO - Started process (PID=30521) to work on /home/lohit/miniconda3/envs/airflow-env/lib/python3.8/site-packages/airflow/example_dags/example_latest_only.py
[2025-06-01T18:30:37.454+0200] {processor.py:829} INFO - Processing file /home/lohit/miniconda3/envs/airflow-env/lib/python3.8/site-packages/airflow/example_dags/example_latest_only.py for tasks to queue
[2025-06-01T18:30:37.455+0200] {logging_mixin.py:154} INFO - [2025-06-01T18:30:37.455+0200] {dagbag.py:536} INFO - Filling up the DagBag from /home/lohit/miniconda3/envs/airflow-env/lib/python3.8/site-packages/airflow/example_dags/example_latest_only.py
[2025-06-01T18:30:37.460+0200] {processor.py:839} INFO - DAG(s) dict_keys(['latest_only']) retrieved from /home/lohit/miniconda3/envs/airflow-env/lib/python3.8/site-packages/airflow/example_dags/example_latest_only.py
[2025-06-01T18:30:37.471+0200] {logging_mixin.py:154} INFO - [2025-06-01T18:30:37.471+0200] {dag.py:2941} INFO - Sync 1 DAGs
[2025-06-01T18:30:37.483+0200] {logging_mixin.py:154} INFO - [2025-06-01T18:30:37.483+0200] {dag.py:3722} INFO - Setting next_dagrun for latest_only to 2025-06-01T12:30:37.483465+00:00, run_after=2025-06-01T16:30:37.483465+00:00
[2025-06-01T18:30:37.500+0200] {processor.py:179} INFO - Processing /home/lohit/miniconda3/envs/airflow-env/lib/python3.8/site-packages/airflow/example_dags/example_latest_only.py took 0.050 seconds
[2025-06-01T18:31:23.637+0200] {processor.py:157} INFO - Started process (PID=30591) to work on /home/lohit/miniconda3/envs/airflow-env/lib/python3.8/site-packages/airflow/example_dags/example_latest_only.py
[2025-06-01T18:31:23.641+0200] {processor.py:829} INFO - Processing file /home/lohit/miniconda3/envs/airflow-env/lib/python3.8/site-packages/airflow/example_dags/example_latest_only.py for tasks to queue
[2025-06-01T18:31:23.641+0200] {logging_mixin.py:154} INFO - [2025-06-01T18:31:23.641+0200] {dagbag.py:536} INFO - Filling up the DagBag from /home/lohit/miniconda3/envs/airflow-env/lib/python3.8/site-packages/airflow/example_dags/example_latest_only.py
[2025-06-01T18:31:23.645+0200] {processor.py:839} INFO - DAG(s) dict_keys(['latest_only']) retrieved from /home/lohit/miniconda3/envs/airflow-env/lib/python3.8/site-packages/airflow/example_dags/example_latest_only.py
[2025-06-01T18:31:23.657+0200] {logging_mixin.py:154} INFO - [2025-06-01T18:31:23.657+0200] {dag.py:2941} INFO - Sync 1 DAGs
[2025-06-01T18:31:23.669+0200] {logging_mixin.py:154} INFO - [2025-06-01T18:31:23.668+0200] {dag.py:3722} INFO - Setting next_dagrun for latest_only to 2025-06-01T12:31:23.668794+00:00, run_after=2025-06-01T16:31:23.668794+00:00
[2025-06-01T18:31:23.687+0200] {processor.py:179} INFO - Processing /home/lohit/miniconda3/envs/airflow-env/lib/python3.8/site-packages/airflow/example_dags/example_latest_only.py took 0.051 seconds
[2025-06-01T18:32:08.302+0200] {processor.py:157} INFO - Started process (PID=30659) to work on /home/lohit/miniconda3/envs/airflow-env/lib/python3.8/site-packages/airflow/example_dags/example_latest_only.py
[2025-06-01T18:32:08.305+0200] {processor.py:829} INFO - Processing file /home/lohit/miniconda3/envs/airflow-env/lib/python3.8/site-packages/airflow/example_dags/example_latest_only.py for tasks to queue
[2025-06-01T18:32:08.306+0200] {logging_mixin.py:154} INFO - [2025-06-01T18:32:08.306+0200] {dagbag.py:536} INFO - Filling up the DagBag from /home/lohit/miniconda3/envs/airflow-env/lib/python3.8/site-packages/airflow/example_dags/example_latest_only.py
[2025-06-01T18:32:08.313+0200] {processor.py:839} INFO - DAG(s) dict_keys(['latest_only']) retrieved from /home/lohit/miniconda3/envs/airflow-env/lib/python3.8/site-packages/airflow/example_dags/example_latest_only.py
[2025-06-01T18:32:08.323+0200] {logging_mixin.py:154} INFO - [2025-06-01T18:32:08.323+0200] {dag.py:2941} INFO - Sync 1 DAGs
[2025-06-01T18:32:08.336+0200] {logging_mixin.py:154} INFO - [2025-06-01T18:32:08.336+0200] {dag.py:3722} INFO - Setting next_dagrun for latest_only to 2025-06-01T12:32:08.336279+00:00, run_after=2025-06-01T16:32:08.336279+00:00
[2025-06-01T18:32:08.352+0200] {processor.py:179} INFO - Processing /home/lohit/miniconda3/envs/airflow-env/lib/python3.8/site-packages/airflow/example_dags/example_latest_only.py took 0.053 seconds
[2025-06-01T18:32:54.920+0200] {processor.py:157} INFO - Started process (PID=30729) to work on /home/lohit/miniconda3/envs/airflow-env/lib/python3.8/site-packages/airflow/example_dags/example_latest_only.py
[2025-06-01T18:32:54.924+0200] {processor.py:829} INFO - Processing file /home/lohit/miniconda3/envs/airflow-env/lib/python3.8/site-packages/airflow/example_dags/example_latest_only.py for tasks to queue
[2025-06-01T18:32:54.924+0200] {logging_mixin.py:154} INFO - [2025-06-01T18:32:54.924+0200] {dagbag.py:536} INFO - Filling up the DagBag from /home/lohit/miniconda3/envs/airflow-env/lib/python3.8/site-packages/airflow/example_dags/example_latest_only.py
[2025-06-01T18:32:54.930+0200] {processor.py:839} INFO - DAG(s) dict_keys(['latest_only']) retrieved from /home/lohit/miniconda3/envs/airflow-env/lib/python3.8/site-packages/airflow/example_dags/example_latest_only.py
[2025-06-01T18:32:54.940+0200] {logging_mixin.py:154} INFO - [2025-06-01T18:32:54.940+0200] {dag.py:2941} INFO - Sync 1 DAGs
[2025-06-01T18:32:54.951+0200] {logging_mixin.py:154} INFO - [2025-06-01T18:32:54.951+0200] {dag.py:3722} INFO - Setting next_dagrun for latest_only to 2025-06-01T12:32:54.951597+00:00, run_after=2025-06-01T16:32:54.951597+00:00
[2025-06-01T18:32:54.967+0200] {processor.py:179} INFO - Processing /home/lohit/miniconda3/envs/airflow-env/lib/python3.8/site-packages/airflow/example_dags/example_latest_only.py took 0.049 seconds
[2025-06-01T18:33:38.912+0200] {processor.py:157} INFO - Started process (PID=30796) to work on /home/lohit/miniconda3/envs/airflow-env/lib/python3.8/site-packages/airflow/example_dags/example_latest_only.py
[2025-06-01T18:33:38.915+0200] {processor.py:829} INFO - Processing file /home/lohit/miniconda3/envs/airflow-env/lib/python3.8/site-packages/airflow/example_dags/example_latest_only.py for tasks to queue
[2025-06-01T18:33:38.916+0200] {logging_mixin.py:154} INFO - [2025-06-01T18:33:38.916+0200] {dagbag.py:536} INFO - Filling up the DagBag from /home/lohit/miniconda3/envs/airflow-env/lib/python3.8/site-packages/airflow/example_dags/example_latest_only.py
[2025-06-01T18:33:38.920+0200] {processor.py:839} INFO - DAG(s) dict_keys(['latest_only']) retrieved from /home/lohit/miniconda3/envs/airflow-env/lib/python3.8/site-packages/airflow/example_dags/example_latest_only.py
[2025-06-01T18:33:38.929+0200] {logging_mixin.py:154} INFO - [2025-06-01T18:33:38.929+0200] {dag.py:2941} INFO - Sync 1 DAGs
[2025-06-01T18:33:38.941+0200] {logging_mixin.py:154} INFO - [2025-06-01T18:33:38.941+0200] {dag.py:3722} INFO - Setting next_dagrun for latest_only to 2025-06-01T12:33:38.941213+00:00, run_after=2025-06-01T16:33:38.941213+00:00
[2025-06-01T18:33:38.959+0200] {processor.py:179} INFO - Processing /home/lohit/miniconda3/envs/airflow-env/lib/python3.8/site-packages/airflow/example_dags/example_latest_only.py took 0.049 seconds
[2025-06-01T18:34:30.145+0200] {processor.py:157} INFO - Started process (PID=30980) to work on /home/lohit/miniconda3/envs/airflow-env/lib/python3.8/site-packages/airflow/example_dags/example_latest_only.py
[2025-06-01T18:34:30.146+0200] {processor.py:829} INFO - Processing file /home/lohit/miniconda3/envs/airflow-env/lib/python3.8/site-packages/airflow/example_dags/example_latest_only.py for tasks to queue
[2025-06-01T18:34:30.147+0200] {logging_mixin.py:154} INFO - [2025-06-01T18:34:30.146+0200] {dagbag.py:536} INFO - Filling up the DagBag from /home/lohit/miniconda3/envs/airflow-env/lib/python3.8/site-packages/airflow/example_dags/example_latest_only.py
[2025-06-01T18:34:30.151+0200] {processor.py:839} INFO - DAG(s) dict_keys(['latest_only']) retrieved from /home/lohit/miniconda3/envs/airflow-env/lib/python3.8/site-packages/airflow/example_dags/example_latest_only.py
[2025-06-01T18:34:30.164+0200] {logging_mixin.py:154} INFO - [2025-06-01T18:34:30.163+0200] {dag.py:2941} INFO - Sync 1 DAGs
[2025-06-01T18:34:30.177+0200] {logging_mixin.py:154} INFO - [2025-06-01T18:34:30.177+0200] {dag.py:3722} INFO - Setting next_dagrun for latest_only to 2025-06-01T12:34:30.177528+00:00, run_after=2025-06-01T16:34:30.177528+00:00
[2025-06-01T18:34:30.195+0200] {processor.py:179} INFO - Processing /home/lohit/miniconda3/envs/airflow-env/lib/python3.8/site-packages/airflow/example_dags/example_latest_only.py took 0.052 seconds
[2025-06-01T18:35:14.342+0200] {processor.py:157} INFO - Started process (PID=31653) to work on /home/lohit/miniconda3/envs/airflow-env/lib/python3.8/site-packages/airflow/example_dags/example_latest_only.py
[2025-06-01T18:35:14.346+0200] {processor.py:829} INFO - Processing file /home/lohit/miniconda3/envs/airflow-env/lib/python3.8/site-packages/airflow/example_dags/example_latest_only.py for tasks to queue
[2025-06-01T18:35:14.346+0200] {logging_mixin.py:154} INFO - [2025-06-01T18:35:14.346+0200] {dagbag.py:536} INFO - Filling up the DagBag from /home/lohit/miniconda3/envs/airflow-env/lib/python3.8/site-packages/airflow/example_dags/example_latest_only.py
[2025-06-01T18:35:14.350+0200] {processor.py:839} INFO - DAG(s) dict_keys(['latest_only']) retrieved from /home/lohit/miniconda3/envs/airflow-env/lib/python3.8/site-packages/airflow/example_dags/example_latest_only.py
[2025-06-01T18:35:14.360+0200] {logging_mixin.py:154} INFO - [2025-06-01T18:35:14.359+0200] {dag.py:2941} INFO - Sync 1 DAGs
[2025-06-01T18:35:14.370+0200] {logging_mixin.py:154} INFO - [2025-06-01T18:35:14.370+0200] {dag.py:3722} INFO - Setting next_dagrun for latest_only to 2025-06-01T12:35:14.370626+00:00, run_after=2025-06-01T16:35:14.370626+00:00
[2025-06-01T18:35:14.386+0200] {processor.py:179} INFO - Processing /home/lohit/miniconda3/envs/airflow-env/lib/python3.8/site-packages/airflow/example_dags/example_latest_only.py took 0.046 seconds
