[2025-06-01T17:53:13.612+0200] {processor.py:157} INFO - Started process (PID=27109) to work on /home/lohit/miniconda3/envs/airflow-env/lib/python3.8/site-packages/airflow/example_dags/example_branch_day_of_week_operator.py
[2025-06-01T17:53:13.612+0200] {processor.py:829} INFO - Processing file /home/lohit/miniconda3/envs/airflow-env/lib/python3.8/site-packages/airflow/example_dags/example_branch_day_of_week_operator.py for tasks to queue
[2025-06-01T17:53:13.613+0200] {logging_mixin.py:154} INFO - [2025-06-01T17:53:13.613+0200] {dagbag.py:536} INFO - Filling up the DagBag from /home/lohit/miniconda3/envs/airflow-env/lib/python3.8/site-packages/airflow/example_dags/example_branch_day_of_week_operator.py
[2025-06-01T17:53:13.617+0200] {processor.py:839} INFO - DAG(s) dict_keys(['example_weekday_branch_operator']) retrieved from /home/lohit/miniconda3/envs/airflow-env/lib/python3.8/site-packages/airflow/example_dags/example_branch_day_of_week_operator.py
[2025-06-01T17:53:13.627+0200] {logging_mixin.py:154} INFO - [2025-06-01T17:53:13.627+0200] {dag.py:2941} INFO - Sync 1 DAGs
[2025-06-01T17:53:13.638+0200] {logging_mixin.py:154} INFO - [2025-06-01T17:53:13.638+0200] {dag.py:3722} INFO - Setting next_dagrun for example_weekday_branch_operator to 2025-05-31T00:00:00+00:00, run_after=2025-06-01T00:00:00+00:00
[2025-06-01T17:53:13.656+0200] {processor.py:179} INFO - Processing /home/lohit/miniconda3/envs/airflow-env/lib/python3.8/site-packages/airflow/example_dags/example_branch_day_of_week_operator.py took 0.046 seconds
[2025-06-01T17:54:03.959+0200] {processor.py:157} INFO - Started process (PID=27182) to work on /home/lohit/miniconda3/envs/airflow-env/lib/python3.8/site-packages/airflow/example_dags/example_branch_day_of_week_operator.py
[2025-06-01T17:54:03.963+0200] {processor.py:829} INFO - Processing file /home/lohit/miniconda3/envs/airflow-env/lib/python3.8/site-packages/airflow/example_dags/example_branch_day_of_week_operator.py for tasks to queue
[2025-06-01T17:54:03.963+0200] {logging_mixin.py:154} INFO - [2025-06-01T17:54:03.963+0200] {dagbag.py:536} INFO - Filling up the DagBag from /home/lohit/miniconda3/envs/airflow-env/lib/python3.8/site-packages/airflow/example_dags/example_branch_day_of_week_operator.py
[2025-06-01T17:54:03.968+0200] {processor.py:839} INFO - DAG(s) dict_keys(['example_weekday_branch_operator']) retrieved from /home/lohit/miniconda3/envs/airflow-env/lib/python3.8/site-packages/airflow/example_dags/example_branch_day_of_week_operator.py
[2025-06-01T17:54:03.978+0200] {logging_mixin.py:154} INFO - [2025-06-01T17:54:03.978+0200] {dag.py:2941} INFO - Sync 1 DAGs
[2025-06-01T17:54:03.989+0200] {logging_mixin.py:154} INFO - [2025-06-01T17:54:03.989+0200] {dag.py:3722} INFO - Setting next_dagrun for example_weekday_branch_operator to 2025-05-31T00:00:00+00:00, run_after=2025-06-01T00:00:00+00:00
[2025-06-01T17:54:04.007+0200] {processor.py:179} INFO - Processing /home/lohit/miniconda3/envs/airflow-env/lib/python3.8/site-packages/airflow/example_dags/example_branch_day_of_week_operator.py took 0.050 seconds
[2025-06-01T17:55:03.778+0200] {processor.py:157} INFO - Started process (PID=27265) to work on /home/lohit/miniconda3/envs/airflow-env/lib/python3.8/site-packages/airflow/example_dags/example_branch_day_of_week_operator.py
[2025-06-01T17:55:03.779+0200] {processor.py:829} INFO - Processing file /home/lohit/miniconda3/envs/airflow-env/lib/python3.8/site-packages/airflow/example_dags/example_branch_day_of_week_operator.py for tasks to queue
[2025-06-01T17:55:03.780+0200] {logging_mixin.py:154} INFO - [2025-06-01T17:55:03.780+0200] {dagbag.py:536} INFO - Filling up the DagBag from /home/lohit/miniconda3/envs/airflow-env/lib/python3.8/site-packages/airflow/example_dags/example_branch_day_of_week_operator.py
[2025-06-01T17:55:03.786+0200] {processor.py:839} INFO - DAG(s) dict_keys(['example_weekday_branch_operator']) retrieved from /home/lohit/miniconda3/envs/airflow-env/lib/python3.8/site-packages/airflow/example_dags/example_branch_day_of_week_operator.py
[2025-06-01T17:55:03.800+0200] {logging_mixin.py:154} INFO - [2025-06-01T17:55:03.799+0200] {dag.py:2941} INFO - Sync 1 DAGs
[2025-06-01T17:55:03.813+0200] {logging_mixin.py:154} INFO - [2025-06-01T17:55:03.812+0200] {dag.py:3722} INFO - Setting next_dagrun for example_weekday_branch_operator to 2025-05-31T00:00:00+00:00, run_after=2025-06-01T00:00:00+00:00
[2025-06-01T17:55:03.828+0200] {processor.py:179} INFO - Processing /home/lohit/miniconda3/envs/airflow-env/lib/python3.8/site-packages/airflow/example_dags/example_branch_day_of_week_operator.py took 0.054 seconds
[2025-06-01T17:55:54.422+0200] {processor.py:157} INFO - Started process (PID=27340) to work on /home/lohit/miniconda3/envs/airflow-env/lib/python3.8/site-packages/airflow/example_dags/example_branch_day_of_week_operator.py
[2025-06-01T17:55:54.426+0200] {processor.py:829} INFO - Processing file /home/lohit/miniconda3/envs/airflow-env/lib/python3.8/site-packages/airflow/example_dags/example_branch_day_of_week_operator.py for tasks to queue
[2025-06-01T17:55:54.426+0200] {logging_mixin.py:154} INFO - [2025-06-01T17:55:54.426+0200] {dagbag.py:536} INFO - Filling up the DagBag from /home/lohit/miniconda3/envs/airflow-env/lib/python3.8/site-packages/airflow/example_dags/example_branch_day_of_week_operator.py
[2025-06-01T17:55:54.431+0200] {processor.py:839} INFO - DAG(s) dict_keys(['example_weekday_branch_operator']) retrieved from /home/lohit/miniconda3/envs/airflow-env/lib/python3.8/site-packages/airflow/example_dags/example_branch_day_of_week_operator.py
[2025-06-01T17:55:54.441+0200] {logging_mixin.py:154} INFO - [2025-06-01T17:55:54.441+0200] {dag.py:2941} INFO - Sync 1 DAGs
[2025-06-01T17:55:54.452+0200] {logging_mixin.py:154} INFO - [2025-06-01T17:55:54.452+0200] {dag.py:3722} INFO - Setting next_dagrun for example_weekday_branch_operator to 2025-05-31T00:00:00+00:00, run_after=2025-06-01T00:00:00+00:00
[2025-06-01T17:55:54.469+0200] {processor.py:179} INFO - Processing /home/lohit/miniconda3/envs/airflow-env/lib/python3.8/site-packages/airflow/example_dags/example_branch_day_of_week_operator.py took 0.049 seconds
[2025-06-01T17:56:39.950+0200] {processor.py:157} INFO - Started process (PID=27408) to work on /home/lohit/miniconda3/envs/airflow-env/lib/python3.8/site-packages/airflow/example_dags/example_branch_day_of_week_operator.py
[2025-06-01T17:56:39.953+0200] {processor.py:829} INFO - Processing file /home/lohit/miniconda3/envs/airflow-env/lib/python3.8/site-packages/airflow/example_dags/example_branch_day_of_week_operator.py for tasks to queue
[2025-06-01T17:56:39.953+0200] {logging_mixin.py:154} INFO - [2025-06-01T17:56:39.953+0200] {dagbag.py:536} INFO - Filling up the DagBag from /home/lohit/miniconda3/envs/airflow-env/lib/python3.8/site-packages/airflow/example_dags/example_branch_day_of_week_operator.py
[2025-06-01T17:56:39.958+0200] {processor.py:839} INFO - DAG(s) dict_keys(['example_weekday_branch_operator']) retrieved from /home/lohit/miniconda3/envs/airflow-env/lib/python3.8/site-packages/airflow/example_dags/example_branch_day_of_week_operator.py
[2025-06-01T17:56:39.971+0200] {logging_mixin.py:154} INFO - [2025-06-01T17:56:39.971+0200] {dag.py:2941} INFO - Sync 1 DAGs
[2025-06-01T17:56:39.983+0200] {logging_mixin.py:154} INFO - [2025-06-01T17:56:39.983+0200] {dag.py:3722} INFO - Setting next_dagrun for example_weekday_branch_operator to 2025-05-31T00:00:00+00:00, run_after=2025-06-01T00:00:00+00:00
[2025-06-01T17:56:39.999+0200] {processor.py:179} INFO - Processing /home/lohit/miniconda3/envs/airflow-env/lib/python3.8/site-packages/airflow/example_dags/example_branch_day_of_week_operator.py took 0.051 seconds
[2025-06-01T17:57:28.259+0200] {processor.py:157} INFO - Started process (PID=27480) to work on /home/lohit/miniconda3/envs/airflow-env/lib/python3.8/site-packages/airflow/example_dags/example_branch_day_of_week_operator.py
[2025-06-01T17:57:28.261+0200] {processor.py:829} INFO - Processing file /home/lohit/miniconda3/envs/airflow-env/lib/python3.8/site-packages/airflow/example_dags/example_branch_day_of_week_operator.py for tasks to queue
[2025-06-01T17:57:28.261+0200] {logging_mixin.py:154} INFO - [2025-06-01T17:57:28.261+0200] {dagbag.py:536} INFO - Filling up the DagBag from /home/lohit/miniconda3/envs/airflow-env/lib/python3.8/site-packages/airflow/example_dags/example_branch_day_of_week_operator.py
[2025-06-01T17:57:28.265+0200] {processor.py:839} INFO - DAG(s) dict_keys(['example_weekday_branch_operator']) retrieved from /home/lohit/miniconda3/envs/airflow-env/lib/python3.8/site-packages/airflow/example_dags/example_branch_day_of_week_operator.py
[2025-06-01T17:57:28.275+0200] {logging_mixin.py:154} INFO - [2025-06-01T17:57:28.275+0200] {dag.py:2941} INFO - Sync 1 DAGs
[2025-06-01T17:57:28.286+0200] {logging_mixin.py:154} INFO - [2025-06-01T17:57:28.286+0200] {dag.py:3722} INFO - Setting next_dagrun for example_weekday_branch_operator to 2025-05-31T00:00:00+00:00, run_after=2025-06-01T00:00:00+00:00
[2025-06-01T17:57:28.302+0200] {processor.py:179} INFO - Processing /home/lohit/miniconda3/envs/airflow-env/lib/python3.8/site-packages/airflow/example_dags/example_branch_day_of_week_operator.py took 0.044 seconds
[2025-06-01T17:58:13.901+0200] {processor.py:157} INFO - Started process (PID=27548) to work on /home/lohit/miniconda3/envs/airflow-env/lib/python3.8/site-packages/airflow/example_dags/example_branch_day_of_week_operator.py
[2025-06-01T17:58:13.904+0200] {processor.py:829} INFO - Processing file /home/lohit/miniconda3/envs/airflow-env/lib/python3.8/site-packages/airflow/example_dags/example_branch_day_of_week_operator.py for tasks to queue
[2025-06-01T17:58:13.905+0200] {logging_mixin.py:154} INFO - [2025-06-01T17:58:13.904+0200] {dagbag.py:536} INFO - Filling up the DagBag from /home/lohit/miniconda3/envs/airflow-env/lib/python3.8/site-packages/airflow/example_dags/example_branch_day_of_week_operator.py
[2025-06-01T17:58:13.909+0200] {processor.py:839} INFO - DAG(s) dict_keys(['example_weekday_branch_operator']) retrieved from /home/lohit/miniconda3/envs/airflow-env/lib/python3.8/site-packages/airflow/example_dags/example_branch_day_of_week_operator.py
[2025-06-01T17:58:13.920+0200] {logging_mixin.py:154} INFO - [2025-06-01T17:58:13.919+0200] {dag.py:2941} INFO - Sync 1 DAGs
[2025-06-01T17:58:13.931+0200] {logging_mixin.py:154} INFO - [2025-06-01T17:58:13.930+0200] {dag.py:3722} INFO - Setting next_dagrun for example_weekday_branch_operator to 2025-05-31T00:00:00+00:00, run_after=2025-06-01T00:00:00+00:00
[2025-06-01T17:58:13.947+0200] {processor.py:179} INFO - Processing /home/lohit/miniconda3/envs/airflow-env/lib/python3.8/site-packages/airflow/example_dags/example_branch_day_of_week_operator.py took 0.048 seconds
[2025-06-01T17:59:02.915+0200] {processor.py:157} INFO - Started process (PID=27620) to work on /home/lohit/miniconda3/envs/airflow-env/lib/python3.8/site-packages/airflow/example_dags/example_branch_day_of_week_operator.py
[2025-06-01T17:59:02.919+0200] {processor.py:829} INFO - Processing file /home/lohit/miniconda3/envs/airflow-env/lib/python3.8/site-packages/airflow/example_dags/example_branch_day_of_week_operator.py for tasks to queue
[2025-06-01T17:59:02.920+0200] {logging_mixin.py:154} INFO - [2025-06-01T17:59:02.920+0200] {dagbag.py:536} INFO - Filling up the DagBag from /home/lohit/miniconda3/envs/airflow-env/lib/python3.8/site-packages/airflow/example_dags/example_branch_day_of_week_operator.py
[2025-06-01T17:59:02.926+0200] {processor.py:839} INFO - DAG(s) dict_keys(['example_weekday_branch_operator']) retrieved from /home/lohit/miniconda3/envs/airflow-env/lib/python3.8/site-packages/airflow/example_dags/example_branch_day_of_week_operator.py
[2025-06-01T17:59:02.936+0200] {logging_mixin.py:154} INFO - [2025-06-01T17:59:02.936+0200] {dag.py:2941} INFO - Sync 1 DAGs
[2025-06-01T17:59:02.947+0200] {logging_mixin.py:154} INFO - [2025-06-01T17:59:02.947+0200] {dag.py:3722} INFO - Setting next_dagrun for example_weekday_branch_operator to 2025-05-31T00:00:00+00:00, run_after=2025-06-01T00:00:00+00:00
[2025-06-01T17:59:02.963+0200] {processor.py:179} INFO - Processing /home/lohit/miniconda3/envs/airflow-env/lib/python3.8/site-packages/airflow/example_dags/example_branch_day_of_week_operator.py took 0.049 seconds
[2025-06-01T18:00:00.576+0200] {processor.py:157} INFO - Started process (PID=27702) to work on /home/lohit/miniconda3/envs/airflow-env/lib/python3.8/site-packages/airflow/example_dags/example_branch_day_of_week_operator.py
[2025-06-01T18:00:00.579+0200] {processor.py:829} INFO - Processing file /home/lohit/miniconda3/envs/airflow-env/lib/python3.8/site-packages/airflow/example_dags/example_branch_day_of_week_operator.py for tasks to queue
[2025-06-01T18:00:00.580+0200] {logging_mixin.py:154} INFO - [2025-06-01T18:00:00.580+0200] {dagbag.py:536} INFO - Filling up the DagBag from /home/lohit/miniconda3/envs/airflow-env/lib/python3.8/site-packages/airflow/example_dags/example_branch_day_of_week_operator.py
[2025-06-01T18:00:00.585+0200] {processor.py:839} INFO - DAG(s) dict_keys(['example_weekday_branch_operator']) retrieved from /home/lohit/miniconda3/envs/airflow-env/lib/python3.8/site-packages/airflow/example_dags/example_branch_day_of_week_operator.py
[2025-06-01T18:00:00.595+0200] {logging_mixin.py:154} INFO - [2025-06-01T18:00:00.595+0200] {dag.py:2941} INFO - Sync 1 DAGs
[2025-06-01T18:00:00.606+0200] {logging_mixin.py:154} INFO - [2025-06-01T18:00:00.606+0200] {dag.py:3722} INFO - Setting next_dagrun for example_weekday_branch_operator to 2025-05-31T00:00:00+00:00, run_after=2025-06-01T00:00:00+00:00
[2025-06-01T18:00:00.621+0200] {processor.py:179} INFO - Processing /home/lohit/miniconda3/envs/airflow-env/lib/python3.8/site-packages/airflow/example_dags/example_branch_day_of_week_operator.py took 0.047 seconds
[2025-06-01T18:00:49.621+0200] {processor.py:157} INFO - Started process (PID=27775) to work on /home/lohit/miniconda3/envs/airflow-env/lib/python3.8/site-packages/airflow/example_dags/example_branch_day_of_week_operator.py
[2025-06-01T18:00:49.624+0200] {processor.py:829} INFO - Processing file /home/lohit/miniconda3/envs/airflow-env/lib/python3.8/site-packages/airflow/example_dags/example_branch_day_of_week_operator.py for tasks to queue
[2025-06-01T18:00:49.625+0200] {logging_mixin.py:154} INFO - [2025-06-01T18:00:49.625+0200] {dagbag.py:536} INFO - Filling up the DagBag from /home/lohit/miniconda3/envs/airflow-env/lib/python3.8/site-packages/airflow/example_dags/example_branch_day_of_week_operator.py
[2025-06-01T18:00:49.629+0200] {processor.py:839} INFO - DAG(s) dict_keys(['example_weekday_branch_operator']) retrieved from /home/lohit/miniconda3/envs/airflow-env/lib/python3.8/site-packages/airflow/example_dags/example_branch_day_of_week_operator.py
[2025-06-01T18:00:49.639+0200] {logging_mixin.py:154} INFO - [2025-06-01T18:00:49.639+0200] {dag.py:2941} INFO - Sync 1 DAGs
[2025-06-01T18:00:49.650+0200] {logging_mixin.py:154} INFO - [2025-06-01T18:00:49.650+0200] {dag.py:3722} INFO - Setting next_dagrun for example_weekday_branch_operator to 2025-05-31T00:00:00+00:00, run_after=2025-06-01T00:00:00+00:00
[2025-06-01T18:00:49.666+0200] {processor.py:179} INFO - Processing /home/lohit/miniconda3/envs/airflow-env/lib/python3.8/site-packages/airflow/example_dags/example_branch_day_of_week_operator.py took 0.047 seconds
[2025-06-01T18:01:37.615+0200] {processor.py:157} INFO - Started process (PID=27876) to work on /home/lohit/miniconda3/envs/airflow-env/lib/python3.8/site-packages/airflow/example_dags/example_branch_day_of_week_operator.py
[2025-06-01T18:01:37.619+0200] {processor.py:829} INFO - Processing file /home/lohit/miniconda3/envs/airflow-env/lib/python3.8/site-packages/airflow/example_dags/example_branch_day_of_week_operator.py for tasks to queue
[2025-06-01T18:01:37.619+0200] {logging_mixin.py:154} INFO - [2025-06-01T18:01:37.619+0200] {dagbag.py:536} INFO - Filling up the DagBag from /home/lohit/miniconda3/envs/airflow-env/lib/python3.8/site-packages/airflow/example_dags/example_branch_day_of_week_operator.py
[2025-06-01T18:01:37.625+0200] {processor.py:839} INFO - DAG(s) dict_keys(['example_weekday_branch_operator']) retrieved from /home/lohit/miniconda3/envs/airflow-env/lib/python3.8/site-packages/airflow/example_dags/example_branch_day_of_week_operator.py
[2025-06-01T18:01:37.635+0200] {logging_mixin.py:154} INFO - [2025-06-01T18:01:37.635+0200] {dag.py:2941} INFO - Sync 1 DAGs
[2025-06-01T18:01:37.646+0200] {logging_mixin.py:154} INFO - [2025-06-01T18:01:37.646+0200] {dag.py:3722} INFO - Setting next_dagrun for example_weekday_branch_operator to 2025-05-31T00:00:00+00:00, run_after=2025-06-01T00:00:00+00:00
[2025-06-01T18:01:37.661+0200] {processor.py:179} INFO - Processing /home/lohit/miniconda3/envs/airflow-env/lib/python3.8/site-packages/airflow/example_dags/example_branch_day_of_week_operator.py took 0.048 seconds
[2025-06-01T18:02:20.485+0200] {processor.py:157} INFO - Started process (PID=27944) to work on /home/lohit/miniconda3/envs/airflow-env/lib/python3.8/site-packages/airflow/example_dags/example_branch_day_of_week_operator.py
[2025-06-01T18:02:20.489+0200] {processor.py:829} INFO - Processing file /home/lohit/miniconda3/envs/airflow-env/lib/python3.8/site-packages/airflow/example_dags/example_branch_day_of_week_operator.py for tasks to queue
[2025-06-01T18:02:20.489+0200] {logging_mixin.py:154} INFO - [2025-06-01T18:02:20.489+0200] {dagbag.py:536} INFO - Filling up the DagBag from /home/lohit/miniconda3/envs/airflow-env/lib/python3.8/site-packages/airflow/example_dags/example_branch_day_of_week_operator.py
[2025-06-01T18:02:20.494+0200] {processor.py:839} INFO - DAG(s) dict_keys(['example_weekday_branch_operator']) retrieved from /home/lohit/miniconda3/envs/airflow-env/lib/python3.8/site-packages/airflow/example_dags/example_branch_day_of_week_operator.py
[2025-06-01T18:02:20.503+0200] {logging_mixin.py:154} INFO - [2025-06-01T18:02:20.503+0200] {dag.py:2941} INFO - Sync 1 DAGs
[2025-06-01T18:02:20.514+0200] {logging_mixin.py:154} INFO - [2025-06-01T18:02:20.514+0200] {dag.py:3722} INFO - Setting next_dagrun for example_weekday_branch_operator to 2025-05-31T00:00:00+00:00, run_after=2025-06-01T00:00:00+00:00
[2025-06-01T18:02:20.529+0200] {processor.py:179} INFO - Processing /home/lohit/miniconda3/envs/airflow-env/lib/python3.8/site-packages/airflow/example_dags/example_branch_day_of_week_operator.py took 0.046 seconds
[2025-06-01T18:03:07.271+0200] {processor.py:157} INFO - Started process (PID=28020) to work on /home/lohit/miniconda3/envs/airflow-env/lib/python3.8/site-packages/airflow/example_dags/example_branch_day_of_week_operator.py
[2025-06-01T18:03:07.272+0200] {processor.py:829} INFO - Processing file /home/lohit/miniconda3/envs/airflow-env/lib/python3.8/site-packages/airflow/example_dags/example_branch_day_of_week_operator.py for tasks to queue
[2025-06-01T18:03:07.272+0200] {logging_mixin.py:154} INFO - [2025-06-01T18:03:07.272+0200] {dagbag.py:536} INFO - Filling up the DagBag from /home/lohit/miniconda3/envs/airflow-env/lib/python3.8/site-packages/airflow/example_dags/example_branch_day_of_week_operator.py
[2025-06-01T18:03:07.277+0200] {processor.py:839} INFO - DAG(s) dict_keys(['example_weekday_branch_operator']) retrieved from /home/lohit/miniconda3/envs/airflow-env/lib/python3.8/site-packages/airflow/example_dags/example_branch_day_of_week_operator.py
[2025-06-01T18:03:07.291+0200] {logging_mixin.py:154} INFO - [2025-06-01T18:03:07.291+0200] {dag.py:2941} INFO - Sync 1 DAGs
[2025-06-01T18:03:07.304+0200] {logging_mixin.py:154} INFO - [2025-06-01T18:03:07.303+0200] {dag.py:3722} INFO - Setting next_dagrun for example_weekday_branch_operator to 2025-05-31T00:00:00+00:00, run_after=2025-06-01T00:00:00+00:00
[2025-06-01T18:03:07.321+0200] {processor.py:179} INFO - Processing /home/lohit/miniconda3/envs/airflow-env/lib/python3.8/site-packages/airflow/example_dags/example_branch_day_of_week_operator.py took 0.052 seconds
[2025-06-01T18:03:55.914+0200] {processor.py:157} INFO - Started process (PID=28095) to work on /home/lohit/miniconda3/envs/airflow-env/lib/python3.8/site-packages/airflow/example_dags/example_branch_day_of_week_operator.py
[2025-06-01T18:03:55.915+0200] {processor.py:829} INFO - Processing file /home/lohit/miniconda3/envs/airflow-env/lib/python3.8/site-packages/airflow/example_dags/example_branch_day_of_week_operator.py for tasks to queue
[2025-06-01T18:03:55.916+0200] {logging_mixin.py:154} INFO - [2025-06-01T18:03:55.916+0200] {dagbag.py:536} INFO - Filling up the DagBag from /home/lohit/miniconda3/envs/airflow-env/lib/python3.8/site-packages/airflow/example_dags/example_branch_day_of_week_operator.py
[2025-06-01T18:03:55.921+0200] {processor.py:839} INFO - DAG(s) dict_keys(['example_weekday_branch_operator']) retrieved from /home/lohit/miniconda3/envs/airflow-env/lib/python3.8/site-packages/airflow/example_dags/example_branch_day_of_week_operator.py
[2025-06-01T18:03:55.931+0200] {logging_mixin.py:154} INFO - [2025-06-01T18:03:55.931+0200] {dag.py:2941} INFO - Sync 1 DAGs
[2025-06-01T18:03:55.944+0200] {logging_mixin.py:154} INFO - [2025-06-01T18:03:55.944+0200] {dag.py:3722} INFO - Setting next_dagrun for example_weekday_branch_operator to 2025-05-31T00:00:00+00:00, run_after=2025-06-01T00:00:00+00:00
[2025-06-01T18:03:55.960+0200] {processor.py:179} INFO - Processing /home/lohit/miniconda3/envs/airflow-env/lib/python3.8/site-packages/airflow/example_dags/example_branch_day_of_week_operator.py took 0.047 seconds
[2025-06-01T18:04:56.397+0200] {processor.py:157} INFO - Started process (PID=28210) to work on /home/lohit/miniconda3/envs/airflow-env/lib/python3.8/site-packages/airflow/example_dags/example_branch_day_of_week_operator.py
[2025-06-01T18:04:56.401+0200] {processor.py:829} INFO - Processing file /home/lohit/miniconda3/envs/airflow-env/lib/python3.8/site-packages/airflow/example_dags/example_branch_day_of_week_operator.py for tasks to queue
[2025-06-01T18:04:56.401+0200] {logging_mixin.py:154} INFO - [2025-06-01T18:04:56.401+0200] {dagbag.py:536} INFO - Filling up the DagBag from /home/lohit/miniconda3/envs/airflow-env/lib/python3.8/site-packages/airflow/example_dags/example_branch_day_of_week_operator.py
[2025-06-01T18:04:56.405+0200] {processor.py:839} INFO - DAG(s) dict_keys(['example_weekday_branch_operator']) retrieved from /home/lohit/miniconda3/envs/airflow-env/lib/python3.8/site-packages/airflow/example_dags/example_branch_day_of_week_operator.py
[2025-06-01T18:04:56.415+0200] {logging_mixin.py:154} INFO - [2025-06-01T18:04:56.415+0200] {dag.py:2941} INFO - Sync 1 DAGs
[2025-06-01T18:04:56.428+0200] {logging_mixin.py:154} INFO - [2025-06-01T18:04:56.428+0200] {dag.py:3722} INFO - Setting next_dagrun for example_weekday_branch_operator to 2025-05-31T00:00:00+00:00, run_after=2025-06-01T00:00:00+00:00
[2025-06-01T18:04:56.443+0200] {processor.py:179} INFO - Processing /home/lohit/miniconda3/envs/airflow-env/lib/python3.8/site-packages/airflow/example_dags/example_branch_day_of_week_operator.py took 0.047 seconds
[2025-06-01T18:05:49.013+0200] {processor.py:157} INFO - Started process (PID=28288) to work on /home/lohit/miniconda3/envs/airflow-env/lib/python3.8/site-packages/airflow/example_dags/example_branch_day_of_week_operator.py
[2025-06-01T18:05:49.014+0200] {processor.py:829} INFO - Processing file /home/lohit/miniconda3/envs/airflow-env/lib/python3.8/site-packages/airflow/example_dags/example_branch_day_of_week_operator.py for tasks to queue
[2025-06-01T18:05:49.015+0200] {logging_mixin.py:154} INFO - [2025-06-01T18:05:49.014+0200] {dagbag.py:536} INFO - Filling up the DagBag from /home/lohit/miniconda3/envs/airflow-env/lib/python3.8/site-packages/airflow/example_dags/example_branch_day_of_week_operator.py
[2025-06-01T18:05:49.019+0200] {processor.py:839} INFO - DAG(s) dict_keys(['example_weekday_branch_operator']) retrieved from /home/lohit/miniconda3/envs/airflow-env/lib/python3.8/site-packages/airflow/example_dags/example_branch_day_of_week_operator.py
[2025-06-01T18:05:49.030+0200] {logging_mixin.py:154} INFO - [2025-06-01T18:05:49.030+0200] {dag.py:2941} INFO - Sync 1 DAGs
[2025-06-01T18:05:49.042+0200] {logging_mixin.py:154} INFO - [2025-06-01T18:05:49.042+0200] {dag.py:3722} INFO - Setting next_dagrun for example_weekday_branch_operator to 2025-05-31T00:00:00+00:00, run_after=2025-06-01T00:00:00+00:00
[2025-06-01T18:05:49.057+0200] {processor.py:179} INFO - Processing /home/lohit/miniconda3/envs/airflow-env/lib/python3.8/site-packages/airflow/example_dags/example_branch_day_of_week_operator.py took 0.045 seconds
[2025-06-01T18:06:36.199+0200] {processor.py:157} INFO - Started process (PID=28363) to work on /home/lohit/miniconda3/envs/airflow-env/lib/python3.8/site-packages/airflow/example_dags/example_branch_day_of_week_operator.py
[2025-06-01T18:06:36.203+0200] {processor.py:829} INFO - Processing file /home/lohit/miniconda3/envs/airflow-env/lib/python3.8/site-packages/airflow/example_dags/example_branch_day_of_week_operator.py for tasks to queue
[2025-06-01T18:06:36.204+0200] {logging_mixin.py:154} INFO - [2025-06-01T18:06:36.203+0200] {dagbag.py:536} INFO - Filling up the DagBag from /home/lohit/miniconda3/envs/airflow-env/lib/python3.8/site-packages/airflow/example_dags/example_branch_day_of_week_operator.py
[2025-06-01T18:06:36.208+0200] {processor.py:839} INFO - DAG(s) dict_keys(['example_weekday_branch_operator']) retrieved from /home/lohit/miniconda3/envs/airflow-env/lib/python3.8/site-packages/airflow/example_dags/example_branch_day_of_week_operator.py
[2025-06-01T18:06:36.221+0200] {logging_mixin.py:154} INFO - [2025-06-01T18:06:36.220+0200] {dag.py:2941} INFO - Sync 1 DAGs
[2025-06-01T18:06:36.234+0200] {logging_mixin.py:154} INFO - [2025-06-01T18:06:36.234+0200] {dag.py:3722} INFO - Setting next_dagrun for example_weekday_branch_operator to 2025-05-31T00:00:00+00:00, run_after=2025-06-01T00:00:00+00:00
[2025-06-01T18:06:36.250+0200] {processor.py:179} INFO - Processing /home/lohit/miniconda3/envs/airflow-env/lib/python3.8/site-packages/airflow/example_dags/example_branch_day_of_week_operator.py took 0.053 seconds
[2025-06-01T18:07:35.484+0200] {processor.py:157} INFO - Started process (PID=28446) to work on /home/lohit/miniconda3/envs/airflow-env/lib/python3.8/site-packages/airflow/example_dags/example_branch_day_of_week_operator.py
[2025-06-01T18:07:35.485+0200] {processor.py:829} INFO - Processing file /home/lohit/miniconda3/envs/airflow-env/lib/python3.8/site-packages/airflow/example_dags/example_branch_day_of_week_operator.py for tasks to queue
[2025-06-01T18:07:35.486+0200] {logging_mixin.py:154} INFO - [2025-06-01T18:07:35.486+0200] {dagbag.py:536} INFO - Filling up the DagBag from /home/lohit/miniconda3/envs/airflow-env/lib/python3.8/site-packages/airflow/example_dags/example_branch_day_of_week_operator.py
[2025-06-01T18:07:35.493+0200] {processor.py:839} INFO - DAG(s) dict_keys(['example_weekday_branch_operator']) retrieved from /home/lohit/miniconda3/envs/airflow-env/lib/python3.8/site-packages/airflow/example_dags/example_branch_day_of_week_operator.py
[2025-06-01T18:07:35.506+0200] {logging_mixin.py:154} INFO - [2025-06-01T18:07:35.506+0200] {dag.py:2941} INFO - Sync 1 DAGs
[2025-06-01T18:07:35.520+0200] {logging_mixin.py:154} INFO - [2025-06-01T18:07:35.520+0200] {dag.py:3722} INFO - Setting next_dagrun for example_weekday_branch_operator to 2025-05-31T00:00:00+00:00, run_after=2025-06-01T00:00:00+00:00
[2025-06-01T18:07:35.540+0200] {processor.py:179} INFO - Processing /home/lohit/miniconda3/envs/airflow-env/lib/python3.8/site-packages/airflow/example_dags/example_branch_day_of_week_operator.py took 0.058 seconds
[2025-06-01T18:08:20.589+0200] {processor.py:157} INFO - Started process (PID=28516) to work on /home/lohit/miniconda3/envs/airflow-env/lib/python3.8/site-packages/airflow/example_dags/example_branch_day_of_week_operator.py
[2025-06-01T18:08:20.590+0200] {processor.py:829} INFO - Processing file /home/lohit/miniconda3/envs/airflow-env/lib/python3.8/site-packages/airflow/example_dags/example_branch_day_of_week_operator.py for tasks to queue
[2025-06-01T18:08:20.591+0200] {logging_mixin.py:154} INFO - [2025-06-01T18:08:20.591+0200] {dagbag.py:536} INFO - Filling up the DagBag from /home/lohit/miniconda3/envs/airflow-env/lib/python3.8/site-packages/airflow/example_dags/example_branch_day_of_week_operator.py
[2025-06-01T18:08:20.596+0200] {processor.py:839} INFO - DAG(s) dict_keys(['example_weekday_branch_operator']) retrieved from /home/lohit/miniconda3/envs/airflow-env/lib/python3.8/site-packages/airflow/example_dags/example_branch_day_of_week_operator.py
[2025-06-01T18:08:20.605+0200] {logging_mixin.py:154} INFO - [2025-06-01T18:08:20.605+0200] {dag.py:2941} INFO - Sync 1 DAGs
[2025-06-01T18:08:20.624+0200] {logging_mixin.py:154} INFO - [2025-06-01T18:08:20.624+0200] {dag.py:3722} INFO - Setting next_dagrun for example_weekday_branch_operator to 2025-05-31T00:00:00+00:00, run_after=2025-06-01T00:00:00+00:00
[2025-06-01T18:08:20.644+0200] {processor.py:179} INFO - Processing /home/lohit/miniconda3/envs/airflow-env/lib/python3.8/site-packages/airflow/example_dags/example_branch_day_of_week_operator.py took 0.057 seconds
[2025-06-01T18:09:13.004+0200] {processor.py:157} INFO - Started process (PID=28593) to work on /home/lohit/miniconda3/envs/airflow-env/lib/python3.8/site-packages/airflow/example_dags/example_branch_day_of_week_operator.py
[2025-06-01T18:09:13.006+0200] {processor.py:829} INFO - Processing file /home/lohit/miniconda3/envs/airflow-env/lib/python3.8/site-packages/airflow/example_dags/example_branch_day_of_week_operator.py for tasks to queue
[2025-06-01T18:09:13.007+0200] {logging_mixin.py:154} INFO - [2025-06-01T18:09:13.007+0200] {dagbag.py:536} INFO - Filling up the DagBag from /home/lohit/miniconda3/envs/airflow-env/lib/python3.8/site-packages/airflow/example_dags/example_branch_day_of_week_operator.py
[2025-06-01T18:09:13.014+0200] {processor.py:839} INFO - DAG(s) dict_keys(['example_weekday_branch_operator']) retrieved from /home/lohit/miniconda3/envs/airflow-env/lib/python3.8/site-packages/airflow/example_dags/example_branch_day_of_week_operator.py
[2025-06-01T18:09:13.026+0200] {logging_mixin.py:154} INFO - [2025-06-01T18:09:13.026+0200] {dag.py:2941} INFO - Sync 1 DAGs
[2025-06-01T18:09:13.039+0200] {logging_mixin.py:154} INFO - [2025-06-01T18:09:13.039+0200] {dag.py:3722} INFO - Setting next_dagrun for example_weekday_branch_operator to 2025-05-31T00:00:00+00:00, run_after=2025-06-01T00:00:00+00:00
[2025-06-01T18:09:13.056+0200] {processor.py:179} INFO - Processing /home/lohit/miniconda3/envs/airflow-env/lib/python3.8/site-packages/airflow/example_dags/example_branch_day_of_week_operator.py took 0.055 seconds
[2025-06-01T18:09:59.539+0200] {processor.py:157} INFO - Started process (PID=28672) to work on /home/lohit/miniconda3/envs/airflow-env/lib/python3.8/site-packages/airflow/example_dags/example_branch_day_of_week_operator.py
[2025-06-01T18:09:59.542+0200] {processor.py:829} INFO - Processing file /home/lohit/miniconda3/envs/airflow-env/lib/python3.8/site-packages/airflow/example_dags/example_branch_day_of_week_operator.py for tasks to queue
[2025-06-01T18:09:59.543+0200] {logging_mixin.py:154} INFO - [2025-06-01T18:09:59.543+0200] {dagbag.py:536} INFO - Filling up the DagBag from /home/lohit/miniconda3/envs/airflow-env/lib/python3.8/site-packages/airflow/example_dags/example_branch_day_of_week_operator.py
[2025-06-01T18:09:59.548+0200] {processor.py:839} INFO - DAG(s) dict_keys(['example_weekday_branch_operator']) retrieved from /home/lohit/miniconda3/envs/airflow-env/lib/python3.8/site-packages/airflow/example_dags/example_branch_day_of_week_operator.py
[2025-06-01T18:09:59.561+0200] {logging_mixin.py:154} INFO - [2025-06-01T18:09:59.561+0200] {dag.py:2941} INFO - Sync 1 DAGs
[2025-06-01T18:09:59.574+0200] {logging_mixin.py:154} INFO - [2025-06-01T18:09:59.574+0200] {dag.py:3722} INFO - Setting next_dagrun for example_weekday_branch_operator to 2025-05-31T00:00:00+00:00, run_after=2025-06-01T00:00:00+00:00
[2025-06-01T18:09:59.590+0200] {processor.py:179} INFO - Processing /home/lohit/miniconda3/envs/airflow-env/lib/python3.8/site-packages/airflow/example_dags/example_branch_day_of_week_operator.py took 0.053 seconds
[2025-06-01T18:10:48.312+0200] {processor.py:157} INFO - Started process (PID=28747) to work on /home/lohit/miniconda3/envs/airflow-env/lib/python3.8/site-packages/airflow/example_dags/example_branch_day_of_week_operator.py
[2025-06-01T18:10:48.315+0200] {processor.py:829} INFO - Processing file /home/lohit/miniconda3/envs/airflow-env/lib/python3.8/site-packages/airflow/example_dags/example_branch_day_of_week_operator.py for tasks to queue
[2025-06-01T18:10:48.316+0200] {logging_mixin.py:154} INFO - [2025-06-01T18:10:48.316+0200] {dagbag.py:536} INFO - Filling up the DagBag from /home/lohit/miniconda3/envs/airflow-env/lib/python3.8/site-packages/airflow/example_dags/example_branch_day_of_week_operator.py
[2025-06-01T18:10:48.322+0200] {processor.py:839} INFO - DAG(s) dict_keys(['example_weekday_branch_operator']) retrieved from /home/lohit/miniconda3/envs/airflow-env/lib/python3.8/site-packages/airflow/example_dags/example_branch_day_of_week_operator.py
[2025-06-01T18:10:48.333+0200] {logging_mixin.py:154} INFO - [2025-06-01T18:10:48.333+0200] {dag.py:2941} INFO - Sync 1 DAGs
[2025-06-01T18:10:48.347+0200] {logging_mixin.py:154} INFO - [2025-06-01T18:10:48.347+0200] {dag.py:3722} INFO - Setting next_dagrun for example_weekday_branch_operator to 2025-05-31T00:00:00+00:00, run_after=2025-06-01T00:00:00+00:00
[2025-06-01T18:10:48.366+0200] {processor.py:179} INFO - Processing /home/lohit/miniconda3/envs/airflow-env/lib/python3.8/site-packages/airflow/example_dags/example_branch_day_of_week_operator.py took 0.056 seconds
[2025-06-01T18:11:35.293+0200] {processor.py:157} INFO - Started process (PID=28817) to work on /home/lohit/miniconda3/envs/airflow-env/lib/python3.8/site-packages/airflow/example_dags/example_branch_day_of_week_operator.py
[2025-06-01T18:11:35.296+0200] {processor.py:829} INFO - Processing file /home/lohit/miniconda3/envs/airflow-env/lib/python3.8/site-packages/airflow/example_dags/example_branch_day_of_week_operator.py for tasks to queue
[2025-06-01T18:11:35.297+0200] {logging_mixin.py:154} INFO - [2025-06-01T18:11:35.296+0200] {dagbag.py:536} INFO - Filling up the DagBag from /home/lohit/miniconda3/envs/airflow-env/lib/python3.8/site-packages/airflow/example_dags/example_branch_day_of_week_operator.py
[2025-06-01T18:11:35.301+0200] {processor.py:839} INFO - DAG(s) dict_keys(['example_weekday_branch_operator']) retrieved from /home/lohit/miniconda3/envs/airflow-env/lib/python3.8/site-packages/airflow/example_dags/example_branch_day_of_week_operator.py
[2025-06-01T18:11:35.311+0200] {logging_mixin.py:154} INFO - [2025-06-01T18:11:35.311+0200] {dag.py:2941} INFO - Sync 1 DAGs
[2025-06-01T18:11:35.322+0200] {logging_mixin.py:154} INFO - [2025-06-01T18:11:35.322+0200] {dag.py:3722} INFO - Setting next_dagrun for example_weekday_branch_operator to 2025-05-31T00:00:00+00:00, run_after=2025-06-01T00:00:00+00:00
[2025-06-01T18:11:35.339+0200] {processor.py:179} INFO - Processing /home/lohit/miniconda3/envs/airflow-env/lib/python3.8/site-packages/airflow/example_dags/example_branch_day_of_week_operator.py took 0.049 seconds
[2025-06-01T18:12:27.269+0200] {processor.py:157} INFO - Started process (PID=28899) to work on /home/lohit/miniconda3/envs/airflow-env/lib/python3.8/site-packages/airflow/example_dags/example_branch_day_of_week_operator.py
[2025-06-01T18:12:27.271+0200] {processor.py:829} INFO - Processing file /home/lohit/miniconda3/envs/airflow-env/lib/python3.8/site-packages/airflow/example_dags/example_branch_day_of_week_operator.py for tasks to queue
[2025-06-01T18:12:27.271+0200] {logging_mixin.py:154} INFO - [2025-06-01T18:12:27.271+0200] {dagbag.py:536} INFO - Filling up the DagBag from /home/lohit/miniconda3/envs/airflow-env/lib/python3.8/site-packages/airflow/example_dags/example_branch_day_of_week_operator.py
[2025-06-01T18:12:27.276+0200] {processor.py:839} INFO - DAG(s) dict_keys(['example_weekday_branch_operator']) retrieved from /home/lohit/miniconda3/envs/airflow-env/lib/python3.8/site-packages/airflow/example_dags/example_branch_day_of_week_operator.py
[2025-06-01T18:12:27.286+0200] {logging_mixin.py:154} INFO - [2025-06-01T18:12:27.286+0200] {dag.py:2941} INFO - Sync 1 DAGs
[2025-06-01T18:12:27.298+0200] {logging_mixin.py:154} INFO - [2025-06-01T18:12:27.298+0200] {dag.py:3722} INFO - Setting next_dagrun for example_weekday_branch_operator to 2025-05-31T00:00:00+00:00, run_after=2025-06-01T00:00:00+00:00
[2025-06-01T18:12:27.315+0200] {processor.py:179} INFO - Processing /home/lohit/miniconda3/envs/airflow-env/lib/python3.8/site-packages/airflow/example_dags/example_branch_day_of_week_operator.py took 0.047 seconds
[2025-06-01T18:13:16.199+0200] {processor.py:157} INFO - Started process (PID=28970) to work on /home/lohit/miniconda3/envs/airflow-env/lib/python3.8/site-packages/airflow/example_dags/example_branch_day_of_week_operator.py
[2025-06-01T18:13:16.202+0200] {processor.py:829} INFO - Processing file /home/lohit/miniconda3/envs/airflow-env/lib/python3.8/site-packages/airflow/example_dags/example_branch_day_of_week_operator.py for tasks to queue
[2025-06-01T18:13:16.203+0200] {logging_mixin.py:154} INFO - [2025-06-01T18:13:16.203+0200] {dagbag.py:536} INFO - Filling up the DagBag from /home/lohit/miniconda3/envs/airflow-env/lib/python3.8/site-packages/airflow/example_dags/example_branch_day_of_week_operator.py
[2025-06-01T18:13:16.208+0200] {processor.py:839} INFO - DAG(s) dict_keys(['example_weekday_branch_operator']) retrieved from /home/lohit/miniconda3/envs/airflow-env/lib/python3.8/site-packages/airflow/example_dags/example_branch_day_of_week_operator.py
[2025-06-01T18:13:16.218+0200] {logging_mixin.py:154} INFO - [2025-06-01T18:13:16.218+0200] {dag.py:2941} INFO - Sync 1 DAGs
[2025-06-01T18:13:16.232+0200] {logging_mixin.py:154} INFO - [2025-06-01T18:13:16.232+0200] {dag.py:3722} INFO - Setting next_dagrun for example_weekday_branch_operator to 2025-05-31T00:00:00+00:00, run_after=2025-06-01T00:00:00+00:00
[2025-06-01T18:13:16.250+0200] {processor.py:179} INFO - Processing /home/lohit/miniconda3/envs/airflow-env/lib/python3.8/site-packages/airflow/example_dags/example_branch_day_of_week_operator.py took 0.054 seconds
[2025-06-01T18:14:01.153+0200] {processor.py:157} INFO - Started process (PID=29039) to work on /home/lohit/miniconda3/envs/airflow-env/lib/python3.8/site-packages/airflow/example_dags/example_branch_day_of_week_operator.py
[2025-06-01T18:14:01.156+0200] {processor.py:829} INFO - Processing file /home/lohit/miniconda3/envs/airflow-env/lib/python3.8/site-packages/airflow/example_dags/example_branch_day_of_week_operator.py for tasks to queue
[2025-06-01T18:14:01.157+0200] {logging_mixin.py:154} INFO - [2025-06-01T18:14:01.157+0200] {dagbag.py:536} INFO - Filling up the DagBag from /home/lohit/miniconda3/envs/airflow-env/lib/python3.8/site-packages/airflow/example_dags/example_branch_day_of_week_operator.py
[2025-06-01T18:14:01.162+0200] {processor.py:839} INFO - DAG(s) dict_keys(['example_weekday_branch_operator']) retrieved from /home/lohit/miniconda3/envs/airflow-env/lib/python3.8/site-packages/airflow/example_dags/example_branch_day_of_week_operator.py
[2025-06-01T18:14:01.174+0200] {logging_mixin.py:154} INFO - [2025-06-01T18:14:01.174+0200] {dag.py:2941} INFO - Sync 1 DAGs
[2025-06-01T18:14:01.188+0200] {logging_mixin.py:154} INFO - [2025-06-01T18:14:01.188+0200] {dag.py:3722} INFO - Setting next_dagrun for example_weekday_branch_operator to 2025-05-31T00:00:00+00:00, run_after=2025-06-01T00:00:00+00:00
[2025-06-01T18:14:01.207+0200] {processor.py:179} INFO - Processing /home/lohit/miniconda3/envs/airflow-env/lib/python3.8/site-packages/airflow/example_dags/example_branch_day_of_week_operator.py took 0.056 seconds
[2025-06-01T18:14:59.517+0200] {processor.py:157} INFO - Started process (PID=29121) to work on /home/lohit/miniconda3/envs/airflow-env/lib/python3.8/site-packages/airflow/example_dags/example_branch_day_of_week_operator.py
[2025-06-01T18:14:59.521+0200] {processor.py:829} INFO - Processing file /home/lohit/miniconda3/envs/airflow-env/lib/python3.8/site-packages/airflow/example_dags/example_branch_day_of_week_operator.py for tasks to queue
[2025-06-01T18:14:59.521+0200] {logging_mixin.py:154} INFO - [2025-06-01T18:14:59.521+0200] {dagbag.py:536} INFO - Filling up the DagBag from /home/lohit/miniconda3/envs/airflow-env/lib/python3.8/site-packages/airflow/example_dags/example_branch_day_of_week_operator.py
[2025-06-01T18:14:59.526+0200] {processor.py:839} INFO - DAG(s) dict_keys(['example_weekday_branch_operator']) retrieved from /home/lohit/miniconda3/envs/airflow-env/lib/python3.8/site-packages/airflow/example_dags/example_branch_day_of_week_operator.py
[2025-06-01T18:14:59.540+0200] {logging_mixin.py:154} INFO - [2025-06-01T18:14:59.540+0200] {dag.py:2941} INFO - Sync 1 DAGs
[2025-06-01T18:14:59.555+0200] {logging_mixin.py:154} INFO - [2025-06-01T18:14:59.554+0200] {dag.py:3722} INFO - Setting next_dagrun for example_weekday_branch_operator to 2025-05-31T00:00:00+00:00, run_after=2025-06-01T00:00:00+00:00
[2025-06-01T18:14:59.571+0200] {processor.py:179} INFO - Processing /home/lohit/miniconda3/envs/airflow-env/lib/python3.8/site-packages/airflow/example_dags/example_branch_day_of_week_operator.py took 0.056 seconds
[2025-06-01T18:15:48.994+0200] {processor.py:157} INFO - Started process (PID=29193) to work on /home/lohit/miniconda3/envs/airflow-env/lib/python3.8/site-packages/airflow/example_dags/example_branch_day_of_week_operator.py
[2025-06-01T18:15:48.996+0200] {processor.py:829} INFO - Processing file /home/lohit/miniconda3/envs/airflow-env/lib/python3.8/site-packages/airflow/example_dags/example_branch_day_of_week_operator.py for tasks to queue
[2025-06-01T18:15:48.996+0200] {logging_mixin.py:154} INFO - [2025-06-01T18:15:48.996+0200] {dagbag.py:536} INFO - Filling up the DagBag from /home/lohit/miniconda3/envs/airflow-env/lib/python3.8/site-packages/airflow/example_dags/example_branch_day_of_week_operator.py
[2025-06-01T18:15:49.002+0200] {processor.py:839} INFO - DAG(s) dict_keys(['example_weekday_branch_operator']) retrieved from /home/lohit/miniconda3/envs/airflow-env/lib/python3.8/site-packages/airflow/example_dags/example_branch_day_of_week_operator.py
[2025-06-01T18:15:49.015+0200] {logging_mixin.py:154} INFO - [2025-06-01T18:15:49.015+0200] {dag.py:2941} INFO - Sync 1 DAGs
[2025-06-01T18:15:49.031+0200] {logging_mixin.py:154} INFO - [2025-06-01T18:15:49.031+0200] {dag.py:3722} INFO - Setting next_dagrun for example_weekday_branch_operator to 2025-05-31T00:00:00+00:00, run_after=2025-06-01T00:00:00+00:00
[2025-06-01T18:15:49.047+0200] {processor.py:179} INFO - Processing /home/lohit/miniconda3/envs/airflow-env/lib/python3.8/site-packages/airflow/example_dags/example_branch_day_of_week_operator.py took 0.056 seconds
[2025-06-01T18:16:38.444+0200] {processor.py:157} INFO - Started process (PID=29266) to work on /home/lohit/miniconda3/envs/airflow-env/lib/python3.8/site-packages/airflow/example_dags/example_branch_day_of_week_operator.py
[2025-06-01T18:16:38.447+0200] {processor.py:829} INFO - Processing file /home/lohit/miniconda3/envs/airflow-env/lib/python3.8/site-packages/airflow/example_dags/example_branch_day_of_week_operator.py for tasks to queue
[2025-06-01T18:16:38.448+0200] {logging_mixin.py:154} INFO - [2025-06-01T18:16:38.447+0200] {dagbag.py:536} INFO - Filling up the DagBag from /home/lohit/miniconda3/envs/airflow-env/lib/python3.8/site-packages/airflow/example_dags/example_branch_day_of_week_operator.py
[2025-06-01T18:16:38.452+0200] {processor.py:839} INFO - DAG(s) dict_keys(['example_weekday_branch_operator']) retrieved from /home/lohit/miniconda3/envs/airflow-env/lib/python3.8/site-packages/airflow/example_dags/example_branch_day_of_week_operator.py
[2025-06-01T18:16:38.462+0200] {logging_mixin.py:154} INFO - [2025-06-01T18:16:38.462+0200] {dag.py:2941} INFO - Sync 1 DAGs
[2025-06-01T18:16:38.472+0200] {logging_mixin.py:154} INFO - [2025-06-01T18:16:38.472+0200] {dag.py:3722} INFO - Setting next_dagrun for example_weekday_branch_operator to 2025-05-31T00:00:00+00:00, run_after=2025-06-01T00:00:00+00:00
[2025-06-01T18:16:38.488+0200] {processor.py:179} INFO - Processing /home/lohit/miniconda3/envs/airflow-env/lib/python3.8/site-packages/airflow/example_dags/example_branch_day_of_week_operator.py took 0.046 seconds
[2025-06-01T18:17:26.517+0200] {processor.py:157} INFO - Started process (PID=29339) to work on /home/lohit/miniconda3/envs/airflow-env/lib/python3.8/site-packages/airflow/example_dags/example_branch_day_of_week_operator.py
[2025-06-01T18:17:26.518+0200] {processor.py:829} INFO - Processing file /home/lohit/miniconda3/envs/airflow-env/lib/python3.8/site-packages/airflow/example_dags/example_branch_day_of_week_operator.py for tasks to queue
[2025-06-01T18:17:26.519+0200] {logging_mixin.py:154} INFO - [2025-06-01T18:17:26.519+0200] {dagbag.py:536} INFO - Filling up the DagBag from /home/lohit/miniconda3/envs/airflow-env/lib/python3.8/site-packages/airflow/example_dags/example_branch_day_of_week_operator.py
[2025-06-01T18:17:26.524+0200] {processor.py:839} INFO - DAG(s) dict_keys(['example_weekday_branch_operator']) retrieved from /home/lohit/miniconda3/envs/airflow-env/lib/python3.8/site-packages/airflow/example_dags/example_branch_day_of_week_operator.py
[2025-06-01T18:17:26.536+0200] {logging_mixin.py:154} INFO - [2025-06-01T18:17:26.536+0200] {dag.py:2941} INFO - Sync 1 DAGs
[2025-06-01T18:17:26.550+0200] {logging_mixin.py:154} INFO - [2025-06-01T18:17:26.550+0200] {dag.py:3722} INFO - Setting next_dagrun for example_weekday_branch_operator to 2025-05-31T00:00:00+00:00, run_after=2025-06-01T00:00:00+00:00
[2025-06-01T18:17:26.567+0200] {processor.py:179} INFO - Processing /home/lohit/miniconda3/envs/airflow-env/lib/python3.8/site-packages/airflow/example_dags/example_branch_day_of_week_operator.py took 0.052 seconds
[2025-06-01T18:18:25.467+0200] {processor.py:157} INFO - Started process (PID=29443) to work on /home/lohit/miniconda3/envs/airflow-env/lib/python3.8/site-packages/airflow/example_dags/example_branch_day_of_week_operator.py
[2025-06-01T18:18:25.470+0200] {processor.py:829} INFO - Processing file /home/lohit/miniconda3/envs/airflow-env/lib/python3.8/site-packages/airflow/example_dags/example_branch_day_of_week_operator.py for tasks to queue
[2025-06-01T18:18:25.471+0200] {logging_mixin.py:154} INFO - [2025-06-01T18:18:25.470+0200] {dagbag.py:536} INFO - Filling up the DagBag from /home/lohit/miniconda3/envs/airflow-env/lib/python3.8/site-packages/airflow/example_dags/example_branch_day_of_week_operator.py
[2025-06-01T18:18:25.475+0200] {processor.py:839} INFO - DAG(s) dict_keys(['example_weekday_branch_operator']) retrieved from /home/lohit/miniconda3/envs/airflow-env/lib/python3.8/site-packages/airflow/example_dags/example_branch_day_of_week_operator.py
[2025-06-01T18:18:25.488+0200] {logging_mixin.py:154} INFO - [2025-06-01T18:18:25.488+0200] {dag.py:2941} INFO - Sync 1 DAGs
[2025-06-01T18:18:25.501+0200] {logging_mixin.py:154} INFO - [2025-06-01T18:18:25.501+0200] {dag.py:3722} INFO - Setting next_dagrun for example_weekday_branch_operator to 2025-05-31T00:00:00+00:00, run_after=2025-06-01T00:00:00+00:00
[2025-06-01T18:18:25.518+0200] {processor.py:179} INFO - Processing /home/lohit/miniconda3/envs/airflow-env/lib/python3.8/site-packages/airflow/example_dags/example_branch_day_of_week_operator.py took 0.054 seconds
[2025-06-01T18:19:11.770+0200] {processor.py:157} INFO - Started process (PID=29512) to work on /home/lohit/miniconda3/envs/airflow-env/lib/python3.8/site-packages/airflow/example_dags/example_branch_day_of_week_operator.py
[2025-06-01T18:19:11.771+0200] {processor.py:829} INFO - Processing file /home/lohit/miniconda3/envs/airflow-env/lib/python3.8/site-packages/airflow/example_dags/example_branch_day_of_week_operator.py for tasks to queue
[2025-06-01T18:19:11.772+0200] {logging_mixin.py:154} INFO - [2025-06-01T18:19:11.772+0200] {dagbag.py:536} INFO - Filling up the DagBag from /home/lohit/miniconda3/envs/airflow-env/lib/python3.8/site-packages/airflow/example_dags/example_branch_day_of_week_operator.py
[2025-06-01T18:19:11.778+0200] {processor.py:839} INFO - DAG(s) dict_keys(['example_weekday_branch_operator']) retrieved from /home/lohit/miniconda3/envs/airflow-env/lib/python3.8/site-packages/airflow/example_dags/example_branch_day_of_week_operator.py
[2025-06-01T18:19:11.790+0200] {logging_mixin.py:154} INFO - [2025-06-01T18:19:11.790+0200] {dag.py:2941} INFO - Sync 1 DAGs
[2025-06-01T18:19:11.803+0200] {logging_mixin.py:154} INFO - [2025-06-01T18:19:11.803+0200] {dag.py:3722} INFO - Setting next_dagrun for example_weekday_branch_operator to 2025-05-31T00:00:00+00:00, run_after=2025-06-01T00:00:00+00:00
[2025-06-01T18:19:11.821+0200] {processor.py:179} INFO - Processing /home/lohit/miniconda3/envs/airflow-env/lib/python3.8/site-packages/airflow/example_dags/example_branch_day_of_week_operator.py took 0.053 seconds
[2025-06-01T18:20:01.025+0200] {processor.py:157} INFO - Started process (PID=29584) to work on /home/lohit/miniconda3/envs/airflow-env/lib/python3.8/site-packages/airflow/example_dags/example_branch_day_of_week_operator.py
[2025-06-01T18:20:01.029+0200] {processor.py:829} INFO - Processing file /home/lohit/miniconda3/envs/airflow-env/lib/python3.8/site-packages/airflow/example_dags/example_branch_day_of_week_operator.py for tasks to queue
[2025-06-01T18:20:01.030+0200] {logging_mixin.py:154} INFO - [2025-06-01T18:20:01.029+0200] {dagbag.py:536} INFO - Filling up the DagBag from /home/lohit/miniconda3/envs/airflow-env/lib/python3.8/site-packages/airflow/example_dags/example_branch_day_of_week_operator.py
[2025-06-01T18:20:01.035+0200] {processor.py:839} INFO - DAG(s) dict_keys(['example_weekday_branch_operator']) retrieved from /home/lohit/miniconda3/envs/airflow-env/lib/python3.8/site-packages/airflow/example_dags/example_branch_day_of_week_operator.py
[2025-06-01T18:20:01.048+0200] {logging_mixin.py:154} INFO - [2025-06-01T18:20:01.047+0200] {dag.py:2941} INFO - Sync 1 DAGs
[2025-06-01T18:20:01.060+0200] {logging_mixin.py:154} INFO - [2025-06-01T18:20:01.060+0200] {dag.py:3722} INFO - Setting next_dagrun for example_weekday_branch_operator to 2025-05-31T00:00:00+00:00, run_after=2025-06-01T00:00:00+00:00
[2025-06-01T18:20:01.077+0200] {processor.py:179} INFO - Processing /home/lohit/miniconda3/envs/airflow-env/lib/python3.8/site-packages/airflow/example_dags/example_branch_day_of_week_operator.py took 0.054 seconds
[2025-06-01T18:20:49.610+0200] {processor.py:157} INFO - Started process (PID=29654) to work on /home/lohit/miniconda3/envs/airflow-env/lib/python3.8/site-packages/airflow/example_dags/example_branch_day_of_week_operator.py
[2025-06-01T18:20:49.611+0200] {processor.py:829} INFO - Processing file /home/lohit/miniconda3/envs/airflow-env/lib/python3.8/site-packages/airflow/example_dags/example_branch_day_of_week_operator.py for tasks to queue
[2025-06-01T18:20:49.612+0200] {logging_mixin.py:154} INFO - [2025-06-01T18:20:49.612+0200] {dagbag.py:536} INFO - Filling up the DagBag from /home/lohit/miniconda3/envs/airflow-env/lib/python3.8/site-packages/airflow/example_dags/example_branch_day_of_week_operator.py
[2025-06-01T18:20:49.617+0200] {processor.py:839} INFO - DAG(s) dict_keys(['example_weekday_branch_operator']) retrieved from /home/lohit/miniconda3/envs/airflow-env/lib/python3.8/site-packages/airflow/example_dags/example_branch_day_of_week_operator.py
[2025-06-01T18:20:49.629+0200] {logging_mixin.py:154} INFO - [2025-06-01T18:20:49.629+0200] {dag.py:2941} INFO - Sync 1 DAGs
[2025-06-01T18:20:49.644+0200] {logging_mixin.py:154} INFO - [2025-06-01T18:20:49.643+0200] {dag.py:3722} INFO - Setting next_dagrun for example_weekday_branch_operator to 2025-05-31T00:00:00+00:00, run_after=2025-06-01T00:00:00+00:00
[2025-06-01T18:20:49.662+0200] {processor.py:179} INFO - Processing /home/lohit/miniconda3/envs/airflow-env/lib/python3.8/site-packages/airflow/example_dags/example_branch_day_of_week_operator.py took 0.055 seconds
[2025-06-01T18:21:36.330+0200] {processor.py:157} INFO - Started process (PID=29725) to work on /home/lohit/miniconda3/envs/airflow-env/lib/python3.8/site-packages/airflow/example_dags/example_branch_day_of_week_operator.py
[2025-06-01T18:21:36.334+0200] {processor.py:829} INFO - Processing file /home/lohit/miniconda3/envs/airflow-env/lib/python3.8/site-packages/airflow/example_dags/example_branch_day_of_week_operator.py for tasks to queue
[2025-06-01T18:21:36.334+0200] {logging_mixin.py:154} INFO - [2025-06-01T18:21:36.334+0200] {dagbag.py:536} INFO - Filling up the DagBag from /home/lohit/miniconda3/envs/airflow-env/lib/python3.8/site-packages/airflow/example_dags/example_branch_day_of_week_operator.py
[2025-06-01T18:21:36.339+0200] {processor.py:839} INFO - DAG(s) dict_keys(['example_weekday_branch_operator']) retrieved from /home/lohit/miniconda3/envs/airflow-env/lib/python3.8/site-packages/airflow/example_dags/example_branch_day_of_week_operator.py
[2025-06-01T18:21:36.349+0200] {logging_mixin.py:154} INFO - [2025-06-01T18:21:36.349+0200] {dag.py:2941} INFO - Sync 1 DAGs
[2025-06-01T18:21:36.363+0200] {logging_mixin.py:154} INFO - [2025-06-01T18:21:36.363+0200] {dag.py:3722} INFO - Setting next_dagrun for example_weekday_branch_operator to 2025-05-31T00:00:00+00:00, run_after=2025-06-01T00:00:00+00:00
[2025-06-01T18:21:36.379+0200] {processor.py:179} INFO - Processing /home/lohit/miniconda3/envs/airflow-env/lib/python3.8/site-packages/airflow/example_dags/example_branch_day_of_week_operator.py took 0.051 seconds
[2025-06-01T18:22:22.978+0200] {processor.py:157} INFO - Started process (PID=29795) to work on /home/lohit/miniconda3/envs/airflow-env/lib/python3.8/site-packages/airflow/example_dags/example_branch_day_of_week_operator.py
[2025-06-01T18:22:22.979+0200] {processor.py:829} INFO - Processing file /home/lohit/miniconda3/envs/airflow-env/lib/python3.8/site-packages/airflow/example_dags/example_branch_day_of_week_operator.py for tasks to queue
[2025-06-01T18:22:22.980+0200] {logging_mixin.py:154} INFO - [2025-06-01T18:22:22.980+0200] {dagbag.py:536} INFO - Filling up the DagBag from /home/lohit/miniconda3/envs/airflow-env/lib/python3.8/site-packages/airflow/example_dags/example_branch_day_of_week_operator.py
[2025-06-01T18:22:22.984+0200] {processor.py:839} INFO - DAG(s) dict_keys(['example_weekday_branch_operator']) retrieved from /home/lohit/miniconda3/envs/airflow-env/lib/python3.8/site-packages/airflow/example_dags/example_branch_day_of_week_operator.py
[2025-06-01T18:22:22.995+0200] {logging_mixin.py:154} INFO - [2025-06-01T18:22:22.994+0200] {dag.py:2941} INFO - Sync 1 DAGs
[2025-06-01T18:22:23.006+0200] {logging_mixin.py:154} INFO - [2025-06-01T18:22:23.006+0200] {dag.py:3722} INFO - Setting next_dagrun for example_weekday_branch_operator to 2025-05-31T00:00:00+00:00, run_after=2025-06-01T00:00:00+00:00
[2025-06-01T18:22:23.022+0200] {processor.py:179} INFO - Processing /home/lohit/miniconda3/envs/airflow-env/lib/python3.8/site-packages/airflow/example_dags/example_branch_day_of_week_operator.py took 0.046 seconds
[2025-06-01T18:23:11.310+0200] {processor.py:157} INFO - Started process (PID=29865) to work on /home/lohit/miniconda3/envs/airflow-env/lib/python3.8/site-packages/airflow/example_dags/example_branch_day_of_week_operator.py
[2025-06-01T18:23:11.311+0200] {processor.py:829} INFO - Processing file /home/lohit/miniconda3/envs/airflow-env/lib/python3.8/site-packages/airflow/example_dags/example_branch_day_of_week_operator.py for tasks to queue
[2025-06-01T18:23:11.312+0200] {logging_mixin.py:154} INFO - [2025-06-01T18:23:11.312+0200] {dagbag.py:536} INFO - Filling up the DagBag from /home/lohit/miniconda3/envs/airflow-env/lib/python3.8/site-packages/airflow/example_dags/example_branch_day_of_week_operator.py
[2025-06-01T18:23:11.316+0200] {processor.py:839} INFO - DAG(s) dict_keys(['example_weekday_branch_operator']) retrieved from /home/lohit/miniconda3/envs/airflow-env/lib/python3.8/site-packages/airflow/example_dags/example_branch_day_of_week_operator.py
[2025-06-01T18:23:11.328+0200] {logging_mixin.py:154} INFO - [2025-06-01T18:23:11.328+0200] {dag.py:2941} INFO - Sync 1 DAGs
[2025-06-01T18:23:11.341+0200] {logging_mixin.py:154} INFO - [2025-06-01T18:23:11.340+0200] {dag.py:3722} INFO - Setting next_dagrun for example_weekday_branch_operator to 2025-05-31T00:00:00+00:00, run_after=2025-06-01T00:00:00+00:00
[2025-06-01T18:23:11.358+0200] {processor.py:179} INFO - Processing /home/lohit/miniconda3/envs/airflow-env/lib/python3.8/site-packages/airflow/example_dags/example_branch_day_of_week_operator.py took 0.050 seconds
[2025-06-01T18:24:01.078+0200] {processor.py:157} INFO - Started process (PID=29937) to work on /home/lohit/miniconda3/envs/airflow-env/lib/python3.8/site-packages/airflow/example_dags/example_branch_day_of_week_operator.py
[2025-06-01T18:24:01.079+0200] {processor.py:829} INFO - Processing file /home/lohit/miniconda3/envs/airflow-env/lib/python3.8/site-packages/airflow/example_dags/example_branch_day_of_week_operator.py for tasks to queue
[2025-06-01T18:24:01.080+0200] {logging_mixin.py:154} INFO - [2025-06-01T18:24:01.080+0200] {dagbag.py:536} INFO - Filling up the DagBag from /home/lohit/miniconda3/envs/airflow-env/lib/python3.8/site-packages/airflow/example_dags/example_branch_day_of_week_operator.py
[2025-06-01T18:24:01.085+0200] {processor.py:839} INFO - DAG(s) dict_keys(['example_weekday_branch_operator']) retrieved from /home/lohit/miniconda3/envs/airflow-env/lib/python3.8/site-packages/airflow/example_dags/example_branch_day_of_week_operator.py
[2025-06-01T18:24:01.098+0200] {logging_mixin.py:154} INFO - [2025-06-01T18:24:01.098+0200] {dag.py:2941} INFO - Sync 1 DAGs
[2025-06-01T18:24:01.111+0200] {logging_mixin.py:154} INFO - [2025-06-01T18:24:01.111+0200] {dag.py:3722} INFO - Setting next_dagrun for example_weekday_branch_operator to 2025-05-31T00:00:00+00:00, run_after=2025-06-01T00:00:00+00:00
[2025-06-01T18:24:01.127+0200] {processor.py:179} INFO - Processing /home/lohit/miniconda3/envs/airflow-env/lib/python3.8/site-packages/airflow/example_dags/example_branch_day_of_week_operator.py took 0.052 seconds
[2025-06-01T18:24:46.150+0200] {processor.py:157} INFO - Started process (PID=30005) to work on /home/lohit/miniconda3/envs/airflow-env/lib/python3.8/site-packages/airflow/example_dags/example_branch_day_of_week_operator.py
[2025-06-01T18:24:46.153+0200] {processor.py:829} INFO - Processing file /home/lohit/miniconda3/envs/airflow-env/lib/python3.8/site-packages/airflow/example_dags/example_branch_day_of_week_operator.py for tasks to queue
[2025-06-01T18:24:46.154+0200] {logging_mixin.py:154} INFO - [2025-06-01T18:24:46.154+0200] {dagbag.py:536} INFO - Filling up the DagBag from /home/lohit/miniconda3/envs/airflow-env/lib/python3.8/site-packages/airflow/example_dags/example_branch_day_of_week_operator.py
[2025-06-01T18:24:46.158+0200] {processor.py:839} INFO - DAG(s) dict_keys(['example_weekday_branch_operator']) retrieved from /home/lohit/miniconda3/envs/airflow-env/lib/python3.8/site-packages/airflow/example_dags/example_branch_day_of_week_operator.py
[2025-06-01T18:24:46.169+0200] {logging_mixin.py:154} INFO - [2025-06-01T18:24:46.169+0200] {dag.py:2941} INFO - Sync 1 DAGs
[2025-06-01T18:24:46.180+0200] {logging_mixin.py:154} INFO - [2025-06-01T18:24:46.180+0200] {dag.py:3722} INFO - Setting next_dagrun for example_weekday_branch_operator to 2025-05-31T00:00:00+00:00, run_after=2025-06-01T00:00:00+00:00
[2025-06-01T18:24:46.196+0200] {processor.py:179} INFO - Processing /home/lohit/miniconda3/envs/airflow-env/lib/python3.8/site-packages/airflow/example_dags/example_branch_day_of_week_operator.py took 0.048 seconds
[2025-06-01T18:25:35.428+0200] {processor.py:157} INFO - Started process (PID=30076) to work on /home/lohit/miniconda3/envs/airflow-env/lib/python3.8/site-packages/airflow/example_dags/example_branch_day_of_week_operator.py
[2025-06-01T18:25:35.431+0200] {processor.py:829} INFO - Processing file /home/lohit/miniconda3/envs/airflow-env/lib/python3.8/site-packages/airflow/example_dags/example_branch_day_of_week_operator.py for tasks to queue
[2025-06-01T18:25:35.432+0200] {logging_mixin.py:154} INFO - [2025-06-01T18:25:35.431+0200] {dagbag.py:536} INFO - Filling up the DagBag from /home/lohit/miniconda3/envs/airflow-env/lib/python3.8/site-packages/airflow/example_dags/example_branch_day_of_week_operator.py
[2025-06-01T18:25:35.436+0200] {processor.py:839} INFO - DAG(s) dict_keys(['example_weekday_branch_operator']) retrieved from /home/lohit/miniconda3/envs/airflow-env/lib/python3.8/site-packages/airflow/example_dags/example_branch_day_of_week_operator.py
[2025-06-01T18:25:35.448+0200] {logging_mixin.py:154} INFO - [2025-06-01T18:25:35.448+0200] {dag.py:2941} INFO - Sync 1 DAGs
[2025-06-01T18:25:35.461+0200] {logging_mixin.py:154} INFO - [2025-06-01T18:25:35.461+0200] {dag.py:3722} INFO - Setting next_dagrun for example_weekday_branch_operator to 2025-05-31T00:00:00+00:00, run_after=2025-06-01T00:00:00+00:00
[2025-06-01T18:25:35.478+0200] {processor.py:179} INFO - Processing /home/lohit/miniconda3/envs/airflow-env/lib/python3.8/site-packages/airflow/example_dags/example_branch_day_of_week_operator.py took 0.052 seconds
[2025-06-01T18:26:19.768+0200] {processor.py:157} INFO - Started process (PID=30146) to work on /home/lohit/miniconda3/envs/airflow-env/lib/python3.8/site-packages/airflow/example_dags/example_branch_day_of_week_operator.py
[2025-06-01T18:26:19.771+0200] {processor.py:829} INFO - Processing file /home/lohit/miniconda3/envs/airflow-env/lib/python3.8/site-packages/airflow/example_dags/example_branch_day_of_week_operator.py for tasks to queue
[2025-06-01T18:26:19.772+0200] {logging_mixin.py:154} INFO - [2025-06-01T18:26:19.772+0200] {dagbag.py:536} INFO - Filling up the DagBag from /home/lohit/miniconda3/envs/airflow-env/lib/python3.8/site-packages/airflow/example_dags/example_branch_day_of_week_operator.py
[2025-06-01T18:26:19.776+0200] {processor.py:839} INFO - DAG(s) dict_keys(['example_weekday_branch_operator']) retrieved from /home/lohit/miniconda3/envs/airflow-env/lib/python3.8/site-packages/airflow/example_dags/example_branch_day_of_week_operator.py
[2025-06-01T18:26:19.790+0200] {logging_mixin.py:154} INFO - [2025-06-01T18:26:19.790+0200] {dag.py:2941} INFO - Sync 1 DAGs
[2025-06-01T18:26:19.802+0200] {logging_mixin.py:154} INFO - [2025-06-01T18:26:19.802+0200] {dag.py:3722} INFO - Setting next_dagrun for example_weekday_branch_operator to 2025-05-31T00:00:00+00:00, run_after=2025-06-01T00:00:00+00:00
[2025-06-01T18:26:19.818+0200] {processor.py:179} INFO - Processing /home/lohit/miniconda3/envs/airflow-env/lib/python3.8/site-packages/airflow/example_dags/example_branch_day_of_week_operator.py took 0.053 seconds
[2025-06-01T18:27:07.831+0200] {processor.py:157} INFO - Started process (PID=30218) to work on /home/lohit/miniconda3/envs/airflow-env/lib/python3.8/site-packages/airflow/example_dags/example_branch_day_of_week_operator.py
[2025-06-01T18:27:07.835+0200] {processor.py:829} INFO - Processing file /home/lohit/miniconda3/envs/airflow-env/lib/python3.8/site-packages/airflow/example_dags/example_branch_day_of_week_operator.py for tasks to queue
[2025-06-01T18:27:07.835+0200] {logging_mixin.py:154} INFO - [2025-06-01T18:27:07.835+0200] {dagbag.py:536} INFO - Filling up the DagBag from /home/lohit/miniconda3/envs/airflow-env/lib/python3.8/site-packages/airflow/example_dags/example_branch_day_of_week_operator.py
[2025-06-01T18:27:07.840+0200] {processor.py:839} INFO - DAG(s) dict_keys(['example_weekday_branch_operator']) retrieved from /home/lohit/miniconda3/envs/airflow-env/lib/python3.8/site-packages/airflow/example_dags/example_branch_day_of_week_operator.py
[2025-06-01T18:27:07.852+0200] {logging_mixin.py:154} INFO - [2025-06-01T18:27:07.851+0200] {dag.py:2941} INFO - Sync 1 DAGs
[2025-06-01T18:27:07.863+0200] {logging_mixin.py:154} INFO - [2025-06-01T18:27:07.863+0200] {dag.py:3722} INFO - Setting next_dagrun for example_weekday_branch_operator to 2025-05-31T00:00:00+00:00, run_after=2025-06-01T00:00:00+00:00
[2025-06-01T18:27:07.880+0200] {processor.py:179} INFO - Processing /home/lohit/miniconda3/envs/airflow-env/lib/python3.8/site-packages/airflow/example_dags/example_branch_day_of_week_operator.py took 0.051 seconds
[2025-06-01T18:27:54.291+0200] {processor.py:157} INFO - Started process (PID=30286) to work on /home/lohit/miniconda3/envs/airflow-env/lib/python3.8/site-packages/airflow/example_dags/example_branch_day_of_week_operator.py
[2025-06-01T18:27:54.295+0200] {processor.py:829} INFO - Processing file /home/lohit/miniconda3/envs/airflow-env/lib/python3.8/site-packages/airflow/example_dags/example_branch_day_of_week_operator.py for tasks to queue
[2025-06-01T18:27:54.296+0200] {logging_mixin.py:154} INFO - [2025-06-01T18:27:54.295+0200] {dagbag.py:536} INFO - Filling up the DagBag from /home/lohit/miniconda3/envs/airflow-env/lib/python3.8/site-packages/airflow/example_dags/example_branch_day_of_week_operator.py
[2025-06-01T18:27:54.300+0200] {processor.py:839} INFO - DAG(s) dict_keys(['example_weekday_branch_operator']) retrieved from /home/lohit/miniconda3/envs/airflow-env/lib/python3.8/site-packages/airflow/example_dags/example_branch_day_of_week_operator.py
[2025-06-01T18:27:54.310+0200] {logging_mixin.py:154} INFO - [2025-06-01T18:27:54.310+0200] {dag.py:2941} INFO - Sync 1 DAGs
[2025-06-01T18:27:54.323+0200] {logging_mixin.py:154} INFO - [2025-06-01T18:27:54.323+0200] {dag.py:3722} INFO - Setting next_dagrun for example_weekday_branch_operator to 2025-05-31T00:00:00+00:00, run_after=2025-06-01T00:00:00+00:00
[2025-06-01T18:27:54.339+0200] {processor.py:179} INFO - Processing /home/lohit/miniconda3/envs/airflow-env/lib/python3.8/site-packages/airflow/example_dags/example_branch_day_of_week_operator.py took 0.049 seconds
[2025-06-01T18:28:44.122+0200] {processor.py:157} INFO - Started process (PID=30358) to work on /home/lohit/miniconda3/envs/airflow-env/lib/python3.8/site-packages/airflow/example_dags/example_branch_day_of_week_operator.py
[2025-06-01T18:28:44.123+0200] {processor.py:829} INFO - Processing file /home/lohit/miniconda3/envs/airflow-env/lib/python3.8/site-packages/airflow/example_dags/example_branch_day_of_week_operator.py for tasks to queue
[2025-06-01T18:28:44.123+0200] {logging_mixin.py:154} INFO - [2025-06-01T18:28:44.123+0200] {dagbag.py:536} INFO - Filling up the DagBag from /home/lohit/miniconda3/envs/airflow-env/lib/python3.8/site-packages/airflow/example_dags/example_branch_day_of_week_operator.py
[2025-06-01T18:28:44.128+0200] {processor.py:839} INFO - DAG(s) dict_keys(['example_weekday_branch_operator']) retrieved from /home/lohit/miniconda3/envs/airflow-env/lib/python3.8/site-packages/airflow/example_dags/example_branch_day_of_week_operator.py
[2025-06-01T18:28:44.138+0200] {logging_mixin.py:154} INFO - [2025-06-01T18:28:44.138+0200] {dag.py:2941} INFO - Sync 1 DAGs
[2025-06-01T18:28:44.148+0200] {logging_mixin.py:154} INFO - [2025-06-01T18:28:44.148+0200] {dag.py:3722} INFO - Setting next_dagrun for example_weekday_branch_operator to 2025-05-31T00:00:00+00:00, run_after=2025-06-01T00:00:00+00:00
[2025-06-01T18:28:44.165+0200] {processor.py:179} INFO - Processing /home/lohit/miniconda3/envs/airflow-env/lib/python3.8/site-packages/airflow/example_dags/example_branch_day_of_week_operator.py took 0.045 seconds
[2025-06-01T18:29:43.280+0200] {processor.py:157} INFO - Started process (PID=30441) to work on /home/lohit/miniconda3/envs/airflow-env/lib/python3.8/site-packages/airflow/example_dags/example_branch_day_of_week_operator.py
[2025-06-01T18:29:43.283+0200] {processor.py:829} INFO - Processing file /home/lohit/miniconda3/envs/airflow-env/lib/python3.8/site-packages/airflow/example_dags/example_branch_day_of_week_operator.py for tasks to queue
[2025-06-01T18:29:43.283+0200] {logging_mixin.py:154} INFO - [2025-06-01T18:29:43.283+0200] {dagbag.py:536} INFO - Filling up the DagBag from /home/lohit/miniconda3/envs/airflow-env/lib/python3.8/site-packages/airflow/example_dags/example_branch_day_of_week_operator.py
[2025-06-01T18:29:43.289+0200] {processor.py:839} INFO - DAG(s) dict_keys(['example_weekday_branch_operator']) retrieved from /home/lohit/miniconda3/envs/airflow-env/lib/python3.8/site-packages/airflow/example_dags/example_branch_day_of_week_operator.py
[2025-06-01T18:29:43.301+0200] {logging_mixin.py:154} INFO - [2025-06-01T18:29:43.301+0200] {dag.py:2941} INFO - Sync 1 DAGs
[2025-06-01T18:29:43.314+0200] {logging_mixin.py:154} INFO - [2025-06-01T18:29:43.314+0200] {dag.py:3722} INFO - Setting next_dagrun for example_weekday_branch_operator to 2025-05-31T00:00:00+00:00, run_after=2025-06-01T00:00:00+00:00
[2025-06-01T18:29:43.333+0200] {processor.py:179} INFO - Processing /home/lohit/miniconda3/envs/airflow-env/lib/python3.8/site-packages/airflow/example_dags/example_branch_day_of_week_operator.py took 0.055 seconds
[2025-06-01T18:30:27.169+0200] {processor.py:157} INFO - Started process (PID=30510) to work on /home/lohit/miniconda3/envs/airflow-env/lib/python3.8/site-packages/airflow/example_dags/example_branch_day_of_week_operator.py
[2025-06-01T18:30:27.173+0200] {processor.py:829} INFO - Processing file /home/lohit/miniconda3/envs/airflow-env/lib/python3.8/site-packages/airflow/example_dags/example_branch_day_of_week_operator.py for tasks to queue
[2025-06-01T18:30:27.174+0200] {logging_mixin.py:154} INFO - [2025-06-01T18:30:27.173+0200] {dagbag.py:536} INFO - Filling up the DagBag from /home/lohit/miniconda3/envs/airflow-env/lib/python3.8/site-packages/airflow/example_dags/example_branch_day_of_week_operator.py
[2025-06-01T18:30:27.178+0200] {processor.py:839} INFO - DAG(s) dict_keys(['example_weekday_branch_operator']) retrieved from /home/lohit/miniconda3/envs/airflow-env/lib/python3.8/site-packages/airflow/example_dags/example_branch_day_of_week_operator.py
[2025-06-01T18:30:27.190+0200] {logging_mixin.py:154} INFO - [2025-06-01T18:30:27.190+0200] {dag.py:2941} INFO - Sync 1 DAGs
[2025-06-01T18:30:27.203+0200] {logging_mixin.py:154} INFO - [2025-06-01T18:30:27.203+0200] {dag.py:3722} INFO - Setting next_dagrun for example_weekday_branch_operator to 2025-05-31T00:00:00+00:00, run_after=2025-06-01T00:00:00+00:00
[2025-06-01T18:30:27.220+0200] {processor.py:179} INFO - Processing /home/lohit/miniconda3/envs/airflow-env/lib/python3.8/site-packages/airflow/example_dags/example_branch_day_of_week_operator.py took 0.052 seconds
[2025-06-01T18:31:11.257+0200] {processor.py:157} INFO - Started process (PID=30579) to work on /home/lohit/miniconda3/envs/airflow-env/lib/python3.8/site-packages/airflow/example_dags/example_branch_day_of_week_operator.py
[2025-06-01T18:31:11.261+0200] {processor.py:829} INFO - Processing file /home/lohit/miniconda3/envs/airflow-env/lib/python3.8/site-packages/airflow/example_dags/example_branch_day_of_week_operator.py for tasks to queue
[2025-06-01T18:31:11.261+0200] {logging_mixin.py:154} INFO - [2025-06-01T18:31:11.261+0200] {dagbag.py:536} INFO - Filling up the DagBag from /home/lohit/miniconda3/envs/airflow-env/lib/python3.8/site-packages/airflow/example_dags/example_branch_day_of_week_operator.py
[2025-06-01T18:31:11.266+0200] {processor.py:839} INFO - DAG(s) dict_keys(['example_weekday_branch_operator']) retrieved from /home/lohit/miniconda3/envs/airflow-env/lib/python3.8/site-packages/airflow/example_dags/example_branch_day_of_week_operator.py
[2025-06-01T18:31:11.278+0200] {logging_mixin.py:154} INFO - [2025-06-01T18:31:11.278+0200] {dag.py:2941} INFO - Sync 1 DAGs
[2025-06-01T18:31:11.291+0200] {logging_mixin.py:154} INFO - [2025-06-01T18:31:11.291+0200] {dag.py:3722} INFO - Setting next_dagrun for example_weekday_branch_operator to 2025-05-31T00:00:00+00:00, run_after=2025-06-01T00:00:00+00:00
[2025-06-01T18:31:11.307+0200] {processor.py:179} INFO - Processing /home/lohit/miniconda3/envs/airflow-env/lib/python3.8/site-packages/airflow/example_dags/example_branch_day_of_week_operator.py took 0.052 seconds
[2025-06-01T18:31:56.953+0200] {processor.py:157} INFO - Started process (PID=30648) to work on /home/lohit/miniconda3/envs/airflow-env/lib/python3.8/site-packages/airflow/example_dags/example_branch_day_of_week_operator.py
[2025-06-01T18:31:56.956+0200] {processor.py:829} INFO - Processing file /home/lohit/miniconda3/envs/airflow-env/lib/python3.8/site-packages/airflow/example_dags/example_branch_day_of_week_operator.py for tasks to queue
[2025-06-01T18:31:56.957+0200] {logging_mixin.py:154} INFO - [2025-06-01T18:31:56.957+0200] {dagbag.py:536} INFO - Filling up the DagBag from /home/lohit/miniconda3/envs/airflow-env/lib/python3.8/site-packages/airflow/example_dags/example_branch_day_of_week_operator.py
[2025-06-01T18:31:56.961+0200] {processor.py:839} INFO - DAG(s) dict_keys(['example_weekday_branch_operator']) retrieved from /home/lohit/miniconda3/envs/airflow-env/lib/python3.8/site-packages/airflow/example_dags/example_branch_day_of_week_operator.py
[2025-06-01T18:31:56.972+0200] {logging_mixin.py:154} INFO - [2025-06-01T18:31:56.972+0200] {dag.py:2941} INFO - Sync 1 DAGs
[2025-06-01T18:31:56.984+0200] {logging_mixin.py:154} INFO - [2025-06-01T18:31:56.984+0200] {dag.py:3722} INFO - Setting next_dagrun for example_weekday_branch_operator to 2025-05-31T00:00:00+00:00, run_after=2025-06-01T00:00:00+00:00
[2025-06-01T18:31:57.000+0200] {processor.py:179} INFO - Processing /home/lohit/miniconda3/envs/airflow-env/lib/python3.8/site-packages/airflow/example_dags/example_branch_day_of_week_operator.py took 0.049 seconds
[2025-06-01T18:32:42.394+0200] {processor.py:157} INFO - Started process (PID=30716) to work on /home/lohit/miniconda3/envs/airflow-env/lib/python3.8/site-packages/airflow/example_dags/example_branch_day_of_week_operator.py
[2025-06-01T18:32:42.398+0200] {processor.py:829} INFO - Processing file /home/lohit/miniconda3/envs/airflow-env/lib/python3.8/site-packages/airflow/example_dags/example_branch_day_of_week_operator.py for tasks to queue
[2025-06-01T18:32:42.398+0200] {logging_mixin.py:154} INFO - [2025-06-01T18:32:42.398+0200] {dagbag.py:536} INFO - Filling up the DagBag from /home/lohit/miniconda3/envs/airflow-env/lib/python3.8/site-packages/airflow/example_dags/example_branch_day_of_week_operator.py
[2025-06-01T18:32:42.403+0200] {processor.py:839} INFO - DAG(s) dict_keys(['example_weekday_branch_operator']) retrieved from /home/lohit/miniconda3/envs/airflow-env/lib/python3.8/site-packages/airflow/example_dags/example_branch_day_of_week_operator.py
[2025-06-01T18:32:42.414+0200] {logging_mixin.py:154} INFO - [2025-06-01T18:32:42.414+0200] {dag.py:2941} INFO - Sync 1 DAGs
[2025-06-01T18:32:42.426+0200] {logging_mixin.py:154} INFO - [2025-06-01T18:32:42.426+0200] {dag.py:3722} INFO - Setting next_dagrun for example_weekday_branch_operator to 2025-05-31T00:00:00+00:00, run_after=2025-06-01T00:00:00+00:00
[2025-06-01T18:32:42.443+0200] {processor.py:179} INFO - Processing /home/lohit/miniconda3/envs/airflow-env/lib/python3.8/site-packages/airflow/example_dags/example_branch_day_of_week_operator.py took 0.050 seconds
[2025-06-01T18:33:42.911+0200] {processor.py:157} INFO - Started process (PID=30800) to work on /home/lohit/miniconda3/envs/airflow-env/lib/python3.8/site-packages/airflow/example_dags/example_branch_day_of_week_operator.py
[2025-06-01T18:33:42.912+0200] {processor.py:829} INFO - Processing file /home/lohit/miniconda3/envs/airflow-env/lib/python3.8/site-packages/airflow/example_dags/example_branch_day_of_week_operator.py for tasks to queue
[2025-06-01T18:33:42.913+0200] {logging_mixin.py:154} INFO - [2025-06-01T18:33:42.913+0200] {dagbag.py:536} INFO - Filling up the DagBag from /home/lohit/miniconda3/envs/airflow-env/lib/python3.8/site-packages/airflow/example_dags/example_branch_day_of_week_operator.py
[2025-06-01T18:33:42.918+0200] {processor.py:839} INFO - DAG(s) dict_keys(['example_weekday_branch_operator']) retrieved from /home/lohit/miniconda3/envs/airflow-env/lib/python3.8/site-packages/airflow/example_dags/example_branch_day_of_week_operator.py
[2025-06-01T18:33:42.929+0200] {logging_mixin.py:154} INFO - [2025-06-01T18:33:42.929+0200] {dag.py:2941} INFO - Sync 1 DAGs
[2025-06-01T18:33:42.941+0200] {logging_mixin.py:154} INFO - [2025-06-01T18:33:42.940+0200] {dag.py:3722} INFO - Setting next_dagrun for example_weekday_branch_operator to 2025-05-31T00:00:00+00:00, run_after=2025-06-01T00:00:00+00:00
[2025-06-01T18:33:42.958+0200] {processor.py:179} INFO - Processing /home/lohit/miniconda3/envs/airflow-env/lib/python3.8/site-packages/airflow/example_dags/example_branch_day_of_week_operator.py took 0.049 seconds
[2025-06-01T18:34:33.847+0200] {processor.py:157} INFO - Started process (PID=31374) to work on /home/lohit/miniconda3/envs/airflow-env/lib/python3.8/site-packages/airflow/example_dags/example_branch_day_of_week_operator.py
[2025-06-01T18:34:33.848+0200] {processor.py:829} INFO - Processing file /home/lohit/miniconda3/envs/airflow-env/lib/python3.8/site-packages/airflow/example_dags/example_branch_day_of_week_operator.py for tasks to queue
[2025-06-01T18:34:33.849+0200] {logging_mixin.py:154} INFO - [2025-06-01T18:34:33.849+0200] {dagbag.py:536} INFO - Filling up the DagBag from /home/lohit/miniconda3/envs/airflow-env/lib/python3.8/site-packages/airflow/example_dags/example_branch_day_of_week_operator.py
[2025-06-01T18:34:33.853+0200] {processor.py:839} INFO - DAG(s) dict_keys(['example_weekday_branch_operator']) retrieved from /home/lohit/miniconda3/envs/airflow-env/lib/python3.8/site-packages/airflow/example_dags/example_branch_day_of_week_operator.py
[2025-06-01T18:34:33.865+0200] {logging_mixin.py:154} INFO - [2025-06-01T18:34:33.865+0200] {dag.py:2941} INFO - Sync 1 DAGs
[2025-06-01T18:34:33.878+0200] {logging_mixin.py:154} INFO - [2025-06-01T18:34:33.878+0200] {dag.py:3722} INFO - Setting next_dagrun for example_weekday_branch_operator to 2025-05-31T00:00:00+00:00, run_after=2025-06-01T00:00:00+00:00
[2025-06-01T18:34:33.901+0200] {processor.py:179} INFO - Processing /home/lohit/miniconda3/envs/airflow-env/lib/python3.8/site-packages/airflow/example_dags/example_branch_day_of_week_operator.py took 0.056 seconds
[2025-06-01T18:35:18.649+0200] {processor.py:157} INFO - Started process (PID=31657) to work on /home/lohit/miniconda3/envs/airflow-env/lib/python3.8/site-packages/airflow/example_dags/example_branch_day_of_week_operator.py
[2025-06-01T18:35:18.652+0200] {processor.py:829} INFO - Processing file /home/lohit/miniconda3/envs/airflow-env/lib/python3.8/site-packages/airflow/example_dags/example_branch_day_of_week_operator.py for tasks to queue
[2025-06-01T18:35:18.653+0200] {logging_mixin.py:154} INFO - [2025-06-01T18:35:18.652+0200] {dagbag.py:536} INFO - Filling up the DagBag from /home/lohit/miniconda3/envs/airflow-env/lib/python3.8/site-packages/airflow/example_dags/example_branch_day_of_week_operator.py
[2025-06-01T18:35:18.657+0200] {processor.py:839} INFO - DAG(s) dict_keys(['example_weekday_branch_operator']) retrieved from /home/lohit/miniconda3/envs/airflow-env/lib/python3.8/site-packages/airflow/example_dags/example_branch_day_of_week_operator.py
[2025-06-01T18:35:18.668+0200] {logging_mixin.py:154} INFO - [2025-06-01T18:35:18.668+0200] {dag.py:2941} INFO - Sync 1 DAGs
[2025-06-01T18:35:18.680+0200] {logging_mixin.py:154} INFO - [2025-06-01T18:35:18.680+0200] {dag.py:3722} INFO - Setting next_dagrun for example_weekday_branch_operator to 2025-05-31T00:00:00+00:00, run_after=2025-06-01T00:00:00+00:00
[2025-06-01T18:35:18.696+0200] {processor.py:179} INFO - Processing /home/lohit/miniconda3/envs/airflow-env/lib/python3.8/site-packages/airflow/example_dags/example_branch_day_of_week_operator.py took 0.050 seconds
