[2025-06-01T17:51:55.437+0200] {processor.py:157} INFO - Started process (PID=26829) to work on /home/lohit/miniconda3/envs/airflow-env/lib/python3.8/site-packages/airflow/example_dags/example_sensor_decorator.py
[2025-06-01T17:51:55.438+0200] {processor.py:829} INFO - Processing file /home/lohit/miniconda3/envs/airflow-env/lib/python3.8/site-packages/airflow/example_dags/example_sensor_decorator.py for tasks to queue
[2025-06-01T17:51:55.438+0200] {logging_mixin.py:154} INFO - [2025-06-01T17:51:55.438+0200] {dagbag.py:536} INFO - Filling up the DagBag from /home/lohit/miniconda3/envs/airflow-env/lib/python3.8/site-packages/airflow/example_dags/example_sensor_decorator.py
[2025-06-01T17:51:55.445+0200] {processor.py:839} INFO - DAG(s) dict_keys(['example_sensor_decorator']) retrieved from /home/lohit/miniconda3/envs/airflow-env/lib/python3.8/site-packages/airflow/example_dags/example_sensor_decorator.py
[2025-06-01T17:51:55.458+0200] {logging_mixin.py:154} INFO - [2025-06-01T17:51:55.458+0200] {dag.py:2941} INFO - Sync 1 DAGs
[2025-06-01T17:51:55.466+0200] {logging_mixin.py:154} INFO - [2025-06-01T17:51:55.466+0200] {dag.py:3722} INFO - Setting next_dagrun for example_sensor_decorator to None, run_after=None
[2025-06-01T17:51:55.486+0200] {processor.py:179} INFO - Processing /home/lohit/miniconda3/envs/airflow-env/lib/python3.8/site-packages/airflow/example_dags/example_sensor_decorator.py took 0.051 seconds
[2025-06-01T17:53:21.621+0200] {processor.py:157} INFO - Started process (PID=27118) to work on /home/lohit/miniconda3/envs/airflow-env/lib/python3.8/site-packages/airflow/example_dags/example_sensor_decorator.py
[2025-06-01T17:53:21.622+0200] {processor.py:829} INFO - Processing file /home/lohit/miniconda3/envs/airflow-env/lib/python3.8/site-packages/airflow/example_dags/example_sensor_decorator.py for tasks to queue
[2025-06-01T17:53:21.623+0200] {logging_mixin.py:154} INFO - [2025-06-01T17:53:21.622+0200] {dagbag.py:536} INFO - Filling up the DagBag from /home/lohit/miniconda3/envs/airflow-env/lib/python3.8/site-packages/airflow/example_dags/example_sensor_decorator.py
[2025-06-01T17:53:21.626+0200] {processor.py:839} INFO - DAG(s) dict_keys(['example_sensor_decorator']) retrieved from /home/lohit/miniconda3/envs/airflow-env/lib/python3.8/site-packages/airflow/example_dags/example_sensor_decorator.py
[2025-06-01T17:53:21.636+0200] {logging_mixin.py:154} INFO - [2025-06-01T17:53:21.636+0200] {dag.py:2941} INFO - Sync 1 DAGs
[2025-06-01T17:53:21.642+0200] {logging_mixin.py:154} INFO - [2025-06-01T17:53:21.642+0200] {dag.py:3722} INFO - Setting next_dagrun for example_sensor_decorator to None, run_after=None
[2025-06-01T17:53:21.658+0200] {processor.py:179} INFO - Processing /home/lohit/miniconda3/envs/airflow-env/lib/python3.8/site-packages/airflow/example_dags/example_sensor_decorator.py took 0.039 seconds
[2025-06-01T17:54:07.521+0200] {processor.py:157} INFO - Started process (PID=27186) to work on /home/lohit/miniconda3/envs/airflow-env/lib/python3.8/site-packages/airflow/example_dags/example_sensor_decorator.py
[2025-06-01T17:54:07.525+0200] {processor.py:829} INFO - Processing file /home/lohit/miniconda3/envs/airflow-env/lib/python3.8/site-packages/airflow/example_dags/example_sensor_decorator.py for tasks to queue
[2025-06-01T17:54:07.525+0200] {logging_mixin.py:154} INFO - [2025-06-01T17:54:07.525+0200] {dagbag.py:536} INFO - Filling up the DagBag from /home/lohit/miniconda3/envs/airflow-env/lib/python3.8/site-packages/airflow/example_dags/example_sensor_decorator.py
[2025-06-01T17:54:07.529+0200] {processor.py:839} INFO - DAG(s) dict_keys(['example_sensor_decorator']) retrieved from /home/lohit/miniconda3/envs/airflow-env/lib/python3.8/site-packages/airflow/example_dags/example_sensor_decorator.py
[2025-06-01T17:54:07.539+0200] {logging_mixin.py:154} INFO - [2025-06-01T17:54:07.538+0200] {dag.py:2941} INFO - Sync 1 DAGs
[2025-06-01T17:54:07.545+0200] {logging_mixin.py:154} INFO - [2025-06-01T17:54:07.545+0200] {dag.py:3722} INFO - Setting next_dagrun for example_sensor_decorator to None, run_after=None
[2025-06-01T17:54:07.562+0200] {processor.py:179} INFO - Processing /home/lohit/miniconda3/envs/airflow-env/lib/python3.8/site-packages/airflow/example_dags/example_sensor_decorator.py took 0.042 seconds
[2025-06-01T17:54:51.091+0200] {processor.py:157} INFO - Started process (PID=27252) to work on /home/lohit/miniconda3/envs/airflow-env/lib/python3.8/site-packages/airflow/example_dags/example_sensor_decorator.py
[2025-06-01T17:54:51.094+0200] {processor.py:829} INFO - Processing file /home/lohit/miniconda3/envs/airflow-env/lib/python3.8/site-packages/airflow/example_dags/example_sensor_decorator.py for tasks to queue
[2025-06-01T17:54:51.095+0200] {logging_mixin.py:154} INFO - [2025-06-01T17:54:51.094+0200] {dagbag.py:536} INFO - Filling up the DagBag from /home/lohit/miniconda3/envs/airflow-env/lib/python3.8/site-packages/airflow/example_dags/example_sensor_decorator.py
[2025-06-01T17:54:51.099+0200] {processor.py:839} INFO - DAG(s) dict_keys(['example_sensor_decorator']) retrieved from /home/lohit/miniconda3/envs/airflow-env/lib/python3.8/site-packages/airflow/example_dags/example_sensor_decorator.py
[2025-06-01T17:54:51.109+0200] {logging_mixin.py:154} INFO - [2025-06-01T17:54:51.109+0200] {dag.py:2941} INFO - Sync 1 DAGs
[2025-06-01T17:54:51.119+0200] {logging_mixin.py:154} INFO - [2025-06-01T17:54:51.118+0200] {dag.py:3722} INFO - Setting next_dagrun for example_sensor_decorator to None, run_after=None
[2025-06-01T17:54:51.134+0200] {processor.py:179} INFO - Processing /home/lohit/miniconda3/envs/airflow-env/lib/python3.8/site-packages/airflow/example_dags/example_sensor_decorator.py took 0.045 seconds
[2025-06-01T17:55:27.296+0200] {processor.py:157} INFO - Started process (PID=27289) to work on /home/lohit/miniconda3/envs/airflow-env/lib/python3.8/site-packages/airflow/example_dags/example_sensor_decorator.py
[2025-06-01T17:55:27.297+0200] {processor.py:829} INFO - Processing file /home/lohit/miniconda3/envs/airflow-env/lib/python3.8/site-packages/airflow/example_dags/example_sensor_decorator.py for tasks to queue
[2025-06-01T17:55:27.298+0200] {logging_mixin.py:154} INFO - [2025-06-01T17:55:27.298+0200] {dagbag.py:536} INFO - Filling up the DagBag from /home/lohit/miniconda3/envs/airflow-env/lib/python3.8/site-packages/airflow/example_dags/example_sensor_decorator.py
[2025-06-01T17:55:27.302+0200] {processor.py:839} INFO - DAG(s) dict_keys(['example_sensor_decorator']) retrieved from /home/lohit/miniconda3/envs/airflow-env/lib/python3.8/site-packages/airflow/example_dags/example_sensor_decorator.py
[2025-06-01T17:55:27.312+0200] {logging_mixin.py:154} INFO - [2025-06-01T17:55:27.312+0200] {dag.py:2941} INFO - Sync 1 DAGs
[2025-06-01T17:55:27.318+0200] {logging_mixin.py:154} INFO - [2025-06-01T17:55:27.318+0200] {dag.py:3722} INFO - Setting next_dagrun for example_sensor_decorator to None, run_after=None
[2025-06-01T17:55:27.333+0200] {processor.py:179} INFO - Processing /home/lohit/miniconda3/envs/airflow-env/lib/python3.8/site-packages/airflow/example_dags/example_sensor_decorator.py took 0.039 seconds
[2025-06-01T17:56:13.466+0200] {processor.py:157} INFO - Started process (PID=27361) to work on /home/lohit/miniconda3/envs/airflow-env/lib/python3.8/site-packages/airflow/example_dags/example_sensor_decorator.py
[2025-06-01T17:56:13.470+0200] {processor.py:829} INFO - Processing file /home/lohit/miniconda3/envs/airflow-env/lib/python3.8/site-packages/airflow/example_dags/example_sensor_decorator.py for tasks to queue
[2025-06-01T17:56:13.470+0200] {logging_mixin.py:154} INFO - [2025-06-01T17:56:13.470+0200] {dagbag.py:536} INFO - Filling up the DagBag from /home/lohit/miniconda3/envs/airflow-env/lib/python3.8/site-packages/airflow/example_dags/example_sensor_decorator.py
[2025-06-01T17:56:13.474+0200] {processor.py:839} INFO - DAG(s) dict_keys(['example_sensor_decorator']) retrieved from /home/lohit/miniconda3/envs/airflow-env/lib/python3.8/site-packages/airflow/example_dags/example_sensor_decorator.py
[2025-06-01T17:56:13.483+0200] {logging_mixin.py:154} INFO - [2025-06-01T17:56:13.483+0200] {dag.py:2941} INFO - Sync 1 DAGs
[2025-06-01T17:56:13.489+0200] {logging_mixin.py:154} INFO - [2025-06-01T17:56:13.489+0200] {dag.py:3722} INFO - Setting next_dagrun for example_sensor_decorator to None, run_after=None
[2025-06-01T17:56:13.504+0200] {processor.py:179} INFO - Processing /home/lohit/miniconda3/envs/airflow-env/lib/python3.8/site-packages/airflow/example_dags/example_sensor_decorator.py took 0.039 seconds
[2025-06-01T17:57:00.847+0200] {processor.py:157} INFO - Started process (PID=27429) to work on /home/lohit/miniconda3/envs/airflow-env/lib/python3.8/site-packages/airflow/example_dags/example_sensor_decorator.py
[2025-06-01T17:57:00.851+0200] {processor.py:829} INFO - Processing file /home/lohit/miniconda3/envs/airflow-env/lib/python3.8/site-packages/airflow/example_dags/example_sensor_decorator.py for tasks to queue
[2025-06-01T17:57:00.851+0200] {logging_mixin.py:154} INFO - [2025-06-01T17:57:00.851+0200] {dagbag.py:536} INFO - Filling up the DagBag from /home/lohit/miniconda3/envs/airflow-env/lib/python3.8/site-packages/airflow/example_dags/example_sensor_decorator.py
[2025-06-01T17:57:00.855+0200] {processor.py:839} INFO - DAG(s) dict_keys(['example_sensor_decorator']) retrieved from /home/lohit/miniconda3/envs/airflow-env/lib/python3.8/site-packages/airflow/example_dags/example_sensor_decorator.py
[2025-06-01T17:57:00.866+0200] {logging_mixin.py:154} INFO - [2025-06-01T17:57:00.865+0200] {dag.py:2941} INFO - Sync 1 DAGs
[2025-06-01T17:57:00.873+0200] {logging_mixin.py:154} INFO - [2025-06-01T17:57:00.873+0200] {dag.py:3722} INFO - Setting next_dagrun for example_sensor_decorator to None, run_after=None
[2025-06-01T17:57:00.888+0200] {processor.py:179} INFO - Processing /home/lohit/miniconda3/envs/airflow-env/lib/python3.8/site-packages/airflow/example_dags/example_sensor_decorator.py took 0.043 seconds
[2025-06-01T17:57:44.672+0200] {processor.py:157} INFO - Started process (PID=27497) to work on /home/lohit/miniconda3/envs/airflow-env/lib/python3.8/site-packages/airflow/example_dags/example_sensor_decorator.py
[2025-06-01T17:57:44.673+0200] {processor.py:829} INFO - Processing file /home/lohit/miniconda3/envs/airflow-env/lib/python3.8/site-packages/airflow/example_dags/example_sensor_decorator.py for tasks to queue
[2025-06-01T17:57:44.674+0200] {logging_mixin.py:154} INFO - [2025-06-01T17:57:44.673+0200] {dagbag.py:536} INFO - Filling up the DagBag from /home/lohit/miniconda3/envs/airflow-env/lib/python3.8/site-packages/airflow/example_dags/example_sensor_decorator.py
[2025-06-01T17:57:44.677+0200] {processor.py:839} INFO - DAG(s) dict_keys(['example_sensor_decorator']) retrieved from /home/lohit/miniconda3/envs/airflow-env/lib/python3.8/site-packages/airflow/example_dags/example_sensor_decorator.py
[2025-06-01T17:57:44.687+0200] {logging_mixin.py:154} INFO - [2025-06-01T17:57:44.686+0200] {dag.py:2941} INFO - Sync 1 DAGs
[2025-06-01T17:57:44.694+0200] {logging_mixin.py:154} INFO - [2025-06-01T17:57:44.694+0200] {dag.py:3722} INFO - Setting next_dagrun for example_sensor_decorator to None, run_after=None
[2025-06-01T17:57:44.711+0200] {processor.py:179} INFO - Processing /home/lohit/miniconda3/envs/airflow-env/lib/python3.8/site-packages/airflow/example_dags/example_sensor_decorator.py took 0.041 seconds
[2025-06-01T17:58:33.101+0200] {processor.py:157} INFO - Started process (PID=27567) to work on /home/lohit/miniconda3/envs/airflow-env/lib/python3.8/site-packages/airflow/example_dags/example_sensor_decorator.py
[2025-06-01T17:58:33.105+0200] {processor.py:829} INFO - Processing file /home/lohit/miniconda3/envs/airflow-env/lib/python3.8/site-packages/airflow/example_dags/example_sensor_decorator.py for tasks to queue
[2025-06-01T17:58:33.105+0200] {logging_mixin.py:154} INFO - [2025-06-01T17:58:33.105+0200] {dagbag.py:536} INFO - Filling up the DagBag from /home/lohit/miniconda3/envs/airflow-env/lib/python3.8/site-packages/airflow/example_dags/example_sensor_decorator.py
[2025-06-01T17:58:33.109+0200] {processor.py:839} INFO - DAG(s) dict_keys(['example_sensor_decorator']) retrieved from /home/lohit/miniconda3/envs/airflow-env/lib/python3.8/site-packages/airflow/example_dags/example_sensor_decorator.py
[2025-06-01T17:58:33.119+0200] {logging_mixin.py:154} INFO - [2025-06-01T17:58:33.119+0200] {dag.py:2941} INFO - Sync 1 DAGs
[2025-06-01T17:58:33.125+0200] {logging_mixin.py:154} INFO - [2025-06-01T17:58:33.125+0200] {dag.py:3722} INFO - Setting next_dagrun for example_sensor_decorator to None, run_after=None
[2025-06-01T17:58:33.143+0200] {processor.py:179} INFO - Processing /home/lohit/miniconda3/envs/airflow-env/lib/python3.8/site-packages/airflow/example_dags/example_sensor_decorator.py took 0.043 seconds
[2025-06-01T17:59:05.645+0200] {processor.py:157} INFO - Started process (PID=27623) to work on /home/lohit/miniconda3/envs/airflow-env/lib/python3.8/site-packages/airflow/example_dags/example_sensor_decorator.py
[2025-06-01T17:59:05.649+0200] {processor.py:829} INFO - Processing file /home/lohit/miniconda3/envs/airflow-env/lib/python3.8/site-packages/airflow/example_dags/example_sensor_decorator.py for tasks to queue
[2025-06-01T17:59:05.649+0200] {logging_mixin.py:154} INFO - [2025-06-01T17:59:05.649+0200] {dagbag.py:536} INFO - Filling up the DagBag from /home/lohit/miniconda3/envs/airflow-env/lib/python3.8/site-packages/airflow/example_dags/example_sensor_decorator.py
[2025-06-01T17:59:05.653+0200] {processor.py:839} INFO - DAG(s) dict_keys(['example_sensor_decorator']) retrieved from /home/lohit/miniconda3/envs/airflow-env/lib/python3.8/site-packages/airflow/example_dags/example_sensor_decorator.py
[2025-06-01T17:59:05.662+0200] {logging_mixin.py:154} INFO - [2025-06-01T17:59:05.662+0200] {dag.py:2941} INFO - Sync 1 DAGs
[2025-06-01T17:59:05.668+0200] {logging_mixin.py:154} INFO - [2025-06-01T17:59:05.668+0200] {dag.py:3722} INFO - Setting next_dagrun for example_sensor_decorator to None, run_after=None
[2025-06-01T17:59:05.684+0200] {processor.py:179} INFO - Processing /home/lohit/miniconda3/envs/airflow-env/lib/python3.8/site-packages/airflow/example_dags/example_sensor_decorator.py took 0.040 seconds
[2025-06-01T17:59:48.038+0200] {processor.py:157} INFO - Started process (PID=27689) to work on /home/lohit/miniconda3/envs/airflow-env/lib/python3.8/site-packages/airflow/example_dags/example_sensor_decorator.py
[2025-06-01T17:59:48.041+0200] {processor.py:829} INFO - Processing file /home/lohit/miniconda3/envs/airflow-env/lib/python3.8/site-packages/airflow/example_dags/example_sensor_decorator.py for tasks to queue
[2025-06-01T17:59:48.041+0200] {logging_mixin.py:154} INFO - [2025-06-01T17:59:48.041+0200] {dagbag.py:536} INFO - Filling up the DagBag from /home/lohit/miniconda3/envs/airflow-env/lib/python3.8/site-packages/airflow/example_dags/example_sensor_decorator.py
[2025-06-01T17:59:48.045+0200] {processor.py:839} INFO - DAG(s) dict_keys(['example_sensor_decorator']) retrieved from /home/lohit/miniconda3/envs/airflow-env/lib/python3.8/site-packages/airflow/example_dags/example_sensor_decorator.py
[2025-06-01T17:59:48.055+0200] {logging_mixin.py:154} INFO - [2025-06-01T17:59:48.055+0200] {dag.py:2941} INFO - Sync 1 DAGs
[2025-06-01T17:59:48.062+0200] {logging_mixin.py:154} INFO - [2025-06-01T17:59:48.062+0200] {dag.py:3722} INFO - Setting next_dagrun for example_sensor_decorator to None, run_after=None
[2025-06-01T17:59:48.080+0200] {processor.py:179} INFO - Processing /home/lohit/miniconda3/envs/airflow-env/lib/python3.8/site-packages/airflow/example_dags/example_sensor_decorator.py took 0.044 seconds
[2025-06-01T18:00:24.592+0200] {processor.py:157} INFO - Started process (PID=27747) to work on /home/lohit/miniconda3/envs/airflow-env/lib/python3.8/site-packages/airflow/example_dags/example_sensor_decorator.py
[2025-06-01T18:00:24.596+0200] {processor.py:829} INFO - Processing file /home/lohit/miniconda3/envs/airflow-env/lib/python3.8/site-packages/airflow/example_dags/example_sensor_decorator.py for tasks to queue
[2025-06-01T18:00:24.596+0200] {logging_mixin.py:154} INFO - [2025-06-01T18:00:24.596+0200] {dagbag.py:536} INFO - Filling up the DagBag from /home/lohit/miniconda3/envs/airflow-env/lib/python3.8/site-packages/airflow/example_dags/example_sensor_decorator.py
[2025-06-01T18:00:24.600+0200] {processor.py:839} INFO - DAG(s) dict_keys(['example_sensor_decorator']) retrieved from /home/lohit/miniconda3/envs/airflow-env/lib/python3.8/site-packages/airflow/example_dags/example_sensor_decorator.py
[2025-06-01T18:00:24.610+0200] {logging_mixin.py:154} INFO - [2025-06-01T18:00:24.610+0200] {dag.py:2941} INFO - Sync 1 DAGs
[2025-06-01T18:00:24.616+0200] {logging_mixin.py:154} INFO - [2025-06-01T18:00:24.616+0200] {dag.py:3722} INFO - Setting next_dagrun for example_sensor_decorator to None, run_after=None
[2025-06-01T18:00:24.630+0200] {processor.py:179} INFO - Processing /home/lohit/miniconda3/envs/airflow-env/lib/python3.8/site-packages/airflow/example_dags/example_sensor_decorator.py took 0.040 seconds
[2025-06-01T18:01:09.038+0200] {processor.py:157} INFO - Started process (PID=27848) to work on /home/lohit/miniconda3/envs/airflow-env/lib/python3.8/site-packages/airflow/example_dags/example_sensor_decorator.py
[2025-06-01T18:01:09.041+0200] {processor.py:829} INFO - Processing file /home/lohit/miniconda3/envs/airflow-env/lib/python3.8/site-packages/airflow/example_dags/example_sensor_decorator.py for tasks to queue
[2025-06-01T18:01:09.041+0200] {logging_mixin.py:154} INFO - [2025-06-01T18:01:09.041+0200] {dagbag.py:536} INFO - Filling up the DagBag from /home/lohit/miniconda3/envs/airflow-env/lib/python3.8/site-packages/airflow/example_dags/example_sensor_decorator.py
[2025-06-01T18:01:09.045+0200] {processor.py:839} INFO - DAG(s) dict_keys(['example_sensor_decorator']) retrieved from /home/lohit/miniconda3/envs/airflow-env/lib/python3.8/site-packages/airflow/example_dags/example_sensor_decorator.py
[2025-06-01T18:01:09.056+0200] {logging_mixin.py:154} INFO - [2025-06-01T18:01:09.056+0200] {dag.py:2941} INFO - Sync 1 DAGs
[2025-06-01T18:01:09.063+0200] {logging_mixin.py:154} INFO - [2025-06-01T18:01:09.063+0200] {dag.py:3722} INFO - Setting next_dagrun for example_sensor_decorator to None, run_after=None
[2025-06-01T18:01:09.077+0200] {processor.py:179} INFO - Processing /home/lohit/miniconda3/envs/airflow-env/lib/python3.8/site-packages/airflow/example_dags/example_sensor_decorator.py took 0.042 seconds
[2025-06-01T18:01:55.284+0200] {processor.py:157} INFO - Started process (PID=27917) to work on /home/lohit/miniconda3/envs/airflow-env/lib/python3.8/site-packages/airflow/example_dags/example_sensor_decorator.py
[2025-06-01T18:01:55.286+0200] {processor.py:829} INFO - Processing file /home/lohit/miniconda3/envs/airflow-env/lib/python3.8/site-packages/airflow/example_dags/example_sensor_decorator.py for tasks to queue
[2025-06-01T18:01:55.286+0200] {logging_mixin.py:154} INFO - [2025-06-01T18:01:55.286+0200] {dagbag.py:536} INFO - Filling up the DagBag from /home/lohit/miniconda3/envs/airflow-env/lib/python3.8/site-packages/airflow/example_dags/example_sensor_decorator.py
[2025-06-01T18:01:55.290+0200] {processor.py:839} INFO - DAG(s) dict_keys(['example_sensor_decorator']) retrieved from /home/lohit/miniconda3/envs/airflow-env/lib/python3.8/site-packages/airflow/example_dags/example_sensor_decorator.py
[2025-06-01T18:01:55.300+0200] {logging_mixin.py:154} INFO - [2025-06-01T18:01:55.300+0200] {dag.py:2941} INFO - Sync 1 DAGs
[2025-06-01T18:01:55.306+0200] {logging_mixin.py:154} INFO - [2025-06-01T18:01:55.306+0200] {dag.py:3722} INFO - Setting next_dagrun for example_sensor_decorator to None, run_after=None
[2025-06-01T18:01:55.322+0200] {processor.py:179} INFO - Processing /home/lohit/miniconda3/envs/airflow-env/lib/python3.8/site-packages/airflow/example_dags/example_sensor_decorator.py took 0.039 seconds
[2025-06-01T18:02:37.626+0200] {processor.py:157} INFO - Started process (PID=27985) to work on /home/lohit/miniconda3/envs/airflow-env/lib/python3.8/site-packages/airflow/example_dags/example_sensor_decorator.py
[2025-06-01T18:02:37.630+0200] {processor.py:829} INFO - Processing file /home/lohit/miniconda3/envs/airflow-env/lib/python3.8/site-packages/airflow/example_dags/example_sensor_decorator.py for tasks to queue
[2025-06-01T18:02:37.631+0200] {logging_mixin.py:154} INFO - [2025-06-01T18:02:37.630+0200] {dagbag.py:536} INFO - Filling up the DagBag from /home/lohit/miniconda3/envs/airflow-env/lib/python3.8/site-packages/airflow/example_dags/example_sensor_decorator.py
[2025-06-01T18:02:37.635+0200] {processor.py:839} INFO - DAG(s) dict_keys(['example_sensor_decorator']) retrieved from /home/lohit/miniconda3/envs/airflow-env/lib/python3.8/site-packages/airflow/example_dags/example_sensor_decorator.py
[2025-06-01T18:02:37.646+0200] {logging_mixin.py:154} INFO - [2025-06-01T18:02:37.646+0200] {dag.py:2941} INFO - Sync 1 DAGs
[2025-06-01T18:02:37.653+0200] {logging_mixin.py:154} INFO - [2025-06-01T18:02:37.653+0200] {dag.py:3722} INFO - Setting next_dagrun for example_sensor_decorator to None, run_after=None
[2025-06-01T18:02:37.674+0200] {processor.py:179} INFO - Processing /home/lohit/miniconda3/envs/airflow-env/lib/python3.8/site-packages/airflow/example_dags/example_sensor_decorator.py took 0.050 seconds
[2025-06-01T18:03:13.550+0200] {processor.py:157} INFO - Started process (PID=28027) to work on /home/lohit/miniconda3/envs/airflow-env/lib/python3.8/site-packages/airflow/example_dags/example_sensor_decorator.py
[2025-06-01T18:03:13.553+0200] {processor.py:829} INFO - Processing file /home/lohit/miniconda3/envs/airflow-env/lib/python3.8/site-packages/airflow/example_dags/example_sensor_decorator.py for tasks to queue
[2025-06-01T18:03:13.554+0200] {logging_mixin.py:154} INFO - [2025-06-01T18:03:13.554+0200] {dagbag.py:536} INFO - Filling up the DagBag from /home/lohit/miniconda3/envs/airflow-env/lib/python3.8/site-packages/airflow/example_dags/example_sensor_decorator.py
[2025-06-01T18:03:13.558+0200] {processor.py:839} INFO - DAG(s) dict_keys(['example_sensor_decorator']) retrieved from /home/lohit/miniconda3/envs/airflow-env/lib/python3.8/site-packages/airflow/example_dags/example_sensor_decorator.py
[2025-06-01T18:03:13.567+0200] {logging_mixin.py:154} INFO - [2025-06-01T18:03:13.567+0200] {dag.py:2941} INFO - Sync 1 DAGs
[2025-06-01T18:03:13.573+0200] {logging_mixin.py:154} INFO - [2025-06-01T18:03:13.573+0200] {dag.py:3722} INFO - Setting next_dagrun for example_sensor_decorator to None, run_after=None
[2025-06-01T18:03:13.588+0200] {processor.py:179} INFO - Processing /home/lohit/miniconda3/envs/airflow-env/lib/python3.8/site-packages/airflow/example_dags/example_sensor_decorator.py took 0.040 seconds
[2025-06-01T18:03:59.378+0200] {processor.py:157} INFO - Started process (PID=28100) to work on /home/lohit/miniconda3/envs/airflow-env/lib/python3.8/site-packages/airflow/example_dags/example_sensor_decorator.py
[2025-06-01T18:03:59.379+0200] {processor.py:829} INFO - Processing file /home/lohit/miniconda3/envs/airflow-env/lib/python3.8/site-packages/airflow/example_dags/example_sensor_decorator.py for tasks to queue
[2025-06-01T18:03:59.379+0200] {logging_mixin.py:154} INFO - [2025-06-01T18:03:59.379+0200] {dagbag.py:536} INFO - Filling up the DagBag from /home/lohit/miniconda3/envs/airflow-env/lib/python3.8/site-packages/airflow/example_dags/example_sensor_decorator.py
[2025-06-01T18:03:59.385+0200] {processor.py:839} INFO - DAG(s) dict_keys(['example_sensor_decorator']) retrieved from /home/lohit/miniconda3/envs/airflow-env/lib/python3.8/site-packages/airflow/example_dags/example_sensor_decorator.py
[2025-06-01T18:03:59.394+0200] {logging_mixin.py:154} INFO - [2025-06-01T18:03:59.394+0200] {dag.py:2941} INFO - Sync 1 DAGs
[2025-06-01T18:03:59.400+0200] {logging_mixin.py:154} INFO - [2025-06-01T18:03:59.400+0200] {dag.py:3722} INFO - Setting next_dagrun for example_sensor_decorator to None, run_after=None
[2025-06-01T18:03:59.416+0200] {processor.py:179} INFO - Processing /home/lohit/miniconda3/envs/airflow-env/lib/python3.8/site-packages/airflow/example_dags/example_sensor_decorator.py took 0.041 seconds
[2025-06-01T18:04:44.982+0200] {processor.py:157} INFO - Started process (PID=28174) to work on /home/lohit/miniconda3/envs/airflow-env/lib/python3.8/site-packages/airflow/example_dags/example_sensor_decorator.py
[2025-06-01T18:04:44.986+0200] {processor.py:829} INFO - Processing file /home/lohit/miniconda3/envs/airflow-env/lib/python3.8/site-packages/airflow/example_dags/example_sensor_decorator.py for tasks to queue
[2025-06-01T18:04:44.986+0200] {logging_mixin.py:154} INFO - [2025-06-01T18:04:44.986+0200] {dagbag.py:536} INFO - Filling up the DagBag from /home/lohit/miniconda3/envs/airflow-env/lib/python3.8/site-packages/airflow/example_dags/example_sensor_decorator.py
[2025-06-01T18:04:44.991+0200] {processor.py:839} INFO - DAG(s) dict_keys(['example_sensor_decorator']) retrieved from /home/lohit/miniconda3/envs/airflow-env/lib/python3.8/site-packages/airflow/example_dags/example_sensor_decorator.py
[2025-06-01T18:04:45.003+0200] {logging_mixin.py:154} INFO - [2025-06-01T18:04:45.002+0200] {dag.py:2941} INFO - Sync 1 DAGs
[2025-06-01T18:04:45.010+0200] {logging_mixin.py:154} INFO - [2025-06-01T18:04:45.010+0200] {dag.py:3722} INFO - Setting next_dagrun for example_sensor_decorator to None, run_after=None
[2025-06-01T18:04:45.028+0200] {processor.py:179} INFO - Processing /home/lohit/miniconda3/envs/airflow-env/lib/python3.8/site-packages/airflow/example_dags/example_sensor_decorator.py took 0.049 seconds
[2025-06-01T18:05:34.733+0200] {processor.py:157} INFO - Started process (PID=28253) to work on /home/lohit/miniconda3/envs/airflow-env/lib/python3.8/site-packages/airflow/example_dags/example_sensor_decorator.py
[2025-06-01T18:05:34.737+0200] {processor.py:829} INFO - Processing file /home/lohit/miniconda3/envs/airflow-env/lib/python3.8/site-packages/airflow/example_dags/example_sensor_decorator.py for tasks to queue
[2025-06-01T18:05:34.737+0200] {logging_mixin.py:154} INFO - [2025-06-01T18:05:34.737+0200] {dagbag.py:536} INFO - Filling up the DagBag from /home/lohit/miniconda3/envs/airflow-env/lib/python3.8/site-packages/airflow/example_dags/example_sensor_decorator.py
[2025-06-01T18:05:34.741+0200] {processor.py:839} INFO - DAG(s) dict_keys(['example_sensor_decorator']) retrieved from /home/lohit/miniconda3/envs/airflow-env/lib/python3.8/site-packages/airflow/example_dags/example_sensor_decorator.py
[2025-06-01T18:05:34.751+0200] {logging_mixin.py:154} INFO - [2025-06-01T18:05:34.751+0200] {dag.py:2941} INFO - Sync 1 DAGs
[2025-06-01T18:05:34.759+0200] {logging_mixin.py:154} INFO - [2025-06-01T18:05:34.759+0200] {dag.py:3722} INFO - Setting next_dagrun for example_sensor_decorator to None, run_after=None
[2025-06-01T18:05:34.777+0200] {processor.py:179} INFO - Processing /home/lohit/miniconda3/envs/airflow-env/lib/python3.8/site-packages/airflow/example_dags/example_sensor_decorator.py took 0.046 seconds
[2025-06-01T18:06:10.635+0200] {processor.py:157} INFO - Started process (PID=28314) to work on /home/lohit/miniconda3/envs/airflow-env/lib/python3.8/site-packages/airflow/example_dags/example_sensor_decorator.py
[2025-06-01T18:06:10.636+0200] {processor.py:829} INFO - Processing file /home/lohit/miniconda3/envs/airflow-env/lib/python3.8/site-packages/airflow/example_dags/example_sensor_decorator.py for tasks to queue
[2025-06-01T18:06:10.637+0200] {logging_mixin.py:154} INFO - [2025-06-01T18:06:10.636+0200] {dagbag.py:536} INFO - Filling up the DagBag from /home/lohit/miniconda3/envs/airflow-env/lib/python3.8/site-packages/airflow/example_dags/example_sensor_decorator.py
[2025-06-01T18:06:10.641+0200] {processor.py:839} INFO - DAG(s) dict_keys(['example_sensor_decorator']) retrieved from /home/lohit/miniconda3/envs/airflow-env/lib/python3.8/site-packages/airflow/example_dags/example_sensor_decorator.py
[2025-06-01T18:06:10.654+0200] {logging_mixin.py:154} INFO - [2025-06-01T18:06:10.653+0200] {dag.py:2941} INFO - Sync 1 DAGs
[2025-06-01T18:06:10.662+0200] {logging_mixin.py:154} INFO - [2025-06-01T18:06:10.661+0200] {dag.py:3722} INFO - Setting next_dagrun for example_sensor_decorator to None, run_after=None
[2025-06-01T18:06:10.679+0200] {processor.py:179} INFO - Processing /home/lohit/miniconda3/envs/airflow-env/lib/python3.8/site-packages/airflow/example_dags/example_sensor_decorator.py took 0.047 seconds
[2025-06-01T18:06:53.360+0200] {processor.py:157} INFO - Started process (PID=28382) to work on /home/lohit/miniconda3/envs/airflow-env/lib/python3.8/site-packages/airflow/example_dags/example_sensor_decorator.py
[2025-06-01T18:06:53.364+0200] {processor.py:829} INFO - Processing file /home/lohit/miniconda3/envs/airflow-env/lib/python3.8/site-packages/airflow/example_dags/example_sensor_decorator.py for tasks to queue
[2025-06-01T18:06:53.364+0200] {logging_mixin.py:154} INFO - [2025-06-01T18:06:53.364+0200] {dagbag.py:536} INFO - Filling up the DagBag from /home/lohit/miniconda3/envs/airflow-env/lib/python3.8/site-packages/airflow/example_dags/example_sensor_decorator.py
[2025-06-01T18:06:53.368+0200] {processor.py:839} INFO - DAG(s) dict_keys(['example_sensor_decorator']) retrieved from /home/lohit/miniconda3/envs/airflow-env/lib/python3.8/site-packages/airflow/example_dags/example_sensor_decorator.py
[2025-06-01T18:06:53.377+0200] {logging_mixin.py:154} INFO - [2025-06-01T18:06:53.377+0200] {dag.py:2941} INFO - Sync 1 DAGs
[2025-06-01T18:06:53.383+0200] {logging_mixin.py:154} INFO - [2025-06-01T18:06:53.383+0200] {dag.py:3722} INFO - Setting next_dagrun for example_sensor_decorator to None, run_after=None
[2025-06-01T18:06:53.399+0200] {processor.py:179} INFO - Processing /home/lohit/miniconda3/envs/airflow-env/lib/python3.8/site-packages/airflow/example_dags/example_sensor_decorator.py took 0.041 seconds
[2025-06-01T18:07:41.749+0200] {processor.py:157} INFO - Started process (PID=28452) to work on /home/lohit/miniconda3/envs/airflow-env/lib/python3.8/site-packages/airflow/example_dags/example_sensor_decorator.py
[2025-06-01T18:07:41.750+0200] {processor.py:829} INFO - Processing file /home/lohit/miniconda3/envs/airflow-env/lib/python3.8/site-packages/airflow/example_dags/example_sensor_decorator.py for tasks to queue
[2025-06-01T18:07:41.751+0200] {logging_mixin.py:154} INFO - [2025-06-01T18:07:41.751+0200] {dagbag.py:536} INFO - Filling up the DagBag from /home/lohit/miniconda3/envs/airflow-env/lib/python3.8/site-packages/airflow/example_dags/example_sensor_decorator.py
[2025-06-01T18:07:41.755+0200] {processor.py:839} INFO - DAG(s) dict_keys(['example_sensor_decorator']) retrieved from /home/lohit/miniconda3/envs/airflow-env/lib/python3.8/site-packages/airflow/example_dags/example_sensor_decorator.py
[2025-06-01T18:07:41.766+0200] {logging_mixin.py:154} INFO - [2025-06-01T18:07:41.766+0200] {dag.py:2941} INFO - Sync 1 DAGs
[2025-06-01T18:07:41.775+0200] {logging_mixin.py:154} INFO - [2025-06-01T18:07:41.775+0200] {dag.py:3722} INFO - Setting next_dagrun for example_sensor_decorator to None, run_after=None
[2025-06-01T18:07:41.794+0200] {processor.py:179} INFO - Processing /home/lohit/miniconda3/envs/airflow-env/lib/python3.8/site-packages/airflow/example_dags/example_sensor_decorator.py took 0.047 seconds
[2025-06-01T18:08:27.997+0200] {processor.py:157} INFO - Started process (PID=28523) to work on /home/lohit/miniconda3/envs/airflow-env/lib/python3.8/site-packages/airflow/example_dags/example_sensor_decorator.py
[2025-06-01T18:08:28.000+0200] {processor.py:829} INFO - Processing file /home/lohit/miniconda3/envs/airflow-env/lib/python3.8/site-packages/airflow/example_dags/example_sensor_decorator.py for tasks to queue
[2025-06-01T18:08:28.000+0200] {logging_mixin.py:154} INFO - [2025-06-01T18:08:28.000+0200] {dagbag.py:536} INFO - Filling up the DagBag from /home/lohit/miniconda3/envs/airflow-env/lib/python3.8/site-packages/airflow/example_dags/example_sensor_decorator.py
[2025-06-01T18:08:28.004+0200] {processor.py:839} INFO - DAG(s) dict_keys(['example_sensor_decorator']) retrieved from /home/lohit/miniconda3/envs/airflow-env/lib/python3.8/site-packages/airflow/example_dags/example_sensor_decorator.py
[2025-06-01T18:08:28.015+0200] {logging_mixin.py:154} INFO - [2025-06-01T18:08:28.015+0200] {dag.py:2941} INFO - Sync 1 DAGs
[2025-06-01T18:08:28.022+0200] {logging_mixin.py:154} INFO - [2025-06-01T18:08:28.022+0200] {dag.py:3722} INFO - Setting next_dagrun for example_sensor_decorator to None, run_after=None
[2025-06-01T18:08:28.036+0200] {processor.py:179} INFO - Processing /home/lohit/miniconda3/envs/airflow-env/lib/python3.8/site-packages/airflow/example_dags/example_sensor_decorator.py took 0.041 seconds
[2025-06-01T18:09:02.723+0200] {processor.py:157} INFO - Started process (PID=28583) to work on /home/lohit/miniconda3/envs/airflow-env/lib/python3.8/site-packages/airflow/example_dags/example_sensor_decorator.py
[2025-06-01T18:09:02.727+0200] {processor.py:829} INFO - Processing file /home/lohit/miniconda3/envs/airflow-env/lib/python3.8/site-packages/airflow/example_dags/example_sensor_decorator.py for tasks to queue
[2025-06-01T18:09:02.727+0200] {logging_mixin.py:154} INFO - [2025-06-01T18:09:02.727+0200] {dagbag.py:536} INFO - Filling up the DagBag from /home/lohit/miniconda3/envs/airflow-env/lib/python3.8/site-packages/airflow/example_dags/example_sensor_decorator.py
[2025-06-01T18:09:02.731+0200] {processor.py:839} INFO - DAG(s) dict_keys(['example_sensor_decorator']) retrieved from /home/lohit/miniconda3/envs/airflow-env/lib/python3.8/site-packages/airflow/example_dags/example_sensor_decorator.py
[2025-06-01T18:09:02.740+0200] {logging_mixin.py:154} INFO - [2025-06-01T18:09:02.740+0200] {dag.py:2941} INFO - Sync 1 DAGs
[2025-06-01T18:09:02.746+0200] {logging_mixin.py:154} INFO - [2025-06-01T18:09:02.746+0200] {dag.py:3722} INFO - Setting next_dagrun for example_sensor_decorator to None, run_after=None
[2025-06-01T18:09:02.763+0200] {processor.py:179} INFO - Processing /home/lohit/miniconda3/envs/airflow-env/lib/python3.8/site-packages/airflow/example_dags/example_sensor_decorator.py took 0.042 seconds
[2025-06-01T18:09:50.385+0200] {processor.py:157} INFO - Started process (PID=28662) to work on /home/lohit/miniconda3/envs/airflow-env/lib/python3.8/site-packages/airflow/example_dags/example_sensor_decorator.py
[2025-06-01T18:09:50.389+0200] {processor.py:829} INFO - Processing file /home/lohit/miniconda3/envs/airflow-env/lib/python3.8/site-packages/airflow/example_dags/example_sensor_decorator.py for tasks to queue
[2025-06-01T18:09:50.389+0200] {logging_mixin.py:154} INFO - [2025-06-01T18:09:50.389+0200] {dagbag.py:536} INFO - Filling up the DagBag from /home/lohit/miniconda3/envs/airflow-env/lib/python3.8/site-packages/airflow/example_dags/example_sensor_decorator.py
[2025-06-01T18:09:50.394+0200] {processor.py:839} INFO - DAG(s) dict_keys(['example_sensor_decorator']) retrieved from /home/lohit/miniconda3/envs/airflow-env/lib/python3.8/site-packages/airflow/example_dags/example_sensor_decorator.py
[2025-06-01T18:09:50.405+0200] {logging_mixin.py:154} INFO - [2025-06-01T18:09:50.405+0200] {dag.py:2941} INFO - Sync 1 DAGs
[2025-06-01T18:09:50.415+0200] {logging_mixin.py:154} INFO - [2025-06-01T18:09:50.415+0200] {dag.py:3722} INFO - Setting next_dagrun for example_sensor_decorator to None, run_after=None
[2025-06-01T18:09:50.435+0200] {processor.py:179} INFO - Processing /home/lohit/miniconda3/envs/airflow-env/lib/python3.8/site-packages/airflow/example_dags/example_sensor_decorator.py took 0.052 seconds
[2025-06-01T18:10:38.008+0200] {processor.py:157} INFO - Started process (PID=28736) to work on /home/lohit/miniconda3/envs/airflow-env/lib/python3.8/site-packages/airflow/example_dags/example_sensor_decorator.py
[2025-06-01T18:10:38.011+0200] {processor.py:829} INFO - Processing file /home/lohit/miniconda3/envs/airflow-env/lib/python3.8/site-packages/airflow/example_dags/example_sensor_decorator.py for tasks to queue
[2025-06-01T18:10:38.012+0200] {logging_mixin.py:154} INFO - [2025-06-01T18:10:38.012+0200] {dagbag.py:536} INFO - Filling up the DagBag from /home/lohit/miniconda3/envs/airflow-env/lib/python3.8/site-packages/airflow/example_dags/example_sensor_decorator.py
[2025-06-01T18:10:38.016+0200] {processor.py:839} INFO - DAG(s) dict_keys(['example_sensor_decorator']) retrieved from /home/lohit/miniconda3/envs/airflow-env/lib/python3.8/site-packages/airflow/example_dags/example_sensor_decorator.py
[2025-06-01T18:10:38.028+0200] {logging_mixin.py:154} INFO - [2025-06-01T18:10:38.028+0200] {dag.py:2941} INFO - Sync 1 DAGs
[2025-06-01T18:10:38.036+0200] {logging_mixin.py:154} INFO - [2025-06-01T18:10:38.035+0200] {dag.py:3722} INFO - Setting next_dagrun for example_sensor_decorator to None, run_after=None
[2025-06-01T18:10:38.053+0200] {processor.py:179} INFO - Processing /home/lohit/miniconda3/envs/airflow-env/lib/python3.8/site-packages/airflow/example_dags/example_sensor_decorator.py took 0.048 seconds
[2025-06-01T18:11:24.032+0200] {processor.py:157} INFO - Started process (PID=28806) to work on /home/lohit/miniconda3/envs/airflow-env/lib/python3.8/site-packages/airflow/example_dags/example_sensor_decorator.py
[2025-06-01T18:11:24.036+0200] {processor.py:829} INFO - Processing file /home/lohit/miniconda3/envs/airflow-env/lib/python3.8/site-packages/airflow/example_dags/example_sensor_decorator.py for tasks to queue
[2025-06-01T18:11:24.036+0200] {logging_mixin.py:154} INFO - [2025-06-01T18:11:24.036+0200] {dagbag.py:536} INFO - Filling up the DagBag from /home/lohit/miniconda3/envs/airflow-env/lib/python3.8/site-packages/airflow/example_dags/example_sensor_decorator.py
[2025-06-01T18:11:24.040+0200] {processor.py:839} INFO - DAG(s) dict_keys(['example_sensor_decorator']) retrieved from /home/lohit/miniconda3/envs/airflow-env/lib/python3.8/site-packages/airflow/example_dags/example_sensor_decorator.py
[2025-06-01T18:11:24.050+0200] {logging_mixin.py:154} INFO - [2025-06-01T18:11:24.050+0200] {dag.py:2941} INFO - Sync 1 DAGs
[2025-06-01T18:11:24.057+0200] {logging_mixin.py:154} INFO - [2025-06-01T18:11:24.057+0200] {dag.py:3722} INFO - Setting next_dagrun for example_sensor_decorator to None, run_after=None
[2025-06-01T18:11:24.075+0200] {processor.py:179} INFO - Processing /home/lohit/miniconda3/envs/airflow-env/lib/python3.8/site-packages/airflow/example_dags/example_sensor_decorator.py took 0.044 seconds
[2025-06-01T18:11:58.851+0200] {processor.py:157} INFO - Started process (PID=28840) to work on /home/lohit/miniconda3/envs/airflow-env/lib/python3.8/site-packages/airflow/example_dags/example_sensor_decorator.py
[2025-06-01T18:11:58.854+0200] {processor.py:829} INFO - Processing file /home/lohit/miniconda3/envs/airflow-env/lib/python3.8/site-packages/airflow/example_dags/example_sensor_decorator.py for tasks to queue
[2025-06-01T18:11:58.855+0200] {logging_mixin.py:154} INFO - [2025-06-01T18:11:58.854+0200] {dagbag.py:536} INFO - Filling up the DagBag from /home/lohit/miniconda3/envs/airflow-env/lib/python3.8/site-packages/airflow/example_dags/example_sensor_decorator.py
[2025-06-01T18:11:58.859+0200] {processor.py:839} INFO - DAG(s) dict_keys(['example_sensor_decorator']) retrieved from /home/lohit/miniconda3/envs/airflow-env/lib/python3.8/site-packages/airflow/example_dags/example_sensor_decorator.py
[2025-06-01T18:11:58.870+0200] {logging_mixin.py:154} INFO - [2025-06-01T18:11:58.870+0200] {dag.py:2941} INFO - Sync 1 DAGs
[2025-06-01T18:11:58.877+0200] {logging_mixin.py:154} INFO - [2025-06-01T18:11:58.877+0200] {dag.py:3722} INFO - Setting next_dagrun for example_sensor_decorator to None, run_after=None
[2025-06-01T18:11:58.893+0200] {processor.py:179} INFO - Processing /home/lohit/miniconda3/envs/airflow-env/lib/python3.8/site-packages/airflow/example_dags/example_sensor_decorator.py took 0.044 seconds
[2025-06-01T18:12:33.547+0200] {processor.py:157} INFO - Started process (PID=28905) to work on /home/lohit/miniconda3/envs/airflow-env/lib/python3.8/site-packages/airflow/example_dags/example_sensor_decorator.py
[2025-06-01T18:12:33.551+0200] {processor.py:829} INFO - Processing file /home/lohit/miniconda3/envs/airflow-env/lib/python3.8/site-packages/airflow/example_dags/example_sensor_decorator.py for tasks to queue
[2025-06-01T18:12:33.551+0200] {logging_mixin.py:154} INFO - [2025-06-01T18:12:33.551+0200] {dagbag.py:536} INFO - Filling up the DagBag from /home/lohit/miniconda3/envs/airflow-env/lib/python3.8/site-packages/airflow/example_dags/example_sensor_decorator.py
[2025-06-01T18:12:33.555+0200] {processor.py:839} INFO - DAG(s) dict_keys(['example_sensor_decorator']) retrieved from /home/lohit/miniconda3/envs/airflow-env/lib/python3.8/site-packages/airflow/example_dags/example_sensor_decorator.py
[2025-06-01T18:12:33.564+0200] {logging_mixin.py:154} INFO - [2025-06-01T18:12:33.564+0200] {dag.py:2941} INFO - Sync 1 DAGs
[2025-06-01T18:12:33.571+0200] {logging_mixin.py:154} INFO - [2025-06-01T18:12:33.570+0200] {dag.py:3722} INFO - Setting next_dagrun for example_sensor_decorator to None, run_after=None
[2025-06-01T18:12:33.585+0200] {processor.py:179} INFO - Processing /home/lohit/miniconda3/envs/airflow-env/lib/python3.8/site-packages/airflow/example_dags/example_sensor_decorator.py took 0.040 seconds
[2025-06-01T18:13:22.111+0200] {processor.py:157} INFO - Started process (PID=28976) to work on /home/lohit/miniconda3/envs/airflow-env/lib/python3.8/site-packages/airflow/example_dags/example_sensor_decorator.py
[2025-06-01T18:13:22.115+0200] {processor.py:829} INFO - Processing file /home/lohit/miniconda3/envs/airflow-env/lib/python3.8/site-packages/airflow/example_dags/example_sensor_decorator.py for tasks to queue
[2025-06-01T18:13:22.116+0200] {logging_mixin.py:154} INFO - [2025-06-01T18:13:22.116+0200] {dagbag.py:536} INFO - Filling up the DagBag from /home/lohit/miniconda3/envs/airflow-env/lib/python3.8/site-packages/airflow/example_dags/example_sensor_decorator.py
[2025-06-01T18:13:22.122+0200] {processor.py:839} INFO - DAG(s) dict_keys(['example_sensor_decorator']) retrieved from /home/lohit/miniconda3/envs/airflow-env/lib/python3.8/site-packages/airflow/example_dags/example_sensor_decorator.py
[2025-06-01T18:13:22.135+0200] {logging_mixin.py:154} INFO - [2025-06-01T18:13:22.135+0200] {dag.py:2941} INFO - Sync 1 DAGs
[2025-06-01T18:13:22.143+0200] {logging_mixin.py:154} INFO - [2025-06-01T18:13:22.143+0200] {dag.py:3722} INFO - Setting next_dagrun for example_sensor_decorator to None, run_after=None
[2025-06-01T18:13:22.162+0200] {processor.py:179} INFO - Processing /home/lohit/miniconda3/envs/airflow-env/lib/python3.8/site-packages/airflow/example_dags/example_sensor_decorator.py took 0.054 seconds
[2025-06-01T18:14:05.149+0200] {processor.py:157} INFO - Started process (PID=29044) to work on /home/lohit/miniconda3/envs/airflow-env/lib/python3.8/site-packages/airflow/example_dags/example_sensor_decorator.py
[2025-06-01T18:14:05.151+0200] {processor.py:829} INFO - Processing file /home/lohit/miniconda3/envs/airflow-env/lib/python3.8/site-packages/airflow/example_dags/example_sensor_decorator.py for tasks to queue
[2025-06-01T18:14:05.151+0200] {logging_mixin.py:154} INFO - [2025-06-01T18:14:05.151+0200] {dagbag.py:536} INFO - Filling up the DagBag from /home/lohit/miniconda3/envs/airflow-env/lib/python3.8/site-packages/airflow/example_dags/example_sensor_decorator.py
[2025-06-01T18:14:05.156+0200] {processor.py:839} INFO - DAG(s) dict_keys(['example_sensor_decorator']) retrieved from /home/lohit/miniconda3/envs/airflow-env/lib/python3.8/site-packages/airflow/example_dags/example_sensor_decorator.py
[2025-06-01T18:14:05.167+0200] {logging_mixin.py:154} INFO - [2025-06-01T18:14:05.167+0200] {dag.py:2941} INFO - Sync 1 DAGs
[2025-06-01T18:14:05.174+0200] {logging_mixin.py:154} INFO - [2025-06-01T18:14:05.174+0200] {dag.py:3722} INFO - Setting next_dagrun for example_sensor_decorator to None, run_after=None
[2025-06-01T18:14:05.190+0200] {processor.py:179} INFO - Processing /home/lohit/miniconda3/envs/airflow-env/lib/python3.8/site-packages/airflow/example_dags/example_sensor_decorator.py took 0.043 seconds
[2025-06-01T18:14:48.261+0200] {processor.py:157} INFO - Started process (PID=29110) to work on /home/lohit/miniconda3/envs/airflow-env/lib/python3.8/site-packages/airflow/example_dags/example_sensor_decorator.py
[2025-06-01T18:14:48.264+0200] {processor.py:829} INFO - Processing file /home/lohit/miniconda3/envs/airflow-env/lib/python3.8/site-packages/airflow/example_dags/example_sensor_decorator.py for tasks to queue
[2025-06-01T18:14:48.264+0200] {logging_mixin.py:154} INFO - [2025-06-01T18:14:48.264+0200] {dagbag.py:536} INFO - Filling up the DagBag from /home/lohit/miniconda3/envs/airflow-env/lib/python3.8/site-packages/airflow/example_dags/example_sensor_decorator.py
[2025-06-01T18:14:48.269+0200] {processor.py:839} INFO - DAG(s) dict_keys(['example_sensor_decorator']) retrieved from /home/lohit/miniconda3/envs/airflow-env/lib/python3.8/site-packages/airflow/example_dags/example_sensor_decorator.py
[2025-06-01T18:14:48.280+0200] {logging_mixin.py:154} INFO - [2025-06-01T18:14:48.280+0200] {dag.py:2941} INFO - Sync 1 DAGs
[2025-06-01T18:14:48.289+0200] {logging_mixin.py:154} INFO - [2025-06-01T18:14:48.288+0200] {dag.py:3722} INFO - Setting next_dagrun for example_sensor_decorator to None, run_after=None
[2025-06-01T18:14:48.310+0200] {processor.py:179} INFO - Processing /home/lohit/miniconda3/envs/airflow-env/lib/python3.8/site-packages/airflow/example_dags/example_sensor_decorator.py took 0.053 seconds
[2025-06-01T18:15:37.779+0200] {processor.py:157} INFO - Started process (PID=29182) to work on /home/lohit/miniconda3/envs/airflow-env/lib/python3.8/site-packages/airflow/example_dags/example_sensor_decorator.py
[2025-06-01T18:15:37.782+0200] {processor.py:829} INFO - Processing file /home/lohit/miniconda3/envs/airflow-env/lib/python3.8/site-packages/airflow/example_dags/example_sensor_decorator.py for tasks to queue
[2025-06-01T18:15:37.783+0200] {logging_mixin.py:154} INFO - [2025-06-01T18:15:37.782+0200] {dagbag.py:536} INFO - Filling up the DagBag from /home/lohit/miniconda3/envs/airflow-env/lib/python3.8/site-packages/airflow/example_dags/example_sensor_decorator.py
[2025-06-01T18:15:37.787+0200] {processor.py:839} INFO - DAG(s) dict_keys(['example_sensor_decorator']) retrieved from /home/lohit/miniconda3/envs/airflow-env/lib/python3.8/site-packages/airflow/example_dags/example_sensor_decorator.py
[2025-06-01T18:15:37.798+0200] {logging_mixin.py:154} INFO - [2025-06-01T18:15:37.797+0200] {dag.py:2941} INFO - Sync 1 DAGs
[2025-06-01T18:15:37.805+0200] {logging_mixin.py:154} INFO - [2025-06-01T18:15:37.805+0200] {dag.py:3722} INFO - Setting next_dagrun for example_sensor_decorator to None, run_after=None
[2025-06-01T18:15:37.823+0200] {processor.py:179} INFO - Processing /home/lohit/miniconda3/envs/airflow-env/lib/python3.8/site-packages/airflow/example_dags/example_sensor_decorator.py took 0.046 seconds
[2025-06-01T18:16:27.186+0200] {processor.py:157} INFO - Started process (PID=29254) to work on /home/lohit/miniconda3/envs/airflow-env/lib/python3.8/site-packages/airflow/example_dags/example_sensor_decorator.py
[2025-06-01T18:16:27.189+0200] {processor.py:829} INFO - Processing file /home/lohit/miniconda3/envs/airflow-env/lib/python3.8/site-packages/airflow/example_dags/example_sensor_decorator.py for tasks to queue
[2025-06-01T18:16:27.190+0200] {logging_mixin.py:154} INFO - [2025-06-01T18:16:27.190+0200] {dagbag.py:536} INFO - Filling up the DagBag from /home/lohit/miniconda3/envs/airflow-env/lib/python3.8/site-packages/airflow/example_dags/example_sensor_decorator.py
[2025-06-01T18:16:27.194+0200] {processor.py:839} INFO - DAG(s) dict_keys(['example_sensor_decorator']) retrieved from /home/lohit/miniconda3/envs/airflow-env/lib/python3.8/site-packages/airflow/example_dags/example_sensor_decorator.py
[2025-06-01T18:16:27.203+0200] {logging_mixin.py:154} INFO - [2025-06-01T18:16:27.203+0200] {dag.py:2941} INFO - Sync 1 DAGs
[2025-06-01T18:16:27.209+0200] {logging_mixin.py:154} INFO - [2025-06-01T18:16:27.209+0200] {dag.py:3722} INFO - Setting next_dagrun for example_sensor_decorator to None, run_after=None
[2025-06-01T18:16:27.224+0200] {processor.py:179} INFO - Processing /home/lohit/miniconda3/envs/airflow-env/lib/python3.8/site-packages/airflow/example_dags/example_sensor_decorator.py took 0.040 seconds
[2025-06-01T18:17:15.096+0200] {processor.py:157} INFO - Started process (PID=29327) to work on /home/lohit/miniconda3/envs/airflow-env/lib/python3.8/site-packages/airflow/example_dags/example_sensor_decorator.py
[2025-06-01T18:17:15.099+0200] {processor.py:829} INFO - Processing file /home/lohit/miniconda3/envs/airflow-env/lib/python3.8/site-packages/airflow/example_dags/example_sensor_decorator.py for tasks to queue
[2025-06-01T18:17:15.100+0200] {logging_mixin.py:154} INFO - [2025-06-01T18:17:15.100+0200] {dagbag.py:536} INFO - Filling up the DagBag from /home/lohit/miniconda3/envs/airflow-env/lib/python3.8/site-packages/airflow/example_dags/example_sensor_decorator.py
[2025-06-01T18:17:15.105+0200] {processor.py:839} INFO - DAG(s) dict_keys(['example_sensor_decorator']) retrieved from /home/lohit/miniconda3/envs/airflow-env/lib/python3.8/site-packages/airflow/example_dags/example_sensor_decorator.py
[2025-06-01T18:17:15.116+0200] {logging_mixin.py:154} INFO - [2025-06-01T18:17:15.116+0200] {dag.py:2941} INFO - Sync 1 DAGs
[2025-06-01T18:17:15.123+0200] {logging_mixin.py:154} INFO - [2025-06-01T18:17:15.123+0200] {dag.py:3722} INFO - Setting next_dagrun for example_sensor_decorator to None, run_after=None
[2025-06-01T18:17:15.140+0200] {processor.py:179} INFO - Processing /home/lohit/miniconda3/envs/airflow-env/lib/python3.8/site-packages/airflow/example_dags/example_sensor_decorator.py took 0.046 seconds
[2025-06-01T18:17:58.451+0200] {processor.py:157} INFO - Started process (PID=29395) to work on /home/lohit/miniconda3/envs/airflow-env/lib/python3.8/site-packages/airflow/example_dags/example_sensor_decorator.py
[2025-06-01T18:17:58.455+0200] {processor.py:829} INFO - Processing file /home/lohit/miniconda3/envs/airflow-env/lib/python3.8/site-packages/airflow/example_dags/example_sensor_decorator.py for tasks to queue
[2025-06-01T18:17:58.455+0200] {logging_mixin.py:154} INFO - [2025-06-01T18:17:58.455+0200] {dagbag.py:536} INFO - Filling up the DagBag from /home/lohit/miniconda3/envs/airflow-env/lib/python3.8/site-packages/airflow/example_dags/example_sensor_decorator.py
[2025-06-01T18:17:58.461+0200] {processor.py:839} INFO - DAG(s) dict_keys(['example_sensor_decorator']) retrieved from /home/lohit/miniconda3/envs/airflow-env/lib/python3.8/site-packages/airflow/example_dags/example_sensor_decorator.py
[2025-06-01T18:17:58.471+0200] {logging_mixin.py:154} INFO - [2025-06-01T18:17:58.471+0200] {dag.py:2941} INFO - Sync 1 DAGs
[2025-06-01T18:17:58.478+0200] {logging_mixin.py:154} INFO - [2025-06-01T18:17:58.478+0200] {dag.py:3722} INFO - Setting next_dagrun for example_sensor_decorator to None, run_after=None
[2025-06-01T18:17:58.495+0200] {processor.py:179} INFO - Processing /home/lohit/miniconda3/envs/airflow-env/lib/python3.8/site-packages/airflow/example_dags/example_sensor_decorator.py took 0.046 seconds
[2025-06-01T18:18:46.018+0200] {processor.py:157} INFO - Started process (PID=29465) to work on /home/lohit/miniconda3/envs/airflow-env/lib/python3.8/site-packages/airflow/example_dags/example_sensor_decorator.py
[2025-06-01T18:18:46.020+0200] {processor.py:829} INFO - Processing file /home/lohit/miniconda3/envs/airflow-env/lib/python3.8/site-packages/airflow/example_dags/example_sensor_decorator.py for tasks to queue
[2025-06-01T18:18:46.020+0200] {logging_mixin.py:154} INFO - [2025-06-01T18:18:46.020+0200] {dagbag.py:536} INFO - Filling up the DagBag from /home/lohit/miniconda3/envs/airflow-env/lib/python3.8/site-packages/airflow/example_dags/example_sensor_decorator.py
[2025-06-01T18:18:46.025+0200] {processor.py:839} INFO - DAG(s) dict_keys(['example_sensor_decorator']) retrieved from /home/lohit/miniconda3/envs/airflow-env/lib/python3.8/site-packages/airflow/example_dags/example_sensor_decorator.py
[2025-06-01T18:18:46.035+0200] {logging_mixin.py:154} INFO - [2025-06-01T18:18:46.035+0200] {dag.py:2941} INFO - Sync 1 DAGs
[2025-06-01T18:18:46.043+0200] {logging_mixin.py:154} INFO - [2025-06-01T18:18:46.043+0200] {dag.py:3722} INFO - Setting next_dagrun for example_sensor_decorator to None, run_after=None
[2025-06-01T18:18:46.061+0200] {processor.py:179} INFO - Processing /home/lohit/miniconda3/envs/airflow-env/lib/python3.8/site-packages/airflow/example_dags/example_sensor_decorator.py took 0.044 seconds
[2025-06-01T18:19:35.090+0200] {processor.py:157} INFO - Started process (PID=29536) to work on /home/lohit/miniconda3/envs/airflow-env/lib/python3.8/site-packages/airflow/example_dags/example_sensor_decorator.py
[2025-06-01T18:19:35.093+0200] {processor.py:829} INFO - Processing file /home/lohit/miniconda3/envs/airflow-env/lib/python3.8/site-packages/airflow/example_dags/example_sensor_decorator.py for tasks to queue
[2025-06-01T18:19:35.094+0200] {logging_mixin.py:154} INFO - [2025-06-01T18:19:35.094+0200] {dagbag.py:536} INFO - Filling up the DagBag from /home/lohit/miniconda3/envs/airflow-env/lib/python3.8/site-packages/airflow/example_dags/example_sensor_decorator.py
[2025-06-01T18:19:35.098+0200] {processor.py:839} INFO - DAG(s) dict_keys(['example_sensor_decorator']) retrieved from /home/lohit/miniconda3/envs/airflow-env/lib/python3.8/site-packages/airflow/example_dags/example_sensor_decorator.py
[2025-06-01T18:19:35.109+0200] {logging_mixin.py:154} INFO - [2025-06-01T18:19:35.109+0200] {dag.py:2941} INFO - Sync 1 DAGs
[2025-06-01T18:19:35.116+0200] {logging_mixin.py:154} INFO - [2025-06-01T18:19:35.116+0200] {dag.py:3722} INFO - Setting next_dagrun for example_sensor_decorator to None, run_after=None
[2025-06-01T18:19:35.133+0200] {processor.py:179} INFO - Processing /home/lohit/miniconda3/envs/airflow-env/lib/python3.8/site-packages/airflow/example_dags/example_sensor_decorator.py took 0.045 seconds
[2025-06-01T18:20:21.424+0200] {processor.py:157} INFO - Started process (PID=29605) to work on /home/lohit/miniconda3/envs/airflow-env/lib/python3.8/site-packages/airflow/example_dags/example_sensor_decorator.py
[2025-06-01T18:20:21.425+0200] {processor.py:829} INFO - Processing file /home/lohit/miniconda3/envs/airflow-env/lib/python3.8/site-packages/airflow/example_dags/example_sensor_decorator.py for tasks to queue
[2025-06-01T18:20:21.426+0200] {logging_mixin.py:154} INFO - [2025-06-01T18:20:21.425+0200] {dagbag.py:536} INFO - Filling up the DagBag from /home/lohit/miniconda3/envs/airflow-env/lib/python3.8/site-packages/airflow/example_dags/example_sensor_decorator.py
[2025-06-01T18:20:21.430+0200] {processor.py:839} INFO - DAG(s) dict_keys(['example_sensor_decorator']) retrieved from /home/lohit/miniconda3/envs/airflow-env/lib/python3.8/site-packages/airflow/example_dags/example_sensor_decorator.py
[2025-06-01T18:20:21.441+0200] {logging_mixin.py:154} INFO - [2025-06-01T18:20:21.441+0200] {dag.py:2941} INFO - Sync 1 DAGs
[2025-06-01T18:20:21.450+0200] {logging_mixin.py:154} INFO - [2025-06-01T18:20:21.450+0200] {dag.py:3722} INFO - Setting next_dagrun for example_sensor_decorator to None, run_after=None
[2025-06-01T18:20:21.467+0200] {processor.py:179} INFO - Processing /home/lohit/miniconda3/envs/airflow-env/lib/python3.8/site-packages/airflow/example_dags/example_sensor_decorator.py took 0.045 seconds
[2025-06-01T18:21:10.121+0200] {processor.py:157} INFO - Started process (PID=29677) to work on /home/lohit/miniconda3/envs/airflow-env/lib/python3.8/site-packages/airflow/example_dags/example_sensor_decorator.py
[2025-06-01T18:21:10.124+0200] {processor.py:829} INFO - Processing file /home/lohit/miniconda3/envs/airflow-env/lib/python3.8/site-packages/airflow/example_dags/example_sensor_decorator.py for tasks to queue
[2025-06-01T18:21:10.125+0200] {logging_mixin.py:154} INFO - [2025-06-01T18:21:10.125+0200] {dagbag.py:536} INFO - Filling up the DagBag from /home/lohit/miniconda3/envs/airflow-env/lib/python3.8/site-packages/airflow/example_dags/example_sensor_decorator.py
[2025-06-01T18:21:10.128+0200] {processor.py:839} INFO - DAG(s) dict_keys(['example_sensor_decorator']) retrieved from /home/lohit/miniconda3/envs/airflow-env/lib/python3.8/site-packages/airflow/example_dags/example_sensor_decorator.py
[2025-06-01T18:21:10.138+0200] {logging_mixin.py:154} INFO - [2025-06-01T18:21:10.138+0200] {dag.py:2941} INFO - Sync 1 DAGs
[2025-06-01T18:21:10.144+0200] {logging_mixin.py:154} INFO - [2025-06-01T18:21:10.144+0200] {dag.py:3722} INFO - Setting next_dagrun for example_sensor_decorator to None, run_after=None
[2025-06-01T18:21:10.159+0200] {processor.py:179} INFO - Processing /home/lohit/miniconda3/envs/airflow-env/lib/python3.8/site-packages/airflow/example_dags/example_sensor_decorator.py took 0.040 seconds
[2025-06-01T18:21:57.915+0200] {processor.py:157} INFO - Started process (PID=29747) to work on /home/lohit/miniconda3/envs/airflow-env/lib/python3.8/site-packages/airflow/example_dags/example_sensor_decorator.py
[2025-06-01T18:21:57.917+0200] {processor.py:829} INFO - Processing file /home/lohit/miniconda3/envs/airflow-env/lib/python3.8/site-packages/airflow/example_dags/example_sensor_decorator.py for tasks to queue
[2025-06-01T18:21:57.917+0200] {logging_mixin.py:154} INFO - [2025-06-01T18:21:57.917+0200] {dagbag.py:536} INFO - Filling up the DagBag from /home/lohit/miniconda3/envs/airflow-env/lib/python3.8/site-packages/airflow/example_dags/example_sensor_decorator.py
[2025-06-01T18:21:57.923+0200] {processor.py:839} INFO - DAG(s) dict_keys(['example_sensor_decorator']) retrieved from /home/lohit/miniconda3/envs/airflow-env/lib/python3.8/site-packages/airflow/example_dags/example_sensor_decorator.py
[2025-06-01T18:21:57.934+0200] {logging_mixin.py:154} INFO - [2025-06-01T18:21:57.934+0200] {dag.py:2941} INFO - Sync 1 DAGs
[2025-06-01T18:21:57.943+0200] {logging_mixin.py:154} INFO - [2025-06-01T18:21:57.942+0200] {dag.py:3722} INFO - Setting next_dagrun for example_sensor_decorator to None, run_after=None
[2025-06-01T18:21:57.959+0200] {processor.py:179} INFO - Processing /home/lohit/miniconda3/envs/airflow-env/lib/python3.8/site-packages/airflow/example_dags/example_sensor_decorator.py took 0.047 seconds
[2025-06-01T18:22:44.177+0200] {processor.py:157} INFO - Started process (PID=29816) to work on /home/lohit/miniconda3/envs/airflow-env/lib/python3.8/site-packages/airflow/example_dags/example_sensor_decorator.py
[2025-06-01T18:22:44.180+0200] {processor.py:829} INFO - Processing file /home/lohit/miniconda3/envs/airflow-env/lib/python3.8/site-packages/airflow/example_dags/example_sensor_decorator.py for tasks to queue
[2025-06-01T18:22:44.181+0200] {logging_mixin.py:154} INFO - [2025-06-01T18:22:44.180+0200] {dagbag.py:536} INFO - Filling up the DagBag from /home/lohit/miniconda3/envs/airflow-env/lib/python3.8/site-packages/airflow/example_dags/example_sensor_decorator.py
[2025-06-01T18:22:44.185+0200] {processor.py:839} INFO - DAG(s) dict_keys(['example_sensor_decorator']) retrieved from /home/lohit/miniconda3/envs/airflow-env/lib/python3.8/site-packages/airflow/example_dags/example_sensor_decorator.py
[2025-06-01T18:22:44.194+0200] {logging_mixin.py:154} INFO - [2025-06-01T18:22:44.194+0200] {dag.py:2941} INFO - Sync 1 DAGs
[2025-06-01T18:22:44.201+0200] {logging_mixin.py:154} INFO - [2025-06-01T18:22:44.200+0200] {dag.py:3722} INFO - Setting next_dagrun for example_sensor_decorator to None, run_after=None
[2025-06-01T18:22:44.215+0200] {processor.py:179} INFO - Processing /home/lohit/miniconda3/envs/airflow-env/lib/python3.8/site-packages/airflow/example_dags/example_sensor_decorator.py took 0.041 seconds
[2025-06-01T18:23:32.994+0200] {processor.py:157} INFO - Started process (PID=29887) to work on /home/lohit/miniconda3/envs/airflow-env/lib/python3.8/site-packages/airflow/example_dags/example_sensor_decorator.py
[2025-06-01T18:23:32.998+0200] {processor.py:829} INFO - Processing file /home/lohit/miniconda3/envs/airflow-env/lib/python3.8/site-packages/airflow/example_dags/example_sensor_decorator.py for tasks to queue
[2025-06-01T18:23:32.998+0200] {logging_mixin.py:154} INFO - [2025-06-01T18:23:32.998+0200] {dagbag.py:536} INFO - Filling up the DagBag from /home/lohit/miniconda3/envs/airflow-env/lib/python3.8/site-packages/airflow/example_dags/example_sensor_decorator.py
[2025-06-01T18:23:33.002+0200] {processor.py:839} INFO - DAG(s) dict_keys(['example_sensor_decorator']) retrieved from /home/lohit/miniconda3/envs/airflow-env/lib/python3.8/site-packages/airflow/example_dags/example_sensor_decorator.py
[2025-06-01T18:23:33.011+0200] {logging_mixin.py:154} INFO - [2025-06-01T18:23:33.011+0200] {dag.py:2941} INFO - Sync 1 DAGs
[2025-06-01T18:23:33.017+0200] {logging_mixin.py:154} INFO - [2025-06-01T18:23:33.017+0200] {dag.py:3722} INFO - Setting next_dagrun for example_sensor_decorator to None, run_after=None
[2025-06-01T18:23:33.033+0200] {processor.py:179} INFO - Processing /home/lohit/miniconda3/envs/airflow-env/lib/python3.8/site-packages/airflow/example_dags/example_sensor_decorator.py took 0.041 seconds
[2025-06-01T18:24:16.908+0200] {processor.py:157} INFO - Started process (PID=29955) to work on /home/lohit/miniconda3/envs/airflow-env/lib/python3.8/site-packages/airflow/example_dags/example_sensor_decorator.py
[2025-06-01T18:24:16.910+0200] {processor.py:829} INFO - Processing file /home/lohit/miniconda3/envs/airflow-env/lib/python3.8/site-packages/airflow/example_dags/example_sensor_decorator.py for tasks to queue
[2025-06-01T18:24:16.911+0200] {logging_mixin.py:154} INFO - [2025-06-01T18:24:16.910+0200] {dagbag.py:536} INFO - Filling up the DagBag from /home/lohit/miniconda3/envs/airflow-env/lib/python3.8/site-packages/airflow/example_dags/example_sensor_decorator.py
[2025-06-01T18:24:16.915+0200] {processor.py:839} INFO - DAG(s) dict_keys(['example_sensor_decorator']) retrieved from /home/lohit/miniconda3/envs/airflow-env/lib/python3.8/site-packages/airflow/example_dags/example_sensor_decorator.py
[2025-06-01T18:24:16.925+0200] {logging_mixin.py:154} INFO - [2025-06-01T18:24:16.925+0200] {dag.py:2941} INFO - Sync 1 DAGs
[2025-06-01T18:24:16.932+0200] {logging_mixin.py:154} INFO - [2025-06-01T18:24:16.932+0200] {dag.py:3722} INFO - Setting next_dagrun for example_sensor_decorator to None, run_after=None
[2025-06-01T18:24:16.947+0200] {processor.py:179} INFO - Processing /home/lohit/miniconda3/envs/airflow-env/lib/python3.8/site-packages/airflow/example_dags/example_sensor_decorator.py took 0.041 seconds
[2025-06-01T18:24:51.134+0200] {processor.py:157} INFO - Started process (PID=30010) to work on /home/lohit/miniconda3/envs/airflow-env/lib/python3.8/site-packages/airflow/example_dags/example_sensor_decorator.py
[2025-06-01T18:24:51.137+0200] {processor.py:829} INFO - Processing file /home/lohit/miniconda3/envs/airflow-env/lib/python3.8/site-packages/airflow/example_dags/example_sensor_decorator.py for tasks to queue
[2025-06-01T18:24:51.138+0200] {logging_mixin.py:154} INFO - [2025-06-01T18:24:51.138+0200] {dagbag.py:536} INFO - Filling up the DagBag from /home/lohit/miniconda3/envs/airflow-env/lib/python3.8/site-packages/airflow/example_dags/example_sensor_decorator.py
[2025-06-01T18:24:51.142+0200] {processor.py:839} INFO - DAG(s) dict_keys(['example_sensor_decorator']) retrieved from /home/lohit/miniconda3/envs/airflow-env/lib/python3.8/site-packages/airflow/example_dags/example_sensor_decorator.py
[2025-06-01T18:24:51.154+0200] {logging_mixin.py:154} INFO - [2025-06-01T18:24:51.154+0200] {dag.py:2941} INFO - Sync 1 DAGs
[2025-06-01T18:24:51.161+0200] {logging_mixin.py:154} INFO - [2025-06-01T18:24:51.161+0200] {dag.py:3722} INFO - Setting next_dagrun for example_sensor_decorator to None, run_after=None
[2025-06-01T18:24:51.181+0200] {processor.py:179} INFO - Processing /home/lohit/miniconda3/envs/airflow-env/lib/python3.8/site-packages/airflow/example_dags/example_sensor_decorator.py took 0.049 seconds
[2025-06-01T18:25:39.358+0200] {processor.py:157} INFO - Started process (PID=30081) to work on /home/lohit/miniconda3/envs/airflow-env/lib/python3.8/site-packages/airflow/example_dags/example_sensor_decorator.py
[2025-06-01T18:25:39.362+0200] {processor.py:829} INFO - Processing file /home/lohit/miniconda3/envs/airflow-env/lib/python3.8/site-packages/airflow/example_dags/example_sensor_decorator.py for tasks to queue
[2025-06-01T18:25:39.362+0200] {logging_mixin.py:154} INFO - [2025-06-01T18:25:39.362+0200] {dagbag.py:536} INFO - Filling up the DagBag from /home/lohit/miniconda3/envs/airflow-env/lib/python3.8/site-packages/airflow/example_dags/example_sensor_decorator.py
[2025-06-01T18:25:39.368+0200] {processor.py:839} INFO - DAG(s) dict_keys(['example_sensor_decorator']) retrieved from /home/lohit/miniconda3/envs/airflow-env/lib/python3.8/site-packages/airflow/example_dags/example_sensor_decorator.py
[2025-06-01T18:25:39.378+0200] {logging_mixin.py:154} INFO - [2025-06-01T18:25:39.378+0200] {dag.py:2941} INFO - Sync 1 DAGs
[2025-06-01T18:25:39.385+0200] {logging_mixin.py:154} INFO - [2025-06-01T18:25:39.385+0200] {dag.py:3722} INFO - Setting next_dagrun for example_sensor_decorator to None, run_after=None
[2025-06-01T18:25:39.402+0200] {processor.py:179} INFO - Processing /home/lohit/miniconda3/envs/airflow-env/lib/python3.8/site-packages/airflow/example_dags/example_sensor_decorator.py took 0.046 seconds
[2025-06-01T18:26:23.619+0200] {processor.py:157} INFO - Started process (PID=30150) to work on /home/lohit/miniconda3/envs/airflow-env/lib/python3.8/site-packages/airflow/example_dags/example_sensor_decorator.py
[2025-06-01T18:26:23.622+0200] {processor.py:829} INFO - Processing file /home/lohit/miniconda3/envs/airflow-env/lib/python3.8/site-packages/airflow/example_dags/example_sensor_decorator.py for tasks to queue
[2025-06-01T18:26:23.623+0200] {logging_mixin.py:154} INFO - [2025-06-01T18:26:23.622+0200] {dagbag.py:536} INFO - Filling up the DagBag from /home/lohit/miniconda3/envs/airflow-env/lib/python3.8/site-packages/airflow/example_dags/example_sensor_decorator.py
[2025-06-01T18:26:23.627+0200] {processor.py:839} INFO - DAG(s) dict_keys(['example_sensor_decorator']) retrieved from /home/lohit/miniconda3/envs/airflow-env/lib/python3.8/site-packages/airflow/example_dags/example_sensor_decorator.py
[2025-06-01T18:26:23.638+0200] {logging_mixin.py:154} INFO - [2025-06-01T18:26:23.637+0200] {dag.py:2941} INFO - Sync 1 DAGs
[2025-06-01T18:26:23.646+0200] {logging_mixin.py:154} INFO - [2025-06-01T18:26:23.645+0200] {dag.py:3722} INFO - Setting next_dagrun for example_sensor_decorator to None, run_after=None
[2025-06-01T18:26:23.667+0200] {processor.py:179} INFO - Processing /home/lohit/miniconda3/envs/airflow-env/lib/python3.8/site-packages/airflow/example_dags/example_sensor_decorator.py took 0.050 seconds
[2025-06-01T18:26:56.697+0200] {processor.py:157} INFO - Started process (PID=30185) to work on /home/lohit/miniconda3/envs/airflow-env/lib/python3.8/site-packages/airflow/example_dags/example_sensor_decorator.py
[2025-06-01T18:26:56.699+0200] {processor.py:829} INFO - Processing file /home/lohit/miniconda3/envs/airflow-env/lib/python3.8/site-packages/airflow/example_dags/example_sensor_decorator.py for tasks to queue
[2025-06-01T18:26:56.699+0200] {logging_mixin.py:154} INFO - [2025-06-01T18:26:56.699+0200] {dagbag.py:536} INFO - Filling up the DagBag from /home/lohit/miniconda3/envs/airflow-env/lib/python3.8/site-packages/airflow/example_dags/example_sensor_decorator.py
[2025-06-01T18:26:56.703+0200] {processor.py:839} INFO - DAG(s) dict_keys(['example_sensor_decorator']) retrieved from /home/lohit/miniconda3/envs/airflow-env/lib/python3.8/site-packages/airflow/example_dags/example_sensor_decorator.py
[2025-06-01T18:26:56.714+0200] {logging_mixin.py:154} INFO - [2025-06-01T18:26:56.714+0200] {dag.py:2941} INFO - Sync 1 DAGs
[2025-06-01T18:26:56.721+0200] {logging_mixin.py:154} INFO - [2025-06-01T18:26:56.721+0200] {dag.py:3722} INFO - Setting next_dagrun for example_sensor_decorator to None, run_after=None
[2025-06-01T18:26:56.736+0200] {processor.py:179} INFO - Processing /home/lohit/miniconda3/envs/airflow-env/lib/python3.8/site-packages/airflow/example_dags/example_sensor_decorator.py took 0.041 seconds
[2025-06-01T18:27:41.480+0200] {processor.py:157} INFO - Started process (PID=30253) to work on /home/lohit/miniconda3/envs/airflow-env/lib/python3.8/site-packages/airflow/example_dags/example_sensor_decorator.py
[2025-06-01T18:27:41.484+0200] {processor.py:829} INFO - Processing file /home/lohit/miniconda3/envs/airflow-env/lib/python3.8/site-packages/airflow/example_dags/example_sensor_decorator.py for tasks to queue
[2025-06-01T18:27:41.484+0200] {logging_mixin.py:154} INFO - [2025-06-01T18:27:41.484+0200] {dagbag.py:536} INFO - Filling up the DagBag from /home/lohit/miniconda3/envs/airflow-env/lib/python3.8/site-packages/airflow/example_dags/example_sensor_decorator.py
[2025-06-01T18:27:41.490+0200] {processor.py:839} INFO - DAG(s) dict_keys(['example_sensor_decorator']) retrieved from /home/lohit/miniconda3/envs/airflow-env/lib/python3.8/site-packages/airflow/example_dags/example_sensor_decorator.py
[2025-06-01T18:27:41.501+0200] {logging_mixin.py:154} INFO - [2025-06-01T18:27:41.501+0200] {dag.py:2941} INFO - Sync 1 DAGs
[2025-06-01T18:27:41.508+0200] {logging_mixin.py:154} INFO - [2025-06-01T18:27:41.508+0200] {dag.py:3722} INFO - Setting next_dagrun for example_sensor_decorator to None, run_after=None
[2025-06-01T18:27:41.527+0200] {processor.py:179} INFO - Processing /home/lohit/miniconda3/envs/airflow-env/lib/python3.8/site-packages/airflow/example_dags/example_sensor_decorator.py took 0.049 seconds
[2025-06-01T18:28:32.516+0200] {processor.py:157} INFO - Started process (PID=30325) to work on /home/lohit/miniconda3/envs/airflow-env/lib/python3.8/site-packages/airflow/example_dags/example_sensor_decorator.py
[2025-06-01T18:28:32.517+0200] {processor.py:829} INFO - Processing file /home/lohit/miniconda3/envs/airflow-env/lib/python3.8/site-packages/airflow/example_dags/example_sensor_decorator.py for tasks to queue
[2025-06-01T18:28:32.518+0200] {logging_mixin.py:154} INFO - [2025-06-01T18:28:32.518+0200] {dagbag.py:536} INFO - Filling up the DagBag from /home/lohit/miniconda3/envs/airflow-env/lib/python3.8/site-packages/airflow/example_dags/example_sensor_decorator.py
[2025-06-01T18:28:32.522+0200] {processor.py:839} INFO - DAG(s) dict_keys(['example_sensor_decorator']) retrieved from /home/lohit/miniconda3/envs/airflow-env/lib/python3.8/site-packages/airflow/example_dags/example_sensor_decorator.py
[2025-06-01T18:28:32.534+0200] {logging_mixin.py:154} INFO - [2025-06-01T18:28:32.534+0200] {dag.py:2941} INFO - Sync 1 DAGs
[2025-06-01T18:28:32.542+0200] {logging_mixin.py:154} INFO - [2025-06-01T18:28:32.542+0200] {dag.py:3722} INFO - Setting next_dagrun for example_sensor_decorator to None, run_after=None
[2025-06-01T18:28:32.561+0200] {processor.py:179} INFO - Processing /home/lohit/miniconda3/envs/airflow-env/lib/python3.8/site-packages/airflow/example_dags/example_sensor_decorator.py took 0.048 seconds
[2025-06-01T18:29:15.309+0200] {processor.py:157} INFO - Started process (PID=30393) to work on /home/lohit/miniconda3/envs/airflow-env/lib/python3.8/site-packages/airflow/example_dags/example_sensor_decorator.py
[2025-06-01T18:29:15.310+0200] {processor.py:829} INFO - Processing file /home/lohit/miniconda3/envs/airflow-env/lib/python3.8/site-packages/airflow/example_dags/example_sensor_decorator.py for tasks to queue
[2025-06-01T18:29:15.311+0200] {logging_mixin.py:154} INFO - [2025-06-01T18:29:15.311+0200] {dagbag.py:536} INFO - Filling up the DagBag from /home/lohit/miniconda3/envs/airflow-env/lib/python3.8/site-packages/airflow/example_dags/example_sensor_decorator.py
[2025-06-01T18:29:15.316+0200] {processor.py:839} INFO - DAG(s) dict_keys(['example_sensor_decorator']) retrieved from /home/lohit/miniconda3/envs/airflow-env/lib/python3.8/site-packages/airflow/example_dags/example_sensor_decorator.py
[2025-06-01T18:29:15.329+0200] {logging_mixin.py:154} INFO - [2025-06-01T18:29:15.328+0200] {dag.py:2941} INFO - Sync 1 DAGs
[2025-06-01T18:29:15.337+0200] {logging_mixin.py:154} INFO - [2025-06-01T18:29:15.337+0200] {dag.py:3722} INFO - Setting next_dagrun for example_sensor_decorator to None, run_after=None
[2025-06-01T18:29:15.354+0200] {processor.py:179} INFO - Processing /home/lohit/miniconda3/envs/airflow-env/lib/python3.8/site-packages/airflow/example_dags/example_sensor_decorator.py took 0.047 seconds
[2025-06-01T18:30:04.875+0200] {processor.py:157} INFO - Started process (PID=30464) to work on /home/lohit/miniconda3/envs/airflow-env/lib/python3.8/site-packages/airflow/example_dags/example_sensor_decorator.py
[2025-06-01T18:30:04.879+0200] {processor.py:829} INFO - Processing file /home/lohit/miniconda3/envs/airflow-env/lib/python3.8/site-packages/airflow/example_dags/example_sensor_decorator.py for tasks to queue
[2025-06-01T18:30:04.879+0200] {logging_mixin.py:154} INFO - [2025-06-01T18:30:04.879+0200] {dagbag.py:536} INFO - Filling up the DagBag from /home/lohit/miniconda3/envs/airflow-env/lib/python3.8/site-packages/airflow/example_dags/example_sensor_decorator.py
[2025-06-01T18:30:04.884+0200] {processor.py:839} INFO - DAG(s) dict_keys(['example_sensor_decorator']) retrieved from /home/lohit/miniconda3/envs/airflow-env/lib/python3.8/site-packages/airflow/example_dags/example_sensor_decorator.py
[2025-06-01T18:30:04.894+0200] {logging_mixin.py:154} INFO - [2025-06-01T18:30:04.894+0200] {dag.py:2941} INFO - Sync 1 DAGs
[2025-06-01T18:30:04.901+0200] {logging_mixin.py:154} INFO - [2025-06-01T18:30:04.901+0200] {dag.py:3722} INFO - Setting next_dagrun for example_sensor_decorator to None, run_after=None
[2025-06-01T18:30:04.918+0200] {processor.py:179} INFO - Processing /home/lohit/miniconda3/envs/airflow-env/lib/python3.8/site-packages/airflow/example_dags/example_sensor_decorator.py took 0.045 seconds
[2025-06-01T18:30:45.989+0200] {processor.py:157} INFO - Started process (PID=30530) to work on /home/lohit/miniconda3/envs/airflow-env/lib/python3.8/site-packages/airflow/example_dags/example_sensor_decorator.py
[2025-06-01T18:30:45.993+0200] {processor.py:829} INFO - Processing file /home/lohit/miniconda3/envs/airflow-env/lib/python3.8/site-packages/airflow/example_dags/example_sensor_decorator.py for tasks to queue
[2025-06-01T18:30:45.994+0200] {logging_mixin.py:154} INFO - [2025-06-01T18:30:45.993+0200] {dagbag.py:536} INFO - Filling up the DagBag from /home/lohit/miniconda3/envs/airflow-env/lib/python3.8/site-packages/airflow/example_dags/example_sensor_decorator.py
[2025-06-01T18:30:45.998+0200] {processor.py:839} INFO - DAG(s) dict_keys(['example_sensor_decorator']) retrieved from /home/lohit/miniconda3/envs/airflow-env/lib/python3.8/site-packages/airflow/example_dags/example_sensor_decorator.py
[2025-06-01T18:30:46.010+0200] {logging_mixin.py:154} INFO - [2025-06-01T18:30:46.010+0200] {dag.py:2941} INFO - Sync 1 DAGs
[2025-06-01T18:30:46.017+0200] {logging_mixin.py:154} INFO - [2025-06-01T18:30:46.017+0200] {dag.py:3722} INFO - Setting next_dagrun for example_sensor_decorator to None, run_after=None
[2025-06-01T18:30:46.034+0200] {processor.py:179} INFO - Processing /home/lohit/miniconda3/envs/airflow-env/lib/python3.8/site-packages/airflow/example_dags/example_sensor_decorator.py took 0.047 seconds
[2025-06-01T18:31:31.509+0200] {processor.py:157} INFO - Started process (PID=30600) to work on /home/lohit/miniconda3/envs/airflow-env/lib/python3.8/site-packages/airflow/example_dags/example_sensor_decorator.py
[2025-06-01T18:31:31.510+0200] {processor.py:829} INFO - Processing file /home/lohit/miniconda3/envs/airflow-env/lib/python3.8/site-packages/airflow/example_dags/example_sensor_decorator.py for tasks to queue
[2025-06-01T18:31:31.511+0200] {logging_mixin.py:154} INFO - [2025-06-01T18:31:31.511+0200] {dagbag.py:536} INFO - Filling up the DagBag from /home/lohit/miniconda3/envs/airflow-env/lib/python3.8/site-packages/airflow/example_dags/example_sensor_decorator.py
[2025-06-01T18:31:31.515+0200] {processor.py:839} INFO - DAG(s) dict_keys(['example_sensor_decorator']) retrieved from /home/lohit/miniconda3/envs/airflow-env/lib/python3.8/site-packages/airflow/example_dags/example_sensor_decorator.py
[2025-06-01T18:31:31.526+0200] {logging_mixin.py:154} INFO - [2025-06-01T18:31:31.526+0200] {dag.py:2941} INFO - Sync 1 DAGs
[2025-06-01T18:31:31.533+0200] {logging_mixin.py:154} INFO - [2025-06-01T18:31:31.533+0200] {dag.py:3722} INFO - Setting next_dagrun for example_sensor_decorator to None, run_after=None
[2025-06-01T18:31:31.550+0200] {processor.py:179} INFO - Processing /home/lohit/miniconda3/envs/airflow-env/lib/python3.8/site-packages/airflow/example_dags/example_sensor_decorator.py took 0.043 seconds
[2025-06-01T18:32:16.311+0200] {processor.py:157} INFO - Started process (PID=30668) to work on /home/lohit/miniconda3/envs/airflow-env/lib/python3.8/site-packages/airflow/example_dags/example_sensor_decorator.py
[2025-06-01T18:32:16.315+0200] {processor.py:829} INFO - Processing file /home/lohit/miniconda3/envs/airflow-env/lib/python3.8/site-packages/airflow/example_dags/example_sensor_decorator.py for tasks to queue
[2025-06-01T18:32:16.315+0200] {logging_mixin.py:154} INFO - [2025-06-01T18:32:16.315+0200] {dagbag.py:536} INFO - Filling up the DagBag from /home/lohit/miniconda3/envs/airflow-env/lib/python3.8/site-packages/airflow/example_dags/example_sensor_decorator.py
[2025-06-01T18:32:16.319+0200] {processor.py:839} INFO - DAG(s) dict_keys(['example_sensor_decorator']) retrieved from /home/lohit/miniconda3/envs/airflow-env/lib/python3.8/site-packages/airflow/example_dags/example_sensor_decorator.py
[2025-06-01T18:32:16.330+0200] {logging_mixin.py:154} INFO - [2025-06-01T18:32:16.330+0200] {dag.py:2941} INFO - Sync 1 DAGs
[2025-06-01T18:32:16.337+0200] {logging_mixin.py:154} INFO - [2025-06-01T18:32:16.337+0200] {dag.py:3722} INFO - Setting next_dagrun for example_sensor_decorator to None, run_after=None
[2025-06-01T18:32:16.354+0200] {processor.py:179} INFO - Processing /home/lohit/miniconda3/envs/airflow-env/lib/python3.8/site-packages/airflow/example_dags/example_sensor_decorator.py took 0.047 seconds
[2025-06-01T18:33:01.522+0200] {processor.py:157} INFO - Started process (PID=30737) to work on /home/lohit/miniconda3/envs/airflow-env/lib/python3.8/site-packages/airflow/example_dags/example_sensor_decorator.py
[2025-06-01T18:33:01.525+0200] {processor.py:829} INFO - Processing file /home/lohit/miniconda3/envs/airflow-env/lib/python3.8/site-packages/airflow/example_dags/example_sensor_decorator.py for tasks to queue
[2025-06-01T18:33:01.526+0200] {logging_mixin.py:154} INFO - [2025-06-01T18:33:01.525+0200] {dagbag.py:536} INFO - Filling up the DagBag from /home/lohit/miniconda3/envs/airflow-env/lib/python3.8/site-packages/airflow/example_dags/example_sensor_decorator.py
[2025-06-01T18:33:01.530+0200] {processor.py:839} INFO - DAG(s) dict_keys(['example_sensor_decorator']) retrieved from /home/lohit/miniconda3/envs/airflow-env/lib/python3.8/site-packages/airflow/example_dags/example_sensor_decorator.py
[2025-06-01T18:33:01.541+0200] {logging_mixin.py:154} INFO - [2025-06-01T18:33:01.541+0200] {dag.py:2941} INFO - Sync 1 DAGs
[2025-06-01T18:33:01.548+0200] {logging_mixin.py:154} INFO - [2025-06-01T18:33:01.548+0200] {dag.py:3722} INFO - Setting next_dagrun for example_sensor_decorator to None, run_after=None
[2025-06-01T18:33:01.564+0200] {processor.py:179} INFO - Processing /home/lohit/miniconda3/envs/airflow-env/lib/python3.8/site-packages/airflow/example_dags/example_sensor_decorator.py took 0.044 seconds
[2025-06-01T18:33:47.429+0200] {processor.py:157} INFO - Started process (PID=30804) to work on /home/lohit/miniconda3/envs/airflow-env/lib/python3.8/site-packages/airflow/example_dags/example_sensor_decorator.py
[2025-06-01T18:33:47.431+0200] {processor.py:829} INFO - Processing file /home/lohit/miniconda3/envs/airflow-env/lib/python3.8/site-packages/airflow/example_dags/example_sensor_decorator.py for tasks to queue
[2025-06-01T18:33:47.432+0200] {logging_mixin.py:154} INFO - [2025-06-01T18:33:47.432+0200] {dagbag.py:536} INFO - Filling up the DagBag from /home/lohit/miniconda3/envs/airflow-env/lib/python3.8/site-packages/airflow/example_dags/example_sensor_decorator.py
[2025-06-01T18:33:47.436+0200] {processor.py:839} INFO - DAG(s) dict_keys(['example_sensor_decorator']) retrieved from /home/lohit/miniconda3/envs/airflow-env/lib/python3.8/site-packages/airflow/example_dags/example_sensor_decorator.py
[2025-06-01T18:33:47.446+0200] {logging_mixin.py:154} INFO - [2025-06-01T18:33:47.446+0200] {dag.py:2941} INFO - Sync 1 DAGs
[2025-06-01T18:33:47.453+0200] {logging_mixin.py:154} INFO - [2025-06-01T18:33:47.453+0200] {dag.py:3722} INFO - Setting next_dagrun for example_sensor_decorator to None, run_after=None
[2025-06-01T18:33:47.469+0200] {processor.py:179} INFO - Processing /home/lohit/miniconda3/envs/airflow-env/lib/python3.8/site-packages/airflow/example_dags/example_sensor_decorator.py took 0.043 seconds
[2025-06-01T18:34:22.125+0200] {processor.py:157} INFO - Started process (PID=30860) to work on /home/lohit/miniconda3/envs/airflow-env/lib/python3.8/site-packages/airflow/example_dags/example_sensor_decorator.py
[2025-06-01T18:34:22.128+0200] {processor.py:829} INFO - Processing file /home/lohit/miniconda3/envs/airflow-env/lib/python3.8/site-packages/airflow/example_dags/example_sensor_decorator.py for tasks to queue
[2025-06-01T18:34:22.129+0200] {logging_mixin.py:154} INFO - [2025-06-01T18:34:22.129+0200] {dagbag.py:536} INFO - Filling up the DagBag from /home/lohit/miniconda3/envs/airflow-env/lib/python3.8/site-packages/airflow/example_dags/example_sensor_decorator.py
[2025-06-01T18:34:22.133+0200] {processor.py:839} INFO - DAG(s) dict_keys(['example_sensor_decorator']) retrieved from /home/lohit/miniconda3/envs/airflow-env/lib/python3.8/site-packages/airflow/example_dags/example_sensor_decorator.py
[2025-06-01T18:34:22.144+0200] {logging_mixin.py:154} INFO - [2025-06-01T18:34:22.144+0200] {dag.py:2941} INFO - Sync 1 DAGs
[2025-06-01T18:34:22.152+0200] {logging_mixin.py:154} INFO - [2025-06-01T18:34:22.152+0200] {dag.py:3722} INFO - Setting next_dagrun for example_sensor_decorator to None, run_after=None
[2025-06-01T18:34:22.169+0200] {processor.py:179} INFO - Processing /home/lohit/miniconda3/envs/airflow-env/lib/python3.8/site-packages/airflow/example_dags/example_sensor_decorator.py took 0.047 seconds
[2025-06-01T18:35:06.113+0200] {processor.py:157} INFO - Started process (PID=31644) to work on /home/lohit/miniconda3/envs/airflow-env/lib/python3.8/site-packages/airflow/example_dags/example_sensor_decorator.py
[2025-06-01T18:35:06.116+0200] {processor.py:829} INFO - Processing file /home/lohit/miniconda3/envs/airflow-env/lib/python3.8/site-packages/airflow/example_dags/example_sensor_decorator.py for tasks to queue
[2025-06-01T18:35:06.117+0200] {logging_mixin.py:154} INFO - [2025-06-01T18:35:06.116+0200] {dagbag.py:536} INFO - Filling up the DagBag from /home/lohit/miniconda3/envs/airflow-env/lib/python3.8/site-packages/airflow/example_dags/example_sensor_decorator.py
[2025-06-01T18:35:06.121+0200] {processor.py:839} INFO - DAG(s) dict_keys(['example_sensor_decorator']) retrieved from /home/lohit/miniconda3/envs/airflow-env/lib/python3.8/site-packages/airflow/example_dags/example_sensor_decorator.py
[2025-06-01T18:35:06.133+0200] {logging_mixin.py:154} INFO - [2025-06-01T18:35:06.133+0200] {dag.py:2941} INFO - Sync 1 DAGs
[2025-06-01T18:35:06.141+0200] {logging_mixin.py:154} INFO - [2025-06-01T18:35:06.141+0200] {dag.py:3722} INFO - Setting next_dagrun for example_sensor_decorator to None, run_after=None
[2025-06-01T18:35:06.157+0200] {processor.py:179} INFO - Processing /home/lohit/miniconda3/envs/airflow-env/lib/python3.8/site-packages/airflow/example_dags/example_sensor_decorator.py took 0.047 seconds
[2025-06-01T18:35:40.281+0200] {processor.py:157} INFO - Started process (PID=31678) to work on /home/lohit/miniconda3/envs/airflow-env/lib/python3.8/site-packages/airflow/example_dags/example_sensor_decorator.py
[2025-06-01T18:35:40.282+0200] {processor.py:829} INFO - Processing file /home/lohit/miniconda3/envs/airflow-env/lib/python3.8/site-packages/airflow/example_dags/example_sensor_decorator.py for tasks to queue
[2025-06-01T18:35:40.283+0200] {logging_mixin.py:154} INFO - [2025-06-01T18:35:40.282+0200] {dagbag.py:536} INFO - Filling up the DagBag from /home/lohit/miniconda3/envs/airflow-env/lib/python3.8/site-packages/airflow/example_dags/example_sensor_decorator.py
[2025-06-01T18:35:40.288+0200] {processor.py:839} INFO - DAG(s) dict_keys(['example_sensor_decorator']) retrieved from /home/lohit/miniconda3/envs/airflow-env/lib/python3.8/site-packages/airflow/example_dags/example_sensor_decorator.py
[2025-06-01T18:35:40.299+0200] {logging_mixin.py:154} INFO - [2025-06-01T18:35:40.299+0200] {dag.py:2941} INFO - Sync 1 DAGs
[2025-06-01T18:35:40.306+0200] {logging_mixin.py:154} INFO - [2025-06-01T18:35:40.306+0200] {dag.py:3722} INFO - Setting next_dagrun for example_sensor_decorator to None, run_after=None
[2025-06-01T18:35:40.322+0200] {processor.py:179} INFO - Processing /home/lohit/miniconda3/envs/airflow-env/lib/python3.8/site-packages/airflow/example_dags/example_sensor_decorator.py took 0.043 seconds
