[2025-06-01T17:51:53.161+0200] {processor.py:157} INFO - Started process (PID=26824) to work on /home/lohit/miniconda3/envs/airflow-env/lib/python3.8/site-packages/airflow/example_dags/example_short_circuit_operator.py
[2025-06-01T17:51:53.162+0200] {processor.py:829} INFO - Processing file /home/lohit/miniconda3/envs/airflow-env/lib/python3.8/site-packages/airflow/example_dags/example_short_circuit_operator.py for tasks to queue
[2025-06-01T17:51:53.162+0200] {logging_mixin.py:154} INFO - [2025-06-01T17:51:53.162+0200] {dagbag.py:536} INFO - Filling up the DagBag from /home/lohit/miniconda3/envs/airflow-env/lib/python3.8/site-packages/airflow/example_dags/example_short_circuit_operator.py
[2025-06-01T17:51:53.168+0200] {processor.py:839} INFO - DAG(s) dict_keys(['example_short_circuit_operator']) retrieved from /home/lohit/miniconda3/envs/airflow-env/lib/python3.8/site-packages/airflow/example_dags/example_short_circuit_operator.py
[2025-06-01T17:51:53.183+0200] {logging_mixin.py:154} INFO - [2025-06-01T17:51:53.183+0200] {dag.py:2941} INFO - Sync 1 DAGs
[2025-06-01T17:51:53.196+0200] {logging_mixin.py:154} INFO - [2025-06-01T17:51:53.196+0200] {dag.py:3722} INFO - Setting next_dagrun for example_short_circuit_operator to 2025-05-31T15:51:53.196029+00:00, run_after=2025-06-01T15:51:53.196029+00:00
[2025-06-01T17:51:53.214+0200] {processor.py:179} INFO - Processing /home/lohit/miniconda3/envs/airflow-env/lib/python3.8/site-packages/airflow/example_dags/example_short_circuit_operator.py took 0.055 seconds
[2025-06-01T17:53:21.005+0200] {processor.py:157} INFO - Started process (PID=27116) to work on /home/lohit/miniconda3/envs/airflow-env/lib/python3.8/site-packages/airflow/example_dags/example_short_circuit_operator.py
[2025-06-01T17:53:21.009+0200] {processor.py:829} INFO - Processing file /home/lohit/miniconda3/envs/airflow-env/lib/python3.8/site-packages/airflow/example_dags/example_short_circuit_operator.py for tasks to queue
[2025-06-01T17:53:21.009+0200] {logging_mixin.py:154} INFO - [2025-06-01T17:53:21.009+0200] {dagbag.py:536} INFO - Filling up the DagBag from /home/lohit/miniconda3/envs/airflow-env/lib/python3.8/site-packages/airflow/example_dags/example_short_circuit_operator.py
[2025-06-01T17:53:21.016+0200] {processor.py:839} INFO - DAG(s) dict_keys(['example_short_circuit_operator']) retrieved from /home/lohit/miniconda3/envs/airflow-env/lib/python3.8/site-packages/airflow/example_dags/example_short_circuit_operator.py
[2025-06-01T17:53:21.026+0200] {logging_mixin.py:154} INFO - [2025-06-01T17:53:21.026+0200] {dag.py:2941} INFO - Sync 1 DAGs
[2025-06-01T17:53:21.036+0200] {logging_mixin.py:154} INFO - [2025-06-01T17:53:21.036+0200] {dag.py:3722} INFO - Setting next_dagrun for example_short_circuit_operator to 2025-05-31T15:53:21.036533+00:00, run_after=2025-06-01T15:53:21.036533+00:00
[2025-06-01T17:53:21.052+0200] {processor.py:179} INFO - Processing /home/lohit/miniconda3/envs/airflow-env/lib/python3.8/site-packages/airflow/example_dags/example_short_circuit_operator.py took 0.048 seconds
[2025-06-01T17:54:06.219+0200] {processor.py:157} INFO - Started process (PID=27184) to work on /home/lohit/miniconda3/envs/airflow-env/lib/python3.8/site-packages/airflow/example_dags/example_short_circuit_operator.py
[2025-06-01T17:54:06.222+0200] {processor.py:829} INFO - Processing file /home/lohit/miniconda3/envs/airflow-env/lib/python3.8/site-packages/airflow/example_dags/example_short_circuit_operator.py for tasks to queue
[2025-06-01T17:54:06.223+0200] {logging_mixin.py:154} INFO - [2025-06-01T17:54:06.223+0200] {dagbag.py:536} INFO - Filling up the DagBag from /home/lohit/miniconda3/envs/airflow-env/lib/python3.8/site-packages/airflow/example_dags/example_short_circuit_operator.py
[2025-06-01T17:54:06.228+0200] {processor.py:839} INFO - DAG(s) dict_keys(['example_short_circuit_operator']) retrieved from /home/lohit/miniconda3/envs/airflow-env/lib/python3.8/site-packages/airflow/example_dags/example_short_circuit_operator.py
[2025-06-01T17:54:06.238+0200] {logging_mixin.py:154} INFO - [2025-06-01T17:54:06.238+0200] {dag.py:2941} INFO - Sync 1 DAGs
[2025-06-01T17:54:06.248+0200] {logging_mixin.py:154} INFO - [2025-06-01T17:54:06.247+0200] {dag.py:3722} INFO - Setting next_dagrun for example_short_circuit_operator to 2025-05-31T15:54:06.247856+00:00, run_after=2025-06-01T15:54:06.247856+00:00
[2025-06-01T17:54:06.264+0200] {processor.py:179} INFO - Processing /home/lohit/miniconda3/envs/airflow-env/lib/python3.8/site-packages/airflow/example_dags/example_short_circuit_operator.py took 0.046 seconds
[2025-06-01T17:54:49.064+0200] {processor.py:157} INFO - Started process (PID=27250) to work on /home/lohit/miniconda3/envs/airflow-env/lib/python3.8/site-packages/airflow/example_dags/example_short_circuit_operator.py
[2025-06-01T17:54:49.065+0200] {processor.py:829} INFO - Processing file /home/lohit/miniconda3/envs/airflow-env/lib/python3.8/site-packages/airflow/example_dags/example_short_circuit_operator.py for tasks to queue
[2025-06-01T17:54:49.066+0200] {logging_mixin.py:154} INFO - [2025-06-01T17:54:49.066+0200] {dagbag.py:536} INFO - Filling up the DagBag from /home/lohit/miniconda3/envs/airflow-env/lib/python3.8/site-packages/airflow/example_dags/example_short_circuit_operator.py
[2025-06-01T17:54:49.071+0200] {processor.py:839} INFO - DAG(s) dict_keys(['example_short_circuit_operator']) retrieved from /home/lohit/miniconda3/envs/airflow-env/lib/python3.8/site-packages/airflow/example_dags/example_short_circuit_operator.py
[2025-06-01T17:54:49.080+0200] {logging_mixin.py:154} INFO - [2025-06-01T17:54:49.080+0200] {dag.py:2941} INFO - Sync 1 DAGs
[2025-06-01T17:54:49.090+0200] {logging_mixin.py:154} INFO - [2025-06-01T17:54:49.090+0200] {dag.py:3722} INFO - Setting next_dagrun for example_short_circuit_operator to 2025-05-31T15:54:49.090289+00:00, run_after=2025-06-01T15:54:49.090289+00:00
[2025-06-01T17:54:49.112+0200] {processor.py:179} INFO - Processing /home/lohit/miniconda3/envs/airflow-env/lib/python3.8/site-packages/airflow/example_dags/example_short_circuit_operator.py took 0.050 seconds
[2025-06-01T17:55:25.029+0200] {processor.py:157} INFO - Started process (PID=27287) to work on /home/lohit/miniconda3/envs/airflow-env/lib/python3.8/site-packages/airflow/example_dags/example_short_circuit_operator.py
[2025-06-01T17:55:25.033+0200] {processor.py:829} INFO - Processing file /home/lohit/miniconda3/envs/airflow-env/lib/python3.8/site-packages/airflow/example_dags/example_short_circuit_operator.py for tasks to queue
[2025-06-01T17:55:25.034+0200] {logging_mixin.py:154} INFO - [2025-06-01T17:55:25.033+0200] {dagbag.py:536} INFO - Filling up the DagBag from /home/lohit/miniconda3/envs/airflow-env/lib/python3.8/site-packages/airflow/example_dags/example_short_circuit_operator.py
[2025-06-01T17:55:25.039+0200] {processor.py:839} INFO - DAG(s) dict_keys(['example_short_circuit_operator']) retrieved from /home/lohit/miniconda3/envs/airflow-env/lib/python3.8/site-packages/airflow/example_dags/example_short_circuit_operator.py
[2025-06-01T17:55:25.050+0200] {logging_mixin.py:154} INFO - [2025-06-01T17:55:25.050+0200] {dag.py:2941} INFO - Sync 1 DAGs
[2025-06-01T17:55:25.061+0200] {logging_mixin.py:154} INFO - [2025-06-01T17:55:25.061+0200] {dag.py:3722} INFO - Setting next_dagrun for example_short_circuit_operator to 2025-05-31T15:55:25.060863+00:00, run_after=2025-06-01T15:55:25.060863+00:00
[2025-06-01T17:55:25.076+0200] {processor.py:179} INFO - Processing /home/lohit/miniconda3/envs/airflow-env/lib/python3.8/site-packages/airflow/example_dags/example_short_circuit_operator.py took 0.049 seconds
[2025-06-01T17:55:59.188+0200] {processor.py:157} INFO - Started process (PID=27345) to work on /home/lohit/miniconda3/envs/airflow-env/lib/python3.8/site-packages/airflow/example_dags/example_short_circuit_operator.py
[2025-06-01T17:55:59.191+0200] {processor.py:829} INFO - Processing file /home/lohit/miniconda3/envs/airflow-env/lib/python3.8/site-packages/airflow/example_dags/example_short_circuit_operator.py for tasks to queue
[2025-06-01T17:55:59.191+0200] {logging_mixin.py:154} INFO - [2025-06-01T17:55:59.191+0200] {dagbag.py:536} INFO - Filling up the DagBag from /home/lohit/miniconda3/envs/airflow-env/lib/python3.8/site-packages/airflow/example_dags/example_short_circuit_operator.py
[2025-06-01T17:55:59.197+0200] {processor.py:839} INFO - DAG(s) dict_keys(['example_short_circuit_operator']) retrieved from /home/lohit/miniconda3/envs/airflow-env/lib/python3.8/site-packages/airflow/example_dags/example_short_circuit_operator.py
[2025-06-01T17:55:59.209+0200] {logging_mixin.py:154} INFO - [2025-06-01T17:55:59.208+0200] {dag.py:2941} INFO - Sync 1 DAGs
[2025-06-01T17:55:59.221+0200] {logging_mixin.py:154} INFO - [2025-06-01T17:55:59.221+0200] {dag.py:3722} INFO - Setting next_dagrun for example_short_circuit_operator to 2025-05-31T15:55:59.221105+00:00, run_after=2025-06-01T15:55:59.221105+00:00
[2025-06-01T17:55:59.243+0200] {processor.py:179} INFO - Processing /home/lohit/miniconda3/envs/airflow-env/lib/python3.8/site-packages/airflow/example_dags/example_short_circuit_operator.py took 0.058 seconds
[2025-06-01T17:56:47.174+0200] {processor.py:157} INFO - Started process (PID=27415) to work on /home/lohit/miniconda3/envs/airflow-env/lib/python3.8/site-packages/airflow/example_dags/example_short_circuit_operator.py
[2025-06-01T17:56:47.177+0200] {processor.py:829} INFO - Processing file /home/lohit/miniconda3/envs/airflow-env/lib/python3.8/site-packages/airflow/example_dags/example_short_circuit_operator.py for tasks to queue
[2025-06-01T17:56:47.178+0200] {logging_mixin.py:154} INFO - [2025-06-01T17:56:47.178+0200] {dagbag.py:536} INFO - Filling up the DagBag from /home/lohit/miniconda3/envs/airflow-env/lib/python3.8/site-packages/airflow/example_dags/example_short_circuit_operator.py
[2025-06-01T17:56:47.183+0200] {processor.py:839} INFO - DAG(s) dict_keys(['example_short_circuit_operator']) retrieved from /home/lohit/miniconda3/envs/airflow-env/lib/python3.8/site-packages/airflow/example_dags/example_short_circuit_operator.py
[2025-06-01T17:56:47.194+0200] {logging_mixin.py:154} INFO - [2025-06-01T17:56:47.194+0200] {dag.py:2941} INFO - Sync 1 DAGs
[2025-06-01T17:56:47.208+0200] {logging_mixin.py:154} INFO - [2025-06-01T17:56:47.207+0200] {dag.py:3722} INFO - Setting next_dagrun for example_short_circuit_operator to 2025-05-31T15:56:47.207850+00:00, run_after=2025-06-01T15:56:47.207850+00:00
[2025-06-01T17:56:47.225+0200] {processor.py:179} INFO - Processing /home/lohit/miniconda3/envs/airflow-env/lib/python3.8/site-packages/airflow/example_dags/example_short_circuit_operator.py took 0.052 seconds
[2025-06-01T17:57:31.659+0200] {processor.py:157} INFO - Started process (PID=27483) to work on /home/lohit/miniconda3/envs/airflow-env/lib/python3.8/site-packages/airflow/example_dags/example_short_circuit_operator.py
[2025-06-01T17:57:31.662+0200] {processor.py:829} INFO - Processing file /home/lohit/miniconda3/envs/airflow-env/lib/python3.8/site-packages/airflow/example_dags/example_short_circuit_operator.py for tasks to queue
[2025-06-01T17:57:31.663+0200] {logging_mixin.py:154} INFO - [2025-06-01T17:57:31.663+0200] {dagbag.py:536} INFO - Filling up the DagBag from /home/lohit/miniconda3/envs/airflow-env/lib/python3.8/site-packages/airflow/example_dags/example_short_circuit_operator.py
[2025-06-01T17:57:31.668+0200] {processor.py:839} INFO - DAG(s) dict_keys(['example_short_circuit_operator']) retrieved from /home/lohit/miniconda3/envs/airflow-env/lib/python3.8/site-packages/airflow/example_dags/example_short_circuit_operator.py
[2025-06-01T17:57:31.679+0200] {logging_mixin.py:154} INFO - [2025-06-01T17:57:31.679+0200] {dag.py:2941} INFO - Sync 1 DAGs
[2025-06-01T17:57:31.689+0200] {logging_mixin.py:154} INFO - [2025-06-01T17:57:31.689+0200] {dag.py:3722} INFO - Setting next_dagrun for example_short_circuit_operator to 2025-05-31T15:57:31.689504+00:00, run_after=2025-06-01T15:57:31.689504+00:00
[2025-06-01T17:57:31.707+0200] {processor.py:179} INFO - Processing /home/lohit/miniconda3/envs/airflow-env/lib/python3.8/site-packages/airflow/example_dags/example_short_circuit_operator.py took 0.049 seconds
[2025-06-01T17:58:15.058+0200] {processor.py:157} INFO - Started process (PID=27550) to work on /home/lohit/miniconda3/envs/airflow-env/lib/python3.8/site-packages/airflow/example_dags/example_short_circuit_operator.py
[2025-06-01T17:58:15.062+0200] {processor.py:829} INFO - Processing file /home/lohit/miniconda3/envs/airflow-env/lib/python3.8/site-packages/airflow/example_dags/example_short_circuit_operator.py for tasks to queue
[2025-06-01T17:58:15.062+0200] {logging_mixin.py:154} INFO - [2025-06-01T17:58:15.062+0200] {dagbag.py:536} INFO - Filling up the DagBag from /home/lohit/miniconda3/envs/airflow-env/lib/python3.8/site-packages/airflow/example_dags/example_short_circuit_operator.py
[2025-06-01T17:58:15.068+0200] {processor.py:839} INFO - DAG(s) dict_keys(['example_short_circuit_operator']) retrieved from /home/lohit/miniconda3/envs/airflow-env/lib/python3.8/site-packages/airflow/example_dags/example_short_circuit_operator.py
[2025-06-01T17:58:15.079+0200] {logging_mixin.py:154} INFO - [2025-06-01T17:58:15.078+0200] {dag.py:2941} INFO - Sync 1 DAGs
[2025-06-01T17:58:15.090+0200] {logging_mixin.py:154} INFO - [2025-06-01T17:58:15.090+0200] {dag.py:3722} INFO - Setting next_dagrun for example_short_circuit_operator to 2025-05-31T15:58:15.090054+00:00, run_after=2025-06-01T15:58:15.090054+00:00
[2025-06-01T17:58:15.106+0200] {processor.py:179} INFO - Processing /home/lohit/miniconda3/envs/airflow-env/lib/python3.8/site-packages/airflow/example_dags/example_short_circuit_operator.py took 0.050 seconds
[2025-06-01T17:58:50.266+0200] {processor.py:157} INFO - Started process (PID=27607) to work on /home/lohit/miniconda3/envs/airflow-env/lib/python3.8/site-packages/airflow/example_dags/example_short_circuit_operator.py
[2025-06-01T17:58:50.270+0200] {processor.py:829} INFO - Processing file /home/lohit/miniconda3/envs/airflow-env/lib/python3.8/site-packages/airflow/example_dags/example_short_circuit_operator.py for tasks to queue
[2025-06-01T17:58:50.270+0200] {logging_mixin.py:154} INFO - [2025-06-01T17:58:50.270+0200] {dagbag.py:536} INFO - Filling up the DagBag from /home/lohit/miniconda3/envs/airflow-env/lib/python3.8/site-packages/airflow/example_dags/example_short_circuit_operator.py
[2025-06-01T17:58:50.275+0200] {processor.py:839} INFO - DAG(s) dict_keys(['example_short_circuit_operator']) retrieved from /home/lohit/miniconda3/envs/airflow-env/lib/python3.8/site-packages/airflow/example_dags/example_short_circuit_operator.py
[2025-06-01T17:58:50.287+0200] {logging_mixin.py:154} INFO - [2025-06-01T17:58:50.287+0200] {dag.py:2941} INFO - Sync 1 DAGs
[2025-06-01T17:58:50.298+0200] {logging_mixin.py:154} INFO - [2025-06-01T17:58:50.298+0200] {dag.py:3722} INFO - Setting next_dagrun for example_short_circuit_operator to 2025-05-31T15:58:50.298269+00:00, run_after=2025-06-01T15:58:50.298269+00:00
[2025-06-01T17:58:50.313+0200] {processor.py:179} INFO - Processing /home/lohit/miniconda3/envs/airflow-env/lib/python3.8/site-packages/airflow/example_dags/example_short_circuit_operator.py took 0.048 seconds
[2025-06-01T17:59:34.881+0200] {processor.py:157} INFO - Started process (PID=27675) to work on /home/lohit/miniconda3/envs/airflow-env/lib/python3.8/site-packages/airflow/example_dags/example_short_circuit_operator.py
[2025-06-01T17:59:34.885+0200] {processor.py:829} INFO - Processing file /home/lohit/miniconda3/envs/airflow-env/lib/python3.8/site-packages/airflow/example_dags/example_short_circuit_operator.py for tasks to queue
[2025-06-01T17:59:34.886+0200] {logging_mixin.py:154} INFO - [2025-06-01T17:59:34.886+0200] {dagbag.py:536} INFO - Filling up the DagBag from /home/lohit/miniconda3/envs/airflow-env/lib/python3.8/site-packages/airflow/example_dags/example_short_circuit_operator.py
[2025-06-01T17:59:34.892+0200] {processor.py:839} INFO - DAG(s) dict_keys(['example_short_circuit_operator']) retrieved from /home/lohit/miniconda3/envs/airflow-env/lib/python3.8/site-packages/airflow/example_dags/example_short_circuit_operator.py
[2025-06-01T17:59:34.905+0200] {logging_mixin.py:154} INFO - [2025-06-01T17:59:34.905+0200] {dag.py:2941} INFO - Sync 1 DAGs
[2025-06-01T17:59:34.916+0200] {logging_mixin.py:154} INFO - [2025-06-01T17:59:34.916+0200] {dag.py:3722} INFO - Setting next_dagrun for example_short_circuit_operator to 2025-05-31T15:59:34.916116+00:00, run_after=2025-06-01T15:59:34.916116+00:00
[2025-06-01T17:59:34.933+0200] {processor.py:179} INFO - Processing /home/lohit/miniconda3/envs/airflow-env/lib/python3.8/site-packages/airflow/example_dags/example_short_circuit_operator.py took 0.053 seconds
[2025-06-01T18:00:22.795+0200] {processor.py:157} INFO - Started process (PID=27745) to work on /home/lohit/miniconda3/envs/airflow-env/lib/python3.8/site-packages/airflow/example_dags/example_short_circuit_operator.py
[2025-06-01T18:00:22.798+0200] {processor.py:829} INFO - Processing file /home/lohit/miniconda3/envs/airflow-env/lib/python3.8/site-packages/airflow/example_dags/example_short_circuit_operator.py for tasks to queue
[2025-06-01T18:00:22.799+0200] {logging_mixin.py:154} INFO - [2025-06-01T18:00:22.799+0200] {dagbag.py:536} INFO - Filling up the DagBag from /home/lohit/miniconda3/envs/airflow-env/lib/python3.8/site-packages/airflow/example_dags/example_short_circuit_operator.py
[2025-06-01T18:00:22.804+0200] {processor.py:839} INFO - DAG(s) dict_keys(['example_short_circuit_operator']) retrieved from /home/lohit/miniconda3/envs/airflow-env/lib/python3.8/site-packages/airflow/example_dags/example_short_circuit_operator.py
[2025-06-01T18:00:22.814+0200] {logging_mixin.py:154} INFO - [2025-06-01T18:00:22.814+0200] {dag.py:2941} INFO - Sync 1 DAGs
[2025-06-01T18:00:22.826+0200] {logging_mixin.py:154} INFO - [2025-06-01T18:00:22.826+0200] {dag.py:3722} INFO - Setting next_dagrun for example_short_circuit_operator to 2025-05-31T16:00:22.825938+00:00, run_after=2025-06-01T16:00:22.825938+00:00
[2025-06-01T18:00:22.842+0200] {processor.py:179} INFO - Processing /home/lohit/miniconda3/envs/airflow-env/lib/python3.8/site-packages/airflow/example_dags/example_short_circuit_operator.py took 0.049 seconds
[2025-06-01T18:01:07.249+0200] {processor.py:157} INFO - Started process (PID=27846) to work on /home/lohit/miniconda3/envs/airflow-env/lib/python3.8/site-packages/airflow/example_dags/example_short_circuit_operator.py
[2025-06-01T18:01:07.253+0200] {processor.py:829} INFO - Processing file /home/lohit/miniconda3/envs/airflow-env/lib/python3.8/site-packages/airflow/example_dags/example_short_circuit_operator.py for tasks to queue
[2025-06-01T18:01:07.253+0200] {logging_mixin.py:154} INFO - [2025-06-01T18:01:07.253+0200] {dagbag.py:536} INFO - Filling up the DagBag from /home/lohit/miniconda3/envs/airflow-env/lib/python3.8/site-packages/airflow/example_dags/example_short_circuit_operator.py
[2025-06-01T18:01:07.258+0200] {processor.py:839} INFO - DAG(s) dict_keys(['example_short_circuit_operator']) retrieved from /home/lohit/miniconda3/envs/airflow-env/lib/python3.8/site-packages/airflow/example_dags/example_short_circuit_operator.py
[2025-06-01T18:01:07.268+0200] {logging_mixin.py:154} INFO - [2025-06-01T18:01:07.268+0200] {dag.py:2941} INFO - Sync 1 DAGs
[2025-06-01T18:01:07.278+0200] {logging_mixin.py:154} INFO - [2025-06-01T18:01:07.278+0200] {dag.py:3722} INFO - Setting next_dagrun for example_short_circuit_operator to 2025-05-31T16:01:07.278107+00:00, run_after=2025-06-01T16:01:07.278107+00:00
[2025-06-01T18:01:07.293+0200] {processor.py:179} INFO - Processing /home/lohit/miniconda3/envs/airflow-env/lib/python3.8/site-packages/airflow/example_dags/example_short_circuit_operator.py took 0.046 seconds
[2025-06-01T18:01:42.416+0200] {processor.py:157} INFO - Started process (PID=27881) to work on /home/lohit/miniconda3/envs/airflow-env/lib/python3.8/site-packages/airflow/example_dags/example_short_circuit_operator.py
[2025-06-01T18:01:42.419+0200] {processor.py:829} INFO - Processing file /home/lohit/miniconda3/envs/airflow-env/lib/python3.8/site-packages/airflow/example_dags/example_short_circuit_operator.py for tasks to queue
[2025-06-01T18:01:42.420+0200] {logging_mixin.py:154} INFO - [2025-06-01T18:01:42.419+0200] {dagbag.py:536} INFO - Filling up the DagBag from /home/lohit/miniconda3/envs/airflow-env/lib/python3.8/site-packages/airflow/example_dags/example_short_circuit_operator.py
[2025-06-01T18:01:42.425+0200] {processor.py:839} INFO - DAG(s) dict_keys(['example_short_circuit_operator']) retrieved from /home/lohit/miniconda3/envs/airflow-env/lib/python3.8/site-packages/airflow/example_dags/example_short_circuit_operator.py
[2025-06-01T18:01:42.435+0200] {logging_mixin.py:154} INFO - [2025-06-01T18:01:42.434+0200] {dag.py:2941} INFO - Sync 1 DAGs
[2025-06-01T18:01:42.445+0200] {logging_mixin.py:154} INFO - [2025-06-01T18:01:42.445+0200] {dag.py:3722} INFO - Setting next_dagrun for example_short_circuit_operator to 2025-05-31T16:01:42.444963+00:00, run_after=2025-06-01T16:01:42.444963+00:00
[2025-06-01T18:01:42.462+0200] {processor.py:179} INFO - Processing /home/lohit/miniconda3/envs/airflow-env/lib/python3.8/site-packages/airflow/example_dags/example_short_circuit_operator.py took 0.048 seconds
[2025-06-01T18:02:25.489+0200] {processor.py:157} INFO - Started process (PID=27949) to work on /home/lohit/miniconda3/envs/airflow-env/lib/python3.8/site-packages/airflow/example_dags/example_short_circuit_operator.py
[2025-06-01T18:02:25.490+0200] {processor.py:829} INFO - Processing file /home/lohit/miniconda3/envs/airflow-env/lib/python3.8/site-packages/airflow/example_dags/example_short_circuit_operator.py for tasks to queue
[2025-06-01T18:02:25.491+0200] {logging_mixin.py:154} INFO - [2025-06-01T18:02:25.491+0200] {dagbag.py:536} INFO - Filling up the DagBag from /home/lohit/miniconda3/envs/airflow-env/lib/python3.8/site-packages/airflow/example_dags/example_short_circuit_operator.py
[2025-06-01T18:02:25.496+0200] {processor.py:839} INFO - DAG(s) dict_keys(['example_short_circuit_operator']) retrieved from /home/lohit/miniconda3/envs/airflow-env/lib/python3.8/site-packages/airflow/example_dags/example_short_circuit_operator.py
[2025-06-01T18:02:25.505+0200] {logging_mixin.py:154} INFO - [2025-06-01T18:02:25.505+0200] {dag.py:2941} INFO - Sync 1 DAGs
[2025-06-01T18:02:25.516+0200] {logging_mixin.py:154} INFO - [2025-06-01T18:02:25.516+0200] {dag.py:3722} INFO - Setting next_dagrun for example_short_circuit_operator to 2025-05-31T16:02:25.516123+00:00, run_after=2025-06-01T16:02:25.516123+00:00
[2025-06-01T18:02:25.531+0200] {processor.py:179} INFO - Processing /home/lohit/miniconda3/envs/airflow-env/lib/python3.8/site-packages/airflow/example_dags/example_short_circuit_operator.py took 0.044 seconds
[2025-06-01T18:03:12.018+0200] {processor.py:157} INFO - Started process (PID=28025) to work on /home/lohit/miniconda3/envs/airflow-env/lib/python3.8/site-packages/airflow/example_dags/example_short_circuit_operator.py
[2025-06-01T18:03:12.021+0200] {processor.py:829} INFO - Processing file /home/lohit/miniconda3/envs/airflow-env/lib/python3.8/site-packages/airflow/example_dags/example_short_circuit_operator.py for tasks to queue
[2025-06-01T18:03:12.021+0200] {logging_mixin.py:154} INFO - [2025-06-01T18:03:12.021+0200] {dagbag.py:536} INFO - Filling up the DagBag from /home/lohit/miniconda3/envs/airflow-env/lib/python3.8/site-packages/airflow/example_dags/example_short_circuit_operator.py
[2025-06-01T18:03:12.026+0200] {processor.py:839} INFO - DAG(s) dict_keys(['example_short_circuit_operator']) retrieved from /home/lohit/miniconda3/envs/airflow-env/lib/python3.8/site-packages/airflow/example_dags/example_short_circuit_operator.py
[2025-06-01T18:03:12.041+0200] {logging_mixin.py:154} INFO - [2025-06-01T18:03:12.040+0200] {dag.py:2941} INFO - Sync 1 DAGs
[2025-06-01T18:03:12.052+0200] {logging_mixin.py:154} INFO - [2025-06-01T18:03:12.052+0200] {dag.py:3722} INFO - Setting next_dagrun for example_short_circuit_operator to 2025-05-31T16:03:12.052120+00:00, run_after=2025-06-01T16:03:12.052120+00:00
[2025-06-01T18:03:12.068+0200] {processor.py:179} INFO - Processing /home/lohit/miniconda3/envs/airflow-env/lib/python3.8/site-packages/airflow/example_dags/example_short_circuit_operator.py took 0.052 seconds
[2025-06-01T18:03:58.554+0200] {processor.py:157} INFO - Started process (PID=28098) to work on /home/lohit/miniconda3/envs/airflow-env/lib/python3.8/site-packages/airflow/example_dags/example_short_circuit_operator.py
[2025-06-01T18:03:58.556+0200] {processor.py:829} INFO - Processing file /home/lohit/miniconda3/envs/airflow-env/lib/python3.8/site-packages/airflow/example_dags/example_short_circuit_operator.py for tasks to queue
[2025-06-01T18:03:58.557+0200] {logging_mixin.py:154} INFO - [2025-06-01T18:03:58.556+0200] {dagbag.py:536} INFO - Filling up the DagBag from /home/lohit/miniconda3/envs/airflow-env/lib/python3.8/site-packages/airflow/example_dags/example_short_circuit_operator.py
[2025-06-01T18:03:58.564+0200] {processor.py:839} INFO - DAG(s) dict_keys(['example_short_circuit_operator']) retrieved from /home/lohit/miniconda3/envs/airflow-env/lib/python3.8/site-packages/airflow/example_dags/example_short_circuit_operator.py
[2025-06-01T18:03:58.575+0200] {logging_mixin.py:154} INFO - [2025-06-01T18:03:58.575+0200] {dag.py:2941} INFO - Sync 1 DAGs
[2025-06-01T18:03:58.590+0200] {logging_mixin.py:154} INFO - [2025-06-01T18:03:58.589+0200] {dag.py:3722} INFO - Setting next_dagrun for example_short_circuit_operator to 2025-05-31T16:03:58.589639+00:00, run_after=2025-06-01T16:03:58.589639+00:00
[2025-06-01T18:03:58.610+0200] {processor.py:179} INFO - Processing /home/lohit/miniconda3/envs/airflow-env/lib/python3.8/site-packages/airflow/example_dags/example_short_circuit_operator.py took 0.058 seconds
[2025-06-01T18:04:42.813+0200] {processor.py:157} INFO - Started process (PID=28170) to work on /home/lohit/miniconda3/envs/airflow-env/lib/python3.8/site-packages/airflow/example_dags/example_short_circuit_operator.py
[2025-06-01T18:04:42.816+0200] {processor.py:829} INFO - Processing file /home/lohit/miniconda3/envs/airflow-env/lib/python3.8/site-packages/airflow/example_dags/example_short_circuit_operator.py for tasks to queue
[2025-06-01T18:04:42.817+0200] {logging_mixin.py:154} INFO - [2025-06-01T18:04:42.817+0200] {dagbag.py:536} INFO - Filling up the DagBag from /home/lohit/miniconda3/envs/airflow-env/lib/python3.8/site-packages/airflow/example_dags/example_short_circuit_operator.py
[2025-06-01T18:04:42.823+0200] {processor.py:839} INFO - DAG(s) dict_keys(['example_short_circuit_operator']) retrieved from /home/lohit/miniconda3/envs/airflow-env/lib/python3.8/site-packages/airflow/example_dags/example_short_circuit_operator.py
[2025-06-01T18:04:42.834+0200] {logging_mixin.py:154} INFO - [2025-06-01T18:04:42.834+0200] {dag.py:2941} INFO - Sync 1 DAGs
[2025-06-01T18:04:42.846+0200] {logging_mixin.py:154} INFO - [2025-06-01T18:04:42.846+0200] {dag.py:3722} INFO - Setting next_dagrun for example_short_circuit_operator to 2025-05-31T16:04:42.845853+00:00, run_after=2025-06-01T16:04:42.845853+00:00
[2025-06-01T18:04:42.861+0200] {processor.py:179} INFO - Processing /home/lohit/miniconda3/envs/airflow-env/lib/python3.8/site-packages/airflow/example_dags/example_short_circuit_operator.py took 0.051 seconds
[2025-06-01T18:05:15.910+0200] {processor.py:157} INFO - Started process (PID=28232) to work on /home/lohit/miniconda3/envs/airflow-env/lib/python3.8/site-packages/airflow/example_dags/example_short_circuit_operator.py
[2025-06-01T18:05:15.912+0200] {processor.py:829} INFO - Processing file /home/lohit/miniconda3/envs/airflow-env/lib/python3.8/site-packages/airflow/example_dags/example_short_circuit_operator.py for tasks to queue
[2025-06-01T18:05:15.913+0200] {logging_mixin.py:154} INFO - [2025-06-01T18:05:15.912+0200] {dagbag.py:536} INFO - Filling up the DagBag from /home/lohit/miniconda3/envs/airflow-env/lib/python3.8/site-packages/airflow/example_dags/example_short_circuit_operator.py
[2025-06-01T18:05:15.918+0200] {processor.py:839} INFO - DAG(s) dict_keys(['example_short_circuit_operator']) retrieved from /home/lohit/miniconda3/envs/airflow-env/lib/python3.8/site-packages/airflow/example_dags/example_short_circuit_operator.py
[2025-06-01T18:05:15.930+0200] {logging_mixin.py:154} INFO - [2025-06-01T18:05:15.930+0200] {dag.py:2941} INFO - Sync 1 DAGs
[2025-06-01T18:05:15.941+0200] {logging_mixin.py:154} INFO - [2025-06-01T18:05:15.941+0200] {dag.py:3722} INFO - Setting next_dagrun for example_short_circuit_operator to 2025-05-31T16:05:15.941523+00:00, run_after=2025-06-01T16:05:15.941523+00:00
[2025-06-01T18:05:15.957+0200] {processor.py:179} INFO - Processing /home/lohit/miniconda3/envs/airflow-env/lib/python3.8/site-packages/airflow/example_dags/example_short_circuit_operator.py took 0.048 seconds
[2025-06-01T18:05:51.806+0200] {processor.py:157} INFO - Started process (PID=28291) to work on /home/lohit/miniconda3/envs/airflow-env/lib/python3.8/site-packages/airflow/example_dags/example_short_circuit_operator.py
[2025-06-01T18:05:51.807+0200] {processor.py:829} INFO - Processing file /home/lohit/miniconda3/envs/airflow-env/lib/python3.8/site-packages/airflow/example_dags/example_short_circuit_operator.py for tasks to queue
[2025-06-01T18:05:51.808+0200] {logging_mixin.py:154} INFO - [2025-06-01T18:05:51.808+0200] {dagbag.py:536} INFO - Filling up the DagBag from /home/lohit/miniconda3/envs/airflow-env/lib/python3.8/site-packages/airflow/example_dags/example_short_circuit_operator.py
[2025-06-01T18:05:51.814+0200] {processor.py:839} INFO - DAG(s) dict_keys(['example_short_circuit_operator']) retrieved from /home/lohit/miniconda3/envs/airflow-env/lib/python3.8/site-packages/airflow/example_dags/example_short_circuit_operator.py
[2025-06-01T18:05:51.824+0200] {logging_mixin.py:154} INFO - [2025-06-01T18:05:51.824+0200] {dag.py:2941} INFO - Sync 1 DAGs
[2025-06-01T18:05:51.834+0200] {logging_mixin.py:154} INFO - [2025-06-01T18:05:51.834+0200] {dag.py:3722} INFO - Setting next_dagrun for example_short_circuit_operator to 2025-05-31T16:05:51.834411+00:00, run_after=2025-06-01T16:05:51.834411+00:00
[2025-06-01T18:05:51.849+0200] {processor.py:179} INFO - Processing /home/lohit/miniconda3/envs/airflow-env/lib/python3.8/site-packages/airflow/example_dags/example_short_circuit_operator.py took 0.045 seconds
[2025-06-01T18:06:23.779+0200] {processor.py:157} INFO - Started process (PID=28330) to work on /home/lohit/miniconda3/envs/airflow-env/lib/python3.8/site-packages/airflow/example_dags/example_short_circuit_operator.py
[2025-06-01T18:06:23.782+0200] {processor.py:829} INFO - Processing file /home/lohit/miniconda3/envs/airflow-env/lib/python3.8/site-packages/airflow/example_dags/example_short_circuit_operator.py for tasks to queue
[2025-06-01T18:06:23.782+0200] {logging_mixin.py:154} INFO - [2025-06-01T18:06:23.782+0200] {dagbag.py:536} INFO - Filling up the DagBag from /home/lohit/miniconda3/envs/airflow-env/lib/python3.8/site-packages/airflow/example_dags/example_short_circuit_operator.py
[2025-06-01T18:06:23.788+0200] {processor.py:839} INFO - DAG(s) dict_keys(['example_short_circuit_operator']) retrieved from /home/lohit/miniconda3/envs/airflow-env/lib/python3.8/site-packages/airflow/example_dags/example_short_circuit_operator.py
[2025-06-01T18:06:23.798+0200] {logging_mixin.py:154} INFO - [2025-06-01T18:06:23.798+0200] {dag.py:2941} INFO - Sync 1 DAGs
[2025-06-01T18:06:23.808+0200] {logging_mixin.py:154} INFO - [2025-06-01T18:06:23.808+0200] {dag.py:3722} INFO - Setting next_dagrun for example_short_circuit_operator to 2025-05-31T16:06:23.807953+00:00, run_after=2025-06-01T16:06:23.807953+00:00
[2025-06-01T18:06:23.823+0200] {processor.py:179} INFO - Processing /home/lohit/miniconda3/envs/airflow-env/lib/python3.8/site-packages/airflow/example_dags/example_short_circuit_operator.py took 0.046 seconds
[2025-06-01T18:07:08.171+0200] {processor.py:157} INFO - Started process (PID=28396) to work on /home/lohit/miniconda3/envs/airflow-env/lib/python3.8/site-packages/airflow/example_dags/example_short_circuit_operator.py
[2025-06-01T18:07:08.175+0200] {processor.py:829} INFO - Processing file /home/lohit/miniconda3/envs/airflow-env/lib/python3.8/site-packages/airflow/example_dags/example_short_circuit_operator.py for tasks to queue
[2025-06-01T18:07:08.176+0200] {logging_mixin.py:154} INFO - [2025-06-01T18:07:08.175+0200] {dagbag.py:536} INFO - Filling up the DagBag from /home/lohit/miniconda3/envs/airflow-env/lib/python3.8/site-packages/airflow/example_dags/example_short_circuit_operator.py
[2025-06-01T18:07:08.181+0200] {processor.py:839} INFO - DAG(s) dict_keys(['example_short_circuit_operator']) retrieved from /home/lohit/miniconda3/envs/airflow-env/lib/python3.8/site-packages/airflow/example_dags/example_short_circuit_operator.py
[2025-06-01T18:07:08.191+0200] {logging_mixin.py:154} INFO - [2025-06-01T18:07:08.191+0200] {dag.py:2941} INFO - Sync 1 DAGs
[2025-06-01T18:07:08.202+0200] {logging_mixin.py:154} INFO - [2025-06-01T18:07:08.202+0200] {dag.py:3722} INFO - Setting next_dagrun for example_short_circuit_operator to 2025-05-31T16:07:08.201880+00:00, run_after=2025-06-01T16:07:08.201880+00:00
[2025-06-01T18:07:08.217+0200] {processor.py:179} INFO - Processing /home/lohit/miniconda3/envs/airflow-env/lib/python3.8/site-packages/airflow/example_dags/example_short_circuit_operator.py took 0.048 seconds
[2025-06-01T18:07:52.682+0200] {processor.py:157} INFO - Started process (PID=28465) to work on /home/lohit/miniconda3/envs/airflow-env/lib/python3.8/site-packages/airflow/example_dags/example_short_circuit_operator.py
[2025-06-01T18:07:52.685+0200] {processor.py:829} INFO - Processing file /home/lohit/miniconda3/envs/airflow-env/lib/python3.8/site-packages/airflow/example_dags/example_short_circuit_operator.py for tasks to queue
[2025-06-01T18:07:52.686+0200] {logging_mixin.py:154} INFO - [2025-06-01T18:07:52.685+0200] {dagbag.py:536} INFO - Filling up the DagBag from /home/lohit/miniconda3/envs/airflow-env/lib/python3.8/site-packages/airflow/example_dags/example_short_circuit_operator.py
[2025-06-01T18:07:52.690+0200] {processor.py:839} INFO - DAG(s) dict_keys(['example_short_circuit_operator']) retrieved from /home/lohit/miniconda3/envs/airflow-env/lib/python3.8/site-packages/airflow/example_dags/example_short_circuit_operator.py
[2025-06-01T18:07:52.700+0200] {logging_mixin.py:154} INFO - [2025-06-01T18:07:52.700+0200] {dag.py:2941} INFO - Sync 1 DAGs
[2025-06-01T18:07:52.710+0200] {logging_mixin.py:154} INFO - [2025-06-01T18:07:52.710+0200] {dag.py:3722} INFO - Setting next_dagrun for example_short_circuit_operator to 2025-05-31T16:07:52.709864+00:00, run_after=2025-06-01T16:07:52.709864+00:00
[2025-06-01T18:07:52.725+0200] {processor.py:179} INFO - Processing /home/lohit/miniconda3/envs/airflow-env/lib/python3.8/site-packages/airflow/example_dags/example_short_circuit_operator.py took 0.045 seconds
[2025-06-01T18:08:40.526+0200] {processor.py:157} INFO - Started process (PID=28538) to work on /home/lohit/miniconda3/envs/airflow-env/lib/python3.8/site-packages/airflow/example_dags/example_short_circuit_operator.py
[2025-06-01T18:08:40.529+0200] {processor.py:829} INFO - Processing file /home/lohit/miniconda3/envs/airflow-env/lib/python3.8/site-packages/airflow/example_dags/example_short_circuit_operator.py for tasks to queue
[2025-06-01T18:08:40.530+0200] {logging_mixin.py:154} INFO - [2025-06-01T18:08:40.530+0200] {dagbag.py:536} INFO - Filling up the DagBag from /home/lohit/miniconda3/envs/airflow-env/lib/python3.8/site-packages/airflow/example_dags/example_short_circuit_operator.py
[2025-06-01T18:08:40.535+0200] {processor.py:839} INFO - DAG(s) dict_keys(['example_short_circuit_operator']) retrieved from /home/lohit/miniconda3/envs/airflow-env/lib/python3.8/site-packages/airflow/example_dags/example_short_circuit_operator.py
[2025-06-01T18:08:40.546+0200] {logging_mixin.py:154} INFO - [2025-06-01T18:08:40.546+0200] {dag.py:2941} INFO - Sync 1 DAGs
[2025-06-01T18:08:40.558+0200] {logging_mixin.py:154} INFO - [2025-06-01T18:08:40.558+0200] {dag.py:3722} INFO - Setting next_dagrun for example_short_circuit_operator to 2025-05-31T16:08:40.558358+00:00, run_after=2025-06-01T16:08:40.558358+00:00
[2025-06-01T18:08:40.576+0200] {processor.py:179} INFO - Processing /home/lohit/miniconda3/envs/airflow-env/lib/python3.8/site-packages/airflow/example_dags/example_short_circuit_operator.py took 0.052 seconds
[2025-06-01T18:09:14.177+0200] {processor.py:157} INFO - Started process (PID=28595) to work on /home/lohit/miniconda3/envs/airflow-env/lib/python3.8/site-packages/airflow/example_dags/example_short_circuit_operator.py
[2025-06-01T18:09:14.181+0200] {processor.py:829} INFO - Processing file /home/lohit/miniconda3/envs/airflow-env/lib/python3.8/site-packages/airflow/example_dags/example_short_circuit_operator.py for tasks to queue
[2025-06-01T18:09:14.181+0200] {logging_mixin.py:154} INFO - [2025-06-01T18:09:14.181+0200] {dagbag.py:536} INFO - Filling up the DagBag from /home/lohit/miniconda3/envs/airflow-env/lib/python3.8/site-packages/airflow/example_dags/example_short_circuit_operator.py
[2025-06-01T18:09:14.186+0200] {processor.py:839} INFO - DAG(s) dict_keys(['example_short_circuit_operator']) retrieved from /home/lohit/miniconda3/envs/airflow-env/lib/python3.8/site-packages/airflow/example_dags/example_short_circuit_operator.py
[2025-06-01T18:09:14.196+0200] {logging_mixin.py:154} INFO - [2025-06-01T18:09:14.196+0200] {dag.py:2941} INFO - Sync 1 DAGs
[2025-06-01T18:09:14.206+0200] {logging_mixin.py:154} INFO - [2025-06-01T18:09:14.206+0200] {dag.py:3722} INFO - Setting next_dagrun for example_short_circuit_operator to 2025-05-31T16:09:14.206224+00:00, run_after=2025-06-01T16:09:14.206224+00:00
[2025-06-01T18:09:14.222+0200] {processor.py:179} INFO - Processing /home/lohit/miniconda3/envs/airflow-env/lib/python3.8/site-packages/airflow/example_dags/example_short_circuit_operator.py took 0.047 seconds
[2025-06-01T18:09:48.122+0200] {processor.py:157} INFO - Started process (PID=28658) to work on /home/lohit/miniconda3/envs/airflow-env/lib/python3.8/site-packages/airflow/example_dags/example_short_circuit_operator.py
[2025-06-01T18:09:48.124+0200] {processor.py:829} INFO - Processing file /home/lohit/miniconda3/envs/airflow-env/lib/python3.8/site-packages/airflow/example_dags/example_short_circuit_operator.py for tasks to queue
[2025-06-01T18:09:48.124+0200] {logging_mixin.py:154} INFO - [2025-06-01T18:09:48.124+0200] {dagbag.py:536} INFO - Filling up the DagBag from /home/lohit/miniconda3/envs/airflow-env/lib/python3.8/site-packages/airflow/example_dags/example_short_circuit_operator.py
[2025-06-01T18:09:48.131+0200] {processor.py:839} INFO - DAG(s) dict_keys(['example_short_circuit_operator']) retrieved from /home/lohit/miniconda3/envs/airflow-env/lib/python3.8/site-packages/airflow/example_dags/example_short_circuit_operator.py
[2025-06-01T18:09:48.143+0200] {logging_mixin.py:154} INFO - [2025-06-01T18:09:48.143+0200] {dag.py:2941} INFO - Sync 1 DAGs
[2025-06-01T18:09:48.155+0200] {logging_mixin.py:154} INFO - [2025-06-01T18:09:48.155+0200] {dag.py:3722} INFO - Setting next_dagrun for example_short_circuit_operator to 2025-05-31T16:09:48.155385+00:00, run_after=2025-06-01T16:09:48.155385+00:00
[2025-06-01T18:09:48.171+0200] {processor.py:179} INFO - Processing /home/lohit/miniconda3/envs/airflow-env/lib/python3.8/site-packages/airflow/example_dags/example_short_circuit_operator.py took 0.051 seconds
[2025-06-01T18:10:35.753+0200] {processor.py:157} INFO - Started process (PID=28734) to work on /home/lohit/miniconda3/envs/airflow-env/lib/python3.8/site-packages/airflow/example_dags/example_short_circuit_operator.py
[2025-06-01T18:10:35.756+0200] {processor.py:829} INFO - Processing file /home/lohit/miniconda3/envs/airflow-env/lib/python3.8/site-packages/airflow/example_dags/example_short_circuit_operator.py for tasks to queue
[2025-06-01T18:10:35.757+0200] {logging_mixin.py:154} INFO - [2025-06-01T18:10:35.757+0200] {dagbag.py:536} INFO - Filling up the DagBag from /home/lohit/miniconda3/envs/airflow-env/lib/python3.8/site-packages/airflow/example_dags/example_short_circuit_operator.py
[2025-06-01T18:10:35.763+0200] {processor.py:839} INFO - DAG(s) dict_keys(['example_short_circuit_operator']) retrieved from /home/lohit/miniconda3/envs/airflow-env/lib/python3.8/site-packages/airflow/example_dags/example_short_circuit_operator.py
[2025-06-01T18:10:35.774+0200] {logging_mixin.py:154} INFO - [2025-06-01T18:10:35.774+0200] {dag.py:2941} INFO - Sync 1 DAGs
[2025-06-01T18:10:35.787+0200] {logging_mixin.py:154} INFO - [2025-06-01T18:10:35.787+0200] {dag.py:3722} INFO - Setting next_dagrun for example_short_circuit_operator to 2025-05-31T16:10:35.787077+00:00, run_after=2025-06-01T16:10:35.787077+00:00
[2025-06-01T18:10:35.803+0200] {processor.py:179} INFO - Processing /home/lohit/miniconda3/envs/airflow-env/lib/python3.8/site-packages/airflow/example_dags/example_short_circuit_operator.py took 0.052 seconds
[2025-06-01T18:11:21.775+0200] {processor.py:157} INFO - Started process (PID=28804) to work on /home/lohit/miniconda3/envs/airflow-env/lib/python3.8/site-packages/airflow/example_dags/example_short_circuit_operator.py
[2025-06-01T18:11:21.779+0200] {processor.py:829} INFO - Processing file /home/lohit/miniconda3/envs/airflow-env/lib/python3.8/site-packages/airflow/example_dags/example_short_circuit_operator.py for tasks to queue
[2025-06-01T18:11:21.780+0200] {logging_mixin.py:154} INFO - [2025-06-01T18:11:21.779+0200] {dagbag.py:536} INFO - Filling up the DagBag from /home/lohit/miniconda3/envs/airflow-env/lib/python3.8/site-packages/airflow/example_dags/example_short_circuit_operator.py
[2025-06-01T18:11:21.787+0200] {processor.py:839} INFO - DAG(s) dict_keys(['example_short_circuit_operator']) retrieved from /home/lohit/miniconda3/envs/airflow-env/lib/python3.8/site-packages/airflow/example_dags/example_short_circuit_operator.py
[2025-06-01T18:11:21.799+0200] {logging_mixin.py:154} INFO - [2025-06-01T18:11:21.799+0200] {dag.py:2941} INFO - Sync 1 DAGs
[2025-06-01T18:11:21.814+0200] {logging_mixin.py:154} INFO - [2025-06-01T18:11:21.814+0200] {dag.py:3722} INFO - Setting next_dagrun for example_short_circuit_operator to 2025-05-31T16:11:21.813801+00:00, run_after=2025-06-01T16:11:21.813801+00:00
[2025-06-01T18:11:21.831+0200] {processor.py:179} INFO - Processing /home/lohit/miniconda3/envs/airflow-env/lib/python3.8/site-packages/airflow/example_dags/example_short_circuit_operator.py took 0.058 seconds
[2025-06-01T18:11:56.581+0200] {processor.py:157} INFO - Started process (PID=28838) to work on /home/lohit/miniconda3/envs/airflow-env/lib/python3.8/site-packages/airflow/example_dags/example_short_circuit_operator.py
[2025-06-01T18:11:56.582+0200] {processor.py:829} INFO - Processing file /home/lohit/miniconda3/envs/airflow-env/lib/python3.8/site-packages/airflow/example_dags/example_short_circuit_operator.py for tasks to queue
[2025-06-01T18:11:56.583+0200] {logging_mixin.py:154} INFO - [2025-06-01T18:11:56.583+0200] {dagbag.py:536} INFO - Filling up the DagBag from /home/lohit/miniconda3/envs/airflow-env/lib/python3.8/site-packages/airflow/example_dags/example_short_circuit_operator.py
[2025-06-01T18:11:56.588+0200] {processor.py:839} INFO - DAG(s) dict_keys(['example_short_circuit_operator']) retrieved from /home/lohit/miniconda3/envs/airflow-env/lib/python3.8/site-packages/airflow/example_dags/example_short_circuit_operator.py
[2025-06-01T18:11:56.600+0200] {logging_mixin.py:154} INFO - [2025-06-01T18:11:56.600+0200] {dag.py:2941} INFO - Sync 1 DAGs
[2025-06-01T18:11:56.611+0200] {logging_mixin.py:154} INFO - [2025-06-01T18:11:56.611+0200] {dag.py:3722} INFO - Setting next_dagrun for example_short_circuit_operator to 2025-05-31T16:11:56.611656+00:00, run_after=2025-06-01T16:11:56.611656+00:00
[2025-06-01T18:11:56.630+0200] {processor.py:179} INFO - Processing /home/lohit/miniconda3/envs/airflow-env/lib/python3.8/site-packages/airflow/example_dags/example_short_circuit_operator.py took 0.052 seconds
[2025-06-01T18:12:31.807+0200] {processor.py:157} INFO - Started process (PID=28903) to work on /home/lohit/miniconda3/envs/airflow-env/lib/python3.8/site-packages/airflow/example_dags/example_short_circuit_operator.py
[2025-06-01T18:12:31.808+0200] {processor.py:829} INFO - Processing file /home/lohit/miniconda3/envs/airflow-env/lib/python3.8/site-packages/airflow/example_dags/example_short_circuit_operator.py for tasks to queue
[2025-06-01T18:12:31.809+0200] {logging_mixin.py:154} INFO - [2025-06-01T18:12:31.809+0200] {dagbag.py:536} INFO - Filling up the DagBag from /home/lohit/miniconda3/envs/airflow-env/lib/python3.8/site-packages/airflow/example_dags/example_short_circuit_operator.py
[2025-06-01T18:12:31.814+0200] {processor.py:839} INFO - DAG(s) dict_keys(['example_short_circuit_operator']) retrieved from /home/lohit/miniconda3/envs/airflow-env/lib/python3.8/site-packages/airflow/example_dags/example_short_circuit_operator.py
[2025-06-01T18:12:31.823+0200] {logging_mixin.py:154} INFO - [2025-06-01T18:12:31.823+0200] {dag.py:2941} INFO - Sync 1 DAGs
[2025-06-01T18:12:31.834+0200] {logging_mixin.py:154} INFO - [2025-06-01T18:12:31.834+0200] {dag.py:3722} INFO - Setting next_dagrun for example_short_circuit_operator to 2025-05-31T16:12:31.834254+00:00, run_after=2025-06-01T16:12:31.834254+00:00
[2025-06-01T18:12:31.851+0200] {processor.py:179} INFO - Processing /home/lohit/miniconda3/envs/airflow-env/lib/python3.8/site-packages/airflow/example_dags/example_short_circuit_operator.py took 0.046 seconds
[2025-06-01T18:13:04.338+0200] {processor.py:157} INFO - Started process (PID=28957) to work on /home/lohit/miniconda3/envs/airflow-env/lib/python3.8/site-packages/airflow/example_dags/example_short_circuit_operator.py
[2025-06-01T18:13:04.341+0200] {processor.py:829} INFO - Processing file /home/lohit/miniconda3/envs/airflow-env/lib/python3.8/site-packages/airflow/example_dags/example_short_circuit_operator.py for tasks to queue
[2025-06-01T18:13:04.342+0200] {logging_mixin.py:154} INFO - [2025-06-01T18:13:04.342+0200] {dagbag.py:536} INFO - Filling up the DagBag from /home/lohit/miniconda3/envs/airflow-env/lib/python3.8/site-packages/airflow/example_dags/example_short_circuit_operator.py
[2025-06-01T18:13:04.347+0200] {processor.py:839} INFO - DAG(s) dict_keys(['example_short_circuit_operator']) retrieved from /home/lohit/miniconda3/envs/airflow-env/lib/python3.8/site-packages/airflow/example_dags/example_short_circuit_operator.py
[2025-06-01T18:13:04.361+0200] {logging_mixin.py:154} INFO - [2025-06-01T18:13:04.360+0200] {dag.py:2941} INFO - Sync 1 DAGs
[2025-06-01T18:13:04.374+0200] {logging_mixin.py:154} INFO - [2025-06-01T18:13:04.374+0200] {dag.py:3722} INFO - Setting next_dagrun for example_short_circuit_operator to 2025-05-31T16:13:04.374137+00:00, run_after=2025-06-01T16:13:04.374137+00:00
[2025-06-01T18:13:04.391+0200] {processor.py:179} INFO - Processing /home/lohit/miniconda3/envs/airflow-env/lib/python3.8/site-packages/airflow/example_dags/example_short_circuit_operator.py took 0.055 seconds
[2025-06-01T18:13:49.513+0200] {processor.py:157} INFO - Started process (PID=29026) to work on /home/lohit/miniconda3/envs/airflow-env/lib/python3.8/site-packages/airflow/example_dags/example_short_circuit_operator.py
[2025-06-01T18:13:49.516+0200] {processor.py:829} INFO - Processing file /home/lohit/miniconda3/envs/airflow-env/lib/python3.8/site-packages/airflow/example_dags/example_short_circuit_operator.py for tasks to queue
[2025-06-01T18:13:49.517+0200] {logging_mixin.py:154} INFO - [2025-06-01T18:13:49.516+0200] {dagbag.py:536} INFO - Filling up the DagBag from /home/lohit/miniconda3/envs/airflow-env/lib/python3.8/site-packages/airflow/example_dags/example_short_circuit_operator.py
[2025-06-01T18:13:49.522+0200] {processor.py:839} INFO - DAG(s) dict_keys(['example_short_circuit_operator']) retrieved from /home/lohit/miniconda3/envs/airflow-env/lib/python3.8/site-packages/airflow/example_dags/example_short_circuit_operator.py
[2025-06-01T18:13:49.534+0200] {logging_mixin.py:154} INFO - [2025-06-01T18:13:49.534+0200] {dag.py:2941} INFO - Sync 1 DAGs
[2025-06-01T18:13:49.548+0200] {logging_mixin.py:154} INFO - [2025-06-01T18:13:49.548+0200] {dag.py:3722} INFO - Setting next_dagrun for example_short_circuit_operator to 2025-05-31T16:13:49.547968+00:00, run_after=2025-06-01T16:13:49.547968+00:00
[2025-06-01T18:13:49.564+0200] {processor.py:179} INFO - Processing /home/lohit/miniconda3/envs/airflow-env/lib/python3.8/site-packages/airflow/example_dags/example_short_circuit_operator.py took 0.054 seconds
[2025-06-01T18:14:30.714+0200] {processor.py:157} INFO - Started process (PID=29092) to work on /home/lohit/miniconda3/envs/airflow-env/lib/python3.8/site-packages/airflow/example_dags/example_short_circuit_operator.py
[2025-06-01T18:14:30.718+0200] {processor.py:829} INFO - Processing file /home/lohit/miniconda3/envs/airflow-env/lib/python3.8/site-packages/airflow/example_dags/example_short_circuit_operator.py for tasks to queue
[2025-06-01T18:14:30.719+0200] {logging_mixin.py:154} INFO - [2025-06-01T18:14:30.718+0200] {dagbag.py:536} INFO - Filling up the DagBag from /home/lohit/miniconda3/envs/airflow-env/lib/python3.8/site-packages/airflow/example_dags/example_short_circuit_operator.py
[2025-06-01T18:14:30.725+0200] {processor.py:839} INFO - DAG(s) dict_keys(['example_short_circuit_operator']) retrieved from /home/lohit/miniconda3/envs/airflow-env/lib/python3.8/site-packages/airflow/example_dags/example_short_circuit_operator.py
[2025-06-01T18:14:30.736+0200] {logging_mixin.py:154} INFO - [2025-06-01T18:14:30.736+0200] {dag.py:2941} INFO - Sync 1 DAGs
[2025-06-01T18:14:30.749+0200] {logging_mixin.py:154} INFO - [2025-06-01T18:14:30.749+0200] {dag.py:3722} INFO - Setting next_dagrun for example_short_circuit_operator to 2025-05-31T16:14:30.749514+00:00, run_after=2025-06-01T16:14:30.749514+00:00
[2025-06-01T18:14:30.768+0200] {processor.py:179} INFO - Processing /home/lohit/miniconda3/envs/airflow-env/lib/python3.8/site-packages/airflow/example_dags/example_short_circuit_operator.py took 0.055 seconds
[2025-06-01T18:15:04.236+0200] {processor.py:157} INFO - Started process (PID=29126) to work on /home/lohit/miniconda3/envs/airflow-env/lib/python3.8/site-packages/airflow/example_dags/example_short_circuit_operator.py
[2025-06-01T18:15:04.239+0200] {processor.py:829} INFO - Processing file /home/lohit/miniconda3/envs/airflow-env/lib/python3.8/site-packages/airflow/example_dags/example_short_circuit_operator.py for tasks to queue
[2025-06-01T18:15:04.240+0200] {logging_mixin.py:154} INFO - [2025-06-01T18:15:04.240+0200] {dagbag.py:536} INFO - Filling up the DagBag from /home/lohit/miniconda3/envs/airflow-env/lib/python3.8/site-packages/airflow/example_dags/example_short_circuit_operator.py
[2025-06-01T18:15:04.245+0200] {processor.py:839} INFO - DAG(s) dict_keys(['example_short_circuit_operator']) retrieved from /home/lohit/miniconda3/envs/airflow-env/lib/python3.8/site-packages/airflow/example_dags/example_short_circuit_operator.py
[2025-06-01T18:15:04.260+0200] {logging_mixin.py:154} INFO - [2025-06-01T18:15:04.260+0200] {dag.py:2941} INFO - Sync 1 DAGs
[2025-06-01T18:15:04.272+0200] {logging_mixin.py:154} INFO - [2025-06-01T18:15:04.272+0200] {dag.py:3722} INFO - Setting next_dagrun for example_short_circuit_operator to 2025-05-31T16:15:04.272155+00:00, run_after=2025-06-01T16:15:04.272155+00:00
[2025-06-01T18:15:04.289+0200] {processor.py:179} INFO - Processing /home/lohit/miniconda3/envs/airflow-env/lib/python3.8/site-packages/airflow/example_dags/example_short_circuit_operator.py took 0.055 seconds
[2025-06-01T18:15:37.457+0200] {processor.py:157} INFO - Started process (PID=29181) to work on /home/lohit/miniconda3/envs/airflow-env/lib/python3.8/site-packages/airflow/example_dags/example_short_circuit_operator.py
[2025-06-01T18:15:37.459+0200] {processor.py:829} INFO - Processing file /home/lohit/miniconda3/envs/airflow-env/lib/python3.8/site-packages/airflow/example_dags/example_short_circuit_operator.py for tasks to queue
[2025-06-01T18:15:37.459+0200] {logging_mixin.py:154} INFO - [2025-06-01T18:15:37.459+0200] {dagbag.py:536} INFO - Filling up the DagBag from /home/lohit/miniconda3/envs/airflow-env/lib/python3.8/site-packages/airflow/example_dags/example_short_circuit_operator.py
[2025-06-01T18:15:37.464+0200] {processor.py:839} INFO - DAG(s) dict_keys(['example_short_circuit_operator']) retrieved from /home/lohit/miniconda3/envs/airflow-env/lib/python3.8/site-packages/airflow/example_dags/example_short_circuit_operator.py
[2025-06-01T18:15:37.477+0200] {logging_mixin.py:154} INFO - [2025-06-01T18:15:37.477+0200] {dag.py:2941} INFO - Sync 1 DAGs
[2025-06-01T18:15:37.489+0200] {logging_mixin.py:154} INFO - [2025-06-01T18:15:37.489+0200] {dag.py:3722} INFO - Setting next_dagrun for example_short_circuit_operator to 2025-05-31T16:15:37.489215+00:00, run_after=2025-06-01T16:15:37.489215+00:00
[2025-06-01T18:15:37.505+0200] {processor.py:179} INFO - Processing /home/lohit/miniconda3/envs/airflow-env/lib/python3.8/site-packages/airflow/example_dags/example_short_circuit_operator.py took 0.050 seconds
[2025-06-01T18:16:09.417+0200] {processor.py:157} INFO - Started process (PID=29236) to work on /home/lohit/miniconda3/envs/airflow-env/lib/python3.8/site-packages/airflow/example_dags/example_short_circuit_operator.py
[2025-06-01T18:16:09.421+0200] {processor.py:829} INFO - Processing file /home/lohit/miniconda3/envs/airflow-env/lib/python3.8/site-packages/airflow/example_dags/example_short_circuit_operator.py for tasks to queue
[2025-06-01T18:16:09.421+0200] {logging_mixin.py:154} INFO - [2025-06-01T18:16:09.421+0200] {dagbag.py:536} INFO - Filling up the DagBag from /home/lohit/miniconda3/envs/airflow-env/lib/python3.8/site-packages/airflow/example_dags/example_short_circuit_operator.py
[2025-06-01T18:16:09.426+0200] {processor.py:839} INFO - DAG(s) dict_keys(['example_short_circuit_operator']) retrieved from /home/lohit/miniconda3/envs/airflow-env/lib/python3.8/site-packages/airflow/example_dags/example_short_circuit_operator.py
[2025-06-01T18:16:09.438+0200] {logging_mixin.py:154} INFO - [2025-06-01T18:16:09.438+0200] {dag.py:2941} INFO - Sync 1 DAGs
[2025-06-01T18:16:09.448+0200] {logging_mixin.py:154} INFO - [2025-06-01T18:16:09.448+0200] {dag.py:3722} INFO - Setting next_dagrun for example_short_circuit_operator to 2025-05-31T16:16:09.448638+00:00, run_after=2025-06-01T16:16:09.448638+00:00
[2025-06-01T18:16:09.464+0200] {processor.py:179} INFO - Processing /home/lohit/miniconda3/envs/airflow-env/lib/python3.8/site-packages/airflow/example_dags/example_short_circuit_operator.py took 0.049 seconds
[2025-06-01T18:16:43.737+0200] {processor.py:157} INFO - Started process (PID=29271) to work on /home/lohit/miniconda3/envs/airflow-env/lib/python3.8/site-packages/airflow/example_dags/example_short_circuit_operator.py
[2025-06-01T18:16:43.741+0200] {processor.py:829} INFO - Processing file /home/lohit/miniconda3/envs/airflow-env/lib/python3.8/site-packages/airflow/example_dags/example_short_circuit_operator.py for tasks to queue
[2025-06-01T18:16:43.741+0200] {logging_mixin.py:154} INFO - [2025-06-01T18:16:43.741+0200] {dagbag.py:536} INFO - Filling up the DagBag from /home/lohit/miniconda3/envs/airflow-env/lib/python3.8/site-packages/airflow/example_dags/example_short_circuit_operator.py
[2025-06-01T18:16:43.747+0200] {processor.py:839} INFO - DAG(s) dict_keys(['example_short_circuit_operator']) retrieved from /home/lohit/miniconda3/envs/airflow-env/lib/python3.8/site-packages/airflow/example_dags/example_short_circuit_operator.py
[2025-06-01T18:16:43.759+0200] {logging_mixin.py:154} INFO - [2025-06-01T18:16:43.758+0200] {dag.py:2941} INFO - Sync 1 DAGs
[2025-06-01T18:16:43.769+0200] {logging_mixin.py:154} INFO - [2025-06-01T18:16:43.769+0200] {dag.py:3722} INFO - Setting next_dagrun for example_short_circuit_operator to 2025-05-31T16:16:43.769464+00:00, run_after=2025-06-01T16:16:43.769464+00:00
[2025-06-01T18:16:43.786+0200] {processor.py:179} INFO - Processing /home/lohit/miniconda3/envs/airflow-env/lib/python3.8/site-packages/airflow/example_dags/example_short_circuit_operator.py took 0.051 seconds
[2025-06-01T18:17:30.515+0200] {processor.py:157} INFO - Started process (PID=29344) to work on /home/lohit/miniconda3/envs/airflow-env/lib/python3.8/site-packages/airflow/example_dags/example_short_circuit_operator.py
[2025-06-01T18:17:30.516+0200] {processor.py:829} INFO - Processing file /home/lohit/miniconda3/envs/airflow-env/lib/python3.8/site-packages/airflow/example_dags/example_short_circuit_operator.py for tasks to queue
[2025-06-01T18:17:30.517+0200] {logging_mixin.py:154} INFO - [2025-06-01T18:17:30.516+0200] {dagbag.py:536} INFO - Filling up the DagBag from /home/lohit/miniconda3/envs/airflow-env/lib/python3.8/site-packages/airflow/example_dags/example_short_circuit_operator.py
[2025-06-01T18:17:30.522+0200] {processor.py:839} INFO - DAG(s) dict_keys(['example_short_circuit_operator']) retrieved from /home/lohit/miniconda3/envs/airflow-env/lib/python3.8/site-packages/airflow/example_dags/example_short_circuit_operator.py
[2025-06-01T18:17:30.535+0200] {logging_mixin.py:154} INFO - [2025-06-01T18:17:30.535+0200] {dag.py:2941} INFO - Sync 1 DAGs
[2025-06-01T18:17:30.548+0200] {logging_mixin.py:154} INFO - [2025-06-01T18:17:30.548+0200] {dag.py:3722} INFO - Setting next_dagrun for example_short_circuit_operator to 2025-05-31T16:17:30.548191+00:00, run_after=2025-06-01T16:17:30.548191+00:00
[2025-06-01T18:17:30.566+0200] {processor.py:179} INFO - Processing /home/lohit/miniconda3/envs/airflow-env/lib/python3.8/site-packages/airflow/example_dags/example_short_circuit_operator.py took 0.053 seconds
[2025-06-01T18:18:13.864+0200] {processor.py:157} INFO - Started process (PID=29410) to work on /home/lohit/miniconda3/envs/airflow-env/lib/python3.8/site-packages/airflow/example_dags/example_short_circuit_operator.py
[2025-06-01T18:18:13.868+0200] {processor.py:829} INFO - Processing file /home/lohit/miniconda3/envs/airflow-env/lib/python3.8/site-packages/airflow/example_dags/example_short_circuit_operator.py for tasks to queue
[2025-06-01T18:18:13.869+0200] {logging_mixin.py:154} INFO - [2025-06-01T18:18:13.869+0200] {dagbag.py:536} INFO - Filling up the DagBag from /home/lohit/miniconda3/envs/airflow-env/lib/python3.8/site-packages/airflow/example_dags/example_short_circuit_operator.py
[2025-06-01T18:18:13.874+0200] {processor.py:839} INFO - DAG(s) dict_keys(['example_short_circuit_operator']) retrieved from /home/lohit/miniconda3/envs/airflow-env/lib/python3.8/site-packages/airflow/example_dags/example_short_circuit_operator.py
[2025-06-01T18:18:13.885+0200] {logging_mixin.py:154} INFO - [2025-06-01T18:18:13.885+0200] {dag.py:2941} INFO - Sync 1 DAGs
[2025-06-01T18:18:13.896+0200] {logging_mixin.py:154} INFO - [2025-06-01T18:18:13.896+0200] {dag.py:3722} INFO - Setting next_dagrun for example_short_circuit_operator to 2025-05-31T16:18:13.896447+00:00, run_after=2025-06-01T16:18:13.896447+00:00
[2025-06-01T18:18:13.913+0200] {processor.py:179} INFO - Processing /home/lohit/miniconda3/envs/airflow-env/lib/python3.8/site-packages/airflow/example_dags/example_short_circuit_operator.py took 0.050 seconds
[2025-06-01T18:18:59.178+0200] {processor.py:157} INFO - Started process (PID=29479) to work on /home/lohit/miniconda3/envs/airflow-env/lib/python3.8/site-packages/airflow/example_dags/example_short_circuit_operator.py
[2025-06-01T18:18:59.179+0200] {processor.py:829} INFO - Processing file /home/lohit/miniconda3/envs/airflow-env/lib/python3.8/site-packages/airflow/example_dags/example_short_circuit_operator.py for tasks to queue
[2025-06-01T18:18:59.180+0200] {logging_mixin.py:154} INFO - [2025-06-01T18:18:59.180+0200] {dagbag.py:536} INFO - Filling up the DagBag from /home/lohit/miniconda3/envs/airflow-env/lib/python3.8/site-packages/airflow/example_dags/example_short_circuit_operator.py
[2025-06-01T18:18:59.187+0200] {processor.py:839} INFO - DAG(s) dict_keys(['example_short_circuit_operator']) retrieved from /home/lohit/miniconda3/envs/airflow-env/lib/python3.8/site-packages/airflow/example_dags/example_short_circuit_operator.py
[2025-06-01T18:18:59.197+0200] {logging_mixin.py:154} INFO - [2025-06-01T18:18:59.197+0200] {dag.py:2941} INFO - Sync 1 DAGs
[2025-06-01T18:18:59.210+0200] {logging_mixin.py:154} INFO - [2025-06-01T18:18:59.210+0200] {dag.py:3722} INFO - Setting next_dagrun for example_short_circuit_operator to 2025-05-31T16:18:59.210533+00:00, run_after=2025-06-01T16:18:59.210533+00:00
[2025-06-01T18:18:59.225+0200] {processor.py:179} INFO - Processing /home/lohit/miniconda3/envs/airflow-env/lib/python3.8/site-packages/airflow/example_dags/example_short_circuit_operator.py took 0.049 seconds
[2025-06-01T18:19:33.153+0200] {processor.py:157} INFO - Started process (PID=29534) to work on /home/lohit/miniconda3/envs/airflow-env/lib/python3.8/site-packages/airflow/example_dags/example_short_circuit_operator.py
[2025-06-01T18:19:33.157+0200] {processor.py:829} INFO - Processing file /home/lohit/miniconda3/envs/airflow-env/lib/python3.8/site-packages/airflow/example_dags/example_short_circuit_operator.py for tasks to queue
[2025-06-01T18:19:33.157+0200] {logging_mixin.py:154} INFO - [2025-06-01T18:19:33.157+0200] {dagbag.py:536} INFO - Filling up the DagBag from /home/lohit/miniconda3/envs/airflow-env/lib/python3.8/site-packages/airflow/example_dags/example_short_circuit_operator.py
[2025-06-01T18:19:33.163+0200] {processor.py:839} INFO - DAG(s) dict_keys(['example_short_circuit_operator']) retrieved from /home/lohit/miniconda3/envs/airflow-env/lib/python3.8/site-packages/airflow/example_dags/example_short_circuit_operator.py
[2025-06-01T18:19:33.176+0200] {logging_mixin.py:154} INFO - [2025-06-01T18:19:33.176+0200] {dag.py:2941} INFO - Sync 1 DAGs
[2025-06-01T18:19:33.188+0200] {logging_mixin.py:154} INFO - [2025-06-01T18:19:33.188+0200] {dag.py:3722} INFO - Setting next_dagrun for example_short_circuit_operator to 2025-05-31T16:19:33.187929+00:00, run_after=2025-06-01T16:19:33.187929+00:00
[2025-06-01T18:19:33.204+0200] {processor.py:179} INFO - Processing /home/lohit/miniconda3/envs/airflow-env/lib/python3.8/site-packages/airflow/example_dags/example_short_circuit_operator.py took 0.053 seconds
[2025-06-01T18:20:19.351+0200] {processor.py:157} INFO - Started process (PID=29603) to work on /home/lohit/miniconda3/envs/airflow-env/lib/python3.8/site-packages/airflow/example_dags/example_short_circuit_operator.py
[2025-06-01T18:20:19.354+0200] {processor.py:829} INFO - Processing file /home/lohit/miniconda3/envs/airflow-env/lib/python3.8/site-packages/airflow/example_dags/example_short_circuit_operator.py for tasks to queue
[2025-06-01T18:20:19.355+0200] {logging_mixin.py:154} INFO - [2025-06-01T18:20:19.355+0200] {dagbag.py:536} INFO - Filling up the DagBag from /home/lohit/miniconda3/envs/airflow-env/lib/python3.8/site-packages/airflow/example_dags/example_short_circuit_operator.py
[2025-06-01T18:20:19.361+0200] {processor.py:839} INFO - DAG(s) dict_keys(['example_short_circuit_operator']) retrieved from /home/lohit/miniconda3/envs/airflow-env/lib/python3.8/site-packages/airflow/example_dags/example_short_circuit_operator.py
[2025-06-01T18:20:19.373+0200] {logging_mixin.py:154} INFO - [2025-06-01T18:20:19.373+0200] {dag.py:2941} INFO - Sync 1 DAGs
[2025-06-01T18:20:19.385+0200] {logging_mixin.py:154} INFO - [2025-06-01T18:20:19.385+0200] {dag.py:3722} INFO - Setting next_dagrun for example_short_circuit_operator to 2025-05-31T16:20:19.385048+00:00, run_after=2025-06-01T16:20:19.385048+00:00
[2025-06-01T18:20:19.403+0200] {processor.py:179} INFO - Processing /home/lohit/miniconda3/envs/airflow-env/lib/python3.8/site-packages/airflow/example_dags/example_short_circuit_operator.py took 0.054 seconds
[2025-06-01T18:20:52.941+0200] {processor.py:157} INFO - Started process (PID=29658) to work on /home/lohit/miniconda3/envs/airflow-env/lib/python3.8/site-packages/airflow/example_dags/example_short_circuit_operator.py
[2025-06-01T18:20:52.945+0200] {processor.py:829} INFO - Processing file /home/lohit/miniconda3/envs/airflow-env/lib/python3.8/site-packages/airflow/example_dags/example_short_circuit_operator.py for tasks to queue
[2025-06-01T18:20:52.945+0200] {logging_mixin.py:154} INFO - [2025-06-01T18:20:52.945+0200] {dagbag.py:536} INFO - Filling up the DagBag from /home/lohit/miniconda3/envs/airflow-env/lib/python3.8/site-packages/airflow/example_dags/example_short_circuit_operator.py
[2025-06-01T18:20:52.951+0200] {processor.py:839} INFO - DAG(s) dict_keys(['example_short_circuit_operator']) retrieved from /home/lohit/miniconda3/envs/airflow-env/lib/python3.8/site-packages/airflow/example_dags/example_short_circuit_operator.py
[2025-06-01T18:20:52.962+0200] {logging_mixin.py:154} INFO - [2025-06-01T18:20:52.962+0200] {dag.py:2941} INFO - Sync 1 DAGs
[2025-06-01T18:20:52.975+0200] {logging_mixin.py:154} INFO - [2025-06-01T18:20:52.975+0200] {dag.py:3722} INFO - Setting next_dagrun for example_short_circuit_operator to 2025-05-31T16:20:52.974825+00:00, run_after=2025-06-01T16:20:52.974825+00:00
[2025-06-01T18:20:52.992+0200] {processor.py:179} INFO - Processing /home/lohit/miniconda3/envs/airflow-env/lib/python3.8/site-packages/airflow/example_dags/example_short_circuit_operator.py took 0.053 seconds
[2025-06-01T18:21:40.801+0200] {processor.py:157} INFO - Started process (PID=29729) to work on /home/lohit/miniconda3/envs/airflow-env/lib/python3.8/site-packages/airflow/example_dags/example_short_circuit_operator.py
[2025-06-01T18:21:40.805+0200] {processor.py:829} INFO - Processing file /home/lohit/miniconda3/envs/airflow-env/lib/python3.8/site-packages/airflow/example_dags/example_short_circuit_operator.py for tasks to queue
[2025-06-01T18:21:40.805+0200] {logging_mixin.py:154} INFO - [2025-06-01T18:21:40.805+0200] {dagbag.py:536} INFO - Filling up the DagBag from /home/lohit/miniconda3/envs/airflow-env/lib/python3.8/site-packages/airflow/example_dags/example_short_circuit_operator.py
[2025-06-01T18:21:40.811+0200] {processor.py:839} INFO - DAG(s) dict_keys(['example_short_circuit_operator']) retrieved from /home/lohit/miniconda3/envs/airflow-env/lib/python3.8/site-packages/airflow/example_dags/example_short_circuit_operator.py
[2025-06-01T18:21:40.822+0200] {logging_mixin.py:154} INFO - [2025-06-01T18:21:40.822+0200] {dag.py:2941} INFO - Sync 1 DAGs
[2025-06-01T18:21:40.833+0200] {logging_mixin.py:154} INFO - [2025-06-01T18:21:40.833+0200] {dag.py:3722} INFO - Setting next_dagrun for example_short_circuit_operator to 2025-05-31T16:21:40.833506+00:00, run_after=2025-06-01T16:21:40.833506+00:00
[2025-06-01T18:21:40.849+0200] {processor.py:179} INFO - Processing /home/lohit/miniconda3/envs/airflow-env/lib/python3.8/site-packages/airflow/example_dags/example_short_circuit_operator.py took 0.050 seconds
[2025-06-01T18:22:25.880+0200] {processor.py:157} INFO - Started process (PID=29798) to work on /home/lohit/miniconda3/envs/airflow-env/lib/python3.8/site-packages/airflow/example_dags/example_short_circuit_operator.py
[2025-06-01T18:22:25.884+0200] {processor.py:829} INFO - Processing file /home/lohit/miniconda3/envs/airflow-env/lib/python3.8/site-packages/airflow/example_dags/example_short_circuit_operator.py for tasks to queue
[2025-06-01T18:22:25.885+0200] {logging_mixin.py:154} INFO - [2025-06-01T18:22:25.884+0200] {dagbag.py:536} INFO - Filling up the DagBag from /home/lohit/miniconda3/envs/airflow-env/lib/python3.8/site-packages/airflow/example_dags/example_short_circuit_operator.py
[2025-06-01T18:22:25.890+0200] {processor.py:839} INFO - DAG(s) dict_keys(['example_short_circuit_operator']) retrieved from /home/lohit/miniconda3/envs/airflow-env/lib/python3.8/site-packages/airflow/example_dags/example_short_circuit_operator.py
[2025-06-01T18:22:25.901+0200] {logging_mixin.py:154} INFO - [2025-06-01T18:22:25.901+0200] {dag.py:2941} INFO - Sync 1 DAGs
[2025-06-01T18:22:25.914+0200] {logging_mixin.py:154} INFO - [2025-06-01T18:22:25.914+0200] {dag.py:3722} INFO - Setting next_dagrun for example_short_circuit_operator to 2025-05-31T16:22:25.914347+00:00, run_after=2025-06-01T16:22:25.914347+00:00
[2025-06-01T18:22:25.929+0200] {processor.py:179} INFO - Processing /home/lohit/miniconda3/envs/airflow-env/lib/python3.8/site-packages/airflow/example_dags/example_short_circuit_operator.py took 0.053 seconds
[2025-06-01T18:22:59.177+0200] {processor.py:157} INFO - Started process (PID=29832) to work on /home/lohit/miniconda3/envs/airflow-env/lib/python3.8/site-packages/airflow/example_dags/example_short_circuit_operator.py
[2025-06-01T18:22:59.180+0200] {processor.py:829} INFO - Processing file /home/lohit/miniconda3/envs/airflow-env/lib/python3.8/site-packages/airflow/example_dags/example_short_circuit_operator.py for tasks to queue
[2025-06-01T18:22:59.181+0200] {logging_mixin.py:154} INFO - [2025-06-01T18:22:59.180+0200] {dagbag.py:536} INFO - Filling up the DagBag from /home/lohit/miniconda3/envs/airflow-env/lib/python3.8/site-packages/airflow/example_dags/example_short_circuit_operator.py
[2025-06-01T18:22:59.186+0200] {processor.py:839} INFO - DAG(s) dict_keys(['example_short_circuit_operator']) retrieved from /home/lohit/miniconda3/envs/airflow-env/lib/python3.8/site-packages/airflow/example_dags/example_short_circuit_operator.py
[2025-06-01T18:22:59.199+0200] {logging_mixin.py:154} INFO - [2025-06-01T18:22:59.199+0200] {dag.py:2941} INFO - Sync 1 DAGs
[2025-06-01T18:22:59.212+0200] {logging_mixin.py:154} INFO - [2025-06-01T18:22:59.212+0200] {dag.py:3722} INFO - Setting next_dagrun for example_short_circuit_operator to 2025-05-31T16:22:59.212288+00:00, run_after=2025-06-01T16:22:59.212288+00:00
[2025-06-01T18:22:59.230+0200] {processor.py:179} INFO - Processing /home/lohit/miniconda3/envs/airflow-env/lib/python3.8/site-packages/airflow/example_dags/example_short_circuit_operator.py took 0.055 seconds
[2025-06-01T18:23:31.866+0200] {processor.py:157} INFO - Started process (PID=29886) to work on /home/lohit/miniconda3/envs/airflow-env/lib/python3.8/site-packages/airflow/example_dags/example_short_circuit_operator.py
[2025-06-01T18:23:31.867+0200] {processor.py:829} INFO - Processing file /home/lohit/miniconda3/envs/airflow-env/lib/python3.8/site-packages/airflow/example_dags/example_short_circuit_operator.py for tasks to queue
[2025-06-01T18:23:31.868+0200] {logging_mixin.py:154} INFO - [2025-06-01T18:23:31.868+0200] {dagbag.py:536} INFO - Filling up the DagBag from /home/lohit/miniconda3/envs/airflow-env/lib/python3.8/site-packages/airflow/example_dags/example_short_circuit_operator.py
[2025-06-01T18:23:31.873+0200] {processor.py:839} INFO - DAG(s) dict_keys(['example_short_circuit_operator']) retrieved from /home/lohit/miniconda3/envs/airflow-env/lib/python3.8/site-packages/airflow/example_dags/example_short_circuit_operator.py
[2025-06-01T18:23:31.884+0200] {logging_mixin.py:154} INFO - [2025-06-01T18:23:31.884+0200] {dag.py:2941} INFO - Sync 1 DAGs
[2025-06-01T18:23:31.894+0200] {logging_mixin.py:154} INFO - [2025-06-01T18:23:31.894+0200] {dag.py:3722} INFO - Setting next_dagrun for example_short_circuit_operator to 2025-05-31T16:23:31.894106+00:00, run_after=2025-06-01T16:23:31.894106+00:00
[2025-06-01T18:23:31.911+0200] {processor.py:179} INFO - Processing /home/lohit/miniconda3/envs/airflow-env/lib/python3.8/site-packages/airflow/example_dags/example_short_circuit_operator.py took 0.047 seconds
[2025-06-01T18:24:04.215+0200] {processor.py:157} INFO - Started process (PID=29941) to work on /home/lohit/miniconda3/envs/airflow-env/lib/python3.8/site-packages/airflow/example_dags/example_short_circuit_operator.py
[2025-06-01T18:24:04.219+0200] {processor.py:829} INFO - Processing file /home/lohit/miniconda3/envs/airflow-env/lib/python3.8/site-packages/airflow/example_dags/example_short_circuit_operator.py for tasks to queue
[2025-06-01T18:24:04.219+0200] {logging_mixin.py:154} INFO - [2025-06-01T18:24:04.219+0200] {dagbag.py:536} INFO - Filling up the DagBag from /home/lohit/miniconda3/envs/airflow-env/lib/python3.8/site-packages/airflow/example_dags/example_short_circuit_operator.py
[2025-06-01T18:24:04.224+0200] {processor.py:839} INFO - DAG(s) dict_keys(['example_short_circuit_operator']) retrieved from /home/lohit/miniconda3/envs/airflow-env/lib/python3.8/site-packages/airflow/example_dags/example_short_circuit_operator.py
[2025-06-01T18:24:04.234+0200] {logging_mixin.py:154} INFO - [2025-06-01T18:24:04.234+0200] {dag.py:2941} INFO - Sync 1 DAGs
[2025-06-01T18:24:04.245+0200] {logging_mixin.py:154} INFO - [2025-06-01T18:24:04.245+0200] {dag.py:3722} INFO - Setting next_dagrun for example_short_circuit_operator to 2025-05-31T16:24:04.245063+00:00, run_after=2025-06-01T16:24:04.245063+00:00
[2025-06-01T18:24:04.261+0200] {processor.py:179} INFO - Processing /home/lohit/miniconda3/envs/airflow-env/lib/python3.8/site-packages/airflow/example_dags/example_short_circuit_operator.py took 0.047 seconds
[2025-06-01T18:24:50.008+0200] {processor.py:157} INFO - Started process (PID=30009) to work on /home/lohit/miniconda3/envs/airflow-env/lib/python3.8/site-packages/airflow/example_dags/example_short_circuit_operator.py
[2025-06-01T18:24:50.011+0200] {processor.py:829} INFO - Processing file /home/lohit/miniconda3/envs/airflow-env/lib/python3.8/site-packages/airflow/example_dags/example_short_circuit_operator.py for tasks to queue
[2025-06-01T18:24:50.012+0200] {logging_mixin.py:154} INFO - [2025-06-01T18:24:50.011+0200] {dagbag.py:536} INFO - Filling up the DagBag from /home/lohit/miniconda3/envs/airflow-env/lib/python3.8/site-packages/airflow/example_dags/example_short_circuit_operator.py
[2025-06-01T18:24:50.017+0200] {processor.py:839} INFO - DAG(s) dict_keys(['example_short_circuit_operator']) retrieved from /home/lohit/miniconda3/envs/airflow-env/lib/python3.8/site-packages/airflow/example_dags/example_short_circuit_operator.py
[2025-06-01T18:24:50.028+0200] {logging_mixin.py:154} INFO - [2025-06-01T18:24:50.028+0200] {dag.py:2941} INFO - Sync 1 DAGs
[2025-06-01T18:24:50.040+0200] {logging_mixin.py:154} INFO - [2025-06-01T18:24:50.040+0200] {dag.py:3722} INFO - Setting next_dagrun for example_short_circuit_operator to 2025-05-31T16:24:50.040275+00:00, run_after=2025-06-01T16:24:50.040275+00:00
[2025-06-01T18:24:50.056+0200] {processor.py:179} INFO - Processing /home/lohit/miniconda3/envs/airflow-env/lib/python3.8/site-packages/airflow/example_dags/example_short_circuit_operator.py took 0.050 seconds
[2025-06-01T18:25:23.102+0200] {processor.py:157} INFO - Started process (PID=30043) to work on /home/lohit/miniconda3/envs/airflow-env/lib/python3.8/site-packages/airflow/example_dags/example_short_circuit_operator.py
[2025-06-01T18:25:23.103+0200] {processor.py:829} INFO - Processing file /home/lohit/miniconda3/envs/airflow-env/lib/python3.8/site-packages/airflow/example_dags/example_short_circuit_operator.py for tasks to queue
[2025-06-01T18:25:23.104+0200] {logging_mixin.py:154} INFO - [2025-06-01T18:25:23.104+0200] {dagbag.py:536} INFO - Filling up the DagBag from /home/lohit/miniconda3/envs/airflow-env/lib/python3.8/site-packages/airflow/example_dags/example_short_circuit_operator.py
[2025-06-01T18:25:23.110+0200] {processor.py:839} INFO - DAG(s) dict_keys(['example_short_circuit_operator']) retrieved from /home/lohit/miniconda3/envs/airflow-env/lib/python3.8/site-packages/airflow/example_dags/example_short_circuit_operator.py
[2025-06-01T18:25:23.122+0200] {logging_mixin.py:154} INFO - [2025-06-01T18:25:23.121+0200] {dag.py:2941} INFO - Sync 1 DAGs
[2025-06-01T18:25:23.135+0200] {logging_mixin.py:154} INFO - [2025-06-01T18:25:23.135+0200] {dag.py:3722} INFO - Setting next_dagrun for example_short_circuit_operator to 2025-05-31T16:25:23.135004+00:00, run_after=2025-06-01T16:25:23.135004+00:00
[2025-06-01T18:25:23.156+0200] {processor.py:179} INFO - Processing /home/lohit/miniconda3/envs/airflow-env/lib/python3.8/site-packages/airflow/example_dags/example_short_circuit_operator.py took 0.056 seconds
[2025-06-01T18:26:07.360+0200] {processor.py:157} INFO - Started process (PID=30113) to work on /home/lohit/miniconda3/envs/airflow-env/lib/python3.8/site-packages/airflow/example_dags/example_short_circuit_operator.py
[2025-06-01T18:26:07.364+0200] {processor.py:829} INFO - Processing file /home/lohit/miniconda3/envs/airflow-env/lib/python3.8/site-packages/airflow/example_dags/example_short_circuit_operator.py for tasks to queue
[2025-06-01T18:26:07.364+0200] {logging_mixin.py:154} INFO - [2025-06-01T18:26:07.364+0200] {dagbag.py:536} INFO - Filling up the DagBag from /home/lohit/miniconda3/envs/airflow-env/lib/python3.8/site-packages/airflow/example_dags/example_short_circuit_operator.py
[2025-06-01T18:26:07.369+0200] {processor.py:839} INFO - DAG(s) dict_keys(['example_short_circuit_operator']) retrieved from /home/lohit/miniconda3/envs/airflow-env/lib/python3.8/site-packages/airflow/example_dags/example_short_circuit_operator.py
[2025-06-01T18:26:07.383+0200] {logging_mixin.py:154} INFO - [2025-06-01T18:26:07.383+0200] {dag.py:2941} INFO - Sync 1 DAGs
[2025-06-01T18:26:07.394+0200] {logging_mixin.py:154} INFO - [2025-06-01T18:26:07.394+0200] {dag.py:3722} INFO - Setting next_dagrun for example_short_circuit_operator to 2025-05-31T16:26:07.394504+00:00, run_after=2025-06-01T16:26:07.394504+00:00
[2025-06-01T18:26:07.410+0200] {processor.py:179} INFO - Processing /home/lohit/miniconda3/envs/airflow-env/lib/python3.8/site-packages/airflow/example_dags/example_short_circuit_operator.py took 0.052 seconds
[2025-06-01T18:26:40.959+0200] {processor.py:157} INFO - Started process (PID=30167) to work on /home/lohit/miniconda3/envs/airflow-env/lib/python3.8/site-packages/airflow/example_dags/example_short_circuit_operator.py
[2025-06-01T18:26:40.960+0200] {processor.py:829} INFO - Processing file /home/lohit/miniconda3/envs/airflow-env/lib/python3.8/site-packages/airflow/example_dags/example_short_circuit_operator.py for tasks to queue
[2025-06-01T18:26:40.961+0200] {logging_mixin.py:154} INFO - [2025-06-01T18:26:40.961+0200] {dagbag.py:536} INFO - Filling up the DagBag from /home/lohit/miniconda3/envs/airflow-env/lib/python3.8/site-packages/airflow/example_dags/example_short_circuit_operator.py
[2025-06-01T18:26:40.966+0200] {processor.py:839} INFO - DAG(s) dict_keys(['example_short_circuit_operator']) retrieved from /home/lohit/miniconda3/envs/airflow-env/lib/python3.8/site-packages/airflow/example_dags/example_short_circuit_operator.py
[2025-06-01T18:26:40.978+0200] {logging_mixin.py:154} INFO - [2025-06-01T18:26:40.978+0200] {dag.py:2941} INFO - Sync 1 DAGs
[2025-06-01T18:26:40.990+0200] {logging_mixin.py:154} INFO - [2025-06-01T18:26:40.990+0200] {dag.py:3722} INFO - Setting next_dagrun for example_short_circuit_operator to 2025-05-31T16:26:40.990303+00:00, run_after=2025-06-01T16:26:40.990303+00:00
[2025-06-01T18:26:41.007+0200] {processor.py:179} INFO - Processing /home/lohit/miniconda3/envs/airflow-env/lib/python3.8/site-packages/airflow/example_dags/example_short_circuit_operator.py took 0.050 seconds
[2025-06-01T18:27:24.093+0200] {processor.py:157} INFO - Started process (PID=30235) to work on /home/lohit/miniconda3/envs/airflow-env/lib/python3.8/site-packages/airflow/example_dags/example_short_circuit_operator.py
[2025-06-01T18:27:24.095+0200] {processor.py:829} INFO - Processing file /home/lohit/miniconda3/envs/airflow-env/lib/python3.8/site-packages/airflow/example_dags/example_short_circuit_operator.py for tasks to queue
[2025-06-01T18:27:24.095+0200] {logging_mixin.py:154} INFO - [2025-06-01T18:27:24.095+0200] {dagbag.py:536} INFO - Filling up the DagBag from /home/lohit/miniconda3/envs/airflow-env/lib/python3.8/site-packages/airflow/example_dags/example_short_circuit_operator.py
[2025-06-01T18:27:24.101+0200] {processor.py:839} INFO - DAG(s) dict_keys(['example_short_circuit_operator']) retrieved from /home/lohit/miniconda3/envs/airflow-env/lib/python3.8/site-packages/airflow/example_dags/example_short_circuit_operator.py
[2025-06-01T18:27:24.112+0200] {logging_mixin.py:154} INFO - [2025-06-01T18:27:24.112+0200] {dag.py:2941} INFO - Sync 1 DAGs
[2025-06-01T18:27:24.127+0200] {logging_mixin.py:154} INFO - [2025-06-01T18:27:24.127+0200] {dag.py:3722} INFO - Setting next_dagrun for example_short_circuit_operator to 2025-05-31T16:27:24.126968+00:00, run_after=2025-06-01T16:27:24.126968+00:00
[2025-06-01T18:27:24.147+0200] {processor.py:179} INFO - Processing /home/lohit/miniconda3/envs/airflow-env/lib/python3.8/site-packages/airflow/example_dags/example_short_circuit_operator.py took 0.056 seconds
[2025-06-01T18:27:57.706+0200] {processor.py:157} INFO - Started process (PID=30290) to work on /home/lohit/miniconda3/envs/airflow-env/lib/python3.8/site-packages/airflow/example_dags/example_short_circuit_operator.py
[2025-06-01T18:27:57.709+0200] {processor.py:829} INFO - Processing file /home/lohit/miniconda3/envs/airflow-env/lib/python3.8/site-packages/airflow/example_dags/example_short_circuit_operator.py for tasks to queue
[2025-06-01T18:27:57.710+0200] {logging_mixin.py:154} INFO - [2025-06-01T18:27:57.710+0200] {dagbag.py:536} INFO - Filling up the DagBag from /home/lohit/miniconda3/envs/airflow-env/lib/python3.8/site-packages/airflow/example_dags/example_short_circuit_operator.py
[2025-06-01T18:27:57.715+0200] {processor.py:839} INFO - DAG(s) dict_keys(['example_short_circuit_operator']) retrieved from /home/lohit/miniconda3/envs/airflow-env/lib/python3.8/site-packages/airflow/example_dags/example_short_circuit_operator.py
[2025-06-01T18:27:57.726+0200] {logging_mixin.py:154} INFO - [2025-06-01T18:27:57.726+0200] {dag.py:2941} INFO - Sync 1 DAGs
[2025-06-01T18:27:57.737+0200] {logging_mixin.py:154} INFO - [2025-06-01T18:27:57.737+0200] {dag.py:3722} INFO - Setting next_dagrun for example_short_circuit_operator to 2025-05-31T16:27:57.737471+00:00, run_after=2025-06-01T16:27:57.737471+00:00
[2025-06-01T18:27:57.756+0200] {processor.py:179} INFO - Processing /home/lohit/miniconda3/envs/airflow-env/lib/python3.8/site-packages/airflow/example_dags/example_short_circuit_operator.py took 0.052 seconds
[2025-06-01T18:28:31.390+0200] {processor.py:157} INFO - Started process (PID=30324) to work on /home/lohit/miniconda3/envs/airflow-env/lib/python3.8/site-packages/airflow/example_dags/example_short_circuit_operator.py
[2025-06-01T18:28:31.393+0200] {processor.py:829} INFO - Processing file /home/lohit/miniconda3/envs/airflow-env/lib/python3.8/site-packages/airflow/example_dags/example_short_circuit_operator.py for tasks to queue
[2025-06-01T18:28:31.394+0200] {logging_mixin.py:154} INFO - [2025-06-01T18:28:31.394+0200] {dagbag.py:536} INFO - Filling up the DagBag from /home/lohit/miniconda3/envs/airflow-env/lib/python3.8/site-packages/airflow/example_dags/example_short_circuit_operator.py
[2025-06-01T18:28:31.399+0200] {processor.py:839} INFO - DAG(s) dict_keys(['example_short_circuit_operator']) retrieved from /home/lohit/miniconda3/envs/airflow-env/lib/python3.8/site-packages/airflow/example_dags/example_short_circuit_operator.py
[2025-06-01T18:28:31.408+0200] {logging_mixin.py:154} INFO - [2025-06-01T18:28:31.408+0200] {dag.py:2941} INFO - Sync 1 DAGs
[2025-06-01T18:28:31.418+0200] {logging_mixin.py:154} INFO - [2025-06-01T18:28:31.418+0200] {dag.py:3722} INFO - Setting next_dagrun for example_short_circuit_operator to 2025-05-31T16:28:31.418217+00:00, run_after=2025-06-01T16:28:31.418217+00:00
[2025-06-01T18:28:31.432+0200] {processor.py:179} INFO - Processing /home/lohit/miniconda3/envs/airflow-env/lib/python3.8/site-packages/airflow/example_dags/example_short_circuit_operator.py took 0.044 seconds
[2025-06-01T18:29:14.692+0200] {processor.py:157} INFO - Started process (PID=30392) to work on /home/lohit/miniconda3/envs/airflow-env/lib/python3.8/site-packages/airflow/example_dags/example_short_circuit_operator.py
[2025-06-01T18:29:14.696+0200] {processor.py:829} INFO - Processing file /home/lohit/miniconda3/envs/airflow-env/lib/python3.8/site-packages/airflow/example_dags/example_short_circuit_operator.py for tasks to queue
[2025-06-01T18:29:14.696+0200] {logging_mixin.py:154} INFO - [2025-06-01T18:29:14.696+0200] {dagbag.py:536} INFO - Filling up the DagBag from /home/lohit/miniconda3/envs/airflow-env/lib/python3.8/site-packages/airflow/example_dags/example_short_circuit_operator.py
[2025-06-01T18:29:14.702+0200] {processor.py:839} INFO - DAG(s) dict_keys(['example_short_circuit_operator']) retrieved from /home/lohit/miniconda3/envs/airflow-env/lib/python3.8/site-packages/airflow/example_dags/example_short_circuit_operator.py
[2025-06-01T18:29:14.714+0200] {logging_mixin.py:154} INFO - [2025-06-01T18:29:14.714+0200] {dag.py:2941} INFO - Sync 1 DAGs
[2025-06-01T18:29:14.727+0200] {logging_mixin.py:154} INFO - [2025-06-01T18:29:14.726+0200] {dag.py:3722} INFO - Setting next_dagrun for example_short_circuit_operator to 2025-05-31T16:29:14.726747+00:00, run_after=2025-06-01T16:29:14.726747+00:00
[2025-06-01T18:29:14.749+0200] {processor.py:179} INFO - Processing /home/lohit/miniconda3/envs/airflow-env/lib/python3.8/site-packages/airflow/example_dags/example_short_circuit_operator.py took 0.059 seconds
[2025-06-01T18:30:02.621+0200] {processor.py:157} INFO - Started process (PID=30462) to work on /home/lohit/miniconda3/envs/airflow-env/lib/python3.8/site-packages/airflow/example_dags/example_short_circuit_operator.py
[2025-06-01T18:30:02.624+0200] {processor.py:829} INFO - Processing file /home/lohit/miniconda3/envs/airflow-env/lib/python3.8/site-packages/airflow/example_dags/example_short_circuit_operator.py for tasks to queue
[2025-06-01T18:30:02.625+0200] {logging_mixin.py:154} INFO - [2025-06-01T18:30:02.625+0200] {dagbag.py:536} INFO - Filling up the DagBag from /home/lohit/miniconda3/envs/airflow-env/lib/python3.8/site-packages/airflow/example_dags/example_short_circuit_operator.py
[2025-06-01T18:30:02.631+0200] {processor.py:839} INFO - DAG(s) dict_keys(['example_short_circuit_operator']) retrieved from /home/lohit/miniconda3/envs/airflow-env/lib/python3.8/site-packages/airflow/example_dags/example_short_circuit_operator.py
[2025-06-01T18:30:02.644+0200] {logging_mixin.py:154} INFO - [2025-06-01T18:30:02.644+0200] {dag.py:2941} INFO - Sync 1 DAGs
[2025-06-01T18:30:02.658+0200] {logging_mixin.py:154} INFO - [2025-06-01T18:30:02.658+0200] {dag.py:3722} INFO - Setting next_dagrun for example_short_circuit_operator to 2025-05-31T16:30:02.658012+00:00, run_after=2025-06-01T16:30:02.658012+00:00
[2025-06-01T18:30:02.674+0200] {processor.py:179} INFO - Processing /home/lohit/miniconda3/envs/airflow-env/lib/python3.8/site-packages/airflow/example_dags/example_short_circuit_operator.py took 0.055 seconds
[2025-06-01T18:30:43.732+0200] {processor.py:157} INFO - Started process (PID=30528) to work on /home/lohit/miniconda3/envs/airflow-env/lib/python3.8/site-packages/airflow/example_dags/example_short_circuit_operator.py
[2025-06-01T18:30:43.735+0200] {processor.py:829} INFO - Processing file /home/lohit/miniconda3/envs/airflow-env/lib/python3.8/site-packages/airflow/example_dags/example_short_circuit_operator.py for tasks to queue
[2025-06-01T18:30:43.736+0200] {logging_mixin.py:154} INFO - [2025-06-01T18:30:43.736+0200] {dagbag.py:536} INFO - Filling up the DagBag from /home/lohit/miniconda3/envs/airflow-env/lib/python3.8/site-packages/airflow/example_dags/example_short_circuit_operator.py
[2025-06-01T18:30:43.741+0200] {processor.py:839} INFO - DAG(s) dict_keys(['example_short_circuit_operator']) retrieved from /home/lohit/miniconda3/envs/airflow-env/lib/python3.8/site-packages/airflow/example_dags/example_short_circuit_operator.py
[2025-06-01T18:30:43.752+0200] {logging_mixin.py:154} INFO - [2025-06-01T18:30:43.752+0200] {dag.py:2941} INFO - Sync 1 DAGs
[2025-06-01T18:30:43.764+0200] {logging_mixin.py:154} INFO - [2025-06-01T18:30:43.764+0200] {dag.py:3722} INFO - Setting next_dagrun for example_short_circuit_operator to 2025-05-31T16:30:43.763992+00:00, run_after=2025-06-01T16:30:43.763992+00:00
[2025-06-01T18:30:43.781+0200] {processor.py:179} INFO - Processing /home/lohit/miniconda3/envs/airflow-env/lib/python3.8/site-packages/airflow/example_dags/example_short_circuit_operator.py took 0.051 seconds
[2025-06-01T18:31:30.071+0200] {processor.py:157} INFO - Started process (PID=30598) to work on /home/lohit/miniconda3/envs/airflow-env/lib/python3.8/site-packages/airflow/example_dags/example_short_circuit_operator.py
[2025-06-01T18:31:30.074+0200] {processor.py:829} INFO - Processing file /home/lohit/miniconda3/envs/airflow-env/lib/python3.8/site-packages/airflow/example_dags/example_short_circuit_operator.py for tasks to queue
[2025-06-01T18:31:30.075+0200] {logging_mixin.py:154} INFO - [2025-06-01T18:31:30.074+0200] {dagbag.py:536} INFO - Filling up the DagBag from /home/lohit/miniconda3/envs/airflow-env/lib/python3.8/site-packages/airflow/example_dags/example_short_circuit_operator.py
[2025-06-01T18:31:30.080+0200] {processor.py:839} INFO - DAG(s) dict_keys(['example_short_circuit_operator']) retrieved from /home/lohit/miniconda3/envs/airflow-env/lib/python3.8/site-packages/airflow/example_dags/example_short_circuit_operator.py
[2025-06-01T18:31:30.092+0200] {logging_mixin.py:154} INFO - [2025-06-01T18:31:30.092+0200] {dag.py:2941} INFO - Sync 1 DAGs
[2025-06-01T18:31:30.104+0200] {logging_mixin.py:154} INFO - [2025-06-01T18:31:30.104+0200] {dag.py:3722} INFO - Setting next_dagrun for example_short_circuit_operator to 2025-05-31T16:31:30.103851+00:00, run_after=2025-06-01T16:31:30.103851+00:00
[2025-06-01T18:31:30.118+0200] {processor.py:179} INFO - Processing /home/lohit/miniconda3/envs/airflow-env/lib/python3.8/site-packages/airflow/example_dags/example_short_circuit_operator.py took 0.050 seconds
[2025-06-01T18:32:14.256+0200] {processor.py:157} INFO - Started process (PID=30666) to work on /home/lohit/miniconda3/envs/airflow-env/lib/python3.8/site-packages/airflow/example_dags/example_short_circuit_operator.py
[2025-06-01T18:32:14.260+0200] {processor.py:829} INFO - Processing file /home/lohit/miniconda3/envs/airflow-env/lib/python3.8/site-packages/airflow/example_dags/example_short_circuit_operator.py for tasks to queue
[2025-06-01T18:32:14.260+0200] {logging_mixin.py:154} INFO - [2025-06-01T18:32:14.260+0200] {dagbag.py:536} INFO - Filling up the DagBag from /home/lohit/miniconda3/envs/airflow-env/lib/python3.8/site-packages/airflow/example_dags/example_short_circuit_operator.py
[2025-06-01T18:32:14.265+0200] {processor.py:839} INFO - DAG(s) dict_keys(['example_short_circuit_operator']) retrieved from /home/lohit/miniconda3/envs/airflow-env/lib/python3.8/site-packages/airflow/example_dags/example_short_circuit_operator.py
[2025-06-01T18:32:14.277+0200] {logging_mixin.py:154} INFO - [2025-06-01T18:32:14.277+0200] {dag.py:2941} INFO - Sync 1 DAGs
[2025-06-01T18:32:14.290+0200] {logging_mixin.py:154} INFO - [2025-06-01T18:32:14.290+0200] {dag.py:3722} INFO - Setting next_dagrun for example_short_circuit_operator to 2025-05-31T16:32:14.289794+00:00, run_after=2025-06-01T16:32:14.289794+00:00
[2025-06-01T18:32:14.306+0200] {processor.py:179} INFO - Processing /home/lohit/miniconda3/envs/airflow-env/lib/python3.8/site-packages/airflow/example_dags/example_short_circuit_operator.py took 0.052 seconds
[2025-06-01T18:33:00.057+0200] {processor.py:157} INFO - Started process (PID=30735) to work on /home/lohit/miniconda3/envs/airflow-env/lib/python3.8/site-packages/airflow/example_dags/example_short_circuit_operator.py
[2025-06-01T18:33:00.058+0200] {processor.py:829} INFO - Processing file /home/lohit/miniconda3/envs/airflow-env/lib/python3.8/site-packages/airflow/example_dags/example_short_circuit_operator.py for tasks to queue
[2025-06-01T18:33:00.059+0200] {logging_mixin.py:154} INFO - [2025-06-01T18:33:00.058+0200] {dagbag.py:536} INFO - Filling up the DagBag from /home/lohit/miniconda3/envs/airflow-env/lib/python3.8/site-packages/airflow/example_dags/example_short_circuit_operator.py
[2025-06-01T18:33:00.064+0200] {processor.py:839} INFO - DAG(s) dict_keys(['example_short_circuit_operator']) retrieved from /home/lohit/miniconda3/envs/airflow-env/lib/python3.8/site-packages/airflow/example_dags/example_short_circuit_operator.py
[2025-06-01T18:33:00.074+0200] {logging_mixin.py:154} INFO - [2025-06-01T18:33:00.074+0200] {dag.py:2941} INFO - Sync 1 DAGs
[2025-06-01T18:33:00.087+0200] {logging_mixin.py:154} INFO - [2025-06-01T18:33:00.087+0200] {dag.py:3722} INFO - Setting next_dagrun for example_short_circuit_operator to 2025-05-31T16:33:00.086884+00:00, run_after=2025-06-01T16:33:00.086884+00:00
[2025-06-01T18:33:00.102+0200] {processor.py:179} INFO - Processing /home/lohit/miniconda3/envs/airflow-env/lib/python3.8/site-packages/airflow/example_dags/example_short_circuit_operator.py took 0.047 seconds
[2025-06-01T18:33:45.175+0200] {processor.py:157} INFO - Started process (PID=30802) to work on /home/lohit/miniconda3/envs/airflow-env/lib/python3.8/site-packages/airflow/example_dags/example_short_circuit_operator.py
[2025-06-01T18:33:45.178+0200] {processor.py:829} INFO - Processing file /home/lohit/miniconda3/envs/airflow-env/lib/python3.8/site-packages/airflow/example_dags/example_short_circuit_operator.py for tasks to queue
[2025-06-01T18:33:45.179+0200] {logging_mixin.py:154} INFO - [2025-06-01T18:33:45.178+0200] {dagbag.py:536} INFO - Filling up the DagBag from /home/lohit/miniconda3/envs/airflow-env/lib/python3.8/site-packages/airflow/example_dags/example_short_circuit_operator.py
[2025-06-01T18:33:45.184+0200] {processor.py:839} INFO - DAG(s) dict_keys(['example_short_circuit_operator']) retrieved from /home/lohit/miniconda3/envs/airflow-env/lib/python3.8/site-packages/airflow/example_dags/example_short_circuit_operator.py
[2025-06-01T18:33:45.194+0200] {logging_mixin.py:154} INFO - [2025-06-01T18:33:45.194+0200] {dag.py:2941} INFO - Sync 1 DAGs
[2025-06-01T18:33:45.206+0200] {logging_mixin.py:154} INFO - [2025-06-01T18:33:45.206+0200] {dag.py:3722} INFO - Setting next_dagrun for example_short_circuit_operator to 2025-05-31T16:33:45.206290+00:00, run_after=2025-06-01T16:33:45.206290+00:00
[2025-06-01T18:33:45.222+0200] {processor.py:179} INFO - Processing /home/lohit/miniconda3/envs/airflow-env/lib/python3.8/site-packages/airflow/example_dags/example_short_circuit_operator.py took 0.050 seconds
[2025-06-01T18:34:19.870+0200] {processor.py:157} INFO - Started process (PID=30858) to work on /home/lohit/miniconda3/envs/airflow-env/lib/python3.8/site-packages/airflow/example_dags/example_short_circuit_operator.py
[2025-06-01T18:34:19.873+0200] {processor.py:829} INFO - Processing file /home/lohit/miniconda3/envs/airflow-env/lib/python3.8/site-packages/airflow/example_dags/example_short_circuit_operator.py for tasks to queue
[2025-06-01T18:34:19.874+0200] {logging_mixin.py:154} INFO - [2025-06-01T18:34:19.873+0200] {dagbag.py:536} INFO - Filling up the DagBag from /home/lohit/miniconda3/envs/airflow-env/lib/python3.8/site-packages/airflow/example_dags/example_short_circuit_operator.py
[2025-06-01T18:34:19.879+0200] {processor.py:839} INFO - DAG(s) dict_keys(['example_short_circuit_operator']) retrieved from /home/lohit/miniconda3/envs/airflow-env/lib/python3.8/site-packages/airflow/example_dags/example_short_circuit_operator.py
[2025-06-01T18:34:19.891+0200] {logging_mixin.py:154} INFO - [2025-06-01T18:34:19.891+0200] {dag.py:2941} INFO - Sync 1 DAGs
[2025-06-01T18:34:19.905+0200] {logging_mixin.py:154} INFO - [2025-06-01T18:34:19.905+0200] {dag.py:3722} INFO - Setting next_dagrun for example_short_circuit_operator to 2025-05-31T16:34:19.905561+00:00, run_after=2025-06-01T16:34:19.905561+00:00
[2025-06-01T18:34:19.923+0200] {processor.py:179} INFO - Processing /home/lohit/miniconda3/envs/airflow-env/lib/python3.8/site-packages/airflow/example_dags/example_short_circuit_operator.py took 0.055 seconds
[2025-06-01T18:35:04.212+0200] {processor.py:157} INFO - Started process (PID=31642) to work on /home/lohit/miniconda3/envs/airflow-env/lib/python3.8/site-packages/airflow/example_dags/example_short_circuit_operator.py
[2025-06-01T18:35:04.215+0200] {processor.py:829} INFO - Processing file /home/lohit/miniconda3/envs/airflow-env/lib/python3.8/site-packages/airflow/example_dags/example_short_circuit_operator.py for tasks to queue
[2025-06-01T18:35:04.216+0200] {logging_mixin.py:154} INFO - [2025-06-01T18:35:04.215+0200] {dagbag.py:536} INFO - Filling up the DagBag from /home/lohit/miniconda3/envs/airflow-env/lib/python3.8/site-packages/airflow/example_dags/example_short_circuit_operator.py
[2025-06-01T18:35:04.221+0200] {processor.py:839} INFO - DAG(s) dict_keys(['example_short_circuit_operator']) retrieved from /home/lohit/miniconda3/envs/airflow-env/lib/python3.8/site-packages/airflow/example_dags/example_short_circuit_operator.py
[2025-06-01T18:35:04.232+0200] {logging_mixin.py:154} INFO - [2025-06-01T18:35:04.232+0200] {dag.py:2941} INFO - Sync 1 DAGs
[2025-06-01T18:35:04.243+0200] {logging_mixin.py:154} INFO - [2025-06-01T18:35:04.243+0200] {dag.py:3722} INFO - Setting next_dagrun for example_short_circuit_operator to 2025-05-31T16:35:04.242878+00:00, run_after=2025-06-01T16:35:04.242878+00:00
[2025-06-01T18:35:04.258+0200] {processor.py:179} INFO - Processing /home/lohit/miniconda3/envs/airflow-env/lib/python3.8/site-packages/airflow/example_dags/example_short_circuit_operator.py took 0.048 seconds
[2025-06-01T18:35:38.021+0200] {processor.py:157} INFO - Started process (PID=31676) to work on /home/lohit/miniconda3/envs/airflow-env/lib/python3.8/site-packages/airflow/example_dags/example_short_circuit_operator.py
[2025-06-01T18:35:38.021+0200] {processor.py:829} INFO - Processing file /home/lohit/miniconda3/envs/airflow-env/lib/python3.8/site-packages/airflow/example_dags/example_short_circuit_operator.py for tasks to queue
[2025-06-01T18:35:38.022+0200] {logging_mixin.py:154} INFO - [2025-06-01T18:35:38.022+0200] {dagbag.py:536} INFO - Filling up the DagBag from /home/lohit/miniconda3/envs/airflow-env/lib/python3.8/site-packages/airflow/example_dags/example_short_circuit_operator.py
[2025-06-01T18:35:38.028+0200] {processor.py:839} INFO - DAG(s) dict_keys(['example_short_circuit_operator']) retrieved from /home/lohit/miniconda3/envs/airflow-env/lib/python3.8/site-packages/airflow/example_dags/example_short_circuit_operator.py
[2025-06-01T18:35:38.039+0200] {logging_mixin.py:154} INFO - [2025-06-01T18:35:38.039+0200] {dag.py:2941} INFO - Sync 1 DAGs
[2025-06-01T18:35:38.051+0200] {logging_mixin.py:154} INFO - [2025-06-01T18:35:38.051+0200] {dag.py:3722} INFO - Setting next_dagrun for example_short_circuit_operator to 2025-05-31T16:35:38.051216+00:00, run_after=2025-06-01T16:35:38.051216+00:00
[2025-06-01T18:35:38.068+0200] {processor.py:179} INFO - Processing /home/lohit/miniconda3/envs/airflow-env/lib/python3.8/site-packages/airflow/example_dags/example_short_circuit_operator.py took 0.050 seconds
