[2025-06-01T17:51:52.840+0200] {processor.py:157} INFO - Started process (PID=26823) to work on /home/lohit/miniconda3/envs/airflow-env/lib/python3.8/site-packages/airflow/example_dags/example_time_delta_sensor_async.py
[2025-06-01T17:51:52.841+0200] {processor.py:829} INFO - Processing file /home/lohit/miniconda3/envs/airflow-env/lib/python3.8/site-packages/airflow/example_dags/example_time_delta_sensor_async.py for tasks to queue
[2025-06-01T17:51:52.842+0200] {logging_mixin.py:154} INFO - [2025-06-01T17:51:52.842+0200] {dagbag.py:536} INFO - Filling up the DagBag from /home/lohit/miniconda3/envs/airflow-env/lib/python3.8/site-packages/airflow/example_dags/example_time_delta_sensor_async.py
[2025-06-01T17:51:52.845+0200] {processor.py:839} INFO - DAG(s) dict_keys(['example_time_delta_sensor_async']) retrieved from /home/lohit/miniconda3/envs/airflow-env/lib/python3.8/site-packages/airflow/example_dags/example_time_delta_sensor_async.py
[2025-06-01T17:51:52.859+0200] {logging_mixin.py:154} INFO - [2025-06-01T17:51:52.859+0200] {dag.py:2941} INFO - Sync 1 DAGs
[2025-06-01T17:51:52.868+0200] {logging_mixin.py:154} INFO - [2025-06-01T17:51:52.868+0200] {dag.py:3722} INFO - Setting next_dagrun for example_time_delta_sensor_async to None, run_after=None
[2025-06-01T17:51:52.888+0200] {processor.py:179} INFO - Processing /home/lohit/miniconda3/envs/airflow-env/lib/python3.8/site-packages/airflow/example_dags/example_time_delta_sensor_async.py took 0.050 seconds
[2025-06-01T17:53:19.878+0200] {processor.py:157} INFO - Started process (PID=27115) to work on /home/lohit/miniconda3/envs/airflow-env/lib/python3.8/site-packages/airflow/example_dags/example_time_delta_sensor_async.py
[2025-06-01T17:53:19.881+0200] {processor.py:829} INFO - Processing file /home/lohit/miniconda3/envs/airflow-env/lib/python3.8/site-packages/airflow/example_dags/example_time_delta_sensor_async.py for tasks to queue
[2025-06-01T17:53:19.881+0200] {logging_mixin.py:154} INFO - [2025-06-01T17:53:19.881+0200] {dagbag.py:536} INFO - Filling up the DagBag from /home/lohit/miniconda3/envs/airflow-env/lib/python3.8/site-packages/airflow/example_dags/example_time_delta_sensor_async.py
[2025-06-01T17:53:19.884+0200] {processor.py:839} INFO - DAG(s) dict_keys(['example_time_delta_sensor_async']) retrieved from /home/lohit/miniconda3/envs/airflow-env/lib/python3.8/site-packages/airflow/example_dags/example_time_delta_sensor_async.py
[2025-06-01T17:53:19.895+0200] {logging_mixin.py:154} INFO - [2025-06-01T17:53:19.895+0200] {dag.py:2941} INFO - Sync 1 DAGs
[2025-06-01T17:53:19.902+0200] {logging_mixin.py:154} INFO - [2025-06-01T17:53:19.902+0200] {dag.py:3722} INFO - Setting next_dagrun for example_time_delta_sensor_async to None, run_after=None
[2025-06-01T17:53:19.919+0200] {processor.py:179} INFO - Processing /home/lohit/miniconda3/envs/airflow-env/lib/python3.8/site-packages/airflow/example_dags/example_time_delta_sensor_async.py took 0.043 seconds
[2025-06-01T17:53:52.559+0200] {processor.py:157} INFO - Started process (PID=27150) to work on /home/lohit/miniconda3/envs/airflow-env/lib/python3.8/site-packages/airflow/example_dags/example_time_delta_sensor_async.py
[2025-06-01T17:53:52.562+0200] {processor.py:829} INFO - Processing file /home/lohit/miniconda3/envs/airflow-env/lib/python3.8/site-packages/airflow/example_dags/example_time_delta_sensor_async.py for tasks to queue
[2025-06-01T17:53:52.563+0200] {logging_mixin.py:154} INFO - [2025-06-01T17:53:52.563+0200] {dagbag.py:536} INFO - Filling up the DagBag from /home/lohit/miniconda3/envs/airflow-env/lib/python3.8/site-packages/airflow/example_dags/example_time_delta_sensor_async.py
[2025-06-01T17:53:52.566+0200] {processor.py:839} INFO - DAG(s) dict_keys(['example_time_delta_sensor_async']) retrieved from /home/lohit/miniconda3/envs/airflow-env/lib/python3.8/site-packages/airflow/example_dags/example_time_delta_sensor_async.py
[2025-06-01T17:53:52.576+0200] {logging_mixin.py:154} INFO - [2025-06-01T17:53:52.575+0200] {dag.py:2941} INFO - Sync 1 DAGs
[2025-06-01T17:53:52.582+0200] {logging_mixin.py:154} INFO - [2025-06-01T17:53:52.582+0200] {dag.py:3722} INFO - Setting next_dagrun for example_time_delta_sensor_async to None, run_after=None
[2025-06-01T17:53:52.601+0200] {processor.py:179} INFO - Processing /home/lohit/miniconda3/envs/airflow-env/lib/python3.8/site-packages/airflow/example_dags/example_time_delta_sensor_async.py took 0.044 seconds
[2025-06-01T17:54:37.779+0200] {processor.py:157} INFO - Started process (PID=27218) to work on /home/lohit/miniconda3/envs/airflow-env/lib/python3.8/site-packages/airflow/example_dags/example_time_delta_sensor_async.py
[2025-06-01T17:54:37.783+0200] {processor.py:829} INFO - Processing file /home/lohit/miniconda3/envs/airflow-env/lib/python3.8/site-packages/airflow/example_dags/example_time_delta_sensor_async.py for tasks to queue
[2025-06-01T17:54:37.783+0200] {logging_mixin.py:154} INFO - [2025-06-01T17:54:37.783+0200] {dagbag.py:536} INFO - Filling up the DagBag from /home/lohit/miniconda3/envs/airflow-env/lib/python3.8/site-packages/airflow/example_dags/example_time_delta_sensor_async.py
[2025-06-01T17:54:37.787+0200] {processor.py:839} INFO - DAG(s) dict_keys(['example_time_delta_sensor_async']) retrieved from /home/lohit/miniconda3/envs/airflow-env/lib/python3.8/site-packages/airflow/example_dags/example_time_delta_sensor_async.py
[2025-06-01T17:54:37.798+0200] {logging_mixin.py:154} INFO - [2025-06-01T17:54:37.798+0200] {dag.py:2941} INFO - Sync 1 DAGs
[2025-06-01T17:54:37.805+0200] {logging_mixin.py:154} INFO - [2025-06-01T17:54:37.805+0200] {dag.py:3722} INFO - Setting next_dagrun for example_time_delta_sensor_async to None, run_after=None
[2025-06-01T17:54:37.822+0200] {processor.py:179} INFO - Processing /home/lohit/miniconda3/envs/airflow-env/lib/python3.8/site-packages/airflow/example_dags/example_time_delta_sensor_async.py took 0.046 seconds
[2025-06-01T17:55:24.035+0200] {processor.py:157} INFO - Started process (PID=27286) to work on /home/lohit/miniconda3/envs/airflow-env/lib/python3.8/site-packages/airflow/example_dags/example_time_delta_sensor_async.py
[2025-06-01T17:55:24.038+0200] {processor.py:829} INFO - Processing file /home/lohit/miniconda3/envs/airflow-env/lib/python3.8/site-packages/airflow/example_dags/example_time_delta_sensor_async.py for tasks to queue
[2025-06-01T17:55:24.039+0200] {logging_mixin.py:154} INFO - [2025-06-01T17:55:24.038+0200] {dagbag.py:536} INFO - Filling up the DagBag from /home/lohit/miniconda3/envs/airflow-env/lib/python3.8/site-packages/airflow/example_dags/example_time_delta_sensor_async.py
[2025-06-01T17:55:24.042+0200] {processor.py:839} INFO - DAG(s) dict_keys(['example_time_delta_sensor_async']) retrieved from /home/lohit/miniconda3/envs/airflow-env/lib/python3.8/site-packages/airflow/example_dags/example_time_delta_sensor_async.py
[2025-06-01T17:55:24.052+0200] {logging_mixin.py:154} INFO - [2025-06-01T17:55:24.052+0200] {dag.py:2941} INFO - Sync 1 DAGs
[2025-06-01T17:55:24.058+0200] {logging_mixin.py:154} INFO - [2025-06-01T17:55:24.058+0200] {dag.py:3722} INFO - Setting next_dagrun for example_time_delta_sensor_async to None, run_after=None
[2025-06-01T17:55:24.073+0200] {processor.py:179} INFO - Processing /home/lohit/miniconda3/envs/airflow-env/lib/python3.8/site-packages/airflow/example_dags/example_time_delta_sensor_async.py took 0.041 seconds
[2025-06-01T17:55:58.057+0200] {processor.py:157} INFO - Started process (PID=27344) to work on /home/lohit/miniconda3/envs/airflow-env/lib/python3.8/site-packages/airflow/example_dags/example_time_delta_sensor_async.py
[2025-06-01T17:55:58.060+0200] {processor.py:829} INFO - Processing file /home/lohit/miniconda3/envs/airflow-env/lib/python3.8/site-packages/airflow/example_dags/example_time_delta_sensor_async.py for tasks to queue
[2025-06-01T17:55:58.061+0200] {logging_mixin.py:154} INFO - [2025-06-01T17:55:58.061+0200] {dagbag.py:536} INFO - Filling up the DagBag from /home/lohit/miniconda3/envs/airflow-env/lib/python3.8/site-packages/airflow/example_dags/example_time_delta_sensor_async.py
[2025-06-01T17:55:58.064+0200] {processor.py:839} INFO - DAG(s) dict_keys(['example_time_delta_sensor_async']) retrieved from /home/lohit/miniconda3/envs/airflow-env/lib/python3.8/site-packages/airflow/example_dags/example_time_delta_sensor_async.py
[2025-06-01T17:55:58.075+0200] {logging_mixin.py:154} INFO - [2025-06-01T17:55:58.075+0200] {dag.py:2941} INFO - Sync 1 DAGs
[2025-06-01T17:55:58.081+0200] {logging_mixin.py:154} INFO - [2025-06-01T17:55:58.081+0200] {dag.py:3722} INFO - Setting next_dagrun for example_time_delta_sensor_async to None, run_after=None
[2025-06-01T17:55:58.096+0200] {processor.py:179} INFO - Processing /home/lohit/miniconda3/envs/airflow-env/lib/python3.8/site-packages/airflow/example_dags/example_time_delta_sensor_async.py took 0.041 seconds
[2025-06-01T17:56:46.218+0200] {processor.py:157} INFO - Started process (PID=27414) to work on /home/lohit/miniconda3/envs/airflow-env/lib/python3.8/site-packages/airflow/example_dags/example_time_delta_sensor_async.py
[2025-06-01T17:56:46.221+0200] {processor.py:829} INFO - Processing file /home/lohit/miniconda3/envs/airflow-env/lib/python3.8/site-packages/airflow/example_dags/example_time_delta_sensor_async.py for tasks to queue
[2025-06-01T17:56:46.222+0200] {logging_mixin.py:154} INFO - [2025-06-01T17:56:46.222+0200] {dagbag.py:536} INFO - Filling up the DagBag from /home/lohit/miniconda3/envs/airflow-env/lib/python3.8/site-packages/airflow/example_dags/example_time_delta_sensor_async.py
[2025-06-01T17:56:46.225+0200] {processor.py:839} INFO - DAG(s) dict_keys(['example_time_delta_sensor_async']) retrieved from /home/lohit/miniconda3/envs/airflow-env/lib/python3.8/site-packages/airflow/example_dags/example_time_delta_sensor_async.py
[2025-06-01T17:56:46.236+0200] {logging_mixin.py:154} INFO - [2025-06-01T17:56:46.236+0200] {dag.py:2941} INFO - Sync 1 DAGs
[2025-06-01T17:56:46.242+0200] {logging_mixin.py:154} INFO - [2025-06-01T17:56:46.242+0200] {dag.py:3722} INFO - Setting next_dagrun for example_time_delta_sensor_async to None, run_after=None
[2025-06-01T17:56:46.260+0200] {processor.py:179} INFO - Processing /home/lohit/miniconda3/envs/airflow-env/lib/python3.8/site-packages/airflow/example_dags/example_time_delta_sensor_async.py took 0.043 seconds
[2025-06-01T17:57:30.533+0200] {processor.py:157} INFO - Started process (PID=27482) to work on /home/lohit/miniconda3/envs/airflow-env/lib/python3.8/site-packages/airflow/example_dags/example_time_delta_sensor_async.py
[2025-06-01T17:57:30.536+0200] {processor.py:829} INFO - Processing file /home/lohit/miniconda3/envs/airflow-env/lib/python3.8/site-packages/airflow/example_dags/example_time_delta_sensor_async.py for tasks to queue
[2025-06-01T17:57:30.537+0200] {logging_mixin.py:154} INFO - [2025-06-01T17:57:30.537+0200] {dagbag.py:536} INFO - Filling up the DagBag from /home/lohit/miniconda3/envs/airflow-env/lib/python3.8/site-packages/airflow/example_dags/example_time_delta_sensor_async.py
[2025-06-01T17:57:30.540+0200] {processor.py:839} INFO - DAG(s) dict_keys(['example_time_delta_sensor_async']) retrieved from /home/lohit/miniconda3/envs/airflow-env/lib/python3.8/site-packages/airflow/example_dags/example_time_delta_sensor_async.py
[2025-06-01T17:57:30.554+0200] {logging_mixin.py:154} INFO - [2025-06-01T17:57:30.554+0200] {dag.py:2941} INFO - Sync 1 DAGs
[2025-06-01T17:57:30.561+0200] {logging_mixin.py:154} INFO - [2025-06-01T17:57:30.561+0200] {dag.py:3722} INFO - Setting next_dagrun for example_time_delta_sensor_async to None, run_after=None
[2025-06-01T17:57:30.576+0200] {processor.py:179} INFO - Processing /home/lohit/miniconda3/envs/airflow-env/lib/python3.8/site-packages/airflow/example_dags/example_time_delta_sensor_async.py took 0.046 seconds
[2025-06-01T17:58:14.513+0200] {processor.py:157} INFO - Started process (PID=27549) to work on /home/lohit/miniconda3/envs/airflow-env/lib/python3.8/site-packages/airflow/example_dags/example_time_delta_sensor_async.py
[2025-06-01T17:58:14.516+0200] {processor.py:829} INFO - Processing file /home/lohit/miniconda3/envs/airflow-env/lib/python3.8/site-packages/airflow/example_dags/example_time_delta_sensor_async.py for tasks to queue
[2025-06-01T17:58:14.516+0200] {logging_mixin.py:154} INFO - [2025-06-01T17:58:14.516+0200] {dagbag.py:536} INFO - Filling up the DagBag from /home/lohit/miniconda3/envs/airflow-env/lib/python3.8/site-packages/airflow/example_dags/example_time_delta_sensor_async.py
[2025-06-01T17:58:14.519+0200] {processor.py:839} INFO - DAG(s) dict_keys(['example_time_delta_sensor_async']) retrieved from /home/lohit/miniconda3/envs/airflow-env/lib/python3.8/site-packages/airflow/example_dags/example_time_delta_sensor_async.py
[2025-06-01T17:58:14.529+0200] {logging_mixin.py:154} INFO - [2025-06-01T17:58:14.529+0200] {dag.py:2941} INFO - Sync 1 DAGs
[2025-06-01T17:58:14.535+0200] {logging_mixin.py:154} INFO - [2025-06-01T17:58:14.535+0200] {dag.py:3722} INFO - Setting next_dagrun for example_time_delta_sensor_async to None, run_after=None
[2025-06-01T17:58:14.552+0200] {processor.py:179} INFO - Processing /home/lohit/miniconda3/envs/airflow-env/lib/python3.8/site-packages/airflow/example_dags/example_time_delta_sensor_async.py took 0.042 seconds
[2025-06-01T17:58:49.961+0200] {processor.py:157} INFO - Started process (PID=27606) to work on /home/lohit/miniconda3/envs/airflow-env/lib/python3.8/site-packages/airflow/example_dags/example_time_delta_sensor_async.py
[2025-06-01T17:58:49.962+0200] {processor.py:829} INFO - Processing file /home/lohit/miniconda3/envs/airflow-env/lib/python3.8/site-packages/airflow/example_dags/example_time_delta_sensor_async.py for tasks to queue
[2025-06-01T17:58:49.963+0200] {logging_mixin.py:154} INFO - [2025-06-01T17:58:49.963+0200] {dagbag.py:536} INFO - Filling up the DagBag from /home/lohit/miniconda3/envs/airflow-env/lib/python3.8/site-packages/airflow/example_dags/example_time_delta_sensor_async.py
[2025-06-01T17:58:49.966+0200] {processor.py:839} INFO - DAG(s) dict_keys(['example_time_delta_sensor_async']) retrieved from /home/lohit/miniconda3/envs/airflow-env/lib/python3.8/site-packages/airflow/example_dags/example_time_delta_sensor_async.py
[2025-06-01T17:58:49.976+0200] {logging_mixin.py:154} INFO - [2025-06-01T17:58:49.976+0200] {dag.py:2941} INFO - Sync 1 DAGs
[2025-06-01T17:58:49.983+0200] {logging_mixin.py:154} INFO - [2025-06-01T17:58:49.983+0200] {dag.py:3722} INFO - Setting next_dagrun for example_time_delta_sensor_async to None, run_after=None
[2025-06-01T17:58:49.999+0200] {processor.py:179} INFO - Processing /home/lohit/miniconda3/envs/airflow-env/lib/python3.8/site-packages/airflow/example_dags/example_time_delta_sensor_async.py took 0.040 seconds
[2025-06-01T17:59:33.754+0200] {processor.py:157} INFO - Started process (PID=27674) to work on /home/lohit/miniconda3/envs/airflow-env/lib/python3.8/site-packages/airflow/example_dags/example_time_delta_sensor_async.py
[2025-06-01T17:59:33.757+0200] {processor.py:829} INFO - Processing file /home/lohit/miniconda3/envs/airflow-env/lib/python3.8/site-packages/airflow/example_dags/example_time_delta_sensor_async.py for tasks to queue
[2025-06-01T17:59:33.757+0200] {logging_mixin.py:154} INFO - [2025-06-01T17:59:33.757+0200] {dagbag.py:536} INFO - Filling up the DagBag from /home/lohit/miniconda3/envs/airflow-env/lib/python3.8/site-packages/airflow/example_dags/example_time_delta_sensor_async.py
[2025-06-01T17:59:33.761+0200] {processor.py:839} INFO - DAG(s) dict_keys(['example_time_delta_sensor_async']) retrieved from /home/lohit/miniconda3/envs/airflow-env/lib/python3.8/site-packages/airflow/example_dags/example_time_delta_sensor_async.py
[2025-06-01T17:59:33.770+0200] {logging_mixin.py:154} INFO - [2025-06-01T17:59:33.770+0200] {dag.py:2941} INFO - Sync 1 DAGs
[2025-06-01T17:59:33.776+0200] {logging_mixin.py:154} INFO - [2025-06-01T17:59:33.776+0200] {dag.py:3722} INFO - Setting next_dagrun for example_time_delta_sensor_async to None, run_after=None
[2025-06-01T17:59:33.794+0200] {processor.py:179} INFO - Processing /home/lohit/miniconda3/envs/airflow-env/lib/python3.8/site-packages/airflow/example_dags/example_time_delta_sensor_async.py took 0.042 seconds
[2025-06-01T18:00:22.182+0200] {processor.py:157} INFO - Started process (PID=27744) to work on /home/lohit/miniconda3/envs/airflow-env/lib/python3.8/site-packages/airflow/example_dags/example_time_delta_sensor_async.py
[2025-06-01T18:00:22.185+0200] {processor.py:829} INFO - Processing file /home/lohit/miniconda3/envs/airflow-env/lib/python3.8/site-packages/airflow/example_dags/example_time_delta_sensor_async.py for tasks to queue
[2025-06-01T18:00:22.185+0200] {logging_mixin.py:154} INFO - [2025-06-01T18:00:22.185+0200] {dagbag.py:536} INFO - Filling up the DagBag from /home/lohit/miniconda3/envs/airflow-env/lib/python3.8/site-packages/airflow/example_dags/example_time_delta_sensor_async.py
[2025-06-01T18:00:22.189+0200] {processor.py:839} INFO - DAG(s) dict_keys(['example_time_delta_sensor_async']) retrieved from /home/lohit/miniconda3/envs/airflow-env/lib/python3.8/site-packages/airflow/example_dags/example_time_delta_sensor_async.py
[2025-06-01T18:00:22.198+0200] {logging_mixin.py:154} INFO - [2025-06-01T18:00:22.198+0200] {dag.py:2941} INFO - Sync 1 DAGs
[2025-06-01T18:00:22.204+0200] {logging_mixin.py:154} INFO - [2025-06-01T18:00:22.204+0200] {dag.py:3722} INFO - Setting next_dagrun for example_time_delta_sensor_async to None, run_after=None
[2025-06-01T18:00:22.219+0200] {processor.py:179} INFO - Processing /home/lohit/miniconda3/envs/airflow-env/lib/python3.8/site-packages/airflow/example_dags/example_time_delta_sensor_async.py took 0.039 seconds
[2025-06-01T18:01:06.166+0200] {processor.py:157} INFO - Started process (PID=27845) to work on /home/lohit/miniconda3/envs/airflow-env/lib/python3.8/site-packages/airflow/example_dags/example_time_delta_sensor_async.py
[2025-06-01T18:01:06.169+0200] {processor.py:829} INFO - Processing file /home/lohit/miniconda3/envs/airflow-env/lib/python3.8/site-packages/airflow/example_dags/example_time_delta_sensor_async.py for tasks to queue
[2025-06-01T18:01:06.169+0200] {logging_mixin.py:154} INFO - [2025-06-01T18:01:06.169+0200] {dagbag.py:536} INFO - Filling up the DagBag from /home/lohit/miniconda3/envs/airflow-env/lib/python3.8/site-packages/airflow/example_dags/example_time_delta_sensor_async.py
[2025-06-01T18:01:06.172+0200] {processor.py:839} INFO - DAG(s) dict_keys(['example_time_delta_sensor_async']) retrieved from /home/lohit/miniconda3/envs/airflow-env/lib/python3.8/site-packages/airflow/example_dags/example_time_delta_sensor_async.py
[2025-06-01T18:01:06.182+0200] {logging_mixin.py:154} INFO - [2025-06-01T18:01:06.182+0200] {dag.py:2941} INFO - Sync 1 DAGs
[2025-06-01T18:01:06.188+0200] {logging_mixin.py:154} INFO - [2025-06-01T18:01:06.188+0200] {dag.py:3722} INFO - Setting next_dagrun for example_time_delta_sensor_async to None, run_after=None
[2025-06-01T18:01:06.208+0200] {processor.py:179} INFO - Processing /home/lohit/miniconda3/envs/airflow-env/lib/python3.8/site-packages/airflow/example_dags/example_time_delta_sensor_async.py took 0.044 seconds
[2025-06-01T18:01:41.287+0200] {processor.py:157} INFO - Started process (PID=27880) to work on /home/lohit/miniconda3/envs/airflow-env/lib/python3.8/site-packages/airflow/example_dags/example_time_delta_sensor_async.py
[2025-06-01T18:01:41.288+0200] {processor.py:829} INFO - Processing file /home/lohit/miniconda3/envs/airflow-env/lib/python3.8/site-packages/airflow/example_dags/example_time_delta_sensor_async.py for tasks to queue
[2025-06-01T18:01:41.289+0200] {logging_mixin.py:154} INFO - [2025-06-01T18:01:41.288+0200] {dagbag.py:536} INFO - Filling up the DagBag from /home/lohit/miniconda3/envs/airflow-env/lib/python3.8/site-packages/airflow/example_dags/example_time_delta_sensor_async.py
[2025-06-01T18:01:41.291+0200] {processor.py:839} INFO - DAG(s) dict_keys(['example_time_delta_sensor_async']) retrieved from /home/lohit/miniconda3/envs/airflow-env/lib/python3.8/site-packages/airflow/example_dags/example_time_delta_sensor_async.py
[2025-06-01T18:01:41.301+0200] {logging_mixin.py:154} INFO - [2025-06-01T18:01:41.301+0200] {dag.py:2941} INFO - Sync 1 DAGs
[2025-06-01T18:01:41.307+0200] {logging_mixin.py:154} INFO - [2025-06-01T18:01:41.307+0200] {dag.py:3722} INFO - Setting next_dagrun for example_time_delta_sensor_async to None, run_after=None
[2025-06-01T18:01:41.323+0200] {processor.py:179} INFO - Processing /home/lohit/miniconda3/envs/airflow-env/lib/python3.8/site-packages/airflow/example_dags/example_time_delta_sensor_async.py took 0.038 seconds
[2025-06-01T18:02:24.370+0200] {processor.py:157} INFO - Started process (PID=27948) to work on /home/lohit/miniconda3/envs/airflow-env/lib/python3.8/site-packages/airflow/example_dags/example_time_delta_sensor_async.py
[2025-06-01T18:02:24.373+0200] {processor.py:829} INFO - Processing file /home/lohit/miniconda3/envs/airflow-env/lib/python3.8/site-packages/airflow/example_dags/example_time_delta_sensor_async.py for tasks to queue
[2025-06-01T18:02:24.374+0200] {logging_mixin.py:154} INFO - [2025-06-01T18:02:24.373+0200] {dagbag.py:536} INFO - Filling up the DagBag from /home/lohit/miniconda3/envs/airflow-env/lib/python3.8/site-packages/airflow/example_dags/example_time_delta_sensor_async.py
[2025-06-01T18:02:24.377+0200] {processor.py:839} INFO - DAG(s) dict_keys(['example_time_delta_sensor_async']) retrieved from /home/lohit/miniconda3/envs/airflow-env/lib/python3.8/site-packages/airflow/example_dags/example_time_delta_sensor_async.py
[2025-06-01T18:02:24.386+0200] {logging_mixin.py:154} INFO - [2025-06-01T18:02:24.386+0200] {dag.py:2941} INFO - Sync 1 DAGs
[2025-06-01T18:02:24.392+0200] {logging_mixin.py:154} INFO - [2025-06-01T18:02:24.392+0200] {dag.py:3722} INFO - Setting next_dagrun for example_time_delta_sensor_async to None, run_after=None
[2025-06-01T18:02:24.407+0200] {processor.py:179} INFO - Processing /home/lohit/miniconda3/envs/airflow-env/lib/python3.8/site-packages/airflow/example_dags/example_time_delta_sensor_async.py took 0.039 seconds
[2025-06-01T18:03:10.885+0200] {processor.py:157} INFO - Started process (PID=28024) to work on /home/lohit/miniconda3/envs/airflow-env/lib/python3.8/site-packages/airflow/example_dags/example_time_delta_sensor_async.py
[2025-06-01T18:03:10.889+0200] {processor.py:829} INFO - Processing file /home/lohit/miniconda3/envs/airflow-env/lib/python3.8/site-packages/airflow/example_dags/example_time_delta_sensor_async.py for tasks to queue
[2025-06-01T18:03:10.889+0200] {logging_mixin.py:154} INFO - [2025-06-01T18:03:10.889+0200] {dagbag.py:536} INFO - Filling up the DagBag from /home/lohit/miniconda3/envs/airflow-env/lib/python3.8/site-packages/airflow/example_dags/example_time_delta_sensor_async.py
[2025-06-01T18:03:10.892+0200] {processor.py:839} INFO - DAG(s) dict_keys(['example_time_delta_sensor_async']) retrieved from /home/lohit/miniconda3/envs/airflow-env/lib/python3.8/site-packages/airflow/example_dags/example_time_delta_sensor_async.py
[2025-06-01T18:03:10.902+0200] {logging_mixin.py:154} INFO - [2025-06-01T18:03:10.902+0200] {dag.py:2941} INFO - Sync 1 DAGs
[2025-06-01T18:03:10.909+0200] {logging_mixin.py:154} INFO - [2025-06-01T18:03:10.909+0200] {dag.py:3722} INFO - Setting next_dagrun for example_time_delta_sensor_async to None, run_after=None
[2025-06-01T18:03:10.927+0200] {processor.py:179} INFO - Processing /home/lohit/miniconda3/envs/airflow-env/lib/python3.8/site-packages/airflow/example_dags/example_time_delta_sensor_async.py took 0.044 seconds
[2025-06-01T18:03:57.419+0200] {processor.py:157} INFO - Started process (PID=28097) to work on /home/lohit/miniconda3/envs/airflow-env/lib/python3.8/site-packages/airflow/example_dags/example_time_delta_sensor_async.py
[2025-06-01T18:03:57.421+0200] {processor.py:829} INFO - Processing file /home/lohit/miniconda3/envs/airflow-env/lib/python3.8/site-packages/airflow/example_dags/example_time_delta_sensor_async.py for tasks to queue
[2025-06-01T18:03:57.421+0200] {logging_mixin.py:154} INFO - [2025-06-01T18:03:57.421+0200] {dagbag.py:536} INFO - Filling up the DagBag from /home/lohit/miniconda3/envs/airflow-env/lib/python3.8/site-packages/airflow/example_dags/example_time_delta_sensor_async.py
[2025-06-01T18:03:57.424+0200] {processor.py:839} INFO - DAG(s) dict_keys(['example_time_delta_sensor_async']) retrieved from /home/lohit/miniconda3/envs/airflow-env/lib/python3.8/site-packages/airflow/example_dags/example_time_delta_sensor_async.py
[2025-06-01T18:03:57.434+0200] {logging_mixin.py:154} INFO - [2025-06-01T18:03:57.434+0200] {dag.py:2941} INFO - Sync 1 DAGs
[2025-06-01T18:03:57.440+0200] {logging_mixin.py:154} INFO - [2025-06-01T18:03:57.440+0200] {dag.py:3722} INFO - Setting next_dagrun for example_time_delta_sensor_async to None, run_after=None
[2025-06-01T18:03:57.455+0200] {processor.py:179} INFO - Processing /home/lohit/miniconda3/envs/airflow-env/lib/python3.8/site-packages/airflow/example_dags/example_time_delta_sensor_async.py took 0.038 seconds
[2025-06-01T18:04:41.677+0200] {processor.py:157} INFO - Started process (PID=28169) to work on /home/lohit/miniconda3/envs/airflow-env/lib/python3.8/site-packages/airflow/example_dags/example_time_delta_sensor_async.py
[2025-06-01T18:04:41.681+0200] {processor.py:829} INFO - Processing file /home/lohit/miniconda3/envs/airflow-env/lib/python3.8/site-packages/airflow/example_dags/example_time_delta_sensor_async.py for tasks to queue
[2025-06-01T18:04:41.681+0200] {logging_mixin.py:154} INFO - [2025-06-01T18:04:41.681+0200] {dagbag.py:536} INFO - Filling up the DagBag from /home/lohit/miniconda3/envs/airflow-env/lib/python3.8/site-packages/airflow/example_dags/example_time_delta_sensor_async.py
[2025-06-01T18:04:41.684+0200] {processor.py:839} INFO - DAG(s) dict_keys(['example_time_delta_sensor_async']) retrieved from /home/lohit/miniconda3/envs/airflow-env/lib/python3.8/site-packages/airflow/example_dags/example_time_delta_sensor_async.py
[2025-06-01T18:04:41.694+0200] {logging_mixin.py:154} INFO - [2025-06-01T18:04:41.694+0200] {dag.py:2941} INFO - Sync 1 DAGs
[2025-06-01T18:04:41.702+0200] {logging_mixin.py:154} INFO - [2025-06-01T18:04:41.702+0200] {dag.py:3722} INFO - Setting next_dagrun for example_time_delta_sensor_async to None, run_after=None
[2025-06-01T18:04:41.718+0200] {processor.py:179} INFO - Processing /home/lohit/miniconda3/envs/airflow-env/lib/python3.8/site-packages/airflow/example_dags/example_time_delta_sensor_async.py took 0.043 seconds
[2025-06-01T18:05:15.299+0200] {processor.py:157} INFO - Started process (PID=28231) to work on /home/lohit/miniconda3/envs/airflow-env/lib/python3.8/site-packages/airflow/example_dags/example_time_delta_sensor_async.py
[2025-06-01T18:05:15.303+0200] {processor.py:829} INFO - Processing file /home/lohit/miniconda3/envs/airflow-env/lib/python3.8/site-packages/airflow/example_dags/example_time_delta_sensor_async.py for tasks to queue
[2025-06-01T18:05:15.304+0200] {logging_mixin.py:154} INFO - [2025-06-01T18:05:15.303+0200] {dagbag.py:536} INFO - Filling up the DagBag from /home/lohit/miniconda3/envs/airflow-env/lib/python3.8/site-packages/airflow/example_dags/example_time_delta_sensor_async.py
[2025-06-01T18:05:15.307+0200] {processor.py:839} INFO - DAG(s) dict_keys(['example_time_delta_sensor_async']) retrieved from /home/lohit/miniconda3/envs/airflow-env/lib/python3.8/site-packages/airflow/example_dags/example_time_delta_sensor_async.py
[2025-06-01T18:05:15.318+0200] {logging_mixin.py:154} INFO - [2025-06-01T18:05:15.318+0200] {dag.py:2941} INFO - Sync 1 DAGs
[2025-06-01T18:05:15.324+0200] {logging_mixin.py:154} INFO - [2025-06-01T18:05:15.324+0200] {dag.py:3722} INFO - Setting next_dagrun for example_time_delta_sensor_async to None, run_after=None
[2025-06-01T18:05:15.342+0200] {processor.py:179} INFO - Processing /home/lohit/miniconda3/envs/airflow-env/lib/python3.8/site-packages/airflow/example_dags/example_time_delta_sensor_async.py took 0.045 seconds
[2025-06-01T18:05:50.680+0200] {processor.py:157} INFO - Started process (PID=28290) to work on /home/lohit/miniconda3/envs/airflow-env/lib/python3.8/site-packages/airflow/example_dags/example_time_delta_sensor_async.py
[2025-06-01T18:05:50.684+0200] {processor.py:829} INFO - Processing file /home/lohit/miniconda3/envs/airflow-env/lib/python3.8/site-packages/airflow/example_dags/example_time_delta_sensor_async.py for tasks to queue
[2025-06-01T18:05:50.684+0200] {logging_mixin.py:154} INFO - [2025-06-01T18:05:50.684+0200] {dagbag.py:536} INFO - Filling up the DagBag from /home/lohit/miniconda3/envs/airflow-env/lib/python3.8/site-packages/airflow/example_dags/example_time_delta_sensor_async.py
[2025-06-01T18:05:50.687+0200] {processor.py:839} INFO - DAG(s) dict_keys(['example_time_delta_sensor_async']) retrieved from /home/lohit/miniconda3/envs/airflow-env/lib/python3.8/site-packages/airflow/example_dags/example_time_delta_sensor_async.py
[2025-06-01T18:05:50.699+0200] {logging_mixin.py:154} INFO - [2025-06-01T18:05:50.699+0200] {dag.py:2941} INFO - Sync 1 DAGs
[2025-06-01T18:05:50.705+0200] {logging_mixin.py:154} INFO - [2025-06-01T18:05:50.705+0200] {dag.py:3722} INFO - Setting next_dagrun for example_time_delta_sensor_async to None, run_after=None
[2025-06-01T18:05:50.721+0200] {processor.py:179} INFO - Processing /home/lohit/miniconda3/envs/airflow-env/lib/python3.8/site-packages/airflow/example_dags/example_time_delta_sensor_async.py took 0.043 seconds
[2025-06-01T18:06:22.638+0200] {processor.py:157} INFO - Started process (PID=28329) to work on /home/lohit/miniconda3/envs/airflow-env/lib/python3.8/site-packages/airflow/example_dags/example_time_delta_sensor_async.py
[2025-06-01T18:06:22.640+0200] {processor.py:829} INFO - Processing file /home/lohit/miniconda3/envs/airflow-env/lib/python3.8/site-packages/airflow/example_dags/example_time_delta_sensor_async.py for tasks to queue
[2025-06-01T18:06:22.640+0200] {logging_mixin.py:154} INFO - [2025-06-01T18:06:22.640+0200] {dagbag.py:536} INFO - Filling up the DagBag from /home/lohit/miniconda3/envs/airflow-env/lib/python3.8/site-packages/airflow/example_dags/example_time_delta_sensor_async.py
[2025-06-01T18:06:22.643+0200] {processor.py:839} INFO - DAG(s) dict_keys(['example_time_delta_sensor_async']) retrieved from /home/lohit/miniconda3/envs/airflow-env/lib/python3.8/site-packages/airflow/example_dags/example_time_delta_sensor_async.py
[2025-06-01T18:06:22.654+0200] {logging_mixin.py:154} INFO - [2025-06-01T18:06:22.654+0200] {dag.py:2941} INFO - Sync 1 DAGs
[2025-06-01T18:06:22.661+0200] {logging_mixin.py:154} INFO - [2025-06-01T18:06:22.661+0200] {dag.py:3722} INFO - Setting next_dagrun for example_time_delta_sensor_async to None, run_after=None
[2025-06-01T18:06:22.677+0200] {processor.py:179} INFO - Processing /home/lohit/miniconda3/envs/airflow-env/lib/python3.8/site-packages/airflow/example_dags/example_time_delta_sensor_async.py took 0.040 seconds
[2025-06-01T18:07:07.039+0200] {processor.py:157} INFO - Started process (PID=28395) to work on /home/lohit/miniconda3/envs/airflow-env/lib/python3.8/site-packages/airflow/example_dags/example_time_delta_sensor_async.py
[2025-06-01T18:07:07.043+0200] {processor.py:829} INFO - Processing file /home/lohit/miniconda3/envs/airflow-env/lib/python3.8/site-packages/airflow/example_dags/example_time_delta_sensor_async.py for tasks to queue
[2025-06-01T18:07:07.043+0200] {logging_mixin.py:154} INFO - [2025-06-01T18:07:07.043+0200] {dagbag.py:536} INFO - Filling up the DagBag from /home/lohit/miniconda3/envs/airflow-env/lib/python3.8/site-packages/airflow/example_dags/example_time_delta_sensor_async.py
[2025-06-01T18:07:07.047+0200] {processor.py:839} INFO - DAG(s) dict_keys(['example_time_delta_sensor_async']) retrieved from /home/lohit/miniconda3/envs/airflow-env/lib/python3.8/site-packages/airflow/example_dags/example_time_delta_sensor_async.py
[2025-06-01T18:07:07.059+0200] {logging_mixin.py:154} INFO - [2025-06-01T18:07:07.059+0200] {dag.py:2941} INFO - Sync 1 DAGs
[2025-06-01T18:07:07.065+0200] {logging_mixin.py:154} INFO - [2025-06-01T18:07:07.065+0200] {dag.py:3722} INFO - Setting next_dagrun for example_time_delta_sensor_async to None, run_after=None
[2025-06-01T18:07:07.083+0200] {processor.py:179} INFO - Processing /home/lohit/miniconda3/envs/airflow-env/lib/python3.8/site-packages/airflow/example_dags/example_time_delta_sensor_async.py took 0.046 seconds
[2025-06-01T18:07:40.621+0200] {processor.py:157} INFO - Started process (PID=28451) to work on /home/lohit/miniconda3/envs/airflow-env/lib/python3.8/site-packages/airflow/example_dags/example_time_delta_sensor_async.py
[2025-06-01T18:07:40.624+0200] {processor.py:829} INFO - Processing file /home/lohit/miniconda3/envs/airflow-env/lib/python3.8/site-packages/airflow/example_dags/example_time_delta_sensor_async.py for tasks to queue
[2025-06-01T18:07:40.624+0200] {logging_mixin.py:154} INFO - [2025-06-01T18:07:40.624+0200] {dagbag.py:536} INFO - Filling up the DagBag from /home/lohit/miniconda3/envs/airflow-env/lib/python3.8/site-packages/airflow/example_dags/example_time_delta_sensor_async.py
[2025-06-01T18:07:40.627+0200] {processor.py:839} INFO - DAG(s) dict_keys(['example_time_delta_sensor_async']) retrieved from /home/lohit/miniconda3/envs/airflow-env/lib/python3.8/site-packages/airflow/example_dags/example_time_delta_sensor_async.py
[2025-06-01T18:07:40.638+0200] {logging_mixin.py:154} INFO - [2025-06-01T18:07:40.637+0200] {dag.py:2941} INFO - Sync 1 DAGs
[2025-06-01T18:07:40.645+0200] {logging_mixin.py:154} INFO - [2025-06-01T18:07:40.645+0200] {dag.py:3722} INFO - Setting next_dagrun for example_time_delta_sensor_async to None, run_after=None
[2025-06-01T18:07:40.660+0200] {processor.py:179} INFO - Processing /home/lohit/miniconda3/envs/airflow-env/lib/python3.8/site-packages/airflow/example_dags/example_time_delta_sensor_async.py took 0.042 seconds
[2025-06-01T18:08:26.868+0200] {processor.py:157} INFO - Started process (PID=28522) to work on /home/lohit/miniconda3/envs/airflow-env/lib/python3.8/site-packages/airflow/example_dags/example_time_delta_sensor_async.py
[2025-06-01T18:08:26.871+0200] {processor.py:829} INFO - Processing file /home/lohit/miniconda3/envs/airflow-env/lib/python3.8/site-packages/airflow/example_dags/example_time_delta_sensor_async.py for tasks to queue
[2025-06-01T18:08:26.872+0200] {logging_mixin.py:154} INFO - [2025-06-01T18:08:26.872+0200] {dagbag.py:536} INFO - Filling up the DagBag from /home/lohit/miniconda3/envs/airflow-env/lib/python3.8/site-packages/airflow/example_dags/example_time_delta_sensor_async.py
[2025-06-01T18:08:26.875+0200] {processor.py:839} INFO - DAG(s) dict_keys(['example_time_delta_sensor_async']) retrieved from /home/lohit/miniconda3/envs/airflow-env/lib/python3.8/site-packages/airflow/example_dags/example_time_delta_sensor_async.py
[2025-06-01T18:08:26.887+0200] {logging_mixin.py:154} INFO - [2025-06-01T18:08:26.887+0200] {dag.py:2941} INFO - Sync 1 DAGs
[2025-06-01T18:08:26.895+0200] {logging_mixin.py:154} INFO - [2025-06-01T18:08:26.895+0200] {dag.py:3722} INFO - Setting next_dagrun for example_time_delta_sensor_async to None, run_after=None
[2025-06-01T18:08:26.911+0200] {processor.py:179} INFO - Processing /home/lohit/miniconda3/envs/airflow-env/lib/python3.8/site-packages/airflow/example_dags/example_time_delta_sensor_async.py took 0.045 seconds
[2025-06-01T18:09:01.585+0200] {processor.py:157} INFO - Started process (PID=28582) to work on /home/lohit/miniconda3/envs/airflow-env/lib/python3.8/site-packages/airflow/example_dags/example_time_delta_sensor_async.py
[2025-06-01T18:09:01.589+0200] {processor.py:829} INFO - Processing file /home/lohit/miniconda3/envs/airflow-env/lib/python3.8/site-packages/airflow/example_dags/example_time_delta_sensor_async.py for tasks to queue
[2025-06-01T18:09:01.589+0200] {logging_mixin.py:154} INFO - [2025-06-01T18:09:01.589+0200] {dagbag.py:536} INFO - Filling up the DagBag from /home/lohit/miniconda3/envs/airflow-env/lib/python3.8/site-packages/airflow/example_dags/example_time_delta_sensor_async.py
[2025-06-01T18:09:01.592+0200] {processor.py:839} INFO - DAG(s) dict_keys(['example_time_delta_sensor_async']) retrieved from /home/lohit/miniconda3/envs/airflow-env/lib/python3.8/site-packages/airflow/example_dags/example_time_delta_sensor_async.py
[2025-06-01T18:09:01.603+0200] {logging_mixin.py:154} INFO - [2025-06-01T18:09:01.603+0200] {dag.py:2941} INFO - Sync 1 DAGs
[2025-06-01T18:09:01.611+0200] {logging_mixin.py:154} INFO - [2025-06-01T18:09:01.611+0200] {dag.py:3722} INFO - Setting next_dagrun for example_time_delta_sensor_async to None, run_after=None
[2025-06-01T18:09:01.626+0200] {processor.py:179} INFO - Processing /home/lohit/miniconda3/envs/airflow-env/lib/python3.8/site-packages/airflow/example_dags/example_time_delta_sensor_async.py took 0.043 seconds
[2025-06-01T18:09:47.819+0200] {processor.py:157} INFO - Started process (PID=28657) to work on /home/lohit/miniconda3/envs/airflow-env/lib/python3.8/site-packages/airflow/example_dags/example_time_delta_sensor_async.py
[2025-06-01T18:09:47.822+0200] {processor.py:829} INFO - Processing file /home/lohit/miniconda3/envs/airflow-env/lib/python3.8/site-packages/airflow/example_dags/example_time_delta_sensor_async.py for tasks to queue
[2025-06-01T18:09:47.823+0200] {logging_mixin.py:154} INFO - [2025-06-01T18:09:47.823+0200] {dagbag.py:536} INFO - Filling up the DagBag from /home/lohit/miniconda3/envs/airflow-env/lib/python3.8/site-packages/airflow/example_dags/example_time_delta_sensor_async.py
[2025-06-01T18:09:47.826+0200] {processor.py:839} INFO - DAG(s) dict_keys(['example_time_delta_sensor_async']) retrieved from /home/lohit/miniconda3/envs/airflow-env/lib/python3.8/site-packages/airflow/example_dags/example_time_delta_sensor_async.py
[2025-06-01T18:09:47.840+0200] {logging_mixin.py:154} INFO - [2025-06-01T18:09:47.840+0200] {dag.py:2941} INFO - Sync 1 DAGs
[2025-06-01T18:09:47.848+0200] {logging_mixin.py:154} INFO - [2025-06-01T18:09:47.848+0200] {dag.py:3722} INFO - Setting next_dagrun for example_time_delta_sensor_async to None, run_after=None
[2025-06-01T18:09:47.869+0200] {processor.py:179} INFO - Processing /home/lohit/miniconda3/envs/airflow-env/lib/python3.8/site-packages/airflow/example_dags/example_time_delta_sensor_async.py took 0.052 seconds
[2025-06-01T18:10:20.102+0200] {processor.py:157} INFO - Started process (PID=28697) to work on /home/lohit/miniconda3/envs/airflow-env/lib/python3.8/site-packages/airflow/example_dags/example_time_delta_sensor_async.py
[2025-06-01T18:10:20.106+0200] {processor.py:829} INFO - Processing file /home/lohit/miniconda3/envs/airflow-env/lib/python3.8/site-packages/airflow/example_dags/example_time_delta_sensor_async.py for tasks to queue
[2025-06-01T18:10:20.106+0200] {logging_mixin.py:154} INFO - [2025-06-01T18:10:20.106+0200] {dagbag.py:536} INFO - Filling up the DagBag from /home/lohit/miniconda3/envs/airflow-env/lib/python3.8/site-packages/airflow/example_dags/example_time_delta_sensor_async.py
[2025-06-01T18:10:20.110+0200] {processor.py:839} INFO - DAG(s) dict_keys(['example_time_delta_sensor_async']) retrieved from /home/lohit/miniconda3/envs/airflow-env/lib/python3.8/site-packages/airflow/example_dags/example_time_delta_sensor_async.py
[2025-06-01T18:10:20.123+0200] {logging_mixin.py:154} INFO - [2025-06-01T18:10:20.123+0200] {dag.py:2941} INFO - Sync 1 DAGs
[2025-06-01T18:10:20.131+0200] {logging_mixin.py:154} INFO - [2025-06-01T18:10:20.130+0200] {dag.py:3722} INFO - Setting next_dagrun for example_time_delta_sensor_async to None, run_after=None
[2025-06-01T18:10:20.147+0200] {processor.py:179} INFO - Processing /home/lohit/miniconda3/envs/airflow-env/lib/python3.8/site-packages/airflow/example_dags/example_time_delta_sensor_async.py took 0.047 seconds
[2025-06-01T18:11:07.388+0200] {processor.py:157} INFO - Started process (PID=28768) to work on /home/lohit/miniconda3/envs/airflow-env/lib/python3.8/site-packages/airflow/example_dags/example_time_delta_sensor_async.py
[2025-06-01T18:11:07.392+0200] {processor.py:829} INFO - Processing file /home/lohit/miniconda3/envs/airflow-env/lib/python3.8/site-packages/airflow/example_dags/example_time_delta_sensor_async.py for tasks to queue
[2025-06-01T18:11:07.393+0200] {logging_mixin.py:154} INFO - [2025-06-01T18:11:07.392+0200] {dagbag.py:536} INFO - Filling up the DagBag from /home/lohit/miniconda3/envs/airflow-env/lib/python3.8/site-packages/airflow/example_dags/example_time_delta_sensor_async.py
[2025-06-01T18:11:07.396+0200] {processor.py:839} INFO - DAG(s) dict_keys(['example_time_delta_sensor_async']) retrieved from /home/lohit/miniconda3/envs/airflow-env/lib/python3.8/site-packages/airflow/example_dags/example_time_delta_sensor_async.py
[2025-06-01T18:11:07.408+0200] {logging_mixin.py:154} INFO - [2025-06-01T18:11:07.408+0200] {dag.py:2941} INFO - Sync 1 DAGs
[2025-06-01T18:11:07.416+0200] {logging_mixin.py:154} INFO - [2025-06-01T18:11:07.416+0200] {dag.py:3722} INFO - Setting next_dagrun for example_time_delta_sensor_async to None, run_after=None
[2025-06-01T18:11:07.434+0200] {processor.py:179} INFO - Processing /home/lohit/miniconda3/envs/airflow-env/lib/python3.8/site-packages/airflow/example_dags/example_time_delta_sensor_async.py took 0.048 seconds
[2025-06-01T18:11:55.452+0200] {processor.py:157} INFO - Started process (PID=28837) to work on /home/lohit/miniconda3/envs/airflow-env/lib/python3.8/site-packages/airflow/example_dags/example_time_delta_sensor_async.py
[2025-06-01T18:11:55.456+0200] {processor.py:829} INFO - Processing file /home/lohit/miniconda3/envs/airflow-env/lib/python3.8/site-packages/airflow/example_dags/example_time_delta_sensor_async.py for tasks to queue
[2025-06-01T18:11:55.456+0200] {logging_mixin.py:154} INFO - [2025-06-01T18:11:55.456+0200] {dagbag.py:536} INFO - Filling up the DagBag from /home/lohit/miniconda3/envs/airflow-env/lib/python3.8/site-packages/airflow/example_dags/example_time_delta_sensor_async.py
[2025-06-01T18:11:55.459+0200] {processor.py:839} INFO - DAG(s) dict_keys(['example_time_delta_sensor_async']) retrieved from /home/lohit/miniconda3/envs/airflow-env/lib/python3.8/site-packages/airflow/example_dags/example_time_delta_sensor_async.py
[2025-06-01T18:11:55.469+0200] {logging_mixin.py:154} INFO - [2025-06-01T18:11:55.468+0200] {dag.py:2941} INFO - Sync 1 DAGs
[2025-06-01T18:11:55.476+0200] {logging_mixin.py:154} INFO - [2025-06-01T18:11:55.475+0200] {dag.py:3722} INFO - Setting next_dagrun for example_time_delta_sensor_async to None, run_after=None
[2025-06-01T18:11:55.491+0200] {processor.py:179} INFO - Processing /home/lohit/miniconda3/envs/airflow-env/lib/python3.8/site-packages/airflow/example_dags/example_time_delta_sensor_async.py took 0.041 seconds
[2025-06-01T18:12:30.678+0200] {processor.py:157} INFO - Started process (PID=28902) to work on /home/lohit/miniconda3/envs/airflow-env/lib/python3.8/site-packages/airflow/example_dags/example_time_delta_sensor_async.py
[2025-06-01T18:12:30.679+0200] {processor.py:829} INFO - Processing file /home/lohit/miniconda3/envs/airflow-env/lib/python3.8/site-packages/airflow/example_dags/example_time_delta_sensor_async.py for tasks to queue
[2025-06-01T18:12:30.680+0200] {logging_mixin.py:154} INFO - [2025-06-01T18:12:30.680+0200] {dagbag.py:536} INFO - Filling up the DagBag from /home/lohit/miniconda3/envs/airflow-env/lib/python3.8/site-packages/airflow/example_dags/example_time_delta_sensor_async.py
[2025-06-01T18:12:30.683+0200] {processor.py:839} INFO - DAG(s) dict_keys(['example_time_delta_sensor_async']) retrieved from /home/lohit/miniconda3/envs/airflow-env/lib/python3.8/site-packages/airflow/example_dags/example_time_delta_sensor_async.py
[2025-06-01T18:12:30.693+0200] {logging_mixin.py:154} INFO - [2025-06-01T18:12:30.693+0200] {dag.py:2941} INFO - Sync 1 DAGs
[2025-06-01T18:12:30.699+0200] {logging_mixin.py:154} INFO - [2025-06-01T18:12:30.699+0200] {dag.py:3722} INFO - Setting next_dagrun for example_time_delta_sensor_async to None, run_after=None
[2025-06-01T18:12:30.715+0200] {processor.py:179} INFO - Processing /home/lohit/miniconda3/envs/airflow-env/lib/python3.8/site-packages/airflow/example_dags/example_time_delta_sensor_async.py took 0.039 seconds
[2025-06-01T18:13:03.197+0200] {processor.py:157} INFO - Started process (PID=28956) to work on /home/lohit/miniconda3/envs/airflow-env/lib/python3.8/site-packages/airflow/example_dags/example_time_delta_sensor_async.py
[2025-06-01T18:13:03.199+0200] {processor.py:829} INFO - Processing file /home/lohit/miniconda3/envs/airflow-env/lib/python3.8/site-packages/airflow/example_dags/example_time_delta_sensor_async.py for tasks to queue
[2025-06-01T18:13:03.200+0200] {logging_mixin.py:154} INFO - [2025-06-01T18:13:03.200+0200] {dagbag.py:536} INFO - Filling up the DagBag from /home/lohit/miniconda3/envs/airflow-env/lib/python3.8/site-packages/airflow/example_dags/example_time_delta_sensor_async.py
[2025-06-01T18:13:03.205+0200] {processor.py:839} INFO - DAG(s) dict_keys(['example_time_delta_sensor_async']) retrieved from /home/lohit/miniconda3/envs/airflow-env/lib/python3.8/site-packages/airflow/example_dags/example_time_delta_sensor_async.py
[2025-06-01T18:13:03.217+0200] {logging_mixin.py:154} INFO - [2025-06-01T18:13:03.217+0200] {dag.py:2941} INFO - Sync 1 DAGs
[2025-06-01T18:13:03.224+0200] {logging_mixin.py:154} INFO - [2025-06-01T18:13:03.224+0200] {dag.py:3722} INFO - Setting next_dagrun for example_time_delta_sensor_async to None, run_after=None
[2025-06-01T18:13:03.244+0200] {processor.py:179} INFO - Processing /home/lohit/miniconda3/envs/airflow-env/lib/python3.8/site-packages/airflow/example_dags/example_time_delta_sensor_async.py took 0.049 seconds
[2025-06-01T18:13:34.122+0200] {processor.py:157} INFO - Started process (PID=28989) to work on /home/lohit/miniconda3/envs/airflow-env/lib/python3.8/site-packages/airflow/example_dags/example_time_delta_sensor_async.py
[2025-06-01T18:13:34.125+0200] {processor.py:829} INFO - Processing file /home/lohit/miniconda3/envs/airflow-env/lib/python3.8/site-packages/airflow/example_dags/example_time_delta_sensor_async.py for tasks to queue
[2025-06-01T18:13:34.126+0200] {logging_mixin.py:154} INFO - [2025-06-01T18:13:34.125+0200] {dagbag.py:536} INFO - Filling up the DagBag from /home/lohit/miniconda3/envs/airflow-env/lib/python3.8/site-packages/airflow/example_dags/example_time_delta_sensor_async.py
[2025-06-01T18:13:34.128+0200] {processor.py:839} INFO - DAG(s) dict_keys(['example_time_delta_sensor_async']) retrieved from /home/lohit/miniconda3/envs/airflow-env/lib/python3.8/site-packages/airflow/example_dags/example_time_delta_sensor_async.py
[2025-06-01T18:13:34.138+0200] {logging_mixin.py:154} INFO - [2025-06-01T18:13:34.138+0200] {dag.py:2941} INFO - Sync 1 DAGs
[2025-06-01T18:13:34.144+0200] {logging_mixin.py:154} INFO - [2025-06-01T18:13:34.144+0200] {dag.py:3722} INFO - Setting next_dagrun for example_time_delta_sensor_async to None, run_after=None
[2025-06-01T18:13:34.160+0200] {processor.py:179} INFO - Processing /home/lohit/miniconda3/envs/airflow-env/lib/python3.8/site-packages/airflow/example_dags/example_time_delta_sensor_async.py took 0.041 seconds
[2025-06-01T18:14:16.900+0200] {processor.py:157} INFO - Started process (PID=29057) to work on /home/lohit/miniconda3/envs/airflow-env/lib/python3.8/site-packages/airflow/example_dags/example_time_delta_sensor_async.py
[2025-06-01T18:14:16.903+0200] {processor.py:829} INFO - Processing file /home/lohit/miniconda3/envs/airflow-env/lib/python3.8/site-packages/airflow/example_dags/example_time_delta_sensor_async.py for tasks to queue
[2025-06-01T18:14:16.904+0200] {logging_mixin.py:154} INFO - [2025-06-01T18:14:16.904+0200] {dagbag.py:536} INFO - Filling up the DagBag from /home/lohit/miniconda3/envs/airflow-env/lib/python3.8/site-packages/airflow/example_dags/example_time_delta_sensor_async.py
[2025-06-01T18:14:16.907+0200] {processor.py:839} INFO - DAG(s) dict_keys(['example_time_delta_sensor_async']) retrieved from /home/lohit/miniconda3/envs/airflow-env/lib/python3.8/site-packages/airflow/example_dags/example_time_delta_sensor_async.py
[2025-06-01T18:14:16.920+0200] {logging_mixin.py:154} INFO - [2025-06-01T18:14:16.920+0200] {dag.py:2941} INFO - Sync 1 DAGs
[2025-06-01T18:14:16.927+0200] {logging_mixin.py:154} INFO - [2025-06-01T18:14:16.927+0200] {dag.py:3722} INFO - Setting next_dagrun for example_time_delta_sensor_async to None, run_after=None
[2025-06-01T18:14:16.945+0200] {processor.py:179} INFO - Processing /home/lohit/miniconda3/envs/airflow-env/lib/python3.8/site-packages/airflow/example_dags/example_time_delta_sensor_async.py took 0.047 seconds
[2025-06-01T18:15:03.108+0200] {processor.py:157} INFO - Started process (PID=29125) to work on /home/lohit/miniconda3/envs/airflow-env/lib/python3.8/site-packages/airflow/example_dags/example_time_delta_sensor_async.py
[2025-06-01T18:15:03.111+0200] {processor.py:829} INFO - Processing file /home/lohit/miniconda3/envs/airflow-env/lib/python3.8/site-packages/airflow/example_dags/example_time_delta_sensor_async.py for tasks to queue
[2025-06-01T18:15:03.111+0200] {logging_mixin.py:154} INFO - [2025-06-01T18:15:03.111+0200] {dagbag.py:536} INFO - Filling up the DagBag from /home/lohit/miniconda3/envs/airflow-env/lib/python3.8/site-packages/airflow/example_dags/example_time_delta_sensor_async.py
[2025-06-01T18:15:03.115+0200] {processor.py:839} INFO - DAG(s) dict_keys(['example_time_delta_sensor_async']) retrieved from /home/lohit/miniconda3/envs/airflow-env/lib/python3.8/site-packages/airflow/example_dags/example_time_delta_sensor_async.py
[2025-06-01T18:15:03.127+0200] {logging_mixin.py:154} INFO - [2025-06-01T18:15:03.127+0200] {dag.py:2941} INFO - Sync 1 DAGs
[2025-06-01T18:15:03.135+0200] {logging_mixin.py:154} INFO - [2025-06-01T18:15:03.135+0200] {dag.py:3722} INFO - Setting next_dagrun for example_time_delta_sensor_async to None, run_after=None
[2025-06-01T18:15:03.153+0200] {processor.py:179} INFO - Processing /home/lohit/miniconda3/envs/airflow-env/lib/python3.8/site-packages/airflow/example_dags/example_time_delta_sensor_async.py took 0.047 seconds
[2025-06-01T18:15:36.851+0200] {processor.py:157} INFO - Started process (PID=29180) to work on /home/lohit/miniconda3/envs/airflow-env/lib/python3.8/site-packages/airflow/example_dags/example_time_delta_sensor_async.py
[2025-06-01T18:15:36.855+0200] {processor.py:829} INFO - Processing file /home/lohit/miniconda3/envs/airflow-env/lib/python3.8/site-packages/airflow/example_dags/example_time_delta_sensor_async.py for tasks to queue
[2025-06-01T18:15:36.855+0200] {logging_mixin.py:154} INFO - [2025-06-01T18:15:36.855+0200] {dagbag.py:536} INFO - Filling up the DagBag from /home/lohit/miniconda3/envs/airflow-env/lib/python3.8/site-packages/airflow/example_dags/example_time_delta_sensor_async.py
[2025-06-01T18:15:36.859+0200] {processor.py:839} INFO - DAG(s) dict_keys(['example_time_delta_sensor_async']) retrieved from /home/lohit/miniconda3/envs/airflow-env/lib/python3.8/site-packages/airflow/example_dags/example_time_delta_sensor_async.py
[2025-06-01T18:15:36.870+0200] {logging_mixin.py:154} INFO - [2025-06-01T18:15:36.870+0200] {dag.py:2941} INFO - Sync 1 DAGs
[2025-06-01T18:15:36.877+0200] {logging_mixin.py:154} INFO - [2025-06-01T18:15:36.877+0200] {dag.py:3722} INFO - Setting next_dagrun for example_time_delta_sensor_async to None, run_after=None
[2025-06-01T18:15:36.895+0200] {processor.py:179} INFO - Processing /home/lohit/miniconda3/envs/airflow-env/lib/python3.8/site-packages/airflow/example_dags/example_time_delta_sensor_async.py took 0.046 seconds
[2025-06-01T18:16:08.275+0200] {processor.py:157} INFO - Started process (PID=29235) to work on /home/lohit/miniconda3/envs/airflow-env/lib/python3.8/site-packages/airflow/example_dags/example_time_delta_sensor_async.py
[2025-06-01T18:16:08.276+0200] {processor.py:829} INFO - Processing file /home/lohit/miniconda3/envs/airflow-env/lib/python3.8/site-packages/airflow/example_dags/example_time_delta_sensor_async.py for tasks to queue
[2025-06-01T18:16:08.277+0200] {logging_mixin.py:154} INFO - [2025-06-01T18:16:08.277+0200] {dagbag.py:536} INFO - Filling up the DagBag from /home/lohit/miniconda3/envs/airflow-env/lib/python3.8/site-packages/airflow/example_dags/example_time_delta_sensor_async.py
[2025-06-01T18:16:08.280+0200] {processor.py:839} INFO - DAG(s) dict_keys(['example_time_delta_sensor_async']) retrieved from /home/lohit/miniconda3/envs/airflow-env/lib/python3.8/site-packages/airflow/example_dags/example_time_delta_sensor_async.py
[2025-06-01T18:16:08.292+0200] {logging_mixin.py:154} INFO - [2025-06-01T18:16:08.292+0200] {dag.py:2941} INFO - Sync 1 DAGs
[2025-06-01T18:16:08.298+0200] {logging_mixin.py:154} INFO - [2025-06-01T18:16:08.298+0200] {dag.py:3722} INFO - Setting next_dagrun for example_time_delta_sensor_async to None, run_after=None
[2025-06-01T18:16:08.313+0200] {processor.py:179} INFO - Processing /home/lohit/miniconda3/envs/airflow-env/lib/python3.8/site-packages/airflow/example_dags/example_time_delta_sensor_async.py took 0.040 seconds
[2025-06-01T18:16:42.608+0200] {processor.py:157} INFO - Started process (PID=29270) to work on /home/lohit/miniconda3/envs/airflow-env/lib/python3.8/site-packages/airflow/example_dags/example_time_delta_sensor_async.py
[2025-06-01T18:16:42.612+0200] {processor.py:829} INFO - Processing file /home/lohit/miniconda3/envs/airflow-env/lib/python3.8/site-packages/airflow/example_dags/example_time_delta_sensor_async.py for tasks to queue
[2025-06-01T18:16:42.613+0200] {logging_mixin.py:154} INFO - [2025-06-01T18:16:42.613+0200] {dagbag.py:536} INFO - Filling up the DagBag from /home/lohit/miniconda3/envs/airflow-env/lib/python3.8/site-packages/airflow/example_dags/example_time_delta_sensor_async.py
[2025-06-01T18:16:42.618+0200] {processor.py:839} INFO - DAG(s) dict_keys(['example_time_delta_sensor_async']) retrieved from /home/lohit/miniconda3/envs/airflow-env/lib/python3.8/site-packages/airflow/example_dags/example_time_delta_sensor_async.py
[2025-06-01T18:16:42.634+0200] {logging_mixin.py:154} INFO - [2025-06-01T18:16:42.633+0200] {dag.py:2941} INFO - Sync 1 DAGs
[2025-06-01T18:16:42.644+0200] {logging_mixin.py:154} INFO - [2025-06-01T18:16:42.644+0200] {dag.py:3722} INFO - Setting next_dagrun for example_time_delta_sensor_async to None, run_after=None
[2025-06-01T18:16:42.667+0200] {processor.py:179} INFO - Processing /home/lohit/miniconda3/envs/airflow-env/lib/python3.8/site-packages/airflow/example_dags/example_time_delta_sensor_async.py took 0.062 seconds
[2025-06-01T18:17:30.212+0200] {processor.py:157} INFO - Started process (PID=29343) to work on /home/lohit/miniconda3/envs/airflow-env/lib/python3.8/site-packages/airflow/example_dags/example_time_delta_sensor_async.py
[2025-06-01T18:17:30.215+0200] {processor.py:829} INFO - Processing file /home/lohit/miniconda3/envs/airflow-env/lib/python3.8/site-packages/airflow/example_dags/example_time_delta_sensor_async.py for tasks to queue
[2025-06-01T18:17:30.216+0200] {logging_mixin.py:154} INFO - [2025-06-01T18:17:30.216+0200] {dagbag.py:536} INFO - Filling up the DagBag from /home/lohit/miniconda3/envs/airflow-env/lib/python3.8/site-packages/airflow/example_dags/example_time_delta_sensor_async.py
[2025-06-01T18:17:30.219+0200] {processor.py:839} INFO - DAG(s) dict_keys(['example_time_delta_sensor_async']) retrieved from /home/lohit/miniconda3/envs/airflow-env/lib/python3.8/site-packages/airflow/example_dags/example_time_delta_sensor_async.py
[2025-06-01T18:17:30.230+0200] {logging_mixin.py:154} INFO - [2025-06-01T18:17:30.230+0200] {dag.py:2941} INFO - Sync 1 DAGs
[2025-06-01T18:17:30.238+0200] {logging_mixin.py:154} INFO - [2025-06-01T18:17:30.238+0200] {dag.py:3722} INFO - Setting next_dagrun for example_time_delta_sensor_async to None, run_after=None
[2025-06-01T18:17:30.255+0200] {processor.py:179} INFO - Processing /home/lohit/miniconda3/envs/airflow-env/lib/python3.8/site-packages/airflow/example_dags/example_time_delta_sensor_async.py took 0.045 seconds
[2025-06-01T18:18:12.739+0200] {processor.py:157} INFO - Started process (PID=29409) to work on /home/lohit/miniconda3/envs/airflow-env/lib/python3.8/site-packages/airflow/example_dags/example_time_delta_sensor_async.py
[2025-06-01T18:18:12.741+0200] {processor.py:829} INFO - Processing file /home/lohit/miniconda3/envs/airflow-env/lib/python3.8/site-packages/airflow/example_dags/example_time_delta_sensor_async.py for tasks to queue
[2025-06-01T18:18:12.742+0200] {logging_mixin.py:154} INFO - [2025-06-01T18:18:12.742+0200] {dagbag.py:536} INFO - Filling up the DagBag from /home/lohit/miniconda3/envs/airflow-env/lib/python3.8/site-packages/airflow/example_dags/example_time_delta_sensor_async.py
[2025-06-01T18:18:12.745+0200] {processor.py:839} INFO - DAG(s) dict_keys(['example_time_delta_sensor_async']) retrieved from /home/lohit/miniconda3/envs/airflow-env/lib/python3.8/site-packages/airflow/example_dags/example_time_delta_sensor_async.py
[2025-06-01T18:18:12.764+0200] {logging_mixin.py:154} INFO - [2025-06-01T18:18:12.763+0200] {dag.py:2941} INFO - Sync 1 DAGs
[2025-06-01T18:18:12.778+0200] {logging_mixin.py:154} INFO - [2025-06-01T18:18:12.777+0200] {dag.py:3722} INFO - Setting next_dagrun for example_time_delta_sensor_async to None, run_after=None
[2025-06-01T18:18:12.798+0200] {processor.py:179} INFO - Processing /home/lohit/miniconda3/envs/airflow-env/lib/python3.8/site-packages/airflow/example_dags/example_time_delta_sensor_async.py took 0.062 seconds
[2025-06-01T18:18:58.042+0200] {processor.py:157} INFO - Started process (PID=29478) to work on /home/lohit/miniconda3/envs/airflow-env/lib/python3.8/site-packages/airflow/example_dags/example_time_delta_sensor_async.py
[2025-06-01T18:18:58.043+0200] {processor.py:829} INFO - Processing file /home/lohit/miniconda3/envs/airflow-env/lib/python3.8/site-packages/airflow/example_dags/example_time_delta_sensor_async.py for tasks to queue
[2025-06-01T18:18:58.044+0200] {logging_mixin.py:154} INFO - [2025-06-01T18:18:58.044+0200] {dagbag.py:536} INFO - Filling up the DagBag from /home/lohit/miniconda3/envs/airflow-env/lib/python3.8/site-packages/airflow/example_dags/example_time_delta_sensor_async.py
[2025-06-01T18:18:58.047+0200] {processor.py:839} INFO - DAG(s) dict_keys(['example_time_delta_sensor_async']) retrieved from /home/lohit/miniconda3/envs/airflow-env/lib/python3.8/site-packages/airflow/example_dags/example_time_delta_sensor_async.py
[2025-06-01T18:18:58.057+0200] {logging_mixin.py:154} INFO - [2025-06-01T18:18:58.057+0200] {dag.py:2941} INFO - Sync 1 DAGs
[2025-06-01T18:18:58.064+0200] {logging_mixin.py:154} INFO - [2025-06-01T18:18:58.064+0200] {dag.py:3722} INFO - Setting next_dagrun for example_time_delta_sensor_async to None, run_after=None
[2025-06-01T18:18:58.080+0200] {processor.py:179} INFO - Processing /home/lohit/miniconda3/envs/airflow-env/lib/python3.8/site-packages/airflow/example_dags/example_time_delta_sensor_async.py took 0.040 seconds
[2025-06-01T18:19:32.027+0200] {processor.py:157} INFO - Started process (PID=29533) to work on /home/lohit/miniconda3/envs/airflow-env/lib/python3.8/site-packages/airflow/example_dags/example_time_delta_sensor_async.py
[2025-06-01T18:19:32.030+0200] {processor.py:829} INFO - Processing file /home/lohit/miniconda3/envs/airflow-env/lib/python3.8/site-packages/airflow/example_dags/example_time_delta_sensor_async.py for tasks to queue
[2025-06-01T18:19:32.031+0200] {logging_mixin.py:154} INFO - [2025-06-01T18:19:32.031+0200] {dagbag.py:536} INFO - Filling up the DagBag from /home/lohit/miniconda3/envs/airflow-env/lib/python3.8/site-packages/airflow/example_dags/example_time_delta_sensor_async.py
[2025-06-01T18:19:32.034+0200] {processor.py:839} INFO - DAG(s) dict_keys(['example_time_delta_sensor_async']) retrieved from /home/lohit/miniconda3/envs/airflow-env/lib/python3.8/site-packages/airflow/example_dags/example_time_delta_sensor_async.py
[2025-06-01T18:19:32.046+0200] {logging_mixin.py:154} INFO - [2025-06-01T18:19:32.045+0200] {dag.py:2941} INFO - Sync 1 DAGs
[2025-06-01T18:19:32.053+0200] {logging_mixin.py:154} INFO - [2025-06-01T18:19:32.053+0200] {dag.py:3722} INFO - Setting next_dagrun for example_time_delta_sensor_async to None, run_after=None
[2025-06-01T18:19:32.069+0200] {processor.py:179} INFO - Processing /home/lohit/miniconda3/envs/airflow-env/lib/python3.8/site-packages/airflow/example_dags/example_time_delta_sensor_async.py took 0.044 seconds
[2025-06-01T18:20:04.221+0200] {processor.py:157} INFO - Started process (PID=29588) to work on /home/lohit/miniconda3/envs/airflow-env/lib/python3.8/site-packages/airflow/example_dags/example_time_delta_sensor_async.py
[2025-06-01T18:20:04.224+0200] {processor.py:829} INFO - Processing file /home/lohit/miniconda3/envs/airflow-env/lib/python3.8/site-packages/airflow/example_dags/example_time_delta_sensor_async.py for tasks to queue
[2025-06-01T18:20:04.225+0200] {logging_mixin.py:154} INFO - [2025-06-01T18:20:04.225+0200] {dagbag.py:536} INFO - Filling up the DagBag from /home/lohit/miniconda3/envs/airflow-env/lib/python3.8/site-packages/airflow/example_dags/example_time_delta_sensor_async.py
[2025-06-01T18:20:04.228+0200] {processor.py:839} INFO - DAG(s) dict_keys(['example_time_delta_sensor_async']) retrieved from /home/lohit/miniconda3/envs/airflow-env/lib/python3.8/site-packages/airflow/example_dags/example_time_delta_sensor_async.py
[2025-06-01T18:20:04.239+0200] {logging_mixin.py:154} INFO - [2025-06-01T18:20:04.239+0200] {dag.py:2941} INFO - Sync 1 DAGs
[2025-06-01T18:20:04.248+0200] {logging_mixin.py:154} INFO - [2025-06-01T18:20:04.247+0200] {dag.py:3722} INFO - Setting next_dagrun for example_time_delta_sensor_async to None, run_after=None
[2025-06-01T18:20:04.264+0200] {processor.py:179} INFO - Processing /home/lohit/miniconda3/envs/airflow-env/lib/python3.8/site-packages/airflow/example_dags/example_time_delta_sensor_async.py took 0.045 seconds
[2025-06-01T18:20:51.813+0200] {processor.py:157} INFO - Started process (PID=29657) to work on /home/lohit/miniconda3/envs/airflow-env/lib/python3.8/site-packages/airflow/example_dags/example_time_delta_sensor_async.py
[2025-06-01T18:20:51.817+0200] {processor.py:829} INFO - Processing file /home/lohit/miniconda3/envs/airflow-env/lib/python3.8/site-packages/airflow/example_dags/example_time_delta_sensor_async.py for tasks to queue
[2025-06-01T18:20:51.817+0200] {logging_mixin.py:154} INFO - [2025-06-01T18:20:51.817+0200] {dagbag.py:536} INFO - Filling up the DagBag from /home/lohit/miniconda3/envs/airflow-env/lib/python3.8/site-packages/airflow/example_dags/example_time_delta_sensor_async.py
[2025-06-01T18:20:51.821+0200] {processor.py:839} INFO - DAG(s) dict_keys(['example_time_delta_sensor_async']) retrieved from /home/lohit/miniconda3/envs/airflow-env/lib/python3.8/site-packages/airflow/example_dags/example_time_delta_sensor_async.py
[2025-06-01T18:20:51.834+0200] {logging_mixin.py:154} INFO - [2025-06-01T18:20:51.834+0200] {dag.py:2941} INFO - Sync 1 DAGs
[2025-06-01T18:20:51.841+0200] {logging_mixin.py:154} INFO - [2025-06-01T18:20:51.841+0200] {dag.py:3722} INFO - Setting next_dagrun for example_time_delta_sensor_async to None, run_after=None
[2025-06-01T18:20:51.858+0200] {processor.py:179} INFO - Processing /home/lohit/miniconda3/envs/airflow-env/lib/python3.8/site-packages/airflow/example_dags/example_time_delta_sensor_async.py took 0.047 seconds
[2025-06-01T18:21:23.266+0200] {processor.py:157} INFO - Started process (PID=29691) to work on /home/lohit/miniconda3/envs/airflow-env/lib/python3.8/site-packages/airflow/example_dags/example_time_delta_sensor_async.py
[2025-06-01T18:21:23.270+0200] {processor.py:829} INFO - Processing file /home/lohit/miniconda3/envs/airflow-env/lib/python3.8/site-packages/airflow/example_dags/example_time_delta_sensor_async.py for tasks to queue
[2025-06-01T18:21:23.271+0200] {logging_mixin.py:154} INFO - [2025-06-01T18:21:23.270+0200] {dagbag.py:536} INFO - Filling up the DagBag from /home/lohit/miniconda3/envs/airflow-env/lib/python3.8/site-packages/airflow/example_dags/example_time_delta_sensor_async.py
[2025-06-01T18:21:23.273+0200] {processor.py:839} INFO - DAG(s) dict_keys(['example_time_delta_sensor_async']) retrieved from /home/lohit/miniconda3/envs/airflow-env/lib/python3.8/site-packages/airflow/example_dags/example_time_delta_sensor_async.py
[2025-06-01T18:21:23.283+0200] {logging_mixin.py:154} INFO - [2025-06-01T18:21:23.283+0200] {dag.py:2941} INFO - Sync 1 DAGs
[2025-06-01T18:21:23.290+0200] {logging_mixin.py:154} INFO - [2025-06-01T18:21:23.290+0200] {dag.py:3722} INFO - Setting next_dagrun for example_time_delta_sensor_async to None, run_after=None
[2025-06-01T18:21:23.309+0200] {processor.py:179} INFO - Processing /home/lohit/miniconda3/envs/airflow-env/lib/python3.8/site-packages/airflow/example_dags/example_time_delta_sensor_async.py took 0.045 seconds
[2025-06-01T18:21:56.784+0200] {processor.py:157} INFO - Started process (PID=29746) to work on /home/lohit/miniconda3/envs/airflow-env/lib/python3.8/site-packages/airflow/example_dags/example_time_delta_sensor_async.py
[2025-06-01T18:21:56.786+0200] {processor.py:829} INFO - Processing file /home/lohit/miniconda3/envs/airflow-env/lib/python3.8/site-packages/airflow/example_dags/example_time_delta_sensor_async.py for tasks to queue
[2025-06-01T18:21:56.786+0200] {logging_mixin.py:154} INFO - [2025-06-01T18:21:56.786+0200] {dagbag.py:536} INFO - Filling up the DagBag from /home/lohit/miniconda3/envs/airflow-env/lib/python3.8/site-packages/airflow/example_dags/example_time_delta_sensor_async.py
[2025-06-01T18:21:56.789+0200] {processor.py:839} INFO - DAG(s) dict_keys(['example_time_delta_sensor_async']) retrieved from /home/lohit/miniconda3/envs/airflow-env/lib/python3.8/site-packages/airflow/example_dags/example_time_delta_sensor_async.py
[2025-06-01T18:21:56.800+0200] {logging_mixin.py:154} INFO - [2025-06-01T18:21:56.800+0200] {dag.py:2941} INFO - Sync 1 DAGs
[2025-06-01T18:21:56.807+0200] {logging_mixin.py:154} INFO - [2025-06-01T18:21:56.806+0200] {dag.py:3722} INFO - Setting next_dagrun for example_time_delta_sensor_async to None, run_after=None
[2025-06-01T18:21:56.826+0200] {processor.py:179} INFO - Processing /home/lohit/miniconda3/envs/airflow-env/lib/python3.8/site-packages/airflow/example_dags/example_time_delta_sensor_async.py took 0.044 seconds
[2025-06-01T18:22:43.239+0200] {processor.py:157} INFO - Started process (PID=29815) to work on /home/lohit/miniconda3/envs/airflow-env/lib/python3.8/site-packages/airflow/example_dags/example_time_delta_sensor_async.py
[2025-06-01T18:22:43.241+0200] {processor.py:829} INFO - Processing file /home/lohit/miniconda3/envs/airflow-env/lib/python3.8/site-packages/airflow/example_dags/example_time_delta_sensor_async.py for tasks to queue
[2025-06-01T18:22:43.241+0200] {logging_mixin.py:154} INFO - [2025-06-01T18:22:43.241+0200] {dagbag.py:536} INFO - Filling up the DagBag from /home/lohit/miniconda3/envs/airflow-env/lib/python3.8/site-packages/airflow/example_dags/example_time_delta_sensor_async.py
[2025-06-01T18:22:43.244+0200] {processor.py:839} INFO - DAG(s) dict_keys(['example_time_delta_sensor_async']) retrieved from /home/lohit/miniconda3/envs/airflow-env/lib/python3.8/site-packages/airflow/example_dags/example_time_delta_sensor_async.py
[2025-06-01T18:22:43.256+0200] {logging_mixin.py:154} INFO - [2025-06-01T18:22:43.256+0200] {dag.py:2941} INFO - Sync 1 DAGs
[2025-06-01T18:22:43.264+0200] {logging_mixin.py:154} INFO - [2025-06-01T18:22:43.264+0200] {dag.py:3722} INFO - Setting next_dagrun for example_time_delta_sensor_async to None, run_after=None
[2025-06-01T18:22:43.282+0200] {processor.py:179} INFO - Processing /home/lohit/miniconda3/envs/airflow-env/lib/python3.8/site-packages/airflow/example_dags/example_time_delta_sensor_async.py took 0.045 seconds
[2025-06-01T18:23:15.308+0200] {processor.py:157} INFO - Started process (PID=29869) to work on /home/lohit/miniconda3/envs/airflow-env/lib/python3.8/site-packages/airflow/example_dags/example_time_delta_sensor_async.py
[2025-06-01T18:23:15.312+0200] {processor.py:829} INFO - Processing file /home/lohit/miniconda3/envs/airflow-env/lib/python3.8/site-packages/airflow/example_dags/example_time_delta_sensor_async.py for tasks to queue
[2025-06-01T18:23:15.313+0200] {logging_mixin.py:154} INFO - [2025-06-01T18:23:15.313+0200] {dagbag.py:536} INFO - Filling up the DagBag from /home/lohit/miniconda3/envs/airflow-env/lib/python3.8/site-packages/airflow/example_dags/example_time_delta_sensor_async.py
[2025-06-01T18:23:15.316+0200] {processor.py:839} INFO - DAG(s) dict_keys(['example_time_delta_sensor_async']) retrieved from /home/lohit/miniconda3/envs/airflow-env/lib/python3.8/site-packages/airflow/example_dags/example_time_delta_sensor_async.py
[2025-06-01T18:23:15.328+0200] {logging_mixin.py:154} INFO - [2025-06-01T18:23:15.328+0200] {dag.py:2941} INFO - Sync 1 DAGs
[2025-06-01T18:23:15.335+0200] {logging_mixin.py:154} INFO - [2025-06-01T18:23:15.335+0200] {dag.py:3722} INFO - Setting next_dagrun for example_time_delta_sensor_async to None, run_after=None
[2025-06-01T18:23:15.350+0200] {processor.py:179} INFO - Processing /home/lohit/miniconda3/envs/airflow-env/lib/python3.8/site-packages/airflow/example_dags/example_time_delta_sensor_async.py took 0.044 seconds
[2025-06-01T18:23:49.546+0200] {processor.py:157} INFO - Started process (PID=29904) to work on /home/lohit/miniconda3/envs/airflow-env/lib/python3.8/site-packages/airflow/example_dags/example_time_delta_sensor_async.py
[2025-06-01T18:23:49.547+0200] {processor.py:829} INFO - Processing file /home/lohit/miniconda3/envs/airflow-env/lib/python3.8/site-packages/airflow/example_dags/example_time_delta_sensor_async.py for tasks to queue
[2025-06-01T18:23:49.548+0200] {logging_mixin.py:154} INFO - [2025-06-01T18:23:49.547+0200] {dagbag.py:536} INFO - Filling up the DagBag from /home/lohit/miniconda3/envs/airflow-env/lib/python3.8/site-packages/airflow/example_dags/example_time_delta_sensor_async.py
[2025-06-01T18:23:49.551+0200] {processor.py:839} INFO - DAG(s) dict_keys(['example_time_delta_sensor_async']) retrieved from /home/lohit/miniconda3/envs/airflow-env/lib/python3.8/site-packages/airflow/example_dags/example_time_delta_sensor_async.py
[2025-06-01T18:23:49.563+0200] {logging_mixin.py:154} INFO - [2025-06-01T18:23:49.563+0200] {dag.py:2941} INFO - Sync 1 DAGs
[2025-06-01T18:23:49.570+0200] {logging_mixin.py:154} INFO - [2025-06-01T18:23:49.570+0200] {dag.py:3722} INFO - Setting next_dagrun for example_time_delta_sensor_async to None, run_after=None
[2025-06-01T18:23:49.586+0200] {processor.py:179} INFO - Processing /home/lohit/miniconda3/envs/airflow-env/lib/python3.8/site-packages/airflow/example_dags/example_time_delta_sensor_async.py took 0.043 seconds
[2025-06-01T18:24:33.462+0200] {processor.py:157} INFO - Started process (PID=29972) to work on /home/lohit/miniconda3/envs/airflow-env/lib/python3.8/site-packages/airflow/example_dags/example_time_delta_sensor_async.py
[2025-06-01T18:24:33.466+0200] {processor.py:829} INFO - Processing file /home/lohit/miniconda3/envs/airflow-env/lib/python3.8/site-packages/airflow/example_dags/example_time_delta_sensor_async.py for tasks to queue
[2025-06-01T18:24:33.466+0200] {logging_mixin.py:154} INFO - [2025-06-01T18:24:33.466+0200] {dagbag.py:536} INFO - Filling up the DagBag from /home/lohit/miniconda3/envs/airflow-env/lib/python3.8/site-packages/airflow/example_dags/example_time_delta_sensor_async.py
[2025-06-01T18:24:33.469+0200] {processor.py:839} INFO - DAG(s) dict_keys(['example_time_delta_sensor_async']) retrieved from /home/lohit/miniconda3/envs/airflow-env/lib/python3.8/site-packages/airflow/example_dags/example_time_delta_sensor_async.py
[2025-06-01T18:24:33.481+0200] {logging_mixin.py:154} INFO - [2025-06-01T18:24:33.480+0200] {dag.py:2941} INFO - Sync 1 DAGs
[2025-06-01T18:24:33.491+0200] {logging_mixin.py:154} INFO - [2025-06-01T18:24:33.491+0200] {dag.py:3722} INFO - Setting next_dagrun for example_time_delta_sensor_async to None, run_after=None
[2025-06-01T18:24:33.507+0200] {processor.py:179} INFO - Processing /home/lohit/miniconda3/envs/airflow-env/lib/python3.8/site-packages/airflow/example_dags/example_time_delta_sensor_async.py took 0.047 seconds
[2025-06-01T18:25:06.416+0200] {processor.py:157} INFO - Started process (PID=30026) to work on /home/lohit/miniconda3/envs/airflow-env/lib/python3.8/site-packages/airflow/example_dags/example_time_delta_sensor_async.py
[2025-06-01T18:25:06.419+0200] {processor.py:829} INFO - Processing file /home/lohit/miniconda3/envs/airflow-env/lib/python3.8/site-packages/airflow/example_dags/example_time_delta_sensor_async.py for tasks to queue
[2025-06-01T18:25:06.420+0200] {logging_mixin.py:154} INFO - [2025-06-01T18:25:06.420+0200] {dagbag.py:536} INFO - Filling up the DagBag from /home/lohit/miniconda3/envs/airflow-env/lib/python3.8/site-packages/airflow/example_dags/example_time_delta_sensor_async.py
[2025-06-01T18:25:06.423+0200] {processor.py:839} INFO - DAG(s) dict_keys(['example_time_delta_sensor_async']) retrieved from /home/lohit/miniconda3/envs/airflow-env/lib/python3.8/site-packages/airflow/example_dags/example_time_delta_sensor_async.py
[2025-06-01T18:25:06.433+0200] {logging_mixin.py:154} INFO - [2025-06-01T18:25:06.433+0200] {dag.py:2941} INFO - Sync 1 DAGs
[2025-06-01T18:25:06.439+0200] {logging_mixin.py:154} INFO - [2025-06-01T18:25:06.439+0200] {dag.py:3722} INFO - Setting next_dagrun for example_time_delta_sensor_async to None, run_after=None
[2025-06-01T18:25:06.455+0200] {processor.py:179} INFO - Processing /home/lohit/miniconda3/envs/airflow-env/lib/python3.8/site-packages/airflow/example_dags/example_time_delta_sensor_async.py took 0.042 seconds
[2025-06-01T18:25:38.231+0200] {processor.py:157} INFO - Started process (PID=30080) to work on /home/lohit/miniconda3/envs/airflow-env/lib/python3.8/site-packages/airflow/example_dags/example_time_delta_sensor_async.py
[2025-06-01T18:25:38.235+0200] {processor.py:829} INFO - Processing file /home/lohit/miniconda3/envs/airflow-env/lib/python3.8/site-packages/airflow/example_dags/example_time_delta_sensor_async.py for tasks to queue
[2025-06-01T18:25:38.235+0200] {logging_mixin.py:154} INFO - [2025-06-01T18:25:38.235+0200] {dagbag.py:536} INFO - Filling up the DagBag from /home/lohit/miniconda3/envs/airflow-env/lib/python3.8/site-packages/airflow/example_dags/example_time_delta_sensor_async.py
[2025-06-01T18:25:38.238+0200] {processor.py:839} INFO - DAG(s) dict_keys(['example_time_delta_sensor_async']) retrieved from /home/lohit/miniconda3/envs/airflow-env/lib/python3.8/site-packages/airflow/example_dags/example_time_delta_sensor_async.py
[2025-06-01T18:25:38.251+0200] {logging_mixin.py:154} INFO - [2025-06-01T18:25:38.250+0200] {dag.py:2941} INFO - Sync 1 DAGs
[2025-06-01T18:25:38.260+0200] {logging_mixin.py:154} INFO - [2025-06-01T18:25:38.260+0200] {dag.py:3722} INFO - Setting next_dagrun for example_time_delta_sensor_async to None, run_after=None
[2025-06-01T18:25:38.281+0200] {processor.py:179} INFO - Processing /home/lohit/miniconda3/envs/airflow-env/lib/python3.8/site-packages/airflow/example_dags/example_time_delta_sensor_async.py took 0.052 seconds
[2025-06-01T18:26:22.489+0200] {processor.py:157} INFO - Started process (PID=30149) to work on /home/lohit/miniconda3/envs/airflow-env/lib/python3.8/site-packages/airflow/example_dags/example_time_delta_sensor_async.py
[2025-06-01T18:26:22.491+0200] {processor.py:829} INFO - Processing file /home/lohit/miniconda3/envs/airflow-env/lib/python3.8/site-packages/airflow/example_dags/example_time_delta_sensor_async.py for tasks to queue
[2025-06-01T18:26:22.491+0200] {logging_mixin.py:154} INFO - [2025-06-01T18:26:22.491+0200] {dagbag.py:536} INFO - Filling up the DagBag from /home/lohit/miniconda3/envs/airflow-env/lib/python3.8/site-packages/airflow/example_dags/example_time_delta_sensor_async.py
[2025-06-01T18:26:22.494+0200] {processor.py:839} INFO - DAG(s) dict_keys(['example_time_delta_sensor_async']) retrieved from /home/lohit/miniconda3/envs/airflow-env/lib/python3.8/site-packages/airflow/example_dags/example_time_delta_sensor_async.py
[2025-06-01T18:26:22.506+0200] {logging_mixin.py:154} INFO - [2025-06-01T18:26:22.506+0200] {dag.py:2941} INFO - Sync 1 DAGs
[2025-06-01T18:26:22.513+0200] {logging_mixin.py:154} INFO - [2025-06-01T18:26:22.513+0200] {dag.py:3722} INFO - Setting next_dagrun for example_time_delta_sensor_async to None, run_after=None
[2025-06-01T18:26:22.530+0200] {processor.py:179} INFO - Processing /home/lohit/miniconda3/envs/airflow-env/lib/python3.8/site-packages/airflow/example_dags/example_time_delta_sensor_async.py took 0.044 seconds
[2025-06-01T18:26:55.191+0200] {processor.py:157} INFO - Started process (PID=30183) to work on /home/lohit/miniconda3/envs/airflow-env/lib/python3.8/site-packages/airflow/example_dags/example_time_delta_sensor_async.py
[2025-06-01T18:26:55.194+0200] {processor.py:829} INFO - Processing file /home/lohit/miniconda3/envs/airflow-env/lib/python3.8/site-packages/airflow/example_dags/example_time_delta_sensor_async.py for tasks to queue
[2025-06-01T18:26:55.195+0200] {logging_mixin.py:154} INFO - [2025-06-01T18:26:55.195+0200] {dagbag.py:536} INFO - Filling up the DagBag from /home/lohit/miniconda3/envs/airflow-env/lib/python3.8/site-packages/airflow/example_dags/example_time_delta_sensor_async.py
[2025-06-01T18:26:55.198+0200] {processor.py:839} INFO - DAG(s) dict_keys(['example_time_delta_sensor_async']) retrieved from /home/lohit/miniconda3/envs/airflow-env/lib/python3.8/site-packages/airflow/example_dags/example_time_delta_sensor_async.py
[2025-06-01T18:26:55.211+0200] {logging_mixin.py:154} INFO - [2025-06-01T18:26:55.210+0200] {dag.py:2941} INFO - Sync 1 DAGs
[2025-06-01T18:26:55.219+0200] {logging_mixin.py:154} INFO - [2025-06-01T18:26:55.219+0200] {dag.py:3722} INFO - Setting next_dagrun for example_time_delta_sensor_async to None, run_after=None
[2025-06-01T18:26:55.235+0200] {processor.py:179} INFO - Processing /home/lohit/miniconda3/envs/airflow-env/lib/python3.8/site-packages/airflow/example_dags/example_time_delta_sensor_async.py took 0.046 seconds
[2025-06-01T18:27:39.223+0200] {processor.py:157} INFO - Started process (PID=30251) to work on /home/lohit/miniconda3/envs/airflow-env/lib/python3.8/site-packages/airflow/example_dags/example_time_delta_sensor_async.py
[2025-06-01T18:27:39.227+0200] {processor.py:829} INFO - Processing file /home/lohit/miniconda3/envs/airflow-env/lib/python3.8/site-packages/airflow/example_dags/example_time_delta_sensor_async.py for tasks to queue
[2025-06-01T18:27:39.227+0200] {logging_mixin.py:154} INFO - [2025-06-01T18:27:39.227+0200] {dagbag.py:536} INFO - Filling up the DagBag from /home/lohit/miniconda3/envs/airflow-env/lib/python3.8/site-packages/airflow/example_dags/example_time_delta_sensor_async.py
[2025-06-01T18:27:39.230+0200] {processor.py:839} INFO - DAG(s) dict_keys(['example_time_delta_sensor_async']) retrieved from /home/lohit/miniconda3/envs/airflow-env/lib/python3.8/site-packages/airflow/example_dags/example_time_delta_sensor_async.py
[2025-06-01T18:27:39.241+0200] {logging_mixin.py:154} INFO - [2025-06-01T18:27:39.241+0200] {dag.py:2941} INFO - Sync 1 DAGs
[2025-06-01T18:27:39.248+0200] {logging_mixin.py:154} INFO - [2025-06-01T18:27:39.248+0200] {dag.py:3722} INFO - Setting next_dagrun for example_time_delta_sensor_async to None, run_after=None
[2025-06-01T18:27:39.265+0200] {processor.py:179} INFO - Processing /home/lohit/miniconda3/envs/airflow-env/lib/python3.8/site-packages/airflow/example_dags/example_time_delta_sensor_async.py took 0.044 seconds
[2025-06-01T18:28:11.961+0200] {processor.py:157} INFO - Started process (PID=30305) to work on /home/lohit/miniconda3/envs/airflow-env/lib/python3.8/site-packages/airflow/example_dags/example_time_delta_sensor_async.py
[2025-06-01T18:28:11.964+0200] {processor.py:829} INFO - Processing file /home/lohit/miniconda3/envs/airflow-env/lib/python3.8/site-packages/airflow/example_dags/example_time_delta_sensor_async.py for tasks to queue
[2025-06-01T18:28:11.965+0200] {logging_mixin.py:154} INFO - [2025-06-01T18:28:11.964+0200] {dagbag.py:536} INFO - Filling up the DagBag from /home/lohit/miniconda3/envs/airflow-env/lib/python3.8/site-packages/airflow/example_dags/example_time_delta_sensor_async.py
[2025-06-01T18:28:11.968+0200] {processor.py:839} INFO - DAG(s) dict_keys(['example_time_delta_sensor_async']) retrieved from /home/lohit/miniconda3/envs/airflow-env/lib/python3.8/site-packages/airflow/example_dags/example_time_delta_sensor_async.py
[2025-06-01T18:28:11.979+0200] {logging_mixin.py:154} INFO - [2025-06-01T18:28:11.979+0200] {dag.py:2941} INFO - Sync 1 DAGs
[2025-06-01T18:28:11.985+0200] {logging_mixin.py:154} INFO - [2025-06-01T18:28:11.985+0200] {dag.py:3722} INFO - Setting next_dagrun for example_time_delta_sensor_async to None, run_after=None
[2025-06-01T18:28:12.000+0200] {processor.py:179} INFO - Processing /home/lohit/miniconda3/envs/airflow-env/lib/python3.8/site-packages/airflow/example_dags/example_time_delta_sensor_async.py took 0.041 seconds
[2025-06-01T18:28:45.682+0200] {processor.py:157} INFO - Started process (PID=30360) to work on /home/lohit/miniconda3/envs/airflow-env/lib/python3.8/site-packages/airflow/example_dags/example_time_delta_sensor_async.py
[2025-06-01T18:28:45.685+0200] {processor.py:829} INFO - Processing file /home/lohit/miniconda3/envs/airflow-env/lib/python3.8/site-packages/airflow/example_dags/example_time_delta_sensor_async.py for tasks to queue
[2025-06-01T18:28:45.686+0200] {logging_mixin.py:154} INFO - [2025-06-01T18:28:45.686+0200] {dagbag.py:536} INFO - Filling up the DagBag from /home/lohit/miniconda3/envs/airflow-env/lib/python3.8/site-packages/airflow/example_dags/example_time_delta_sensor_async.py
[2025-06-01T18:28:45.689+0200] {processor.py:839} INFO - DAG(s) dict_keys(['example_time_delta_sensor_async']) retrieved from /home/lohit/miniconda3/envs/airflow-env/lib/python3.8/site-packages/airflow/example_dags/example_time_delta_sensor_async.py
[2025-06-01T18:28:45.699+0200] {logging_mixin.py:154} INFO - [2025-06-01T18:28:45.699+0200] {dag.py:2941} INFO - Sync 1 DAGs
[2025-06-01T18:28:45.705+0200] {logging_mixin.py:154} INFO - [2025-06-01T18:28:45.705+0200] {dag.py:3722} INFO - Setting next_dagrun for example_time_delta_sensor_async to None, run_after=None
[2025-06-01T18:28:45.721+0200] {processor.py:179} INFO - Processing /home/lohit/miniconda3/envs/airflow-env/lib/python3.8/site-packages/airflow/example_dags/example_time_delta_sensor_async.py took 0.041 seconds
[2025-06-01T18:29:28.833+0200] {processor.py:157} INFO - Started process (PID=30427) to work on /home/lohit/miniconda3/envs/airflow-env/lib/python3.8/site-packages/airflow/example_dags/example_time_delta_sensor_async.py
[2025-06-01T18:29:28.837+0200] {processor.py:829} INFO - Processing file /home/lohit/miniconda3/envs/airflow-env/lib/python3.8/site-packages/airflow/example_dags/example_time_delta_sensor_async.py for tasks to queue
[2025-06-01T18:29:28.837+0200] {logging_mixin.py:154} INFO - [2025-06-01T18:29:28.837+0200] {dagbag.py:536} INFO - Filling up the DagBag from /home/lohit/miniconda3/envs/airflow-env/lib/python3.8/site-packages/airflow/example_dags/example_time_delta_sensor_async.py
[2025-06-01T18:29:28.841+0200] {processor.py:839} INFO - DAG(s) dict_keys(['example_time_delta_sensor_async']) retrieved from /home/lohit/miniconda3/envs/airflow-env/lib/python3.8/site-packages/airflow/example_dags/example_time_delta_sensor_async.py
[2025-06-01T18:29:28.852+0200] {logging_mixin.py:154} INFO - [2025-06-01T18:29:28.852+0200] {dag.py:2941} INFO - Sync 1 DAGs
[2025-06-01T18:29:28.859+0200] {logging_mixin.py:154} INFO - [2025-06-01T18:29:28.859+0200] {dag.py:3722} INFO - Setting next_dagrun for example_time_delta_sensor_async to None, run_after=None
[2025-06-01T18:29:28.877+0200] {processor.py:179} INFO - Processing /home/lohit/miniconda3/envs/airflow-env/lib/python3.8/site-packages/airflow/example_dags/example_time_delta_sensor_async.py took 0.046 seconds
[2025-06-01T18:30:01.483+0200] {processor.py:157} INFO - Started process (PID=30461) to work on /home/lohit/miniconda3/envs/airflow-env/lib/python3.8/site-packages/airflow/example_dags/example_time_delta_sensor_async.py
[2025-06-01T18:30:01.487+0200] {processor.py:829} INFO - Processing file /home/lohit/miniconda3/envs/airflow-env/lib/python3.8/site-packages/airflow/example_dags/example_time_delta_sensor_async.py for tasks to queue
[2025-06-01T18:30:01.487+0200] {logging_mixin.py:154} INFO - [2025-06-01T18:30:01.487+0200] {dagbag.py:536} INFO - Filling up the DagBag from /home/lohit/miniconda3/envs/airflow-env/lib/python3.8/site-packages/airflow/example_dags/example_time_delta_sensor_async.py
[2025-06-01T18:30:01.491+0200] {processor.py:839} INFO - DAG(s) dict_keys(['example_time_delta_sensor_async']) retrieved from /home/lohit/miniconda3/envs/airflow-env/lib/python3.8/site-packages/airflow/example_dags/example_time_delta_sensor_async.py
[2025-06-01T18:30:01.502+0200] {logging_mixin.py:154} INFO - [2025-06-01T18:30:01.502+0200] {dag.py:2941} INFO - Sync 1 DAGs
[2025-06-01T18:30:01.510+0200] {logging_mixin.py:154} INFO - [2025-06-01T18:30:01.509+0200] {dag.py:3722} INFO - Setting next_dagrun for example_time_delta_sensor_async to None, run_after=None
[2025-06-01T18:30:01.526+0200] {processor.py:179} INFO - Processing /home/lohit/miniconda3/envs/airflow-env/lib/python3.8/site-packages/airflow/example_dags/example_time_delta_sensor_async.py took 0.045 seconds
[2025-06-01T18:30:42.593+0200] {processor.py:157} INFO - Started process (PID=30527) to work on /home/lohit/miniconda3/envs/airflow-env/lib/python3.8/site-packages/airflow/example_dags/example_time_delta_sensor_async.py
[2025-06-01T18:30:42.594+0200] {processor.py:829} INFO - Processing file /home/lohit/miniconda3/envs/airflow-env/lib/python3.8/site-packages/airflow/example_dags/example_time_delta_sensor_async.py for tasks to queue
[2025-06-01T18:30:42.595+0200] {logging_mixin.py:154} INFO - [2025-06-01T18:30:42.595+0200] {dagbag.py:536} INFO - Filling up the DagBag from /home/lohit/miniconda3/envs/airflow-env/lib/python3.8/site-packages/airflow/example_dags/example_time_delta_sensor_async.py
[2025-06-01T18:30:42.598+0200] {processor.py:839} INFO - DAG(s) dict_keys(['example_time_delta_sensor_async']) retrieved from /home/lohit/miniconda3/envs/airflow-env/lib/python3.8/site-packages/airflow/example_dags/example_time_delta_sensor_async.py
[2025-06-01T18:30:42.610+0200] {logging_mixin.py:154} INFO - [2025-06-01T18:30:42.610+0200] {dag.py:2941} INFO - Sync 1 DAGs
[2025-06-01T18:30:42.617+0200] {logging_mixin.py:154} INFO - [2025-06-01T18:30:42.617+0200] {dag.py:3722} INFO - Setting next_dagrun for example_time_delta_sensor_async to None, run_after=None
[2025-06-01T18:30:42.634+0200] {processor.py:179} INFO - Processing /home/lohit/miniconda3/envs/airflow-env/lib/python3.8/site-packages/airflow/example_dags/example_time_delta_sensor_async.py took 0.044 seconds
[2025-06-01T18:31:28.931+0200] {processor.py:157} INFO - Started process (PID=30597) to work on /home/lohit/miniconda3/envs/airflow-env/lib/python3.8/site-packages/airflow/example_dags/example_time_delta_sensor_async.py
[2025-06-01T18:31:28.934+0200] {processor.py:829} INFO - Processing file /home/lohit/miniconda3/envs/airflow-env/lib/python3.8/site-packages/airflow/example_dags/example_time_delta_sensor_async.py for tasks to queue
[2025-06-01T18:31:28.935+0200] {logging_mixin.py:154} INFO - [2025-06-01T18:31:28.935+0200] {dagbag.py:536} INFO - Filling up the DagBag from /home/lohit/miniconda3/envs/airflow-env/lib/python3.8/site-packages/airflow/example_dags/example_time_delta_sensor_async.py
[2025-06-01T18:31:28.938+0200] {processor.py:839} INFO - DAG(s) dict_keys(['example_time_delta_sensor_async']) retrieved from /home/lohit/miniconda3/envs/airflow-env/lib/python3.8/site-packages/airflow/example_dags/example_time_delta_sensor_async.py
[2025-06-01T18:31:28.948+0200] {logging_mixin.py:154} INFO - [2025-06-01T18:31:28.948+0200] {dag.py:2941} INFO - Sync 1 DAGs
[2025-06-01T18:31:28.955+0200] {logging_mixin.py:154} INFO - [2025-06-01T18:31:28.955+0200] {dag.py:3722} INFO - Setting next_dagrun for example_time_delta_sensor_async to None, run_after=None
[2025-06-01T18:31:28.974+0200] {processor.py:179} INFO - Processing /home/lohit/miniconda3/envs/airflow-env/lib/python3.8/site-packages/airflow/example_dags/example_time_delta_sensor_async.py took 0.045 seconds
[2025-06-01T18:32:13.128+0200] {processor.py:157} INFO - Started process (PID=30665) to work on /home/lohit/miniconda3/envs/airflow-env/lib/python3.8/site-packages/airflow/example_dags/example_time_delta_sensor_async.py
[2025-06-01T18:32:13.132+0200] {processor.py:829} INFO - Processing file /home/lohit/miniconda3/envs/airflow-env/lib/python3.8/site-packages/airflow/example_dags/example_time_delta_sensor_async.py for tasks to queue
[2025-06-01T18:32:13.132+0200] {logging_mixin.py:154} INFO - [2025-06-01T18:32:13.132+0200] {dagbag.py:536} INFO - Filling up the DagBag from /home/lohit/miniconda3/envs/airflow-env/lib/python3.8/site-packages/airflow/example_dags/example_time_delta_sensor_async.py
[2025-06-01T18:32:13.136+0200] {processor.py:839} INFO - DAG(s) dict_keys(['example_time_delta_sensor_async']) retrieved from /home/lohit/miniconda3/envs/airflow-env/lib/python3.8/site-packages/airflow/example_dags/example_time_delta_sensor_async.py
[2025-06-01T18:32:13.148+0200] {logging_mixin.py:154} INFO - [2025-06-01T18:32:13.147+0200] {dag.py:2941} INFO - Sync 1 DAGs
[2025-06-01T18:32:13.155+0200] {logging_mixin.py:154} INFO - [2025-06-01T18:32:13.155+0200] {dag.py:3722} INFO - Setting next_dagrun for example_time_delta_sensor_async to None, run_after=None
[2025-06-01T18:32:13.171+0200] {processor.py:179} INFO - Processing /home/lohit/miniconda3/envs/airflow-env/lib/python3.8/site-packages/airflow/example_dags/example_time_delta_sensor_async.py took 0.045 seconds
[2025-06-01T18:32:46.394+0200] {processor.py:157} INFO - Started process (PID=30720) to work on /home/lohit/miniconda3/envs/airflow-env/lib/python3.8/site-packages/airflow/example_dags/example_time_delta_sensor_async.py
[2025-06-01T18:32:46.397+0200] {processor.py:829} INFO - Processing file /home/lohit/miniconda3/envs/airflow-env/lib/python3.8/site-packages/airflow/example_dags/example_time_delta_sensor_async.py for tasks to queue
[2025-06-01T18:32:46.398+0200] {logging_mixin.py:154} INFO - [2025-06-01T18:32:46.398+0200] {dagbag.py:536} INFO - Filling up the DagBag from /home/lohit/miniconda3/envs/airflow-env/lib/python3.8/site-packages/airflow/example_dags/example_time_delta_sensor_async.py
[2025-06-01T18:32:46.401+0200] {processor.py:839} INFO - DAG(s) dict_keys(['example_time_delta_sensor_async']) retrieved from /home/lohit/miniconda3/envs/airflow-env/lib/python3.8/site-packages/airflow/example_dags/example_time_delta_sensor_async.py
[2025-06-01T18:32:46.413+0200] {logging_mixin.py:154} INFO - [2025-06-01T18:32:46.413+0200] {dag.py:2941} INFO - Sync 1 DAGs
[2025-06-01T18:32:46.421+0200] {logging_mixin.py:154} INFO - [2025-06-01T18:32:46.420+0200] {dag.py:3722} INFO - Setting next_dagrun for example_time_delta_sensor_async to None, run_after=None
[2025-06-01T18:32:46.436+0200] {processor.py:179} INFO - Processing /home/lohit/miniconda3/envs/airflow-env/lib/python3.8/site-packages/airflow/example_dags/example_time_delta_sensor_async.py took 0.045 seconds
[2025-06-01T18:33:29.761+0200] {processor.py:157} INFO - Started process (PID=30787) to work on /home/lohit/miniconda3/envs/airflow-env/lib/python3.8/site-packages/airflow/example_dags/example_time_delta_sensor_async.py
[2025-06-01T18:33:29.765+0200] {processor.py:829} INFO - Processing file /home/lohit/miniconda3/envs/airflow-env/lib/python3.8/site-packages/airflow/example_dags/example_time_delta_sensor_async.py for tasks to queue
[2025-06-01T18:33:29.766+0200] {logging_mixin.py:154} INFO - [2025-06-01T18:33:29.766+0200] {dagbag.py:536} INFO - Filling up the DagBag from /home/lohit/miniconda3/envs/airflow-env/lib/python3.8/site-packages/airflow/example_dags/example_time_delta_sensor_async.py
[2025-06-01T18:33:29.770+0200] {processor.py:839} INFO - DAG(s) dict_keys(['example_time_delta_sensor_async']) retrieved from /home/lohit/miniconda3/envs/airflow-env/lib/python3.8/site-packages/airflow/example_dags/example_time_delta_sensor_async.py
[2025-06-01T18:33:29.781+0200] {logging_mixin.py:154} INFO - [2025-06-01T18:33:29.780+0200] {dag.py:2941} INFO - Sync 1 DAGs
[2025-06-01T18:33:29.788+0200] {logging_mixin.py:154} INFO - [2025-06-01T18:33:29.787+0200] {dag.py:3722} INFO - Setting next_dagrun for example_time_delta_sensor_async to None, run_after=None
[2025-06-01T18:33:29.805+0200] {processor.py:179} INFO - Processing /home/lohit/miniconda3/envs/airflow-env/lib/python3.8/site-packages/airflow/example_dags/example_time_delta_sensor_async.py took 0.046 seconds
[2025-06-01T18:34:04.529+0200] {processor.py:157} INFO - Started process (PID=30822) to work on /home/lohit/miniconda3/envs/airflow-env/lib/python3.8/site-packages/airflow/example_dags/example_time_delta_sensor_async.py
[2025-06-01T18:34:04.533+0200] {processor.py:829} INFO - Processing file /home/lohit/miniconda3/envs/airflow-env/lib/python3.8/site-packages/airflow/example_dags/example_time_delta_sensor_async.py for tasks to queue
[2025-06-01T18:34:04.533+0200] {logging_mixin.py:154} INFO - [2025-06-01T18:34:04.533+0200] {dagbag.py:536} INFO - Filling up the DagBag from /home/lohit/miniconda3/envs/airflow-env/lib/python3.8/site-packages/airflow/example_dags/example_time_delta_sensor_async.py
[2025-06-01T18:34:04.536+0200] {processor.py:839} INFO - DAG(s) dict_keys(['example_time_delta_sensor_async']) retrieved from /home/lohit/miniconda3/envs/airflow-env/lib/python3.8/site-packages/airflow/example_dags/example_time_delta_sensor_async.py
[2025-06-01T18:34:04.547+0200] {logging_mixin.py:154} INFO - [2025-06-01T18:34:04.547+0200] {dag.py:2941} INFO - Sync 1 DAGs
[2025-06-01T18:34:04.554+0200] {logging_mixin.py:154} INFO - [2025-06-01T18:34:04.554+0200] {dag.py:3722} INFO - Setting next_dagrun for example_time_delta_sensor_async to None, run_after=None
[2025-06-01T18:34:04.571+0200] {processor.py:179} INFO - Processing /home/lohit/miniconda3/envs/airflow-env/lib/python3.8/site-packages/airflow/example_dags/example_time_delta_sensor_async.py took 0.045 seconds
[2025-06-01T18:34:50.699+0200] {processor.py:157} INFO - Started process (PID=31607) to work on /home/lohit/miniconda3/envs/airflow-env/lib/python3.8/site-packages/airflow/example_dags/example_time_delta_sensor_async.py
[2025-06-01T18:34:50.702+0200] {processor.py:829} INFO - Processing file /home/lohit/miniconda3/envs/airflow-env/lib/python3.8/site-packages/airflow/example_dags/example_time_delta_sensor_async.py for tasks to queue
[2025-06-01T18:34:50.703+0200] {logging_mixin.py:154} INFO - [2025-06-01T18:34:50.703+0200] {dagbag.py:536} INFO - Filling up the DagBag from /home/lohit/miniconda3/envs/airflow-env/lib/python3.8/site-packages/airflow/example_dags/example_time_delta_sensor_async.py
[2025-06-01T18:34:50.706+0200] {processor.py:839} INFO - DAG(s) dict_keys(['example_time_delta_sensor_async']) retrieved from /home/lohit/miniconda3/envs/airflow-env/lib/python3.8/site-packages/airflow/example_dags/example_time_delta_sensor_async.py
[2025-06-01T18:34:50.718+0200] {logging_mixin.py:154} INFO - [2025-06-01T18:34:50.718+0200] {dag.py:2941} INFO - Sync 1 DAGs
[2025-06-01T18:34:50.726+0200] {logging_mixin.py:154} INFO - [2025-06-01T18:34:50.725+0200] {dag.py:3722} INFO - Setting next_dagrun for example_time_delta_sensor_async to None, run_after=None
[2025-06-01T18:34:50.745+0200] {processor.py:179} INFO - Processing /home/lohit/miniconda3/envs/airflow-env/lib/python3.8/site-packages/airflow/example_dags/example_time_delta_sensor_async.py took 0.047 seconds
[2025-06-01T18:35:36.893+0200] {processor.py:157} INFO - Started process (PID=31675) to work on /home/lohit/miniconda3/envs/airflow-env/lib/python3.8/site-packages/airflow/example_dags/example_time_delta_sensor_async.py
[2025-06-01T18:35:36.894+0200] {processor.py:829} INFO - Processing file /home/lohit/miniconda3/envs/airflow-env/lib/python3.8/site-packages/airflow/example_dags/example_time_delta_sensor_async.py for tasks to queue
[2025-06-01T18:35:36.894+0200] {logging_mixin.py:154} INFO - [2025-06-01T18:35:36.894+0200] {dagbag.py:536} INFO - Filling up the DagBag from /home/lohit/miniconda3/envs/airflow-env/lib/python3.8/site-packages/airflow/example_dags/example_time_delta_sensor_async.py
[2025-06-01T18:35:36.897+0200] {processor.py:839} INFO - DAG(s) dict_keys(['example_time_delta_sensor_async']) retrieved from /home/lohit/miniconda3/envs/airflow-env/lib/python3.8/site-packages/airflow/example_dags/example_time_delta_sensor_async.py
[2025-06-01T18:35:36.908+0200] {logging_mixin.py:154} INFO - [2025-06-01T18:35:36.908+0200] {dag.py:2941} INFO - Sync 1 DAGs
[2025-06-01T18:35:36.914+0200] {logging_mixin.py:154} INFO - [2025-06-01T18:35:36.914+0200] {dag.py:3722} INFO - Setting next_dagrun for example_time_delta_sensor_async to None, run_after=None
[2025-06-01T18:35:36.929+0200] {processor.py:179} INFO - Processing /home/lohit/miniconda3/envs/airflow-env/lib/python3.8/site-packages/airflow/example_dags/example_time_delta_sensor_async.py took 0.038 seconds
