[2025-06-01T17:52:01.697+0200] {processor.py:157} INFO - Started process (PID=26836) to work on /home/lohit/miniconda3/envs/airflow-env/lib/python3.8/site-packages/airflow/example_dags/example_params_ui_tutorial.py
[2025-06-01T17:52:01.698+0200] {processor.py:829} INFO - Processing file /home/lohit/miniconda3/envs/airflow-env/lib/python3.8/site-packages/airflow/example_dags/example_params_ui_tutorial.py for tasks to queue
[2025-06-01T17:52:01.698+0200] {logging_mixin.py:154} INFO - [2025-06-01T17:52:01.698+0200] {dagbag.py:536} INFO - Filling up the DagBag from /home/lohit/miniconda3/envs/airflow-env/lib/python3.8/site-packages/airflow/example_dags/example_params_ui_tutorial.py
[2025-06-01T17:52:01.716+0200] {processor.py:839} INFO - DAG(s) dict_keys(['example_params_ui_tutorial']) retrieved from /home/lohit/miniconda3/envs/airflow-env/lib/python3.8/site-packages/airflow/example_dags/example_params_ui_tutorial.py
[2025-06-01T17:52:01.797+0200] {logging_mixin.py:154} INFO - [2025-06-01T17:52:01.797+0200] {dag.py:2941} INFO - Sync 1 DAGs
[2025-06-01T17:52:01.805+0200] {logging_mixin.py:154} INFO - [2025-06-01T17:52:01.804+0200] {dag.py:3722} INFO - Setting next_dagrun for example_params_ui_tutorial to None, run_after=None
[2025-06-01T17:52:01.821+0200] {processor.py:179} INFO - Processing /home/lohit/miniconda3/envs/airflow-env/lib/python3.8/site-packages/airflow/example_dags/example_params_ui_tutorial.py took 0.126 seconds
[2025-06-01T17:53:29.030+0200] {processor.py:157} INFO - Started process (PID=27125) to work on /home/lohit/miniconda3/envs/airflow-env/lib/python3.8/site-packages/airflow/example_dags/example_params_ui_tutorial.py
[2025-06-01T17:53:29.033+0200] {processor.py:829} INFO - Processing file /home/lohit/miniconda3/envs/airflow-env/lib/python3.8/site-packages/airflow/example_dags/example_params_ui_tutorial.py for tasks to queue
[2025-06-01T17:53:29.034+0200] {logging_mixin.py:154} INFO - [2025-06-01T17:53:29.033+0200] {dagbag.py:536} INFO - Filling up the DagBag from /home/lohit/miniconda3/envs/airflow-env/lib/python3.8/site-packages/airflow/example_dags/example_params_ui_tutorial.py
[2025-06-01T17:53:29.050+0200] {processor.py:839} INFO - DAG(s) dict_keys(['example_params_ui_tutorial']) retrieved from /home/lohit/miniconda3/envs/airflow-env/lib/python3.8/site-packages/airflow/example_dags/example_params_ui_tutorial.py
[2025-06-01T17:53:29.074+0200] {logging_mixin.py:154} INFO - [2025-06-01T17:53:29.074+0200] {dag.py:2941} INFO - Sync 1 DAGs
[2025-06-01T17:53:29.080+0200] {logging_mixin.py:154} INFO - [2025-06-01T17:53:29.080+0200] {dag.py:3722} INFO - Setting next_dagrun for example_params_ui_tutorial to None, run_after=None
[2025-06-01T17:53:29.095+0200] {processor.py:179} INFO - Processing /home/lohit/miniconda3/envs/airflow-env/lib/python3.8/site-packages/airflow/example_dags/example_params_ui_tutorial.py took 0.067 seconds
[2025-06-01T17:54:13.096+0200] {processor.py:157} INFO - Started process (PID=27193) to work on /home/lohit/miniconda3/envs/airflow-env/lib/python3.8/site-packages/airflow/example_dags/example_params_ui_tutorial.py
[2025-06-01T17:54:13.100+0200] {processor.py:829} INFO - Processing file /home/lohit/miniconda3/envs/airflow-env/lib/python3.8/site-packages/airflow/example_dags/example_params_ui_tutorial.py for tasks to queue
[2025-06-01T17:54:13.100+0200] {logging_mixin.py:154} INFO - [2025-06-01T17:54:13.100+0200] {dagbag.py:536} INFO - Filling up the DagBag from /home/lohit/miniconda3/envs/airflow-env/lib/python3.8/site-packages/airflow/example_dags/example_params_ui_tutorial.py
[2025-06-01T17:54:13.115+0200] {processor.py:839} INFO - DAG(s) dict_keys(['example_params_ui_tutorial']) retrieved from /home/lohit/miniconda3/envs/airflow-env/lib/python3.8/site-packages/airflow/example_dags/example_params_ui_tutorial.py
[2025-06-01T17:54:13.137+0200] {logging_mixin.py:154} INFO - [2025-06-01T17:54:13.137+0200] {dag.py:2941} INFO - Sync 1 DAGs
[2025-06-01T17:54:13.146+0200] {logging_mixin.py:154} INFO - [2025-06-01T17:54:13.146+0200] {dag.py:3722} INFO - Setting next_dagrun for example_params_ui_tutorial to None, run_after=None
[2025-06-01T17:54:13.164+0200] {processor.py:179} INFO - Processing /home/lohit/miniconda3/envs/airflow-env/lib/python3.8/site-packages/airflow/example_dags/example_params_ui_tutorial.py took 0.070 seconds
[2025-06-01T17:54:57.600+0200] {processor.py:157} INFO - Started process (PID=27259) to work on /home/lohit/miniconda3/envs/airflow-env/lib/python3.8/site-packages/airflow/example_dags/example_params_ui_tutorial.py
[2025-06-01T17:54:57.603+0200] {processor.py:829} INFO - Processing file /home/lohit/miniconda3/envs/airflow-env/lib/python3.8/site-packages/airflow/example_dags/example_params_ui_tutorial.py for tasks to queue
[2025-06-01T17:54:57.603+0200] {logging_mixin.py:154} INFO - [2025-06-01T17:54:57.603+0200] {dagbag.py:536} INFO - Filling up the DagBag from /home/lohit/miniconda3/envs/airflow-env/lib/python3.8/site-packages/airflow/example_dags/example_params_ui_tutorial.py
[2025-06-01T17:54:57.620+0200] {processor.py:839} INFO - DAG(s) dict_keys(['example_params_ui_tutorial']) retrieved from /home/lohit/miniconda3/envs/airflow-env/lib/python3.8/site-packages/airflow/example_dags/example_params_ui_tutorial.py
[2025-06-01T17:54:57.643+0200] {logging_mixin.py:154} INFO - [2025-06-01T17:54:57.643+0200] {dag.py:2941} INFO - Sync 1 DAGs
[2025-06-01T17:54:57.650+0200] {logging_mixin.py:154} INFO - [2025-06-01T17:54:57.650+0200] {dag.py:3722} INFO - Setting next_dagrun for example_params_ui_tutorial to None, run_after=None
[2025-06-01T17:54:57.666+0200] {processor.py:179} INFO - Processing /home/lohit/miniconda3/envs/airflow-env/lib/python3.8/site-packages/airflow/example_dags/example_params_ui_tutorial.py took 0.068 seconds
[2025-06-01T17:55:45.563+0200] {processor.py:157} INFO - Started process (PID=27329) to work on /home/lohit/miniconda3/envs/airflow-env/lib/python3.8/site-packages/airflow/example_dags/example_params_ui_tutorial.py
[2025-06-01T17:55:45.566+0200] {processor.py:829} INFO - Processing file /home/lohit/miniconda3/envs/airflow-env/lib/python3.8/site-packages/airflow/example_dags/example_params_ui_tutorial.py for tasks to queue
[2025-06-01T17:55:45.567+0200] {logging_mixin.py:154} INFO - [2025-06-01T17:55:45.566+0200] {dagbag.py:536} INFO - Filling up the DagBag from /home/lohit/miniconda3/envs/airflow-env/lib/python3.8/site-packages/airflow/example_dags/example_params_ui_tutorial.py
[2025-06-01T17:55:45.582+0200] {processor.py:839} INFO - DAG(s) dict_keys(['example_params_ui_tutorial']) retrieved from /home/lohit/miniconda3/envs/airflow-env/lib/python3.8/site-packages/airflow/example_dags/example_params_ui_tutorial.py
[2025-06-01T17:55:45.603+0200] {logging_mixin.py:154} INFO - [2025-06-01T17:55:45.603+0200] {dag.py:2941} INFO - Sync 1 DAGs
[2025-06-01T17:55:45.609+0200] {logging_mixin.py:154} INFO - [2025-06-01T17:55:45.609+0200] {dag.py:3722} INFO - Setting next_dagrun for example_params_ui_tutorial to None, run_after=None
[2025-06-01T17:55:45.625+0200] {processor.py:179} INFO - Processing /home/lohit/miniconda3/envs/airflow-env/lib/python3.8/site-packages/airflow/example_dags/example_params_ui_tutorial.py took 0.063 seconds
[2025-06-01T17:56:31.148+0200] {processor.py:157} INFO - Started process (PID=27399) to work on /home/lohit/miniconda3/envs/airflow-env/lib/python3.8/site-packages/airflow/example_dags/example_params_ui_tutorial.py
[2025-06-01T17:56:31.151+0200] {processor.py:829} INFO - Processing file /home/lohit/miniconda3/envs/airflow-env/lib/python3.8/site-packages/airflow/example_dags/example_params_ui_tutorial.py for tasks to queue
[2025-06-01T17:56:31.152+0200] {logging_mixin.py:154} INFO - [2025-06-01T17:56:31.152+0200] {dagbag.py:536} INFO - Filling up the DagBag from /home/lohit/miniconda3/envs/airflow-env/lib/python3.8/site-packages/airflow/example_dags/example_params_ui_tutorial.py
[2025-06-01T17:56:31.169+0200] {processor.py:839} INFO - DAG(s) dict_keys(['example_params_ui_tutorial']) retrieved from /home/lohit/miniconda3/envs/airflow-env/lib/python3.8/site-packages/airflow/example_dags/example_params_ui_tutorial.py
[2025-06-01T17:56:31.192+0200] {logging_mixin.py:154} INFO - [2025-06-01T17:56:31.191+0200] {dag.py:2941} INFO - Sync 1 DAGs
[2025-06-01T17:56:31.198+0200] {logging_mixin.py:154} INFO - [2025-06-01T17:56:31.198+0200] {dag.py:3722} INFO - Setting next_dagrun for example_params_ui_tutorial to None, run_after=None
[2025-06-01T17:56:31.214+0200] {processor.py:179} INFO - Processing /home/lohit/miniconda3/envs/airflow-env/lib/python3.8/site-packages/airflow/example_dags/example_params_ui_tutorial.py took 0.068 seconds
[2025-06-01T17:57:20.153+0200] {processor.py:157} INFO - Started process (PID=27471) to work on /home/lohit/miniconda3/envs/airflow-env/lib/python3.8/site-packages/airflow/example_dags/example_params_ui_tutorial.py
[2025-06-01T17:57:20.156+0200] {processor.py:829} INFO - Processing file /home/lohit/miniconda3/envs/airflow-env/lib/python3.8/site-packages/airflow/example_dags/example_params_ui_tutorial.py for tasks to queue
[2025-06-01T17:57:20.156+0200] {logging_mixin.py:154} INFO - [2025-06-01T17:57:20.156+0200] {dagbag.py:536} INFO - Filling up the DagBag from /home/lohit/miniconda3/envs/airflow-env/lib/python3.8/site-packages/airflow/example_dags/example_params_ui_tutorial.py
[2025-06-01T17:57:20.172+0200] {processor.py:839} INFO - DAG(s) dict_keys(['example_params_ui_tutorial']) retrieved from /home/lohit/miniconda3/envs/airflow-env/lib/python3.8/site-packages/airflow/example_dags/example_params_ui_tutorial.py
[2025-06-01T17:57:20.196+0200] {logging_mixin.py:154} INFO - [2025-06-01T17:57:20.196+0200] {dag.py:2941} INFO - Sync 1 DAGs
[2025-06-01T17:57:20.203+0200] {logging_mixin.py:154} INFO - [2025-06-01T17:57:20.202+0200] {dag.py:3722} INFO - Setting next_dagrun for example_params_ui_tutorial to None, run_after=None
[2025-06-01T17:57:20.219+0200] {processor.py:179} INFO - Processing /home/lohit/miniconda3/envs/airflow-env/lib/python3.8/site-packages/airflow/example_dags/example_params_ui_tutorial.py took 0.070 seconds
[2025-06-01T17:58:04.238+0200] {processor.py:157} INFO - Started process (PID=27539) to work on /home/lohit/miniconda3/envs/airflow-env/lib/python3.8/site-packages/airflow/example_dags/example_params_ui_tutorial.py
[2025-06-01T17:58:04.241+0200] {processor.py:829} INFO - Processing file /home/lohit/miniconda3/envs/airflow-env/lib/python3.8/site-packages/airflow/example_dags/example_params_ui_tutorial.py for tasks to queue
[2025-06-01T17:58:04.242+0200] {logging_mixin.py:154} INFO - [2025-06-01T17:58:04.242+0200] {dagbag.py:536} INFO - Filling up the DagBag from /home/lohit/miniconda3/envs/airflow-env/lib/python3.8/site-packages/airflow/example_dags/example_params_ui_tutorial.py
[2025-06-01T17:58:04.259+0200] {processor.py:839} INFO - DAG(s) dict_keys(['example_params_ui_tutorial']) retrieved from /home/lohit/miniconda3/envs/airflow-env/lib/python3.8/site-packages/airflow/example_dags/example_params_ui_tutorial.py
[2025-06-01T17:58:04.285+0200] {logging_mixin.py:154} INFO - [2025-06-01T17:58:04.285+0200] {dag.py:2941} INFO - Sync 1 DAGs
[2025-06-01T17:58:04.292+0200] {logging_mixin.py:154} INFO - [2025-06-01T17:58:04.292+0200] {dag.py:3722} INFO - Setting next_dagrun for example_params_ui_tutorial to None, run_after=None
[2025-06-01T17:58:04.310+0200] {processor.py:179} INFO - Processing /home/lohit/miniconda3/envs/airflow-env/lib/python3.8/site-packages/airflow/example_dags/example_params_ui_tutorial.py took 0.074 seconds
[2025-06-01T17:58:52.740+0200] {processor.py:157} INFO - Started process (PID=27610) to work on /home/lohit/miniconda3/envs/airflow-env/lib/python3.8/site-packages/airflow/example_dags/example_params_ui_tutorial.py
[2025-06-01T17:58:52.742+0200] {processor.py:829} INFO - Processing file /home/lohit/miniconda3/envs/airflow-env/lib/python3.8/site-packages/airflow/example_dags/example_params_ui_tutorial.py for tasks to queue
[2025-06-01T17:58:52.742+0200] {logging_mixin.py:154} INFO - [2025-06-01T17:58:52.742+0200] {dagbag.py:536} INFO - Filling up the DagBag from /home/lohit/miniconda3/envs/airflow-env/lib/python3.8/site-packages/airflow/example_dags/example_params_ui_tutorial.py
[2025-06-01T17:58:52.757+0200] {processor.py:839} INFO - DAG(s) dict_keys(['example_params_ui_tutorial']) retrieved from /home/lohit/miniconda3/envs/airflow-env/lib/python3.8/site-packages/airflow/example_dags/example_params_ui_tutorial.py
[2025-06-01T17:58:52.780+0200] {logging_mixin.py:154} INFO - [2025-06-01T17:58:52.779+0200] {dag.py:2941} INFO - Sync 1 DAGs
[2025-06-01T17:58:52.786+0200] {logging_mixin.py:154} INFO - [2025-06-01T17:58:52.786+0200] {dag.py:3722} INFO - Setting next_dagrun for example_params_ui_tutorial to None, run_after=None
[2025-06-01T17:58:52.802+0200] {processor.py:179} INFO - Processing /home/lohit/miniconda3/envs/airflow-env/lib/python3.8/site-packages/airflow/example_dags/example_params_ui_tutorial.py took 0.064 seconds
[2025-06-01T17:59:37.764+0200] {processor.py:157} INFO - Started process (PID=27678) to work on /home/lohit/miniconda3/envs/airflow-env/lib/python3.8/site-packages/airflow/example_dags/example_params_ui_tutorial.py
[2025-06-01T17:59:37.765+0200] {processor.py:829} INFO - Processing file /home/lohit/miniconda3/envs/airflow-env/lib/python3.8/site-packages/airflow/example_dags/example_params_ui_tutorial.py for tasks to queue
[2025-06-01T17:59:37.765+0200] {logging_mixin.py:154} INFO - [2025-06-01T17:59:37.765+0200] {dagbag.py:536} INFO - Filling up the DagBag from /home/lohit/miniconda3/envs/airflow-env/lib/python3.8/site-packages/airflow/example_dags/example_params_ui_tutorial.py
[2025-06-01T17:59:37.781+0200] {processor.py:839} INFO - DAG(s) dict_keys(['example_params_ui_tutorial']) retrieved from /home/lohit/miniconda3/envs/airflow-env/lib/python3.8/site-packages/airflow/example_dags/example_params_ui_tutorial.py
[2025-06-01T17:59:37.803+0200] {logging_mixin.py:154} INFO - [2025-06-01T17:59:37.803+0200] {dag.py:2941} INFO - Sync 1 DAGs
[2025-06-01T17:59:37.809+0200] {logging_mixin.py:154} INFO - [2025-06-01T17:59:37.809+0200] {dag.py:3722} INFO - Setting next_dagrun for example_params_ui_tutorial to None, run_after=None
[2025-06-01T17:59:37.824+0200] {processor.py:179} INFO - Processing /home/lohit/miniconda3/envs/airflow-env/lib/python3.8/site-packages/airflow/example_dags/example_params_ui_tutorial.py took 0.063 seconds
[2025-06-01T18:00:26.656+0200] {processor.py:157} INFO - Started process (PID=27749) to work on /home/lohit/miniconda3/envs/airflow-env/lib/python3.8/site-packages/airflow/example_dags/example_params_ui_tutorial.py
[2025-06-01T18:00:26.660+0200] {processor.py:829} INFO - Processing file /home/lohit/miniconda3/envs/airflow-env/lib/python3.8/site-packages/airflow/example_dags/example_params_ui_tutorial.py for tasks to queue
[2025-06-01T18:00:26.660+0200] {logging_mixin.py:154} INFO - [2025-06-01T18:00:26.660+0200] {dagbag.py:536} INFO - Filling up the DagBag from /home/lohit/miniconda3/envs/airflow-env/lib/python3.8/site-packages/airflow/example_dags/example_params_ui_tutorial.py
[2025-06-01T18:00:26.675+0200] {processor.py:839} INFO - DAG(s) dict_keys(['example_params_ui_tutorial']) retrieved from /home/lohit/miniconda3/envs/airflow-env/lib/python3.8/site-packages/airflow/example_dags/example_params_ui_tutorial.py
[2025-06-01T18:00:26.697+0200] {logging_mixin.py:154} INFO - [2025-06-01T18:00:26.697+0200] {dag.py:2941} INFO - Sync 1 DAGs
[2025-06-01T18:00:26.703+0200] {logging_mixin.py:154} INFO - [2025-06-01T18:00:26.703+0200] {dag.py:3722} INFO - Setting next_dagrun for example_params_ui_tutorial to None, run_after=None
[2025-06-01T18:00:26.721+0200] {processor.py:179} INFO - Processing /home/lohit/miniconda3/envs/airflow-env/lib/python3.8/site-packages/airflow/example_dags/example_params_ui_tutorial.py took 0.066 seconds
[2025-06-01T18:01:11.029+0200] {processor.py:157} INFO - Started process (PID=27850) to work on /home/lohit/miniconda3/envs/airflow-env/lib/python3.8/site-packages/airflow/example_dags/example_params_ui_tutorial.py
[2025-06-01T18:01:11.032+0200] {processor.py:829} INFO - Processing file /home/lohit/miniconda3/envs/airflow-env/lib/python3.8/site-packages/airflow/example_dags/example_params_ui_tutorial.py for tasks to queue
[2025-06-01T18:01:11.033+0200] {logging_mixin.py:154} INFO - [2025-06-01T18:01:11.033+0200] {dagbag.py:536} INFO - Filling up the DagBag from /home/lohit/miniconda3/envs/airflow-env/lib/python3.8/site-packages/airflow/example_dags/example_params_ui_tutorial.py
[2025-06-01T18:01:11.048+0200] {processor.py:839} INFO - DAG(s) dict_keys(['example_params_ui_tutorial']) retrieved from /home/lohit/miniconda3/envs/airflow-env/lib/python3.8/site-packages/airflow/example_dags/example_params_ui_tutorial.py
[2025-06-01T18:01:11.072+0200] {logging_mixin.py:154} INFO - [2025-06-01T18:01:11.072+0200] {dag.py:2941} INFO - Sync 1 DAGs
[2025-06-01T18:01:11.079+0200] {logging_mixin.py:154} INFO - [2025-06-01T18:01:11.079+0200] {dag.py:3722} INFO - Setting next_dagrun for example_params_ui_tutorial to None, run_after=None
[2025-06-01T18:01:11.098+0200] {processor.py:179} INFO - Processing /home/lohit/miniconda3/envs/airflow-env/lib/python3.8/site-packages/airflow/example_dags/example_params_ui_tutorial.py took 0.071 seconds
[2025-06-01T18:02:00.232+0200] {processor.py:157} INFO - Started process (PID=27922) to work on /home/lohit/miniconda3/envs/airflow-env/lib/python3.8/site-packages/airflow/example_dags/example_params_ui_tutorial.py
[2025-06-01T18:02:00.235+0200] {processor.py:829} INFO - Processing file /home/lohit/miniconda3/envs/airflow-env/lib/python3.8/site-packages/airflow/example_dags/example_params_ui_tutorial.py for tasks to queue
[2025-06-01T18:02:00.236+0200] {logging_mixin.py:154} INFO - [2025-06-01T18:02:00.236+0200] {dagbag.py:536} INFO - Filling up the DagBag from /home/lohit/miniconda3/envs/airflow-env/lib/python3.8/site-packages/airflow/example_dags/example_params_ui_tutorial.py
[2025-06-01T18:02:00.251+0200] {processor.py:839} INFO - DAG(s) dict_keys(['example_params_ui_tutorial']) retrieved from /home/lohit/miniconda3/envs/airflow-env/lib/python3.8/site-packages/airflow/example_dags/example_params_ui_tutorial.py
[2025-06-01T18:02:00.276+0200] {logging_mixin.py:154} INFO - [2025-06-01T18:02:00.275+0200] {dag.py:2941} INFO - Sync 1 DAGs
[2025-06-01T18:02:00.282+0200] {logging_mixin.py:154} INFO - [2025-06-01T18:02:00.282+0200] {dag.py:3722} INFO - Setting next_dagrun for example_params_ui_tutorial to None, run_after=None
[2025-06-01T18:02:00.298+0200] {processor.py:179} INFO - Processing /home/lohit/miniconda3/envs/airflow-env/lib/python3.8/site-packages/airflow/example_dags/example_params_ui_tutorial.py took 0.068 seconds
[2025-06-01T18:02:42.767+0200] {processor.py:157} INFO - Started process (PID=27990) to work on /home/lohit/miniconda3/envs/airflow-env/lib/python3.8/site-packages/airflow/example_dags/example_params_ui_tutorial.py
[2025-06-01T18:02:42.771+0200] {processor.py:829} INFO - Processing file /home/lohit/miniconda3/envs/airflow-env/lib/python3.8/site-packages/airflow/example_dags/example_params_ui_tutorial.py for tasks to queue
[2025-06-01T18:02:42.771+0200] {logging_mixin.py:154} INFO - [2025-06-01T18:02:42.771+0200] {dagbag.py:536} INFO - Filling up the DagBag from /home/lohit/miniconda3/envs/airflow-env/lib/python3.8/site-packages/airflow/example_dags/example_params_ui_tutorial.py
[2025-06-01T18:02:42.789+0200] {processor.py:839} INFO - DAG(s) dict_keys(['example_params_ui_tutorial']) retrieved from /home/lohit/miniconda3/envs/airflow-env/lib/python3.8/site-packages/airflow/example_dags/example_params_ui_tutorial.py
[2025-06-01T18:02:42.811+0200] {logging_mixin.py:154} INFO - [2025-06-01T18:02:42.811+0200] {dag.py:2941} INFO - Sync 1 DAGs
[2025-06-01T18:02:42.817+0200] {logging_mixin.py:154} INFO - [2025-06-01T18:02:42.817+0200] {dag.py:3722} INFO - Setting next_dagrun for example_params_ui_tutorial to None, run_after=None
[2025-06-01T18:02:42.834+0200] {processor.py:179} INFO - Processing /home/lohit/miniconda3/envs/airflow-env/lib/python3.8/site-packages/airflow/example_dags/example_params_ui_tutorial.py took 0.069 seconds
[2025-06-01T18:03:30.116+0200] {processor.py:157} INFO - Started process (PID=28068) to work on /home/lohit/miniconda3/envs/airflow-env/lib/python3.8/site-packages/airflow/example_dags/example_params_ui_tutorial.py
[2025-06-01T18:03:30.117+0200] {processor.py:829} INFO - Processing file /home/lohit/miniconda3/envs/airflow-env/lib/python3.8/site-packages/airflow/example_dags/example_params_ui_tutorial.py for tasks to queue
[2025-06-01T18:03:30.117+0200] {logging_mixin.py:154} INFO - [2025-06-01T18:03:30.117+0200] {dagbag.py:536} INFO - Filling up the DagBag from /home/lohit/miniconda3/envs/airflow-env/lib/python3.8/site-packages/airflow/example_dags/example_params_ui_tutorial.py
[2025-06-01T18:03:30.134+0200] {processor.py:839} INFO - DAG(s) dict_keys(['example_params_ui_tutorial']) retrieved from /home/lohit/miniconda3/envs/airflow-env/lib/python3.8/site-packages/airflow/example_dags/example_params_ui_tutorial.py
[2025-06-01T18:03:30.157+0200] {logging_mixin.py:154} INFO - [2025-06-01T18:03:30.157+0200] {dag.py:2941} INFO - Sync 1 DAGs
[2025-06-01T18:03:30.163+0200] {logging_mixin.py:154} INFO - [2025-06-01T18:03:30.163+0200] {dag.py:3722} INFO - Setting next_dagrun for example_params_ui_tutorial to None, run_after=None
[2025-06-01T18:03:30.180+0200] {processor.py:179} INFO - Processing /home/lohit/miniconda3/envs/airflow-env/lib/python3.8/site-packages/airflow/example_dags/example_params_ui_tutorial.py took 0.066 seconds
[2025-06-01T18:04:16.459+0200] {processor.py:157} INFO - Started process (PID=28140) to work on /home/lohit/miniconda3/envs/airflow-env/lib/python3.8/site-packages/airflow/example_dags/example_params_ui_tutorial.py
[2025-06-01T18:04:16.460+0200] {processor.py:829} INFO - Processing file /home/lohit/miniconda3/envs/airflow-env/lib/python3.8/site-packages/airflow/example_dags/example_params_ui_tutorial.py for tasks to queue
[2025-06-01T18:04:16.461+0200] {logging_mixin.py:154} INFO - [2025-06-01T18:04:16.460+0200] {dagbag.py:536} INFO - Filling up the DagBag from /home/lohit/miniconda3/envs/airflow-env/lib/python3.8/site-packages/airflow/example_dags/example_params_ui_tutorial.py
[2025-06-01T18:04:16.475+0200] {processor.py:839} INFO - DAG(s) dict_keys(['example_params_ui_tutorial']) retrieved from /home/lohit/miniconda3/envs/airflow-env/lib/python3.8/site-packages/airflow/example_dags/example_params_ui_tutorial.py
[2025-06-01T18:04:16.498+0200] {logging_mixin.py:154} INFO - [2025-06-01T18:04:16.498+0200] {dag.py:2941} INFO - Sync 1 DAGs
[2025-06-01T18:04:16.505+0200] {logging_mixin.py:154} INFO - [2025-06-01T18:04:16.505+0200] {dag.py:3722} INFO - Setting next_dagrun for example_params_ui_tutorial to None, run_after=None
[2025-06-01T18:04:16.522+0200] {processor.py:179} INFO - Processing /home/lohit/miniconda3/envs/airflow-env/lib/python3.8/site-packages/airflow/example_dags/example_params_ui_tutorial.py took 0.065 seconds
[2025-06-01T18:05:02.678+0200] {processor.py:157} INFO - Started process (PID=28217) to work on /home/lohit/miniconda3/envs/airflow-env/lib/python3.8/site-packages/airflow/example_dags/example_params_ui_tutorial.py
[2025-06-01T18:05:02.681+0200] {processor.py:829} INFO - Processing file /home/lohit/miniconda3/envs/airflow-env/lib/python3.8/site-packages/airflow/example_dags/example_params_ui_tutorial.py for tasks to queue
[2025-06-01T18:05:02.682+0200] {logging_mixin.py:154} INFO - [2025-06-01T18:05:02.681+0200] {dagbag.py:536} INFO - Filling up the DagBag from /home/lohit/miniconda3/envs/airflow-env/lib/python3.8/site-packages/airflow/example_dags/example_params_ui_tutorial.py
[2025-06-01T18:05:02.699+0200] {processor.py:839} INFO - DAG(s) dict_keys(['example_params_ui_tutorial']) retrieved from /home/lohit/miniconda3/envs/airflow-env/lib/python3.8/site-packages/airflow/example_dags/example_params_ui_tutorial.py
[2025-06-01T18:05:02.722+0200] {logging_mixin.py:154} INFO - [2025-06-01T18:05:02.722+0200] {dag.py:2941} INFO - Sync 1 DAGs
[2025-06-01T18:05:02.730+0200] {logging_mixin.py:154} INFO - [2025-06-01T18:05:02.729+0200] {dag.py:3722} INFO - Setting next_dagrun for example_params_ui_tutorial to None, run_after=None
[2025-06-01T18:05:02.746+0200] {processor.py:179} INFO - Processing /home/lohit/miniconda3/envs/airflow-env/lib/python3.8/site-packages/airflow/example_dags/example_params_ui_tutorial.py took 0.071 seconds
[2025-06-01T18:05:54.779+0200] {processor.py:157} INFO - Started process (PID=28294) to work on /home/lohit/miniconda3/envs/airflow-env/lib/python3.8/site-packages/airflow/example_dags/example_params_ui_tutorial.py
[2025-06-01T18:05:54.783+0200] {processor.py:829} INFO - Processing file /home/lohit/miniconda3/envs/airflow-env/lib/python3.8/site-packages/airflow/example_dags/example_params_ui_tutorial.py for tasks to queue
[2025-06-01T18:05:54.783+0200] {logging_mixin.py:154} INFO - [2025-06-01T18:05:54.783+0200] {dagbag.py:536} INFO - Filling up the DagBag from /home/lohit/miniconda3/envs/airflow-env/lib/python3.8/site-packages/airflow/example_dags/example_params_ui_tutorial.py
[2025-06-01T18:05:54.799+0200] {processor.py:839} INFO - DAG(s) dict_keys(['example_params_ui_tutorial']) retrieved from /home/lohit/miniconda3/envs/airflow-env/lib/python3.8/site-packages/airflow/example_dags/example_params_ui_tutorial.py
[2025-06-01T18:05:54.827+0200] {logging_mixin.py:154} INFO - [2025-06-01T18:05:54.827+0200] {dag.py:2941} INFO - Sync 1 DAGs
[2025-06-01T18:05:54.835+0200] {logging_mixin.py:154} INFO - [2025-06-01T18:05:54.835+0200] {dag.py:3722} INFO - Setting next_dagrun for example_params_ui_tutorial to None, run_after=None
[2025-06-01T18:05:54.852+0200] {processor.py:179} INFO - Processing /home/lohit/miniconda3/envs/airflow-env/lib/python3.8/site-packages/airflow/example_dags/example_params_ui_tutorial.py took 0.075 seconds
[2025-06-01T18:06:39.081+0200] {processor.py:157} INFO - Started process (PID=28366) to work on /home/lohit/miniconda3/envs/airflow-env/lib/python3.8/site-packages/airflow/example_dags/example_params_ui_tutorial.py
[2025-06-01T18:06:39.084+0200] {processor.py:829} INFO - Processing file /home/lohit/miniconda3/envs/airflow-env/lib/python3.8/site-packages/airflow/example_dags/example_params_ui_tutorial.py for tasks to queue
[2025-06-01T18:06:39.085+0200] {logging_mixin.py:154} INFO - [2025-06-01T18:06:39.085+0200] {dagbag.py:536} INFO - Filling up the DagBag from /home/lohit/miniconda3/envs/airflow-env/lib/python3.8/site-packages/airflow/example_dags/example_params_ui_tutorial.py
[2025-06-01T18:06:39.103+0200] {processor.py:839} INFO - DAG(s) dict_keys(['example_params_ui_tutorial']) retrieved from /home/lohit/miniconda3/envs/airflow-env/lib/python3.8/site-packages/airflow/example_dags/example_params_ui_tutorial.py
[2025-06-01T18:06:39.128+0200] {logging_mixin.py:154} INFO - [2025-06-01T18:06:39.128+0200] {dag.py:2941} INFO - Sync 1 DAGs
[2025-06-01T18:06:39.135+0200] {logging_mixin.py:154} INFO - [2025-06-01T18:06:39.134+0200] {dag.py:3722} INFO - Setting next_dagrun for example_params_ui_tutorial to None, run_after=None
[2025-06-01T18:06:39.153+0200] {processor.py:179} INFO - Processing /home/lohit/miniconda3/envs/airflow-env/lib/python3.8/site-packages/airflow/example_dags/example_params_ui_tutorial.py took 0.074 seconds
[2025-06-01T18:07:24.072+0200] {processor.py:157} INFO - Started process (PID=28434) to work on /home/lohit/miniconda3/envs/airflow-env/lib/python3.8/site-packages/airflow/example_dags/example_params_ui_tutorial.py
[2025-06-01T18:07:24.076+0200] {processor.py:829} INFO - Processing file /home/lohit/miniconda3/envs/airflow-env/lib/python3.8/site-packages/airflow/example_dags/example_params_ui_tutorial.py for tasks to queue
[2025-06-01T18:07:24.076+0200] {logging_mixin.py:154} INFO - [2025-06-01T18:07:24.076+0200] {dagbag.py:536} INFO - Filling up the DagBag from /home/lohit/miniconda3/envs/airflow-env/lib/python3.8/site-packages/airflow/example_dags/example_params_ui_tutorial.py
[2025-06-01T18:07:24.093+0200] {processor.py:839} INFO - DAG(s) dict_keys(['example_params_ui_tutorial']) retrieved from /home/lohit/miniconda3/envs/airflow-env/lib/python3.8/site-packages/airflow/example_dags/example_params_ui_tutorial.py
[2025-06-01T18:07:24.115+0200] {logging_mixin.py:154} INFO - [2025-06-01T18:07:24.114+0200] {dag.py:2941} INFO - Sync 1 DAGs
[2025-06-01T18:07:24.121+0200] {logging_mixin.py:154} INFO - [2025-06-01T18:07:24.121+0200] {dag.py:3722} INFO - Setting next_dagrun for example_params_ui_tutorial to None, run_after=None
[2025-06-01T18:07:24.136+0200] {processor.py:179} INFO - Processing /home/lohit/miniconda3/envs/airflow-env/lib/python3.8/site-packages/airflow/example_dags/example_params_ui_tutorial.py took 0.066 seconds
[2025-06-01T18:08:08.571+0200] {processor.py:157} INFO - Started process (PID=28502) to work on /home/lohit/miniconda3/envs/airflow-env/lib/python3.8/site-packages/airflow/example_dags/example_params_ui_tutorial.py
[2025-06-01T18:08:08.572+0200] {processor.py:829} INFO - Processing file /home/lohit/miniconda3/envs/airflow-env/lib/python3.8/site-packages/airflow/example_dags/example_params_ui_tutorial.py for tasks to queue
[2025-06-01T18:08:08.572+0200] {logging_mixin.py:154} INFO - [2025-06-01T18:08:08.572+0200] {dagbag.py:536} INFO - Filling up the DagBag from /home/lohit/miniconda3/envs/airflow-env/lib/python3.8/site-packages/airflow/example_dags/example_params_ui_tutorial.py
[2025-06-01T18:08:08.589+0200] {processor.py:839} INFO - DAG(s) dict_keys(['example_params_ui_tutorial']) retrieved from /home/lohit/miniconda3/envs/airflow-env/lib/python3.8/site-packages/airflow/example_dags/example_params_ui_tutorial.py
[2025-06-01T18:08:08.615+0200] {logging_mixin.py:154} INFO - [2025-06-01T18:08:08.615+0200] {dag.py:2941} INFO - Sync 1 DAGs
[2025-06-01T18:08:08.622+0200] {logging_mixin.py:154} INFO - [2025-06-01T18:08:08.622+0200] {dag.py:3722} INFO - Setting next_dagrun for example_params_ui_tutorial to None, run_after=None
[2025-06-01T18:08:08.653+0200] {processor.py:179} INFO - Processing /home/lohit/miniconda3/envs/airflow-env/lib/python3.8/site-packages/airflow/example_dags/example_params_ui_tutorial.py took 0.084 seconds
[2025-06-01T18:08:46.175+0200] {processor.py:157} INFO - Started process (PID=28544) to work on /home/lohit/miniconda3/envs/airflow-env/lib/python3.8/site-packages/airflow/example_dags/example_params_ui_tutorial.py
[2025-06-01T18:08:46.179+0200] {processor.py:829} INFO - Processing file /home/lohit/miniconda3/envs/airflow-env/lib/python3.8/site-packages/airflow/example_dags/example_params_ui_tutorial.py for tasks to queue
[2025-06-01T18:08:46.179+0200] {logging_mixin.py:154} INFO - [2025-06-01T18:08:46.179+0200] {dagbag.py:536} INFO - Filling up the DagBag from /home/lohit/miniconda3/envs/airflow-env/lib/python3.8/site-packages/airflow/example_dags/example_params_ui_tutorial.py
[2025-06-01T18:08:46.195+0200] {processor.py:839} INFO - DAG(s) dict_keys(['example_params_ui_tutorial']) retrieved from /home/lohit/miniconda3/envs/airflow-env/lib/python3.8/site-packages/airflow/example_dags/example_params_ui_tutorial.py
[2025-06-01T18:08:46.223+0200] {logging_mixin.py:154} INFO - [2025-06-01T18:08:46.223+0200] {dag.py:2941} INFO - Sync 1 DAGs
[2025-06-01T18:08:46.230+0200] {logging_mixin.py:154} INFO - [2025-06-01T18:08:46.230+0200] {dag.py:3722} INFO - Setting next_dagrun for example_params_ui_tutorial to None, run_after=None
[2025-06-01T18:08:46.246+0200] {processor.py:179} INFO - Processing /home/lohit/miniconda3/envs/airflow-env/lib/python3.8/site-packages/airflow/example_dags/example_params_ui_tutorial.py took 0.073 seconds
[2025-06-01T18:09:32.413+0200] {processor.py:157} INFO - Started process (PID=28614) to work on /home/lohit/miniconda3/envs/airflow-env/lib/python3.8/site-packages/airflow/example_dags/example_params_ui_tutorial.py
[2025-06-01T18:09:32.417+0200] {processor.py:829} INFO - Processing file /home/lohit/miniconda3/envs/airflow-env/lib/python3.8/site-packages/airflow/example_dags/example_params_ui_tutorial.py for tasks to queue
[2025-06-01T18:09:32.417+0200] {logging_mixin.py:154} INFO - [2025-06-01T18:09:32.417+0200] {dagbag.py:536} INFO - Filling up the DagBag from /home/lohit/miniconda3/envs/airflow-env/lib/python3.8/site-packages/airflow/example_dags/example_params_ui_tutorial.py
[2025-06-01T18:09:32.435+0200] {processor.py:839} INFO - DAG(s) dict_keys(['example_params_ui_tutorial']) retrieved from /home/lohit/miniconda3/envs/airflow-env/lib/python3.8/site-packages/airflow/example_dags/example_params_ui_tutorial.py
[2025-06-01T18:09:32.460+0200] {logging_mixin.py:154} INFO - [2025-06-01T18:09:32.460+0200] {dag.py:2941} INFO - Sync 1 DAGs
[2025-06-01T18:09:32.467+0200] {logging_mixin.py:154} INFO - [2025-06-01T18:09:32.467+0200] {dag.py:3722} INFO - Setting next_dagrun for example_params_ui_tutorial to None, run_after=None
[2025-06-01T18:09:32.740+0200] {processor.py:179} INFO - Processing /home/lohit/miniconda3/envs/airflow-env/lib/python3.8/site-packages/airflow/example_dags/example_params_ui_tutorial.py took 0.329 seconds
[2025-06-01T18:10:21.230+0200] {processor.py:157} INFO - Started process (PID=28698) to work on /home/lohit/miniconda3/envs/airflow-env/lib/python3.8/site-packages/airflow/example_dags/example_params_ui_tutorial.py
[2025-06-01T18:10:21.233+0200] {processor.py:829} INFO - Processing file /home/lohit/miniconda3/envs/airflow-env/lib/python3.8/site-packages/airflow/example_dags/example_params_ui_tutorial.py for tasks to queue
[2025-06-01T18:10:21.233+0200] {logging_mixin.py:154} INFO - [2025-06-01T18:10:21.233+0200] {dagbag.py:536} INFO - Filling up the DagBag from /home/lohit/miniconda3/envs/airflow-env/lib/python3.8/site-packages/airflow/example_dags/example_params_ui_tutorial.py
[2025-06-01T18:10:21.248+0200] {processor.py:839} INFO - DAG(s) dict_keys(['example_params_ui_tutorial']) retrieved from /home/lohit/miniconda3/envs/airflow-env/lib/python3.8/site-packages/airflow/example_dags/example_params_ui_tutorial.py
[2025-06-01T18:10:21.273+0200] {logging_mixin.py:154} INFO - [2025-06-01T18:10:21.272+0200] {dag.py:2941} INFO - Sync 1 DAGs
[2025-06-01T18:10:21.280+0200] {logging_mixin.py:154} INFO - [2025-06-01T18:10:21.280+0200] {dag.py:3722} INFO - Setting next_dagrun for example_params_ui_tutorial to None, run_after=None
[2025-06-01T18:10:21.296+0200] {processor.py:179} INFO - Processing /home/lohit/miniconda3/envs/airflow-env/lib/python3.8/site-packages/airflow/example_dags/example_params_ui_tutorial.py took 0.067 seconds
[2025-06-01T18:11:08.514+0200] {processor.py:157} INFO - Started process (PID=28769) to work on /home/lohit/miniconda3/envs/airflow-env/lib/python3.8/site-packages/airflow/example_dags/example_params_ui_tutorial.py
[2025-06-01T18:11:08.515+0200] {processor.py:829} INFO - Processing file /home/lohit/miniconda3/envs/airflow-env/lib/python3.8/site-packages/airflow/example_dags/example_params_ui_tutorial.py for tasks to queue
[2025-06-01T18:11:08.516+0200] {logging_mixin.py:154} INFO - [2025-06-01T18:11:08.516+0200] {dagbag.py:536} INFO - Filling up the DagBag from /home/lohit/miniconda3/envs/airflow-env/lib/python3.8/site-packages/airflow/example_dags/example_params_ui_tutorial.py
[2025-06-01T18:11:08.531+0200] {processor.py:839} INFO - DAG(s) dict_keys(['example_params_ui_tutorial']) retrieved from /home/lohit/miniconda3/envs/airflow-env/lib/python3.8/site-packages/airflow/example_dags/example_params_ui_tutorial.py
[2025-06-01T18:11:08.554+0200] {logging_mixin.py:154} INFO - [2025-06-01T18:11:08.554+0200] {dag.py:2941} INFO - Sync 1 DAGs
[2025-06-01T18:11:08.560+0200] {logging_mixin.py:154} INFO - [2025-06-01T18:11:08.560+0200] {dag.py:3722} INFO - Setting next_dagrun for example_params_ui_tutorial to None, run_after=None
[2025-06-01T18:11:08.575+0200] {processor.py:179} INFO - Processing /home/lohit/miniconda3/envs/airflow-env/lib/python3.8/site-packages/airflow/example_dags/example_params_ui_tutorial.py took 0.063 seconds
[2025-06-01T18:11:59.982+0200] {processor.py:157} INFO - Started process (PID=28841) to work on /home/lohit/miniconda3/envs/airflow-env/lib/python3.8/site-packages/airflow/example_dags/example_params_ui_tutorial.py
[2025-06-01T18:11:59.983+0200] {processor.py:829} INFO - Processing file /home/lohit/miniconda3/envs/airflow-env/lib/python3.8/site-packages/airflow/example_dags/example_params_ui_tutorial.py for tasks to queue
[2025-06-01T18:11:59.984+0200] {logging_mixin.py:154} INFO - [2025-06-01T18:11:59.984+0200] {dagbag.py:536} INFO - Filling up the DagBag from /home/lohit/miniconda3/envs/airflow-env/lib/python3.8/site-packages/airflow/example_dags/example_params_ui_tutorial.py
[2025-06-01T18:12:00.000+0200] {processor.py:839} INFO - DAG(s) dict_keys(['example_params_ui_tutorial']) retrieved from /home/lohit/miniconda3/envs/airflow-env/lib/python3.8/site-packages/airflow/example_dags/example_params_ui_tutorial.py
[2025-06-01T18:12:00.026+0200] {logging_mixin.py:154} INFO - [2025-06-01T18:12:00.025+0200] {dag.py:2941} INFO - Sync 1 DAGs
[2025-06-01T18:12:00.033+0200] {logging_mixin.py:154} INFO - [2025-06-01T18:12:00.033+0200] {dag.py:3722} INFO - Setting next_dagrun for example_params_ui_tutorial to None, run_after=None
[2025-06-01T18:12:00.049+0200] {processor.py:179} INFO - Processing /home/lohit/miniconda3/envs/airflow-env/lib/python3.8/site-packages/airflow/example_dags/example_params_ui_tutorial.py took 0.070 seconds
[2025-06-01T18:12:50.097+0200] {processor.py:157} INFO - Started process (PID=28921) to work on /home/lohit/miniconda3/envs/airflow-env/lib/python3.8/site-packages/airflow/example_dags/example_params_ui_tutorial.py
[2025-06-01T18:12:50.098+0200] {processor.py:829} INFO - Processing file /home/lohit/miniconda3/envs/airflow-env/lib/python3.8/site-packages/airflow/example_dags/example_params_ui_tutorial.py for tasks to queue
[2025-06-01T18:12:50.099+0200] {logging_mixin.py:154} INFO - [2025-06-01T18:12:50.099+0200] {dagbag.py:536} INFO - Filling up the DagBag from /home/lohit/miniconda3/envs/airflow-env/lib/python3.8/site-packages/airflow/example_dags/example_params_ui_tutorial.py
[2025-06-01T18:12:50.116+0200] {processor.py:839} INFO - DAG(s) dict_keys(['example_params_ui_tutorial']) retrieved from /home/lohit/miniconda3/envs/airflow-env/lib/python3.8/site-packages/airflow/example_dags/example_params_ui_tutorial.py
[2025-06-01T18:12:50.142+0200] {logging_mixin.py:154} INFO - [2025-06-01T18:12:50.141+0200] {dag.py:2941} INFO - Sync 1 DAGs
[2025-06-01T18:12:50.149+0200] {logging_mixin.py:154} INFO - [2025-06-01T18:12:50.149+0200] {dag.py:3722} INFO - Setting next_dagrun for example_params_ui_tutorial to None, run_after=None
[2025-06-01T18:12:50.166+0200] {processor.py:179} INFO - Processing /home/lohit/miniconda3/envs/airflow-env/lib/python3.8/site-packages/airflow/example_dags/example_params_ui_tutorial.py took 0.070 seconds
[2025-06-01T18:13:36.387+0200] {processor.py:157} INFO - Started process (PID=28991) to work on /home/lohit/miniconda3/envs/airflow-env/lib/python3.8/site-packages/airflow/example_dags/example_params_ui_tutorial.py
[2025-06-01T18:13:36.391+0200] {processor.py:829} INFO - Processing file /home/lohit/miniconda3/envs/airflow-env/lib/python3.8/site-packages/airflow/example_dags/example_params_ui_tutorial.py for tasks to queue
[2025-06-01T18:13:36.391+0200] {logging_mixin.py:154} INFO - [2025-06-01T18:13:36.391+0200] {dagbag.py:536} INFO - Filling up the DagBag from /home/lohit/miniconda3/envs/airflow-env/lib/python3.8/site-packages/airflow/example_dags/example_params_ui_tutorial.py
[2025-06-01T18:13:36.407+0200] {processor.py:839} INFO - DAG(s) dict_keys(['example_params_ui_tutorial']) retrieved from /home/lohit/miniconda3/envs/airflow-env/lib/python3.8/site-packages/airflow/example_dags/example_params_ui_tutorial.py
[2025-06-01T18:13:36.433+0200] {logging_mixin.py:154} INFO - [2025-06-01T18:13:36.433+0200] {dag.py:2941} INFO - Sync 1 DAGs
[2025-06-01T18:13:36.439+0200] {logging_mixin.py:154} INFO - [2025-06-01T18:13:36.439+0200] {dag.py:3722} INFO - Setting next_dagrun for example_params_ui_tutorial to None, run_after=None
[2025-06-01T18:13:36.455+0200] {processor.py:179} INFO - Processing /home/lohit/miniconda3/envs/airflow-env/lib/python3.8/site-packages/airflow/example_dags/example_params_ui_tutorial.py took 0.069 seconds
[2025-06-01T18:14:19.156+0200] {processor.py:157} INFO - Started process (PID=29059) to work on /home/lohit/miniconda3/envs/airflow-env/lib/python3.8/site-packages/airflow/example_dags/example_params_ui_tutorial.py
[2025-06-01T18:14:19.160+0200] {processor.py:829} INFO - Processing file /home/lohit/miniconda3/envs/airflow-env/lib/python3.8/site-packages/airflow/example_dags/example_params_ui_tutorial.py for tasks to queue
[2025-06-01T18:14:19.161+0200] {logging_mixin.py:154} INFO - [2025-06-01T18:14:19.161+0200] {dagbag.py:536} INFO - Filling up the DagBag from /home/lohit/miniconda3/envs/airflow-env/lib/python3.8/site-packages/airflow/example_dags/example_params_ui_tutorial.py
[2025-06-01T18:14:19.179+0200] {processor.py:839} INFO - DAG(s) dict_keys(['example_params_ui_tutorial']) retrieved from /home/lohit/miniconda3/envs/airflow-env/lib/python3.8/site-packages/airflow/example_dags/example_params_ui_tutorial.py
[2025-06-01T18:14:19.204+0200] {logging_mixin.py:154} INFO - [2025-06-01T18:14:19.204+0200] {dag.py:2941} INFO - Sync 1 DAGs
[2025-06-01T18:14:19.211+0200] {logging_mixin.py:154} INFO - [2025-06-01T18:14:19.211+0200] {dag.py:3722} INFO - Setting next_dagrun for example_params_ui_tutorial to None, run_after=None
[2025-06-01T18:14:19.229+0200] {processor.py:179} INFO - Processing /home/lohit/miniconda3/envs/airflow-env/lib/python3.8/site-packages/airflow/example_dags/example_params_ui_tutorial.py took 0.074 seconds
[2025-06-01T18:15:06.496+0200] {processor.py:157} INFO - Started process (PID=29128) to work on /home/lohit/miniconda3/envs/airflow-env/lib/python3.8/site-packages/airflow/example_dags/example_params_ui_tutorial.py
[2025-06-01T18:15:06.500+0200] {processor.py:829} INFO - Processing file /home/lohit/miniconda3/envs/airflow-env/lib/python3.8/site-packages/airflow/example_dags/example_params_ui_tutorial.py for tasks to queue
[2025-06-01T18:15:06.500+0200] {logging_mixin.py:154} INFO - [2025-06-01T18:15:06.500+0200] {dagbag.py:536} INFO - Filling up the DagBag from /home/lohit/miniconda3/envs/airflow-env/lib/python3.8/site-packages/airflow/example_dags/example_params_ui_tutorial.py
[2025-06-01T18:15:06.520+0200] {processor.py:839} INFO - DAG(s) dict_keys(['example_params_ui_tutorial']) retrieved from /home/lohit/miniconda3/envs/airflow-env/lib/python3.8/site-packages/airflow/example_dags/example_params_ui_tutorial.py
[2025-06-01T18:15:06.548+0200] {logging_mixin.py:154} INFO - [2025-06-01T18:15:06.548+0200] {dag.py:2941} INFO - Sync 1 DAGs
[2025-06-01T18:15:06.556+0200] {logging_mixin.py:154} INFO - [2025-06-01T18:15:06.556+0200] {dag.py:3722} INFO - Setting next_dagrun for example_params_ui_tutorial to None, run_after=None
[2025-06-01T18:15:06.574+0200] {processor.py:179} INFO - Processing /home/lohit/miniconda3/envs/airflow-env/lib/python3.8/site-packages/airflow/example_dags/example_params_ui_tutorial.py took 0.081 seconds
[2025-06-01T18:15:54.800+0200] {processor.py:157} INFO - Started process (PID=29199) to work on /home/lohit/miniconda3/envs/airflow-env/lib/python3.8/site-packages/airflow/example_dags/example_params_ui_tutorial.py
[2025-06-01T18:15:54.803+0200] {processor.py:829} INFO - Processing file /home/lohit/miniconda3/envs/airflow-env/lib/python3.8/site-packages/airflow/example_dags/example_params_ui_tutorial.py for tasks to queue
[2025-06-01T18:15:54.804+0200] {logging_mixin.py:154} INFO - [2025-06-01T18:15:54.804+0200] {dagbag.py:536} INFO - Filling up the DagBag from /home/lohit/miniconda3/envs/airflow-env/lib/python3.8/site-packages/airflow/example_dags/example_params_ui_tutorial.py
[2025-06-01T18:15:54.820+0200] {processor.py:839} INFO - DAG(s) dict_keys(['example_params_ui_tutorial']) retrieved from /home/lohit/miniconda3/envs/airflow-env/lib/python3.8/site-packages/airflow/example_dags/example_params_ui_tutorial.py
[2025-06-01T18:15:54.842+0200] {logging_mixin.py:154} INFO - [2025-06-01T18:15:54.842+0200] {dag.py:2941} INFO - Sync 1 DAGs
[2025-06-01T18:15:54.848+0200] {logging_mixin.py:154} INFO - [2025-06-01T18:15:54.848+0200] {dag.py:3722} INFO - Setting next_dagrun for example_params_ui_tutorial to None, run_after=None
[2025-06-01T18:15:54.865+0200] {processor.py:179} INFO - Processing /home/lohit/miniconda3/envs/airflow-env/lib/python3.8/site-packages/airflow/example_dags/example_params_ui_tutorial.py took 0.067 seconds
[2025-06-01T18:16:44.354+0200] {processor.py:157} INFO - Started process (PID=29272) to work on /home/lohit/miniconda3/envs/airflow-env/lib/python3.8/site-packages/airflow/example_dags/example_params_ui_tutorial.py
[2025-06-01T18:16:44.357+0200] {processor.py:829} INFO - Processing file /home/lohit/miniconda3/envs/airflow-env/lib/python3.8/site-packages/airflow/example_dags/example_params_ui_tutorial.py for tasks to queue
[2025-06-01T18:16:44.358+0200] {logging_mixin.py:154} INFO - [2025-06-01T18:16:44.358+0200] {dagbag.py:536} INFO - Filling up the DagBag from /home/lohit/miniconda3/envs/airflow-env/lib/python3.8/site-packages/airflow/example_dags/example_params_ui_tutorial.py
[2025-06-01T18:16:44.373+0200] {processor.py:839} INFO - DAG(s) dict_keys(['example_params_ui_tutorial']) retrieved from /home/lohit/miniconda3/envs/airflow-env/lib/python3.8/site-packages/airflow/example_dags/example_params_ui_tutorial.py
[2025-06-01T18:16:44.395+0200] {logging_mixin.py:154} INFO - [2025-06-01T18:16:44.395+0200] {dag.py:2941} INFO - Sync 1 DAGs
[2025-06-01T18:16:44.402+0200] {logging_mixin.py:154} INFO - [2025-06-01T18:16:44.402+0200] {dag.py:3722} INFO - Setting next_dagrun for example_params_ui_tutorial to None, run_after=None
[2025-06-01T18:16:44.418+0200] {processor.py:179} INFO - Processing /home/lohit/miniconda3/envs/airflow-env/lib/python3.8/site-packages/airflow/example_dags/example_params_ui_tutorial.py took 0.067 seconds
[2025-06-01T18:17:32.784+0200] {processor.py:157} INFO - Started process (PID=29346) to work on /home/lohit/miniconda3/envs/airflow-env/lib/python3.8/site-packages/airflow/example_dags/example_params_ui_tutorial.py
[2025-06-01T18:17:32.787+0200] {processor.py:829} INFO - Processing file /home/lohit/miniconda3/envs/airflow-env/lib/python3.8/site-packages/airflow/example_dags/example_params_ui_tutorial.py for tasks to queue
[2025-06-01T18:17:32.788+0200] {logging_mixin.py:154} INFO - [2025-06-01T18:17:32.788+0200] {dagbag.py:536} INFO - Filling up the DagBag from /home/lohit/miniconda3/envs/airflow-env/lib/python3.8/site-packages/airflow/example_dags/example_params_ui_tutorial.py
[2025-06-01T18:17:32.807+0200] {processor.py:839} INFO - DAG(s) dict_keys(['example_params_ui_tutorial']) retrieved from /home/lohit/miniconda3/envs/airflow-env/lib/python3.8/site-packages/airflow/example_dags/example_params_ui_tutorial.py
[2025-06-01T18:17:32.832+0200] {logging_mixin.py:154} INFO - [2025-06-01T18:17:32.832+0200] {dag.py:2941} INFO - Sync 1 DAGs
[2025-06-01T18:17:32.840+0200] {logging_mixin.py:154} INFO - [2025-06-01T18:17:32.840+0200] {dag.py:3722} INFO - Setting next_dagrun for example_params_ui_tutorial to None, run_after=None
[2025-06-01T18:17:32.858+0200] {processor.py:179} INFO - Processing /home/lohit/miniconda3/envs/airflow-env/lib/python3.8/site-packages/airflow/example_dags/example_params_ui_tutorial.py took 0.078 seconds
[2025-06-01T18:18:16.119+0200] {processor.py:157} INFO - Started process (PID=29412) to work on /home/lohit/miniconda3/envs/airflow-env/lib/python3.8/site-packages/airflow/example_dags/example_params_ui_tutorial.py
[2025-06-01T18:18:16.122+0200] {processor.py:829} INFO - Processing file /home/lohit/miniconda3/envs/airflow-env/lib/python3.8/site-packages/airflow/example_dags/example_params_ui_tutorial.py for tasks to queue
[2025-06-01T18:18:16.123+0200] {logging_mixin.py:154} INFO - [2025-06-01T18:18:16.122+0200] {dagbag.py:536} INFO - Filling up the DagBag from /home/lohit/miniconda3/envs/airflow-env/lib/python3.8/site-packages/airflow/example_dags/example_params_ui_tutorial.py
[2025-06-01T18:18:16.141+0200] {processor.py:839} INFO - DAG(s) dict_keys(['example_params_ui_tutorial']) retrieved from /home/lohit/miniconda3/envs/airflow-env/lib/python3.8/site-packages/airflow/example_dags/example_params_ui_tutorial.py
[2025-06-01T18:18:16.166+0200] {logging_mixin.py:154} INFO - [2025-06-01T18:18:16.166+0200] {dag.py:2941} INFO - Sync 1 DAGs
[2025-06-01T18:18:16.173+0200] {logging_mixin.py:154} INFO - [2025-06-01T18:18:16.173+0200] {dag.py:3722} INFO - Setting next_dagrun for example_params_ui_tutorial to None, run_after=None
[2025-06-01T18:18:16.188+0200] {processor.py:179} INFO - Processing /home/lohit/miniconda3/envs/airflow-env/lib/python3.8/site-packages/airflow/example_dags/example_params_ui_tutorial.py took 0.072 seconds
[2025-06-01T18:19:01.332+0200] {processor.py:157} INFO - Started process (PID=29481) to work on /home/lohit/miniconda3/envs/airflow-env/lib/python3.8/site-packages/airflow/example_dags/example_params_ui_tutorial.py
[2025-06-01T18:19:01.335+0200] {processor.py:829} INFO - Processing file /home/lohit/miniconda3/envs/airflow-env/lib/python3.8/site-packages/airflow/example_dags/example_params_ui_tutorial.py for tasks to queue
[2025-06-01T18:19:01.335+0200] {logging_mixin.py:154} INFO - [2025-06-01T18:19:01.335+0200] {dagbag.py:536} INFO - Filling up the DagBag from /home/lohit/miniconda3/envs/airflow-env/lib/python3.8/site-packages/airflow/example_dags/example_params_ui_tutorial.py
[2025-06-01T18:19:01.352+0200] {processor.py:839} INFO - DAG(s) dict_keys(['example_params_ui_tutorial']) retrieved from /home/lohit/miniconda3/envs/airflow-env/lib/python3.8/site-packages/airflow/example_dags/example_params_ui_tutorial.py
[2025-06-01T18:19:01.375+0200] {logging_mixin.py:154} INFO - [2025-06-01T18:19:01.375+0200] {dag.py:2941} INFO - Sync 1 DAGs
[2025-06-01T18:19:01.383+0200] {logging_mixin.py:154} INFO - [2025-06-01T18:19:01.383+0200] {dag.py:3722} INFO - Setting next_dagrun for example_params_ui_tutorial to None, run_after=None
[2025-06-01T18:19:01.399+0200] {processor.py:179} INFO - Processing /home/lohit/miniconda3/envs/airflow-env/lib/python3.8/site-packages/airflow/example_dags/example_params_ui_tutorial.py took 0.070 seconds
[2025-06-01T18:19:51.031+0200] {processor.py:157} INFO - Started process (PID=29553) to work on /home/lohit/miniconda3/envs/airflow-env/lib/python3.8/site-packages/airflow/example_dags/example_params_ui_tutorial.py
[2025-06-01T18:19:51.034+0200] {processor.py:829} INFO - Processing file /home/lohit/miniconda3/envs/airflow-env/lib/python3.8/site-packages/airflow/example_dags/example_params_ui_tutorial.py for tasks to queue
[2025-06-01T18:19:51.035+0200] {logging_mixin.py:154} INFO - [2025-06-01T18:19:51.035+0200] {dagbag.py:536} INFO - Filling up the DagBag from /home/lohit/miniconda3/envs/airflow-env/lib/python3.8/site-packages/airflow/example_dags/example_params_ui_tutorial.py
[2025-06-01T18:19:51.056+0200] {processor.py:839} INFO - DAG(s) dict_keys(['example_params_ui_tutorial']) retrieved from /home/lohit/miniconda3/envs/airflow-env/lib/python3.8/site-packages/airflow/example_dags/example_params_ui_tutorial.py
[2025-06-01T18:19:51.080+0200] {logging_mixin.py:154} INFO - [2025-06-01T18:19:51.080+0200] {dag.py:2941} INFO - Sync 1 DAGs
[2025-06-01T18:19:51.087+0200] {logging_mixin.py:154} INFO - [2025-06-01T18:19:51.087+0200] {dag.py:3722} INFO - Setting next_dagrun for example_params_ui_tutorial to None, run_after=None
[2025-06-01T18:19:51.103+0200] {processor.py:179} INFO - Processing /home/lohit/miniconda3/envs/airflow-env/lib/python3.8/site-packages/airflow/example_dags/example_params_ui_tutorial.py took 0.074 seconds
[2025-06-01T18:20:39.301+0200] {processor.py:157} INFO - Started process (PID=29623) to work on /home/lohit/miniconda3/envs/airflow-env/lib/python3.8/site-packages/airflow/example_dags/example_params_ui_tutorial.py
[2025-06-01T18:20:39.304+0200] {processor.py:829} INFO - Processing file /home/lohit/miniconda3/envs/airflow-env/lib/python3.8/site-packages/airflow/example_dags/example_params_ui_tutorial.py for tasks to queue
[2025-06-01T18:20:39.305+0200] {logging_mixin.py:154} INFO - [2025-06-01T18:20:39.305+0200] {dagbag.py:536} INFO - Filling up the DagBag from /home/lohit/miniconda3/envs/airflow-env/lib/python3.8/site-packages/airflow/example_dags/example_params_ui_tutorial.py
[2025-06-01T18:20:39.324+0200] {processor.py:839} INFO - DAG(s) dict_keys(['example_params_ui_tutorial']) retrieved from /home/lohit/miniconda3/envs/airflow-env/lib/python3.8/site-packages/airflow/example_dags/example_params_ui_tutorial.py
[2025-06-01T18:20:39.346+0200] {logging_mixin.py:154} INFO - [2025-06-01T18:20:39.346+0200] {dag.py:2941} INFO - Sync 1 DAGs
[2025-06-01T18:20:39.353+0200] {logging_mixin.py:154} INFO - [2025-06-01T18:20:39.353+0200] {dag.py:3722} INFO - Setting next_dagrun for example_params_ui_tutorial to None, run_after=None
[2025-06-01T18:20:39.368+0200] {processor.py:179} INFO - Processing /home/lohit/miniconda3/envs/airflow-env/lib/python3.8/site-packages/airflow/example_dags/example_params_ui_tutorial.py took 0.069 seconds
[2025-06-01T18:21:26.663+0200] {processor.py:157} INFO - Started process (PID=29694) to work on /home/lohit/miniconda3/envs/airflow-env/lib/python3.8/site-packages/airflow/example_dags/example_params_ui_tutorial.py
[2025-06-01T18:21:26.667+0200] {processor.py:829} INFO - Processing file /home/lohit/miniconda3/envs/airflow-env/lib/python3.8/site-packages/airflow/example_dags/example_params_ui_tutorial.py for tasks to queue
[2025-06-01T18:21:26.667+0200] {logging_mixin.py:154} INFO - [2025-06-01T18:21:26.667+0200] {dagbag.py:536} INFO - Filling up the DagBag from /home/lohit/miniconda3/envs/airflow-env/lib/python3.8/site-packages/airflow/example_dags/example_params_ui_tutorial.py
[2025-06-01T18:21:26.682+0200] {processor.py:839} INFO - DAG(s) dict_keys(['example_params_ui_tutorial']) retrieved from /home/lohit/miniconda3/envs/airflow-env/lib/python3.8/site-packages/airflow/example_dags/example_params_ui_tutorial.py
[2025-06-01T18:21:26.706+0200] {logging_mixin.py:154} INFO - [2025-06-01T18:21:26.706+0200] {dag.py:2941} INFO - Sync 1 DAGs
[2025-06-01T18:21:26.712+0200] {logging_mixin.py:154} INFO - [2025-06-01T18:21:26.712+0200] {dag.py:3722} INFO - Setting next_dagrun for example_params_ui_tutorial to None, run_after=None
[2025-06-01T18:21:26.729+0200] {processor.py:179} INFO - Processing /home/lohit/miniconda3/envs/airflow-env/lib/python3.8/site-packages/airflow/example_dags/example_params_ui_tutorial.py took 0.067 seconds
[2025-06-01T18:22:12.849+0200] {processor.py:157} INFO - Started process (PID=29764) to work on /home/lohit/miniconda3/envs/airflow-env/lib/python3.8/site-packages/airflow/example_dags/example_params_ui_tutorial.py
[2025-06-01T18:22:12.852+0200] {processor.py:829} INFO - Processing file /home/lohit/miniconda3/envs/airflow-env/lib/python3.8/site-packages/airflow/example_dags/example_params_ui_tutorial.py for tasks to queue
[2025-06-01T18:22:12.853+0200] {logging_mixin.py:154} INFO - [2025-06-01T18:22:12.853+0200] {dagbag.py:536} INFO - Filling up the DagBag from /home/lohit/miniconda3/envs/airflow-env/lib/python3.8/site-packages/airflow/example_dags/example_params_ui_tutorial.py
[2025-06-01T18:22:12.871+0200] {processor.py:839} INFO - DAG(s) dict_keys(['example_params_ui_tutorial']) retrieved from /home/lohit/miniconda3/envs/airflow-env/lib/python3.8/site-packages/airflow/example_dags/example_params_ui_tutorial.py
[2025-06-01T18:22:12.898+0200] {logging_mixin.py:154} INFO - [2025-06-01T18:22:12.898+0200] {dag.py:2941} INFO - Sync 1 DAGs
[2025-06-01T18:22:12.905+0200] {logging_mixin.py:154} INFO - [2025-06-01T18:22:12.904+0200] {dag.py:3722} INFO - Setting next_dagrun for example_params_ui_tutorial to None, run_after=None
[2025-06-01T18:22:12.921+0200] {processor.py:179} INFO - Processing /home/lohit/miniconda3/envs/airflow-env/lib/python3.8/site-packages/airflow/example_dags/example_params_ui_tutorial.py took 0.073 seconds
[2025-06-01T18:23:00.734+0200] {processor.py:157} INFO - Started process (PID=29834) to work on /home/lohit/miniconda3/envs/airflow-env/lib/python3.8/site-packages/airflow/example_dags/example_params_ui_tutorial.py
[2025-06-01T18:23:00.738+0200] {processor.py:829} INFO - Processing file /home/lohit/miniconda3/envs/airflow-env/lib/python3.8/site-packages/airflow/example_dags/example_params_ui_tutorial.py for tasks to queue
[2025-06-01T18:23:00.739+0200] {logging_mixin.py:154} INFO - [2025-06-01T18:23:00.738+0200] {dagbag.py:536} INFO - Filling up the DagBag from /home/lohit/miniconda3/envs/airflow-env/lib/python3.8/site-packages/airflow/example_dags/example_params_ui_tutorial.py
[2025-06-01T18:23:00.757+0200] {processor.py:839} INFO - DAG(s) dict_keys(['example_params_ui_tutorial']) retrieved from /home/lohit/miniconda3/envs/airflow-env/lib/python3.8/site-packages/airflow/example_dags/example_params_ui_tutorial.py
[2025-06-01T18:23:00.783+0200] {logging_mixin.py:154} INFO - [2025-06-01T18:23:00.783+0200] {dag.py:2941} INFO - Sync 1 DAGs
[2025-06-01T18:23:00.791+0200] {logging_mixin.py:154} INFO - [2025-06-01T18:23:00.791+0200] {dag.py:3722} INFO - Setting next_dagrun for example_params_ui_tutorial to None, run_after=None
[2025-06-01T18:23:00.808+0200] {processor.py:179} INFO - Processing /home/lohit/miniconda3/envs/airflow-env/lib/python3.8/site-packages/airflow/example_dags/example_params_ui_tutorial.py took 0.076 seconds
[2025-06-01T18:23:51.218+0200] {processor.py:157} INFO - Started process (PID=29906) to work on /home/lohit/miniconda3/envs/airflow-env/lib/python3.8/site-packages/airflow/example_dags/example_params_ui_tutorial.py
[2025-06-01T18:23:51.221+0200] {processor.py:829} INFO - Processing file /home/lohit/miniconda3/envs/airflow-env/lib/python3.8/site-packages/airflow/example_dags/example_params_ui_tutorial.py for tasks to queue
[2025-06-01T18:23:51.222+0200] {logging_mixin.py:154} INFO - [2025-06-01T18:23:51.222+0200] {dagbag.py:536} INFO - Filling up the DagBag from /home/lohit/miniconda3/envs/airflow-env/lib/python3.8/site-packages/airflow/example_dags/example_params_ui_tutorial.py
[2025-06-01T18:23:51.239+0200] {processor.py:839} INFO - DAG(s) dict_keys(['example_params_ui_tutorial']) retrieved from /home/lohit/miniconda3/envs/airflow-env/lib/python3.8/site-packages/airflow/example_dags/example_params_ui_tutorial.py
[2025-06-01T18:23:51.261+0200] {logging_mixin.py:154} INFO - [2025-06-01T18:23:51.261+0200] {dag.py:2941} INFO - Sync 1 DAGs
[2025-06-01T18:23:51.267+0200] {logging_mixin.py:154} INFO - [2025-06-01T18:23:51.267+0200] {dag.py:3722} INFO - Setting next_dagrun for example_params_ui_tutorial to None, run_after=None
[2025-06-01T18:23:51.286+0200] {processor.py:179} INFO - Processing /home/lohit/miniconda3/envs/airflow-env/lib/python3.8/site-packages/airflow/example_dags/example_params_ui_tutorial.py took 0.070 seconds
[2025-06-01T18:24:35.720+0200] {processor.py:157} INFO - Started process (PID=29974) to work on /home/lohit/miniconda3/envs/airflow-env/lib/python3.8/site-packages/airflow/example_dags/example_params_ui_tutorial.py
[2025-06-01T18:24:35.724+0200] {processor.py:829} INFO - Processing file /home/lohit/miniconda3/envs/airflow-env/lib/python3.8/site-packages/airflow/example_dags/example_params_ui_tutorial.py for tasks to queue
[2025-06-01T18:24:35.724+0200] {logging_mixin.py:154} INFO - [2025-06-01T18:24:35.724+0200] {dagbag.py:536} INFO - Filling up the DagBag from /home/lohit/miniconda3/envs/airflow-env/lib/python3.8/site-packages/airflow/example_dags/example_params_ui_tutorial.py
[2025-06-01T18:24:35.741+0200] {processor.py:839} INFO - DAG(s) dict_keys(['example_params_ui_tutorial']) retrieved from /home/lohit/miniconda3/envs/airflow-env/lib/python3.8/site-packages/airflow/example_dags/example_params_ui_tutorial.py
[2025-06-01T18:24:35.768+0200] {logging_mixin.py:154} INFO - [2025-06-01T18:24:35.768+0200] {dag.py:2941} INFO - Sync 1 DAGs
[2025-06-01T18:24:35.776+0200] {logging_mixin.py:154} INFO - [2025-06-01T18:24:35.776+0200] {dag.py:3722} INFO - Setting next_dagrun for example_params_ui_tutorial to None, run_after=None
[2025-06-01T18:24:35.792+0200] {processor.py:179} INFO - Processing /home/lohit/miniconda3/envs/airflow-env/lib/python3.8/site-packages/airflow/example_dags/example_params_ui_tutorial.py took 0.074 seconds
[2025-06-01T18:25:24.851+0200] {processor.py:157} INFO - Started process (PID=30045) to work on /home/lohit/miniconda3/envs/airflow-env/lib/python3.8/site-packages/airflow/example_dags/example_params_ui_tutorial.py
[2025-06-01T18:25:24.854+0200] {processor.py:829} INFO - Processing file /home/lohit/miniconda3/envs/airflow-env/lib/python3.8/site-packages/airflow/example_dags/example_params_ui_tutorial.py for tasks to queue
[2025-06-01T18:25:24.855+0200] {logging_mixin.py:154} INFO - [2025-06-01T18:25:24.854+0200] {dagbag.py:536} INFO - Filling up the DagBag from /home/lohit/miniconda3/envs/airflow-env/lib/python3.8/site-packages/airflow/example_dags/example_params_ui_tutorial.py
[2025-06-01T18:25:24.871+0200] {processor.py:839} INFO - DAG(s) dict_keys(['example_params_ui_tutorial']) retrieved from /home/lohit/miniconda3/envs/airflow-env/lib/python3.8/site-packages/airflow/example_dags/example_params_ui_tutorial.py
[2025-06-01T18:25:24.896+0200] {logging_mixin.py:154} INFO - [2025-06-01T18:25:24.896+0200] {dag.py:2941} INFO - Sync 1 DAGs
[2025-06-01T18:25:24.905+0200] {logging_mixin.py:154} INFO - [2025-06-01T18:25:24.905+0200] {dag.py:3722} INFO - Setting next_dagrun for example_params_ui_tutorial to None, run_after=None
[2025-06-01T18:25:24.920+0200] {processor.py:179} INFO - Processing /home/lohit/miniconda3/envs/airflow-env/lib/python3.8/site-packages/airflow/example_dags/example_params_ui_tutorial.py took 0.072 seconds
[2025-06-01T18:26:09.615+0200] {processor.py:157} INFO - Started process (PID=30115) to work on /home/lohit/miniconda3/envs/airflow-env/lib/python3.8/site-packages/airflow/example_dags/example_params_ui_tutorial.py
[2025-06-01T18:26:09.618+0200] {processor.py:829} INFO - Processing file /home/lohit/miniconda3/envs/airflow-env/lib/python3.8/site-packages/airflow/example_dags/example_params_ui_tutorial.py for tasks to queue
[2025-06-01T18:26:09.619+0200] {logging_mixin.py:154} INFO - [2025-06-01T18:26:09.618+0200] {dagbag.py:536} INFO - Filling up the DagBag from /home/lohit/miniconda3/envs/airflow-env/lib/python3.8/site-packages/airflow/example_dags/example_params_ui_tutorial.py
[2025-06-01T18:26:09.637+0200] {processor.py:839} INFO - DAG(s) dict_keys(['example_params_ui_tutorial']) retrieved from /home/lohit/miniconda3/envs/airflow-env/lib/python3.8/site-packages/airflow/example_dags/example_params_ui_tutorial.py
[2025-06-01T18:26:09.661+0200] {logging_mixin.py:154} INFO - [2025-06-01T18:26:09.661+0200] {dag.py:2941} INFO - Sync 1 DAGs
[2025-06-01T18:26:09.668+0200] {logging_mixin.py:154} INFO - [2025-06-01T18:26:09.668+0200] {dag.py:3722} INFO - Setting next_dagrun for example_params_ui_tutorial to None, run_after=None
[2025-06-01T18:26:09.687+0200] {processor.py:179} INFO - Processing /home/lohit/miniconda3/envs/airflow-env/lib/python3.8/site-packages/airflow/example_dags/example_params_ui_tutorial.py took 0.074 seconds
[2025-06-01T18:26:57.826+0200] {processor.py:157} INFO - Started process (PID=30186) to work on /home/lohit/miniconda3/envs/airflow-env/lib/python3.8/site-packages/airflow/example_dags/example_params_ui_tutorial.py
[2025-06-01T18:26:57.828+0200] {processor.py:829} INFO - Processing file /home/lohit/miniconda3/envs/airflow-env/lib/python3.8/site-packages/airflow/example_dags/example_params_ui_tutorial.py for tasks to queue
[2025-06-01T18:26:57.828+0200] {logging_mixin.py:154} INFO - [2025-06-01T18:26:57.828+0200] {dagbag.py:536} INFO - Filling up the DagBag from /home/lohit/miniconda3/envs/airflow-env/lib/python3.8/site-packages/airflow/example_dags/example_params_ui_tutorial.py
[2025-06-01T18:26:57.847+0200] {processor.py:839} INFO - DAG(s) dict_keys(['example_params_ui_tutorial']) retrieved from /home/lohit/miniconda3/envs/airflow-env/lib/python3.8/site-packages/airflow/example_dags/example_params_ui_tutorial.py
[2025-06-01T18:26:57.871+0200] {logging_mixin.py:154} INFO - [2025-06-01T18:26:57.871+0200] {dag.py:2941} INFO - Sync 1 DAGs
[2025-06-01T18:26:57.878+0200] {logging_mixin.py:154} INFO - [2025-06-01T18:26:57.878+0200] {dag.py:3722} INFO - Setting next_dagrun for example_params_ui_tutorial to None, run_after=None
[2025-06-01T18:26:57.898+0200] {processor.py:179} INFO - Processing /home/lohit/miniconda3/envs/airflow-env/lib/python3.8/site-packages/airflow/example_dags/example_params_ui_tutorial.py took 0.073 seconds
[2025-06-01T18:27:42.570+0200] {processor.py:157} INFO - Started process (PID=30254) to work on /home/lohit/miniconda3/envs/airflow-env/lib/python3.8/site-packages/airflow/example_dags/example_params_ui_tutorial.py
[2025-06-01T18:27:42.574+0200] {processor.py:829} INFO - Processing file /home/lohit/miniconda3/envs/airflow-env/lib/python3.8/site-packages/airflow/example_dags/example_params_ui_tutorial.py for tasks to queue
[2025-06-01T18:27:42.574+0200] {logging_mixin.py:154} INFO - [2025-06-01T18:27:42.574+0200] {dagbag.py:536} INFO - Filling up the DagBag from /home/lohit/miniconda3/envs/airflow-env/lib/python3.8/site-packages/airflow/example_dags/example_params_ui_tutorial.py
[2025-06-01T18:27:42.591+0200] {processor.py:839} INFO - DAG(s) dict_keys(['example_params_ui_tutorial']) retrieved from /home/lohit/miniconda3/envs/airflow-env/lib/python3.8/site-packages/airflow/example_dags/example_params_ui_tutorial.py
[2025-06-01T18:27:42.616+0200] {logging_mixin.py:154} INFO - [2025-06-01T18:27:42.616+0200] {dag.py:2941} INFO - Sync 1 DAGs
[2025-06-01T18:27:42.624+0200] {logging_mixin.py:154} INFO - [2025-06-01T18:27:42.624+0200] {dag.py:3722} INFO - Setting next_dagrun for example_params_ui_tutorial to None, run_after=None
[2025-06-01T18:27:42.640+0200] {processor.py:179} INFO - Processing /home/lohit/miniconda3/envs/airflow-env/lib/python3.8/site-packages/airflow/example_dags/example_params_ui_tutorial.py took 0.074 seconds
[2025-06-01T18:28:33.643+0200] {processor.py:157} INFO - Started process (PID=30326) to work on /home/lohit/miniconda3/envs/airflow-env/lib/python3.8/site-packages/airflow/example_dags/example_params_ui_tutorial.py
[2025-06-01T18:28:33.645+0200] {processor.py:829} INFO - Processing file /home/lohit/miniconda3/envs/airflow-env/lib/python3.8/site-packages/airflow/example_dags/example_params_ui_tutorial.py for tasks to queue
[2025-06-01T18:28:33.645+0200] {logging_mixin.py:154} INFO - [2025-06-01T18:28:33.645+0200] {dagbag.py:536} INFO - Filling up the DagBag from /home/lohit/miniconda3/envs/airflow-env/lib/python3.8/site-packages/airflow/example_dags/example_params_ui_tutorial.py
[2025-06-01T18:28:33.660+0200] {processor.py:839} INFO - DAG(s) dict_keys(['example_params_ui_tutorial']) retrieved from /home/lohit/miniconda3/envs/airflow-env/lib/python3.8/site-packages/airflow/example_dags/example_params_ui_tutorial.py
[2025-06-01T18:28:33.682+0200] {logging_mixin.py:154} INFO - [2025-06-01T18:28:33.682+0200] {dag.py:2941} INFO - Sync 1 DAGs
[2025-06-01T18:28:33.689+0200] {logging_mixin.py:154} INFO - [2025-06-01T18:28:33.689+0200] {dag.py:3722} INFO - Setting next_dagrun for example_params_ui_tutorial to None, run_after=None
[2025-06-01T18:28:33.704+0200] {processor.py:179} INFO - Processing /home/lohit/miniconda3/envs/airflow-env/lib/python3.8/site-packages/airflow/example_dags/example_params_ui_tutorial.py took 0.062 seconds
[2025-06-01T18:29:16.449+0200] {processor.py:157} INFO - Started process (PID=30394) to work on /home/lohit/miniconda3/envs/airflow-env/lib/python3.8/site-packages/airflow/example_dags/example_params_ui_tutorial.py
[2025-06-01T18:29:16.452+0200] {processor.py:829} INFO - Processing file /home/lohit/miniconda3/envs/airflow-env/lib/python3.8/site-packages/airflow/example_dags/example_params_ui_tutorial.py for tasks to queue
[2025-06-01T18:29:16.453+0200] {logging_mixin.py:154} INFO - [2025-06-01T18:29:16.453+0200] {dagbag.py:536} INFO - Filling up the DagBag from /home/lohit/miniconda3/envs/airflow-env/lib/python3.8/site-packages/airflow/example_dags/example_params_ui_tutorial.py
[2025-06-01T18:29:16.472+0200] {processor.py:839} INFO - DAG(s) dict_keys(['example_params_ui_tutorial']) retrieved from /home/lohit/miniconda3/envs/airflow-env/lib/python3.8/site-packages/airflow/example_dags/example_params_ui_tutorial.py
[2025-06-01T18:29:16.498+0200] {logging_mixin.py:154} INFO - [2025-06-01T18:29:16.498+0200] {dag.py:2941} INFO - Sync 1 DAGs
[2025-06-01T18:29:16.506+0200] {logging_mixin.py:154} INFO - [2025-06-01T18:29:16.505+0200] {dag.py:3722} INFO - Setting next_dagrun for example_params_ui_tutorial to None, run_after=None
[2025-06-01T18:29:16.523+0200] {processor.py:179} INFO - Processing /home/lohit/miniconda3/envs/airflow-env/lib/python3.8/site-packages/airflow/example_dags/example_params_ui_tutorial.py took 0.076 seconds
[2025-06-01T18:30:06.004+0200] {processor.py:157} INFO - Started process (PID=30465) to work on /home/lohit/miniconda3/envs/airflow-env/lib/python3.8/site-packages/airflow/example_dags/example_params_ui_tutorial.py
[2025-06-01T18:30:06.008+0200] {processor.py:829} INFO - Processing file /home/lohit/miniconda3/envs/airflow-env/lib/python3.8/site-packages/airflow/example_dags/example_params_ui_tutorial.py for tasks to queue
[2025-06-01T18:30:06.008+0200] {logging_mixin.py:154} INFO - [2025-06-01T18:30:06.008+0200] {dagbag.py:536} INFO - Filling up the DagBag from /home/lohit/miniconda3/envs/airflow-env/lib/python3.8/site-packages/airflow/example_dags/example_params_ui_tutorial.py
[2025-06-01T18:30:06.027+0200] {processor.py:839} INFO - DAG(s) dict_keys(['example_params_ui_tutorial']) retrieved from /home/lohit/miniconda3/envs/airflow-env/lib/python3.8/site-packages/airflow/example_dags/example_params_ui_tutorial.py
[2025-06-01T18:30:06.054+0200] {logging_mixin.py:154} INFO - [2025-06-01T18:30:06.054+0200] {dag.py:2941} INFO - Sync 1 DAGs
[2025-06-01T18:30:06.061+0200] {logging_mixin.py:154} INFO - [2025-06-01T18:30:06.061+0200] {dag.py:3722} INFO - Setting next_dagrun for example_params_ui_tutorial to None, run_after=None
[2025-06-01T18:30:06.078+0200] {processor.py:179} INFO - Processing /home/lohit/miniconda3/envs/airflow-env/lib/python3.8/site-packages/airflow/example_dags/example_params_ui_tutorial.py took 0.075 seconds
[2025-06-01T18:30:47.341+0200] {processor.py:157} INFO - Started process (PID=30531) to work on /home/lohit/miniconda3/envs/airflow-env/lib/python3.8/site-packages/airflow/example_dags/example_params_ui_tutorial.py
[2025-06-01T18:30:47.345+0200] {processor.py:829} INFO - Processing file /home/lohit/miniconda3/envs/airflow-env/lib/python3.8/site-packages/airflow/example_dags/example_params_ui_tutorial.py for tasks to queue
[2025-06-01T18:30:47.345+0200] {logging_mixin.py:154} INFO - [2025-06-01T18:30:47.345+0200] {dagbag.py:536} INFO - Filling up the DagBag from /home/lohit/miniconda3/envs/airflow-env/lib/python3.8/site-packages/airflow/example_dags/example_params_ui_tutorial.py
[2025-06-01T18:30:47.363+0200] {processor.py:839} INFO - DAG(s) dict_keys(['example_params_ui_tutorial']) retrieved from /home/lohit/miniconda3/envs/airflow-env/lib/python3.8/site-packages/airflow/example_dags/example_params_ui_tutorial.py
[2025-06-01T18:30:47.388+0200] {logging_mixin.py:154} INFO - [2025-06-01T18:30:47.388+0200] {dag.py:2941} INFO - Sync 1 DAGs
[2025-06-01T18:30:47.396+0200] {logging_mixin.py:154} INFO - [2025-06-01T18:30:47.395+0200] {dag.py:3722} INFO - Setting next_dagrun for example_params_ui_tutorial to None, run_after=None
[2025-06-01T18:30:47.414+0200] {processor.py:179} INFO - Processing /home/lohit/miniconda3/envs/airflow-env/lib/python3.8/site-packages/airflow/example_dags/example_params_ui_tutorial.py took 0.075 seconds
[2025-06-01T18:31:32.636+0200] {processor.py:157} INFO - Started process (PID=30601) to work on /home/lohit/miniconda3/envs/airflow-env/lib/python3.8/site-packages/airflow/example_dags/example_params_ui_tutorial.py
[2025-06-01T18:31:32.637+0200] {processor.py:829} INFO - Processing file /home/lohit/miniconda3/envs/airflow-env/lib/python3.8/site-packages/airflow/example_dags/example_params_ui_tutorial.py for tasks to queue
[2025-06-01T18:31:32.638+0200] {logging_mixin.py:154} INFO - [2025-06-01T18:31:32.638+0200] {dagbag.py:536} INFO - Filling up the DagBag from /home/lohit/miniconda3/envs/airflow-env/lib/python3.8/site-packages/airflow/example_dags/example_params_ui_tutorial.py
[2025-06-01T18:31:32.655+0200] {processor.py:839} INFO - DAG(s) dict_keys(['example_params_ui_tutorial']) retrieved from /home/lohit/miniconda3/envs/airflow-env/lib/python3.8/site-packages/airflow/example_dags/example_params_ui_tutorial.py
[2025-06-01T18:31:32.679+0200] {logging_mixin.py:154} INFO - [2025-06-01T18:31:32.679+0200] {dag.py:2941} INFO - Sync 1 DAGs
[2025-06-01T18:31:32.689+0200] {logging_mixin.py:154} INFO - [2025-06-01T18:31:32.689+0200] {dag.py:3722} INFO - Setting next_dagrun for example_params_ui_tutorial to None, run_after=None
[2025-06-01T18:31:32.705+0200] {processor.py:179} INFO - Processing /home/lohit/miniconda3/envs/airflow-env/lib/python3.8/site-packages/airflow/example_dags/example_params_ui_tutorial.py took 0.071 seconds
[2025-06-01T18:32:17.437+0200] {processor.py:157} INFO - Started process (PID=30669) to work on /home/lohit/miniconda3/envs/airflow-env/lib/python3.8/site-packages/airflow/example_dags/example_params_ui_tutorial.py
[2025-06-01T18:32:17.441+0200] {processor.py:829} INFO - Processing file /home/lohit/miniconda3/envs/airflow-env/lib/python3.8/site-packages/airflow/example_dags/example_params_ui_tutorial.py for tasks to queue
[2025-06-01T18:32:17.442+0200] {logging_mixin.py:154} INFO - [2025-06-01T18:32:17.441+0200] {dagbag.py:536} INFO - Filling up the DagBag from /home/lohit/miniconda3/envs/airflow-env/lib/python3.8/site-packages/airflow/example_dags/example_params_ui_tutorial.py
[2025-06-01T18:32:17.459+0200] {processor.py:839} INFO - DAG(s) dict_keys(['example_params_ui_tutorial']) retrieved from /home/lohit/miniconda3/envs/airflow-env/lib/python3.8/site-packages/airflow/example_dags/example_params_ui_tutorial.py
[2025-06-01T18:32:17.483+0200] {logging_mixin.py:154} INFO - [2025-06-01T18:32:17.483+0200] {dag.py:2941} INFO - Sync 1 DAGs
[2025-06-01T18:32:17.490+0200] {logging_mixin.py:154} INFO - [2025-06-01T18:32:17.490+0200] {dag.py:3722} INFO - Setting next_dagrun for example_params_ui_tutorial to None, run_after=None
[2025-06-01T18:32:17.508+0200] {processor.py:179} INFO - Processing /home/lohit/miniconda3/envs/airflow-env/lib/python3.8/site-packages/airflow/example_dags/example_params_ui_tutorial.py took 0.072 seconds
[2025-06-01T18:33:01.804+0200] {processor.py:157} INFO - Started process (PID=30738) to work on /home/lohit/miniconda3/envs/airflow-env/lib/python3.8/site-packages/airflow/example_dags/example_params_ui_tutorial.py
[2025-06-01T18:33:01.805+0200] {processor.py:829} INFO - Processing file /home/lohit/miniconda3/envs/airflow-env/lib/python3.8/site-packages/airflow/example_dags/example_params_ui_tutorial.py for tasks to queue
[2025-06-01T18:33:01.806+0200] {logging_mixin.py:154} INFO - [2025-06-01T18:33:01.806+0200] {dagbag.py:536} INFO - Filling up the DagBag from /home/lohit/miniconda3/envs/airflow-env/lib/python3.8/site-packages/airflow/example_dags/example_params_ui_tutorial.py
[2025-06-01T18:33:01.822+0200] {processor.py:839} INFO - DAG(s) dict_keys(['example_params_ui_tutorial']) retrieved from /home/lohit/miniconda3/envs/airflow-env/lib/python3.8/site-packages/airflow/example_dags/example_params_ui_tutorial.py
[2025-06-01T18:33:01.847+0200] {logging_mixin.py:154} INFO - [2025-06-01T18:33:01.847+0200] {dag.py:2941} INFO - Sync 1 DAGs
[2025-06-01T18:33:01.854+0200] {logging_mixin.py:154} INFO - [2025-06-01T18:33:01.854+0200] {dag.py:3722} INFO - Setting next_dagrun for example_params_ui_tutorial to None, run_after=None
[2025-06-01T18:33:01.871+0200] {processor.py:179} INFO - Processing /home/lohit/miniconda3/envs/airflow-env/lib/python3.8/site-packages/airflow/example_dags/example_params_ui_tutorial.py took 0.069 seconds
[2025-06-01T18:33:49.188+0200] {processor.py:157} INFO - Started process (PID=30806) to work on /home/lohit/miniconda3/envs/airflow-env/lib/python3.8/site-packages/airflow/example_dags/example_params_ui_tutorial.py
[2025-06-01T18:33:49.191+0200] {processor.py:829} INFO - Processing file /home/lohit/miniconda3/envs/airflow-env/lib/python3.8/site-packages/airflow/example_dags/example_params_ui_tutorial.py for tasks to queue
[2025-06-01T18:33:49.192+0200] {logging_mixin.py:154} INFO - [2025-06-01T18:33:49.192+0200] {dagbag.py:536} INFO - Filling up the DagBag from /home/lohit/miniconda3/envs/airflow-env/lib/python3.8/site-packages/airflow/example_dags/example_params_ui_tutorial.py
[2025-06-01T18:33:49.209+0200] {processor.py:839} INFO - DAG(s) dict_keys(['example_params_ui_tutorial']) retrieved from /home/lohit/miniconda3/envs/airflow-env/lib/python3.8/site-packages/airflow/example_dags/example_params_ui_tutorial.py
[2025-06-01T18:33:49.233+0200] {logging_mixin.py:154} INFO - [2025-06-01T18:33:49.233+0200] {dag.py:2941} INFO - Sync 1 DAGs
[2025-06-01T18:33:49.242+0200] {logging_mixin.py:154} INFO - [2025-06-01T18:33:49.242+0200] {dag.py:3722} INFO - Setting next_dagrun for example_params_ui_tutorial to None, run_after=None
[2025-06-01T18:33:49.259+0200] {processor.py:179} INFO - Processing /home/lohit/miniconda3/envs/airflow-env/lib/python3.8/site-packages/airflow/example_dags/example_params_ui_tutorial.py took 0.074 seconds
[2025-06-01T18:34:37.545+0200] {processor.py:157} INFO - Started process (PID=31577) to work on /home/lohit/miniconda3/envs/airflow-env/lib/python3.8/site-packages/airflow/example_dags/example_params_ui_tutorial.py
[2025-06-01T18:34:37.548+0200] {processor.py:829} INFO - Processing file /home/lohit/miniconda3/envs/airflow-env/lib/python3.8/site-packages/airflow/example_dags/example_params_ui_tutorial.py for tasks to queue
[2025-06-01T18:34:37.548+0200] {logging_mixin.py:154} INFO - [2025-06-01T18:34:37.548+0200] {dagbag.py:536} INFO - Filling up the DagBag from /home/lohit/miniconda3/envs/airflow-env/lib/python3.8/site-packages/airflow/example_dags/example_params_ui_tutorial.py
[2025-06-01T18:34:37.566+0200] {processor.py:839} INFO - DAG(s) dict_keys(['example_params_ui_tutorial']) retrieved from /home/lohit/miniconda3/envs/airflow-env/lib/python3.8/site-packages/airflow/example_dags/example_params_ui_tutorial.py
[2025-06-01T18:34:37.592+0200] {logging_mixin.py:154} INFO - [2025-06-01T18:34:37.592+0200] {dag.py:2941} INFO - Sync 1 DAGs
[2025-06-01T18:34:37.599+0200] {logging_mixin.py:154} INFO - [2025-06-01T18:34:37.599+0200] {dag.py:3722} INFO - Setting next_dagrun for example_params_ui_tutorial to None, run_after=None
[2025-06-01T18:34:37.619+0200] {processor.py:179} INFO - Processing /home/lohit/miniconda3/envs/airflow-env/lib/python3.8/site-packages/airflow/example_dags/example_params_ui_tutorial.py took 0.077 seconds
[2025-06-01T18:35:23.356+0200] {processor.py:157} INFO - Started process (PID=31662) to work on /home/lohit/miniconda3/envs/airflow-env/lib/python3.8/site-packages/airflow/example_dags/example_params_ui_tutorial.py
[2025-06-01T18:35:23.357+0200] {processor.py:829} INFO - Processing file /home/lohit/miniconda3/envs/airflow-env/lib/python3.8/site-packages/airflow/example_dags/example_params_ui_tutorial.py for tasks to queue
[2025-06-01T18:35:23.358+0200] {logging_mixin.py:154} INFO - [2025-06-01T18:35:23.358+0200] {dagbag.py:536} INFO - Filling up the DagBag from /home/lohit/miniconda3/envs/airflow-env/lib/python3.8/site-packages/airflow/example_dags/example_params_ui_tutorial.py
[2025-06-01T18:35:23.379+0200] {processor.py:839} INFO - DAG(s) dict_keys(['example_params_ui_tutorial']) retrieved from /home/lohit/miniconda3/envs/airflow-env/lib/python3.8/site-packages/airflow/example_dags/example_params_ui_tutorial.py
[2025-06-01T18:35:23.411+0200] {logging_mixin.py:154} INFO - [2025-06-01T18:35:23.411+0200] {dag.py:2941} INFO - Sync 1 DAGs
[2025-06-01T18:35:23.421+0200] {logging_mixin.py:154} INFO - [2025-06-01T18:35:23.421+0200] {dag.py:3722} INFO - Setting next_dagrun for example_params_ui_tutorial to None, run_after=None
[2025-06-01T18:35:23.443+0200] {processor.py:179} INFO - Processing /home/lohit/miniconda3/envs/airflow-env/lib/python3.8/site-packages/airflow/example_dags/example_params_ui_tutorial.py took 0.092 seconds
