[2025-06-01T17:52:55.954+0200] {processor.py:157} INFO - Started process (PID=27068) to work on /home/lohit/miniconda3/envs/airflow-env/lib/python3.8/site-packages/airflow/example_dags/example_trigger_controller_dag.py
[2025-06-01T17:52:55.955+0200] {processor.py:829} INFO - Processing file /home/lohit/miniconda3/envs/airflow-env/lib/python3.8/site-packages/airflow/example_dags/example_trigger_controller_dag.py for tasks to queue
[2025-06-01T17:52:55.955+0200] {logging_mixin.py:154} INFO - [2025-06-01T17:52:55.955+0200] {dagbag.py:536} INFO - Filling up the DagBag from /home/lohit/miniconda3/envs/airflow-env/lib/python3.8/site-packages/airflow/example_dags/example_trigger_controller_dag.py
[2025-06-01T17:52:55.958+0200] {processor.py:839} INFO - DAG(s) dict_keys(['example_trigger_controller_dag']) retrieved from /home/lohit/miniconda3/envs/airflow-env/lib/python3.8/site-packages/airflow/example_dags/example_trigger_controller_dag.py
[2025-06-01T17:52:55.968+0200] {logging_mixin.py:154} INFO - [2025-06-01T17:52:55.968+0200] {dag.py:2941} INFO - Sync 1 DAGs
[2025-06-01T17:52:55.978+0200] {logging_mixin.py:154} INFO - [2025-06-01T17:52:55.977+0200] {dag.py:3722} INFO - Setting next_dagrun for example_trigger_controller_dag to 2021-01-01T00:00:00+00:00, run_after=2021-01-01T00:00:00+00:00
[2025-06-01T17:52:55.995+0200] {processor.py:179} INFO - Processing /home/lohit/miniconda3/envs/airflow-env/lib/python3.8/site-packages/airflow/example_dags/example_trigger_controller_dag.py took 0.043 seconds
[2025-06-01T17:53:40.536+0200] {processor.py:157} INFO - Started process (PID=27136) to work on /home/lohit/miniconda3/envs/airflow-env/lib/python3.8/site-packages/airflow/example_dags/example_trigger_controller_dag.py
[2025-06-01T17:53:40.539+0200] {processor.py:829} INFO - Processing file /home/lohit/miniconda3/envs/airflow-env/lib/python3.8/site-packages/airflow/example_dags/example_trigger_controller_dag.py for tasks to queue
[2025-06-01T17:53:40.540+0200] {logging_mixin.py:154} INFO - [2025-06-01T17:53:40.540+0200] {dagbag.py:536} INFO - Filling up the DagBag from /home/lohit/miniconda3/envs/airflow-env/lib/python3.8/site-packages/airflow/example_dags/example_trigger_controller_dag.py
[2025-06-01T17:53:40.543+0200] {processor.py:839} INFO - DAG(s) dict_keys(['example_trigger_controller_dag']) retrieved from /home/lohit/miniconda3/envs/airflow-env/lib/python3.8/site-packages/airflow/example_dags/example_trigger_controller_dag.py
[2025-06-01T17:53:40.554+0200] {logging_mixin.py:154} INFO - [2025-06-01T17:53:40.554+0200] {dag.py:2941} INFO - Sync 1 DAGs
[2025-06-01T17:53:40.564+0200] {logging_mixin.py:154} INFO - [2025-06-01T17:53:40.564+0200] {dag.py:3722} INFO - Setting next_dagrun for example_trigger_controller_dag to 2021-01-01T00:00:00+00:00, run_after=2021-01-01T00:00:00+00:00
[2025-06-01T17:53:40.580+0200] {processor.py:179} INFO - Processing /home/lohit/miniconda3/envs/airflow-env/lib/python3.8/site-packages/airflow/example_dags/example_trigger_controller_dag.py took 0.046 seconds
[2025-06-01T17:54:23.369+0200] {processor.py:157} INFO - Started process (PID=27204) to work on /home/lohit/miniconda3/envs/airflow-env/lib/python3.8/site-packages/airflow/example_dags/example_trigger_controller_dag.py
[2025-06-01T17:54:23.372+0200] {processor.py:829} INFO - Processing file /home/lohit/miniconda3/envs/airflow-env/lib/python3.8/site-packages/airflow/example_dags/example_trigger_controller_dag.py for tasks to queue
[2025-06-01T17:54:23.373+0200] {logging_mixin.py:154} INFO - [2025-06-01T17:54:23.373+0200] {dagbag.py:536} INFO - Filling up the DagBag from /home/lohit/miniconda3/envs/airflow-env/lib/python3.8/site-packages/airflow/example_dags/example_trigger_controller_dag.py
[2025-06-01T17:54:23.376+0200] {processor.py:839} INFO - DAG(s) dict_keys(['example_trigger_controller_dag']) retrieved from /home/lohit/miniconda3/envs/airflow-env/lib/python3.8/site-packages/airflow/example_dags/example_trigger_controller_dag.py
[2025-06-01T17:54:23.385+0200] {logging_mixin.py:154} INFO - [2025-06-01T17:54:23.385+0200] {dag.py:2941} INFO - Sync 1 DAGs
[2025-06-01T17:54:23.395+0200] {logging_mixin.py:154} INFO - [2025-06-01T17:54:23.395+0200] {dag.py:3722} INFO - Setting next_dagrun for example_trigger_controller_dag to 2021-01-01T00:00:00+00:00, run_after=2021-01-01T00:00:00+00:00
[2025-06-01T17:54:23.411+0200] {processor.py:179} INFO - Processing /home/lohit/miniconda3/envs/airflow-env/lib/python3.8/site-packages/airflow/example_dags/example_trigger_controller_dag.py took 0.044 seconds
[2025-06-01T17:55:11.881+0200] {processor.py:157} INFO - Started process (PID=27274) to work on /home/lohit/miniconda3/envs/airflow-env/lib/python3.8/site-packages/airflow/example_dags/example_trigger_controller_dag.py
[2025-06-01T17:55:11.885+0200] {processor.py:829} INFO - Processing file /home/lohit/miniconda3/envs/airflow-env/lib/python3.8/site-packages/airflow/example_dags/example_trigger_controller_dag.py for tasks to queue
[2025-06-01T17:55:11.885+0200] {logging_mixin.py:154} INFO - [2025-06-01T17:55:11.885+0200] {dagbag.py:536} INFO - Filling up the DagBag from /home/lohit/miniconda3/envs/airflow-env/lib/python3.8/site-packages/airflow/example_dags/example_trigger_controller_dag.py
[2025-06-01T17:55:11.888+0200] {processor.py:839} INFO - DAG(s) dict_keys(['example_trigger_controller_dag']) retrieved from /home/lohit/miniconda3/envs/airflow-env/lib/python3.8/site-packages/airflow/example_dags/example_trigger_controller_dag.py
[2025-06-01T17:55:11.901+0200] {logging_mixin.py:154} INFO - [2025-06-01T17:55:11.901+0200] {dag.py:2941} INFO - Sync 1 DAGs
[2025-06-01T17:55:11.914+0200] {logging_mixin.py:154} INFO - [2025-06-01T17:55:11.914+0200] {dag.py:3722} INFO - Setting next_dagrun for example_trigger_controller_dag to 2021-01-01T00:00:00+00:00, run_after=2021-01-01T00:00:00+00:00
[2025-06-01T17:55:11.930+0200] {processor.py:179} INFO - Processing /home/lohit/miniconda3/envs/airflow-env/lib/python3.8/site-packages/airflow/example_dags/example_trigger_controller_dag.py took 0.051 seconds
[2025-06-01T17:56:02.063+0200] {processor.py:157} INFO - Started process (PID=27348) to work on /home/lohit/miniconda3/envs/airflow-env/lib/python3.8/site-packages/airflow/example_dags/example_trigger_controller_dag.py
[2025-06-01T17:56:02.065+0200] {processor.py:829} INFO - Processing file /home/lohit/miniconda3/envs/airflow-env/lib/python3.8/site-packages/airflow/example_dags/example_trigger_controller_dag.py for tasks to queue
[2025-06-01T17:56:02.065+0200] {logging_mixin.py:154} INFO - [2025-06-01T17:56:02.065+0200] {dagbag.py:536} INFO - Filling up the DagBag from /home/lohit/miniconda3/envs/airflow-env/lib/python3.8/site-packages/airflow/example_dags/example_trigger_controller_dag.py
[2025-06-01T17:56:02.068+0200] {processor.py:839} INFO - DAG(s) dict_keys(['example_trigger_controller_dag']) retrieved from /home/lohit/miniconda3/envs/airflow-env/lib/python3.8/site-packages/airflow/example_dags/example_trigger_controller_dag.py
[2025-06-01T17:56:02.078+0200] {logging_mixin.py:154} INFO - [2025-06-01T17:56:02.078+0200] {dag.py:2941} INFO - Sync 1 DAGs
[2025-06-01T17:56:02.087+0200] {logging_mixin.py:154} INFO - [2025-06-01T17:56:02.087+0200] {dag.py:3722} INFO - Setting next_dagrun for example_trigger_controller_dag to 2021-01-01T00:00:00+00:00, run_after=2021-01-01T00:00:00+00:00
[2025-06-01T17:56:02.103+0200] {processor.py:179} INFO - Processing /home/lohit/miniconda3/envs/airflow-env/lib/python3.8/site-packages/airflow/example_dags/example_trigger_controller_dag.py took 0.042 seconds
[2025-06-01T17:56:50.439+0200] {processor.py:157} INFO - Started process (PID=27418) to work on /home/lohit/miniconda3/envs/airflow-env/lib/python3.8/site-packages/airflow/example_dags/example_trigger_controller_dag.py
[2025-06-01T17:56:50.443+0200] {processor.py:829} INFO - Processing file /home/lohit/miniconda3/envs/airflow-env/lib/python3.8/site-packages/airflow/example_dags/example_trigger_controller_dag.py for tasks to queue
[2025-06-01T17:56:50.443+0200] {logging_mixin.py:154} INFO - [2025-06-01T17:56:50.443+0200] {dagbag.py:536} INFO - Filling up the DagBag from /home/lohit/miniconda3/envs/airflow-env/lib/python3.8/site-packages/airflow/example_dags/example_trigger_controller_dag.py
[2025-06-01T17:56:50.446+0200] {processor.py:839} INFO - DAG(s) dict_keys(['example_trigger_controller_dag']) retrieved from /home/lohit/miniconda3/envs/airflow-env/lib/python3.8/site-packages/airflow/example_dags/example_trigger_controller_dag.py
[2025-06-01T17:56:50.457+0200] {logging_mixin.py:154} INFO - [2025-06-01T17:56:50.457+0200] {dag.py:2941} INFO - Sync 1 DAGs
[2025-06-01T17:56:50.467+0200] {logging_mixin.py:154} INFO - [2025-06-01T17:56:50.467+0200] {dag.py:3722} INFO - Setting next_dagrun for example_trigger_controller_dag to 2021-01-01T00:00:00+00:00, run_after=2021-01-01T00:00:00+00:00
[2025-06-01T17:56:50.482+0200] {processor.py:179} INFO - Processing /home/lohit/miniconda3/envs/airflow-env/lib/python3.8/site-packages/airflow/example_dags/example_trigger_controller_dag.py took 0.045 seconds
[2025-06-01T17:57:35.671+0200] {processor.py:157} INFO - Started process (PID=27487) to work on /home/lohit/miniconda3/envs/airflow-env/lib/python3.8/site-packages/airflow/example_dags/example_trigger_controller_dag.py
[2025-06-01T17:57:35.675+0200] {processor.py:829} INFO - Processing file /home/lohit/miniconda3/envs/airflow-env/lib/python3.8/site-packages/airflow/example_dags/example_trigger_controller_dag.py for tasks to queue
[2025-06-01T17:57:35.675+0200] {logging_mixin.py:154} INFO - [2025-06-01T17:57:35.675+0200] {dagbag.py:536} INFO - Filling up the DagBag from /home/lohit/miniconda3/envs/airflow-env/lib/python3.8/site-packages/airflow/example_dags/example_trigger_controller_dag.py
[2025-06-01T17:57:35.678+0200] {processor.py:839} INFO - DAG(s) dict_keys(['example_trigger_controller_dag']) retrieved from /home/lohit/miniconda3/envs/airflow-env/lib/python3.8/site-packages/airflow/example_dags/example_trigger_controller_dag.py
[2025-06-01T17:57:35.688+0200] {logging_mixin.py:154} INFO - [2025-06-01T17:57:35.688+0200] {dag.py:2941} INFO - Sync 1 DAGs
[2025-06-01T17:57:35.700+0200] {logging_mixin.py:154} INFO - [2025-06-01T17:57:35.700+0200] {dag.py:3722} INFO - Setting next_dagrun for example_trigger_controller_dag to 2021-01-01T00:00:00+00:00, run_after=2021-01-01T00:00:00+00:00
[2025-06-01T17:57:35.715+0200] {processor.py:179} INFO - Processing /home/lohit/miniconda3/envs/airflow-env/lib/python3.8/site-packages/airflow/example_dags/example_trigger_controller_dag.py took 0.045 seconds
[2025-06-01T17:58:19.570+0200] {processor.py:157} INFO - Started process (PID=27554) to work on /home/lohit/miniconda3/envs/airflow-env/lib/python3.8/site-packages/airflow/example_dags/example_trigger_controller_dag.py
[2025-06-01T17:58:19.574+0200] {processor.py:829} INFO - Processing file /home/lohit/miniconda3/envs/airflow-env/lib/python3.8/site-packages/airflow/example_dags/example_trigger_controller_dag.py for tasks to queue
[2025-06-01T17:58:19.574+0200] {logging_mixin.py:154} INFO - [2025-06-01T17:58:19.574+0200] {dagbag.py:536} INFO - Filling up the DagBag from /home/lohit/miniconda3/envs/airflow-env/lib/python3.8/site-packages/airflow/example_dags/example_trigger_controller_dag.py
[2025-06-01T17:58:19.577+0200] {processor.py:839} INFO - DAG(s) dict_keys(['example_trigger_controller_dag']) retrieved from /home/lohit/miniconda3/envs/airflow-env/lib/python3.8/site-packages/airflow/example_dags/example_trigger_controller_dag.py
[2025-06-01T17:58:19.587+0200] {logging_mixin.py:154} INFO - [2025-06-01T17:58:19.587+0200] {dag.py:2941} INFO - Sync 1 DAGs
[2025-06-01T17:58:19.597+0200] {logging_mixin.py:154} INFO - [2025-06-01T17:58:19.597+0200] {dag.py:3722} INFO - Setting next_dagrun for example_trigger_controller_dag to 2021-01-01T00:00:00+00:00, run_after=2021-01-01T00:00:00+00:00
[2025-06-01T17:58:19.648+0200] {processor.py:179} INFO - Processing /home/lohit/miniconda3/envs/airflow-env/lib/python3.8/site-packages/airflow/example_dags/example_trigger_controller_dag.py took 0.081 seconds
[2025-06-01T17:59:06.928+0200] {processor.py:157} INFO - Started process (PID=27625) to work on /home/lohit/miniconda3/envs/airflow-env/lib/python3.8/site-packages/airflow/example_dags/example_trigger_controller_dag.py
[2025-06-01T17:59:06.932+0200] {processor.py:829} INFO - Processing file /home/lohit/miniconda3/envs/airflow-env/lib/python3.8/site-packages/airflow/example_dags/example_trigger_controller_dag.py for tasks to queue
[2025-06-01T17:59:06.933+0200] {logging_mixin.py:154} INFO - [2025-06-01T17:59:06.933+0200] {dagbag.py:536} INFO - Filling up the DagBag from /home/lohit/miniconda3/envs/airflow-env/lib/python3.8/site-packages/airflow/example_dags/example_trigger_controller_dag.py
[2025-06-01T17:59:06.937+0200] {processor.py:839} INFO - DAG(s) dict_keys(['example_trigger_controller_dag']) retrieved from /home/lohit/miniconda3/envs/airflow-env/lib/python3.8/site-packages/airflow/example_dags/example_trigger_controller_dag.py
[2025-06-01T17:59:06.947+0200] {logging_mixin.py:154} INFO - [2025-06-01T17:59:06.947+0200] {dag.py:2941} INFO - Sync 1 DAGs
[2025-06-01T17:59:06.960+0200] {logging_mixin.py:154} INFO - [2025-06-01T17:59:06.959+0200] {dag.py:3722} INFO - Setting next_dagrun for example_trigger_controller_dag to 2021-01-01T00:00:00+00:00, run_after=2021-01-01T00:00:00+00:00
[2025-06-01T17:59:06.975+0200] {processor.py:179} INFO - Processing /home/lohit/miniconda3/envs/airflow-env/lib/python3.8/site-packages/airflow/example_dags/example_trigger_controller_dag.py took 0.049 seconds
[2025-06-01T17:59:50.911+0200] {processor.py:157} INFO - Started process (PID=27692) to work on /home/lohit/miniconda3/envs/airflow-env/lib/python3.8/site-packages/airflow/example_dags/example_trigger_controller_dag.py
[2025-06-01T17:59:50.915+0200] {processor.py:829} INFO - Processing file /home/lohit/miniconda3/envs/airflow-env/lib/python3.8/site-packages/airflow/example_dags/example_trigger_controller_dag.py for tasks to queue
[2025-06-01T17:59:50.916+0200] {logging_mixin.py:154} INFO - [2025-06-01T17:59:50.916+0200] {dagbag.py:536} INFO - Filling up the DagBag from /home/lohit/miniconda3/envs/airflow-env/lib/python3.8/site-packages/airflow/example_dags/example_trigger_controller_dag.py
[2025-06-01T17:59:50.919+0200] {processor.py:839} INFO - DAG(s) dict_keys(['example_trigger_controller_dag']) retrieved from /home/lohit/miniconda3/envs/airflow-env/lib/python3.8/site-packages/airflow/example_dags/example_trigger_controller_dag.py
[2025-06-01T17:59:50.929+0200] {logging_mixin.py:154} INFO - [2025-06-01T17:59:50.929+0200] {dag.py:2941} INFO - Sync 1 DAGs
[2025-06-01T17:59:50.939+0200] {logging_mixin.py:154} INFO - [2025-06-01T17:59:50.939+0200] {dag.py:3722} INFO - Setting next_dagrun for example_trigger_controller_dag to 2021-01-01T00:00:00+00:00, run_after=2021-01-01T00:00:00+00:00
[2025-06-01T17:59:50.955+0200] {processor.py:179} INFO - Processing /home/lohit/miniconda3/envs/airflow-env/lib/python3.8/site-packages/airflow/example_dags/example_trigger_controller_dag.py took 0.045 seconds
[2025-06-01T18:00:40.854+0200] {processor.py:157} INFO - Started process (PID=27765) to work on /home/lohit/miniconda3/envs/airflow-env/lib/python3.8/site-packages/airflow/example_dags/example_trigger_controller_dag.py
[2025-06-01T18:00:40.858+0200] {processor.py:829} INFO - Processing file /home/lohit/miniconda3/envs/airflow-env/lib/python3.8/site-packages/airflow/example_dags/example_trigger_controller_dag.py for tasks to queue
[2025-06-01T18:00:40.858+0200] {logging_mixin.py:154} INFO - [2025-06-01T18:00:40.858+0200] {dagbag.py:536} INFO - Filling up the DagBag from /home/lohit/miniconda3/envs/airflow-env/lib/python3.8/site-packages/airflow/example_dags/example_trigger_controller_dag.py
[2025-06-01T18:00:40.861+0200] {processor.py:839} INFO - DAG(s) dict_keys(['example_trigger_controller_dag']) retrieved from /home/lohit/miniconda3/envs/airflow-env/lib/python3.8/site-packages/airflow/example_dags/example_trigger_controller_dag.py
[2025-06-01T18:00:40.871+0200] {logging_mixin.py:154} INFO - [2025-06-01T18:00:40.871+0200] {dag.py:2941} INFO - Sync 1 DAGs
[2025-06-01T18:00:40.880+0200] {logging_mixin.py:154} INFO - [2025-06-01T18:00:40.880+0200] {dag.py:3722} INFO - Setting next_dagrun for example_trigger_controller_dag to 2021-01-01T00:00:00+00:00, run_after=2021-01-01T00:00:00+00:00
[2025-06-01T18:00:40.896+0200] {processor.py:179} INFO - Processing /home/lohit/miniconda3/envs/airflow-env/lib/python3.8/site-packages/airflow/example_dags/example_trigger_controller_dag.py took 0.044 seconds
[2025-06-01T18:01:27.485+0200] {processor.py:157} INFO - Started process (PID=27866) to work on /home/lohit/miniconda3/envs/airflow-env/lib/python3.8/site-packages/airflow/example_dags/example_trigger_controller_dag.py
[2025-06-01T18:01:27.488+0200] {processor.py:829} INFO - Processing file /home/lohit/miniconda3/envs/airflow-env/lib/python3.8/site-packages/airflow/example_dags/example_trigger_controller_dag.py for tasks to queue
[2025-06-01T18:01:27.488+0200] {logging_mixin.py:154} INFO - [2025-06-01T18:01:27.488+0200] {dagbag.py:536} INFO - Filling up the DagBag from /home/lohit/miniconda3/envs/airflow-env/lib/python3.8/site-packages/airflow/example_dags/example_trigger_controller_dag.py
[2025-06-01T18:01:27.491+0200] {processor.py:839} INFO - DAG(s) dict_keys(['example_trigger_controller_dag']) retrieved from /home/lohit/miniconda3/envs/airflow-env/lib/python3.8/site-packages/airflow/example_dags/example_trigger_controller_dag.py
[2025-06-01T18:01:27.501+0200] {logging_mixin.py:154} INFO - [2025-06-01T18:01:27.501+0200] {dag.py:2941} INFO - Sync 1 DAGs
[2025-06-01T18:01:27.512+0200] {logging_mixin.py:154} INFO - [2025-06-01T18:01:27.512+0200] {dag.py:3722} INFO - Setting next_dagrun for example_trigger_controller_dag to 2021-01-01T00:00:00+00:00, run_after=2021-01-01T00:00:00+00:00
[2025-06-01T18:01:27.528+0200] {processor.py:179} INFO - Processing /home/lohit/miniconda3/envs/airflow-env/lib/python3.8/site-packages/airflow/example_dags/example_trigger_controller_dag.py took 0.045 seconds
[2025-06-01T18:02:10.700+0200] {processor.py:157} INFO - Started process (PID=27934) to work on /home/lohit/miniconda3/envs/airflow-env/lib/python3.8/site-packages/airflow/example_dags/example_trigger_controller_dag.py
[2025-06-01T18:02:10.703+0200] {processor.py:829} INFO - Processing file /home/lohit/miniconda3/envs/airflow-env/lib/python3.8/site-packages/airflow/example_dags/example_trigger_controller_dag.py for tasks to queue
[2025-06-01T18:02:10.704+0200] {logging_mixin.py:154} INFO - [2025-06-01T18:02:10.704+0200] {dagbag.py:536} INFO - Filling up the DagBag from /home/lohit/miniconda3/envs/airflow-env/lib/python3.8/site-packages/airflow/example_dags/example_trigger_controller_dag.py
[2025-06-01T18:02:10.707+0200] {processor.py:839} INFO - DAG(s) dict_keys(['example_trigger_controller_dag']) retrieved from /home/lohit/miniconda3/envs/airflow-env/lib/python3.8/site-packages/airflow/example_dags/example_trigger_controller_dag.py
[2025-06-01T18:02:10.717+0200] {logging_mixin.py:154} INFO - [2025-06-01T18:02:10.717+0200] {dag.py:2941} INFO - Sync 1 DAGs
[2025-06-01T18:02:10.727+0200] {logging_mixin.py:154} INFO - [2025-06-01T18:02:10.727+0200] {dag.py:3722} INFO - Setting next_dagrun for example_trigger_controller_dag to 2021-01-01T00:00:00+00:00, run_after=2021-01-01T00:00:00+00:00
[2025-06-01T18:02:10.743+0200] {processor.py:179} INFO - Processing /home/lohit/miniconda3/envs/airflow-env/lib/python3.8/site-packages/airflow/example_dags/example_trigger_controller_dag.py took 0.045 seconds
[2025-06-01T18:02:57.041+0200] {processor.py:157} INFO - Started process (PID=28010) to work on /home/lohit/miniconda3/envs/airflow-env/lib/python3.8/site-packages/airflow/example_dags/example_trigger_controller_dag.py
[2025-06-01T18:02:57.045+0200] {processor.py:829} INFO - Processing file /home/lohit/miniconda3/envs/airflow-env/lib/python3.8/site-packages/airflow/example_dags/example_trigger_controller_dag.py for tasks to queue
[2025-06-01T18:02:57.045+0200] {logging_mixin.py:154} INFO - [2025-06-01T18:02:57.045+0200] {dagbag.py:536} INFO - Filling up the DagBag from /home/lohit/miniconda3/envs/airflow-env/lib/python3.8/site-packages/airflow/example_dags/example_trigger_controller_dag.py
[2025-06-01T18:02:57.049+0200] {processor.py:839} INFO - DAG(s) dict_keys(['example_trigger_controller_dag']) retrieved from /home/lohit/miniconda3/envs/airflow-env/lib/python3.8/site-packages/airflow/example_dags/example_trigger_controller_dag.py
[2025-06-01T18:02:57.062+0200] {logging_mixin.py:154} INFO - [2025-06-01T18:02:57.061+0200] {dag.py:2941} INFO - Sync 1 DAGs
[2025-06-01T18:02:57.094+0200] {logging_mixin.py:154} INFO - [2025-06-01T18:02:57.094+0200] {dag.py:3722} INFO - Setting next_dagrun for example_trigger_controller_dag to 2021-01-01T00:00:00+00:00, run_after=2021-01-01T00:00:00+00:00
[2025-06-01T18:02:57.130+0200] {processor.py:179} INFO - Processing /home/lohit/miniconda3/envs/airflow-env/lib/python3.8/site-packages/airflow/example_dags/example_trigger_controller_dag.py took 0.091 seconds
[2025-06-01T18:03:47.900+0200] {processor.py:157} INFO - Started process (PID=28085) to work on /home/lohit/miniconda3/envs/airflow-env/lib/python3.8/site-packages/airflow/example_dags/example_trigger_controller_dag.py
[2025-06-01T18:03:47.901+0200] {processor.py:829} INFO - Processing file /home/lohit/miniconda3/envs/airflow-env/lib/python3.8/site-packages/airflow/example_dags/example_trigger_controller_dag.py for tasks to queue
[2025-06-01T18:03:47.901+0200] {logging_mixin.py:154} INFO - [2025-06-01T18:03:47.901+0200] {dagbag.py:536} INFO - Filling up the DagBag from /home/lohit/miniconda3/envs/airflow-env/lib/python3.8/site-packages/airflow/example_dags/example_trigger_controller_dag.py
[2025-06-01T18:03:47.905+0200] {processor.py:839} INFO - DAG(s) dict_keys(['example_trigger_controller_dag']) retrieved from /home/lohit/miniconda3/envs/airflow-env/lib/python3.8/site-packages/airflow/example_dags/example_trigger_controller_dag.py
[2025-06-01T18:03:47.914+0200] {logging_mixin.py:154} INFO - [2025-06-01T18:03:47.914+0200] {dag.py:2941} INFO - Sync 1 DAGs
[2025-06-01T18:03:47.924+0200] {logging_mixin.py:154} INFO - [2025-06-01T18:03:47.924+0200] {dag.py:3722} INFO - Setting next_dagrun for example_trigger_controller_dag to 2021-01-01T00:00:00+00:00, run_after=2021-01-01T00:00:00+00:00
[2025-06-01T18:03:47.941+0200] {processor.py:179} INFO - Processing /home/lohit/miniconda3/envs/airflow-env/lib/python3.8/site-packages/airflow/example_dags/example_trigger_controller_dag.py took 0.043 seconds
[2025-06-01T18:04:30.844+0200] {processor.py:157} INFO - Started process (PID=28158) to work on /home/lohit/miniconda3/envs/airflow-env/lib/python3.8/site-packages/airflow/example_dags/example_trigger_controller_dag.py
[2025-06-01T18:04:30.845+0200] {processor.py:829} INFO - Processing file /home/lohit/miniconda3/envs/airflow-env/lib/python3.8/site-packages/airflow/example_dags/example_trigger_controller_dag.py for tasks to queue
[2025-06-01T18:04:30.846+0200] {logging_mixin.py:154} INFO - [2025-06-01T18:04:30.846+0200] {dagbag.py:536} INFO - Filling up the DagBag from /home/lohit/miniconda3/envs/airflow-env/lib/python3.8/site-packages/airflow/example_dags/example_trigger_controller_dag.py
[2025-06-01T18:04:30.848+0200] {processor.py:839} INFO - DAG(s) dict_keys(['example_trigger_controller_dag']) retrieved from /home/lohit/miniconda3/envs/airflow-env/lib/python3.8/site-packages/airflow/example_dags/example_trigger_controller_dag.py
[2025-06-01T18:04:30.859+0200] {logging_mixin.py:154} INFO - [2025-06-01T18:04:30.859+0200] {dag.py:2941} INFO - Sync 1 DAGs
[2025-06-01T18:04:30.869+0200] {logging_mixin.py:154} INFO - [2025-06-01T18:04:30.869+0200] {dag.py:3722} INFO - Setting next_dagrun for example_trigger_controller_dag to 2021-01-01T00:00:00+00:00, run_after=2021-01-01T00:00:00+00:00
[2025-06-01T18:04:30.884+0200] {processor.py:179} INFO - Processing /home/lohit/miniconda3/envs/airflow-env/lib/python3.8/site-packages/airflow/example_dags/example_trigger_controller_dag.py took 0.042 seconds
[2025-06-01T18:05:21.050+0200] {processor.py:157} INFO - Started process (PID=28237) to work on /home/lohit/miniconda3/envs/airflow-env/lib/python3.8/site-packages/airflow/example_dags/example_trigger_controller_dag.py
[2025-06-01T18:05:21.053+0200] {processor.py:829} INFO - Processing file /home/lohit/miniconda3/envs/airflow-env/lib/python3.8/site-packages/airflow/example_dags/example_trigger_controller_dag.py for tasks to queue
[2025-06-01T18:05:21.054+0200] {logging_mixin.py:154} INFO - [2025-06-01T18:05:21.054+0200] {dagbag.py:536} INFO - Filling up the DagBag from /home/lohit/miniconda3/envs/airflow-env/lib/python3.8/site-packages/airflow/example_dags/example_trigger_controller_dag.py
[2025-06-01T18:05:21.056+0200] {processor.py:839} INFO - DAG(s) dict_keys(['example_trigger_controller_dag']) retrieved from /home/lohit/miniconda3/envs/airflow-env/lib/python3.8/site-packages/airflow/example_dags/example_trigger_controller_dag.py
[2025-06-01T18:05:21.066+0200] {logging_mixin.py:154} INFO - [2025-06-01T18:05:21.066+0200] {dag.py:2941} INFO - Sync 1 DAGs
[2025-06-01T18:05:21.083+0200] {logging_mixin.py:154} INFO - [2025-06-01T18:05:21.082+0200] {dag.py:3722} INFO - Setting next_dagrun for example_trigger_controller_dag to 2021-01-01T00:00:00+00:00, run_after=2021-01-01T00:00:00+00:00
[2025-06-01T18:05:21.100+0200] {processor.py:179} INFO - Processing /home/lohit/miniconda3/envs/airflow-env/lib/python3.8/site-packages/airflow/example_dags/example_trigger_controller_dag.py took 0.052 seconds
[2025-06-01T18:06:12.530+0200] {processor.py:157} INFO - Started process (PID=28318) to work on /home/lohit/miniconda3/envs/airflow-env/lib/python3.8/site-packages/airflow/example_dags/example_trigger_controller_dag.py
[2025-06-01T18:06:12.531+0200] {processor.py:829} INFO - Processing file /home/lohit/miniconda3/envs/airflow-env/lib/python3.8/site-packages/airflow/example_dags/example_trigger_controller_dag.py for tasks to queue
[2025-06-01T18:06:12.532+0200] {logging_mixin.py:154} INFO - [2025-06-01T18:06:12.532+0200] {dagbag.py:536} INFO - Filling up the DagBag from /home/lohit/miniconda3/envs/airflow-env/lib/python3.8/site-packages/airflow/example_dags/example_trigger_controller_dag.py
[2025-06-01T18:06:12.536+0200] {processor.py:839} INFO - DAG(s) dict_keys(['example_trigger_controller_dag']) retrieved from /home/lohit/miniconda3/envs/airflow-env/lib/python3.8/site-packages/airflow/example_dags/example_trigger_controller_dag.py
[2025-06-01T18:06:12.550+0200] {logging_mixin.py:154} INFO - [2025-06-01T18:06:12.550+0200] {dag.py:2941} INFO - Sync 1 DAGs
[2025-06-01T18:06:12.562+0200] {logging_mixin.py:154} INFO - [2025-06-01T18:06:12.562+0200] {dag.py:3722} INFO - Setting next_dagrun for example_trigger_controller_dag to 2021-01-01T00:00:00+00:00, run_after=2021-01-01T00:00:00+00:00
[2025-06-01T18:06:12.577+0200] {processor.py:179} INFO - Processing /home/lohit/miniconda3/envs/airflow-env/lib/python3.8/site-packages/airflow/example_dags/example_trigger_controller_dag.py took 0.049 seconds
[2025-06-01T18:06:57.891+0200] {processor.py:157} INFO - Started process (PID=28386) to work on /home/lohit/miniconda3/envs/airflow-env/lib/python3.8/site-packages/airflow/example_dags/example_trigger_controller_dag.py
[2025-06-01T18:06:57.894+0200] {processor.py:829} INFO - Processing file /home/lohit/miniconda3/envs/airflow-env/lib/python3.8/site-packages/airflow/example_dags/example_trigger_controller_dag.py for tasks to queue
[2025-06-01T18:06:57.895+0200] {logging_mixin.py:154} INFO - [2025-06-01T18:06:57.895+0200] {dagbag.py:536} INFO - Filling up the DagBag from /home/lohit/miniconda3/envs/airflow-env/lib/python3.8/site-packages/airflow/example_dags/example_trigger_controller_dag.py
[2025-06-01T18:06:57.898+0200] {processor.py:839} INFO - DAG(s) dict_keys(['example_trigger_controller_dag']) retrieved from /home/lohit/miniconda3/envs/airflow-env/lib/python3.8/site-packages/airflow/example_dags/example_trigger_controller_dag.py
[2025-06-01T18:06:57.911+0200] {logging_mixin.py:154} INFO - [2025-06-01T18:06:57.911+0200] {dag.py:2941} INFO - Sync 1 DAGs
[2025-06-01T18:06:57.922+0200] {logging_mixin.py:154} INFO - [2025-06-01T18:06:57.922+0200] {dag.py:3722} INFO - Setting next_dagrun for example_trigger_controller_dag to 2021-01-01T00:00:00+00:00, run_after=2021-01-01T00:00:00+00:00
[2025-06-01T18:06:58.162+0200] {processor.py:179} INFO - Processing /home/lohit/miniconda3/envs/airflow-env/lib/python3.8/site-packages/airflow/example_dags/example_trigger_controller_dag.py took 0.273 seconds
[2025-06-01T18:07:44.605+0200] {processor.py:157} INFO - Started process (PID=28456) to work on /home/lohit/miniconda3/envs/airflow-env/lib/python3.8/site-packages/airflow/example_dags/example_trigger_controller_dag.py
[2025-06-01T18:07:44.609+0200] {processor.py:829} INFO - Processing file /home/lohit/miniconda3/envs/airflow-env/lib/python3.8/site-packages/airflow/example_dags/example_trigger_controller_dag.py for tasks to queue
[2025-06-01T18:07:44.609+0200] {logging_mixin.py:154} INFO - [2025-06-01T18:07:44.609+0200] {dagbag.py:536} INFO - Filling up the DagBag from /home/lohit/miniconda3/envs/airflow-env/lib/python3.8/site-packages/airflow/example_dags/example_trigger_controller_dag.py
[2025-06-01T18:07:44.612+0200] {processor.py:839} INFO - DAG(s) dict_keys(['example_trigger_controller_dag']) retrieved from /home/lohit/miniconda3/envs/airflow-env/lib/python3.8/site-packages/airflow/example_dags/example_trigger_controller_dag.py
[2025-06-01T18:07:44.623+0200] {logging_mixin.py:154} INFO - [2025-06-01T18:07:44.623+0200] {dag.py:2941} INFO - Sync 1 DAGs
[2025-06-01T18:07:44.634+0200] {logging_mixin.py:154} INFO - [2025-06-01T18:07:44.634+0200] {dag.py:3722} INFO - Setting next_dagrun for example_trigger_controller_dag to 2021-01-01T00:00:00+00:00, run_after=2021-01-01T00:00:00+00:00
[2025-06-01T18:07:44.650+0200] {processor.py:179} INFO - Processing /home/lohit/miniconda3/envs/airflow-env/lib/python3.8/site-packages/airflow/example_dags/example_trigger_controller_dag.py took 0.047 seconds
[2025-06-01T18:08:32.003+0200] {processor.py:157} INFO - Started process (PID=28530) to work on /home/lohit/miniconda3/envs/airflow-env/lib/python3.8/site-packages/airflow/example_dags/example_trigger_controller_dag.py
[2025-06-01T18:08:32.007+0200] {processor.py:829} INFO - Processing file /home/lohit/miniconda3/envs/airflow-env/lib/python3.8/site-packages/airflow/example_dags/example_trigger_controller_dag.py for tasks to queue
[2025-06-01T18:08:32.007+0200] {logging_mixin.py:154} INFO - [2025-06-01T18:08:32.007+0200] {dagbag.py:536} INFO - Filling up the DagBag from /home/lohit/miniconda3/envs/airflow-env/lib/python3.8/site-packages/airflow/example_dags/example_trigger_controller_dag.py
[2025-06-01T18:08:32.010+0200] {processor.py:839} INFO - DAG(s) dict_keys(['example_trigger_controller_dag']) retrieved from /home/lohit/miniconda3/envs/airflow-env/lib/python3.8/site-packages/airflow/example_dags/example_trigger_controller_dag.py
[2025-06-01T18:08:32.020+0200] {logging_mixin.py:154} INFO - [2025-06-01T18:08:32.020+0200] {dag.py:2941} INFO - Sync 1 DAGs
[2025-06-01T18:08:32.030+0200] {logging_mixin.py:154} INFO - [2025-06-01T18:08:32.030+0200] {dag.py:3722} INFO - Setting next_dagrun for example_trigger_controller_dag to 2021-01-01T00:00:00+00:00, run_after=2021-01-01T00:00:00+00:00
[2025-06-01T18:08:32.047+0200] {processor.py:179} INFO - Processing /home/lohit/miniconda3/envs/airflow-env/lib/python3.8/site-packages/airflow/example_dags/example_trigger_controller_dag.py took 0.046 seconds
[2025-06-01T18:09:22.138+0200] {processor.py:157} INFO - Started process (PID=28603) to work on /home/lohit/miniconda3/envs/airflow-env/lib/python3.8/site-packages/airflow/example_dags/example_trigger_controller_dag.py
[2025-06-01T18:09:22.142+0200] {processor.py:829} INFO - Processing file /home/lohit/miniconda3/envs/airflow-env/lib/python3.8/site-packages/airflow/example_dags/example_trigger_controller_dag.py for tasks to queue
[2025-06-01T18:09:22.142+0200] {logging_mixin.py:154} INFO - [2025-06-01T18:09:22.142+0200] {dagbag.py:536} INFO - Filling up the DagBag from /home/lohit/miniconda3/envs/airflow-env/lib/python3.8/site-packages/airflow/example_dags/example_trigger_controller_dag.py
[2025-06-01T18:09:22.145+0200] {processor.py:839} INFO - DAG(s) dict_keys(['example_trigger_controller_dag']) retrieved from /home/lohit/miniconda3/envs/airflow-env/lib/python3.8/site-packages/airflow/example_dags/example_trigger_controller_dag.py
[2025-06-01T18:09:22.155+0200] {logging_mixin.py:154} INFO - [2025-06-01T18:09:22.155+0200] {dag.py:2941} INFO - Sync 1 DAGs
[2025-06-01T18:09:22.165+0200] {logging_mixin.py:154} INFO - [2025-06-01T18:09:22.165+0200] {dag.py:3722} INFO - Setting next_dagrun for example_trigger_controller_dag to 2021-01-01T00:00:00+00:00, run_after=2021-01-01T00:00:00+00:00
[2025-06-01T18:09:22.180+0200] {processor.py:179} INFO - Processing /home/lohit/miniconda3/envs/airflow-env/lib/python3.8/site-packages/airflow/example_dags/example_trigger_controller_dag.py took 0.043 seconds
[2025-06-01T18:10:10.947+0200] {processor.py:157} INFO - Started process (PID=28685) to work on /home/lohit/miniconda3/envs/airflow-env/lib/python3.8/site-packages/airflow/example_dags/example_trigger_controller_dag.py
[2025-06-01T18:10:10.951+0200] {processor.py:829} INFO - Processing file /home/lohit/miniconda3/envs/airflow-env/lib/python3.8/site-packages/airflow/example_dags/example_trigger_controller_dag.py for tasks to queue
[2025-06-01T18:10:10.951+0200] {logging_mixin.py:154} INFO - [2025-06-01T18:10:10.951+0200] {dagbag.py:536} INFO - Filling up the DagBag from /home/lohit/miniconda3/envs/airflow-env/lib/python3.8/site-packages/airflow/example_dags/example_trigger_controller_dag.py
[2025-06-01T18:10:10.954+0200] {processor.py:839} INFO - DAG(s) dict_keys(['example_trigger_controller_dag']) retrieved from /home/lohit/miniconda3/envs/airflow-env/lib/python3.8/site-packages/airflow/example_dags/example_trigger_controller_dag.py
[2025-06-01T18:10:10.965+0200] {logging_mixin.py:154} INFO - [2025-06-01T18:10:10.965+0200] {dag.py:2941} INFO - Sync 1 DAGs
[2025-06-01T18:10:10.976+0200] {logging_mixin.py:154} INFO - [2025-06-01T18:10:10.976+0200] {dag.py:3722} INFO - Setting next_dagrun for example_trigger_controller_dag to 2021-01-01T00:00:00+00:00, run_after=2021-01-01T00:00:00+00:00
[2025-06-01T18:10:10.991+0200] {processor.py:179} INFO - Processing /home/lohit/miniconda3/envs/airflow-env/lib/python3.8/site-packages/airflow/example_dags/example_trigger_controller_dag.py took 0.046 seconds
[2025-06-01T18:10:58.240+0200] {processor.py:157} INFO - Started process (PID=28758) to work on /home/lohit/miniconda3/envs/airflow-env/lib/python3.8/site-packages/airflow/example_dags/example_trigger_controller_dag.py
[2025-06-01T18:10:58.244+0200] {processor.py:829} INFO - Processing file /home/lohit/miniconda3/envs/airflow-env/lib/python3.8/site-packages/airflow/example_dags/example_trigger_controller_dag.py for tasks to queue
[2025-06-01T18:10:58.244+0200] {logging_mixin.py:154} INFO - [2025-06-01T18:10:58.244+0200] {dagbag.py:536} INFO - Filling up the DagBag from /home/lohit/miniconda3/envs/airflow-env/lib/python3.8/site-packages/airflow/example_dags/example_trigger_controller_dag.py
[2025-06-01T18:10:58.247+0200] {processor.py:839} INFO - DAG(s) dict_keys(['example_trigger_controller_dag']) retrieved from /home/lohit/miniconda3/envs/airflow-env/lib/python3.8/site-packages/airflow/example_dags/example_trigger_controller_dag.py
[2025-06-01T18:10:58.261+0200] {logging_mixin.py:154} INFO - [2025-06-01T18:10:58.261+0200] {dag.py:2941} INFO - Sync 1 DAGs
[2025-06-01T18:10:58.273+0200] {logging_mixin.py:154} INFO - [2025-06-01T18:10:58.273+0200] {dag.py:3722} INFO - Setting next_dagrun for example_trigger_controller_dag to 2021-01-01T00:00:00+00:00, run_after=2021-01-01T00:00:00+00:00
[2025-06-01T18:10:58.292+0200] {processor.py:179} INFO - Processing /home/lohit/miniconda3/envs/airflow-env/lib/python3.8/site-packages/airflow/example_dags/example_trigger_controller_dag.py took 0.054 seconds
[2025-06-01T18:11:46.432+0200] {processor.py:157} INFO - Started process (PID=28828) to work on /home/lohit/miniconda3/envs/airflow-env/lib/python3.8/site-packages/airflow/example_dags/example_trigger_controller_dag.py
[2025-06-01T18:11:46.435+0200] {processor.py:829} INFO - Processing file /home/lohit/miniconda3/envs/airflow-env/lib/python3.8/site-packages/airflow/example_dags/example_trigger_controller_dag.py for tasks to queue
[2025-06-01T18:11:46.436+0200] {logging_mixin.py:154} INFO - [2025-06-01T18:11:46.435+0200] {dagbag.py:536} INFO - Filling up the DagBag from /home/lohit/miniconda3/envs/airflow-env/lib/python3.8/site-packages/airflow/example_dags/example_trigger_controller_dag.py
[2025-06-01T18:11:46.439+0200] {processor.py:839} INFO - DAG(s) dict_keys(['example_trigger_controller_dag']) retrieved from /home/lohit/miniconda3/envs/airflow-env/lib/python3.8/site-packages/airflow/example_dags/example_trigger_controller_dag.py
[2025-06-01T18:11:46.452+0200] {logging_mixin.py:154} INFO - [2025-06-01T18:11:46.452+0200] {dag.py:2941} INFO - Sync 1 DAGs
[2025-06-01T18:11:46.465+0200] {logging_mixin.py:154} INFO - [2025-06-01T18:11:46.465+0200] {dag.py:3722} INFO - Setting next_dagrun for example_trigger_controller_dag to 2021-01-01T00:00:00+00:00, run_after=2021-01-01T00:00:00+00:00
[2025-06-01T18:11:46.482+0200] {processor.py:179} INFO - Processing /home/lohit/miniconda3/envs/airflow-env/lib/python3.8/site-packages/airflow/example_dags/example_trigger_controller_dag.py took 0.053 seconds
[2025-06-01T18:12:37.548+0200] {processor.py:157} INFO - Started process (PID=28909) to work on /home/lohit/miniconda3/envs/airflow-env/lib/python3.8/site-packages/airflow/example_dags/example_trigger_controller_dag.py
[2025-06-01T18:12:37.550+0200] {processor.py:829} INFO - Processing file /home/lohit/miniconda3/envs/airflow-env/lib/python3.8/site-packages/airflow/example_dags/example_trigger_controller_dag.py for tasks to queue
[2025-06-01T18:12:37.550+0200] {logging_mixin.py:154} INFO - [2025-06-01T18:12:37.550+0200] {dagbag.py:536} INFO - Filling up the DagBag from /home/lohit/miniconda3/envs/airflow-env/lib/python3.8/site-packages/airflow/example_dags/example_trigger_controller_dag.py
[2025-06-01T18:12:37.553+0200] {processor.py:839} INFO - DAG(s) dict_keys(['example_trigger_controller_dag']) retrieved from /home/lohit/miniconda3/envs/airflow-env/lib/python3.8/site-packages/airflow/example_dags/example_trigger_controller_dag.py
[2025-06-01T18:12:37.564+0200] {logging_mixin.py:154} INFO - [2025-06-01T18:12:37.564+0200] {dag.py:2941} INFO - Sync 1 DAGs
[2025-06-01T18:12:37.576+0200] {logging_mixin.py:154} INFO - [2025-06-01T18:12:37.576+0200] {dag.py:3722} INFO - Setting next_dagrun for example_trigger_controller_dag to 2021-01-01T00:00:00+00:00, run_after=2021-01-01T00:00:00+00:00
[2025-06-01T18:12:37.591+0200] {processor.py:179} INFO - Processing /home/lohit/miniconda3/envs/airflow-env/lib/python3.8/site-packages/airflow/example_dags/example_trigger_controller_dag.py took 0.045 seconds
[2025-06-01T18:13:26.112+0200] {processor.py:157} INFO - Started process (PID=28980) to work on /home/lohit/miniconda3/envs/airflow-env/lib/python3.8/site-packages/airflow/example_dags/example_trigger_controller_dag.py
[2025-06-01T18:13:26.115+0200] {processor.py:829} INFO - Processing file /home/lohit/miniconda3/envs/airflow-env/lib/python3.8/site-packages/airflow/example_dags/example_trigger_controller_dag.py for tasks to queue
[2025-06-01T18:13:26.116+0200] {logging_mixin.py:154} INFO - [2025-06-01T18:13:26.115+0200] {dagbag.py:536} INFO - Filling up the DagBag from /home/lohit/miniconda3/envs/airflow-env/lib/python3.8/site-packages/airflow/example_dags/example_trigger_controller_dag.py
[2025-06-01T18:13:26.119+0200] {processor.py:839} INFO - DAG(s) dict_keys(['example_trigger_controller_dag']) retrieved from /home/lohit/miniconda3/envs/airflow-env/lib/python3.8/site-packages/airflow/example_dags/example_trigger_controller_dag.py
[2025-06-01T18:13:26.129+0200] {logging_mixin.py:154} INFO - [2025-06-01T18:13:26.129+0200] {dag.py:2941} INFO - Sync 1 DAGs
[2025-06-01T18:13:26.139+0200] {logging_mixin.py:154} INFO - [2025-06-01T18:13:26.139+0200] {dag.py:3722} INFO - Setting next_dagrun for example_trigger_controller_dag to 2021-01-01T00:00:00+00:00, run_after=2021-01-01T00:00:00+00:00
[2025-06-01T18:13:26.157+0200] {processor.py:179} INFO - Processing /home/lohit/miniconda3/envs/airflow-env/lib/python3.8/site-packages/airflow/example_dags/example_trigger_controller_dag.py took 0.047 seconds
[2025-06-01T18:14:09.031+0200] {processor.py:157} INFO - Started process (PID=29048) to work on /home/lohit/miniconda3/envs/airflow-env/lib/python3.8/site-packages/airflow/example_dags/example_trigger_controller_dag.py
[2025-06-01T18:14:09.034+0200] {processor.py:829} INFO - Processing file /home/lohit/miniconda3/envs/airflow-env/lib/python3.8/site-packages/airflow/example_dags/example_trigger_controller_dag.py for tasks to queue
[2025-06-01T18:14:09.035+0200] {logging_mixin.py:154} INFO - [2025-06-01T18:14:09.035+0200] {dagbag.py:536} INFO - Filling up the DagBag from /home/lohit/miniconda3/envs/airflow-env/lib/python3.8/site-packages/airflow/example_dags/example_trigger_controller_dag.py
[2025-06-01T18:14:09.038+0200] {processor.py:839} INFO - DAG(s) dict_keys(['example_trigger_controller_dag']) retrieved from /home/lohit/miniconda3/envs/airflow-env/lib/python3.8/site-packages/airflow/example_dags/example_trigger_controller_dag.py
[2025-06-01T18:14:09.050+0200] {logging_mixin.py:154} INFO - [2025-06-01T18:14:09.049+0200] {dag.py:2941} INFO - Sync 1 DAGs
[2025-06-01T18:14:09.061+0200] {logging_mixin.py:154} INFO - [2025-06-01T18:14:09.061+0200] {dag.py:3722} INFO - Setting next_dagrun for example_trigger_controller_dag to 2021-01-01T00:00:00+00:00, run_after=2021-01-01T00:00:00+00:00
[2025-06-01T18:14:09.079+0200] {processor.py:179} INFO - Processing /home/lohit/miniconda3/envs/airflow-env/lib/python3.8/site-packages/airflow/example_dags/example_trigger_controller_dag.py took 0.050 seconds
[2025-06-01T18:14:52.408+0200] {processor.py:157} INFO - Started process (PID=29114) to work on /home/lohit/miniconda3/envs/airflow-env/lib/python3.8/site-packages/airflow/example_dags/example_trigger_controller_dag.py
[2025-06-01T18:14:52.412+0200] {processor.py:829} INFO - Processing file /home/lohit/miniconda3/envs/airflow-env/lib/python3.8/site-packages/airflow/example_dags/example_trigger_controller_dag.py for tasks to queue
[2025-06-01T18:14:52.412+0200] {logging_mixin.py:154} INFO - [2025-06-01T18:14:52.412+0200] {dagbag.py:536} INFO - Filling up the DagBag from /home/lohit/miniconda3/envs/airflow-env/lib/python3.8/site-packages/airflow/example_dags/example_trigger_controller_dag.py
[2025-06-01T18:14:52.416+0200] {processor.py:839} INFO - DAG(s) dict_keys(['example_trigger_controller_dag']) retrieved from /home/lohit/miniconda3/envs/airflow-env/lib/python3.8/site-packages/airflow/example_dags/example_trigger_controller_dag.py
[2025-06-01T18:14:52.428+0200] {logging_mixin.py:154} INFO - [2025-06-01T18:14:52.428+0200] {dag.py:2941} INFO - Sync 1 DAGs
[2025-06-01T18:14:52.442+0200] {logging_mixin.py:154} INFO - [2025-06-01T18:14:52.441+0200] {dag.py:3722} INFO - Setting next_dagrun for example_trigger_controller_dag to 2021-01-01T00:00:00+00:00, run_after=2021-01-01T00:00:00+00:00
[2025-06-01T18:14:52.458+0200] {processor.py:179} INFO - Processing /home/lohit/miniconda3/envs/airflow-env/lib/python3.8/site-packages/airflow/example_dags/example_trigger_controller_dag.py took 0.052 seconds
[2025-06-01T18:15:42.293+0200] {processor.py:157} INFO - Started process (PID=29186) to work on /home/lohit/miniconda3/envs/airflow-env/lib/python3.8/site-packages/airflow/example_dags/example_trigger_controller_dag.py
[2025-06-01T18:15:42.297+0200] {processor.py:829} INFO - Processing file /home/lohit/miniconda3/envs/airflow-env/lib/python3.8/site-packages/airflow/example_dags/example_trigger_controller_dag.py for tasks to queue
[2025-06-01T18:15:42.297+0200] {logging_mixin.py:154} INFO - [2025-06-01T18:15:42.297+0200] {dagbag.py:536} INFO - Filling up the DagBag from /home/lohit/miniconda3/envs/airflow-env/lib/python3.8/site-packages/airflow/example_dags/example_trigger_controller_dag.py
[2025-06-01T18:15:42.300+0200] {processor.py:839} INFO - DAG(s) dict_keys(['example_trigger_controller_dag']) retrieved from /home/lohit/miniconda3/envs/airflow-env/lib/python3.8/site-packages/airflow/example_dags/example_trigger_controller_dag.py
[2025-06-01T18:15:42.312+0200] {logging_mixin.py:154} INFO - [2025-06-01T18:15:42.311+0200] {dag.py:2941} INFO - Sync 1 DAGs
[2025-06-01T18:15:42.323+0200] {logging_mixin.py:154} INFO - [2025-06-01T18:15:42.323+0200] {dag.py:3722} INFO - Setting next_dagrun for example_trigger_controller_dag to 2021-01-01T00:00:00+00:00, run_after=2021-01-01T00:00:00+00:00
[2025-06-01T18:15:42.340+0200] {processor.py:179} INFO - Processing /home/lohit/miniconda3/envs/airflow-env/lib/python3.8/site-packages/airflow/example_dags/example_trigger_controller_dag.py took 0.048 seconds
[2025-06-01T18:16:32.327+0200] {processor.py:157} INFO - Started process (PID=29259) to work on /home/lohit/miniconda3/envs/airflow-env/lib/python3.8/site-packages/airflow/example_dags/example_trigger_controller_dag.py
[2025-06-01T18:16:32.331+0200] {processor.py:829} INFO - Processing file /home/lohit/miniconda3/envs/airflow-env/lib/python3.8/site-packages/airflow/example_dags/example_trigger_controller_dag.py for tasks to queue
[2025-06-01T18:16:32.332+0200] {logging_mixin.py:154} INFO - [2025-06-01T18:16:32.331+0200] {dagbag.py:536} INFO - Filling up the DagBag from /home/lohit/miniconda3/envs/airflow-env/lib/python3.8/site-packages/airflow/example_dags/example_trigger_controller_dag.py
[2025-06-01T18:16:32.335+0200] {processor.py:839} INFO - DAG(s) dict_keys(['example_trigger_controller_dag']) retrieved from /home/lohit/miniconda3/envs/airflow-env/lib/python3.8/site-packages/airflow/example_dags/example_trigger_controller_dag.py
[2025-06-01T18:16:32.345+0200] {logging_mixin.py:154} INFO - [2025-06-01T18:16:32.345+0200] {dag.py:2941} INFO - Sync 1 DAGs
[2025-06-01T18:16:32.355+0200] {logging_mixin.py:154} INFO - [2025-06-01T18:16:32.355+0200] {dag.py:3722} INFO - Setting next_dagrun for example_trigger_controller_dag to 2021-01-01T00:00:00+00:00, run_after=2021-01-01T00:00:00+00:00
[2025-06-01T18:16:32.369+0200] {processor.py:179} INFO - Processing /home/lohit/miniconda3/envs/airflow-env/lib/python3.8/site-packages/airflow/example_dags/example_trigger_controller_dag.py took 0.044 seconds
[2025-06-01T18:17:20.085+0200] {processor.py:157} INFO - Started process (PID=29332) to work on /home/lohit/miniconda3/envs/airflow-env/lib/python3.8/site-packages/airflow/example_dags/example_trigger_controller_dag.py
[2025-06-01T18:17:20.086+0200] {processor.py:829} INFO - Processing file /home/lohit/miniconda3/envs/airflow-env/lib/python3.8/site-packages/airflow/example_dags/example_trigger_controller_dag.py for tasks to queue
[2025-06-01T18:17:20.087+0200] {logging_mixin.py:154} INFO - [2025-06-01T18:17:20.086+0200] {dagbag.py:536} INFO - Filling up the DagBag from /home/lohit/miniconda3/envs/airflow-env/lib/python3.8/site-packages/airflow/example_dags/example_trigger_controller_dag.py
[2025-06-01T18:17:20.090+0200] {processor.py:839} INFO - DAG(s) dict_keys(['example_trigger_controller_dag']) retrieved from /home/lohit/miniconda3/envs/airflow-env/lib/python3.8/site-packages/airflow/example_dags/example_trigger_controller_dag.py
[2025-06-01T18:17:20.101+0200] {logging_mixin.py:154} INFO - [2025-06-01T18:17:20.101+0200] {dag.py:2941} INFO - Sync 1 DAGs
[2025-06-01T18:17:20.114+0200] {logging_mixin.py:154} INFO - [2025-06-01T18:17:20.114+0200] {dag.py:3722} INFO - Setting next_dagrun for example_trigger_controller_dag to 2021-01-01T00:00:00+00:00, run_after=2021-01-01T00:00:00+00:00
[2025-06-01T18:17:20.129+0200] {processor.py:179} INFO - Processing /home/lohit/miniconda3/envs/airflow-env/lib/python3.8/site-packages/airflow/example_dags/example_trigger_controller_dag.py took 0.047 seconds
[2025-06-01T18:18:03.303+0200] {processor.py:157} INFO - Started process (PID=29400) to work on /home/lohit/miniconda3/envs/airflow-env/lib/python3.8/site-packages/airflow/example_dags/example_trigger_controller_dag.py
[2025-06-01T18:18:03.304+0200] {processor.py:829} INFO - Processing file /home/lohit/miniconda3/envs/airflow-env/lib/python3.8/site-packages/airflow/example_dags/example_trigger_controller_dag.py for tasks to queue
[2025-06-01T18:18:03.305+0200] {logging_mixin.py:154} INFO - [2025-06-01T18:18:03.304+0200] {dagbag.py:536} INFO - Filling up the DagBag from /home/lohit/miniconda3/envs/airflow-env/lib/python3.8/site-packages/airflow/example_dags/example_trigger_controller_dag.py
[2025-06-01T18:18:03.309+0200] {processor.py:839} INFO - DAG(s) dict_keys(['example_trigger_controller_dag']) retrieved from /home/lohit/miniconda3/envs/airflow-env/lib/python3.8/site-packages/airflow/example_dags/example_trigger_controller_dag.py
[2025-06-01T18:18:03.320+0200] {logging_mixin.py:154} INFO - [2025-06-01T18:18:03.320+0200] {dag.py:2941} INFO - Sync 1 DAGs
[2025-06-01T18:18:03.331+0200] {logging_mixin.py:154} INFO - [2025-06-01T18:18:03.331+0200] {dag.py:3722} INFO - Setting next_dagrun for example_trigger_controller_dag to 2021-01-01T00:00:00+00:00, run_after=2021-01-01T00:00:00+00:00
[2025-06-01T18:18:03.347+0200] {processor.py:179} INFO - Processing /home/lohit/miniconda3/envs/airflow-env/lib/python3.8/site-packages/airflow/example_dags/example_trigger_controller_dag.py took 0.046 seconds
[2025-06-01T18:18:50.075+0200] {processor.py:157} INFO - Started process (PID=29470) to work on /home/lohit/miniconda3/envs/airflow-env/lib/python3.8/site-packages/airflow/example_dags/example_trigger_controller_dag.py
[2025-06-01T18:18:50.079+0200] {processor.py:829} INFO - Processing file /home/lohit/miniconda3/envs/airflow-env/lib/python3.8/site-packages/airflow/example_dags/example_trigger_controller_dag.py for tasks to queue
[2025-06-01T18:18:50.079+0200] {logging_mixin.py:154} INFO - [2025-06-01T18:18:50.079+0200] {dagbag.py:536} INFO - Filling up the DagBag from /home/lohit/miniconda3/envs/airflow-env/lib/python3.8/site-packages/airflow/example_dags/example_trigger_controller_dag.py
[2025-06-01T18:18:50.082+0200] {processor.py:839} INFO - DAG(s) dict_keys(['example_trigger_controller_dag']) retrieved from /home/lohit/miniconda3/envs/airflow-env/lib/python3.8/site-packages/airflow/example_dags/example_trigger_controller_dag.py
[2025-06-01T18:18:50.095+0200] {logging_mixin.py:154} INFO - [2025-06-01T18:18:50.094+0200] {dag.py:2941} INFO - Sync 1 DAGs
[2025-06-01T18:18:50.108+0200] {logging_mixin.py:154} INFO - [2025-06-01T18:18:50.107+0200] {dag.py:3722} INFO - Setting next_dagrun for example_trigger_controller_dag to 2021-01-01T00:00:00+00:00, run_after=2021-01-01T00:00:00+00:00
[2025-06-01T18:18:50.124+0200] {processor.py:179} INFO - Processing /home/lohit/miniconda3/envs/airflow-env/lib/python3.8/site-packages/airflow/example_dags/example_trigger_controller_dag.py took 0.051 seconds
[2025-06-01T18:19:40.226+0200] {processor.py:157} INFO - Started process (PID=29541) to work on /home/lohit/miniconda3/envs/airflow-env/lib/python3.8/site-packages/airflow/example_dags/example_trigger_controller_dag.py
[2025-06-01T18:19:40.230+0200] {processor.py:829} INFO - Processing file /home/lohit/miniconda3/envs/airflow-env/lib/python3.8/site-packages/airflow/example_dags/example_trigger_controller_dag.py for tasks to queue
[2025-06-01T18:19:40.230+0200] {logging_mixin.py:154} INFO - [2025-06-01T18:19:40.230+0200] {dagbag.py:536} INFO - Filling up the DagBag from /home/lohit/miniconda3/envs/airflow-env/lib/python3.8/site-packages/airflow/example_dags/example_trigger_controller_dag.py
[2025-06-01T18:19:40.234+0200] {processor.py:839} INFO - DAG(s) dict_keys(['example_trigger_controller_dag']) retrieved from /home/lohit/miniconda3/envs/airflow-env/lib/python3.8/site-packages/airflow/example_dags/example_trigger_controller_dag.py
[2025-06-01T18:19:40.247+0200] {logging_mixin.py:154} INFO - [2025-06-01T18:19:40.246+0200] {dag.py:2941} INFO - Sync 1 DAGs
[2025-06-01T18:19:40.259+0200] {logging_mixin.py:154} INFO - [2025-06-01T18:19:40.258+0200] {dag.py:3722} INFO - Setting next_dagrun for example_trigger_controller_dag to 2021-01-01T00:00:00+00:00, run_after=2021-01-01T00:00:00+00:00
[2025-06-01T18:19:40.275+0200] {processor.py:179} INFO - Processing /home/lohit/miniconda3/envs/airflow-env/lib/python3.8/site-packages/airflow/example_dags/example_trigger_controller_dag.py took 0.051 seconds
[2025-06-01T18:20:26.772+0200] {processor.py:157} INFO - Started process (PID=29610) to work on /home/lohit/miniconda3/envs/airflow-env/lib/python3.8/site-packages/airflow/example_dags/example_trigger_controller_dag.py
[2025-06-01T18:20:26.776+0200] {processor.py:829} INFO - Processing file /home/lohit/miniconda3/envs/airflow-env/lib/python3.8/site-packages/airflow/example_dags/example_trigger_controller_dag.py for tasks to queue
[2025-06-01T18:20:26.776+0200] {logging_mixin.py:154} INFO - [2025-06-01T18:20:26.776+0200] {dagbag.py:536} INFO - Filling up the DagBag from /home/lohit/miniconda3/envs/airflow-env/lib/python3.8/site-packages/airflow/example_dags/example_trigger_controller_dag.py
[2025-06-01T18:20:26.780+0200] {processor.py:839} INFO - DAG(s) dict_keys(['example_trigger_controller_dag']) retrieved from /home/lohit/miniconda3/envs/airflow-env/lib/python3.8/site-packages/airflow/example_dags/example_trigger_controller_dag.py
[2025-06-01T18:20:26.792+0200] {logging_mixin.py:154} INFO - [2025-06-01T18:20:26.792+0200] {dag.py:2941} INFO - Sync 1 DAGs
[2025-06-01T18:20:26.804+0200] {logging_mixin.py:154} INFO - [2025-06-01T18:20:26.804+0200] {dag.py:3722} INFO - Setting next_dagrun for example_trigger_controller_dag to 2021-01-01T00:00:00+00:00, run_after=2021-01-01T00:00:00+00:00
[2025-06-01T18:20:26.823+0200] {processor.py:179} INFO - Processing /home/lohit/miniconda3/envs/airflow-env/lib/python3.8/site-packages/airflow/example_dags/example_trigger_controller_dag.py took 0.053 seconds
[2025-06-01T18:21:15.454+0200] {processor.py:157} INFO - Started process (PID=29683) to work on /home/lohit/miniconda3/envs/airflow-env/lib/python3.8/site-packages/airflow/example_dags/example_trigger_controller_dag.py
[2025-06-01T18:21:15.455+0200] {processor.py:829} INFO - Processing file /home/lohit/miniconda3/envs/airflow-env/lib/python3.8/site-packages/airflow/example_dags/example_trigger_controller_dag.py for tasks to queue
[2025-06-01T18:21:15.456+0200] {logging_mixin.py:154} INFO - [2025-06-01T18:21:15.455+0200] {dagbag.py:536} INFO - Filling up the DagBag from /home/lohit/miniconda3/envs/airflow-env/lib/python3.8/site-packages/airflow/example_dags/example_trigger_controller_dag.py
[2025-06-01T18:21:15.458+0200] {processor.py:839} INFO - DAG(s) dict_keys(['example_trigger_controller_dag']) retrieved from /home/lohit/miniconda3/envs/airflow-env/lib/python3.8/site-packages/airflow/example_dags/example_trigger_controller_dag.py
[2025-06-01T18:21:15.469+0200] {logging_mixin.py:154} INFO - [2025-06-01T18:21:15.468+0200] {dag.py:2941} INFO - Sync 1 DAGs
[2025-06-01T18:21:15.478+0200] {logging_mixin.py:154} INFO - [2025-06-01T18:21:15.478+0200] {dag.py:3722} INFO - Setting next_dagrun for example_trigger_controller_dag to 2021-01-01T00:00:00+00:00, run_after=2021-01-01T00:00:00+00:00
[2025-06-01T18:21:15.495+0200] {processor.py:179} INFO - Processing /home/lohit/miniconda3/envs/airflow-env/lib/python3.8/site-packages/airflow/example_dags/example_trigger_controller_dag.py took 0.043 seconds
[2025-06-01T18:22:04.188+0200] {processor.py:157} INFO - Started process (PID=29754) to work on /home/lohit/miniconda3/envs/airflow-env/lib/python3.8/site-packages/airflow/example_dags/example_trigger_controller_dag.py
[2025-06-01T18:22:04.191+0200] {processor.py:829} INFO - Processing file /home/lohit/miniconda3/envs/airflow-env/lib/python3.8/site-packages/airflow/example_dags/example_trigger_controller_dag.py for tasks to queue
[2025-06-01T18:22:04.192+0200] {logging_mixin.py:154} INFO - [2025-06-01T18:22:04.192+0200] {dagbag.py:536} INFO - Filling up the DagBag from /home/lohit/miniconda3/envs/airflow-env/lib/python3.8/site-packages/airflow/example_dags/example_trigger_controller_dag.py
[2025-06-01T18:22:04.195+0200] {processor.py:839} INFO - DAG(s) dict_keys(['example_trigger_controller_dag']) retrieved from /home/lohit/miniconda3/envs/airflow-env/lib/python3.8/site-packages/airflow/example_dags/example_trigger_controller_dag.py
[2025-06-01T18:22:04.206+0200] {logging_mixin.py:154} INFO - [2025-06-01T18:22:04.206+0200] {dag.py:2941} INFO - Sync 1 DAGs
[2025-06-01T18:22:04.218+0200] {logging_mixin.py:154} INFO - [2025-06-01T18:22:04.218+0200] {dag.py:3722} INFO - Setting next_dagrun for example_trigger_controller_dag to 2021-01-01T00:00:00+00:00, run_after=2021-01-01T00:00:00+00:00
[2025-06-01T18:22:04.236+0200] {processor.py:179} INFO - Processing /home/lohit/miniconda3/envs/airflow-env/lib/python3.8/site-packages/airflow/example_dags/example_trigger_controller_dag.py took 0.050 seconds
[2025-06-01T18:22:50.851+0200] {processor.py:157} INFO - Started process (PID=29823) to work on /home/lohit/miniconda3/envs/airflow-env/lib/python3.8/site-packages/airflow/example_dags/example_trigger_controller_dag.py
[2025-06-01T18:22:50.854+0200] {processor.py:829} INFO - Processing file /home/lohit/miniconda3/envs/airflow-env/lib/python3.8/site-packages/airflow/example_dags/example_trigger_controller_dag.py for tasks to queue
[2025-06-01T18:22:50.855+0200] {logging_mixin.py:154} INFO - [2025-06-01T18:22:50.854+0200] {dagbag.py:536} INFO - Filling up the DagBag from /home/lohit/miniconda3/envs/airflow-env/lib/python3.8/site-packages/airflow/example_dags/example_trigger_controller_dag.py
[2025-06-01T18:22:50.858+0200] {processor.py:839} INFO - DAG(s) dict_keys(['example_trigger_controller_dag']) retrieved from /home/lohit/miniconda3/envs/airflow-env/lib/python3.8/site-packages/airflow/example_dags/example_trigger_controller_dag.py
[2025-06-01T18:22:50.869+0200] {logging_mixin.py:154} INFO - [2025-06-01T18:22:50.869+0200] {dag.py:2941} INFO - Sync 1 DAGs
[2025-06-01T18:22:50.880+0200] {logging_mixin.py:154} INFO - [2025-06-01T18:22:50.880+0200] {dag.py:3722} INFO - Setting next_dagrun for example_trigger_controller_dag to 2021-01-01T00:00:00+00:00, run_after=2021-01-01T00:00:00+00:00
[2025-06-01T18:22:50.895+0200] {processor.py:179} INFO - Processing /home/lohit/miniconda3/envs/airflow-env/lib/python3.8/site-packages/airflow/example_dags/example_trigger_controller_dag.py took 0.047 seconds
[2025-06-01T18:23:40.650+0200] {processor.py:157} INFO - Started process (PID=29895) to work on /home/lohit/miniconda3/envs/airflow-env/lib/python3.8/site-packages/airflow/example_dags/example_trigger_controller_dag.py
[2025-06-01T18:23:40.653+0200] {processor.py:829} INFO - Processing file /home/lohit/miniconda3/envs/airflow-env/lib/python3.8/site-packages/airflow/example_dags/example_trigger_controller_dag.py for tasks to queue
[2025-06-01T18:23:40.654+0200] {logging_mixin.py:154} INFO - [2025-06-01T18:23:40.654+0200] {dagbag.py:536} INFO - Filling up the DagBag from /home/lohit/miniconda3/envs/airflow-env/lib/python3.8/site-packages/airflow/example_dags/example_trigger_controller_dag.py
[2025-06-01T18:23:40.657+0200] {processor.py:839} INFO - DAG(s) dict_keys(['example_trigger_controller_dag']) retrieved from /home/lohit/miniconda3/envs/airflow-env/lib/python3.8/site-packages/airflow/example_dags/example_trigger_controller_dag.py
[2025-06-01T18:23:40.666+0200] {logging_mixin.py:154} INFO - [2025-06-01T18:23:40.666+0200] {dag.py:2941} INFO - Sync 1 DAGs
[2025-06-01T18:23:40.676+0200] {logging_mixin.py:154} INFO - [2025-06-01T18:23:40.676+0200] {dag.py:3722} INFO - Setting next_dagrun for example_trigger_controller_dag to 2021-01-01T00:00:00+00:00, run_after=2021-01-01T00:00:00+00:00
[2025-06-01T18:23:40.692+0200] {processor.py:179} INFO - Processing /home/lohit/miniconda3/envs/airflow-env/lib/python3.8/site-packages/airflow/example_dags/example_trigger_controller_dag.py took 0.044 seconds
[2025-06-01T18:24:24.474+0200] {processor.py:157} INFO - Started process (PID=29963) to work on /home/lohit/miniconda3/envs/airflow-env/lib/python3.8/site-packages/airflow/example_dags/example_trigger_controller_dag.py
[2025-06-01T18:24:24.478+0200] {processor.py:829} INFO - Processing file /home/lohit/miniconda3/envs/airflow-env/lib/python3.8/site-packages/airflow/example_dags/example_trigger_controller_dag.py for tasks to queue
[2025-06-01T18:24:24.478+0200] {logging_mixin.py:154} INFO - [2025-06-01T18:24:24.478+0200] {dagbag.py:536} INFO - Filling up the DagBag from /home/lohit/miniconda3/envs/airflow-env/lib/python3.8/site-packages/airflow/example_dags/example_trigger_controller_dag.py
[2025-06-01T18:24:24.481+0200] {processor.py:839} INFO - DAG(s) dict_keys(['example_trigger_controller_dag']) retrieved from /home/lohit/miniconda3/envs/airflow-env/lib/python3.8/site-packages/airflow/example_dags/example_trigger_controller_dag.py
[2025-06-01T18:24:24.492+0200] {logging_mixin.py:154} INFO - [2025-06-01T18:24:24.492+0200] {dag.py:2941} INFO - Sync 1 DAGs
[2025-06-01T18:24:24.505+0200] {logging_mixin.py:154} INFO - [2025-06-01T18:24:24.505+0200] {dag.py:3722} INFO - Setting next_dagrun for example_trigger_controller_dag to 2021-01-01T00:00:00+00:00, run_after=2021-01-01T00:00:00+00:00
[2025-06-01T18:24:24.519+0200] {processor.py:179} INFO - Processing /home/lohit/miniconda3/envs/airflow-env/lib/python3.8/site-packages/airflow/example_dags/example_trigger_controller_dag.py took 0.047 seconds
[2025-06-01T18:25:13.432+0200] {processor.py:157} INFO - Started process (PID=30034) to work on /home/lohit/miniconda3/envs/airflow-env/lib/python3.8/site-packages/airflow/example_dags/example_trigger_controller_dag.py
[2025-06-01T18:25:13.435+0200] {processor.py:829} INFO - Processing file /home/lohit/miniconda3/envs/airflow-env/lib/python3.8/site-packages/airflow/example_dags/example_trigger_controller_dag.py for tasks to queue
[2025-06-01T18:25:13.436+0200] {logging_mixin.py:154} INFO - [2025-06-01T18:25:13.436+0200] {dagbag.py:536} INFO - Filling up the DagBag from /home/lohit/miniconda3/envs/airflow-env/lib/python3.8/site-packages/airflow/example_dags/example_trigger_controller_dag.py
[2025-06-01T18:25:13.439+0200] {processor.py:839} INFO - DAG(s) dict_keys(['example_trigger_controller_dag']) retrieved from /home/lohit/miniconda3/envs/airflow-env/lib/python3.8/site-packages/airflow/example_dags/example_trigger_controller_dag.py
[2025-06-01T18:25:13.448+0200] {logging_mixin.py:154} INFO - [2025-06-01T18:25:13.448+0200] {dag.py:2941} INFO - Sync 1 DAGs
[2025-06-01T18:25:13.458+0200] {logging_mixin.py:154} INFO - [2025-06-01T18:25:13.458+0200] {dag.py:3722} INFO - Setting next_dagrun for example_trigger_controller_dag to 2021-01-01T00:00:00+00:00, run_after=2021-01-01T00:00:00+00:00
[2025-06-01T18:25:13.474+0200] {processor.py:179} INFO - Processing /home/lohit/miniconda3/envs/airflow-env/lib/python3.8/site-packages/airflow/example_dags/example_trigger_controller_dag.py took 0.044 seconds
[2025-06-01T18:25:59.911+0200] {processor.py:157} INFO - Started process (PID=30105) to work on /home/lohit/miniconda3/envs/airflow-env/lib/python3.8/site-packages/airflow/example_dags/example_trigger_controller_dag.py
[2025-06-01T18:25:59.914+0200] {processor.py:829} INFO - Processing file /home/lohit/miniconda3/envs/airflow-env/lib/python3.8/site-packages/airflow/example_dags/example_trigger_controller_dag.py for tasks to queue
[2025-06-01T18:25:59.915+0200] {logging_mixin.py:154} INFO - [2025-06-01T18:25:59.915+0200] {dagbag.py:536} INFO - Filling up the DagBag from /home/lohit/miniconda3/envs/airflow-env/lib/python3.8/site-packages/airflow/example_dags/example_trigger_controller_dag.py
[2025-06-01T18:25:59.919+0200] {processor.py:839} INFO - DAG(s) dict_keys(['example_trigger_controller_dag']) retrieved from /home/lohit/miniconda3/envs/airflow-env/lib/python3.8/site-packages/airflow/example_dags/example_trigger_controller_dag.py
[2025-06-01T18:25:59.931+0200] {logging_mixin.py:154} INFO - [2025-06-01T18:25:59.931+0200] {dag.py:2941} INFO - Sync 1 DAGs
[2025-06-01T18:25:59.943+0200] {logging_mixin.py:154} INFO - [2025-06-01T18:25:59.942+0200] {dag.py:3722} INFO - Setting next_dagrun for example_trigger_controller_dag to 2021-01-01T00:00:00+00:00, run_after=2021-01-01T00:00:00+00:00
[2025-06-01T18:25:59.960+0200] {processor.py:179} INFO - Processing /home/lohit/miniconda3/envs/airflow-env/lib/python3.8/site-packages/airflow/example_dags/example_trigger_controller_dag.py took 0.051 seconds
[2025-06-01T18:26:48.843+0200] {processor.py:157} INFO - Started process (PID=30175) to work on /home/lohit/miniconda3/envs/airflow-env/lib/python3.8/site-packages/airflow/example_dags/example_trigger_controller_dag.py
[2025-06-01T18:26:48.846+0200] {processor.py:829} INFO - Processing file /home/lohit/miniconda3/envs/airflow-env/lib/python3.8/site-packages/airflow/example_dags/example_trigger_controller_dag.py for tasks to queue
[2025-06-01T18:26:48.847+0200] {logging_mixin.py:154} INFO - [2025-06-01T18:26:48.847+0200] {dagbag.py:536} INFO - Filling up the DagBag from /home/lohit/miniconda3/envs/airflow-env/lib/python3.8/site-packages/airflow/example_dags/example_trigger_controller_dag.py
[2025-06-01T18:26:48.850+0200] {processor.py:839} INFO - DAG(s) dict_keys(['example_trigger_controller_dag']) retrieved from /home/lohit/miniconda3/envs/airflow-env/lib/python3.8/site-packages/airflow/example_dags/example_trigger_controller_dag.py
[2025-06-01T18:26:48.861+0200] {logging_mixin.py:154} INFO - [2025-06-01T18:26:48.861+0200] {dag.py:2941} INFO - Sync 1 DAGs
[2025-06-01T18:26:48.873+0200] {logging_mixin.py:154} INFO - [2025-06-01T18:26:48.873+0200] {dag.py:3722} INFO - Setting next_dagrun for example_trigger_controller_dag to 2021-01-01T00:00:00+00:00, run_after=2021-01-01T00:00:00+00:00
[2025-06-01T18:26:48.890+0200] {processor.py:179} INFO - Processing /home/lohit/miniconda3/envs/airflow-env/lib/python3.8/site-packages/airflow/example_dags/example_trigger_controller_dag.py took 0.049 seconds
[2025-06-01T18:27:31.899+0200] {processor.py:157} INFO - Started process (PID=30243) to work on /home/lohit/miniconda3/envs/airflow-env/lib/python3.8/site-packages/airflow/example_dags/example_trigger_controller_dag.py
[2025-06-01T18:27:31.900+0200] {processor.py:829} INFO - Processing file /home/lohit/miniconda3/envs/airflow-env/lib/python3.8/site-packages/airflow/example_dags/example_trigger_controller_dag.py for tasks to queue
[2025-06-01T18:27:31.901+0200] {logging_mixin.py:154} INFO - [2025-06-01T18:27:31.900+0200] {dagbag.py:536} INFO - Filling up the DagBag from /home/lohit/miniconda3/envs/airflow-env/lib/python3.8/site-packages/airflow/example_dags/example_trigger_controller_dag.py
[2025-06-01T18:27:31.904+0200] {processor.py:839} INFO - DAG(s) dict_keys(['example_trigger_controller_dag']) retrieved from /home/lohit/miniconda3/envs/airflow-env/lib/python3.8/site-packages/airflow/example_dags/example_trigger_controller_dag.py
[2025-06-01T18:27:31.916+0200] {logging_mixin.py:154} INFO - [2025-06-01T18:27:31.916+0200] {dag.py:2941} INFO - Sync 1 DAGs
[2025-06-01T18:27:31.929+0200] {logging_mixin.py:154} INFO - [2025-06-01T18:27:31.929+0200] {dag.py:3722} INFO - Setting next_dagrun for example_trigger_controller_dag to 2021-01-01T00:00:00+00:00, run_after=2021-01-01T00:00:00+00:00
[2025-06-01T18:27:31.946+0200] {processor.py:179} INFO - Processing /home/lohit/miniconda3/envs/airflow-env/lib/python3.8/site-packages/airflow/example_dags/example_trigger_controller_dag.py took 0.049 seconds
[2025-06-01T18:28:21.111+0200] {processor.py:157} INFO - Started process (PID=30314) to work on /home/lohit/miniconda3/envs/airflow-env/lib/python3.8/site-packages/airflow/example_dags/example_trigger_controller_dag.py
[2025-06-01T18:28:21.115+0200] {processor.py:829} INFO - Processing file /home/lohit/miniconda3/envs/airflow-env/lib/python3.8/site-packages/airflow/example_dags/example_trigger_controller_dag.py for tasks to queue
[2025-06-01T18:28:21.115+0200] {logging_mixin.py:154} INFO - [2025-06-01T18:28:21.115+0200] {dagbag.py:536} INFO - Filling up the DagBag from /home/lohit/miniconda3/envs/airflow-env/lib/python3.8/site-packages/airflow/example_dags/example_trigger_controller_dag.py
[2025-06-01T18:28:21.119+0200] {processor.py:839} INFO - DAG(s) dict_keys(['example_trigger_controller_dag']) retrieved from /home/lohit/miniconda3/envs/airflow-env/lib/python3.8/site-packages/airflow/example_dags/example_trigger_controller_dag.py
[2025-06-01T18:28:21.129+0200] {logging_mixin.py:154} INFO - [2025-06-01T18:28:21.129+0200] {dag.py:2941} INFO - Sync 1 DAGs
[2025-06-01T18:28:21.139+0200] {logging_mixin.py:154} INFO - [2025-06-01T18:28:21.139+0200] {dag.py:3722} INFO - Setting next_dagrun for example_trigger_controller_dag to 2021-01-01T00:00:00+00:00, run_after=2021-01-01T00:00:00+00:00
[2025-06-01T18:28:21.157+0200] {processor.py:179} INFO - Processing /home/lohit/miniconda3/envs/airflow-env/lib/python3.8/site-packages/airflow/example_dags/example_trigger_controller_dag.py took 0.048 seconds
[2025-06-01T18:29:08.434+0200] {processor.py:157} INFO - Started process (PID=30384) to work on /home/lohit/miniconda3/envs/airflow-env/lib/python3.8/site-packages/airflow/example_dags/example_trigger_controller_dag.py
[2025-06-01T18:29:08.438+0200] {processor.py:829} INFO - Processing file /home/lohit/miniconda3/envs/airflow-env/lib/python3.8/site-packages/airflow/example_dags/example_trigger_controller_dag.py for tasks to queue
[2025-06-01T18:29:08.439+0200] {logging_mixin.py:154} INFO - [2025-06-01T18:29:08.438+0200] {dagbag.py:536} INFO - Filling up the DagBag from /home/lohit/miniconda3/envs/airflow-env/lib/python3.8/site-packages/airflow/example_dags/example_trigger_controller_dag.py
[2025-06-01T18:29:08.442+0200] {processor.py:839} INFO - DAG(s) dict_keys(['example_trigger_controller_dag']) retrieved from /home/lohit/miniconda3/envs/airflow-env/lib/python3.8/site-packages/airflow/example_dags/example_trigger_controller_dag.py
[2025-06-01T18:29:08.455+0200] {logging_mixin.py:154} INFO - [2025-06-01T18:29:08.455+0200] {dag.py:2941} INFO - Sync 1 DAGs
[2025-06-01T18:29:08.466+0200] {logging_mixin.py:154} INFO - [2025-06-01T18:29:08.466+0200] {dag.py:3722} INFO - Setting next_dagrun for example_trigger_controller_dag to 2021-01-01T00:00:00+00:00, run_after=2021-01-01T00:00:00+00:00
[2025-06-01T18:29:08.481+0200] {processor.py:179} INFO - Processing /home/lohit/miniconda3/envs/airflow-env/lib/python3.8/site-packages/airflow/example_dags/example_trigger_controller_dag.py took 0.049 seconds
[2025-06-01T18:29:52.428+0200] {processor.py:157} INFO - Started process (PID=30451) to work on /home/lohit/miniconda3/envs/airflow-env/lib/python3.8/site-packages/airflow/example_dags/example_trigger_controller_dag.py
[2025-06-01T18:29:52.432+0200] {processor.py:829} INFO - Processing file /home/lohit/miniconda3/envs/airflow-env/lib/python3.8/site-packages/airflow/example_dags/example_trigger_controller_dag.py for tasks to queue
[2025-06-01T18:29:52.432+0200] {logging_mixin.py:154} INFO - [2025-06-01T18:29:52.432+0200] {dagbag.py:536} INFO - Filling up the DagBag from /home/lohit/miniconda3/envs/airflow-env/lib/python3.8/site-packages/airflow/example_dags/example_trigger_controller_dag.py
[2025-06-01T18:29:52.435+0200] {processor.py:839} INFO - DAG(s) dict_keys(['example_trigger_controller_dag']) retrieved from /home/lohit/miniconda3/envs/airflow-env/lib/python3.8/site-packages/airflow/example_dags/example_trigger_controller_dag.py
[2025-06-01T18:29:52.449+0200] {logging_mixin.py:154} INFO - [2025-06-01T18:29:52.449+0200] {dag.py:2941} INFO - Sync 1 DAGs
[2025-06-01T18:29:52.461+0200] {logging_mixin.py:154} INFO - [2025-06-01T18:29:52.461+0200] {dag.py:3722} INFO - Setting next_dagrun for example_trigger_controller_dag to 2021-01-01T00:00:00+00:00, run_after=2021-01-01T00:00:00+00:00
[2025-06-01T18:29:52.477+0200] {processor.py:179} INFO - Processing /home/lohit/miniconda3/envs/airflow-env/lib/python3.8/site-packages/airflow/example_dags/example_trigger_controller_dag.py took 0.052 seconds
[2025-06-01T18:30:35.709+0200] {processor.py:157} INFO - Started process (PID=30519) to work on /home/lohit/miniconda3/envs/airflow-env/lib/python3.8/site-packages/airflow/example_dags/example_trigger_controller_dag.py
[2025-06-01T18:30:35.710+0200] {processor.py:829} INFO - Processing file /home/lohit/miniconda3/envs/airflow-env/lib/python3.8/site-packages/airflow/example_dags/example_trigger_controller_dag.py for tasks to queue
[2025-06-01T18:30:35.711+0200] {logging_mixin.py:154} INFO - [2025-06-01T18:30:35.711+0200] {dagbag.py:536} INFO - Filling up the DagBag from /home/lohit/miniconda3/envs/airflow-env/lib/python3.8/site-packages/airflow/example_dags/example_trigger_controller_dag.py
[2025-06-01T18:30:35.714+0200] {processor.py:839} INFO - DAG(s) dict_keys(['example_trigger_controller_dag']) retrieved from /home/lohit/miniconda3/envs/airflow-env/lib/python3.8/site-packages/airflow/example_dags/example_trigger_controller_dag.py
[2025-06-01T18:30:35.726+0200] {logging_mixin.py:154} INFO - [2025-06-01T18:30:35.726+0200] {dag.py:2941} INFO - Sync 1 DAGs
[2025-06-01T18:30:35.738+0200] {logging_mixin.py:154} INFO - [2025-06-01T18:30:35.738+0200] {dag.py:3722} INFO - Setting next_dagrun for example_trigger_controller_dag to 2021-01-01T00:00:00+00:00, run_after=2021-01-01T00:00:00+00:00
[2025-06-01T18:30:35.755+0200] {processor.py:179} INFO - Processing /home/lohit/miniconda3/envs/airflow-env/lib/python3.8/site-packages/airflow/example_dags/example_trigger_controller_dag.py took 0.048 seconds
[2025-06-01T18:31:21.382+0200] {processor.py:157} INFO - Started process (PID=30589) to work on /home/lohit/miniconda3/envs/airflow-env/lib/python3.8/site-packages/airflow/example_dags/example_trigger_controller_dag.py
[2025-06-01T18:31:21.386+0200] {processor.py:829} INFO - Processing file /home/lohit/miniconda3/envs/airflow-env/lib/python3.8/site-packages/airflow/example_dags/example_trigger_controller_dag.py for tasks to queue
[2025-06-01T18:31:21.386+0200] {logging_mixin.py:154} INFO - [2025-06-01T18:31:21.386+0200] {dagbag.py:536} INFO - Filling up the DagBag from /home/lohit/miniconda3/envs/airflow-env/lib/python3.8/site-packages/airflow/example_dags/example_trigger_controller_dag.py
[2025-06-01T18:31:21.389+0200] {processor.py:839} INFO - DAG(s) dict_keys(['example_trigger_controller_dag']) retrieved from /home/lohit/miniconda3/envs/airflow-env/lib/python3.8/site-packages/airflow/example_dags/example_trigger_controller_dag.py
[2025-06-01T18:31:21.400+0200] {logging_mixin.py:154} INFO - [2025-06-01T18:31:21.400+0200] {dag.py:2941} INFO - Sync 1 DAGs
[2025-06-01T18:31:21.412+0200] {logging_mixin.py:154} INFO - [2025-06-01T18:31:21.412+0200] {dag.py:3722} INFO - Setting next_dagrun for example_trigger_controller_dag to 2021-01-01T00:00:00+00:00, run_after=2021-01-01T00:00:00+00:00
[2025-06-01T18:31:21.429+0200] {processor.py:179} INFO - Processing /home/lohit/miniconda3/envs/airflow-env/lib/python3.8/site-packages/airflow/example_dags/example_trigger_controller_dag.py took 0.049 seconds
[2025-06-01T18:32:06.036+0200] {processor.py:157} INFO - Started process (PID=30657) to work on /home/lohit/miniconda3/envs/airflow-env/lib/python3.8/site-packages/airflow/example_dags/example_trigger_controller_dag.py
[2025-06-01T18:32:06.040+0200] {processor.py:829} INFO - Processing file /home/lohit/miniconda3/envs/airflow-env/lib/python3.8/site-packages/airflow/example_dags/example_trigger_controller_dag.py for tasks to queue
[2025-06-01T18:32:06.040+0200] {logging_mixin.py:154} INFO - [2025-06-01T18:32:06.040+0200] {dagbag.py:536} INFO - Filling up the DagBag from /home/lohit/miniconda3/envs/airflow-env/lib/python3.8/site-packages/airflow/example_dags/example_trigger_controller_dag.py
[2025-06-01T18:32:06.043+0200] {processor.py:839} INFO - DAG(s) dict_keys(['example_trigger_controller_dag']) retrieved from /home/lohit/miniconda3/envs/airflow-env/lib/python3.8/site-packages/airflow/example_dags/example_trigger_controller_dag.py
[2025-06-01T18:32:06.054+0200] {logging_mixin.py:154} INFO - [2025-06-01T18:32:06.054+0200] {dag.py:2941} INFO - Sync 1 DAGs
[2025-06-01T18:32:06.065+0200] {logging_mixin.py:154} INFO - [2025-06-01T18:32:06.065+0200] {dag.py:3722} INFO - Setting next_dagrun for example_trigger_controller_dag to 2021-01-01T00:00:00+00:00, run_after=2021-01-01T00:00:00+00:00
[2025-06-01T18:32:06.082+0200] {processor.py:179} INFO - Processing /home/lohit/miniconda3/envs/airflow-env/lib/python3.8/site-packages/airflow/example_dags/example_trigger_controller_dag.py took 0.048 seconds
[2025-06-01T18:32:52.667+0200] {processor.py:157} INFO - Started process (PID=30727) to work on /home/lohit/miniconda3/envs/airflow-env/lib/python3.8/site-packages/airflow/example_dags/example_trigger_controller_dag.py
[2025-06-01T18:32:52.670+0200] {processor.py:829} INFO - Processing file /home/lohit/miniconda3/envs/airflow-env/lib/python3.8/site-packages/airflow/example_dags/example_trigger_controller_dag.py for tasks to queue
[2025-06-01T18:32:52.670+0200] {logging_mixin.py:154} INFO - [2025-06-01T18:32:52.670+0200] {dagbag.py:536} INFO - Filling up the DagBag from /home/lohit/miniconda3/envs/airflow-env/lib/python3.8/site-packages/airflow/example_dags/example_trigger_controller_dag.py
[2025-06-01T18:32:52.673+0200] {processor.py:839} INFO - DAG(s) dict_keys(['example_trigger_controller_dag']) retrieved from /home/lohit/miniconda3/envs/airflow-env/lib/python3.8/site-packages/airflow/example_dags/example_trigger_controller_dag.py
[2025-06-01T18:32:52.685+0200] {logging_mixin.py:154} INFO - [2025-06-01T18:32:52.685+0200] {dag.py:2941} INFO - Sync 1 DAGs
[2025-06-01T18:32:52.699+0200] {logging_mixin.py:154} INFO - [2025-06-01T18:32:52.699+0200] {dag.py:3722} INFO - Setting next_dagrun for example_trigger_controller_dag to 2021-01-01T00:00:00+00:00, run_after=2021-01-01T00:00:00+00:00
[2025-06-01T18:32:52.714+0200] {processor.py:179} INFO - Processing /home/lohit/miniconda3/envs/airflow-env/lib/python3.8/site-packages/airflow/example_dags/example_trigger_controller_dag.py took 0.050 seconds
[2025-06-01T18:33:37.150+0200] {processor.py:157} INFO - Started process (PID=30794) to work on /home/lohit/miniconda3/envs/airflow-env/lib/python3.8/site-packages/airflow/example_dags/example_trigger_controller_dag.py
[2025-06-01T18:33:37.153+0200] {processor.py:829} INFO - Processing file /home/lohit/miniconda3/envs/airflow-env/lib/python3.8/site-packages/airflow/example_dags/example_trigger_controller_dag.py for tasks to queue
[2025-06-01T18:33:37.153+0200] {logging_mixin.py:154} INFO - [2025-06-01T18:33:37.153+0200] {dagbag.py:536} INFO - Filling up the DagBag from /home/lohit/miniconda3/envs/airflow-env/lib/python3.8/site-packages/airflow/example_dags/example_trigger_controller_dag.py
[2025-06-01T18:33:37.156+0200] {processor.py:839} INFO - DAG(s) dict_keys(['example_trigger_controller_dag']) retrieved from /home/lohit/miniconda3/envs/airflow-env/lib/python3.8/site-packages/airflow/example_dags/example_trigger_controller_dag.py
[2025-06-01T18:33:37.169+0200] {logging_mixin.py:154} INFO - [2025-06-01T18:33:37.168+0200] {dag.py:2941} INFO - Sync 1 DAGs
[2025-06-01T18:33:37.180+0200] {logging_mixin.py:154} INFO - [2025-06-01T18:33:37.180+0200] {dag.py:3722} INFO - Setting next_dagrun for example_trigger_controller_dag to 2021-01-01T00:00:00+00:00, run_after=2021-01-01T00:00:00+00:00
[2025-06-01T18:33:37.197+0200] {processor.py:179} INFO - Processing /home/lohit/miniconda3/envs/airflow-env/lib/python3.8/site-packages/airflow/example_dags/example_trigger_controller_dag.py took 0.050 seconds
[2025-06-01T18:34:28.390+0200] {processor.py:157} INFO - Started process (PID=30957) to work on /home/lohit/miniconda3/envs/airflow-env/lib/python3.8/site-packages/airflow/example_dags/example_trigger_controller_dag.py
[2025-06-01T18:34:28.393+0200] {processor.py:829} INFO - Processing file /home/lohit/miniconda3/envs/airflow-env/lib/python3.8/site-packages/airflow/example_dags/example_trigger_controller_dag.py for tasks to queue
[2025-06-01T18:34:28.393+0200] {logging_mixin.py:154} INFO - [2025-06-01T18:34:28.393+0200] {dagbag.py:536} INFO - Filling up the DagBag from /home/lohit/miniconda3/envs/airflow-env/lib/python3.8/site-packages/airflow/example_dags/example_trigger_controller_dag.py
[2025-06-01T18:34:28.397+0200] {processor.py:839} INFO - DAG(s) dict_keys(['example_trigger_controller_dag']) retrieved from /home/lohit/miniconda3/envs/airflow-env/lib/python3.8/site-packages/airflow/example_dags/example_trigger_controller_dag.py
[2025-06-01T18:34:28.410+0200] {logging_mixin.py:154} INFO - [2025-06-01T18:34:28.410+0200] {dag.py:2941} INFO - Sync 1 DAGs
[2025-06-01T18:34:28.425+0200] {logging_mixin.py:154} INFO - [2025-06-01T18:34:28.425+0200] {dag.py:3722} INFO - Setting next_dagrun for example_trigger_controller_dag to 2021-01-01T00:00:00+00:00, run_after=2021-01-01T00:00:00+00:00
[2025-06-01T18:34:28.443+0200] {processor.py:179} INFO - Processing /home/lohit/miniconda3/envs/airflow-env/lib/python3.8/site-packages/airflow/example_dags/example_trigger_controller_dag.py took 0.055 seconds
[2025-06-01T18:35:12.647+0200] {processor.py:157} INFO - Started process (PID=31651) to work on /home/lohit/miniconda3/envs/airflow-env/lib/python3.8/site-packages/airflow/example_dags/example_trigger_controller_dag.py
[2025-06-01T18:35:12.650+0200] {processor.py:829} INFO - Processing file /home/lohit/miniconda3/envs/airflow-env/lib/python3.8/site-packages/airflow/example_dags/example_trigger_controller_dag.py for tasks to queue
[2025-06-01T18:35:12.651+0200] {logging_mixin.py:154} INFO - [2025-06-01T18:35:12.651+0200] {dagbag.py:536} INFO - Filling up the DagBag from /home/lohit/miniconda3/envs/airflow-env/lib/python3.8/site-packages/airflow/example_dags/example_trigger_controller_dag.py
[2025-06-01T18:35:12.654+0200] {processor.py:839} INFO - DAG(s) dict_keys(['example_trigger_controller_dag']) retrieved from /home/lohit/miniconda3/envs/airflow-env/lib/python3.8/site-packages/airflow/example_dags/example_trigger_controller_dag.py
[2025-06-01T18:35:12.665+0200] {logging_mixin.py:154} INFO - [2025-06-01T18:35:12.665+0200] {dag.py:2941} INFO - Sync 1 DAGs
[2025-06-01T18:35:12.677+0200] {logging_mixin.py:154} INFO - [2025-06-01T18:35:12.676+0200] {dag.py:3722} INFO - Setting next_dagrun for example_trigger_controller_dag to 2021-01-01T00:00:00+00:00, run_after=2021-01-01T00:00:00+00:00
[2025-06-01T18:35:12.694+0200] {processor.py:179} INFO - Processing /home/lohit/miniconda3/envs/airflow-env/lib/python3.8/site-packages/airflow/example_dags/example_trigger_controller_dag.py took 0.050 seconds
