[2025-06-01T17:51:58.161+0200] {processor.py:157} INFO - Started process (PID=26832) to work on /home/lohit/miniconda3/envs/airflow-env/lib/python3.8/site-packages/airflow/example_dags/example_short_circuit_decorator.py
[2025-06-01T17:51:58.162+0200] {processor.py:829} INFO - Processing file /home/lohit/miniconda3/envs/airflow-env/lib/python3.8/site-packages/airflow/example_dags/example_short_circuit_decorator.py for tasks to queue
[2025-06-01T17:51:58.162+0200] {logging_mixin.py:154} INFO - [2025-06-01T17:51:58.162+0200] {dagbag.py:536} INFO - Filling up the DagBag from /home/lohit/miniconda3/envs/airflow-env/lib/python3.8/site-packages/airflow/example_dags/example_short_circuit_decorator.py
[2025-06-01T17:51:58.168+0200] {processor.py:839} INFO - DAG(s) dict_keys(['example_short_circuit_decorator']) retrieved from /home/lohit/miniconda3/envs/airflow-env/lib/python3.8/site-packages/airflow/example_dags/example_short_circuit_decorator.py
[2025-06-01T17:51:58.181+0200] {logging_mixin.py:154} INFO - [2025-06-01T17:51:58.181+0200] {dag.py:2941} INFO - Sync 1 DAGs
[2025-06-01T17:51:58.192+0200] {logging_mixin.py:154} INFO - [2025-06-01T17:51:58.192+0200] {dag.py:3722} INFO - Setting next_dagrun for example_short_circuit_decorator to 2025-05-31T15:51:58.192107+00:00, run_after=2025-06-01T15:51:58.192107+00:00
[2025-06-01T17:51:58.209+0200] {processor.py:179} INFO - Processing /home/lohit/miniconda3/envs/airflow-env/lib/python3.8/site-packages/airflow/example_dags/example_short_circuit_decorator.py took 0.050 seconds
[2025-06-01T17:53:25.016+0200] {processor.py:157} INFO - Started process (PID=27121) to work on /home/lohit/miniconda3/envs/airflow-env/lib/python3.8/site-packages/airflow/example_dags/example_short_circuit_decorator.py
[2025-06-01T17:53:25.020+0200] {processor.py:829} INFO - Processing file /home/lohit/miniconda3/envs/airflow-env/lib/python3.8/site-packages/airflow/example_dags/example_short_circuit_decorator.py for tasks to queue
[2025-06-01T17:53:25.020+0200] {logging_mixin.py:154} INFO - [2025-06-01T17:53:25.020+0200] {dagbag.py:536} INFO - Filling up the DagBag from /home/lohit/miniconda3/envs/airflow-env/lib/python3.8/site-packages/airflow/example_dags/example_short_circuit_decorator.py
[2025-06-01T17:53:25.026+0200] {processor.py:839} INFO - DAG(s) dict_keys(['example_short_circuit_decorator']) retrieved from /home/lohit/miniconda3/envs/airflow-env/lib/python3.8/site-packages/airflow/example_dags/example_short_circuit_decorator.py
[2025-06-01T17:53:25.036+0200] {logging_mixin.py:154} INFO - [2025-06-01T17:53:25.036+0200] {dag.py:2941} INFO - Sync 1 DAGs
[2025-06-01T17:53:25.046+0200] {logging_mixin.py:154} INFO - [2025-06-01T17:53:25.046+0200] {dag.py:3722} INFO - Setting next_dagrun for example_short_circuit_decorator to 2025-05-31T15:53:25.046072+00:00, run_after=2025-06-01T15:53:25.046072+00:00
[2025-06-01T17:53:25.062+0200] {processor.py:179} INFO - Processing /home/lohit/miniconda3/envs/airflow-env/lib/python3.8/site-packages/airflow/example_dags/example_short_circuit_decorator.py took 0.047 seconds
[2025-06-01T17:54:10.228+0200] {processor.py:157} INFO - Started process (PID=27189) to work on /home/lohit/miniconda3/envs/airflow-env/lib/python3.8/site-packages/airflow/example_dags/example_short_circuit_decorator.py
[2025-06-01T17:54:10.232+0200] {processor.py:829} INFO - Processing file /home/lohit/miniconda3/envs/airflow-env/lib/python3.8/site-packages/airflow/example_dags/example_short_circuit_decorator.py for tasks to queue
[2025-06-01T17:54:10.232+0200] {logging_mixin.py:154} INFO - [2025-06-01T17:54:10.232+0200] {dagbag.py:536} INFO - Filling up the DagBag from /home/lohit/miniconda3/envs/airflow-env/lib/python3.8/site-packages/airflow/example_dags/example_short_circuit_decorator.py
[2025-06-01T17:54:10.238+0200] {processor.py:839} INFO - DAG(s) dict_keys(['example_short_circuit_decorator']) retrieved from /home/lohit/miniconda3/envs/airflow-env/lib/python3.8/site-packages/airflow/example_dags/example_short_circuit_decorator.py
[2025-06-01T17:54:10.247+0200] {logging_mixin.py:154} INFO - [2025-06-01T17:54:10.247+0200] {dag.py:2941} INFO - Sync 1 DAGs
[2025-06-01T17:54:10.260+0200] {logging_mixin.py:154} INFO - [2025-06-01T17:54:10.260+0200] {dag.py:3722} INFO - Setting next_dagrun for example_short_circuit_decorator to 2025-05-31T15:54:10.260420+00:00, run_after=2025-06-01T15:54:10.260420+00:00
[2025-06-01T17:54:10.276+0200] {processor.py:179} INFO - Processing /home/lohit/miniconda3/envs/airflow-env/lib/python3.8/site-packages/airflow/example_dags/example_short_circuit_decorator.py took 0.049 seconds
[2025-06-01T17:54:53.644+0200] {processor.py:157} INFO - Started process (PID=27255) to work on /home/lohit/miniconda3/envs/airflow-env/lib/python3.8/site-packages/airflow/example_dags/example_short_circuit_decorator.py
[2025-06-01T17:54:53.645+0200] {processor.py:829} INFO - Processing file /home/lohit/miniconda3/envs/airflow-env/lib/python3.8/site-packages/airflow/example_dags/example_short_circuit_decorator.py for tasks to queue
[2025-06-01T17:54:53.646+0200] {logging_mixin.py:154} INFO - [2025-06-01T17:54:53.646+0200] {dagbag.py:536} INFO - Filling up the DagBag from /home/lohit/miniconda3/envs/airflow-env/lib/python3.8/site-packages/airflow/example_dags/example_short_circuit_decorator.py
[2025-06-01T17:54:53.652+0200] {processor.py:839} INFO - DAG(s) dict_keys(['example_short_circuit_decorator']) retrieved from /home/lohit/miniconda3/envs/airflow-env/lib/python3.8/site-packages/airflow/example_dags/example_short_circuit_decorator.py
[2025-06-01T17:54:53.666+0200] {logging_mixin.py:154} INFO - [2025-06-01T17:54:53.666+0200] {dag.py:2941} INFO - Sync 1 DAGs
[2025-06-01T17:54:53.678+0200] {logging_mixin.py:154} INFO - [2025-06-01T17:54:53.678+0200] {dag.py:3722} INFO - Setting next_dagrun for example_short_circuit_decorator to 2025-05-31T15:54:53.677882+00:00, run_after=2025-06-01T15:54:53.677882+00:00
[2025-06-01T17:54:53.696+0200] {processor.py:179} INFO - Processing /home/lohit/miniconda3/envs/airflow-env/lib/python3.8/site-packages/airflow/example_dags/example_short_circuit_decorator.py took 0.054 seconds
[2025-06-01T17:55:42.693+0200] {processor.py:157} INFO - Started process (PID=27325) to work on /home/lohit/miniconda3/envs/airflow-env/lib/python3.8/site-packages/airflow/example_dags/example_short_circuit_decorator.py
[2025-06-01T17:55:42.696+0200] {processor.py:829} INFO - Processing file /home/lohit/miniconda3/envs/airflow-env/lib/python3.8/site-packages/airflow/example_dags/example_short_circuit_decorator.py for tasks to queue
[2025-06-01T17:55:42.697+0200] {logging_mixin.py:154} INFO - [2025-06-01T17:55:42.696+0200] {dagbag.py:536} INFO - Filling up the DagBag from /home/lohit/miniconda3/envs/airflow-env/lib/python3.8/site-packages/airflow/example_dags/example_short_circuit_decorator.py
[2025-06-01T17:55:42.702+0200] {processor.py:839} INFO - DAG(s) dict_keys(['example_short_circuit_decorator']) retrieved from /home/lohit/miniconda3/envs/airflow-env/lib/python3.8/site-packages/airflow/example_dags/example_short_circuit_decorator.py
[2025-06-01T17:55:42.712+0200] {logging_mixin.py:154} INFO - [2025-06-01T17:55:42.712+0200] {dag.py:2941} INFO - Sync 1 DAGs
[2025-06-01T17:55:42.722+0200] {logging_mixin.py:154} INFO - [2025-06-01T17:55:42.722+0200] {dag.py:3722} INFO - Setting next_dagrun for example_short_circuit_decorator to 2025-05-31T15:55:42.722295+00:00, run_after=2025-06-01T15:55:42.722295+00:00
[2025-06-01T17:55:42.739+0200] {processor.py:179} INFO - Processing /home/lohit/miniconda3/envs/airflow-env/lib/python3.8/site-packages/airflow/example_dags/example_short_circuit_decorator.py took 0.047 seconds
[2025-06-01T17:56:26.619+0200] {processor.py:157} INFO - Started process (PID=27395) to work on /home/lohit/miniconda3/envs/airflow-env/lib/python3.8/site-packages/airflow/example_dags/example_short_circuit_decorator.py
[2025-06-01T17:56:26.622+0200] {processor.py:829} INFO - Processing file /home/lohit/miniconda3/envs/airflow-env/lib/python3.8/site-packages/airflow/example_dags/example_short_circuit_decorator.py for tasks to queue
[2025-06-01T17:56:26.623+0200] {logging_mixin.py:154} INFO - [2025-06-01T17:56:26.623+0200] {dagbag.py:536} INFO - Filling up the DagBag from /home/lohit/miniconda3/envs/airflow-env/lib/python3.8/site-packages/airflow/example_dags/example_short_circuit_decorator.py
[2025-06-01T17:56:26.628+0200] {processor.py:839} INFO - DAG(s) dict_keys(['example_short_circuit_decorator']) retrieved from /home/lohit/miniconda3/envs/airflow-env/lib/python3.8/site-packages/airflow/example_dags/example_short_circuit_decorator.py
[2025-06-01T17:56:26.638+0200] {logging_mixin.py:154} INFO - [2025-06-01T17:56:26.638+0200] {dag.py:2941} INFO - Sync 1 DAGs
[2025-06-01T17:56:26.649+0200] {logging_mixin.py:154} INFO - [2025-06-01T17:56:26.648+0200] {dag.py:3722} INFO - Setting next_dagrun for example_short_circuit_decorator to 2025-05-31T15:56:26.648827+00:00, run_after=2025-06-01T15:56:26.648827+00:00
[2025-06-01T17:56:26.664+0200] {processor.py:179} INFO - Processing /home/lohit/miniconda3/envs/airflow-env/lib/python3.8/site-packages/airflow/example_dags/example_short_circuit_decorator.py took 0.047 seconds
[2025-06-01T17:57:03.728+0200] {processor.py:157} INFO - Started process (PID=27432) to work on /home/lohit/miniconda3/envs/airflow-env/lib/python3.8/site-packages/airflow/example_dags/example_short_circuit_decorator.py
[2025-06-01T17:57:03.730+0200] {processor.py:829} INFO - Processing file /home/lohit/miniconda3/envs/airflow-env/lib/python3.8/site-packages/airflow/example_dags/example_short_circuit_decorator.py for tasks to queue
[2025-06-01T17:57:03.731+0200] {logging_mixin.py:154} INFO - [2025-06-01T17:57:03.731+0200] {dagbag.py:536} INFO - Filling up the DagBag from /home/lohit/miniconda3/envs/airflow-env/lib/python3.8/site-packages/airflow/example_dags/example_short_circuit_decorator.py
[2025-06-01T17:57:03.738+0200] {processor.py:839} INFO - DAG(s) dict_keys(['example_short_circuit_decorator']) retrieved from /home/lohit/miniconda3/envs/airflow-env/lib/python3.8/site-packages/airflow/example_dags/example_short_circuit_decorator.py
[2025-06-01T17:57:03.748+0200] {logging_mixin.py:154} INFO - [2025-06-01T17:57:03.747+0200] {dag.py:2941} INFO - Sync 1 DAGs
[2025-06-01T17:57:03.758+0200] {logging_mixin.py:154} INFO - [2025-06-01T17:57:03.758+0200] {dag.py:3722} INFO - Setting next_dagrun for example_short_circuit_decorator to 2025-05-31T15:57:03.758271+00:00, run_after=2025-06-01T15:57:03.758271+00:00
[2025-06-01T17:57:03.772+0200] {processor.py:179} INFO - Processing /home/lohit/miniconda3/envs/airflow-env/lib/python3.8/site-packages/airflow/example_dags/example_short_circuit_decorator.py took 0.046 seconds
[2025-06-01T17:57:48.058+0200] {processor.py:157} INFO - Started process (PID=27500) to work on /home/lohit/miniconda3/envs/airflow-env/lib/python3.8/site-packages/airflow/example_dags/example_short_circuit_decorator.py
[2025-06-01T17:57:48.061+0200] {processor.py:829} INFO - Processing file /home/lohit/miniconda3/envs/airflow-env/lib/python3.8/site-packages/airflow/example_dags/example_short_circuit_decorator.py for tasks to queue
[2025-06-01T17:57:48.062+0200] {logging_mixin.py:154} INFO - [2025-06-01T17:57:48.062+0200] {dagbag.py:536} INFO - Filling up the DagBag from /home/lohit/miniconda3/envs/airflow-env/lib/python3.8/site-packages/airflow/example_dags/example_short_circuit_decorator.py
[2025-06-01T17:57:48.068+0200] {processor.py:839} INFO - DAG(s) dict_keys(['example_short_circuit_decorator']) retrieved from /home/lohit/miniconda3/envs/airflow-env/lib/python3.8/site-packages/airflow/example_dags/example_short_circuit_decorator.py
[2025-06-01T17:57:48.078+0200] {logging_mixin.py:154} INFO - [2025-06-01T17:57:48.078+0200] {dag.py:2941} INFO - Sync 1 DAGs
[2025-06-01T17:57:48.089+0200] {logging_mixin.py:154} INFO - [2025-06-01T17:57:48.089+0200] {dag.py:3722} INFO - Setting next_dagrun for example_short_circuit_decorator to 2025-05-31T15:57:48.088931+00:00, run_after=2025-06-01T15:57:48.088931+00:00
[2025-06-01T17:57:48.105+0200] {processor.py:179} INFO - Processing /home/lohit/miniconda3/envs/airflow-env/lib/python3.8/site-packages/airflow/example_dags/example_short_circuit_decorator.py took 0.049 seconds
[2025-06-01T17:58:35.316+0200] {processor.py:157} INFO - Started process (PID=27570) to work on /home/lohit/miniconda3/envs/airflow-env/lib/python3.8/site-packages/airflow/example_dags/example_short_circuit_decorator.py
[2025-06-01T17:58:35.320+0200] {processor.py:829} INFO - Processing file /home/lohit/miniconda3/envs/airflow-env/lib/python3.8/site-packages/airflow/example_dags/example_short_circuit_decorator.py for tasks to queue
[2025-06-01T17:58:35.320+0200] {logging_mixin.py:154} INFO - [2025-06-01T17:58:35.320+0200] {dagbag.py:536} INFO - Filling up the DagBag from /home/lohit/miniconda3/envs/airflow-env/lib/python3.8/site-packages/airflow/example_dags/example_short_circuit_decorator.py
[2025-06-01T17:58:35.326+0200] {processor.py:839} INFO - DAG(s) dict_keys(['example_short_circuit_decorator']) retrieved from /home/lohit/miniconda3/envs/airflow-env/lib/python3.8/site-packages/airflow/example_dags/example_short_circuit_decorator.py
[2025-06-01T17:58:35.336+0200] {logging_mixin.py:154} INFO - [2025-06-01T17:58:35.336+0200] {dag.py:2941} INFO - Sync 1 DAGs
[2025-06-01T17:58:35.348+0200] {logging_mixin.py:154} INFO - [2025-06-01T17:58:35.347+0200] {dag.py:3722} INFO - Setting next_dagrun for example_short_circuit_decorator to 2025-05-31T15:58:35.347686+00:00, run_after=2025-06-01T15:58:35.347686+00:00
[2025-06-01T17:58:35.362+0200] {processor.py:179} INFO - Processing /home/lohit/miniconda3/envs/airflow-env/lib/python3.8/site-packages/airflow/example_dags/example_short_circuit_decorator.py took 0.047 seconds
[2025-06-01T17:59:19.464+0200] {processor.py:157} INFO - Started process (PID=27638) to work on /home/lohit/miniconda3/envs/airflow-env/lib/python3.8/site-packages/airflow/example_dags/example_short_circuit_decorator.py
[2025-06-01T17:59:19.467+0200] {processor.py:829} INFO - Processing file /home/lohit/miniconda3/envs/airflow-env/lib/python3.8/site-packages/airflow/example_dags/example_short_circuit_decorator.py for tasks to queue
[2025-06-01T17:59:19.467+0200] {logging_mixin.py:154} INFO - [2025-06-01T17:59:19.467+0200] {dagbag.py:536} INFO - Filling up the DagBag from /home/lohit/miniconda3/envs/airflow-env/lib/python3.8/site-packages/airflow/example_dags/example_short_circuit_decorator.py
[2025-06-01T17:59:19.473+0200] {processor.py:839} INFO - DAG(s) dict_keys(['example_short_circuit_decorator']) retrieved from /home/lohit/miniconda3/envs/airflow-env/lib/python3.8/site-packages/airflow/example_dags/example_short_circuit_decorator.py
[2025-06-01T17:59:19.482+0200] {logging_mixin.py:154} INFO - [2025-06-01T17:59:19.482+0200] {dag.py:2941} INFO - Sync 1 DAGs
[2025-06-01T17:59:19.493+0200] {logging_mixin.py:154} INFO - [2025-06-01T17:59:19.493+0200] {dag.py:3722} INFO - Setting next_dagrun for example_short_circuit_decorator to 2025-05-31T15:59:19.493319+00:00, run_after=2025-06-01T15:59:19.493319+00:00
[2025-06-01T17:59:19.508+0200] {processor.py:179} INFO - Processing /home/lohit/miniconda3/envs/airflow-env/lib/python3.8/site-packages/airflow/example_dags/example_short_circuit_decorator.py took 0.046 seconds
[2025-06-01T18:00:04.589+0200] {processor.py:157} INFO - Started process (PID=27706) to work on /home/lohit/miniconda3/envs/airflow-env/lib/python3.8/site-packages/airflow/example_dags/example_short_circuit_decorator.py
[2025-06-01T18:00:04.593+0200] {processor.py:829} INFO - Processing file /home/lohit/miniconda3/envs/airflow-env/lib/python3.8/site-packages/airflow/example_dags/example_short_circuit_decorator.py for tasks to queue
[2025-06-01T18:00:04.593+0200] {logging_mixin.py:154} INFO - [2025-06-01T18:00:04.593+0200] {dagbag.py:536} INFO - Filling up the DagBag from /home/lohit/miniconda3/envs/airflow-env/lib/python3.8/site-packages/airflow/example_dags/example_short_circuit_decorator.py
[2025-06-01T18:00:04.599+0200] {processor.py:839} INFO - DAG(s) dict_keys(['example_short_circuit_decorator']) retrieved from /home/lohit/miniconda3/envs/airflow-env/lib/python3.8/site-packages/airflow/example_dags/example_short_circuit_decorator.py
[2025-06-01T18:00:04.609+0200] {logging_mixin.py:154} INFO - [2025-06-01T18:00:04.608+0200] {dag.py:2941} INFO - Sync 1 DAGs
[2025-06-01T18:00:04.621+0200] {logging_mixin.py:154} INFO - [2025-06-01T18:00:04.621+0200] {dag.py:3722} INFO - Setting next_dagrun for example_short_circuit_decorator to 2025-05-31T16:00:04.621046+00:00, run_after=2025-06-01T16:00:04.621046+00:00
[2025-06-01T18:00:04.638+0200] {processor.py:179} INFO - Processing /home/lohit/miniconda3/envs/airflow-env/lib/python3.8/site-packages/airflow/example_dags/example_short_circuit_decorator.py took 0.051 seconds
[2025-06-01T18:00:38.205+0200] {processor.py:157} INFO - Started process (PID=27762) to work on /home/lohit/miniconda3/envs/airflow-env/lib/python3.8/site-packages/airflow/example_dags/example_short_circuit_decorator.py
[2025-06-01T18:00:38.209+0200] {processor.py:829} INFO - Processing file /home/lohit/miniconda3/envs/airflow-env/lib/python3.8/site-packages/airflow/example_dags/example_short_circuit_decorator.py for tasks to queue
[2025-06-01T18:00:38.210+0200] {logging_mixin.py:154} INFO - [2025-06-01T18:00:38.210+0200] {dagbag.py:536} INFO - Filling up the DagBag from /home/lohit/miniconda3/envs/airflow-env/lib/python3.8/site-packages/airflow/example_dags/example_short_circuit_decorator.py
[2025-06-01T18:00:38.216+0200] {processor.py:839} INFO - DAG(s) dict_keys(['example_short_circuit_decorator']) retrieved from /home/lohit/miniconda3/envs/airflow-env/lib/python3.8/site-packages/airflow/example_dags/example_short_circuit_decorator.py
[2025-06-01T18:00:38.226+0200] {logging_mixin.py:154} INFO - [2025-06-01T18:00:38.225+0200] {dag.py:2941} INFO - Sync 1 DAGs
[2025-06-01T18:00:38.239+0200] {logging_mixin.py:154} INFO - [2025-06-01T18:00:38.239+0200] {dag.py:3722} INFO - Setting next_dagrun for example_short_circuit_decorator to 2025-05-31T16:00:38.239129+00:00, run_after=2025-06-01T16:00:38.239129+00:00
[2025-06-01T18:00:38.256+0200] {processor.py:179} INFO - Processing /home/lohit/miniconda3/envs/airflow-env/lib/python3.8/site-packages/airflow/example_dags/example_short_circuit_decorator.py took 0.052 seconds
[2025-06-01T18:01:23.937+0200] {processor.py:157} INFO - Started process (PID=27862) to work on /home/lohit/miniconda3/envs/airflow-env/lib/python3.8/site-packages/airflow/example_dags/example_short_circuit_decorator.py
[2025-06-01T18:01:23.940+0200] {processor.py:829} INFO - Processing file /home/lohit/miniconda3/envs/airflow-env/lib/python3.8/site-packages/airflow/example_dags/example_short_circuit_decorator.py for tasks to queue
[2025-06-01T18:01:23.941+0200] {logging_mixin.py:154} INFO - [2025-06-01T18:01:23.941+0200] {dagbag.py:536} INFO - Filling up the DagBag from /home/lohit/miniconda3/envs/airflow-env/lib/python3.8/site-packages/airflow/example_dags/example_short_circuit_decorator.py
[2025-06-01T18:01:23.947+0200] {processor.py:839} INFO - DAG(s) dict_keys(['example_short_circuit_decorator']) retrieved from /home/lohit/miniconda3/envs/airflow-env/lib/python3.8/site-packages/airflow/example_dags/example_short_circuit_decorator.py
[2025-06-01T18:01:23.956+0200] {logging_mixin.py:154} INFO - [2025-06-01T18:01:23.956+0200] {dag.py:2941} INFO - Sync 1 DAGs
[2025-06-01T18:01:23.966+0200] {logging_mixin.py:154} INFO - [2025-06-01T18:01:23.966+0200] {dag.py:3722} INFO - Setting next_dagrun for example_short_circuit_decorator to 2025-05-31T16:01:23.966607+00:00, run_after=2025-06-01T16:01:23.966607+00:00
[2025-06-01T18:01:23.981+0200] {processor.py:179} INFO - Processing /home/lohit/miniconda3/envs/airflow-env/lib/python3.8/site-packages/airflow/example_dags/example_short_circuit_decorator.py took 0.046 seconds
[2025-06-01T18:01:57.972+0200] {processor.py:157} INFO - Started process (PID=27920) to work on /home/lohit/miniconda3/envs/airflow-env/lib/python3.8/site-packages/airflow/example_dags/example_short_circuit_decorator.py
[2025-06-01T18:01:57.975+0200] {processor.py:829} INFO - Processing file /home/lohit/miniconda3/envs/airflow-env/lib/python3.8/site-packages/airflow/example_dags/example_short_circuit_decorator.py for tasks to queue
[2025-06-01T18:01:57.976+0200] {logging_mixin.py:154} INFO - [2025-06-01T18:01:57.976+0200] {dagbag.py:536} INFO - Filling up the DagBag from /home/lohit/miniconda3/envs/airflow-env/lib/python3.8/site-packages/airflow/example_dags/example_short_circuit_decorator.py
[2025-06-01T18:01:57.981+0200] {processor.py:839} INFO - DAG(s) dict_keys(['example_short_circuit_decorator']) retrieved from /home/lohit/miniconda3/envs/airflow-env/lib/python3.8/site-packages/airflow/example_dags/example_short_circuit_decorator.py
[2025-06-01T18:01:57.991+0200] {logging_mixin.py:154} INFO - [2025-06-01T18:01:57.991+0200] {dag.py:2941} INFO - Sync 1 DAGs
[2025-06-01T18:01:58.001+0200] {logging_mixin.py:154} INFO - [2025-06-01T18:01:58.001+0200] {dag.py:3722} INFO - Setting next_dagrun for example_short_circuit_decorator to 2025-05-31T16:01:58.001458+00:00, run_after=2025-06-01T16:01:58.001458+00:00
[2025-06-01T18:01:58.018+0200] {processor.py:179} INFO - Processing /home/lohit/miniconda3/envs/airflow-env/lib/python3.8/site-packages/airflow/example_dags/example_short_circuit_decorator.py took 0.048 seconds
[2025-06-01T18:02:40.619+0200] {processor.py:157} INFO - Started process (PID=27988) to work on /home/lohit/miniconda3/envs/airflow-env/lib/python3.8/site-packages/airflow/example_dags/example_short_circuit_decorator.py
[2025-06-01T18:02:40.623+0200] {processor.py:829} INFO - Processing file /home/lohit/miniconda3/envs/airflow-env/lib/python3.8/site-packages/airflow/example_dags/example_short_circuit_decorator.py for tasks to queue
[2025-06-01T18:02:40.623+0200] {logging_mixin.py:154} INFO - [2025-06-01T18:02:40.623+0200] {dagbag.py:536} INFO - Filling up the DagBag from /home/lohit/miniconda3/envs/airflow-env/lib/python3.8/site-packages/airflow/example_dags/example_short_circuit_decorator.py
[2025-06-01T18:02:40.630+0200] {processor.py:839} INFO - DAG(s) dict_keys(['example_short_circuit_decorator']) retrieved from /home/lohit/miniconda3/envs/airflow-env/lib/python3.8/site-packages/airflow/example_dags/example_short_circuit_decorator.py
[2025-06-01T18:02:40.642+0200] {logging_mixin.py:154} INFO - [2025-06-01T18:02:40.642+0200] {dag.py:2941} INFO - Sync 1 DAGs
[2025-06-01T18:02:40.653+0200] {logging_mixin.py:154} INFO - [2025-06-01T18:02:40.652+0200] {dag.py:3722} INFO - Setting next_dagrun for example_short_circuit_decorator to 2025-05-31T16:02:40.652795+00:00, run_after=2025-06-01T16:02:40.652795+00:00
[2025-06-01T18:02:40.671+0200] {processor.py:179} INFO - Processing /home/lohit/miniconda3/envs/airflow-env/lib/python3.8/site-packages/airflow/example_dags/example_short_circuit_decorator.py took 0.054 seconds
[2025-06-01T18:03:27.154+0200] {processor.py:157} INFO - Started process (PID=28065) to work on /home/lohit/miniconda3/envs/airflow-env/lib/python3.8/site-packages/airflow/example_dags/example_short_circuit_decorator.py
[2025-06-01T18:03:27.155+0200] {processor.py:829} INFO - Processing file /home/lohit/miniconda3/envs/airflow-env/lib/python3.8/site-packages/airflow/example_dags/example_short_circuit_decorator.py for tasks to queue
[2025-06-01T18:03:27.156+0200] {logging_mixin.py:154} INFO - [2025-06-01T18:03:27.156+0200] {dagbag.py:536} INFO - Filling up the DagBag from /home/lohit/miniconda3/envs/airflow-env/lib/python3.8/site-packages/airflow/example_dags/example_short_circuit_decorator.py
[2025-06-01T18:03:27.162+0200] {processor.py:839} INFO - DAG(s) dict_keys(['example_short_circuit_decorator']) retrieved from /home/lohit/miniconda3/envs/airflow-env/lib/python3.8/site-packages/airflow/example_dags/example_short_circuit_decorator.py
[2025-06-01T18:03:27.174+0200] {logging_mixin.py:154} INFO - [2025-06-01T18:03:27.174+0200] {dag.py:2941} INFO - Sync 1 DAGs
[2025-06-01T18:03:27.186+0200] {logging_mixin.py:154} INFO - [2025-06-01T18:03:27.186+0200] {dag.py:3722} INFO - Setting next_dagrun for example_short_circuit_decorator to 2025-05-31T16:03:27.186083+00:00, run_after=2025-06-01T16:03:27.186083+00:00
[2025-06-01T18:03:27.200+0200] {processor.py:179} INFO - Processing /home/lohit/miniconda3/envs/airflow-env/lib/python3.8/site-packages/airflow/example_dags/example_short_circuit_decorator.py took 0.048 seconds
[2025-06-01T18:04:13.674+0200] {processor.py:157} INFO - Started process (PID=28135) to work on /home/lohit/miniconda3/envs/airflow-env/lib/python3.8/site-packages/airflow/example_dags/example_short_circuit_decorator.py
[2025-06-01T18:04:13.675+0200] {processor.py:829} INFO - Processing file /home/lohit/miniconda3/envs/airflow-env/lib/python3.8/site-packages/airflow/example_dags/example_short_circuit_decorator.py for tasks to queue
[2025-06-01T18:04:13.676+0200] {logging_mixin.py:154} INFO - [2025-06-01T18:04:13.676+0200] {dagbag.py:536} INFO - Filling up the DagBag from /home/lohit/miniconda3/envs/airflow-env/lib/python3.8/site-packages/airflow/example_dags/example_short_circuit_decorator.py
[2025-06-01T18:04:13.684+0200] {processor.py:839} INFO - DAG(s) dict_keys(['example_short_circuit_decorator']) retrieved from /home/lohit/miniconda3/envs/airflow-env/lib/python3.8/site-packages/airflow/example_dags/example_short_circuit_decorator.py
[2025-06-01T18:04:13.696+0200] {logging_mixin.py:154} INFO - [2025-06-01T18:04:13.696+0200] {dag.py:2941} INFO - Sync 1 DAGs
[2025-06-01T18:04:13.708+0200] {logging_mixin.py:154} INFO - [2025-06-01T18:04:13.707+0200] {dag.py:3722} INFO - Setting next_dagrun for example_short_circuit_decorator to 2025-05-31T16:04:13.707797+00:00, run_after=2025-06-01T16:04:13.707797+00:00
[2025-06-01T18:04:13.727+0200] {processor.py:179} INFO - Processing /home/lohit/miniconda3/envs/airflow-env/lib/python3.8/site-packages/airflow/example_dags/example_short_circuit_decorator.py took 0.055 seconds
[2025-06-01T18:05:00.119+0200] {processor.py:157} INFO - Started process (PID=28214) to work on /home/lohit/miniconda3/envs/airflow-env/lib/python3.8/site-packages/airflow/example_dags/example_short_circuit_decorator.py
[2025-06-01T18:05:00.123+0200] {processor.py:829} INFO - Processing file /home/lohit/miniconda3/envs/airflow-env/lib/python3.8/site-packages/airflow/example_dags/example_short_circuit_decorator.py for tasks to queue
[2025-06-01T18:05:00.124+0200] {logging_mixin.py:154} INFO - [2025-06-01T18:05:00.124+0200] {dagbag.py:536} INFO - Filling up the DagBag from /home/lohit/miniconda3/envs/airflow-env/lib/python3.8/site-packages/airflow/example_dags/example_short_circuit_decorator.py
[2025-06-01T18:05:00.130+0200] {processor.py:839} INFO - DAG(s) dict_keys(['example_short_circuit_decorator']) retrieved from /home/lohit/miniconda3/envs/airflow-env/lib/python3.8/site-packages/airflow/example_dags/example_short_circuit_decorator.py
[2025-06-01T18:05:00.141+0200] {logging_mixin.py:154} INFO - [2025-06-01T18:05:00.140+0200] {dag.py:2941} INFO - Sync 1 DAGs
[2025-06-01T18:05:00.153+0200] {logging_mixin.py:154} INFO - [2025-06-01T18:05:00.153+0200] {dag.py:3722} INFO - Setting next_dagrun for example_short_circuit_decorator to 2025-05-31T16:05:00.152969+00:00, run_after=2025-06-01T16:05:00.152969+00:00
[2025-06-01T18:05:00.170+0200] {processor.py:179} INFO - Processing /home/lohit/miniconda3/envs/airflow-env/lib/python3.8/site-packages/airflow/example_dags/example_short_circuit_decorator.py took 0.052 seconds
[2025-06-01T18:05:37.612+0200] {processor.py:157} INFO - Started process (PID=28256) to work on /home/lohit/miniconda3/envs/airflow-env/lib/python3.8/site-packages/airflow/example_dags/example_short_circuit_decorator.py
[2025-06-01T18:05:37.613+0200] {processor.py:829} INFO - Processing file /home/lohit/miniconda3/envs/airflow-env/lib/python3.8/site-packages/airflow/example_dags/example_short_circuit_decorator.py for tasks to queue
[2025-06-01T18:05:37.614+0200] {logging_mixin.py:154} INFO - [2025-06-01T18:05:37.614+0200] {dagbag.py:536} INFO - Filling up the DagBag from /home/lohit/miniconda3/envs/airflow-env/lib/python3.8/site-packages/airflow/example_dags/example_short_circuit_decorator.py
[2025-06-01T18:05:37.619+0200] {processor.py:839} INFO - DAG(s) dict_keys(['example_short_circuit_decorator']) retrieved from /home/lohit/miniconda3/envs/airflow-env/lib/python3.8/site-packages/airflow/example_dags/example_short_circuit_decorator.py
[2025-06-01T18:05:37.632+0200] {logging_mixin.py:154} INFO - [2025-06-01T18:05:37.632+0200] {dag.py:2941} INFO - Sync 1 DAGs
[2025-06-01T18:05:37.642+0200] {logging_mixin.py:154} INFO - [2025-06-01T18:05:37.642+0200] {dag.py:3722} INFO - Setting next_dagrun for example_short_circuit_decorator to 2025-05-31T16:05:37.642392+00:00, run_after=2025-06-01T16:05:37.642392+00:00
[2025-06-01T18:05:37.657+0200] {processor.py:179} INFO - Processing /home/lohit/miniconda3/envs/airflow-env/lib/python3.8/site-packages/airflow/example_dags/example_short_circuit_decorator.py took 0.046 seconds
[2025-06-01T18:06:24.908+0200] {processor.py:157} INFO - Started process (PID=28331) to work on /home/lohit/miniconda3/envs/airflow-env/lib/python3.8/site-packages/airflow/example_dags/example_short_circuit_decorator.py
[2025-06-01T18:06:24.911+0200] {processor.py:829} INFO - Processing file /home/lohit/miniconda3/envs/airflow-env/lib/python3.8/site-packages/airflow/example_dags/example_short_circuit_decorator.py for tasks to queue
[2025-06-01T18:06:24.912+0200] {logging_mixin.py:154} INFO - [2025-06-01T18:06:24.911+0200] {dagbag.py:536} INFO - Filling up the DagBag from /home/lohit/miniconda3/envs/airflow-env/lib/python3.8/site-packages/airflow/example_dags/example_short_circuit_decorator.py
[2025-06-01T18:06:24.917+0200] {processor.py:839} INFO - DAG(s) dict_keys(['example_short_circuit_decorator']) retrieved from /home/lohit/miniconda3/envs/airflow-env/lib/python3.8/site-packages/airflow/example_dags/example_short_circuit_decorator.py
[2025-06-01T18:06:24.929+0200] {logging_mixin.py:154} INFO - [2025-06-01T18:06:24.928+0200] {dag.py:2941} INFO - Sync 1 DAGs
[2025-06-01T18:06:24.939+0200] {logging_mixin.py:154} INFO - [2025-06-01T18:06:24.939+0200] {dag.py:3722} INFO - Setting next_dagrun for example_short_circuit_decorator to 2025-05-31T16:06:24.939251+00:00, run_after=2025-06-01T16:06:24.939251+00:00
[2025-06-01T18:06:24.956+0200] {processor.py:179} INFO - Processing /home/lohit/miniconda3/envs/airflow-env/lib/python3.8/site-packages/airflow/example_dags/example_short_circuit_decorator.py took 0.050 seconds
[2025-06-01T18:07:08.783+0200] {processor.py:157} INFO - Started process (PID=28397) to work on /home/lohit/miniconda3/envs/airflow-env/lib/python3.8/site-packages/airflow/example_dags/example_short_circuit_decorator.py
[2025-06-01T18:07:08.787+0200] {processor.py:829} INFO - Processing file /home/lohit/miniconda3/envs/airflow-env/lib/python3.8/site-packages/airflow/example_dags/example_short_circuit_decorator.py for tasks to queue
[2025-06-01T18:07:08.787+0200] {logging_mixin.py:154} INFO - [2025-06-01T18:07:08.787+0200] {dagbag.py:536} INFO - Filling up the DagBag from /home/lohit/miniconda3/envs/airflow-env/lib/python3.8/site-packages/airflow/example_dags/example_short_circuit_decorator.py
[2025-06-01T18:07:08.794+0200] {processor.py:839} INFO - DAG(s) dict_keys(['example_short_circuit_decorator']) retrieved from /home/lohit/miniconda3/envs/airflow-env/lib/python3.8/site-packages/airflow/example_dags/example_short_circuit_decorator.py
[2025-06-01T18:07:08.806+0200] {logging_mixin.py:154} INFO - [2025-06-01T18:07:08.806+0200] {dag.py:2941} INFO - Sync 1 DAGs
[2025-06-01T18:07:08.819+0200] {logging_mixin.py:154} INFO - [2025-06-01T18:07:08.819+0200] {dag.py:3722} INFO - Setting next_dagrun for example_short_circuit_decorator to 2025-05-31T16:07:08.819370+00:00, run_after=2025-06-01T16:07:08.819370+00:00
[2025-06-01T18:07:08.836+0200] {processor.py:179} INFO - Processing /home/lohit/miniconda3/envs/airflow-env/lib/python3.8/site-packages/airflow/example_dags/example_short_circuit_decorator.py took 0.055 seconds
[2025-06-01T18:07:54.883+0200] {processor.py:157} INFO - Started process (PID=28467) to work on /home/lohit/miniconda3/envs/airflow-env/lib/python3.8/site-packages/airflow/example_dags/example_short_circuit_decorator.py
[2025-06-01T18:07:54.886+0200] {processor.py:829} INFO - Processing file /home/lohit/miniconda3/envs/airflow-env/lib/python3.8/site-packages/airflow/example_dags/example_short_circuit_decorator.py for tasks to queue
[2025-06-01T18:07:54.887+0200] {logging_mixin.py:154} INFO - [2025-06-01T18:07:54.887+0200] {dagbag.py:536} INFO - Filling up the DagBag from /home/lohit/miniconda3/envs/airflow-env/lib/python3.8/site-packages/airflow/example_dags/example_short_circuit_decorator.py
[2025-06-01T18:07:54.893+0200] {processor.py:839} INFO - DAG(s) dict_keys(['example_short_circuit_decorator']) retrieved from /home/lohit/miniconda3/envs/airflow-env/lib/python3.8/site-packages/airflow/example_dags/example_short_circuit_decorator.py
[2025-06-01T18:07:54.903+0200] {logging_mixin.py:154} INFO - [2025-06-01T18:07:54.903+0200] {dag.py:2941} INFO - Sync 1 DAGs
[2025-06-01T18:07:54.914+0200] {logging_mixin.py:154} INFO - [2025-06-01T18:07:54.914+0200] {dag.py:3722} INFO - Setting next_dagrun for example_short_circuit_decorator to 2025-05-31T16:07:54.914280+00:00, run_after=2025-06-01T16:07:54.914280+00:00
[2025-06-01T18:07:54.929+0200] {processor.py:179} INFO - Processing /home/lohit/miniconda3/envs/airflow-env/lib/python3.8/site-packages/airflow/example_dags/example_short_circuit_decorator.py took 0.048 seconds
[2025-06-01T18:08:42.281+0200] {processor.py:157} INFO - Started process (PID=28540) to work on /home/lohit/miniconda3/envs/airflow-env/lib/python3.8/site-packages/airflow/example_dags/example_short_circuit_decorator.py
[2025-06-01T18:08:42.284+0200] {processor.py:829} INFO - Processing file /home/lohit/miniconda3/envs/airflow-env/lib/python3.8/site-packages/airflow/example_dags/example_short_circuit_decorator.py for tasks to queue
[2025-06-01T18:08:42.285+0200] {logging_mixin.py:154} INFO - [2025-06-01T18:08:42.285+0200] {dagbag.py:536} INFO - Filling up the DagBag from /home/lohit/miniconda3/envs/airflow-env/lib/python3.8/site-packages/airflow/example_dags/example_short_circuit_decorator.py
[2025-06-01T18:08:42.291+0200] {processor.py:839} INFO - DAG(s) dict_keys(['example_short_circuit_decorator']) retrieved from /home/lohit/miniconda3/envs/airflow-env/lib/python3.8/site-packages/airflow/example_dags/example_short_circuit_decorator.py
[2025-06-01T18:08:42.301+0200] {logging_mixin.py:154} INFO - [2025-06-01T18:08:42.301+0200] {dag.py:2941} INFO - Sync 1 DAGs
[2025-06-01T18:08:42.312+0200] {logging_mixin.py:154} INFO - [2025-06-01T18:08:42.312+0200] {dag.py:3722} INFO - Setting next_dagrun for example_short_circuit_decorator to 2025-05-31T16:08:42.312534+00:00, run_after=2025-06-01T16:08:42.312534+00:00
[2025-06-01T18:08:42.330+0200] {processor.py:179} INFO - Processing /home/lohit/miniconda3/envs/airflow-env/lib/python3.8/site-packages/airflow/example_dags/example_short_circuit_decorator.py took 0.051 seconds
[2025-06-01T18:09:18.141+0200] {processor.py:157} INFO - Started process (PID=28599) to work on /home/lohit/miniconda3/envs/airflow-env/lib/python3.8/site-packages/airflow/example_dags/example_short_circuit_decorator.py
[2025-06-01T18:09:18.144+0200] {processor.py:829} INFO - Processing file /home/lohit/miniconda3/envs/airflow-env/lib/python3.8/site-packages/airflow/example_dags/example_short_circuit_decorator.py for tasks to queue
[2025-06-01T18:09:18.145+0200] {logging_mixin.py:154} INFO - [2025-06-01T18:09:18.145+0200] {dagbag.py:536} INFO - Filling up the DagBag from /home/lohit/miniconda3/envs/airflow-env/lib/python3.8/site-packages/airflow/example_dags/example_short_circuit_decorator.py
[2025-06-01T18:09:18.150+0200] {processor.py:839} INFO - DAG(s) dict_keys(['example_short_circuit_decorator']) retrieved from /home/lohit/miniconda3/envs/airflow-env/lib/python3.8/site-packages/airflow/example_dags/example_short_circuit_decorator.py
[2025-06-01T18:09:18.160+0200] {logging_mixin.py:154} INFO - [2025-06-01T18:09:18.160+0200] {dag.py:2941} INFO - Sync 1 DAGs
[2025-06-01T18:09:18.170+0200] {logging_mixin.py:154} INFO - [2025-06-01T18:09:18.170+0200] {dag.py:3722} INFO - Setting next_dagrun for example_short_circuit_decorator to 2025-05-31T16:09:18.170527+00:00, run_after=2025-06-01T16:09:18.170527+00:00
[2025-06-01T18:09:18.188+0200] {processor.py:179} INFO - Processing /home/lohit/miniconda3/envs/airflow-env/lib/python3.8/site-packages/airflow/example_dags/example_short_circuit_decorator.py took 0.049 seconds
[2025-06-01T18:10:05.369+0200] {processor.py:157} INFO - Started process (PID=28680) to work on /home/lohit/miniconda3/envs/airflow-env/lib/python3.8/site-packages/airflow/example_dags/example_short_circuit_decorator.py
[2025-06-01T18:10:05.372+0200] {processor.py:829} INFO - Processing file /home/lohit/miniconda3/envs/airflow-env/lib/python3.8/site-packages/airflow/example_dags/example_short_circuit_decorator.py for tasks to queue
[2025-06-01T18:10:05.373+0200] {logging_mixin.py:154} INFO - [2025-06-01T18:10:05.373+0200] {dagbag.py:536} INFO - Filling up the DagBag from /home/lohit/miniconda3/envs/airflow-env/lib/python3.8/site-packages/airflow/example_dags/example_short_circuit_decorator.py
[2025-06-01T18:10:05.380+0200] {processor.py:839} INFO - DAG(s) dict_keys(['example_short_circuit_decorator']) retrieved from /home/lohit/miniconda3/envs/airflow-env/lib/python3.8/site-packages/airflow/example_dags/example_short_circuit_decorator.py
[2025-06-01T18:10:05.392+0200] {logging_mixin.py:154} INFO - [2025-06-01T18:10:05.391+0200] {dag.py:2941} INFO - Sync 1 DAGs
[2025-06-01T18:10:05.403+0200] {logging_mixin.py:154} INFO - [2025-06-01T18:10:05.403+0200] {dag.py:3722} INFO - Setting next_dagrun for example_short_circuit_decorator to 2025-05-31T16:10:05.403540+00:00, run_after=2025-06-01T16:10:05.403540+00:00
[2025-06-01T18:10:05.420+0200] {processor.py:179} INFO - Processing /home/lohit/miniconda3/envs/airflow-env/lib/python3.8/site-packages/airflow/example_dags/example_short_circuit_decorator.py took 0.054 seconds
[2025-06-01T18:10:53.068+0200] {processor.py:157} INFO - Started process (PID=28752) to work on /home/lohit/miniconda3/envs/airflow-env/lib/python3.8/site-packages/airflow/example_dags/example_short_circuit_decorator.py
[2025-06-01T18:10:53.072+0200] {processor.py:829} INFO - Processing file /home/lohit/miniconda3/envs/airflow-env/lib/python3.8/site-packages/airflow/example_dags/example_short_circuit_decorator.py for tasks to queue
[2025-06-01T18:10:53.073+0200] {logging_mixin.py:154} INFO - [2025-06-01T18:10:53.072+0200] {dagbag.py:536} INFO - Filling up the DagBag from /home/lohit/miniconda3/envs/airflow-env/lib/python3.8/site-packages/airflow/example_dags/example_short_circuit_decorator.py
[2025-06-01T18:10:53.080+0200] {processor.py:839} INFO - DAG(s) dict_keys(['example_short_circuit_decorator']) retrieved from /home/lohit/miniconda3/envs/airflow-env/lib/python3.8/site-packages/airflow/example_dags/example_short_circuit_decorator.py
[2025-06-01T18:10:53.095+0200] {logging_mixin.py:154} INFO - [2025-06-01T18:10:53.094+0200] {dag.py:2941} INFO - Sync 1 DAGs
[2025-06-01T18:10:53.110+0200] {logging_mixin.py:154} INFO - [2025-06-01T18:10:53.110+0200] {dag.py:3722} INFO - Setting next_dagrun for example_short_circuit_decorator to 2025-05-31T16:10:53.110506+00:00, run_after=2025-06-01T16:10:53.110506+00:00
[2025-06-01T18:10:53.130+0200] {processor.py:179} INFO - Processing /home/lohit/miniconda3/envs/airflow-env/lib/python3.8/site-packages/airflow/example_dags/example_short_circuit_decorator.py took 0.064 seconds
[2025-06-01T18:11:41.292+0200] {processor.py:157} INFO - Started process (PID=28823) to work on /home/lohit/miniconda3/envs/airflow-env/lib/python3.8/site-packages/airflow/example_dags/example_short_circuit_decorator.py
[2025-06-01T18:11:41.295+0200] {processor.py:829} INFO - Processing file /home/lohit/miniconda3/envs/airflow-env/lib/python3.8/site-packages/airflow/example_dags/example_short_circuit_decorator.py for tasks to queue
[2025-06-01T18:11:41.296+0200] {logging_mixin.py:154} INFO - [2025-06-01T18:11:41.296+0200] {dagbag.py:536} INFO - Filling up the DagBag from /home/lohit/miniconda3/envs/airflow-env/lib/python3.8/site-packages/airflow/example_dags/example_short_circuit_decorator.py
[2025-06-01T18:11:41.302+0200] {processor.py:839} INFO - DAG(s) dict_keys(['example_short_circuit_decorator']) retrieved from /home/lohit/miniconda3/envs/airflow-env/lib/python3.8/site-packages/airflow/example_dags/example_short_circuit_decorator.py
[2025-06-01T18:11:41.312+0200] {logging_mixin.py:154} INFO - [2025-06-01T18:11:41.312+0200] {dag.py:2941} INFO - Sync 1 DAGs
[2025-06-01T18:11:41.322+0200] {logging_mixin.py:154} INFO - [2025-06-01T18:11:41.322+0200] {dag.py:3722} INFO - Setting next_dagrun for example_short_circuit_decorator to 2025-05-31T16:11:41.322717+00:00, run_after=2025-06-01T16:11:41.322717+00:00
[2025-06-01T18:11:41.337+0200] {processor.py:179} INFO - Processing /home/lohit/miniconda3/envs/airflow-env/lib/python3.8/site-packages/airflow/example_dags/example_short_circuit_decorator.py took 0.048 seconds
[2025-06-01T18:12:16.985+0200] {processor.py:157} INFO - Started process (PID=28885) to work on /home/lohit/miniconda3/envs/airflow-env/lib/python3.8/site-packages/airflow/example_dags/example_short_circuit_decorator.py
[2025-06-01T18:12:16.988+0200] {processor.py:829} INFO - Processing file /home/lohit/miniconda3/envs/airflow-env/lib/python3.8/site-packages/airflow/example_dags/example_short_circuit_decorator.py for tasks to queue
[2025-06-01T18:12:16.989+0200] {logging_mixin.py:154} INFO - [2025-06-01T18:12:16.988+0200] {dagbag.py:536} INFO - Filling up the DagBag from /home/lohit/miniconda3/envs/airflow-env/lib/python3.8/site-packages/airflow/example_dags/example_short_circuit_decorator.py
[2025-06-01T18:12:16.994+0200] {processor.py:839} INFO - DAG(s) dict_keys(['example_short_circuit_decorator']) retrieved from /home/lohit/miniconda3/envs/airflow-env/lib/python3.8/site-packages/airflow/example_dags/example_short_circuit_decorator.py
[2025-06-01T18:12:17.004+0200] {logging_mixin.py:154} INFO - [2025-06-01T18:12:17.004+0200] {dag.py:2941} INFO - Sync 1 DAGs
[2025-06-01T18:12:17.017+0200] {logging_mixin.py:154} INFO - [2025-06-01T18:12:17.017+0200] {dag.py:3722} INFO - Setting next_dagrun for example_short_circuit_decorator to 2025-05-31T16:12:17.017268+00:00, run_after=2025-06-01T16:12:17.017268+00:00
[2025-06-01T18:12:17.032+0200] {processor.py:179} INFO - Processing /home/lohit/miniconda3/envs/airflow-env/lib/python3.8/site-packages/airflow/example_dags/example_short_circuit_decorator.py took 0.049 seconds
[2025-06-01T18:13:06.070+0200] {processor.py:157} INFO - Started process (PID=28959) to work on /home/lohit/miniconda3/envs/airflow-env/lib/python3.8/site-packages/airflow/example_dags/example_short_circuit_decorator.py
[2025-06-01T18:13:06.073+0200] {processor.py:829} INFO - Processing file /home/lohit/miniconda3/envs/airflow-env/lib/python3.8/site-packages/airflow/example_dags/example_short_circuit_decorator.py for tasks to queue
[2025-06-01T18:13:06.074+0200] {logging_mixin.py:154} INFO - [2025-06-01T18:13:06.073+0200] {dagbag.py:536} INFO - Filling up the DagBag from /home/lohit/miniconda3/envs/airflow-env/lib/python3.8/site-packages/airflow/example_dags/example_short_circuit_decorator.py
[2025-06-01T18:13:06.079+0200] {processor.py:839} INFO - DAG(s) dict_keys(['example_short_circuit_decorator']) retrieved from /home/lohit/miniconda3/envs/airflow-env/lib/python3.8/site-packages/airflow/example_dags/example_short_circuit_decorator.py
[2025-06-01T18:13:06.089+0200] {logging_mixin.py:154} INFO - [2025-06-01T18:13:06.089+0200] {dag.py:2941} INFO - Sync 1 DAGs
[2025-06-01T18:13:06.099+0200] {logging_mixin.py:154} INFO - [2025-06-01T18:13:06.099+0200] {dag.py:3722} INFO - Setting next_dagrun for example_short_circuit_decorator to 2025-05-31T16:13:06.099127+00:00, run_after=2025-06-01T16:13:06.099127+00:00
[2025-06-01T18:13:06.113+0200] {processor.py:179} INFO - Processing /home/lohit/miniconda3/envs/airflow-env/lib/python3.8/site-packages/airflow/example_dags/example_short_circuit_decorator.py took 0.045 seconds
[2025-06-01T18:13:50.877+0200] {processor.py:157} INFO - Started process (PID=29028) to work on /home/lohit/miniconda3/envs/airflow-env/lib/python3.8/site-packages/airflow/example_dags/example_short_circuit_decorator.py
[2025-06-01T18:13:50.881+0200] {processor.py:829} INFO - Processing file /home/lohit/miniconda3/envs/airflow-env/lib/python3.8/site-packages/airflow/example_dags/example_short_circuit_decorator.py for tasks to queue
[2025-06-01T18:13:50.882+0200] {logging_mixin.py:154} INFO - [2025-06-01T18:13:50.881+0200] {dagbag.py:536} INFO - Filling up the DagBag from /home/lohit/miniconda3/envs/airflow-env/lib/python3.8/site-packages/airflow/example_dags/example_short_circuit_decorator.py
[2025-06-01T18:13:50.889+0200] {processor.py:839} INFO - DAG(s) dict_keys(['example_short_circuit_decorator']) retrieved from /home/lohit/miniconda3/envs/airflow-env/lib/python3.8/site-packages/airflow/example_dags/example_short_circuit_decorator.py
[2025-06-01T18:13:50.902+0200] {logging_mixin.py:154} INFO - [2025-06-01T18:13:50.902+0200] {dag.py:2941} INFO - Sync 1 DAGs
[2025-06-01T18:13:50.915+0200] {logging_mixin.py:154} INFO - [2025-06-01T18:13:50.915+0200] {dag.py:3722} INFO - Setting next_dagrun for example_short_circuit_decorator to 2025-05-31T16:13:50.915056+00:00, run_after=2025-06-01T16:13:50.915056+00:00
[2025-06-01T18:13:50.934+0200] {processor.py:179} INFO - Processing /home/lohit/miniconda3/envs/airflow-env/lib/python3.8/site-packages/airflow/example_dags/example_short_circuit_decorator.py took 0.058 seconds
[2025-06-01T18:14:32.850+0200] {processor.py:157} INFO - Started process (PID=29094) to work on /home/lohit/miniconda3/envs/airflow-env/lib/python3.8/site-packages/airflow/example_dags/example_short_circuit_decorator.py
[2025-06-01T18:14:32.853+0200] {processor.py:829} INFO - Processing file /home/lohit/miniconda3/envs/airflow-env/lib/python3.8/site-packages/airflow/example_dags/example_short_circuit_decorator.py for tasks to queue
[2025-06-01T18:14:32.854+0200] {logging_mixin.py:154} INFO - [2025-06-01T18:14:32.854+0200] {dagbag.py:536} INFO - Filling up the DagBag from /home/lohit/miniconda3/envs/airflow-env/lib/python3.8/site-packages/airflow/example_dags/example_short_circuit_decorator.py
[2025-06-01T18:14:32.860+0200] {processor.py:839} INFO - DAG(s) dict_keys(['example_short_circuit_decorator']) retrieved from /home/lohit/miniconda3/envs/airflow-env/lib/python3.8/site-packages/airflow/example_dags/example_short_circuit_decorator.py
[2025-06-01T18:14:32.872+0200] {logging_mixin.py:154} INFO - [2025-06-01T18:14:32.872+0200] {dag.py:2941} INFO - Sync 1 DAGs
[2025-06-01T18:14:32.884+0200] {logging_mixin.py:154} INFO - [2025-06-01T18:14:32.884+0200] {dag.py:3722} INFO - Setting next_dagrun for example_short_circuit_decorator to 2025-05-31T16:14:32.884614+00:00, run_after=2025-06-01T16:14:32.884614+00:00
[2025-06-01T18:14:32.903+0200] {processor.py:179} INFO - Processing /home/lohit/miniconda3/envs/airflow-env/lib/python3.8/site-packages/airflow/example_dags/example_short_circuit_decorator.py took 0.056 seconds
[2025-06-01T18:15:22.036+0200] {processor.py:157} INFO - Started process (PID=29165) to work on /home/lohit/miniconda3/envs/airflow-env/lib/python3.8/site-packages/airflow/example_dags/example_short_circuit_decorator.py
[2025-06-01T18:15:22.038+0200] {processor.py:829} INFO - Processing file /home/lohit/miniconda3/envs/airflow-env/lib/python3.8/site-packages/airflow/example_dags/example_short_circuit_decorator.py for tasks to queue
[2025-06-01T18:15:22.039+0200] {logging_mixin.py:154} INFO - [2025-06-01T18:15:22.039+0200] {dagbag.py:536} INFO - Filling up the DagBag from /home/lohit/miniconda3/envs/airflow-env/lib/python3.8/site-packages/airflow/example_dags/example_short_circuit_decorator.py
[2025-06-01T18:15:22.046+0200] {processor.py:839} INFO - DAG(s) dict_keys(['example_short_circuit_decorator']) retrieved from /home/lohit/miniconda3/envs/airflow-env/lib/python3.8/site-packages/airflow/example_dags/example_short_circuit_decorator.py
[2025-06-01T18:15:22.058+0200] {logging_mixin.py:154} INFO - [2025-06-01T18:15:22.058+0200] {dag.py:2941} INFO - Sync 1 DAGs
[2025-06-01T18:15:22.070+0200] {logging_mixin.py:154} INFO - [2025-06-01T18:15:22.069+0200] {dag.py:3722} INFO - Setting next_dagrun for example_short_circuit_decorator to 2025-05-31T16:15:22.069738+00:00, run_after=2025-06-01T16:15:22.069738+00:00
[2025-06-01T18:15:22.085+0200] {processor.py:179} INFO - Processing /home/lohit/miniconda3/envs/airflow-env/lib/python3.8/site-packages/airflow/example_dags/example_short_circuit_decorator.py took 0.052 seconds
[2025-06-01T18:16:11.673+0200] {processor.py:157} INFO - Started process (PID=29238) to work on /home/lohit/miniconda3/envs/airflow-env/lib/python3.8/site-packages/airflow/example_dags/example_short_circuit_decorator.py
[2025-06-01T18:16:11.677+0200] {processor.py:829} INFO - Processing file /home/lohit/miniconda3/envs/airflow-env/lib/python3.8/site-packages/airflow/example_dags/example_short_circuit_decorator.py for tasks to queue
[2025-06-01T18:16:11.677+0200] {logging_mixin.py:154} INFO - [2025-06-01T18:16:11.677+0200] {dagbag.py:536} INFO - Filling up the DagBag from /home/lohit/miniconda3/envs/airflow-env/lib/python3.8/site-packages/airflow/example_dags/example_short_circuit_decorator.py
[2025-06-01T18:16:11.684+0200] {processor.py:839} INFO - DAG(s) dict_keys(['example_short_circuit_decorator']) retrieved from /home/lohit/miniconda3/envs/airflow-env/lib/python3.8/site-packages/airflow/example_dags/example_short_circuit_decorator.py
[2025-06-01T18:16:11.694+0200] {logging_mixin.py:154} INFO - [2025-06-01T18:16:11.694+0200] {dag.py:2941} INFO - Sync 1 DAGs
[2025-06-01T18:16:11.705+0200] {logging_mixin.py:154} INFO - [2025-06-01T18:16:11.705+0200] {dag.py:3722} INFO - Setting next_dagrun for example_short_circuit_decorator to 2025-05-31T16:16:11.705615+00:00, run_after=2025-06-01T16:16:11.705615+00:00
[2025-06-01T18:16:11.721+0200] {processor.py:179} INFO - Processing /home/lohit/miniconda3/envs/airflow-env/lib/python3.8/site-packages/airflow/example_dags/example_short_circuit_decorator.py took 0.050 seconds
[2025-06-01T18:16:58.700+0200] {processor.py:157} INFO - Started process (PID=29308) to work on /home/lohit/miniconda3/envs/airflow-env/lib/python3.8/site-packages/airflow/example_dags/example_short_circuit_decorator.py
[2025-06-01T18:16:58.703+0200] {processor.py:829} INFO - Processing file /home/lohit/miniconda3/envs/airflow-env/lib/python3.8/site-packages/airflow/example_dags/example_short_circuit_decorator.py for tasks to queue
[2025-06-01T18:16:58.704+0200] {logging_mixin.py:154} INFO - [2025-06-01T18:16:58.704+0200] {dagbag.py:536} INFO - Filling up the DagBag from /home/lohit/miniconda3/envs/airflow-env/lib/python3.8/site-packages/airflow/example_dags/example_short_circuit_decorator.py
[2025-06-01T18:16:58.710+0200] {processor.py:839} INFO - DAG(s) dict_keys(['example_short_circuit_decorator']) retrieved from /home/lohit/miniconda3/envs/airflow-env/lib/python3.8/site-packages/airflow/example_dags/example_short_circuit_decorator.py
[2025-06-01T18:16:58.721+0200] {logging_mixin.py:154} INFO - [2025-06-01T18:16:58.721+0200] {dag.py:2941} INFO - Sync 1 DAGs
[2025-06-01T18:16:58.733+0200] {logging_mixin.py:154} INFO - [2025-06-01T18:16:58.733+0200] {dag.py:3722} INFO - Setting next_dagrun for example_short_circuit_decorator to 2025-05-31T16:16:58.732995+00:00, run_after=2025-06-01T16:16:58.732995+00:00
[2025-06-01T18:16:58.749+0200] {processor.py:179} INFO - Processing /home/lohit/miniconda3/envs/airflow-env/lib/python3.8/site-packages/airflow/example_dags/example_short_circuit_decorator.py took 0.051 seconds
[2025-06-01T18:17:44.203+0200] {processor.py:157} INFO - Started process (PID=29380) to work on /home/lohit/miniconda3/envs/airflow-env/lib/python3.8/site-packages/airflow/example_dags/example_short_circuit_decorator.py
[2025-06-01T18:17:44.205+0200] {processor.py:829} INFO - Processing file /home/lohit/miniconda3/envs/airflow-env/lib/python3.8/site-packages/airflow/example_dags/example_short_circuit_decorator.py for tasks to queue
[2025-06-01T18:17:44.205+0200] {logging_mixin.py:154} INFO - [2025-06-01T18:17:44.205+0200] {dagbag.py:536} INFO - Filling up the DagBag from /home/lohit/miniconda3/envs/airflow-env/lib/python3.8/site-packages/airflow/example_dags/example_short_circuit_decorator.py
[2025-06-01T18:17:44.214+0200] {processor.py:839} INFO - DAG(s) dict_keys(['example_short_circuit_decorator']) retrieved from /home/lohit/miniconda3/envs/airflow-env/lib/python3.8/site-packages/airflow/example_dags/example_short_circuit_decorator.py
[2025-06-01T18:17:44.225+0200] {logging_mixin.py:154} INFO - [2025-06-01T18:17:44.225+0200] {dag.py:2941} INFO - Sync 1 DAGs
[2025-06-01T18:17:44.236+0200] {logging_mixin.py:154} INFO - [2025-06-01T18:17:44.236+0200] {dag.py:3722} INFO - Setting next_dagrun for example_short_circuit_decorator to 2025-05-31T16:17:44.236078+00:00, run_after=2025-06-01T16:17:44.236078+00:00
[2025-06-01T18:17:44.254+0200] {processor.py:179} INFO - Processing /home/lohit/miniconda3/envs/airflow-env/lib/python3.8/site-packages/airflow/example_dags/example_short_circuit_decorator.py took 0.053 seconds
[2025-06-01T18:18:29.477+0200] {processor.py:157} INFO - Started process (PID=29447) to work on /home/lohit/miniconda3/envs/airflow-env/lib/python3.8/site-packages/airflow/example_dags/example_short_circuit_decorator.py
[2025-06-01T18:18:29.479+0200] {processor.py:829} INFO - Processing file /home/lohit/miniconda3/envs/airflow-env/lib/python3.8/site-packages/airflow/example_dags/example_short_circuit_decorator.py for tasks to queue
[2025-06-01T18:18:29.479+0200] {logging_mixin.py:154} INFO - [2025-06-01T18:18:29.479+0200] {dagbag.py:536} INFO - Filling up the DagBag from /home/lohit/miniconda3/envs/airflow-env/lib/python3.8/site-packages/airflow/example_dags/example_short_circuit_decorator.py
[2025-06-01T18:18:29.485+0200] {processor.py:839} INFO - DAG(s) dict_keys(['example_short_circuit_decorator']) retrieved from /home/lohit/miniconda3/envs/airflow-env/lib/python3.8/site-packages/airflow/example_dags/example_short_circuit_decorator.py
[2025-06-01T18:18:29.498+0200] {logging_mixin.py:154} INFO - [2025-06-01T18:18:29.498+0200] {dag.py:2941} INFO - Sync 1 DAGs
[2025-06-01T18:18:29.509+0200] {logging_mixin.py:154} INFO - [2025-06-01T18:18:29.509+0200] {dag.py:3722} INFO - Setting next_dagrun for example_short_circuit_decorator to 2025-05-31T16:18:29.509369+00:00, run_after=2025-06-01T16:18:29.509369+00:00
[2025-06-01T18:18:29.526+0200] {processor.py:179} INFO - Processing /home/lohit/miniconda3/envs/airflow-env/lib/python3.8/site-packages/airflow/example_dags/example_short_circuit_decorator.py took 0.051 seconds
[2025-06-01T18:19:15.671+0200] {processor.py:157} INFO - Started process (PID=29516) to work on /home/lohit/miniconda3/envs/airflow-env/lib/python3.8/site-packages/airflow/example_dags/example_short_circuit_decorator.py
[2025-06-01T18:19:15.674+0200] {processor.py:829} INFO - Processing file /home/lohit/miniconda3/envs/airflow-env/lib/python3.8/site-packages/airflow/example_dags/example_short_circuit_decorator.py for tasks to queue
[2025-06-01T18:19:15.675+0200] {logging_mixin.py:154} INFO - [2025-06-01T18:19:15.674+0200] {dagbag.py:536} INFO - Filling up the DagBag from /home/lohit/miniconda3/envs/airflow-env/lib/python3.8/site-packages/airflow/example_dags/example_short_circuit_decorator.py
[2025-06-01T18:19:15.681+0200] {processor.py:839} INFO - DAG(s) dict_keys(['example_short_circuit_decorator']) retrieved from /home/lohit/miniconda3/envs/airflow-env/lib/python3.8/site-packages/airflow/example_dags/example_short_circuit_decorator.py
[2025-06-01T18:19:15.691+0200] {logging_mixin.py:154} INFO - [2025-06-01T18:19:15.691+0200] {dag.py:2941} INFO - Sync 1 DAGs
[2025-06-01T18:19:15.703+0200] {logging_mixin.py:154} INFO - [2025-06-01T18:19:15.703+0200] {dag.py:3722} INFO - Setting next_dagrun for example_short_circuit_decorator to 2025-05-31T16:19:15.703195+00:00, run_after=2025-06-01T16:19:15.703195+00:00
[2025-06-01T18:19:15.720+0200] {processor.py:179} INFO - Processing /home/lohit/miniconda3/envs/airflow-env/lib/python3.8/site-packages/airflow/example_dags/example_short_circuit_decorator.py took 0.051 seconds
[2025-06-01T18:19:49.365+0200] {processor.py:157} INFO - Started process (PID=29551) to work on /home/lohit/miniconda3/envs/airflow-env/lib/python3.8/site-packages/airflow/example_dags/example_short_circuit_decorator.py
[2025-06-01T18:19:49.366+0200] {processor.py:829} INFO - Processing file /home/lohit/miniconda3/envs/airflow-env/lib/python3.8/site-packages/airflow/example_dags/example_short_circuit_decorator.py for tasks to queue
[2025-06-01T18:19:49.366+0200] {logging_mixin.py:154} INFO - [2025-06-01T18:19:49.366+0200] {dagbag.py:536} INFO - Filling up the DagBag from /home/lohit/miniconda3/envs/airflow-env/lib/python3.8/site-packages/airflow/example_dags/example_short_circuit_decorator.py
[2025-06-01T18:19:49.373+0200] {processor.py:839} INFO - DAG(s) dict_keys(['example_short_circuit_decorator']) retrieved from /home/lohit/miniconda3/envs/airflow-env/lib/python3.8/site-packages/airflow/example_dags/example_short_circuit_decorator.py
[2025-06-01T18:19:49.384+0200] {logging_mixin.py:154} INFO - [2025-06-01T18:19:49.384+0200] {dag.py:2941} INFO - Sync 1 DAGs
[2025-06-01T18:19:49.396+0200] {logging_mixin.py:154} INFO - [2025-06-01T18:19:49.396+0200] {dag.py:3722} INFO - Setting next_dagrun for example_short_circuit_decorator to 2025-05-31T16:19:49.396187+00:00, run_after=2025-06-01T16:19:49.396187+00:00
[2025-06-01T18:19:49.413+0200] {processor.py:179} INFO - Processing /home/lohit/miniconda3/envs/airflow-env/lib/python3.8/site-packages/airflow/example_dags/example_short_circuit_decorator.py took 0.050 seconds
[2025-06-01T18:20:37.045+0200] {processor.py:157} INFO - Started process (PID=29621) to work on /home/lohit/miniconda3/envs/airflow-env/lib/python3.8/site-packages/airflow/example_dags/example_short_circuit_decorator.py
[2025-06-01T18:20:37.048+0200] {processor.py:829} INFO - Processing file /home/lohit/miniconda3/envs/airflow-env/lib/python3.8/site-packages/airflow/example_dags/example_short_circuit_decorator.py for tasks to queue
[2025-06-01T18:20:37.049+0200] {logging_mixin.py:154} INFO - [2025-06-01T18:20:37.049+0200] {dagbag.py:536} INFO - Filling up the DagBag from /home/lohit/miniconda3/envs/airflow-env/lib/python3.8/site-packages/airflow/example_dags/example_short_circuit_decorator.py
[2025-06-01T18:20:37.056+0200] {processor.py:839} INFO - DAG(s) dict_keys(['example_short_circuit_decorator']) retrieved from /home/lohit/miniconda3/envs/airflow-env/lib/python3.8/site-packages/airflow/example_dags/example_short_circuit_decorator.py
[2025-06-01T18:20:37.067+0200] {logging_mixin.py:154} INFO - [2025-06-01T18:20:37.067+0200] {dag.py:2941} INFO - Sync 1 DAGs
[2025-06-01T18:20:37.078+0200] {logging_mixin.py:154} INFO - [2025-06-01T18:20:37.078+0200] {dag.py:3722} INFO - Setting next_dagrun for example_short_circuit_decorator to 2025-05-31T16:20:37.078314+00:00, run_after=2025-06-01T16:20:37.078314+00:00
[2025-06-01T18:20:37.095+0200] {processor.py:179} INFO - Processing /home/lohit/miniconda3/envs/airflow-env/lib/python3.8/site-packages/airflow/example_dags/example_short_circuit_decorator.py took 0.053 seconds
[2025-06-01T18:21:24.395+0200] {processor.py:157} INFO - Started process (PID=29692) to work on /home/lohit/miniconda3/envs/airflow-env/lib/python3.8/site-packages/airflow/example_dags/example_short_circuit_decorator.py
[2025-06-01T18:21:24.398+0200] {processor.py:829} INFO - Processing file /home/lohit/miniconda3/envs/airflow-env/lib/python3.8/site-packages/airflow/example_dags/example_short_circuit_decorator.py for tasks to queue
[2025-06-01T18:21:24.399+0200] {logging_mixin.py:154} INFO - [2025-06-01T18:21:24.399+0200] {dagbag.py:536} INFO - Filling up the DagBag from /home/lohit/miniconda3/envs/airflow-env/lib/python3.8/site-packages/airflow/example_dags/example_short_circuit_decorator.py
[2025-06-01T18:21:24.405+0200] {processor.py:839} INFO - DAG(s) dict_keys(['example_short_circuit_decorator']) retrieved from /home/lohit/miniconda3/envs/airflow-env/lib/python3.8/site-packages/airflow/example_dags/example_short_circuit_decorator.py
[2025-06-01T18:21:24.419+0200] {logging_mixin.py:154} INFO - [2025-06-01T18:21:24.419+0200] {dag.py:2941} INFO - Sync 1 DAGs
[2025-06-01T18:21:24.430+0200] {logging_mixin.py:154} INFO - [2025-06-01T18:21:24.430+0200] {dag.py:3722} INFO - Setting next_dagrun for example_short_circuit_decorator to 2025-05-31T16:21:24.429853+00:00, run_after=2025-06-01T16:21:24.429853+00:00
[2025-06-01T18:21:24.446+0200] {processor.py:179} INFO - Processing /home/lohit/miniconda3/envs/airflow-env/lib/python3.8/site-packages/airflow/example_dags/example_short_circuit_decorator.py took 0.052 seconds
[2025-06-01T18:22:01.310+0200] {processor.py:157} INFO - Started process (PID=29750) to work on /home/lohit/miniconda3/envs/airflow-env/lib/python3.8/site-packages/airflow/example_dags/example_short_circuit_decorator.py
[2025-06-01T18:22:01.313+0200] {processor.py:829} INFO - Processing file /home/lohit/miniconda3/envs/airflow-env/lib/python3.8/site-packages/airflow/example_dags/example_short_circuit_decorator.py for tasks to queue
[2025-06-01T18:22:01.315+0200] {logging_mixin.py:154} INFO - [2025-06-01T18:22:01.314+0200] {dagbag.py:536} INFO - Filling up the DagBag from /home/lohit/miniconda3/envs/airflow-env/lib/python3.8/site-packages/airflow/example_dags/example_short_circuit_decorator.py
[2025-06-01T18:22:01.322+0200] {processor.py:839} INFO - DAG(s) dict_keys(['example_short_circuit_decorator']) retrieved from /home/lohit/miniconda3/envs/airflow-env/lib/python3.8/site-packages/airflow/example_dags/example_short_circuit_decorator.py
[2025-06-01T18:22:01.334+0200] {logging_mixin.py:154} INFO - [2025-06-01T18:22:01.334+0200] {dag.py:2941} INFO - Sync 1 DAGs
[2025-06-01T18:22:01.346+0200] {logging_mixin.py:154} INFO - [2025-06-01T18:22:01.345+0200] {dag.py:3722} INFO - Setting next_dagrun for example_short_circuit_decorator to 2025-05-31T16:22:01.345687+00:00, run_after=2025-06-01T16:22:01.345687+00:00
[2025-06-01T18:22:01.363+0200] {processor.py:179} INFO - Processing /home/lohit/miniconda3/envs/airflow-env/lib/python3.8/site-packages/airflow/example_dags/example_short_circuit_decorator.py took 0.056 seconds
[2025-06-01T18:22:47.573+0200] {processor.py:157} INFO - Started process (PID=29819) to work on /home/lohit/miniconda3/envs/airflow-env/lib/python3.8/site-packages/airflow/example_dags/example_short_circuit_decorator.py
[2025-06-01T18:22:47.577+0200] {processor.py:829} INFO - Processing file /home/lohit/miniconda3/envs/airflow-env/lib/python3.8/site-packages/airflow/example_dags/example_short_circuit_decorator.py for tasks to queue
[2025-06-01T18:22:47.577+0200] {logging_mixin.py:154} INFO - [2025-06-01T18:22:47.577+0200] {dagbag.py:536} INFO - Filling up the DagBag from /home/lohit/miniconda3/envs/airflow-env/lib/python3.8/site-packages/airflow/example_dags/example_short_circuit_decorator.py
[2025-06-01T18:22:47.582+0200] {processor.py:839} INFO - DAG(s) dict_keys(['example_short_circuit_decorator']) retrieved from /home/lohit/miniconda3/envs/airflow-env/lib/python3.8/site-packages/airflow/example_dags/example_short_circuit_decorator.py
[2025-06-01T18:22:47.592+0200] {logging_mixin.py:154} INFO - [2025-06-01T18:22:47.592+0200] {dag.py:2941} INFO - Sync 1 DAGs
[2025-06-01T18:22:47.602+0200] {logging_mixin.py:154} INFO - [2025-06-01T18:22:47.601+0200] {dag.py:3722} INFO - Setting next_dagrun for example_short_circuit_decorator to 2025-05-31T16:22:47.601826+00:00, run_after=2025-06-01T16:22:47.601826+00:00
[2025-06-01T18:22:47.620+0200] {processor.py:179} INFO - Processing /home/lohit/miniconda3/envs/airflow-env/lib/python3.8/site-packages/airflow/example_dags/example_short_circuit_decorator.py took 0.048 seconds
[2025-06-01T18:23:35.866+0200] {processor.py:157} INFO - Started process (PID=29890) to work on /home/lohit/miniconda3/envs/airflow-env/lib/python3.8/site-packages/airflow/example_dags/example_short_circuit_decorator.py
[2025-06-01T18:23:35.867+0200] {processor.py:829} INFO - Processing file /home/lohit/miniconda3/envs/airflow-env/lib/python3.8/site-packages/airflow/example_dags/example_short_circuit_decorator.py for tasks to queue
[2025-06-01T18:23:35.867+0200] {logging_mixin.py:154} INFO - [2025-06-01T18:23:35.867+0200] {dagbag.py:536} INFO - Filling up the DagBag from /home/lohit/miniconda3/envs/airflow-env/lib/python3.8/site-packages/airflow/example_dags/example_short_circuit_decorator.py
[2025-06-01T18:23:35.874+0200] {processor.py:839} INFO - DAG(s) dict_keys(['example_short_circuit_decorator']) retrieved from /home/lohit/miniconda3/envs/airflow-env/lib/python3.8/site-packages/airflow/example_dags/example_short_circuit_decorator.py
[2025-06-01T18:23:35.885+0200] {logging_mixin.py:154} INFO - [2025-06-01T18:23:35.885+0200] {dag.py:2941} INFO - Sync 1 DAGs
[2025-06-01T18:23:35.898+0200] {logging_mixin.py:154} INFO - [2025-06-01T18:23:35.898+0200] {dag.py:3722} INFO - Setting next_dagrun for example_short_circuit_decorator to 2025-05-31T16:23:35.898078+00:00, run_after=2025-06-01T16:23:35.898078+00:00
[2025-06-01T18:23:35.921+0200] {processor.py:179} INFO - Processing /home/lohit/miniconda3/envs/airflow-env/lib/python3.8/site-packages/airflow/example_dags/example_short_circuit_decorator.py took 0.057 seconds
[2025-06-01T18:24:20.299+0200] {processor.py:157} INFO - Started process (PID=29958) to work on /home/lohit/miniconda3/envs/airflow-env/lib/python3.8/site-packages/airflow/example_dags/example_short_circuit_decorator.py
[2025-06-01T18:24:20.301+0200] {processor.py:829} INFO - Processing file /home/lohit/miniconda3/envs/airflow-env/lib/python3.8/site-packages/airflow/example_dags/example_short_circuit_decorator.py for tasks to queue
[2025-06-01T18:24:20.301+0200] {logging_mixin.py:154} INFO - [2025-06-01T18:24:20.301+0200] {dagbag.py:536} INFO - Filling up the DagBag from /home/lohit/miniconda3/envs/airflow-env/lib/python3.8/site-packages/airflow/example_dags/example_short_circuit_decorator.py
[2025-06-01T18:24:20.307+0200] {processor.py:839} INFO - DAG(s) dict_keys(['example_short_circuit_decorator']) retrieved from /home/lohit/miniconda3/envs/airflow-env/lib/python3.8/site-packages/airflow/example_dags/example_short_circuit_decorator.py
[2025-06-01T18:24:20.318+0200] {logging_mixin.py:154} INFO - [2025-06-01T18:24:20.318+0200] {dag.py:2941} INFO - Sync 1 DAGs
[2025-06-01T18:24:20.328+0200] {logging_mixin.py:154} INFO - [2025-06-01T18:24:20.328+0200] {dag.py:3722} INFO - Setting next_dagrun for example_short_circuit_decorator to 2025-05-31T16:24:20.328657+00:00, run_after=2025-06-01T16:24:20.328657+00:00
[2025-06-01T18:24:20.343+0200] {processor.py:179} INFO - Processing /home/lohit/miniconda3/envs/airflow-env/lib/python3.8/site-packages/airflow/example_dags/example_short_circuit_decorator.py took 0.045 seconds
[2025-06-01T18:25:08.295+0200] {processor.py:157} INFO - Started process (PID=30029) to work on /home/lohit/miniconda3/envs/airflow-env/lib/python3.8/site-packages/airflow/example_dags/example_short_circuit_decorator.py
[2025-06-01T18:25:08.298+0200] {processor.py:829} INFO - Processing file /home/lohit/miniconda3/envs/airflow-env/lib/python3.8/site-packages/airflow/example_dags/example_short_circuit_decorator.py for tasks to queue
[2025-06-01T18:25:08.299+0200] {logging_mixin.py:154} INFO - [2025-06-01T18:25:08.299+0200] {dagbag.py:536} INFO - Filling up the DagBag from /home/lohit/miniconda3/envs/airflow-env/lib/python3.8/site-packages/airflow/example_dags/example_short_circuit_decorator.py
[2025-06-01T18:25:08.304+0200] {processor.py:839} INFO - DAG(s) dict_keys(['example_short_circuit_decorator']) retrieved from /home/lohit/miniconda3/envs/airflow-env/lib/python3.8/site-packages/airflow/example_dags/example_short_circuit_decorator.py
[2025-06-01T18:25:08.314+0200] {logging_mixin.py:154} INFO - [2025-06-01T18:25:08.314+0200] {dag.py:2941} INFO - Sync 1 DAGs
[2025-06-01T18:25:08.324+0200] {logging_mixin.py:154} INFO - [2025-06-01T18:25:08.324+0200] {dag.py:3722} INFO - Setting next_dagrun for example_short_circuit_decorator to 2025-05-31T16:25:08.324260+00:00, run_after=2025-06-01T16:25:08.324260+00:00
[2025-06-01T18:25:08.340+0200] {processor.py:179} INFO - Processing /home/lohit/miniconda3/envs/airflow-env/lib/python3.8/site-packages/airflow/example_dags/example_short_circuit_decorator.py took 0.047 seconds
[2025-06-01T18:25:55.063+0200] {processor.py:157} INFO - Started process (PID=30099) to work on /home/lohit/miniconda3/envs/airflow-env/lib/python3.8/site-packages/airflow/example_dags/example_short_circuit_decorator.py
[2025-06-01T18:25:55.064+0200] {processor.py:829} INFO - Processing file /home/lohit/miniconda3/envs/airflow-env/lib/python3.8/site-packages/airflow/example_dags/example_short_circuit_decorator.py for tasks to queue
[2025-06-01T18:25:55.065+0200] {logging_mixin.py:154} INFO - [2025-06-01T18:25:55.065+0200] {dagbag.py:536} INFO - Filling up the DagBag from /home/lohit/miniconda3/envs/airflow-env/lib/python3.8/site-packages/airflow/example_dags/example_short_circuit_decorator.py
[2025-06-01T18:25:55.071+0200] {processor.py:839} INFO - DAG(s) dict_keys(['example_short_circuit_decorator']) retrieved from /home/lohit/miniconda3/envs/airflow-env/lib/python3.8/site-packages/airflow/example_dags/example_short_circuit_decorator.py
[2025-06-01T18:25:55.082+0200] {logging_mixin.py:154} INFO - [2025-06-01T18:25:55.082+0200] {dag.py:2941} INFO - Sync 1 DAGs
[2025-06-01T18:25:55.095+0200] {logging_mixin.py:154} INFO - [2025-06-01T18:25:55.094+0200] {dag.py:3722} INFO - Setting next_dagrun for example_short_circuit_decorator to 2025-05-31T16:25:55.094764+00:00, run_after=2025-06-01T16:25:55.094764+00:00
[2025-06-01T18:25:55.112+0200] {processor.py:179} INFO - Processing /home/lohit/miniconda3/envs/airflow-env/lib/python3.8/site-packages/airflow/example_dags/example_short_circuit_decorator.py took 0.051 seconds
[2025-06-01T18:26:44.359+0200] {processor.py:157} INFO - Started process (PID=30170) to work on /home/lohit/miniconda3/envs/airflow-env/lib/python3.8/site-packages/airflow/example_dags/example_short_circuit_decorator.py
[2025-06-01T18:26:44.362+0200] {processor.py:829} INFO - Processing file /home/lohit/miniconda3/envs/airflow-env/lib/python3.8/site-packages/airflow/example_dags/example_short_circuit_decorator.py for tasks to queue
[2025-06-01T18:26:44.363+0200] {logging_mixin.py:154} INFO - [2025-06-01T18:26:44.363+0200] {dagbag.py:536} INFO - Filling up the DagBag from /home/lohit/miniconda3/envs/airflow-env/lib/python3.8/site-packages/airflow/example_dags/example_short_circuit_decorator.py
[2025-06-01T18:26:44.369+0200] {processor.py:839} INFO - DAG(s) dict_keys(['example_short_circuit_decorator']) retrieved from /home/lohit/miniconda3/envs/airflow-env/lib/python3.8/site-packages/airflow/example_dags/example_short_circuit_decorator.py
[2025-06-01T18:26:44.381+0200] {logging_mixin.py:154} INFO - [2025-06-01T18:26:44.380+0200] {dag.py:2941} INFO - Sync 1 DAGs
[2025-06-01T18:26:44.393+0200] {logging_mixin.py:154} INFO - [2025-06-01T18:26:44.393+0200] {dag.py:3722} INFO - Setting next_dagrun for example_short_circuit_decorator to 2025-05-31T16:26:44.393631+00:00, run_after=2025-06-01T16:26:44.393631+00:00
[2025-06-01T18:26:44.410+0200] {processor.py:179} INFO - Processing /home/lohit/miniconda3/envs/airflow-env/lib/python3.8/site-packages/airflow/example_dags/example_short_circuit_decorator.py took 0.053 seconds
[2025-06-01T18:27:27.149+0200] {processor.py:157} INFO - Started process (PID=30238) to work on /home/lohit/miniconda3/envs/airflow-env/lib/python3.8/site-packages/airflow/example_dags/example_short_circuit_decorator.py
[2025-06-01T18:27:27.151+0200] {processor.py:829} INFO - Processing file /home/lohit/miniconda3/envs/airflow-env/lib/python3.8/site-packages/airflow/example_dags/example_short_circuit_decorator.py for tasks to queue
[2025-06-01T18:27:27.151+0200] {logging_mixin.py:154} INFO - [2025-06-01T18:27:27.151+0200] {dagbag.py:536} INFO - Filling up the DagBag from /home/lohit/miniconda3/envs/airflow-env/lib/python3.8/site-packages/airflow/example_dags/example_short_circuit_decorator.py
[2025-06-01T18:27:27.158+0200] {processor.py:839} INFO - DAG(s) dict_keys(['example_short_circuit_decorator']) retrieved from /home/lohit/miniconda3/envs/airflow-env/lib/python3.8/site-packages/airflow/example_dags/example_short_circuit_decorator.py
[2025-06-01T18:27:27.170+0200] {logging_mixin.py:154} INFO - [2025-06-01T18:27:27.170+0200] {dag.py:2941} INFO - Sync 1 DAGs
[2025-06-01T18:27:27.183+0200] {logging_mixin.py:154} INFO - [2025-06-01T18:27:27.183+0200] {dag.py:3722} INFO - Setting next_dagrun for example_short_circuit_decorator to 2025-05-31T16:27:27.182907+00:00, run_after=2025-06-01T16:27:27.182907+00:00
[2025-06-01T18:27:27.208+0200] {processor.py:179} INFO - Processing /home/lohit/miniconda3/envs/airflow-env/lib/python3.8/site-packages/airflow/example_dags/example_short_circuit_decorator.py took 0.061 seconds
[2025-06-01T18:28:15.971+0200] {processor.py:157} INFO - Started process (PID=30309) to work on /home/lohit/miniconda3/envs/airflow-env/lib/python3.8/site-packages/airflow/example_dags/example_short_circuit_decorator.py
[2025-06-01T18:28:15.974+0200] {processor.py:829} INFO - Processing file /home/lohit/miniconda3/envs/airflow-env/lib/python3.8/site-packages/airflow/example_dags/example_short_circuit_decorator.py for tasks to queue
[2025-06-01T18:28:15.974+0200] {logging_mixin.py:154} INFO - [2025-06-01T18:28:15.974+0200] {dagbag.py:536} INFO - Filling up the DagBag from /home/lohit/miniconda3/envs/airflow-env/lib/python3.8/site-packages/airflow/example_dags/example_short_circuit_decorator.py
[2025-06-01T18:28:15.981+0200] {processor.py:839} INFO - DAG(s) dict_keys(['example_short_circuit_decorator']) retrieved from /home/lohit/miniconda3/envs/airflow-env/lib/python3.8/site-packages/airflow/example_dags/example_short_circuit_decorator.py
[2025-06-01T18:28:15.991+0200] {logging_mixin.py:154} INFO - [2025-06-01T18:28:15.991+0200] {dag.py:2941} INFO - Sync 1 DAGs
[2025-06-01T18:28:16.002+0200] {logging_mixin.py:154} INFO - [2025-06-01T18:28:16.002+0200] {dag.py:3722} INFO - Setting next_dagrun for example_short_circuit_decorator to 2025-05-31T16:28:16.002536+00:00, run_after=2025-06-01T16:28:16.002536+00:00
[2025-06-01T18:28:16.018+0200] {processor.py:179} INFO - Processing /home/lohit/miniconda3/envs/airflow-env/lib/python3.8/site-packages/airflow/example_dags/example_short_circuit_decorator.py took 0.049 seconds
[2025-06-01T18:29:03.292+0200] {processor.py:157} INFO - Started process (PID=30379) to work on /home/lohit/miniconda3/envs/airflow-env/lib/python3.8/site-packages/airflow/example_dags/example_short_circuit_decorator.py
[2025-06-01T18:29:03.296+0200] {processor.py:829} INFO - Processing file /home/lohit/miniconda3/envs/airflow-env/lib/python3.8/site-packages/airflow/example_dags/example_short_circuit_decorator.py for tasks to queue
[2025-06-01T18:29:03.297+0200] {logging_mixin.py:154} INFO - [2025-06-01T18:29:03.296+0200] {dagbag.py:536} INFO - Filling up the DagBag from /home/lohit/miniconda3/envs/airflow-env/lib/python3.8/site-packages/airflow/example_dags/example_short_circuit_decorator.py
[2025-06-01T18:29:03.302+0200] {processor.py:839} INFO - DAG(s) dict_keys(['example_short_circuit_decorator']) retrieved from /home/lohit/miniconda3/envs/airflow-env/lib/python3.8/site-packages/airflow/example_dags/example_short_circuit_decorator.py
[2025-06-01T18:29:03.311+0200] {logging_mixin.py:154} INFO - [2025-06-01T18:29:03.311+0200] {dag.py:2941} INFO - Sync 1 DAGs
[2025-06-01T18:29:03.321+0200] {logging_mixin.py:154} INFO - [2025-06-01T18:29:03.321+0200] {dag.py:3722} INFO - Setting next_dagrun for example_short_circuit_decorator to 2025-05-31T16:29:03.321689+00:00, run_after=2025-06-01T16:29:03.321689+00:00
[2025-06-01T18:29:03.337+0200] {processor.py:179} INFO - Processing /home/lohit/miniconda3/envs/airflow-env/lib/python3.8/site-packages/airflow/example_dags/example_short_circuit_decorator.py took 0.046 seconds
[2025-06-01T18:29:48.412+0200] {processor.py:157} INFO - Started process (PID=30446) to work on /home/lohit/miniconda3/envs/airflow-env/lib/python3.8/site-packages/airflow/example_dags/example_short_circuit_decorator.py
[2025-06-01T18:29:48.416+0200] {processor.py:829} INFO - Processing file /home/lohit/miniconda3/envs/airflow-env/lib/python3.8/site-packages/airflow/example_dags/example_short_circuit_decorator.py for tasks to queue
[2025-06-01T18:29:48.417+0200] {logging_mixin.py:154} INFO - [2025-06-01T18:29:48.416+0200] {dagbag.py:536} INFO - Filling up the DagBag from /home/lohit/miniconda3/envs/airflow-env/lib/python3.8/site-packages/airflow/example_dags/example_short_circuit_decorator.py
[2025-06-01T18:29:48.424+0200] {processor.py:839} INFO - DAG(s) dict_keys(['example_short_circuit_decorator']) retrieved from /home/lohit/miniconda3/envs/airflow-env/lib/python3.8/site-packages/airflow/example_dags/example_short_circuit_decorator.py
[2025-06-01T18:29:48.435+0200] {logging_mixin.py:154} INFO - [2025-06-01T18:29:48.435+0200] {dag.py:2941} INFO - Sync 1 DAGs
[2025-06-01T18:29:48.446+0200] {logging_mixin.py:154} INFO - [2025-06-01T18:29:48.446+0200] {dag.py:3722} INFO - Setting next_dagrun for example_short_circuit_decorator to 2025-05-31T16:29:48.446526+00:00, run_after=2025-06-01T16:29:48.446526+00:00
[2025-06-01T18:29:48.464+0200] {processor.py:179} INFO - Processing /home/lohit/miniconda3/envs/airflow-env/lib/python3.8/site-packages/airflow/example_dags/example_short_circuit_decorator.py took 0.054 seconds
[2025-06-01T18:30:30.737+0200] {processor.py:157} INFO - Started process (PID=30514) to work on /home/lohit/miniconda3/envs/airflow-env/lib/python3.8/site-packages/airflow/example_dags/example_short_circuit_decorator.py
[2025-06-01T18:30:30.741+0200] {processor.py:829} INFO - Processing file /home/lohit/miniconda3/envs/airflow-env/lib/python3.8/site-packages/airflow/example_dags/example_short_circuit_decorator.py for tasks to queue
[2025-06-01T18:30:30.742+0200] {logging_mixin.py:154} INFO - [2025-06-01T18:30:30.741+0200] {dagbag.py:536} INFO - Filling up the DagBag from /home/lohit/miniconda3/envs/airflow-env/lib/python3.8/site-packages/airflow/example_dags/example_short_circuit_decorator.py
[2025-06-01T18:30:30.748+0200] {processor.py:839} INFO - DAG(s) dict_keys(['example_short_circuit_decorator']) retrieved from /home/lohit/miniconda3/envs/airflow-env/lib/python3.8/site-packages/airflow/example_dags/example_short_circuit_decorator.py
[2025-06-01T18:30:30.759+0200] {logging_mixin.py:154} INFO - [2025-06-01T18:30:30.759+0200] {dag.py:2941} INFO - Sync 1 DAGs
[2025-06-01T18:30:30.770+0200] {logging_mixin.py:154} INFO - [2025-06-01T18:30:30.770+0200] {dag.py:3722} INFO - Setting next_dagrun for example_short_circuit_decorator to 2025-05-31T16:30:30.770495+00:00, run_after=2025-06-01T16:30:30.770495+00:00
[2025-06-01T18:30:30.787+0200] {processor.py:179} INFO - Processing /home/lohit/miniconda3/envs/airflow-env/lib/python3.8/site-packages/airflow/example_dags/example_short_circuit_decorator.py took 0.052 seconds
[2025-06-01T18:31:16.913+0200] {processor.py:157} INFO - Started process (PID=30584) to work on /home/lohit/miniconda3/envs/airflow-env/lib/python3.8/site-packages/airflow/example_dags/example_short_circuit_decorator.py
[2025-06-01T18:31:16.917+0200] {processor.py:829} INFO - Processing file /home/lohit/miniconda3/envs/airflow-env/lib/python3.8/site-packages/airflow/example_dags/example_short_circuit_decorator.py for tasks to queue
[2025-06-01T18:31:16.917+0200] {logging_mixin.py:154} INFO - [2025-06-01T18:31:16.917+0200] {dagbag.py:536} INFO - Filling up the DagBag from /home/lohit/miniconda3/envs/airflow-env/lib/python3.8/site-packages/airflow/example_dags/example_short_circuit_decorator.py
[2025-06-01T18:31:16.924+0200] {processor.py:839} INFO - DAG(s) dict_keys(['example_short_circuit_decorator']) retrieved from /home/lohit/miniconda3/envs/airflow-env/lib/python3.8/site-packages/airflow/example_dags/example_short_circuit_decorator.py
[2025-06-01T18:31:16.936+0200] {logging_mixin.py:154} INFO - [2025-06-01T18:31:16.936+0200] {dag.py:2941} INFO - Sync 1 DAGs
[2025-06-01T18:31:16.948+0200] {logging_mixin.py:154} INFO - [2025-06-01T18:31:16.948+0200] {dag.py:3722} INFO - Setting next_dagrun for example_short_circuit_decorator to 2025-05-31T16:31:16.948512+00:00, run_after=2025-06-01T16:31:16.948512+00:00
[2025-06-01T18:31:16.966+0200] {processor.py:179} INFO - Processing /home/lohit/miniconda3/envs/airflow-env/lib/python3.8/site-packages/airflow/example_dags/example_short_circuit_decorator.py took 0.054 seconds
[2025-06-01T18:32:00.738+0200] {processor.py:157} INFO - Started process (PID=30652) to work on /home/lohit/miniconda3/envs/airflow-env/lib/python3.8/site-packages/airflow/example_dags/example_short_circuit_decorator.py
[2025-06-01T18:32:00.741+0200] {processor.py:829} INFO - Processing file /home/lohit/miniconda3/envs/airflow-env/lib/python3.8/site-packages/airflow/example_dags/example_short_circuit_decorator.py for tasks to queue
[2025-06-01T18:32:00.742+0200] {logging_mixin.py:154} INFO - [2025-06-01T18:32:00.741+0200] {dagbag.py:536} INFO - Filling up the DagBag from /home/lohit/miniconda3/envs/airflow-env/lib/python3.8/site-packages/airflow/example_dags/example_short_circuit_decorator.py
[2025-06-01T18:32:00.749+0200] {processor.py:839} INFO - DAG(s) dict_keys(['example_short_circuit_decorator']) retrieved from /home/lohit/miniconda3/envs/airflow-env/lib/python3.8/site-packages/airflow/example_dags/example_short_circuit_decorator.py
[2025-06-01T18:32:00.760+0200] {logging_mixin.py:154} INFO - [2025-06-01T18:32:00.760+0200] {dag.py:2941} INFO - Sync 1 DAGs
[2025-06-01T18:32:00.772+0200] {logging_mixin.py:154} INFO - [2025-06-01T18:32:00.772+0200] {dag.py:3722} INFO - Setting next_dagrun for example_short_circuit_decorator to 2025-05-31T16:32:00.771863+00:00, run_after=2025-06-01T16:32:00.771863+00:00
[2025-06-01T18:32:00.788+0200] {processor.py:179} INFO - Processing /home/lohit/miniconda3/envs/airflow-env/lib/python3.8/site-packages/airflow/example_dags/example_short_circuit_decorator.py took 0.053 seconds
[2025-06-01T18:32:48.659+0200] {processor.py:157} INFO - Started process (PID=30722) to work on /home/lohit/miniconda3/envs/airflow-env/lib/python3.8/site-packages/airflow/example_dags/example_short_circuit_decorator.py
[2025-06-01T18:32:48.663+0200] {processor.py:829} INFO - Processing file /home/lohit/miniconda3/envs/airflow-env/lib/python3.8/site-packages/airflow/example_dags/example_short_circuit_decorator.py for tasks to queue
[2025-06-01T18:32:48.663+0200] {logging_mixin.py:154} INFO - [2025-06-01T18:32:48.663+0200] {dagbag.py:536} INFO - Filling up the DagBag from /home/lohit/miniconda3/envs/airflow-env/lib/python3.8/site-packages/airflow/example_dags/example_short_circuit_decorator.py
[2025-06-01T18:32:48.669+0200] {processor.py:839} INFO - DAG(s) dict_keys(['example_short_circuit_decorator']) retrieved from /home/lohit/miniconda3/envs/airflow-env/lib/python3.8/site-packages/airflow/example_dags/example_short_circuit_decorator.py
[2025-06-01T18:32:48.681+0200] {logging_mixin.py:154} INFO - [2025-06-01T18:32:48.681+0200] {dag.py:2941} INFO - Sync 1 DAGs
[2025-06-01T18:32:48.693+0200] {logging_mixin.py:154} INFO - [2025-06-01T18:32:48.693+0200] {dag.py:3722} INFO - Setting next_dagrun for example_short_circuit_decorator to 2025-05-31T16:32:48.693068+00:00, run_after=2025-06-01T16:32:48.693068+00:00
[2025-06-01T18:32:48.708+0200] {processor.py:179} INFO - Processing /home/lohit/miniconda3/envs/airflow-env/lib/python3.8/site-packages/airflow/example_dags/example_short_circuit_decorator.py took 0.051 seconds
[2025-06-01T18:33:31.910+0200] {processor.py:157} INFO - Started process (PID=30789) to work on /home/lohit/miniconda3/envs/airflow-env/lib/python3.8/site-packages/airflow/example_dags/example_short_circuit_decorator.py
[2025-06-01T18:33:31.914+0200] {processor.py:829} INFO - Processing file /home/lohit/miniconda3/envs/airflow-env/lib/python3.8/site-packages/airflow/example_dags/example_short_circuit_decorator.py for tasks to queue
[2025-06-01T18:33:31.914+0200] {logging_mixin.py:154} INFO - [2025-06-01T18:33:31.914+0200] {dagbag.py:536} INFO - Filling up the DagBag from /home/lohit/miniconda3/envs/airflow-env/lib/python3.8/site-packages/airflow/example_dags/example_short_circuit_decorator.py
[2025-06-01T18:33:31.920+0200] {processor.py:839} INFO - DAG(s) dict_keys(['example_short_circuit_decorator']) retrieved from /home/lohit/miniconda3/envs/airflow-env/lib/python3.8/site-packages/airflow/example_dags/example_short_circuit_decorator.py
[2025-06-01T18:33:31.931+0200] {logging_mixin.py:154} INFO - [2025-06-01T18:33:31.931+0200] {dag.py:2941} INFO - Sync 1 DAGs
[2025-06-01T18:33:31.942+0200] {logging_mixin.py:154} INFO - [2025-06-01T18:33:31.942+0200] {dag.py:3722} INFO - Setting next_dagrun for example_short_circuit_decorator to 2025-05-31T16:33:31.941916+00:00, run_after=2025-06-01T16:33:31.941916+00:00
[2025-06-01T18:33:31.959+0200] {processor.py:179} INFO - Processing /home/lohit/miniconda3/envs/airflow-env/lib/python3.8/site-packages/airflow/example_dags/example_short_circuit_decorator.py took 0.051 seconds
[2025-06-01T18:34:23.721+0200] {processor.py:157} INFO - Started process (PID=30862) to work on /home/lohit/miniconda3/envs/airflow-env/lib/python3.8/site-packages/airflow/example_dags/example_short_circuit_decorator.py
[2025-06-01T18:34:23.723+0200] {processor.py:829} INFO - Processing file /home/lohit/miniconda3/envs/airflow-env/lib/python3.8/site-packages/airflow/example_dags/example_short_circuit_decorator.py for tasks to queue
[2025-06-01T18:34:23.723+0200] {logging_mixin.py:154} INFO - [2025-06-01T18:34:23.723+0200] {dagbag.py:536} INFO - Filling up the DagBag from /home/lohit/miniconda3/envs/airflow-env/lib/python3.8/site-packages/airflow/example_dags/example_short_circuit_decorator.py
[2025-06-01T18:34:23.730+0200] {processor.py:839} INFO - DAG(s) dict_keys(['example_short_circuit_decorator']) retrieved from /home/lohit/miniconda3/envs/airflow-env/lib/python3.8/site-packages/airflow/example_dags/example_short_circuit_decorator.py
[2025-06-01T18:34:23.742+0200] {logging_mixin.py:154} INFO - [2025-06-01T18:34:23.742+0200] {dag.py:2941} INFO - Sync 1 DAGs
[2025-06-01T18:34:23.753+0200] {logging_mixin.py:154} INFO - [2025-06-01T18:34:23.753+0200] {dag.py:3722} INFO - Setting next_dagrun for example_short_circuit_decorator to 2025-05-31T16:34:23.753237+00:00, run_after=2025-06-01T16:34:23.753237+00:00
[2025-06-01T18:34:23.769+0200] {processor.py:179} INFO - Processing /home/lohit/miniconda3/envs/airflow-env/lib/python3.8/site-packages/airflow/example_dags/example_short_circuit_decorator.py took 0.050 seconds
[2025-06-01T18:35:08.373+0200] {processor.py:157} INFO - Started process (PID=31646) to work on /home/lohit/miniconda3/envs/airflow-env/lib/python3.8/site-packages/airflow/example_dags/example_short_circuit_decorator.py
[2025-06-01T18:35:08.374+0200] {processor.py:829} INFO - Processing file /home/lohit/miniconda3/envs/airflow-env/lib/python3.8/site-packages/airflow/example_dags/example_short_circuit_decorator.py for tasks to queue
[2025-06-01T18:35:08.375+0200] {logging_mixin.py:154} INFO - [2025-06-01T18:35:08.375+0200] {dagbag.py:536} INFO - Filling up the DagBag from /home/lohit/miniconda3/envs/airflow-env/lib/python3.8/site-packages/airflow/example_dags/example_short_circuit_decorator.py
[2025-06-01T18:35:08.381+0200] {processor.py:839} INFO - DAG(s) dict_keys(['example_short_circuit_decorator']) retrieved from /home/lohit/miniconda3/envs/airflow-env/lib/python3.8/site-packages/airflow/example_dags/example_short_circuit_decorator.py
[2025-06-01T18:35:08.392+0200] {logging_mixin.py:154} INFO - [2025-06-01T18:35:08.392+0200] {dag.py:2941} INFO - Sync 1 DAGs
[2025-06-01T18:35:08.405+0200] {logging_mixin.py:154} INFO - [2025-06-01T18:35:08.405+0200] {dag.py:3722} INFO - Setting next_dagrun for example_short_circuit_decorator to 2025-05-31T16:35:08.405623+00:00, run_after=2025-06-01T16:35:08.405623+00:00
[2025-06-01T18:35:08.422+0200] {processor.py:179} INFO - Processing /home/lohit/miniconda3/envs/airflow-env/lib/python3.8/site-packages/airflow/example_dags/example_short_circuit_decorator.py took 0.053 seconds
