[2025-06-01T17:52:53.235+0200] {processor.py:157} INFO - Started process (PID=27065) to work on /home/lohit/miniconda3/envs/airflow-env/lib/python3.8/site-packages/airflow/example_dags/example_task_group.py
[2025-06-01T17:52:53.235+0200] {processor.py:829} INFO - Processing file /home/lohit/miniconda3/envs/airflow-env/lib/python3.8/site-packages/airflow/example_dags/example_task_group.py for tasks to queue
[2025-06-01T17:52:53.236+0200] {logging_mixin.py:154} INFO - [2025-06-01T17:52:53.236+0200] {dagbag.py:536} INFO - Filling up the DagBag from /home/lohit/miniconda3/envs/airflow-env/lib/python3.8/site-packages/airflow/example_dags/example_task_group.py
[2025-06-01T17:52:53.246+0200] {processor.py:839} INFO - DAG(s) dict_keys(['example_task_group']) retrieved from /home/lohit/miniconda3/envs/airflow-env/lib/python3.8/site-packages/airflow/example_dags/example_task_group.py
[2025-06-01T17:52:53.263+0200] {logging_mixin.py:154} INFO - [2025-06-01T17:52:53.263+0200] {dag.py:2941} INFO - Sync 1 DAGs
[2025-06-01T17:52:53.276+0200] {logging_mixin.py:154} INFO - [2025-06-01T17:52:53.276+0200] {dag.py:3722} INFO - Setting next_dagrun for example_task_group to 2025-05-31T15:52:53.276529+00:00, run_after=2025-06-01T15:52:53.276529+00:00
[2025-06-01T17:52:53.294+0200] {processor.py:179} INFO - Processing /home/lohit/miniconda3/envs/airflow-env/lib/python3.8/site-packages/airflow/example_dags/example_task_group.py took 0.061 seconds
[2025-06-01T17:53:37.141+0200] {processor.py:157} INFO - Started process (PID=27133) to work on /home/lohit/miniconda3/envs/airflow-env/lib/python3.8/site-packages/airflow/example_dags/example_task_group.py
[2025-06-01T17:53:37.145+0200] {processor.py:829} INFO - Processing file /home/lohit/miniconda3/envs/airflow-env/lib/python3.8/site-packages/airflow/example_dags/example_task_group.py for tasks to queue
[2025-06-01T17:53:37.145+0200] {logging_mixin.py:154} INFO - [2025-06-01T17:53:37.145+0200] {dagbag.py:536} INFO - Filling up the DagBag from /home/lohit/miniconda3/envs/airflow-env/lib/python3.8/site-packages/airflow/example_dags/example_task_group.py
[2025-06-01T17:53:37.150+0200] {processor.py:839} INFO - DAG(s) dict_keys(['example_task_group']) retrieved from /home/lohit/miniconda3/envs/airflow-env/lib/python3.8/site-packages/airflow/example_dags/example_task_group.py
[2025-06-01T17:53:37.160+0200] {logging_mixin.py:154} INFO - [2025-06-01T17:53:37.160+0200] {dag.py:2941} INFO - Sync 1 DAGs
[2025-06-01T17:53:37.170+0200] {logging_mixin.py:154} INFO - [2025-06-01T17:53:37.170+0200] {dag.py:3722} INFO - Setting next_dagrun for example_task_group to 2025-05-31T15:53:37.170113+00:00, run_after=2025-06-01T15:53:37.170113+00:00
[2025-06-01T17:53:37.186+0200] {processor.py:179} INFO - Processing /home/lohit/miniconda3/envs/airflow-env/lib/python3.8/site-packages/airflow/example_dags/example_task_group.py took 0.047 seconds
[2025-06-01T17:54:21.521+0200] {processor.py:157} INFO - Started process (PID=27201) to work on /home/lohit/miniconda3/envs/airflow-env/lib/python3.8/site-packages/airflow/example_dags/example_task_group.py
[2025-06-01T17:54:21.523+0200] {processor.py:829} INFO - Processing file /home/lohit/miniconda3/envs/airflow-env/lib/python3.8/site-packages/airflow/example_dags/example_task_group.py for tasks to queue
[2025-06-01T17:54:21.523+0200] {logging_mixin.py:154} INFO - [2025-06-01T17:54:21.523+0200] {dagbag.py:536} INFO - Filling up the DagBag from /home/lohit/miniconda3/envs/airflow-env/lib/python3.8/site-packages/airflow/example_dags/example_task_group.py
[2025-06-01T17:54:21.528+0200] {processor.py:839} INFO - DAG(s) dict_keys(['example_task_group']) retrieved from /home/lohit/miniconda3/envs/airflow-env/lib/python3.8/site-packages/airflow/example_dags/example_task_group.py
[2025-06-01T17:54:21.537+0200] {logging_mixin.py:154} INFO - [2025-06-01T17:54:21.537+0200] {dag.py:2941} INFO - Sync 1 DAGs
[2025-06-01T17:54:21.547+0200] {logging_mixin.py:154} INFO - [2025-06-01T17:54:21.547+0200] {dag.py:3722} INFO - Setting next_dagrun for example_task_group to 2025-05-31T15:54:21.547173+00:00, run_after=2025-06-01T15:54:21.547173+00:00
[2025-06-01T17:54:21.562+0200] {processor.py:179} INFO - Processing /home/lohit/miniconda3/envs/airflow-env/lib/python3.8/site-packages/airflow/example_dags/example_task_group.py took 0.042 seconds
[2025-06-01T17:55:09.164+0200] {processor.py:157} INFO - Started process (PID=27271) to work on /home/lohit/miniconda3/envs/airflow-env/lib/python3.8/site-packages/airflow/example_dags/example_task_group.py
[2025-06-01T17:55:09.167+0200] {processor.py:829} INFO - Processing file /home/lohit/miniconda3/envs/airflow-env/lib/python3.8/site-packages/airflow/example_dags/example_task_group.py for tasks to queue
[2025-06-01T17:55:09.168+0200] {logging_mixin.py:154} INFO - [2025-06-01T17:55:09.168+0200] {dagbag.py:536} INFO - Filling up the DagBag from /home/lohit/miniconda3/envs/airflow-env/lib/python3.8/site-packages/airflow/example_dags/example_task_group.py
[2025-06-01T17:55:09.174+0200] {processor.py:839} INFO - DAG(s) dict_keys(['example_task_group']) retrieved from /home/lohit/miniconda3/envs/airflow-env/lib/python3.8/site-packages/airflow/example_dags/example_task_group.py
[2025-06-01T17:55:09.185+0200] {logging_mixin.py:154} INFO - [2025-06-01T17:55:09.184+0200] {dag.py:2941} INFO - Sync 1 DAGs
[2025-06-01T17:55:09.199+0200] {logging_mixin.py:154} INFO - [2025-06-01T17:55:09.198+0200] {dag.py:3722} INFO - Setting next_dagrun for example_task_group to 2025-05-31T15:55:09.198804+00:00, run_after=2025-06-01T15:55:09.198804+00:00
[2025-06-01T17:55:09.215+0200] {processor.py:179} INFO - Processing /home/lohit/miniconda3/envs/airflow-env/lib/python3.8/site-packages/airflow/example_dags/example_task_group.py took 0.053 seconds
[2025-06-01T17:55:53.290+0200] {processor.py:157} INFO - Started process (PID=27339) to work on /home/lohit/miniconda3/envs/airflow-env/lib/python3.8/site-packages/airflow/example_dags/example_task_group.py
[2025-06-01T17:55:53.294+0200] {processor.py:829} INFO - Processing file /home/lohit/miniconda3/envs/airflow-env/lib/python3.8/site-packages/airflow/example_dags/example_task_group.py for tasks to queue
[2025-06-01T17:55:53.294+0200] {logging_mixin.py:154} INFO - [2025-06-01T17:55:53.294+0200] {dagbag.py:536} INFO - Filling up the DagBag from /home/lohit/miniconda3/envs/airflow-env/lib/python3.8/site-packages/airflow/example_dags/example_task_group.py
[2025-06-01T17:55:53.299+0200] {processor.py:839} INFO - DAG(s) dict_keys(['example_task_group']) retrieved from /home/lohit/miniconda3/envs/airflow-env/lib/python3.8/site-packages/airflow/example_dags/example_task_group.py
[2025-06-01T17:55:53.309+0200] {logging_mixin.py:154} INFO - [2025-06-01T17:55:53.309+0200] {dag.py:2941} INFO - Sync 1 DAGs
[2025-06-01T17:55:53.324+0200] {logging_mixin.py:154} INFO - [2025-06-01T17:55:53.324+0200] {dag.py:3722} INFO - Setting next_dagrun for example_task_group to 2025-05-31T15:55:53.324046+00:00, run_after=2025-06-01T15:55:53.324046+00:00
[2025-06-01T17:55:53.342+0200] {processor.py:179} INFO - Processing /home/lohit/miniconda3/envs/airflow-env/lib/python3.8/site-packages/airflow/example_dags/example_task_group.py took 0.053 seconds
[2025-06-01T17:56:38.823+0200] {processor.py:157} INFO - Started process (PID=27407) to work on /home/lohit/miniconda3/envs/airflow-env/lib/python3.8/site-packages/airflow/example_dags/example_task_group.py
[2025-06-01T17:56:38.825+0200] {processor.py:829} INFO - Processing file /home/lohit/miniconda3/envs/airflow-env/lib/python3.8/site-packages/airflow/example_dags/example_task_group.py for tasks to queue
[2025-06-01T17:56:38.825+0200] {logging_mixin.py:154} INFO - [2025-06-01T17:56:38.825+0200] {dagbag.py:536} INFO - Filling up the DagBag from /home/lohit/miniconda3/envs/airflow-env/lib/python3.8/site-packages/airflow/example_dags/example_task_group.py
[2025-06-01T17:56:38.832+0200] {processor.py:839} INFO - DAG(s) dict_keys(['example_task_group']) retrieved from /home/lohit/miniconda3/envs/airflow-env/lib/python3.8/site-packages/airflow/example_dags/example_task_group.py
[2025-06-01T17:56:38.844+0200] {logging_mixin.py:154} INFO - [2025-06-01T17:56:38.844+0200] {dag.py:2941} INFO - Sync 1 DAGs
[2025-06-01T17:56:38.858+0200] {logging_mixin.py:154} INFO - [2025-06-01T17:56:38.858+0200] {dag.py:3722} INFO - Setting next_dagrun for example_task_group to 2025-05-31T15:56:38.858129+00:00, run_after=2025-06-01T15:56:38.858129+00:00
[2025-06-01T17:56:38.874+0200] {processor.py:179} INFO - Processing /home/lohit/miniconda3/envs/airflow-env/lib/python3.8/site-packages/airflow/example_dags/example_task_group.py took 0.054 seconds
[2025-06-01T17:57:27.866+0200] {processor.py:157} INFO - Started process (PID=27479) to work on /home/lohit/miniconda3/envs/airflow-env/lib/python3.8/site-packages/airflow/example_dags/example_task_group.py
[2025-06-01T17:57:27.870+0200] {processor.py:829} INFO - Processing file /home/lohit/miniconda3/envs/airflow-env/lib/python3.8/site-packages/airflow/example_dags/example_task_group.py for tasks to queue
[2025-06-01T17:57:27.870+0200] {logging_mixin.py:154} INFO - [2025-06-01T17:57:27.870+0200] {dagbag.py:536} INFO - Filling up the DagBag from /home/lohit/miniconda3/envs/airflow-env/lib/python3.8/site-packages/airflow/example_dags/example_task_group.py
[2025-06-01T17:57:27.875+0200] {processor.py:839} INFO - DAG(s) dict_keys(['example_task_group']) retrieved from /home/lohit/miniconda3/envs/airflow-env/lib/python3.8/site-packages/airflow/example_dags/example_task_group.py
[2025-06-01T17:57:27.885+0200] {logging_mixin.py:154} INFO - [2025-06-01T17:57:27.885+0200] {dag.py:2941} INFO - Sync 1 DAGs
[2025-06-01T17:57:27.895+0200] {logging_mixin.py:154} INFO - [2025-06-01T17:57:27.895+0200] {dag.py:3722} INFO - Setting next_dagrun for example_task_group to 2025-05-31T15:57:27.895511+00:00, run_after=2025-06-01T15:57:27.895511+00:00
[2025-06-01T17:57:27.911+0200] {processor.py:179} INFO - Processing /home/lohit/miniconda3/envs/airflow-env/lib/python3.8/site-packages/airflow/example_dags/example_task_group.py took 0.048 seconds
[2025-06-01T17:58:12.772+0200] {processor.py:157} INFO - Started process (PID=27547) to work on /home/lohit/miniconda3/envs/airflow-env/lib/python3.8/site-packages/airflow/example_dags/example_task_group.py
[2025-06-01T17:58:12.775+0200] {processor.py:829} INFO - Processing file /home/lohit/miniconda3/envs/airflow-env/lib/python3.8/site-packages/airflow/example_dags/example_task_group.py for tasks to queue
[2025-06-01T17:58:12.776+0200] {logging_mixin.py:154} INFO - [2025-06-01T17:58:12.776+0200] {dagbag.py:536} INFO - Filling up the DagBag from /home/lohit/miniconda3/envs/airflow-env/lib/python3.8/site-packages/airflow/example_dags/example_task_group.py
[2025-06-01T17:58:12.781+0200] {processor.py:839} INFO - DAG(s) dict_keys(['example_task_group']) retrieved from /home/lohit/miniconda3/envs/airflow-env/lib/python3.8/site-packages/airflow/example_dags/example_task_group.py
[2025-06-01T17:58:12.792+0200] {logging_mixin.py:154} INFO - [2025-06-01T17:58:12.792+0200] {dag.py:2941} INFO - Sync 1 DAGs
[2025-06-01T17:58:12.802+0200] {logging_mixin.py:154} INFO - [2025-06-01T17:58:12.802+0200] {dag.py:3722} INFO - Setting next_dagrun for example_task_group to 2025-05-31T15:58:12.802019+00:00, run_after=2025-06-01T15:58:12.802019+00:00
[2025-06-01T17:58:12.820+0200] {processor.py:179} INFO - Processing /home/lohit/miniconda3/envs/airflow-env/lib/python3.8/site-packages/airflow/example_dags/example_task_group.py took 0.050 seconds
[2025-06-01T17:59:00.645+0200] {processor.py:157} INFO - Started process (PID=27618) to work on /home/lohit/miniconda3/envs/airflow-env/lib/python3.8/site-packages/airflow/example_dags/example_task_group.py
[2025-06-01T17:59:00.649+0200] {processor.py:829} INFO - Processing file /home/lohit/miniconda3/envs/airflow-env/lib/python3.8/site-packages/airflow/example_dags/example_task_group.py for tasks to queue
[2025-06-01T17:59:00.649+0200] {logging_mixin.py:154} INFO - [2025-06-01T17:59:00.649+0200] {dagbag.py:536} INFO - Filling up the DagBag from /home/lohit/miniconda3/envs/airflow-env/lib/python3.8/site-packages/airflow/example_dags/example_task_group.py
[2025-06-01T17:59:00.654+0200] {processor.py:839} INFO - DAG(s) dict_keys(['example_task_group']) retrieved from /home/lohit/miniconda3/envs/airflow-env/lib/python3.8/site-packages/airflow/example_dags/example_task_group.py
[2025-06-01T17:59:00.663+0200] {logging_mixin.py:154} INFO - [2025-06-01T17:59:00.662+0200] {dag.py:2941} INFO - Sync 1 DAGs
[2025-06-01T17:59:00.673+0200] {logging_mixin.py:154} INFO - [2025-06-01T17:59:00.673+0200] {dag.py:3722} INFO - Setting next_dagrun for example_task_group to 2025-05-31T15:59:00.673197+00:00, run_after=2025-06-01T15:59:00.673197+00:00
[2025-06-01T17:59:00.691+0200] {processor.py:179} INFO - Processing /home/lohit/miniconda3/envs/airflow-env/lib/python3.8/site-packages/airflow/example_dags/example_task_group.py took 0.048 seconds
[2025-06-01T17:59:45.155+0200] {processor.py:157} INFO - Started process (PID=27686) to work on /home/lohit/miniconda3/envs/airflow-env/lib/python3.8/site-packages/airflow/example_dags/example_task_group.py
[2025-06-01T17:59:45.159+0200] {processor.py:829} INFO - Processing file /home/lohit/miniconda3/envs/airflow-env/lib/python3.8/site-packages/airflow/example_dags/example_task_group.py for tasks to queue
[2025-06-01T17:59:45.160+0200] {logging_mixin.py:154} INFO - [2025-06-01T17:59:45.160+0200] {dagbag.py:536} INFO - Filling up the DagBag from /home/lohit/miniconda3/envs/airflow-env/lib/python3.8/site-packages/airflow/example_dags/example_task_group.py
[2025-06-01T17:59:45.165+0200] {processor.py:839} INFO - DAG(s) dict_keys(['example_task_group']) retrieved from /home/lohit/miniconda3/envs/airflow-env/lib/python3.8/site-packages/airflow/example_dags/example_task_group.py
[2025-06-01T17:59:45.174+0200] {logging_mixin.py:154} INFO - [2025-06-01T17:59:45.174+0200] {dag.py:2941} INFO - Sync 1 DAGs
[2025-06-01T17:59:45.185+0200] {logging_mixin.py:154} INFO - [2025-06-01T17:59:45.185+0200] {dag.py:3722} INFO - Setting next_dagrun for example_task_group to 2025-05-31T15:59:45.185071+00:00, run_after=2025-06-01T15:59:45.185071+00:00
[2025-06-01T17:59:45.201+0200] {processor.py:179} INFO - Processing /home/lohit/miniconda3/envs/airflow-env/lib/python3.8/site-packages/airflow/example_dags/example_task_group.py took 0.049 seconds
[2025-06-01T18:00:34.207+0200] {processor.py:157} INFO - Started process (PID=27757) to work on /home/lohit/miniconda3/envs/airflow-env/lib/python3.8/site-packages/airflow/example_dags/example_task_group.py
[2025-06-01T18:00:34.208+0200] {processor.py:829} INFO - Processing file /home/lohit/miniconda3/envs/airflow-env/lib/python3.8/site-packages/airflow/example_dags/example_task_group.py for tasks to queue
[2025-06-01T18:00:34.209+0200] {logging_mixin.py:154} INFO - [2025-06-01T18:00:34.208+0200] {dagbag.py:536} INFO - Filling up the DagBag from /home/lohit/miniconda3/envs/airflow-env/lib/python3.8/site-packages/airflow/example_dags/example_task_group.py
[2025-06-01T18:00:34.214+0200] {processor.py:839} INFO - DAG(s) dict_keys(['example_task_group']) retrieved from /home/lohit/miniconda3/envs/airflow-env/lib/python3.8/site-packages/airflow/example_dags/example_task_group.py
[2025-06-01T18:00:34.226+0200] {logging_mixin.py:154} INFO - [2025-06-01T18:00:34.226+0200] {dag.py:2941} INFO - Sync 1 DAGs
[2025-06-01T18:00:34.237+0200] {logging_mixin.py:154} INFO - [2025-06-01T18:00:34.237+0200] {dag.py:3722} INFO - Setting next_dagrun for example_task_group to 2025-05-31T16:00:34.237049+00:00, run_after=2025-06-01T16:00:34.237049+00:00
[2025-06-01T18:00:34.252+0200] {processor.py:179} INFO - Processing /home/lohit/miniconda3/envs/airflow-env/lib/python3.8/site-packages/airflow/example_dags/example_task_group.py took 0.048 seconds
[2025-06-01T18:01:19.411+0200] {processor.py:157} INFO - Started process (PID=27858) to work on /home/lohit/miniconda3/envs/airflow-env/lib/python3.8/site-packages/airflow/example_dags/example_task_group.py
[2025-06-01T18:01:19.415+0200] {processor.py:829} INFO - Processing file /home/lohit/miniconda3/envs/airflow-env/lib/python3.8/site-packages/airflow/example_dags/example_task_group.py for tasks to queue
[2025-06-01T18:01:19.415+0200] {logging_mixin.py:154} INFO - [2025-06-01T18:01:19.415+0200] {dagbag.py:536} INFO - Filling up the DagBag from /home/lohit/miniconda3/envs/airflow-env/lib/python3.8/site-packages/airflow/example_dags/example_task_group.py
[2025-06-01T18:01:19.420+0200] {processor.py:839} INFO - DAG(s) dict_keys(['example_task_group']) retrieved from /home/lohit/miniconda3/envs/airflow-env/lib/python3.8/site-packages/airflow/example_dags/example_task_group.py
[2025-06-01T18:01:19.429+0200] {logging_mixin.py:154} INFO - [2025-06-01T18:01:19.429+0200] {dag.py:2941} INFO - Sync 1 DAGs
[2025-06-01T18:01:19.439+0200] {logging_mixin.py:154} INFO - [2025-06-01T18:01:19.439+0200] {dag.py:3722} INFO - Setting next_dagrun for example_task_group to 2025-05-31T16:01:19.439203+00:00, run_after=2025-06-01T16:01:19.439203+00:00
[2025-06-01T18:01:19.456+0200] {processor.py:179} INFO - Processing /home/lohit/miniconda3/envs/airflow-env/lib/python3.8/site-packages/airflow/example_dags/example_task_group.py took 0.046 seconds
[2025-06-01T18:02:07.829+0200] {processor.py:157} INFO - Started process (PID=27930) to work on /home/lohit/miniconda3/envs/airflow-env/lib/python3.8/site-packages/airflow/example_dags/example_task_group.py
[2025-06-01T18:02:07.832+0200] {processor.py:829} INFO - Processing file /home/lohit/miniconda3/envs/airflow-env/lib/python3.8/site-packages/airflow/example_dags/example_task_group.py for tasks to queue
[2025-06-01T18:02:07.833+0200] {logging_mixin.py:154} INFO - [2025-06-01T18:02:07.833+0200] {dagbag.py:536} INFO - Filling up the DagBag from /home/lohit/miniconda3/envs/airflow-env/lib/python3.8/site-packages/airflow/example_dags/example_task_group.py
[2025-06-01T18:02:07.839+0200] {processor.py:839} INFO - DAG(s) dict_keys(['example_task_group']) retrieved from /home/lohit/miniconda3/envs/airflow-env/lib/python3.8/site-packages/airflow/example_dags/example_task_group.py
[2025-06-01T18:02:07.848+0200] {logging_mixin.py:154} INFO - [2025-06-01T18:02:07.848+0200] {dag.py:2941} INFO - Sync 1 DAGs
[2025-06-01T18:02:07.858+0200] {logging_mixin.py:154} INFO - [2025-06-01T18:02:07.858+0200] {dag.py:3722} INFO - Setting next_dagrun for example_task_group to 2025-05-31T16:02:07.858302+00:00, run_after=2025-06-01T16:02:07.858302+00:00
[2025-06-01T18:02:07.873+0200] {processor.py:179} INFO - Processing /home/lohit/miniconda3/envs/airflow-env/lib/python3.8/site-packages/airflow/example_dags/example_task_group.py took 0.046 seconds
[2025-06-01T18:02:55.524+0200] {processor.py:157} INFO - Started process (PID=28006) to work on /home/lohit/miniconda3/envs/airflow-env/lib/python3.8/site-packages/airflow/example_dags/example_task_group.py
[2025-06-01T18:02:55.525+0200] {processor.py:829} INFO - Processing file /home/lohit/miniconda3/envs/airflow-env/lib/python3.8/site-packages/airflow/example_dags/example_task_group.py for tasks to queue
[2025-06-01T18:02:55.525+0200] {logging_mixin.py:154} INFO - [2025-06-01T18:02:55.525+0200] {dagbag.py:536} INFO - Filling up the DagBag from /home/lohit/miniconda3/envs/airflow-env/lib/python3.8/site-packages/airflow/example_dags/example_task_group.py
[2025-06-01T18:02:55.530+0200] {processor.py:839} INFO - DAG(s) dict_keys(['example_task_group']) retrieved from /home/lohit/miniconda3/envs/airflow-env/lib/python3.8/site-packages/airflow/example_dags/example_task_group.py
[2025-06-01T18:02:55.539+0200] {logging_mixin.py:154} INFO - [2025-06-01T18:02:55.539+0200] {dag.py:2941} INFO - Sync 1 DAGs
[2025-06-01T18:02:55.550+0200] {logging_mixin.py:154} INFO - [2025-06-01T18:02:55.550+0200] {dag.py:3722} INFO - Setting next_dagrun for example_task_group to 2025-05-31T16:02:55.549956+00:00, run_after=2025-06-01T16:02:55.549956+00:00
[2025-06-01T18:02:55.564+0200] {processor.py:179} INFO - Processing /home/lohit/miniconda3/envs/airflow-env/lib/python3.8/site-packages/airflow/example_dags/example_task_group.py took 0.042 seconds
[2025-06-01T18:03:44.500+0200] {processor.py:157} INFO - Started process (PID=28082) to work on /home/lohit/miniconda3/envs/airflow-env/lib/python3.8/site-packages/airflow/example_dags/example_task_group.py
[2025-06-01T18:03:44.501+0200] {processor.py:829} INFO - Processing file /home/lohit/miniconda3/envs/airflow-env/lib/python3.8/site-packages/airflow/example_dags/example_task_group.py for tasks to queue
[2025-06-01T18:03:44.502+0200] {logging_mixin.py:154} INFO - [2025-06-01T18:03:44.502+0200] {dagbag.py:536} INFO - Filling up the DagBag from /home/lohit/miniconda3/envs/airflow-env/lib/python3.8/site-packages/airflow/example_dags/example_task_group.py
[2025-06-01T18:03:44.508+0200] {processor.py:839} INFO - DAG(s) dict_keys(['example_task_group']) retrieved from /home/lohit/miniconda3/envs/airflow-env/lib/python3.8/site-packages/airflow/example_dags/example_task_group.py
[2025-06-01T18:03:44.518+0200] {logging_mixin.py:154} INFO - [2025-06-01T18:03:44.518+0200] {dag.py:2941} INFO - Sync 1 DAGs
[2025-06-01T18:03:44.528+0200] {logging_mixin.py:154} INFO - [2025-06-01T18:03:44.528+0200] {dag.py:3722} INFO - Setting next_dagrun for example_task_group to 2025-05-31T16:03:44.528623+00:00, run_after=2025-06-01T16:03:44.528623+00:00
[2025-06-01T18:03:44.544+0200] {processor.py:179} INFO - Processing /home/lohit/miniconda3/envs/airflow-env/lib/python3.8/site-packages/airflow/example_dags/example_task_group.py took 0.045 seconds
[2025-06-01T18:04:27.677+0200] {processor.py:157} INFO - Started process (PID=28155) to work on /home/lohit/miniconda3/envs/airflow-env/lib/python3.8/site-packages/airflow/example_dags/example_task_group.py
[2025-06-01T18:04:27.681+0200] {processor.py:829} INFO - Processing file /home/lohit/miniconda3/envs/airflow-env/lib/python3.8/site-packages/airflow/example_dags/example_task_group.py for tasks to queue
[2025-06-01T18:04:27.681+0200] {logging_mixin.py:154} INFO - [2025-06-01T18:04:27.681+0200] {dagbag.py:536} INFO - Filling up the DagBag from /home/lohit/miniconda3/envs/airflow-env/lib/python3.8/site-packages/airflow/example_dags/example_task_group.py
[2025-06-01T18:04:27.686+0200] {processor.py:839} INFO - DAG(s) dict_keys(['example_task_group']) retrieved from /home/lohit/miniconda3/envs/airflow-env/lib/python3.8/site-packages/airflow/example_dags/example_task_group.py
[2025-06-01T18:04:27.695+0200] {logging_mixin.py:154} INFO - [2025-06-01T18:04:27.695+0200] {dag.py:2941} INFO - Sync 1 DAGs
[2025-06-01T18:04:27.705+0200] {logging_mixin.py:154} INFO - [2025-06-01T18:04:27.705+0200] {dag.py:3722} INFO - Setting next_dagrun for example_task_group to 2025-05-31T16:04:27.704854+00:00, run_after=2025-06-01T16:04:27.704854+00:00
[2025-06-01T18:04:27.727+0200] {processor.py:179} INFO - Processing /home/lohit/miniconda3/envs/airflow-env/lib/python3.8/site-packages/airflow/example_dags/example_task_group.py took 0.052 seconds
[2025-06-01T18:05:18.179+0200] {processor.py:157} INFO - Started process (PID=28234) to work on /home/lohit/miniconda3/envs/airflow-env/lib/python3.8/site-packages/airflow/example_dags/example_task_group.py
[2025-06-01T18:05:18.183+0200] {processor.py:829} INFO - Processing file /home/lohit/miniconda3/envs/airflow-env/lib/python3.8/site-packages/airflow/example_dags/example_task_group.py for tasks to queue
[2025-06-01T18:05:18.183+0200] {logging_mixin.py:154} INFO - [2025-06-01T18:05:18.183+0200] {dagbag.py:536} INFO - Filling up the DagBag from /home/lohit/miniconda3/envs/airflow-env/lib/python3.8/site-packages/airflow/example_dags/example_task_group.py
[2025-06-01T18:05:18.188+0200] {processor.py:839} INFO - DAG(s) dict_keys(['example_task_group']) retrieved from /home/lohit/miniconda3/envs/airflow-env/lib/python3.8/site-packages/airflow/example_dags/example_task_group.py
[2025-06-01T18:05:18.198+0200] {logging_mixin.py:154} INFO - [2025-06-01T18:05:18.198+0200] {dag.py:2941} INFO - Sync 1 DAGs
[2025-06-01T18:05:18.208+0200] {logging_mixin.py:154} INFO - [2025-06-01T18:05:18.208+0200] {dag.py:3722} INFO - Setting next_dagrun for example_task_group to 2025-05-31T16:05:18.208310+00:00, run_after=2025-06-01T16:05:18.208310+00:00
[2025-06-01T18:05:18.223+0200] {processor.py:179} INFO - Processing /home/lohit/miniconda3/envs/airflow-env/lib/python3.8/site-packages/airflow/example_dags/example_task_group.py took 0.046 seconds
[2025-06-01T18:06:02.086+0200] {processor.py:157} INFO - Started process (PID=28306) to work on /home/lohit/miniconda3/envs/airflow-env/lib/python3.8/site-packages/airflow/example_dags/example_task_group.py
[2025-06-01T18:06:02.089+0200] {processor.py:829} INFO - Processing file /home/lohit/miniconda3/envs/airflow-env/lib/python3.8/site-packages/airflow/example_dags/example_task_group.py for tasks to queue
[2025-06-01T18:06:02.090+0200] {logging_mixin.py:154} INFO - [2025-06-01T18:06:02.090+0200] {dagbag.py:536} INFO - Filling up the DagBag from /home/lohit/miniconda3/envs/airflow-env/lib/python3.8/site-packages/airflow/example_dags/example_task_group.py
[2025-06-01T18:06:02.094+0200] {processor.py:839} INFO - DAG(s) dict_keys(['example_task_group']) retrieved from /home/lohit/miniconda3/envs/airflow-env/lib/python3.8/site-packages/airflow/example_dags/example_task_group.py
[2025-06-01T18:06:02.107+0200] {logging_mixin.py:154} INFO - [2025-06-01T18:06:02.107+0200] {dag.py:2941} INFO - Sync 1 DAGs
[2025-06-01T18:06:02.118+0200] {logging_mixin.py:154} INFO - [2025-06-01T18:06:02.118+0200] {dag.py:3722} INFO - Setting next_dagrun for example_task_group to 2025-05-31T16:06:02.117873+00:00, run_after=2025-06-01T16:06:02.117873+00:00
[2025-06-01T18:06:02.131+0200] {processor.py:179} INFO - Processing /home/lohit/miniconda3/envs/airflow-env/lib/python3.8/site-packages/airflow/example_dags/example_task_group.py took 0.047 seconds
[2025-06-01T18:06:46.476+0200] {processor.py:157} INFO - Started process (PID=28374) to work on /home/lohit/miniconda3/envs/airflow-env/lib/python3.8/site-packages/airflow/example_dags/example_task_group.py
[2025-06-01T18:06:46.480+0200] {processor.py:829} INFO - Processing file /home/lohit/miniconda3/envs/airflow-env/lib/python3.8/site-packages/airflow/example_dags/example_task_group.py for tasks to queue
[2025-06-01T18:06:46.480+0200] {logging_mixin.py:154} INFO - [2025-06-01T18:06:46.480+0200] {dagbag.py:536} INFO - Filling up the DagBag from /home/lohit/miniconda3/envs/airflow-env/lib/python3.8/site-packages/airflow/example_dags/example_task_group.py
[2025-06-01T18:06:46.487+0200] {processor.py:839} INFO - DAG(s) dict_keys(['example_task_group']) retrieved from /home/lohit/miniconda3/envs/airflow-env/lib/python3.8/site-packages/airflow/example_dags/example_task_group.py
[2025-06-01T18:06:46.497+0200] {logging_mixin.py:154} INFO - [2025-06-01T18:06:46.497+0200] {dag.py:2941} INFO - Sync 1 DAGs
[2025-06-01T18:06:46.509+0200] {logging_mixin.py:154} INFO - [2025-06-01T18:06:46.509+0200] {dag.py:3722} INFO - Setting next_dagrun for example_task_group to 2025-05-31T16:06:46.509497+00:00, run_after=2025-06-01T16:06:46.509497+00:00
[2025-06-01T18:06:46.526+0200] {processor.py:179} INFO - Processing /home/lohit/miniconda3/envs/airflow-env/lib/python3.8/site-packages/airflow/example_dags/example_task_group.py took 0.051 seconds
[2025-06-01T18:07:31.943+0200] {processor.py:157} INFO - Started process (PID=28442) to work on /home/lohit/miniconda3/envs/airflow-env/lib/python3.8/site-packages/airflow/example_dags/example_task_group.py
[2025-06-01T18:07:31.946+0200] {processor.py:829} INFO - Processing file /home/lohit/miniconda3/envs/airflow-env/lib/python3.8/site-packages/airflow/example_dags/example_task_group.py for tasks to queue
[2025-06-01T18:07:31.947+0200] {logging_mixin.py:154} INFO - [2025-06-01T18:07:31.947+0200] {dagbag.py:536} INFO - Filling up the DagBag from /home/lohit/miniconda3/envs/airflow-env/lib/python3.8/site-packages/airflow/example_dags/example_task_group.py
[2025-06-01T18:07:31.952+0200] {processor.py:839} INFO - DAG(s) dict_keys(['example_task_group']) retrieved from /home/lohit/miniconda3/envs/airflow-env/lib/python3.8/site-packages/airflow/example_dags/example_task_group.py
[2025-06-01T18:07:31.960+0200] {logging_mixin.py:154} INFO - [2025-06-01T18:07:31.960+0200] {dag.py:2941} INFO - Sync 1 DAGs
[2025-06-01T18:07:31.972+0200] {logging_mixin.py:154} INFO - [2025-06-01T18:07:31.972+0200] {dag.py:3722} INFO - Setting next_dagrun for example_task_group to 2025-05-31T16:07:31.972597+00:00, run_after=2025-06-01T16:07:31.972597+00:00
[2025-06-01T18:07:31.989+0200] {processor.py:179} INFO - Processing /home/lohit/miniconda3/envs/airflow-env/lib/python3.8/site-packages/airflow/example_dags/example_task_group.py took 0.047 seconds
[2025-06-01T18:08:16.589+0200] {processor.py:157} INFO - Started process (PID=28510) to work on /home/lohit/miniconda3/envs/airflow-env/lib/python3.8/site-packages/airflow/example_dags/example_task_group.py
[2025-06-01T18:08:16.592+0200] {processor.py:829} INFO - Processing file /home/lohit/miniconda3/envs/airflow-env/lib/python3.8/site-packages/airflow/example_dags/example_task_group.py for tasks to queue
[2025-06-01T18:08:16.593+0200] {logging_mixin.py:154} INFO - [2025-06-01T18:08:16.592+0200] {dagbag.py:536} INFO - Filling up the DagBag from /home/lohit/miniconda3/envs/airflow-env/lib/python3.8/site-packages/airflow/example_dags/example_task_group.py
[2025-06-01T18:08:16.598+0200] {processor.py:839} INFO - DAG(s) dict_keys(['example_task_group']) retrieved from /home/lohit/miniconda3/envs/airflow-env/lib/python3.8/site-packages/airflow/example_dags/example_task_group.py
[2025-06-01T18:08:16.607+0200] {logging_mixin.py:154} INFO - [2025-06-01T18:08:16.607+0200] {dag.py:2941} INFO - Sync 1 DAGs
[2025-06-01T18:08:16.617+0200] {logging_mixin.py:154} INFO - [2025-06-01T18:08:16.617+0200] {dag.py:3722} INFO - Setting next_dagrun for example_task_group to 2025-05-31T16:08:16.617097+00:00, run_after=2025-06-01T16:08:16.617097+00:00
[2025-06-01T18:08:16.633+0200] {processor.py:179} INFO - Processing /home/lohit/miniconda3/envs/airflow-env/lib/python3.8/site-packages/airflow/example_dags/example_task_group.py took 0.046 seconds
[2025-06-01T18:09:08.988+0200] {processor.py:157} INFO - Started process (PID=28589) to work on /home/lohit/miniconda3/envs/airflow-env/lib/python3.8/site-packages/airflow/example_dags/example_task_group.py
[2025-06-01T18:09:08.991+0200] {processor.py:829} INFO - Processing file /home/lohit/miniconda3/envs/airflow-env/lib/python3.8/site-packages/airflow/example_dags/example_task_group.py for tasks to queue
[2025-06-01T18:09:08.992+0200] {logging_mixin.py:154} INFO - [2025-06-01T18:09:08.992+0200] {dagbag.py:536} INFO - Filling up the DagBag from /home/lohit/miniconda3/envs/airflow-env/lib/python3.8/site-packages/airflow/example_dags/example_task_group.py
[2025-06-01T18:09:08.997+0200] {processor.py:839} INFO - DAG(s) dict_keys(['example_task_group']) retrieved from /home/lohit/miniconda3/envs/airflow-env/lib/python3.8/site-packages/airflow/example_dags/example_task_group.py
[2025-06-01T18:09:09.006+0200] {logging_mixin.py:154} INFO - [2025-06-01T18:09:09.006+0200] {dag.py:2941} INFO - Sync 1 DAGs
[2025-06-01T18:09:09.017+0200] {logging_mixin.py:154} INFO - [2025-06-01T18:09:09.017+0200] {dag.py:3722} INFO - Setting next_dagrun for example_task_group to 2025-05-31T16:09:09.017420+00:00, run_after=2025-06-01T16:09:09.017420+00:00
[2025-06-01T18:09:09.033+0200] {processor.py:179} INFO - Processing /home/lohit/miniconda3/envs/airflow-env/lib/python3.8/site-packages/airflow/example_dags/example_task_group.py took 0.047 seconds
[2025-06-01T18:09:55.236+0200] {processor.py:157} INFO - Started process (PID=28668) to work on /home/lohit/miniconda3/envs/airflow-env/lib/python3.8/site-packages/airflow/example_dags/example_task_group.py
[2025-06-01T18:09:55.239+0200] {processor.py:829} INFO - Processing file /home/lohit/miniconda3/envs/airflow-env/lib/python3.8/site-packages/airflow/example_dags/example_task_group.py for tasks to queue
[2025-06-01T18:09:55.240+0200] {logging_mixin.py:154} INFO - [2025-06-01T18:09:55.240+0200] {dagbag.py:536} INFO - Filling up the DagBag from /home/lohit/miniconda3/envs/airflow-env/lib/python3.8/site-packages/airflow/example_dags/example_task_group.py
[2025-06-01T18:09:55.245+0200] {processor.py:839} INFO - DAG(s) dict_keys(['example_task_group']) retrieved from /home/lohit/miniconda3/envs/airflow-env/lib/python3.8/site-packages/airflow/example_dags/example_task_group.py
[2025-06-01T18:09:55.254+0200] {logging_mixin.py:154} INFO - [2025-06-01T18:09:55.254+0200] {dag.py:2941} INFO - Sync 1 DAGs
[2025-06-01T18:09:55.265+0200] {logging_mixin.py:154} INFO - [2025-06-01T18:09:55.265+0200] {dag.py:3722} INFO - Setting next_dagrun for example_task_group to 2025-05-31T16:09:55.265176+00:00, run_after=2025-06-01T16:09:55.265176+00:00
[2025-06-01T18:09:55.280+0200] {processor.py:179} INFO - Processing /home/lohit/miniconda3/envs/airflow-env/lib/python3.8/site-packages/airflow/example_dags/example_task_group.py took 0.046 seconds
[2025-06-01T18:10:44.698+0200] {processor.py:157} INFO - Started process (PID=28743) to work on /home/lohit/miniconda3/envs/airflow-env/lib/python3.8/site-packages/airflow/example_dags/example_task_group.py
[2025-06-01T18:10:44.701+0200] {processor.py:829} INFO - Processing file /home/lohit/miniconda3/envs/airflow-env/lib/python3.8/site-packages/airflow/example_dags/example_task_group.py for tasks to queue
[2025-06-01T18:10:44.702+0200] {logging_mixin.py:154} INFO - [2025-06-01T18:10:44.702+0200] {dagbag.py:536} INFO - Filling up the DagBag from /home/lohit/miniconda3/envs/airflow-env/lib/python3.8/site-packages/airflow/example_dags/example_task_group.py
[2025-06-01T18:10:44.707+0200] {processor.py:839} INFO - DAG(s) dict_keys(['example_task_group']) retrieved from /home/lohit/miniconda3/envs/airflow-env/lib/python3.8/site-packages/airflow/example_dags/example_task_group.py
[2025-06-01T18:10:44.717+0200] {logging_mixin.py:154} INFO - [2025-06-01T18:10:44.716+0200] {dag.py:2941} INFO - Sync 1 DAGs
[2025-06-01T18:10:44.728+0200] {logging_mixin.py:154} INFO - [2025-06-01T18:10:44.728+0200] {dag.py:3722} INFO - Setting next_dagrun for example_task_group to 2025-05-31T16:10:44.728153+00:00, run_after=2025-06-01T16:10:44.728153+00:00
[2025-06-01T18:10:44.745+0200] {processor.py:179} INFO - Processing /home/lohit/miniconda3/envs/airflow-env/lib/python3.8/site-packages/airflow/example_dags/example_task_group.py took 0.049 seconds
[2025-06-01T18:11:31.016+0200] {processor.py:157} INFO - Started process (PID=28813) to work on /home/lohit/miniconda3/envs/airflow-env/lib/python3.8/site-packages/airflow/example_dags/example_task_group.py
[2025-06-01T18:11:31.019+0200] {processor.py:829} INFO - Processing file /home/lohit/miniconda3/envs/airflow-env/lib/python3.8/site-packages/airflow/example_dags/example_task_group.py for tasks to queue
[2025-06-01T18:11:31.020+0200] {logging_mixin.py:154} INFO - [2025-06-01T18:11:31.019+0200] {dagbag.py:536} INFO - Filling up the DagBag from /home/lohit/miniconda3/envs/airflow-env/lib/python3.8/site-packages/airflow/example_dags/example_task_group.py
[2025-06-01T18:11:31.025+0200] {processor.py:839} INFO - DAG(s) dict_keys(['example_task_group']) retrieved from /home/lohit/miniconda3/envs/airflow-env/lib/python3.8/site-packages/airflow/example_dags/example_task_group.py
[2025-06-01T18:11:31.034+0200] {logging_mixin.py:154} INFO - [2025-06-01T18:11:31.034+0200] {dag.py:2941} INFO - Sync 1 DAGs
[2025-06-01T18:11:31.044+0200] {logging_mixin.py:154} INFO - [2025-06-01T18:11:31.044+0200] {dag.py:3722} INFO - Setting next_dagrun for example_task_group to 2025-05-31T16:11:31.044440+00:00, run_after=2025-06-01T16:11:31.044440+00:00
[2025-06-01T18:11:31.062+0200] {processor.py:179} INFO - Processing /home/lohit/miniconda3/envs/airflow-env/lib/python3.8/site-packages/airflow/example_dags/example_task_group.py took 0.048 seconds
[2025-06-01T18:12:24.398+0200] {processor.py:157} INFO - Started process (PID=28895) to work on /home/lohit/miniconda3/envs/airflow-env/lib/python3.8/site-packages/airflow/example_dags/example_task_group.py
[2025-06-01T18:12:24.399+0200] {processor.py:829} INFO - Processing file /home/lohit/miniconda3/envs/airflow-env/lib/python3.8/site-packages/airflow/example_dags/example_task_group.py for tasks to queue
[2025-06-01T18:12:24.399+0200] {logging_mixin.py:154} INFO - [2025-06-01T18:12:24.399+0200] {dagbag.py:536} INFO - Filling up the DagBag from /home/lohit/miniconda3/envs/airflow-env/lib/python3.8/site-packages/airflow/example_dags/example_task_group.py
[2025-06-01T18:12:24.406+0200] {processor.py:839} INFO - DAG(s) dict_keys(['example_task_group']) retrieved from /home/lohit/miniconda3/envs/airflow-env/lib/python3.8/site-packages/airflow/example_dags/example_task_group.py
[2025-06-01T18:12:24.416+0200] {logging_mixin.py:154} INFO - [2025-06-01T18:12:24.416+0200] {dag.py:2941} INFO - Sync 1 DAGs
[2025-06-01T18:12:24.427+0200] {logging_mixin.py:154} INFO - [2025-06-01T18:12:24.427+0200] {dag.py:3722} INFO - Setting next_dagrun for example_task_group to 2025-05-31T16:12:24.427651+00:00, run_after=2025-06-01T16:12:24.427651+00:00
[2025-06-01T18:12:24.446+0200] {processor.py:179} INFO - Processing /home/lohit/miniconda3/envs/airflow-env/lib/python3.8/site-packages/airflow/example_dags/example_task_group.py took 0.051 seconds
[2025-06-01T18:13:13.570+0200] {processor.py:157} INFO - Started process (PID=28966) to work on /home/lohit/miniconda3/envs/airflow-env/lib/python3.8/site-packages/airflow/example_dags/example_task_group.py
[2025-06-01T18:13:13.574+0200] {processor.py:829} INFO - Processing file /home/lohit/miniconda3/envs/airflow-env/lib/python3.8/site-packages/airflow/example_dags/example_task_group.py for tasks to queue
[2025-06-01T18:13:13.574+0200] {logging_mixin.py:154} INFO - [2025-06-01T18:13:13.574+0200] {dagbag.py:536} INFO - Filling up the DagBag from /home/lohit/miniconda3/envs/airflow-env/lib/python3.8/site-packages/airflow/example_dags/example_task_group.py
[2025-06-01T18:13:13.579+0200] {processor.py:839} INFO - DAG(s) dict_keys(['example_task_group']) retrieved from /home/lohit/miniconda3/envs/airflow-env/lib/python3.8/site-packages/airflow/example_dags/example_task_group.py
[2025-06-01T18:13:13.588+0200] {logging_mixin.py:154} INFO - [2025-06-01T18:13:13.588+0200] {dag.py:2941} INFO - Sync 1 DAGs
[2025-06-01T18:13:13.598+0200] {logging_mixin.py:154} INFO - [2025-06-01T18:13:13.598+0200] {dag.py:3722} INFO - Setting next_dagrun for example_task_group to 2025-05-31T16:13:13.598570+00:00, run_after=2025-06-01T16:13:13.598570+00:00
[2025-06-01T18:13:13.614+0200] {processor.py:179} INFO - Processing /home/lohit/miniconda3/envs/airflow-env/lib/python3.8/site-packages/airflow/example_dags/example_task_group.py took 0.046 seconds
[2025-06-01T18:13:56.641+0200] {processor.py:157} INFO - Started process (PID=29035) to work on /home/lohit/miniconda3/envs/airflow-env/lib/python3.8/site-packages/airflow/example_dags/example_task_group.py
[2025-06-01T18:13:56.644+0200] {processor.py:829} INFO - Processing file /home/lohit/miniconda3/envs/airflow-env/lib/python3.8/site-packages/airflow/example_dags/example_task_group.py for tasks to queue
[2025-06-01T18:13:56.645+0200] {logging_mixin.py:154} INFO - [2025-06-01T18:13:56.644+0200] {dagbag.py:536} INFO - Filling up the DagBag from /home/lohit/miniconda3/envs/airflow-env/lib/python3.8/site-packages/airflow/example_dags/example_task_group.py
[2025-06-01T18:13:56.649+0200] {processor.py:839} INFO - DAG(s) dict_keys(['example_task_group']) retrieved from /home/lohit/miniconda3/envs/airflow-env/lib/python3.8/site-packages/airflow/example_dags/example_task_group.py
[2025-06-01T18:13:56.661+0200] {logging_mixin.py:154} INFO - [2025-06-01T18:13:56.661+0200] {dag.py:2941} INFO - Sync 1 DAGs
[2025-06-01T18:13:56.673+0200] {logging_mixin.py:154} INFO - [2025-06-01T18:13:56.673+0200] {dag.py:3722} INFO - Setting next_dagrun for example_task_group to 2025-05-31T16:13:56.673586+00:00, run_after=2025-06-01T16:13:56.673586+00:00
[2025-06-01T18:13:56.690+0200] {processor.py:179} INFO - Processing /home/lohit/miniconda3/envs/airflow-env/lib/python3.8/site-packages/airflow/example_dags/example_task_group.py took 0.051 seconds
[2025-06-01T18:14:40.395+0200] {processor.py:157} INFO - Started process (PID=29101) to work on /home/lohit/miniconda3/envs/airflow-env/lib/python3.8/site-packages/airflow/example_dags/example_task_group.py
[2025-06-01T18:14:40.399+0200] {processor.py:829} INFO - Processing file /home/lohit/miniconda3/envs/airflow-env/lib/python3.8/site-packages/airflow/example_dags/example_task_group.py for tasks to queue
[2025-06-01T18:14:40.399+0200] {logging_mixin.py:154} INFO - [2025-06-01T18:14:40.399+0200] {dagbag.py:536} INFO - Filling up the DagBag from /home/lohit/miniconda3/envs/airflow-env/lib/python3.8/site-packages/airflow/example_dags/example_task_group.py
[2025-06-01T18:14:40.405+0200] {processor.py:839} INFO - DAG(s) dict_keys(['example_task_group']) retrieved from /home/lohit/miniconda3/envs/airflow-env/lib/python3.8/site-packages/airflow/example_dags/example_task_group.py
[2025-06-01T18:14:40.417+0200] {logging_mixin.py:154} INFO - [2025-06-01T18:14:40.417+0200] {dag.py:2941} INFO - Sync 1 DAGs
[2025-06-01T18:14:40.429+0200] {logging_mixin.py:154} INFO - [2025-06-01T18:14:40.429+0200] {dag.py:3722} INFO - Setting next_dagrun for example_task_group to 2025-05-31T16:14:40.428993+00:00, run_after=2025-06-01T16:14:40.428993+00:00
[2025-06-01T18:14:40.446+0200] {processor.py:179} INFO - Processing /home/lohit/miniconda3/envs/airflow-env/lib/python3.8/site-packages/airflow/example_dags/example_task_group.py took 0.053 seconds
[2025-06-01T18:15:28.779+0200] {processor.py:157} INFO - Started process (PID=29172) to work on /home/lohit/miniconda3/envs/airflow-env/lib/python3.8/site-packages/airflow/example_dags/example_task_group.py
[2025-06-01T18:15:28.783+0200] {processor.py:829} INFO - Processing file /home/lohit/miniconda3/envs/airflow-env/lib/python3.8/site-packages/airflow/example_dags/example_task_group.py for tasks to queue
[2025-06-01T18:15:28.783+0200] {logging_mixin.py:154} INFO - [2025-06-01T18:15:28.783+0200] {dagbag.py:536} INFO - Filling up the DagBag from /home/lohit/miniconda3/envs/airflow-env/lib/python3.8/site-packages/airflow/example_dags/example_task_group.py
[2025-06-01T18:15:28.788+0200] {processor.py:839} INFO - DAG(s) dict_keys(['example_task_group']) retrieved from /home/lohit/miniconda3/envs/airflow-env/lib/python3.8/site-packages/airflow/example_dags/example_task_group.py
[2025-06-01T18:15:28.800+0200] {logging_mixin.py:154} INFO - [2025-06-01T18:15:28.800+0200] {dag.py:2941} INFO - Sync 1 DAGs
[2025-06-01T18:15:28.813+0200] {logging_mixin.py:154} INFO - [2025-06-01T18:15:28.813+0200] {dag.py:3722} INFO - Setting next_dagrun for example_task_group to 2025-05-31T16:15:28.813469+00:00, run_after=2025-06-01T16:15:28.813469+00:00
[2025-06-01T18:15:28.830+0200] {processor.py:179} INFO - Processing /home/lohit/miniconda3/envs/airflow-env/lib/python3.8/site-packages/airflow/example_dags/example_task_group.py took 0.053 seconds
[2025-06-01T18:16:18.263+0200] {processor.py:157} INFO - Started process (PID=29245) to work on /home/lohit/miniconda3/envs/airflow-env/lib/python3.8/site-packages/airflow/example_dags/example_task_group.py
[2025-06-01T18:16:18.266+0200] {processor.py:829} INFO - Processing file /home/lohit/miniconda3/envs/airflow-env/lib/python3.8/site-packages/airflow/example_dags/example_task_group.py for tasks to queue
[2025-06-01T18:16:18.266+0200] {logging_mixin.py:154} INFO - [2025-06-01T18:16:18.266+0200] {dagbag.py:536} INFO - Filling up the DagBag from /home/lohit/miniconda3/envs/airflow-env/lib/python3.8/site-packages/airflow/example_dags/example_task_group.py
[2025-06-01T18:16:18.271+0200] {processor.py:839} INFO - DAG(s) dict_keys(['example_task_group']) retrieved from /home/lohit/miniconda3/envs/airflow-env/lib/python3.8/site-packages/airflow/example_dags/example_task_group.py
[2025-06-01T18:16:18.281+0200] {logging_mixin.py:154} INFO - [2025-06-01T18:16:18.281+0200] {dag.py:2941} INFO - Sync 1 DAGs
[2025-06-01T18:16:18.292+0200] {logging_mixin.py:154} INFO - [2025-06-01T18:16:18.292+0200] {dag.py:3722} INFO - Setting next_dagrun for example_task_group to 2025-05-31T16:16:18.292134+00:00, run_after=2025-06-01T16:16:18.292134+00:00
[2025-06-01T18:16:18.307+0200] {processor.py:179} INFO - Processing /home/lohit/miniconda3/envs/airflow-env/lib/python3.8/site-packages/airflow/example_dags/example_task_group.py took 0.046 seconds
[2025-06-01T18:17:06.043+0200] {processor.py:157} INFO - Started process (PID=29318) to work on /home/lohit/miniconda3/envs/airflow-env/lib/python3.8/site-packages/airflow/example_dags/example_task_group.py
[2025-06-01T18:17:06.045+0200] {processor.py:829} INFO - Processing file /home/lohit/miniconda3/envs/airflow-env/lib/python3.8/site-packages/airflow/example_dags/example_task_group.py for tasks to queue
[2025-06-01T18:17:06.045+0200] {logging_mixin.py:154} INFO - [2025-06-01T18:17:06.045+0200] {dagbag.py:536} INFO - Filling up the DagBag from /home/lohit/miniconda3/envs/airflow-env/lib/python3.8/site-packages/airflow/example_dags/example_task_group.py
[2025-06-01T18:17:06.050+0200] {processor.py:839} INFO - DAG(s) dict_keys(['example_task_group']) retrieved from /home/lohit/miniconda3/envs/airflow-env/lib/python3.8/site-packages/airflow/example_dags/example_task_group.py
[2025-06-01T18:17:06.060+0200] {logging_mixin.py:154} INFO - [2025-06-01T18:17:06.060+0200] {dag.py:2941} INFO - Sync 1 DAGs
[2025-06-01T18:17:06.076+0200] {logging_mixin.py:154} INFO - [2025-06-01T18:17:06.075+0200] {dag.py:3722} INFO - Setting next_dagrun for example_task_group to 2025-05-31T16:17:06.075712+00:00, run_after=2025-06-01T16:17:06.075712+00:00
[2025-06-01T18:17:06.091+0200] {processor.py:179} INFO - Processing /home/lohit/miniconda3/envs/airflow-env/lib/python3.8/site-packages/airflow/example_dags/example_task_group.py took 0.050 seconds
[2025-06-01T18:17:50.906+0200] {processor.py:157} INFO - Started process (PID=29387) to work on /home/lohit/miniconda3/envs/airflow-env/lib/python3.8/site-packages/airflow/example_dags/example_task_group.py
[2025-06-01T18:17:50.908+0200] {processor.py:829} INFO - Processing file /home/lohit/miniconda3/envs/airflow-env/lib/python3.8/site-packages/airflow/example_dags/example_task_group.py for tasks to queue
[2025-06-01T18:17:50.909+0200] {logging_mixin.py:154} INFO - [2025-06-01T18:17:50.908+0200] {dagbag.py:536} INFO - Filling up the DagBag from /home/lohit/miniconda3/envs/airflow-env/lib/python3.8/site-packages/airflow/example_dags/example_task_group.py
[2025-06-01T18:17:50.914+0200] {processor.py:839} INFO - DAG(s) dict_keys(['example_task_group']) retrieved from /home/lohit/miniconda3/envs/airflow-env/lib/python3.8/site-packages/airflow/example_dags/example_task_group.py
[2025-06-01T18:17:50.927+0200] {logging_mixin.py:154} INFO - [2025-06-01T18:17:50.926+0200] {dag.py:2941} INFO - Sync 1 DAGs
[2025-06-01T18:17:50.938+0200] {logging_mixin.py:154} INFO - [2025-06-01T18:17:50.938+0200] {dag.py:3722} INFO - Setting next_dagrun for example_task_group to 2025-05-31T16:17:50.938135+00:00, run_after=2025-06-01T16:17:50.938135+00:00
[2025-06-01T18:17:50.956+0200] {processor.py:179} INFO - Processing /home/lohit/miniconda3/envs/airflow-env/lib/python3.8/site-packages/airflow/example_dags/example_task_group.py took 0.051 seconds
[2025-06-01T18:18:35.742+0200] {processor.py:157} INFO - Started process (PID=29454) to work on /home/lohit/miniconda3/envs/airflow-env/lib/python3.8/site-packages/airflow/example_dags/example_task_group.py
[2025-06-01T18:18:35.745+0200] {processor.py:829} INFO - Processing file /home/lohit/miniconda3/envs/airflow-env/lib/python3.8/site-packages/airflow/example_dags/example_task_group.py for tasks to queue
[2025-06-01T18:18:35.746+0200] {logging_mixin.py:154} INFO - [2025-06-01T18:18:35.745+0200] {dagbag.py:536} INFO - Filling up the DagBag from /home/lohit/miniconda3/envs/airflow-env/lib/python3.8/site-packages/airflow/example_dags/example_task_group.py
[2025-06-01T18:18:35.751+0200] {processor.py:839} INFO - DAG(s) dict_keys(['example_task_group']) retrieved from /home/lohit/miniconda3/envs/airflow-env/lib/python3.8/site-packages/airflow/example_dags/example_task_group.py
[2025-06-01T18:18:35.761+0200] {logging_mixin.py:154} INFO - [2025-06-01T18:18:35.761+0200] {dag.py:2941} INFO - Sync 1 DAGs
[2025-06-01T18:18:35.773+0200] {logging_mixin.py:154} INFO - [2025-06-01T18:18:35.773+0200] {dag.py:3722} INFO - Setting next_dagrun for example_task_group to 2025-05-31T16:18:35.773559+00:00, run_after=2025-06-01T16:18:35.773559+00:00
[2025-06-01T18:18:35.790+0200] {processor.py:179} INFO - Processing /home/lohit/miniconda3/envs/airflow-env/lib/python3.8/site-packages/airflow/example_dags/example_task_group.py took 0.051 seconds
[2025-06-01T18:19:21.899+0200] {processor.py:157} INFO - Started process (PID=29523) to work on /home/lohit/miniconda3/envs/airflow-env/lib/python3.8/site-packages/airflow/example_dags/example_task_group.py
[2025-06-01T18:19:21.900+0200] {processor.py:829} INFO - Processing file /home/lohit/miniconda3/envs/airflow-env/lib/python3.8/site-packages/airflow/example_dags/example_task_group.py for tasks to queue
[2025-06-01T18:19:21.901+0200] {logging_mixin.py:154} INFO - [2025-06-01T18:19:21.901+0200] {dagbag.py:536} INFO - Filling up the DagBag from /home/lohit/miniconda3/envs/airflow-env/lib/python3.8/site-packages/airflow/example_dags/example_task_group.py
[2025-06-01T18:19:21.909+0200] {processor.py:839} INFO - DAG(s) dict_keys(['example_task_group']) retrieved from /home/lohit/miniconda3/envs/airflow-env/lib/python3.8/site-packages/airflow/example_dags/example_task_group.py
[2025-06-01T18:19:21.921+0200] {logging_mixin.py:154} INFO - [2025-06-01T18:19:21.921+0200] {dag.py:2941} INFO - Sync 1 DAGs
[2025-06-01T18:19:21.934+0200] {logging_mixin.py:154} INFO - [2025-06-01T18:19:21.933+0200] {dag.py:3722} INFO - Setting next_dagrun for example_task_group to 2025-05-31T16:19:21.933571+00:00, run_after=2025-06-01T16:19:21.933571+00:00
[2025-06-01T18:19:21.951+0200] {processor.py:179} INFO - Processing /home/lohit/miniconda3/envs/airflow-env/lib/python3.8/site-packages/airflow/example_dags/example_task_group.py took 0.054 seconds
[2025-06-01T18:20:10.263+0200] {processor.py:157} INFO - Started process (PID=29594) to work on /home/lohit/miniconda3/envs/airflow-env/lib/python3.8/site-packages/airflow/example_dags/example_task_group.py
[2025-06-01T18:20:10.266+0200] {processor.py:829} INFO - Processing file /home/lohit/miniconda3/envs/airflow-env/lib/python3.8/site-packages/airflow/example_dags/example_task_group.py for tasks to queue
[2025-06-01T18:20:10.266+0200] {logging_mixin.py:154} INFO - [2025-06-01T18:20:10.266+0200] {dagbag.py:536} INFO - Filling up the DagBag from /home/lohit/miniconda3/envs/airflow-env/lib/python3.8/site-packages/airflow/example_dags/example_task_group.py
[2025-06-01T18:20:10.272+0200] {processor.py:839} INFO - DAG(s) dict_keys(['example_task_group']) retrieved from /home/lohit/miniconda3/envs/airflow-env/lib/python3.8/site-packages/airflow/example_dags/example_task_group.py
[2025-06-01T18:20:10.284+0200] {logging_mixin.py:154} INFO - [2025-06-01T18:20:10.284+0200] {dag.py:2941} INFO - Sync 1 DAGs
[2025-06-01T18:20:10.296+0200] {logging_mixin.py:154} INFO - [2025-06-01T18:20:10.295+0200] {dag.py:3722} INFO - Setting next_dagrun for example_task_group to 2025-05-31T16:20:10.295736+00:00, run_after=2025-06-01T16:20:10.295736+00:00
[2025-06-01T18:20:10.312+0200] {processor.py:179} INFO - Processing /home/lohit/miniconda3/envs/airflow-env/lib/python3.8/site-packages/airflow/example_dags/example_task_group.py took 0.052 seconds
[2025-06-01T18:20:59.855+0200] {processor.py:157} INFO - Started process (PID=29666) to work on /home/lohit/miniconda3/envs/airflow-env/lib/python3.8/site-packages/airflow/example_dags/example_task_group.py
[2025-06-01T18:20:59.859+0200] {processor.py:829} INFO - Processing file /home/lohit/miniconda3/envs/airflow-env/lib/python3.8/site-packages/airflow/example_dags/example_task_group.py for tasks to queue
[2025-06-01T18:20:59.859+0200] {logging_mixin.py:154} INFO - [2025-06-01T18:20:59.859+0200] {dagbag.py:536} INFO - Filling up the DagBag from /home/lohit/miniconda3/envs/airflow-env/lib/python3.8/site-packages/airflow/example_dags/example_task_group.py
[2025-06-01T18:20:59.865+0200] {processor.py:839} INFO - DAG(s) dict_keys(['example_task_group']) retrieved from /home/lohit/miniconda3/envs/airflow-env/lib/python3.8/site-packages/airflow/example_dags/example_task_group.py
[2025-06-01T18:20:59.876+0200] {logging_mixin.py:154} INFO - [2025-06-01T18:20:59.876+0200] {dag.py:2941} INFO - Sync 1 DAGs
[2025-06-01T18:20:59.889+0200] {logging_mixin.py:154} INFO - [2025-06-01T18:20:59.889+0200] {dag.py:3722} INFO - Setting next_dagrun for example_task_group to 2025-05-31T16:20:59.888862+00:00, run_after=2025-06-01T16:20:59.888862+00:00
[2025-06-01T18:20:59.905+0200] {processor.py:179} INFO - Processing /home/lohit/miniconda3/envs/airflow-env/lib/python3.8/site-packages/airflow/example_dags/example_task_group.py took 0.052 seconds
[2025-06-01T18:21:47.652+0200] {processor.py:157} INFO - Started process (PID=29736) to work on /home/lohit/miniconda3/envs/airflow-env/lib/python3.8/site-packages/airflow/example_dags/example_task_group.py
[2025-06-01T18:21:47.654+0200] {processor.py:829} INFO - Processing file /home/lohit/miniconda3/envs/airflow-env/lib/python3.8/site-packages/airflow/example_dags/example_task_group.py for tasks to queue
[2025-06-01T18:21:47.654+0200] {logging_mixin.py:154} INFO - [2025-06-01T18:21:47.654+0200] {dagbag.py:536} INFO - Filling up the DagBag from /home/lohit/miniconda3/envs/airflow-env/lib/python3.8/site-packages/airflow/example_dags/example_task_group.py
[2025-06-01T18:21:47.661+0200] {processor.py:839} INFO - DAG(s) dict_keys(['example_task_group']) retrieved from /home/lohit/miniconda3/envs/airflow-env/lib/python3.8/site-packages/airflow/example_dags/example_task_group.py
[2025-06-01T18:21:47.675+0200] {logging_mixin.py:154} INFO - [2025-06-01T18:21:47.675+0200] {dag.py:2941} INFO - Sync 1 DAGs
[2025-06-01T18:21:47.689+0200] {logging_mixin.py:154} INFO - [2025-06-01T18:21:47.689+0200] {dag.py:3722} INFO - Setting next_dagrun for example_task_group to 2025-05-31T16:21:47.689436+00:00, run_after=2025-06-01T16:21:47.689436+00:00
[2025-06-01T18:21:47.708+0200] {processor.py:179} INFO - Processing /home/lohit/miniconda3/envs/airflow-env/lib/python3.8/site-packages/airflow/example_dags/example_task_group.py took 0.059 seconds
[2025-06-01T18:22:33.109+0200] {processor.py:157} INFO - Started process (PID=29805) to work on /home/lohit/miniconda3/envs/airflow-env/lib/python3.8/site-packages/airflow/example_dags/example_task_group.py
[2025-06-01T18:22:33.113+0200] {processor.py:829} INFO - Processing file /home/lohit/miniconda3/envs/airflow-env/lib/python3.8/site-packages/airflow/example_dags/example_task_group.py for tasks to queue
[2025-06-01T18:22:33.113+0200] {logging_mixin.py:154} INFO - [2025-06-01T18:22:33.113+0200] {dagbag.py:536} INFO - Filling up the DagBag from /home/lohit/miniconda3/envs/airflow-env/lib/python3.8/site-packages/airflow/example_dags/example_task_group.py
[2025-06-01T18:22:33.120+0200] {processor.py:839} INFO - DAG(s) dict_keys(['example_task_group']) retrieved from /home/lohit/miniconda3/envs/airflow-env/lib/python3.8/site-packages/airflow/example_dags/example_task_group.py
[2025-06-01T18:22:33.130+0200] {logging_mixin.py:154} INFO - [2025-06-01T18:22:33.130+0200] {dag.py:2941} INFO - Sync 1 DAGs
[2025-06-01T18:22:33.141+0200] {logging_mixin.py:154} INFO - [2025-06-01T18:22:33.141+0200] {dag.py:3722} INFO - Setting next_dagrun for example_task_group to 2025-05-31T16:22:33.141254+00:00, run_after=2025-06-01T16:22:33.141254+00:00
[2025-06-01T18:22:33.157+0200] {processor.py:179} INFO - Processing /home/lohit/miniconda3/envs/airflow-env/lib/python3.8/site-packages/airflow/example_dags/example_task_group.py took 0.050 seconds
[2025-06-01T18:23:22.135+0200] {processor.py:157} INFO - Started process (PID=29876) to work on /home/lohit/miniconda3/envs/airflow-env/lib/python3.8/site-packages/airflow/example_dags/example_task_group.py
[2025-06-01T18:23:22.138+0200] {processor.py:829} INFO - Processing file /home/lohit/miniconda3/envs/airflow-env/lib/python3.8/site-packages/airflow/example_dags/example_task_group.py for tasks to queue
[2025-06-01T18:23:22.139+0200] {logging_mixin.py:154} INFO - [2025-06-01T18:23:22.139+0200] {dagbag.py:536} INFO - Filling up the DagBag from /home/lohit/miniconda3/envs/airflow-env/lib/python3.8/site-packages/airflow/example_dags/example_task_group.py
[2025-06-01T18:23:22.144+0200] {processor.py:839} INFO - DAG(s) dict_keys(['example_task_group']) retrieved from /home/lohit/miniconda3/envs/airflow-env/lib/python3.8/site-packages/airflow/example_dags/example_task_group.py
[2025-06-01T18:23:22.156+0200] {logging_mixin.py:154} INFO - [2025-06-01T18:23:22.156+0200] {dag.py:2941} INFO - Sync 1 DAGs
[2025-06-01T18:23:22.167+0200] {logging_mixin.py:154} INFO - [2025-06-01T18:23:22.167+0200] {dag.py:3722} INFO - Setting next_dagrun for example_task_group to 2025-05-31T16:23:22.167266+00:00, run_after=2025-06-01T16:23:22.167266+00:00
[2025-06-01T18:23:22.183+0200] {processor.py:179} INFO - Processing /home/lohit/miniconda3/envs/airflow-env/lib/python3.8/site-packages/airflow/example_dags/example_task_group.py took 0.050 seconds
[2025-06-01T18:24:10.024+0200] {processor.py:157} INFO - Started process (PID=29947) to work on /home/lohit/miniconda3/envs/airflow-env/lib/python3.8/site-packages/airflow/example_dags/example_task_group.py
[2025-06-01T18:24:10.028+0200] {processor.py:829} INFO - Processing file /home/lohit/miniconda3/envs/airflow-env/lib/python3.8/site-packages/airflow/example_dags/example_task_group.py for tasks to queue
[2025-06-01T18:24:10.028+0200] {logging_mixin.py:154} INFO - [2025-06-01T18:24:10.028+0200] {dagbag.py:536} INFO - Filling up the DagBag from /home/lohit/miniconda3/envs/airflow-env/lib/python3.8/site-packages/airflow/example_dags/example_task_group.py
[2025-06-01T18:24:10.033+0200] {processor.py:839} INFO - DAG(s) dict_keys(['example_task_group']) retrieved from /home/lohit/miniconda3/envs/airflow-env/lib/python3.8/site-packages/airflow/example_dags/example_task_group.py
[2025-06-01T18:24:10.042+0200] {logging_mixin.py:154} INFO - [2025-06-01T18:24:10.042+0200] {dag.py:2941} INFO - Sync 1 DAGs
[2025-06-01T18:24:10.053+0200] {logging_mixin.py:154} INFO - [2025-06-01T18:24:10.053+0200] {dag.py:3722} INFO - Setting next_dagrun for example_task_group to 2025-05-31T16:24:10.053115+00:00, run_after=2025-06-01T16:24:10.053115+00:00
[2025-06-01T18:24:10.069+0200] {processor.py:179} INFO - Processing /home/lohit/miniconda3/envs/airflow-env/lib/python3.8/site-packages/airflow/example_dags/example_task_group.py took 0.047 seconds
[2025-06-01T18:24:56.284+0200] {processor.py:157} INFO - Started process (PID=30016) to work on /home/lohit/miniconda3/envs/airflow-env/lib/python3.8/site-packages/airflow/example_dags/example_task_group.py
[2025-06-01T18:24:56.288+0200] {processor.py:829} INFO - Processing file /home/lohit/miniconda3/envs/airflow-env/lib/python3.8/site-packages/airflow/example_dags/example_task_group.py for tasks to queue
[2025-06-01T18:24:56.288+0200] {logging_mixin.py:154} INFO - [2025-06-01T18:24:56.288+0200] {dagbag.py:536} INFO - Filling up the DagBag from /home/lohit/miniconda3/envs/airflow-env/lib/python3.8/site-packages/airflow/example_dags/example_task_group.py
[2025-06-01T18:24:56.293+0200] {processor.py:839} INFO - DAG(s) dict_keys(['example_task_group']) retrieved from /home/lohit/miniconda3/envs/airflow-env/lib/python3.8/site-packages/airflow/example_dags/example_task_group.py
[2025-06-01T18:24:56.302+0200] {logging_mixin.py:154} INFO - [2025-06-01T18:24:56.302+0200] {dag.py:2941} INFO - Sync 1 DAGs
[2025-06-01T18:24:56.312+0200] {logging_mixin.py:154} INFO - [2025-06-01T18:24:56.312+0200] {dag.py:3722} INFO - Setting next_dagrun for example_task_group to 2025-05-31T16:24:56.312354+00:00, run_after=2025-06-01T16:24:56.312354+00:00
[2025-06-01T18:24:56.330+0200] {processor.py:179} INFO - Processing /home/lohit/miniconda3/envs/airflow-env/lib/python3.8/site-packages/airflow/example_dags/example_task_group.py took 0.047 seconds
[2025-06-01T18:25:45.635+0200] {processor.py:157} INFO - Started process (PID=30087) to work on /home/lohit/miniconda3/envs/airflow-env/lib/python3.8/site-packages/airflow/example_dags/example_task_group.py
[2025-06-01T18:25:45.638+0200] {processor.py:829} INFO - Processing file /home/lohit/miniconda3/envs/airflow-env/lib/python3.8/site-packages/airflow/example_dags/example_task_group.py for tasks to queue
[2025-06-01T18:25:45.639+0200] {logging_mixin.py:154} INFO - [2025-06-01T18:25:45.638+0200] {dagbag.py:536} INFO - Filling up the DagBag from /home/lohit/miniconda3/envs/airflow-env/lib/python3.8/site-packages/airflow/example_dags/example_task_group.py
[2025-06-01T18:25:45.643+0200] {processor.py:839} INFO - DAG(s) dict_keys(['example_task_group']) retrieved from /home/lohit/miniconda3/envs/airflow-env/lib/python3.8/site-packages/airflow/example_dags/example_task_group.py
[2025-06-01T18:25:45.653+0200] {logging_mixin.py:154} INFO - [2025-06-01T18:25:45.653+0200] {dag.py:2941} INFO - Sync 1 DAGs
[2025-06-01T18:25:45.664+0200] {logging_mixin.py:154} INFO - [2025-06-01T18:25:45.664+0200] {dag.py:3722} INFO - Setting next_dagrun for example_task_group to 2025-05-31T16:25:45.664209+00:00, run_after=2025-06-01T16:25:45.664209+00:00
[2025-06-01T18:25:45.682+0200] {processor.py:179} INFO - Processing /home/lohit/miniconda3/envs/airflow-env/lib/python3.8/site-packages/airflow/example_dags/example_task_group.py took 0.049 seconds
[2025-06-01T18:26:29.695+0200] {processor.py:157} INFO - Started process (PID=30156) to work on /home/lohit/miniconda3/envs/airflow-env/lib/python3.8/site-packages/airflow/example_dags/example_task_group.py
[2025-06-01T18:26:29.698+0200] {processor.py:829} INFO - Processing file /home/lohit/miniconda3/envs/airflow-env/lib/python3.8/site-packages/airflow/example_dags/example_task_group.py for tasks to queue
[2025-06-01T18:26:29.699+0200] {logging_mixin.py:154} INFO - [2025-06-01T18:26:29.698+0200] {dagbag.py:536} INFO - Filling up the DagBag from /home/lohit/miniconda3/envs/airflow-env/lib/python3.8/site-packages/airflow/example_dags/example_task_group.py
[2025-06-01T18:26:29.704+0200] {processor.py:839} INFO - DAG(s) dict_keys(['example_task_group']) retrieved from /home/lohit/miniconda3/envs/airflow-env/lib/python3.8/site-packages/airflow/example_dags/example_task_group.py
[2025-06-01T18:26:29.713+0200] {logging_mixin.py:154} INFO - [2025-06-01T18:26:29.713+0200] {dag.py:2941} INFO - Sync 1 DAGs
[2025-06-01T18:26:29.727+0200] {logging_mixin.py:154} INFO - [2025-06-01T18:26:29.727+0200] {dag.py:3722} INFO - Setting next_dagrun for example_task_group to 2025-05-31T16:26:29.727467+00:00, run_after=2025-06-01T16:26:29.727467+00:00
[2025-06-01T18:26:29.744+0200] {processor.py:179} INFO - Processing /home/lohit/miniconda3/envs/airflow-env/lib/python3.8/site-packages/airflow/example_dags/example_task_group.py took 0.052 seconds
[2025-06-01T18:27:16.876+0200] {processor.py:157} INFO - Started process (PID=30227) to work on /home/lohit/miniconda3/envs/airflow-env/lib/python3.8/site-packages/airflow/example_dags/example_task_group.py
[2025-06-01T18:27:16.879+0200] {processor.py:829} INFO - Processing file /home/lohit/miniconda3/envs/airflow-env/lib/python3.8/site-packages/airflow/example_dags/example_task_group.py for tasks to queue
[2025-06-01T18:27:16.880+0200] {logging_mixin.py:154} INFO - [2025-06-01T18:27:16.880+0200] {dagbag.py:536} INFO - Filling up the DagBag from /home/lohit/miniconda3/envs/airflow-env/lib/python3.8/site-packages/airflow/example_dags/example_task_group.py
[2025-06-01T18:27:16.885+0200] {processor.py:839} INFO - DAG(s) dict_keys(['example_task_group']) retrieved from /home/lohit/miniconda3/envs/airflow-env/lib/python3.8/site-packages/airflow/example_dags/example_task_group.py
[2025-06-01T18:27:16.894+0200] {logging_mixin.py:154} INFO - [2025-06-01T18:27:16.894+0200] {dag.py:2941} INFO - Sync 1 DAGs
[2025-06-01T18:27:16.906+0200] {logging_mixin.py:154} INFO - [2025-06-01T18:27:16.906+0200] {dag.py:3722} INFO - Setting next_dagrun for example_task_group to 2025-05-31T16:27:16.906273+00:00, run_after=2025-06-01T16:27:16.906273+00:00
[2025-06-01T18:27:16.925+0200] {processor.py:179} INFO - Processing /home/lohit/miniconda3/envs/airflow-env/lib/python3.8/site-packages/airflow/example_dags/example_task_group.py took 0.052 seconds
[2025-06-01T18:28:02.819+0200] {processor.py:157} INFO - Started process (PID=30295) to work on /home/lohit/miniconda3/envs/airflow-env/lib/python3.8/site-packages/airflow/example_dags/example_task_group.py
[2025-06-01T18:28:02.822+0200] {processor.py:829} INFO - Processing file /home/lohit/miniconda3/envs/airflow-env/lib/python3.8/site-packages/airflow/example_dags/example_task_group.py for tasks to queue
[2025-06-01T18:28:02.823+0200] {logging_mixin.py:154} INFO - [2025-06-01T18:28:02.823+0200] {dagbag.py:536} INFO - Filling up the DagBag from /home/lohit/miniconda3/envs/airflow-env/lib/python3.8/site-packages/airflow/example_dags/example_task_group.py
[2025-06-01T18:28:02.828+0200] {processor.py:839} INFO - DAG(s) dict_keys(['example_task_group']) retrieved from /home/lohit/miniconda3/envs/airflow-env/lib/python3.8/site-packages/airflow/example_dags/example_task_group.py
[2025-06-01T18:28:02.837+0200] {logging_mixin.py:154} INFO - [2025-06-01T18:28:02.836+0200] {dag.py:2941} INFO - Sync 1 DAGs
[2025-06-01T18:28:02.847+0200] {logging_mixin.py:154} INFO - [2025-06-01T18:28:02.846+0200] {dag.py:3722} INFO - Setting next_dagrun for example_task_group to 2025-05-31T16:28:02.846833+00:00, run_after=2025-06-01T16:28:02.846833+00:00
[2025-06-01T18:28:02.862+0200] {processor.py:179} INFO - Processing /home/lohit/miniconda3/envs/airflow-env/lib/python3.8/site-packages/airflow/example_dags/example_task_group.py took 0.044 seconds
[2025-06-01T18:28:51.944+0200] {processor.py:157} INFO - Started process (PID=30367) to work on /home/lohit/miniconda3/envs/airflow-env/lib/python3.8/site-packages/airflow/example_dags/example_task_group.py
[2025-06-01T18:28:51.947+0200] {processor.py:829} INFO - Processing file /home/lohit/miniconda3/envs/airflow-env/lib/python3.8/site-packages/airflow/example_dags/example_task_group.py for tasks to queue
[2025-06-01T18:28:51.948+0200] {logging_mixin.py:154} INFO - [2025-06-01T18:28:51.948+0200] {dagbag.py:536} INFO - Filling up the DagBag from /home/lohit/miniconda3/envs/airflow-env/lib/python3.8/site-packages/airflow/example_dags/example_task_group.py
[2025-06-01T18:28:51.954+0200] {processor.py:839} INFO - DAG(s) dict_keys(['example_task_group']) retrieved from /home/lohit/miniconda3/envs/airflow-env/lib/python3.8/site-packages/airflow/example_dags/example_task_group.py
[2025-06-01T18:28:51.965+0200] {logging_mixin.py:154} INFO - [2025-06-01T18:28:51.964+0200] {dag.py:2941} INFO - Sync 1 DAGs
[2025-06-01T18:28:51.975+0200] {logging_mixin.py:154} INFO - [2025-06-01T18:28:51.975+0200] {dag.py:3722} INFO - Setting next_dagrun for example_task_group to 2025-05-31T16:28:51.975457+00:00, run_after=2025-06-01T16:28:51.975457+00:00
[2025-06-01T18:28:51.992+0200] {processor.py:179} INFO - Processing /home/lohit/miniconda3/envs/airflow-env/lib/python3.8/site-packages/airflow/example_dags/example_task_group.py took 0.050 seconds
[2025-06-01T18:29:35.865+0200] {processor.py:157} INFO - Started process (PID=30434) to work on /home/lohit/miniconda3/envs/airflow-env/lib/python3.8/site-packages/airflow/example_dags/example_task_group.py
[2025-06-01T18:29:35.867+0200] {processor.py:829} INFO - Processing file /home/lohit/miniconda3/envs/airflow-env/lib/python3.8/site-packages/airflow/example_dags/example_task_group.py for tasks to queue
[2025-06-01T18:29:35.867+0200] {logging_mixin.py:154} INFO - [2025-06-01T18:29:35.867+0200] {dagbag.py:536} INFO - Filling up the DagBag from /home/lohit/miniconda3/envs/airflow-env/lib/python3.8/site-packages/airflow/example_dags/example_task_group.py
[2025-06-01T18:29:35.873+0200] {processor.py:839} INFO - DAG(s) dict_keys(['example_task_group']) retrieved from /home/lohit/miniconda3/envs/airflow-env/lib/python3.8/site-packages/airflow/example_dags/example_task_group.py
[2025-06-01T18:29:35.884+0200] {logging_mixin.py:154} INFO - [2025-06-01T18:29:35.883+0200] {dag.py:2941} INFO - Sync 1 DAGs
[2025-06-01T18:29:35.897+0200] {logging_mixin.py:154} INFO - [2025-06-01T18:29:35.897+0200] {dag.py:3722} INFO - Setting next_dagrun for example_task_group to 2025-05-31T16:29:35.897266+00:00, run_after=2025-06-01T16:29:35.897266+00:00
[2025-06-01T18:29:35.913+0200] {processor.py:179} INFO - Processing /home/lohit/miniconda3/envs/airflow-env/lib/python3.8/site-packages/airflow/example_dags/example_task_group.py took 0.050 seconds
[2025-06-01T18:30:20.608+0200] {processor.py:157} INFO - Started process (PID=30503) to work on /home/lohit/miniconda3/envs/airflow-env/lib/python3.8/site-packages/airflow/example_dags/example_task_group.py
[2025-06-01T18:30:20.612+0200] {processor.py:829} INFO - Processing file /home/lohit/miniconda3/envs/airflow-env/lib/python3.8/site-packages/airflow/example_dags/example_task_group.py for tasks to queue
[2025-06-01T18:30:20.612+0200] {logging_mixin.py:154} INFO - [2025-06-01T18:30:20.612+0200] {dagbag.py:536} INFO - Filling up the DagBag from /home/lohit/miniconda3/envs/airflow-env/lib/python3.8/site-packages/airflow/example_dags/example_task_group.py
[2025-06-01T18:30:20.618+0200] {processor.py:839} INFO - DAG(s) dict_keys(['example_task_group']) retrieved from /home/lohit/miniconda3/envs/airflow-env/lib/python3.8/site-packages/airflow/example_dags/example_task_group.py
[2025-06-01T18:30:20.629+0200] {logging_mixin.py:154} INFO - [2025-06-01T18:30:20.629+0200] {dag.py:2941} INFO - Sync 1 DAGs
[2025-06-01T18:30:20.641+0200] {logging_mixin.py:154} INFO - [2025-06-01T18:30:20.641+0200] {dag.py:3722} INFO - Setting next_dagrun for example_task_group to 2025-05-31T16:30:20.640985+00:00, run_after=2025-06-01T16:30:20.640985+00:00
[2025-06-01T18:30:20.658+0200] {processor.py:179} INFO - Processing /home/lohit/miniconda3/envs/airflow-env/lib/python3.8/site-packages/airflow/example_dags/example_task_group.py took 0.051 seconds
[2025-06-01T18:31:03.247+0200] {processor.py:157} INFO - Started process (PID=30549) to work on /home/lohit/miniconda3/envs/airflow-env/lib/python3.8/site-packages/airflow/example_dags/example_task_group.py
[2025-06-01T18:31:03.251+0200] {processor.py:829} INFO - Processing file /home/lohit/miniconda3/envs/airflow-env/lib/python3.8/site-packages/airflow/example_dags/example_task_group.py for tasks to queue
[2025-06-01T18:31:03.251+0200] {logging_mixin.py:154} INFO - [2025-06-01T18:31:03.251+0200] {dagbag.py:536} INFO - Filling up the DagBag from /home/lohit/miniconda3/envs/airflow-env/lib/python3.8/site-packages/airflow/example_dags/example_task_group.py
[2025-06-01T18:31:03.256+0200] {processor.py:839} INFO - DAG(s) dict_keys(['example_task_group']) retrieved from /home/lohit/miniconda3/envs/airflow-env/lib/python3.8/site-packages/airflow/example_dags/example_task_group.py
[2025-06-01T18:31:03.268+0200] {logging_mixin.py:154} INFO - [2025-06-01T18:31:03.267+0200] {dag.py:2941} INFO - Sync 1 DAGs
[2025-06-01T18:31:03.279+0200] {logging_mixin.py:154} INFO - [2025-06-01T18:31:03.279+0200] {dag.py:3722} INFO - Setting next_dagrun for example_task_group to 2025-05-31T16:31:03.279283+00:00, run_after=2025-06-01T16:31:03.279283+00:00
[2025-06-01T18:31:03.297+0200] {processor.py:179} INFO - Processing /home/lohit/miniconda3/envs/airflow-env/lib/python3.8/site-packages/airflow/example_dags/example_task_group.py took 0.052 seconds
[2025-06-01T18:31:48.873+0200] {processor.py:157} INFO - Started process (PID=30618) to work on /home/lohit/miniconda3/envs/airflow-env/lib/python3.8/site-packages/airflow/example_dags/example_task_group.py
[2025-06-01T18:31:48.876+0200] {processor.py:829} INFO - Processing file /home/lohit/miniconda3/envs/airflow-env/lib/python3.8/site-packages/airflow/example_dags/example_task_group.py for tasks to queue
[2025-06-01T18:31:48.877+0200] {logging_mixin.py:154} INFO - [2025-06-01T18:31:48.876+0200] {dagbag.py:536} INFO - Filling up the DagBag from /home/lohit/miniconda3/envs/airflow-env/lib/python3.8/site-packages/airflow/example_dags/example_task_group.py
[2025-06-01T18:31:48.882+0200] {processor.py:839} INFO - DAG(s) dict_keys(['example_task_group']) retrieved from /home/lohit/miniconda3/envs/airflow-env/lib/python3.8/site-packages/airflow/example_dags/example_task_group.py
[2025-06-01T18:31:48.893+0200] {logging_mixin.py:154} INFO - [2025-06-01T18:31:48.893+0200] {dag.py:2941} INFO - Sync 1 DAGs
[2025-06-01T18:31:48.906+0200] {logging_mixin.py:154} INFO - [2025-06-01T18:31:48.906+0200] {dag.py:3722} INFO - Setting next_dagrun for example_task_group to 2025-05-31T16:31:48.906487+00:00, run_after=2025-06-01T16:31:48.906487+00:00
[2025-06-01T18:31:48.920+0200] {processor.py:179} INFO - Processing /home/lohit/miniconda3/envs/airflow-env/lib/python3.8/site-packages/airflow/example_dags/example_task_group.py took 0.050 seconds
[2025-06-01T18:32:33.388+0200] {processor.py:157} INFO - Started process (PID=30686) to work on /home/lohit/miniconda3/envs/airflow-env/lib/python3.8/site-packages/airflow/example_dags/example_task_group.py
[2025-06-01T18:32:33.391+0200] {processor.py:829} INFO - Processing file /home/lohit/miniconda3/envs/airflow-env/lib/python3.8/site-packages/airflow/example_dags/example_task_group.py for tasks to queue
[2025-06-01T18:32:33.392+0200] {logging_mixin.py:154} INFO - [2025-06-01T18:32:33.391+0200] {dagbag.py:536} INFO - Filling up the DagBag from /home/lohit/miniconda3/envs/airflow-env/lib/python3.8/site-packages/airflow/example_dags/example_task_group.py
[2025-06-01T18:32:33.397+0200] {processor.py:839} INFO - DAG(s) dict_keys(['example_task_group']) retrieved from /home/lohit/miniconda3/envs/airflow-env/lib/python3.8/site-packages/airflow/example_dags/example_task_group.py
[2025-06-01T18:32:33.407+0200] {logging_mixin.py:154} INFO - [2025-06-01T18:32:33.407+0200] {dag.py:2941} INFO - Sync 1 DAGs
[2025-06-01T18:32:33.418+0200] {logging_mixin.py:154} INFO - [2025-06-01T18:32:33.418+0200] {dag.py:3722} INFO - Setting next_dagrun for example_task_group to 2025-05-31T16:32:33.418418+00:00, run_after=2025-06-01T16:32:33.418418+00:00
[2025-06-01T18:32:33.435+0200] {processor.py:179} INFO - Processing /home/lohit/miniconda3/envs/airflow-env/lib/python3.8/site-packages/airflow/example_dags/example_task_group.py took 0.050 seconds
[2025-06-01T18:33:17.214+0200] {processor.py:157} INFO - Started process (PID=30754) to work on /home/lohit/miniconda3/envs/airflow-env/lib/python3.8/site-packages/airflow/example_dags/example_task_group.py
[2025-06-01T18:33:17.216+0200] {processor.py:829} INFO - Processing file /home/lohit/miniconda3/envs/airflow-env/lib/python3.8/site-packages/airflow/example_dags/example_task_group.py for tasks to queue
[2025-06-01T18:33:17.216+0200] {logging_mixin.py:154} INFO - [2025-06-01T18:33:17.216+0200] {dagbag.py:536} INFO - Filling up the DagBag from /home/lohit/miniconda3/envs/airflow-env/lib/python3.8/site-packages/airflow/example_dags/example_task_group.py
[2025-06-01T18:33:17.223+0200] {processor.py:839} INFO - DAG(s) dict_keys(['example_task_group']) retrieved from /home/lohit/miniconda3/envs/airflow-env/lib/python3.8/site-packages/airflow/example_dags/example_task_group.py
[2025-06-01T18:33:17.234+0200] {logging_mixin.py:154} INFO - [2025-06-01T18:33:17.233+0200] {dag.py:2941} INFO - Sync 1 DAGs
[2025-06-01T18:33:17.245+0200] {logging_mixin.py:154} INFO - [2025-06-01T18:33:17.245+0200] {dag.py:3722} INFO - Setting next_dagrun for example_task_group to 2025-05-31T16:33:17.245598+00:00, run_after=2025-06-01T16:33:17.245598+00:00
[2025-06-01T18:33:17.262+0200] {processor.py:179} INFO - Processing /home/lohit/miniconda3/envs/airflow-env/lib/python3.8/site-packages/airflow/example_dags/example_task_group.py took 0.049 seconds
[2025-06-01T18:34:09.665+0200] {processor.py:157} INFO - Started process (PID=30827) to work on /home/lohit/miniconda3/envs/airflow-env/lib/python3.8/site-packages/airflow/example_dags/example_task_group.py
[2025-06-01T18:34:09.669+0200] {processor.py:829} INFO - Processing file /home/lohit/miniconda3/envs/airflow-env/lib/python3.8/site-packages/airflow/example_dags/example_task_group.py for tasks to queue
[2025-06-01T18:34:09.669+0200] {logging_mixin.py:154} INFO - [2025-06-01T18:34:09.669+0200] {dagbag.py:536} INFO - Filling up the DagBag from /home/lohit/miniconda3/envs/airflow-env/lib/python3.8/site-packages/airflow/example_dags/example_task_group.py
[2025-06-01T18:34:09.674+0200] {processor.py:839} INFO - DAG(s) dict_keys(['example_task_group']) retrieved from /home/lohit/miniconda3/envs/airflow-env/lib/python3.8/site-packages/airflow/example_dags/example_task_group.py
[2025-06-01T18:34:09.686+0200] {logging_mixin.py:154} INFO - [2025-06-01T18:34:09.686+0200] {dag.py:2941} INFO - Sync 1 DAGs
[2025-06-01T18:34:09.697+0200] {logging_mixin.py:154} INFO - [2025-06-01T18:34:09.697+0200] {dag.py:3722} INFO - Setting next_dagrun for example_task_group to 2025-05-31T16:34:09.696883+00:00, run_after=2025-06-01T16:34:09.696883+00:00
[2025-06-01T18:34:09.715+0200] {processor.py:179} INFO - Processing /home/lohit/miniconda3/envs/airflow-env/lib/python3.8/site-packages/airflow/example_dags/example_task_group.py took 0.052 seconds
[2025-06-01T18:34:55.836+0200] {processor.py:157} INFO - Started process (PID=31612) to work on /home/lohit/miniconda3/envs/airflow-env/lib/python3.8/site-packages/airflow/example_dags/example_task_group.py
[2025-06-01T18:34:55.838+0200] {processor.py:829} INFO - Processing file /home/lohit/miniconda3/envs/airflow-env/lib/python3.8/site-packages/airflow/example_dags/example_task_group.py for tasks to queue
[2025-06-01T18:34:55.838+0200] {logging_mixin.py:154} INFO - [2025-06-01T18:34:55.838+0200] {dagbag.py:536} INFO - Filling up the DagBag from /home/lohit/miniconda3/envs/airflow-env/lib/python3.8/site-packages/airflow/example_dags/example_task_group.py
[2025-06-01T18:34:55.844+0200] {processor.py:839} INFO - DAG(s) dict_keys(['example_task_group']) retrieved from /home/lohit/miniconda3/envs/airflow-env/lib/python3.8/site-packages/airflow/example_dags/example_task_group.py
[2025-06-01T18:34:55.853+0200] {logging_mixin.py:154} INFO - [2025-06-01T18:34:55.853+0200] {dag.py:2941} INFO - Sync 1 DAGs
[2025-06-01T18:34:55.864+0200] {logging_mixin.py:154} INFO - [2025-06-01T18:34:55.864+0200] {dag.py:3722} INFO - Setting next_dagrun for example_task_group to 2025-05-31T16:34:55.864543+00:00, run_after=2025-06-01T16:34:55.864543+00:00
[2025-06-01T18:34:55.880+0200] {processor.py:179} INFO - Processing /home/lohit/miniconda3/envs/airflow-env/lib/python3.8/site-packages/airflow/example_dags/example_task_group.py took 0.046 seconds
