[2025-06-01T17:53:12.482+0200] {processor.py:157} INFO - Started process (PID=27108) to work on /home/lohit/miniconda3/envs/airflow-env/lib/python3.8/site-packages/airflow/example_dags/example_branch_operator.py
[2025-06-01T17:53:12.483+0200] {processor.py:829} INFO - Processing file /home/lohit/miniconda3/envs/airflow-env/lib/python3.8/site-packages/airflow/example_dags/example_branch_operator.py for tasks to queue
[2025-06-01T17:53:12.483+0200] {logging_mixin.py:154} INFO - [2025-06-01T17:53:12.483+0200] {dagbag.py:536} INFO - Filling up the DagBag from /home/lohit/miniconda3/envs/airflow-env/lib/python3.8/site-packages/airflow/example_dags/example_branch_operator.py
[2025-06-01T17:53:12.488+0200] {processor.py:839} INFO - DAG(s) dict_keys(['example_branch_operator']) retrieved from /home/lohit/miniconda3/envs/airflow-env/lib/python3.8/site-packages/airflow/example_dags/example_branch_operator.py
[2025-06-01T17:53:12.498+0200] {logging_mixin.py:154} INFO - [2025-06-01T17:53:12.498+0200] {dag.py:2941} INFO - Sync 1 DAGs
[2025-06-01T17:53:12.509+0200] {logging_mixin.py:154} INFO - [2025-06-01T17:53:12.509+0200] {dag.py:3722} INFO - Setting next_dagrun for example_branch_operator to 2025-05-31T00:00:00+00:00, run_after=2025-06-01T00:00:00+00:00
[2025-06-01T17:53:12.527+0200] {processor.py:179} INFO - Processing /home/lohit/miniconda3/envs/airflow-env/lib/python3.8/site-packages/airflow/example_dags/example_branch_operator.py took 0.046 seconds
[2025-06-01T17:54:02.817+0200] {processor.py:157} INFO - Started process (PID=27181) to work on /home/lohit/miniconda3/envs/airflow-env/lib/python3.8/site-packages/airflow/example_dags/example_branch_operator.py
[2025-06-01T17:54:02.818+0200] {processor.py:829} INFO - Processing file /home/lohit/miniconda3/envs/airflow-env/lib/python3.8/site-packages/airflow/example_dags/example_branch_operator.py for tasks to queue
[2025-06-01T17:54:02.819+0200] {logging_mixin.py:154} INFO - [2025-06-01T17:54:02.818+0200] {dagbag.py:536} INFO - Filling up the DagBag from /home/lohit/miniconda3/envs/airflow-env/lib/python3.8/site-packages/airflow/example_dags/example_branch_operator.py
[2025-06-01T17:54:02.825+0200] {processor.py:839} INFO - DAG(s) dict_keys(['example_branch_operator']) retrieved from /home/lohit/miniconda3/envs/airflow-env/lib/python3.8/site-packages/airflow/example_dags/example_branch_operator.py
[2025-06-01T17:54:02.835+0200] {logging_mixin.py:154} INFO - [2025-06-01T17:54:02.835+0200] {dag.py:2941} INFO - Sync 1 DAGs
[2025-06-01T17:54:02.846+0200] {logging_mixin.py:154} INFO - [2025-06-01T17:54:02.846+0200] {dag.py:3722} INFO - Setting next_dagrun for example_branch_operator to 2025-05-31T00:00:00+00:00, run_after=2025-06-01T00:00:00+00:00
[2025-06-01T17:54:02.863+0200] {processor.py:179} INFO - Processing /home/lohit/miniconda3/envs/airflow-env/lib/python3.8/site-packages/airflow/example_dags/example_branch_operator.py took 0.049 seconds
[2025-06-01T17:54:48.449+0200] {processor.py:157} INFO - Started process (PID=27249) to work on /home/lohit/miniconda3/envs/airflow-env/lib/python3.8/site-packages/airflow/example_dags/example_branch_operator.py
[2025-06-01T17:54:48.453+0200] {processor.py:829} INFO - Processing file /home/lohit/miniconda3/envs/airflow-env/lib/python3.8/site-packages/airflow/example_dags/example_branch_operator.py for tasks to queue
[2025-06-01T17:54:48.453+0200] {logging_mixin.py:154} INFO - [2025-06-01T17:54:48.453+0200] {dagbag.py:536} INFO - Filling up the DagBag from /home/lohit/miniconda3/envs/airflow-env/lib/python3.8/site-packages/airflow/example_dags/example_branch_operator.py
[2025-06-01T17:54:48.459+0200] {processor.py:839} INFO - DAG(s) dict_keys(['example_branch_operator']) retrieved from /home/lohit/miniconda3/envs/airflow-env/lib/python3.8/site-packages/airflow/example_dags/example_branch_operator.py
[2025-06-01T17:54:48.469+0200] {logging_mixin.py:154} INFO - [2025-06-01T17:54:48.469+0200] {dag.py:2941} INFO - Sync 1 DAGs
[2025-06-01T17:54:48.479+0200] {logging_mixin.py:154} INFO - [2025-06-01T17:54:48.479+0200] {dag.py:3722} INFO - Setting next_dagrun for example_branch_operator to 2025-05-31T00:00:00+00:00, run_after=2025-06-01T00:00:00+00:00
[2025-06-01T17:54:48.495+0200] {processor.py:179} INFO - Processing /home/lohit/miniconda3/envs/airflow-env/lib/python3.8/site-packages/airflow/example_dags/example_branch_operator.py took 0.047 seconds
[2025-06-01T17:55:38.297+0200] {processor.py:157} INFO - Started process (PID=27321) to work on /home/lohit/miniconda3/envs/airflow-env/lib/python3.8/site-packages/airflow/example_dags/example_branch_operator.py
[2025-06-01T17:55:38.298+0200] {processor.py:829} INFO - Processing file /home/lohit/miniconda3/envs/airflow-env/lib/python3.8/site-packages/airflow/example_dags/example_branch_operator.py for tasks to queue
[2025-06-01T17:55:38.299+0200] {logging_mixin.py:154} INFO - [2025-06-01T17:55:38.299+0200] {dagbag.py:536} INFO - Filling up the DagBag from /home/lohit/miniconda3/envs/airflow-env/lib/python3.8/site-packages/airflow/example_dags/example_branch_operator.py
[2025-06-01T17:55:38.304+0200] {processor.py:839} INFO - DAG(s) dict_keys(['example_branch_operator']) retrieved from /home/lohit/miniconda3/envs/airflow-env/lib/python3.8/site-packages/airflow/example_dags/example_branch_operator.py
[2025-06-01T17:55:38.314+0200] {logging_mixin.py:154} INFO - [2025-06-01T17:55:38.314+0200] {dag.py:2941} INFO - Sync 1 DAGs
[2025-06-01T17:55:38.325+0200] {logging_mixin.py:154} INFO - [2025-06-01T17:55:38.324+0200] {dag.py:3722} INFO - Setting next_dagrun for example_branch_operator to 2025-05-31T00:00:00+00:00, run_after=2025-06-01T00:00:00+00:00
[2025-06-01T17:55:38.341+0200] {processor.py:179} INFO - Processing /home/lohit/miniconda3/envs/airflow-env/lib/python3.8/site-packages/airflow/example_dags/example_branch_operator.py took 0.046 seconds
[2025-06-01T17:56:24.728+0200] {processor.py:157} INFO - Started process (PID=27393) to work on /home/lohit/miniconda3/envs/airflow-env/lib/python3.8/site-packages/airflow/example_dags/example_branch_operator.py
[2025-06-01T17:56:24.731+0200] {processor.py:829} INFO - Processing file /home/lohit/miniconda3/envs/airflow-env/lib/python3.8/site-packages/airflow/example_dags/example_branch_operator.py for tasks to queue
[2025-06-01T17:56:24.732+0200] {logging_mixin.py:154} INFO - [2025-06-01T17:56:24.732+0200] {dagbag.py:536} INFO - Filling up the DagBag from /home/lohit/miniconda3/envs/airflow-env/lib/python3.8/site-packages/airflow/example_dags/example_branch_operator.py
[2025-06-01T17:56:24.737+0200] {processor.py:839} INFO - DAG(s) dict_keys(['example_branch_operator']) retrieved from /home/lohit/miniconda3/envs/airflow-env/lib/python3.8/site-packages/airflow/example_dags/example_branch_operator.py
[2025-06-01T17:56:24.749+0200] {logging_mixin.py:154} INFO - [2025-06-01T17:56:24.749+0200] {dag.py:2941} INFO - Sync 1 DAGs
[2025-06-01T17:56:24.761+0200] {logging_mixin.py:154} INFO - [2025-06-01T17:56:24.760+0200] {dag.py:3722} INFO - Setting next_dagrun for example_branch_operator to 2025-05-31T00:00:00+00:00, run_after=2025-06-01T00:00:00+00:00
[2025-06-01T17:56:24.778+0200] {processor.py:179} INFO - Processing /home/lohit/miniconda3/envs/airflow-env/lib/python3.8/site-packages/airflow/example_dags/example_branch_operator.py took 0.052 seconds
[2025-06-01T17:57:14.345+0200] {processor.py:157} INFO - Started process (PID=27465) to work on /home/lohit/miniconda3/envs/airflow-env/lib/python3.8/site-packages/airflow/example_dags/example_branch_operator.py
[2025-06-01T17:57:14.348+0200] {processor.py:829} INFO - Processing file /home/lohit/miniconda3/envs/airflow-env/lib/python3.8/site-packages/airflow/example_dags/example_branch_operator.py for tasks to queue
[2025-06-01T17:57:14.348+0200] {logging_mixin.py:154} INFO - [2025-06-01T17:57:14.348+0200] {dagbag.py:536} INFO - Filling up the DagBag from /home/lohit/miniconda3/envs/airflow-env/lib/python3.8/site-packages/airflow/example_dags/example_branch_operator.py
[2025-06-01T17:57:14.354+0200] {processor.py:839} INFO - DAG(s) dict_keys(['example_branch_operator']) retrieved from /home/lohit/miniconda3/envs/airflow-env/lib/python3.8/site-packages/airflow/example_dags/example_branch_operator.py
[2025-06-01T17:57:14.364+0200] {logging_mixin.py:154} INFO - [2025-06-01T17:57:14.364+0200] {dag.py:2941} INFO - Sync 1 DAGs
[2025-06-01T17:57:14.375+0200] {logging_mixin.py:154} INFO - [2025-06-01T17:57:14.375+0200] {dag.py:3722} INFO - Setting next_dagrun for example_branch_operator to 2025-05-31T00:00:00+00:00, run_after=2025-06-01T00:00:00+00:00
[2025-06-01T17:57:14.390+0200] {processor.py:179} INFO - Processing /home/lohit/miniconda3/envs/airflow-env/lib/python3.8/site-packages/airflow/example_dags/example_branch_operator.py took 0.048 seconds
[2025-06-01T17:57:58.184+0200] {processor.py:157} INFO - Started process (PID=27533) to work on /home/lohit/miniconda3/envs/airflow-env/lib/python3.8/site-packages/airflow/example_dags/example_branch_operator.py
[2025-06-01T17:57:58.188+0200] {processor.py:829} INFO - Processing file /home/lohit/miniconda3/envs/airflow-env/lib/python3.8/site-packages/airflow/example_dags/example_branch_operator.py for tasks to queue
[2025-06-01T17:57:58.188+0200] {logging_mixin.py:154} INFO - [2025-06-01T17:57:58.188+0200] {dagbag.py:536} INFO - Filling up the DagBag from /home/lohit/miniconda3/envs/airflow-env/lib/python3.8/site-packages/airflow/example_dags/example_branch_operator.py
[2025-06-01T17:57:58.194+0200] {processor.py:839} INFO - DAG(s) dict_keys(['example_branch_operator']) retrieved from /home/lohit/miniconda3/envs/airflow-env/lib/python3.8/site-packages/airflow/example_dags/example_branch_operator.py
[2025-06-01T17:57:58.204+0200] {logging_mixin.py:154} INFO - [2025-06-01T17:57:58.204+0200] {dag.py:2941} INFO - Sync 1 DAGs
[2025-06-01T17:57:58.214+0200] {logging_mixin.py:154} INFO - [2025-06-01T17:57:58.214+0200] {dag.py:3722} INFO - Setting next_dagrun for example_branch_operator to 2025-05-31T00:00:00+00:00, run_after=2025-06-01T00:00:00+00:00
[2025-06-01T17:57:58.232+0200] {processor.py:179} INFO - Processing /home/lohit/miniconda3/envs/airflow-env/lib/python3.8/site-packages/airflow/example_dags/example_branch_operator.py took 0.050 seconds
[2025-06-01T17:58:46.574+0200] {processor.py:157} INFO - Started process (PID=27603) to work on /home/lohit/miniconda3/envs/airflow-env/lib/python3.8/site-packages/airflow/example_dags/example_branch_operator.py
[2025-06-01T17:58:46.577+0200] {processor.py:829} INFO - Processing file /home/lohit/miniconda3/envs/airflow-env/lib/python3.8/site-packages/airflow/example_dags/example_branch_operator.py for tasks to queue
[2025-06-01T17:58:46.578+0200] {logging_mixin.py:154} INFO - [2025-06-01T17:58:46.577+0200] {dagbag.py:536} INFO - Filling up the DagBag from /home/lohit/miniconda3/envs/airflow-env/lib/python3.8/site-packages/airflow/example_dags/example_branch_operator.py
[2025-06-01T17:58:46.583+0200] {processor.py:839} INFO - DAG(s) dict_keys(['example_branch_operator']) retrieved from /home/lohit/miniconda3/envs/airflow-env/lib/python3.8/site-packages/airflow/example_dags/example_branch_operator.py
[2025-06-01T17:58:46.593+0200] {logging_mixin.py:154} INFO - [2025-06-01T17:58:46.593+0200] {dag.py:2941} INFO - Sync 1 DAGs
[2025-06-01T17:58:46.605+0200] {logging_mixin.py:154} INFO - [2025-06-01T17:58:46.605+0200] {dag.py:3722} INFO - Setting next_dagrun for example_branch_operator to 2025-05-31T00:00:00+00:00, run_after=2025-06-01T00:00:00+00:00
[2025-06-01T17:58:46.622+0200] {processor.py:179} INFO - Processing /home/lohit/miniconda3/envs/airflow-env/lib/python3.8/site-packages/airflow/example_dags/example_branch_operator.py took 0.050 seconds
[2025-06-01T17:59:30.869+0200] {processor.py:157} INFO - Started process (PID=27671) to work on /home/lohit/miniconda3/envs/airflow-env/lib/python3.8/site-packages/airflow/example_dags/example_branch_operator.py
[2025-06-01T17:59:30.873+0200] {processor.py:829} INFO - Processing file /home/lohit/miniconda3/envs/airflow-env/lib/python3.8/site-packages/airflow/example_dags/example_branch_operator.py for tasks to queue
[2025-06-01T17:59:30.873+0200] {logging_mixin.py:154} INFO - [2025-06-01T17:59:30.873+0200] {dagbag.py:536} INFO - Filling up the DagBag from /home/lohit/miniconda3/envs/airflow-env/lib/python3.8/site-packages/airflow/example_dags/example_branch_operator.py
[2025-06-01T17:59:30.879+0200] {processor.py:839} INFO - DAG(s) dict_keys(['example_branch_operator']) retrieved from /home/lohit/miniconda3/envs/airflow-env/lib/python3.8/site-packages/airflow/example_dags/example_branch_operator.py
[2025-06-01T17:59:30.893+0200] {logging_mixin.py:154} INFO - [2025-06-01T17:59:30.892+0200] {dag.py:2941} INFO - Sync 1 DAGs
[2025-06-01T17:59:30.905+0200] {logging_mixin.py:154} INFO - [2025-06-01T17:59:30.905+0200] {dag.py:3722} INFO - Setting next_dagrun for example_branch_operator to 2025-05-31T00:00:00+00:00, run_after=2025-06-01T00:00:00+00:00
[2025-06-01T17:59:30.920+0200] {processor.py:179} INFO - Processing /home/lohit/miniconda3/envs/airflow-env/lib/python3.8/site-packages/airflow/example_dags/example_branch_operator.py took 0.053 seconds
[2025-06-01T18:00:16.526+0200] {processor.py:157} INFO - Started process (PID=27739) to work on /home/lohit/miniconda3/envs/airflow-env/lib/python3.8/site-packages/airflow/example_dags/example_branch_operator.py
[2025-06-01T18:00:16.529+0200] {processor.py:829} INFO - Processing file /home/lohit/miniconda3/envs/airflow-env/lib/python3.8/site-packages/airflow/example_dags/example_branch_operator.py for tasks to queue
[2025-06-01T18:00:16.530+0200] {logging_mixin.py:154} INFO - [2025-06-01T18:00:16.529+0200] {dagbag.py:536} INFO - Filling up the DagBag from /home/lohit/miniconda3/envs/airflow-env/lib/python3.8/site-packages/airflow/example_dags/example_branch_operator.py
[2025-06-01T18:00:16.535+0200] {processor.py:839} INFO - DAG(s) dict_keys(['example_branch_operator']) retrieved from /home/lohit/miniconda3/envs/airflow-env/lib/python3.8/site-packages/airflow/example_dags/example_branch_operator.py
[2025-06-01T18:00:16.545+0200] {logging_mixin.py:154} INFO - [2025-06-01T18:00:16.545+0200] {dag.py:2941} INFO - Sync 1 DAGs
[2025-06-01T18:00:16.556+0200] {logging_mixin.py:154} INFO - [2025-06-01T18:00:16.556+0200] {dag.py:3722} INFO - Setting next_dagrun for example_branch_operator to 2025-05-31T00:00:00+00:00, run_after=2025-06-01T00:00:00+00:00
[2025-06-01T18:00:16.571+0200] {processor.py:179} INFO - Processing /home/lohit/miniconda3/envs/airflow-env/lib/python3.8/site-packages/airflow/example_dags/example_branch_operator.py took 0.047 seconds
[2025-06-01T18:01:03.285+0200] {processor.py:157} INFO - Started process (PID=27842) to work on /home/lohit/miniconda3/envs/airflow-env/lib/python3.8/site-packages/airflow/example_dags/example_branch_operator.py
[2025-06-01T18:01:03.289+0200] {processor.py:829} INFO - Processing file /home/lohit/miniconda3/envs/airflow-env/lib/python3.8/site-packages/airflow/example_dags/example_branch_operator.py for tasks to queue
[2025-06-01T18:01:03.289+0200] {logging_mixin.py:154} INFO - [2025-06-01T18:01:03.289+0200] {dagbag.py:536} INFO - Filling up the DagBag from /home/lohit/miniconda3/envs/airflow-env/lib/python3.8/site-packages/airflow/example_dags/example_branch_operator.py
[2025-06-01T18:01:03.295+0200] {processor.py:839} INFO - DAG(s) dict_keys(['example_branch_operator']) retrieved from /home/lohit/miniconda3/envs/airflow-env/lib/python3.8/site-packages/airflow/example_dags/example_branch_operator.py
[2025-06-01T18:01:03.305+0200] {logging_mixin.py:154} INFO - [2025-06-01T18:01:03.305+0200] {dag.py:2941} INFO - Sync 1 DAGs
[2025-06-01T18:01:03.316+0200] {logging_mixin.py:154} INFO - [2025-06-01T18:01:03.316+0200] {dag.py:3722} INFO - Setting next_dagrun for example_branch_operator to 2025-05-31T00:00:00+00:00, run_after=2025-06-01T00:00:00+00:00
[2025-06-01T18:01:03.330+0200] {processor.py:179} INFO - Processing /home/lohit/miniconda3/envs/airflow-env/lib/python3.8/site-packages/airflow/example_dags/example_branch_operator.py took 0.047 seconds
[2025-06-01T18:01:51.996+0200] {processor.py:157} INFO - Started process (PID=27914) to work on /home/lohit/miniconda3/envs/airflow-env/lib/python3.8/site-packages/airflow/example_dags/example_branch_operator.py
[2025-06-01T18:01:52.000+0200] {processor.py:829} INFO - Processing file /home/lohit/miniconda3/envs/airflow-env/lib/python3.8/site-packages/airflow/example_dags/example_branch_operator.py for tasks to queue
[2025-06-01T18:01:52.000+0200] {logging_mixin.py:154} INFO - [2025-06-01T18:01:52.000+0200] {dagbag.py:536} INFO - Filling up the DagBag from /home/lohit/miniconda3/envs/airflow-env/lib/python3.8/site-packages/airflow/example_dags/example_branch_operator.py
[2025-06-01T18:01:52.006+0200] {processor.py:839} INFO - DAG(s) dict_keys(['example_branch_operator']) retrieved from /home/lohit/miniconda3/envs/airflow-env/lib/python3.8/site-packages/airflow/example_dags/example_branch_operator.py
[2025-06-01T18:01:52.016+0200] {logging_mixin.py:154} INFO - [2025-06-01T18:01:52.016+0200] {dag.py:2941} INFO - Sync 1 DAGs
[2025-06-01T18:01:52.027+0200] {logging_mixin.py:154} INFO - [2025-06-01T18:01:52.027+0200] {dag.py:3722} INFO - Setting next_dagrun for example_branch_operator to 2025-05-31T00:00:00+00:00, run_after=2025-06-01T00:00:00+00:00
[2025-06-01T18:01:52.043+0200] {processor.py:179} INFO - Processing /home/lohit/miniconda3/envs/airflow-env/lib/python3.8/site-packages/airflow/example_dags/example_branch_operator.py took 0.049 seconds
[2025-06-01T18:02:50.872+0200] {processor.py:157} INFO - Started process (PID=28000) to work on /home/lohit/miniconda3/envs/airflow-env/lib/python3.8/site-packages/airflow/example_dags/example_branch_operator.py
[2025-06-01T18:02:50.876+0200] {processor.py:829} INFO - Processing file /home/lohit/miniconda3/envs/airflow-env/lib/python3.8/site-packages/airflow/example_dags/example_branch_operator.py for tasks to queue
[2025-06-01T18:02:50.876+0200] {logging_mixin.py:154} INFO - [2025-06-01T18:02:50.876+0200] {dagbag.py:536} INFO - Filling up the DagBag from /home/lohit/miniconda3/envs/airflow-env/lib/python3.8/site-packages/airflow/example_dags/example_branch_operator.py
[2025-06-01T18:02:50.882+0200] {processor.py:839} INFO - DAG(s) dict_keys(['example_branch_operator']) retrieved from /home/lohit/miniconda3/envs/airflow-env/lib/python3.8/site-packages/airflow/example_dags/example_branch_operator.py
[2025-06-01T18:02:50.894+0200] {logging_mixin.py:154} INFO - [2025-06-01T18:02:50.894+0200] {dag.py:2941} INFO - Sync 1 DAGs
[2025-06-01T18:02:50.917+0200] {logging_mixin.py:154} INFO - [2025-06-01T18:02:50.917+0200] {dag.py:3722} INFO - Setting next_dagrun for example_branch_operator to 2025-05-31T00:00:00+00:00, run_after=2025-06-01T00:00:00+00:00
[2025-06-01T18:02:50.935+0200] {processor.py:179} INFO - Processing /home/lohit/miniconda3/envs/airflow-env/lib/python3.8/site-packages/airflow/example_dags/example_branch_operator.py took 0.064 seconds
[2025-06-01T18:03:38.217+0200] {processor.py:157} INFO - Started process (PID=28076) to work on /home/lohit/miniconda3/envs/airflow-env/lib/python3.8/site-packages/airflow/example_dags/example_branch_operator.py
[2025-06-01T18:03:38.218+0200] {processor.py:829} INFO - Processing file /home/lohit/miniconda3/envs/airflow-env/lib/python3.8/site-packages/airflow/example_dags/example_branch_operator.py for tasks to queue
[2025-06-01T18:03:38.219+0200] {logging_mixin.py:154} INFO - [2025-06-01T18:03:38.218+0200] {dagbag.py:536} INFO - Filling up the DagBag from /home/lohit/miniconda3/envs/airflow-env/lib/python3.8/site-packages/airflow/example_dags/example_branch_operator.py
[2025-06-01T18:03:38.224+0200] {processor.py:839} INFO - DAG(s) dict_keys(['example_branch_operator']) retrieved from /home/lohit/miniconda3/envs/airflow-env/lib/python3.8/site-packages/airflow/example_dags/example_branch_operator.py
[2025-06-01T18:03:38.235+0200] {logging_mixin.py:154} INFO - [2025-06-01T18:03:38.235+0200] {dag.py:2941} INFO - Sync 1 DAGs
[2025-06-01T18:03:38.248+0200] {logging_mixin.py:154} INFO - [2025-06-01T18:03:38.248+0200] {dag.py:3722} INFO - Setting next_dagrun for example_branch_operator to 2025-05-31T00:00:00+00:00, run_after=2025-06-01T00:00:00+00:00
[2025-06-01T18:03:38.264+0200] {processor.py:179} INFO - Processing /home/lohit/miniconda3/envs/airflow-env/lib/python3.8/site-packages/airflow/example_dags/example_branch_operator.py took 0.048 seconds
[2025-06-01T18:04:24.154+0200] {processor.py:157} INFO - Started process (PID=28148) to work on /home/lohit/miniconda3/envs/airflow-env/lib/python3.8/site-packages/airflow/example_dags/example_branch_operator.py
[2025-06-01T18:04:24.158+0200] {processor.py:829} INFO - Processing file /home/lohit/miniconda3/envs/airflow-env/lib/python3.8/site-packages/airflow/example_dags/example_branch_operator.py for tasks to queue
[2025-06-01T18:04:24.158+0200] {logging_mixin.py:154} INFO - [2025-06-01T18:04:24.158+0200] {dagbag.py:536} INFO - Filling up the DagBag from /home/lohit/miniconda3/envs/airflow-env/lib/python3.8/site-packages/airflow/example_dags/example_branch_operator.py
[2025-06-01T18:04:24.165+0200] {processor.py:839} INFO - DAG(s) dict_keys(['example_branch_operator']) retrieved from /home/lohit/miniconda3/envs/airflow-env/lib/python3.8/site-packages/airflow/example_dags/example_branch_operator.py
[2025-06-01T18:04:24.176+0200] {logging_mixin.py:154} INFO - [2025-06-01T18:04:24.176+0200] {dag.py:2941} INFO - Sync 1 DAGs
[2025-06-01T18:04:24.187+0200] {logging_mixin.py:154} INFO - [2025-06-01T18:04:24.187+0200] {dag.py:3722} INFO - Setting next_dagrun for example_branch_operator to 2025-05-31T00:00:00+00:00, run_after=2025-06-01T00:00:00+00:00
[2025-06-01T18:04:24.203+0200] {processor.py:179} INFO - Processing /home/lohit/miniconda3/envs/airflow-env/lib/python3.8/site-packages/airflow/example_dags/example_branch_operator.py took 0.051 seconds
[2025-06-01T18:05:11.909+0200] {processor.py:157} INFO - Started process (PID=28226) to work on /home/lohit/miniconda3/envs/airflow-env/lib/python3.8/site-packages/airflow/example_dags/example_branch_operator.py
[2025-06-01T18:05:11.913+0200] {processor.py:829} INFO - Processing file /home/lohit/miniconda3/envs/airflow-env/lib/python3.8/site-packages/airflow/example_dags/example_branch_operator.py for tasks to queue
[2025-06-01T18:05:11.913+0200] {logging_mixin.py:154} INFO - [2025-06-01T18:05:11.913+0200] {dagbag.py:536} INFO - Filling up the DagBag from /home/lohit/miniconda3/envs/airflow-env/lib/python3.8/site-packages/airflow/example_dags/example_branch_operator.py
[2025-06-01T18:05:11.919+0200] {processor.py:839} INFO - DAG(s) dict_keys(['example_branch_operator']) retrieved from /home/lohit/miniconda3/envs/airflow-env/lib/python3.8/site-packages/airflow/example_dags/example_branch_operator.py
[2025-06-01T18:05:11.930+0200] {logging_mixin.py:154} INFO - [2025-06-01T18:05:11.930+0200] {dag.py:2941} INFO - Sync 1 DAGs
[2025-06-01T18:05:11.941+0200] {logging_mixin.py:154} INFO - [2025-06-01T18:05:11.941+0200] {dag.py:3722} INFO - Setting next_dagrun for example_branch_operator to 2025-05-31T00:00:00+00:00, run_after=2025-06-01T00:00:00+00:00
[2025-06-01T18:05:11.956+0200] {processor.py:179} INFO - Processing /home/lohit/miniconda3/envs/airflow-env/lib/python3.8/site-packages/airflow/example_dags/example_branch_operator.py took 0.048 seconds
[2025-06-01T18:06:05.496+0200] {processor.py:157} INFO - Started process (PID=28309) to work on /home/lohit/miniconda3/envs/airflow-env/lib/python3.8/site-packages/airflow/example_dags/example_branch_operator.py
[2025-06-01T18:06:05.499+0200] {processor.py:829} INFO - Processing file /home/lohit/miniconda3/envs/airflow-env/lib/python3.8/site-packages/airflow/example_dags/example_branch_operator.py for tasks to queue
[2025-06-01T18:06:05.500+0200] {logging_mixin.py:154} INFO - [2025-06-01T18:06:05.500+0200] {dagbag.py:536} INFO - Filling up the DagBag from /home/lohit/miniconda3/envs/airflow-env/lib/python3.8/site-packages/airflow/example_dags/example_branch_operator.py
[2025-06-01T18:06:05.505+0200] {processor.py:839} INFO - DAG(s) dict_keys(['example_branch_operator']) retrieved from /home/lohit/miniconda3/envs/airflow-env/lib/python3.8/site-packages/airflow/example_dags/example_branch_operator.py
[2025-06-01T18:06:05.516+0200] {logging_mixin.py:154} INFO - [2025-06-01T18:06:05.516+0200] {dag.py:2941} INFO - Sync 1 DAGs
[2025-06-01T18:06:05.527+0200] {logging_mixin.py:154} INFO - [2025-06-01T18:06:05.527+0200] {dag.py:3722} INFO - Setting next_dagrun for example_branch_operator to 2025-05-31T00:00:00+00:00, run_after=2025-06-01T00:00:00+00:00
[2025-06-01T18:06:05.541+0200] {processor.py:179} INFO - Processing /home/lohit/miniconda3/envs/airflow-env/lib/python3.8/site-packages/airflow/example_dags/example_branch_operator.py took 0.047 seconds
[2025-06-01T18:06:48.476+0200] {processor.py:157} INFO - Started process (PID=28377) to work on /home/lohit/miniconda3/envs/airflow-env/lib/python3.8/site-packages/airflow/example_dags/example_branch_operator.py
[2025-06-01T18:06:48.477+0200] {processor.py:829} INFO - Processing file /home/lohit/miniconda3/envs/airflow-env/lib/python3.8/site-packages/airflow/example_dags/example_branch_operator.py for tasks to queue
[2025-06-01T18:06:48.478+0200] {logging_mixin.py:154} INFO - [2025-06-01T18:06:48.477+0200] {dagbag.py:536} INFO - Filling up the DagBag from /home/lohit/miniconda3/envs/airflow-env/lib/python3.8/site-packages/airflow/example_dags/example_branch_operator.py
[2025-06-01T18:06:48.483+0200] {processor.py:839} INFO - DAG(s) dict_keys(['example_branch_operator']) retrieved from /home/lohit/miniconda3/envs/airflow-env/lib/python3.8/site-packages/airflow/example_dags/example_branch_operator.py
[2025-06-01T18:06:48.495+0200] {logging_mixin.py:154} INFO - [2025-06-01T18:06:48.495+0200] {dag.py:2941} INFO - Sync 1 DAGs
[2025-06-01T18:06:48.508+0200] {logging_mixin.py:154} INFO - [2025-06-01T18:06:48.508+0200] {dag.py:3722} INFO - Setting next_dagrun for example_branch_operator to 2025-05-31T00:00:00+00:00, run_after=2025-06-01T00:00:00+00:00
[2025-06-01T18:06:48.527+0200] {processor.py:179} INFO - Processing /home/lohit/miniconda3/envs/airflow-env/lib/python3.8/site-packages/airflow/example_dags/example_branch_operator.py took 0.053 seconds
[2025-06-01T18:07:34.347+0200] {processor.py:157} INFO - Started process (PID=28445) to work on /home/lohit/miniconda3/envs/airflow-env/lib/python3.8/site-packages/airflow/example_dags/example_branch_operator.py
[2025-06-01T18:07:34.349+0200] {processor.py:829} INFO - Processing file /home/lohit/miniconda3/envs/airflow-env/lib/python3.8/site-packages/airflow/example_dags/example_branch_operator.py for tasks to queue
[2025-06-01T18:07:34.349+0200] {logging_mixin.py:154} INFO - [2025-06-01T18:07:34.349+0200] {dagbag.py:536} INFO - Filling up the DagBag from /home/lohit/miniconda3/envs/airflow-env/lib/python3.8/site-packages/airflow/example_dags/example_branch_operator.py
[2025-06-01T18:07:34.355+0200] {processor.py:839} INFO - DAG(s) dict_keys(['example_branch_operator']) retrieved from /home/lohit/miniconda3/envs/airflow-env/lib/python3.8/site-packages/airflow/example_dags/example_branch_operator.py
[2025-06-01T18:07:34.366+0200] {logging_mixin.py:154} INFO - [2025-06-01T18:07:34.366+0200] {dag.py:2941} INFO - Sync 1 DAGs
[2025-06-01T18:07:34.379+0200] {logging_mixin.py:154} INFO - [2025-06-01T18:07:34.378+0200] {dag.py:3722} INFO - Setting next_dagrun for example_branch_operator to 2025-05-31T00:00:00+00:00, run_after=2025-06-01T00:00:00+00:00
[2025-06-01T18:07:34.394+0200] {processor.py:179} INFO - Processing /home/lohit/miniconda3/envs/airflow-env/lib/python3.8/site-packages/airflow/example_dags/example_branch_operator.py took 0.048 seconds
[2025-06-01T18:08:19.972+0200] {processor.py:157} INFO - Started process (PID=28515) to work on /home/lohit/miniconda3/envs/airflow-env/lib/python3.8/site-packages/airflow/example_dags/example_branch_operator.py
[2025-06-01T18:08:19.976+0200] {processor.py:829} INFO - Processing file /home/lohit/miniconda3/envs/airflow-env/lib/python3.8/site-packages/airflow/example_dags/example_branch_operator.py for tasks to queue
[2025-06-01T18:08:19.976+0200] {logging_mixin.py:154} INFO - [2025-06-01T18:08:19.976+0200] {dagbag.py:536} INFO - Filling up the DagBag from /home/lohit/miniconda3/envs/airflow-env/lib/python3.8/site-packages/airflow/example_dags/example_branch_operator.py
[2025-06-01T18:08:19.983+0200] {processor.py:839} INFO - DAG(s) dict_keys(['example_branch_operator']) retrieved from /home/lohit/miniconda3/envs/airflow-env/lib/python3.8/site-packages/airflow/example_dags/example_branch_operator.py
[2025-06-01T18:08:19.996+0200] {logging_mixin.py:154} INFO - [2025-06-01T18:08:19.995+0200] {dag.py:2941} INFO - Sync 1 DAGs
[2025-06-01T18:08:20.010+0200] {logging_mixin.py:154} INFO - [2025-06-01T18:08:20.009+0200] {dag.py:3722} INFO - Setting next_dagrun for example_branch_operator to 2025-05-31T00:00:00+00:00, run_after=2025-06-01T00:00:00+00:00
[2025-06-01T18:08:20.029+0200] {processor.py:179} INFO - Processing /home/lohit/miniconda3/envs/airflow-env/lib/python3.8/site-packages/airflow/example_dags/example_branch_operator.py took 0.059 seconds
[2025-06-01T18:09:11.861+0200] {processor.py:157} INFO - Started process (PID=28592) to work on /home/lohit/miniconda3/envs/airflow-env/lib/python3.8/site-packages/airflow/example_dags/example_branch_operator.py
[2025-06-01T18:09:11.862+0200] {processor.py:829} INFO - Processing file /home/lohit/miniconda3/envs/airflow-env/lib/python3.8/site-packages/airflow/example_dags/example_branch_operator.py for tasks to queue
[2025-06-01T18:09:11.863+0200] {logging_mixin.py:154} INFO - [2025-06-01T18:09:11.862+0200] {dagbag.py:536} INFO - Filling up the DagBag from /home/lohit/miniconda3/envs/airflow-env/lib/python3.8/site-packages/airflow/example_dags/example_branch_operator.py
[2025-06-01T18:09:11.869+0200] {processor.py:839} INFO - DAG(s) dict_keys(['example_branch_operator']) retrieved from /home/lohit/miniconda3/envs/airflow-env/lib/python3.8/site-packages/airflow/example_dags/example_branch_operator.py
[2025-06-01T18:09:11.879+0200] {logging_mixin.py:154} INFO - [2025-06-01T18:09:11.879+0200] {dag.py:2941} INFO - Sync 1 DAGs
[2025-06-01T18:09:11.893+0200] {logging_mixin.py:154} INFO - [2025-06-01T18:09:11.893+0200] {dag.py:3722} INFO - Setting next_dagrun for example_branch_operator to 2025-05-31T00:00:00+00:00, run_after=2025-06-01T00:00:00+00:00
[2025-06-01T18:09:11.908+0200] {processor.py:179} INFO - Processing /home/lohit/miniconda3/envs/airflow-env/lib/python3.8/site-packages/airflow/example_dags/example_branch_operator.py took 0.049 seconds
[2025-06-01T18:09:58.401+0200] {processor.py:157} INFO - Started process (PID=28671) to work on /home/lohit/miniconda3/envs/airflow-env/lib/python3.8/site-packages/airflow/example_dags/example_branch_operator.py
[2025-06-01T18:09:58.404+0200] {processor.py:829} INFO - Processing file /home/lohit/miniconda3/envs/airflow-env/lib/python3.8/site-packages/airflow/example_dags/example_branch_operator.py for tasks to queue
[2025-06-01T18:09:58.405+0200] {logging_mixin.py:154} INFO - [2025-06-01T18:09:58.404+0200] {dagbag.py:536} INFO - Filling up the DagBag from /home/lohit/miniconda3/envs/airflow-env/lib/python3.8/site-packages/airflow/example_dags/example_branch_operator.py
[2025-06-01T18:09:58.410+0200] {processor.py:839} INFO - DAG(s) dict_keys(['example_branch_operator']) retrieved from /home/lohit/miniconda3/envs/airflow-env/lib/python3.8/site-packages/airflow/example_dags/example_branch_operator.py
[2025-06-01T18:09:58.421+0200] {logging_mixin.py:154} INFO - [2025-06-01T18:09:58.421+0200] {dag.py:2941} INFO - Sync 1 DAGs
[2025-06-01T18:09:58.434+0200] {logging_mixin.py:154} INFO - [2025-06-01T18:09:58.434+0200] {dag.py:3722} INFO - Setting next_dagrun for example_branch_operator to 2025-05-31T00:00:00+00:00, run_after=2025-06-01T00:00:00+00:00
[2025-06-01T18:09:58.451+0200] {processor.py:179} INFO - Processing /home/lohit/miniconda3/envs/airflow-env/lib/python3.8/site-packages/airflow/example_dags/example_branch_operator.py took 0.052 seconds
[2025-06-01T18:10:47.184+0200] {processor.py:157} INFO - Started process (PID=28746) to work on /home/lohit/miniconda3/envs/airflow-env/lib/python3.8/site-packages/airflow/example_dags/example_branch_operator.py
[2025-06-01T18:10:47.188+0200] {processor.py:829} INFO - Processing file /home/lohit/miniconda3/envs/airflow-env/lib/python3.8/site-packages/airflow/example_dags/example_branch_operator.py for tasks to queue
[2025-06-01T18:10:47.188+0200] {logging_mixin.py:154} INFO - [2025-06-01T18:10:47.188+0200] {dagbag.py:536} INFO - Filling up the DagBag from /home/lohit/miniconda3/envs/airflow-env/lib/python3.8/site-packages/airflow/example_dags/example_branch_operator.py
[2025-06-01T18:10:47.195+0200] {processor.py:839} INFO - DAG(s) dict_keys(['example_branch_operator']) retrieved from /home/lohit/miniconda3/envs/airflow-env/lib/python3.8/site-packages/airflow/example_dags/example_branch_operator.py
[2025-06-01T18:10:47.206+0200] {logging_mixin.py:154} INFO - [2025-06-01T18:10:47.206+0200] {dag.py:2941} INFO - Sync 1 DAGs
[2025-06-01T18:10:47.223+0200] {logging_mixin.py:154} INFO - [2025-06-01T18:10:47.223+0200] {dag.py:3722} INFO - Setting next_dagrun for example_branch_operator to 2025-05-31T00:00:00+00:00, run_after=2025-06-01T00:00:00+00:00
[2025-06-01T18:10:47.243+0200] {processor.py:179} INFO - Processing /home/lohit/miniconda3/envs/airflow-env/lib/python3.8/site-packages/airflow/example_dags/example_branch_operator.py took 0.060 seconds
[2025-06-01T18:11:34.420+0200] {processor.py:157} INFO - Started process (PID=28816) to work on /home/lohit/miniconda3/envs/airflow-env/lib/python3.8/site-packages/airflow/example_dags/example_branch_operator.py
[2025-06-01T18:11:34.424+0200] {processor.py:829} INFO - Processing file /home/lohit/miniconda3/envs/airflow-env/lib/python3.8/site-packages/airflow/example_dags/example_branch_operator.py for tasks to queue
[2025-06-01T18:11:34.424+0200] {logging_mixin.py:154} INFO - [2025-06-01T18:11:34.424+0200] {dagbag.py:536} INFO - Filling up the DagBag from /home/lohit/miniconda3/envs/airflow-env/lib/python3.8/site-packages/airflow/example_dags/example_branch_operator.py
[2025-06-01T18:11:34.430+0200] {processor.py:839} INFO - DAG(s) dict_keys(['example_branch_operator']) retrieved from /home/lohit/miniconda3/envs/airflow-env/lib/python3.8/site-packages/airflow/example_dags/example_branch_operator.py
[2025-06-01T18:11:34.441+0200] {logging_mixin.py:154} INFO - [2025-06-01T18:11:34.440+0200] {dag.py:2941} INFO - Sync 1 DAGs
[2025-06-01T18:11:34.453+0200] {logging_mixin.py:154} INFO - [2025-06-01T18:11:34.452+0200] {dag.py:3722} INFO - Setting next_dagrun for example_branch_operator to 2025-05-31T00:00:00+00:00, run_after=2025-06-01T00:00:00+00:00
[2025-06-01T18:11:34.469+0200] {processor.py:179} INFO - Processing /home/lohit/miniconda3/envs/airflow-env/lib/python3.8/site-packages/airflow/example_dags/example_branch_operator.py took 0.051 seconds
[2025-06-01T18:12:26.888+0200] {processor.py:157} INFO - Started process (PID=28898) to work on /home/lohit/miniconda3/envs/airflow-env/lib/python3.8/site-packages/airflow/example_dags/example_branch_operator.py
[2025-06-01T18:12:26.891+0200] {processor.py:829} INFO - Processing file /home/lohit/miniconda3/envs/airflow-env/lib/python3.8/site-packages/airflow/example_dags/example_branch_operator.py for tasks to queue
[2025-06-01T18:12:26.892+0200] {logging_mixin.py:154} INFO - [2025-06-01T18:12:26.892+0200] {dagbag.py:536} INFO - Filling up the DagBag from /home/lohit/miniconda3/envs/airflow-env/lib/python3.8/site-packages/airflow/example_dags/example_branch_operator.py
[2025-06-01T18:12:26.899+0200] {processor.py:839} INFO - DAG(s) dict_keys(['example_branch_operator']) retrieved from /home/lohit/miniconda3/envs/airflow-env/lib/python3.8/site-packages/airflow/example_dags/example_branch_operator.py
[2025-06-01T18:12:26.910+0200] {logging_mixin.py:154} INFO - [2025-06-01T18:12:26.910+0200] {dag.py:2941} INFO - Sync 1 DAGs
[2025-06-01T18:12:26.921+0200] {logging_mixin.py:154} INFO - [2025-06-01T18:12:26.921+0200] {dag.py:3722} INFO - Setting next_dagrun for example_branch_operator to 2025-05-31T00:00:00+00:00, run_after=2025-06-01T00:00:00+00:00
[2025-06-01T18:12:26.938+0200] {processor.py:179} INFO - Processing /home/lohit/miniconda3/envs/airflow-env/lib/python3.8/site-packages/airflow/example_dags/example_branch_operator.py took 0.052 seconds
[2025-06-01T18:13:16.067+0200] {processor.py:157} INFO - Started process (PID=28969) to work on /home/lohit/miniconda3/envs/airflow-env/lib/python3.8/site-packages/airflow/example_dags/example_branch_operator.py
[2025-06-01T18:13:16.070+0200] {processor.py:829} INFO - Processing file /home/lohit/miniconda3/envs/airflow-env/lib/python3.8/site-packages/airflow/example_dags/example_branch_operator.py for tasks to queue
[2025-06-01T18:13:16.071+0200] {logging_mixin.py:154} INFO - [2025-06-01T18:13:16.071+0200] {dagbag.py:536} INFO - Filling up the DagBag from /home/lohit/miniconda3/envs/airflow-env/lib/python3.8/site-packages/airflow/example_dags/example_branch_operator.py
[2025-06-01T18:13:16.077+0200] {processor.py:839} INFO - DAG(s) dict_keys(['example_branch_operator']) retrieved from /home/lohit/miniconda3/envs/airflow-env/lib/python3.8/site-packages/airflow/example_dags/example_branch_operator.py
[2025-06-01T18:13:16.089+0200] {logging_mixin.py:154} INFO - [2025-06-01T18:13:16.089+0200] {dag.py:2941} INFO - Sync 1 DAGs
[2025-06-01T18:13:16.101+0200] {logging_mixin.py:154} INFO - [2025-06-01T18:13:16.101+0200] {dag.py:3722} INFO - Setting next_dagrun for example_branch_operator to 2025-05-31T00:00:00+00:00, run_after=2025-06-01T00:00:00+00:00
[2025-06-01T18:13:16.119+0200] {processor.py:179} INFO - Processing /home/lohit/miniconda3/envs/airflow-env/lib/python3.8/site-packages/airflow/example_dags/example_branch_operator.py took 0.054 seconds
[2025-06-01T18:14:00.013+0200] {processor.py:157} INFO - Started process (PID=29038) to work on /home/lohit/miniconda3/envs/airflow-env/lib/python3.8/site-packages/airflow/example_dags/example_branch_operator.py
[2025-06-01T18:14:00.015+0200] {processor.py:829} INFO - Processing file /home/lohit/miniconda3/envs/airflow-env/lib/python3.8/site-packages/airflow/example_dags/example_branch_operator.py for tasks to queue
[2025-06-01T18:14:00.016+0200] {logging_mixin.py:154} INFO - [2025-06-01T18:14:00.016+0200] {dagbag.py:536} INFO - Filling up the DagBag from /home/lohit/miniconda3/envs/airflow-env/lib/python3.8/site-packages/airflow/example_dags/example_branch_operator.py
[2025-06-01T18:14:00.024+0200] {processor.py:839} INFO - DAG(s) dict_keys(['example_branch_operator']) retrieved from /home/lohit/miniconda3/envs/airflow-env/lib/python3.8/site-packages/airflow/example_dags/example_branch_operator.py
[2025-06-01T18:14:00.036+0200] {logging_mixin.py:154} INFO - [2025-06-01T18:14:00.036+0200] {dag.py:2941} INFO - Sync 1 DAGs
[2025-06-01T18:14:00.048+0200] {logging_mixin.py:154} INFO - [2025-06-01T18:14:00.048+0200] {dag.py:3722} INFO - Setting next_dagrun for example_branch_operator to 2025-05-31T00:00:00+00:00, run_after=2025-06-01T00:00:00+00:00
[2025-06-01T18:14:00.066+0200] {processor.py:179} INFO - Processing /home/lohit/miniconda3/envs/airflow-env/lib/python3.8/site-packages/airflow/example_dags/example_branch_operator.py took 0.055 seconds
[2025-06-01T18:14:45.524+0200] {processor.py:157} INFO - Started process (PID=29106) to work on /home/lohit/miniconda3/envs/airflow-env/lib/python3.8/site-packages/airflow/example_dags/example_branch_operator.py
[2025-06-01T18:14:45.528+0200] {processor.py:829} INFO - Processing file /home/lohit/miniconda3/envs/airflow-env/lib/python3.8/site-packages/airflow/example_dags/example_branch_operator.py for tasks to queue
[2025-06-01T18:14:45.528+0200] {logging_mixin.py:154} INFO - [2025-06-01T18:14:45.528+0200] {dagbag.py:536} INFO - Filling up the DagBag from /home/lohit/miniconda3/envs/airflow-env/lib/python3.8/site-packages/airflow/example_dags/example_branch_operator.py
[2025-06-01T18:14:45.534+0200] {processor.py:839} INFO - DAG(s) dict_keys(['example_branch_operator']) retrieved from /home/lohit/miniconda3/envs/airflow-env/lib/python3.8/site-packages/airflow/example_dags/example_branch_operator.py
[2025-06-01T18:14:45.547+0200] {logging_mixin.py:154} INFO - [2025-06-01T18:14:45.547+0200] {dag.py:2941} INFO - Sync 1 DAGs
[2025-06-01T18:14:45.560+0200] {logging_mixin.py:154} INFO - [2025-06-01T18:14:45.560+0200] {dag.py:3722} INFO - Setting next_dagrun for example_branch_operator to 2025-05-31T00:00:00+00:00, run_after=2025-06-01T00:00:00+00:00
[2025-06-01T18:14:45.577+0200] {processor.py:179} INFO - Processing /home/lohit/miniconda3/envs/airflow-env/lib/python3.8/site-packages/airflow/example_dags/example_branch_operator.py took 0.055 seconds
[2025-06-01T18:15:33.461+0200] {processor.py:157} INFO - Started process (PID=29177) to work on /home/lohit/miniconda3/envs/airflow-env/lib/python3.8/site-packages/airflow/example_dags/example_branch_operator.py
[2025-06-01T18:15:33.464+0200] {processor.py:829} INFO - Processing file /home/lohit/miniconda3/envs/airflow-env/lib/python3.8/site-packages/airflow/example_dags/example_branch_operator.py for tasks to queue
[2025-06-01T18:15:33.465+0200] {logging_mixin.py:154} INFO - [2025-06-01T18:15:33.465+0200] {dagbag.py:536} INFO - Filling up the DagBag from /home/lohit/miniconda3/envs/airflow-env/lib/python3.8/site-packages/airflow/example_dags/example_branch_operator.py
[2025-06-01T18:15:33.471+0200] {processor.py:839} INFO - DAG(s) dict_keys(['example_branch_operator']) retrieved from /home/lohit/miniconda3/envs/airflow-env/lib/python3.8/site-packages/airflow/example_dags/example_branch_operator.py
[2025-06-01T18:15:33.484+0200] {logging_mixin.py:154} INFO - [2025-06-01T18:15:33.484+0200] {dag.py:2941} INFO - Sync 1 DAGs
[2025-06-01T18:15:33.497+0200] {logging_mixin.py:154} INFO - [2025-06-01T18:15:33.497+0200] {dag.py:3722} INFO - Setting next_dagrun for example_branch_operator to 2025-05-31T00:00:00+00:00, run_after=2025-06-01T00:00:00+00:00
[2025-06-01T18:15:33.513+0200] {processor.py:179} INFO - Processing /home/lohit/miniconda3/envs/airflow-env/lib/python3.8/site-packages/airflow/example_dags/example_branch_operator.py took 0.055 seconds
[2025-06-01T18:16:23.179+0200] {processor.py:157} INFO - Started process (PID=29250) to work on /home/lohit/miniconda3/envs/airflow-env/lib/python3.8/site-packages/airflow/example_dags/example_branch_operator.py
[2025-06-01T18:16:23.182+0200] {processor.py:829} INFO - Processing file /home/lohit/miniconda3/envs/airflow-env/lib/python3.8/site-packages/airflow/example_dags/example_branch_operator.py for tasks to queue
[2025-06-01T18:16:23.183+0200] {logging_mixin.py:154} INFO - [2025-06-01T18:16:23.183+0200] {dagbag.py:536} INFO - Filling up the DagBag from /home/lohit/miniconda3/envs/airflow-env/lib/python3.8/site-packages/airflow/example_dags/example_branch_operator.py
[2025-06-01T18:16:23.188+0200] {processor.py:839} INFO - DAG(s) dict_keys(['example_branch_operator']) retrieved from /home/lohit/miniconda3/envs/airflow-env/lib/python3.8/site-packages/airflow/example_dags/example_branch_operator.py
[2025-06-01T18:16:23.198+0200] {logging_mixin.py:154} INFO - [2025-06-01T18:16:23.198+0200] {dag.py:2941} INFO - Sync 1 DAGs
[2025-06-01T18:16:23.209+0200] {logging_mixin.py:154} INFO - [2025-06-01T18:16:23.209+0200] {dag.py:3722} INFO - Setting next_dagrun for example_branch_operator to 2025-05-31T00:00:00+00:00, run_after=2025-06-01T00:00:00+00:00
[2025-06-01T18:16:23.225+0200] {processor.py:179} INFO - Processing /home/lohit/miniconda3/envs/airflow-env/lib/python3.8/site-packages/airflow/example_dags/example_branch_operator.py took 0.048 seconds
[2025-06-01T18:17:11.095+0200] {processor.py:157} INFO - Started process (PID=29323) to work on /home/lohit/miniconda3/envs/airflow-env/lib/python3.8/site-packages/airflow/example_dags/example_branch_operator.py
[2025-06-01T18:17:11.099+0200] {processor.py:829} INFO - Processing file /home/lohit/miniconda3/envs/airflow-env/lib/python3.8/site-packages/airflow/example_dags/example_branch_operator.py for tasks to queue
[2025-06-01T18:17:11.099+0200] {logging_mixin.py:154} INFO - [2025-06-01T18:17:11.099+0200] {dagbag.py:536} INFO - Filling up the DagBag from /home/lohit/miniconda3/envs/airflow-env/lib/python3.8/site-packages/airflow/example_dags/example_branch_operator.py
[2025-06-01T18:17:11.105+0200] {processor.py:839} INFO - DAG(s) dict_keys(['example_branch_operator']) retrieved from /home/lohit/miniconda3/envs/airflow-env/lib/python3.8/site-packages/airflow/example_dags/example_branch_operator.py
[2025-06-01T18:17:11.117+0200] {logging_mixin.py:154} INFO - [2025-06-01T18:17:11.117+0200] {dag.py:2941} INFO - Sync 1 DAGs
[2025-06-01T18:17:11.129+0200] {logging_mixin.py:154} INFO - [2025-06-01T18:17:11.129+0200] {dag.py:3722} INFO - Setting next_dagrun for example_branch_operator to 2025-05-31T00:00:00+00:00, run_after=2025-06-01T00:00:00+00:00
[2025-06-01T18:17:11.145+0200] {processor.py:179} INFO - Processing /home/lohit/miniconda3/envs/airflow-env/lib/python3.8/site-packages/airflow/example_dags/example_branch_operator.py took 0.051 seconds
[2025-06-01T18:17:55.055+0200] {processor.py:157} INFO - Started process (PID=29392) to work on /home/lohit/miniconda3/envs/airflow-env/lib/python3.8/site-packages/airflow/example_dags/example_branch_operator.py
[2025-06-01T18:17:55.058+0200] {processor.py:829} INFO - Processing file /home/lohit/miniconda3/envs/airflow-env/lib/python3.8/site-packages/airflow/example_dags/example_branch_operator.py for tasks to queue
[2025-06-01T18:17:55.059+0200] {logging_mixin.py:154} INFO - [2025-06-01T18:17:55.059+0200] {dagbag.py:536} INFO - Filling up the DagBag from /home/lohit/miniconda3/envs/airflow-env/lib/python3.8/site-packages/airflow/example_dags/example_branch_operator.py
[2025-06-01T18:17:55.065+0200] {processor.py:839} INFO - DAG(s) dict_keys(['example_branch_operator']) retrieved from /home/lohit/miniconda3/envs/airflow-env/lib/python3.8/site-packages/airflow/example_dags/example_branch_operator.py
[2025-06-01T18:17:55.076+0200] {logging_mixin.py:154} INFO - [2025-06-01T18:17:55.076+0200] {dag.py:2941} INFO - Sync 1 DAGs
[2025-06-01T18:17:55.090+0200] {logging_mixin.py:154} INFO - [2025-06-01T18:17:55.090+0200] {dag.py:3722} INFO - Setting next_dagrun for example_branch_operator to 2025-05-31T00:00:00+00:00, run_after=2025-06-01T00:00:00+00:00
[2025-06-01T18:17:55.107+0200] {processor.py:179} INFO - Processing /home/lohit/miniconda3/envs/airflow-env/lib/python3.8/site-packages/airflow/example_dags/example_branch_operator.py took 0.054 seconds
[2025-06-01T18:18:42.204+0200] {processor.py:157} INFO - Started process (PID=29461) to work on /home/lohit/miniconda3/envs/airflow-env/lib/python3.8/site-packages/airflow/example_dags/example_branch_operator.py
[2025-06-01T18:18:42.208+0200] {processor.py:829} INFO - Processing file /home/lohit/miniconda3/envs/airflow-env/lib/python3.8/site-packages/airflow/example_dags/example_branch_operator.py for tasks to queue
[2025-06-01T18:18:42.208+0200] {logging_mixin.py:154} INFO - [2025-06-01T18:18:42.208+0200] {dagbag.py:536} INFO - Filling up the DagBag from /home/lohit/miniconda3/envs/airflow-env/lib/python3.8/site-packages/airflow/example_dags/example_branch_operator.py
[2025-06-01T18:18:42.214+0200] {processor.py:839} INFO - DAG(s) dict_keys(['example_branch_operator']) retrieved from /home/lohit/miniconda3/envs/airflow-env/lib/python3.8/site-packages/airflow/example_dags/example_branch_operator.py
[2025-06-01T18:18:42.228+0200] {logging_mixin.py:154} INFO - [2025-06-01T18:18:42.227+0200] {dag.py:2941} INFO - Sync 1 DAGs
[2025-06-01T18:18:42.241+0200] {logging_mixin.py:154} INFO - [2025-06-01T18:18:42.241+0200] {dag.py:3722} INFO - Setting next_dagrun for example_branch_operator to 2025-05-31T00:00:00+00:00, run_after=2025-06-01T00:00:00+00:00
[2025-06-01T18:18:42.256+0200] {processor.py:179} INFO - Processing /home/lohit/miniconda3/envs/airflow-env/lib/python3.8/site-packages/airflow/example_dags/example_branch_operator.py took 0.054 seconds
[2025-06-01T18:19:28.816+0200] {processor.py:157} INFO - Started process (PID=29530) to work on /home/lohit/miniconda3/envs/airflow-env/lib/python3.8/site-packages/airflow/example_dags/example_branch_operator.py
[2025-06-01T18:19:28.817+0200] {processor.py:829} INFO - Processing file /home/lohit/miniconda3/envs/airflow-env/lib/python3.8/site-packages/airflow/example_dags/example_branch_operator.py for tasks to queue
[2025-06-01T18:19:28.818+0200] {logging_mixin.py:154} INFO - [2025-06-01T18:19:28.818+0200] {dagbag.py:536} INFO - Filling up the DagBag from /home/lohit/miniconda3/envs/airflow-env/lib/python3.8/site-packages/airflow/example_dags/example_branch_operator.py
[2025-06-01T18:19:28.824+0200] {processor.py:839} INFO - DAG(s) dict_keys(['example_branch_operator']) retrieved from /home/lohit/miniconda3/envs/airflow-env/lib/python3.8/site-packages/airflow/example_dags/example_branch_operator.py
[2025-06-01T18:19:28.836+0200] {logging_mixin.py:154} INFO - [2025-06-01T18:19:28.836+0200] {dag.py:2941} INFO - Sync 1 DAGs
[2025-06-01T18:19:28.849+0200] {logging_mixin.py:154} INFO - [2025-06-01T18:19:28.848+0200] {dag.py:3722} INFO - Setting next_dagrun for example_branch_operator to 2025-05-31T00:00:00+00:00, run_after=2025-06-01T00:00:00+00:00
[2025-06-01T18:19:28.864+0200] {processor.py:179} INFO - Processing /home/lohit/miniconda3/envs/airflow-env/lib/python3.8/site-packages/airflow/example_dags/example_branch_operator.py took 0.051 seconds
[2025-06-01T18:20:17.668+0200] {processor.py:157} INFO - Started process (PID=29601) to work on /home/lohit/miniconda3/envs/airflow-env/lib/python3.8/site-packages/airflow/example_dags/example_branch_operator.py
[2025-06-01T18:20:17.670+0200] {processor.py:829} INFO - Processing file /home/lohit/miniconda3/envs/airflow-env/lib/python3.8/site-packages/airflow/example_dags/example_branch_operator.py for tasks to queue
[2025-06-01T18:20:17.670+0200] {logging_mixin.py:154} INFO - [2025-06-01T18:20:17.670+0200] {dagbag.py:536} INFO - Filling up the DagBag from /home/lohit/miniconda3/envs/airflow-env/lib/python3.8/site-packages/airflow/example_dags/example_branch_operator.py
[2025-06-01T18:20:17.676+0200] {processor.py:839} INFO - DAG(s) dict_keys(['example_branch_operator']) retrieved from /home/lohit/miniconda3/envs/airflow-env/lib/python3.8/site-packages/airflow/example_dags/example_branch_operator.py
[2025-06-01T18:20:17.688+0200] {logging_mixin.py:154} INFO - [2025-06-01T18:20:17.688+0200] {dag.py:2941} INFO - Sync 1 DAGs
[2025-06-01T18:20:17.701+0200] {logging_mixin.py:154} INFO - [2025-06-01T18:20:17.701+0200] {dag.py:3722} INFO - Setting next_dagrun for example_branch_operator to 2025-05-31T00:00:00+00:00, run_after=2025-06-01T00:00:00+00:00
[2025-06-01T18:20:17.718+0200] {processor.py:179} INFO - Processing /home/lohit/miniconda3/envs/airflow-env/lib/python3.8/site-packages/airflow/example_dags/example_branch_operator.py took 0.052 seconds
[2025-06-01T18:21:05.869+0200] {processor.py:157} INFO - Started process (PID=29673) to work on /home/lohit/miniconda3/envs/airflow-env/lib/python3.8/site-packages/airflow/example_dags/example_branch_operator.py
[2025-06-01T18:21:05.873+0200] {processor.py:829} INFO - Processing file /home/lohit/miniconda3/envs/airflow-env/lib/python3.8/site-packages/airflow/example_dags/example_branch_operator.py for tasks to queue
[2025-06-01T18:21:05.873+0200] {logging_mixin.py:154} INFO - [2025-06-01T18:21:05.873+0200] {dagbag.py:536} INFO - Filling up the DagBag from /home/lohit/miniconda3/envs/airflow-env/lib/python3.8/site-packages/airflow/example_dags/example_branch_operator.py
[2025-06-01T18:21:05.879+0200] {processor.py:839} INFO - DAG(s) dict_keys(['example_branch_operator']) retrieved from /home/lohit/miniconda3/envs/airflow-env/lib/python3.8/site-packages/airflow/example_dags/example_branch_operator.py
[2025-06-01T18:21:05.893+0200] {logging_mixin.py:154} INFO - [2025-06-01T18:21:05.893+0200] {dag.py:2941} INFO - Sync 1 DAGs
[2025-06-01T18:21:05.906+0200] {logging_mixin.py:154} INFO - [2025-06-01T18:21:05.906+0200] {dag.py:3722} INFO - Setting next_dagrun for example_branch_operator to 2025-05-31T00:00:00+00:00, run_after=2025-06-01T00:00:00+00:00
[2025-06-01T18:21:05.923+0200] {processor.py:179} INFO - Processing /home/lohit/miniconda3/envs/airflow-env/lib/python3.8/site-packages/airflow/example_dags/example_branch_operator.py took 0.055 seconds
[2025-06-01T18:21:53.932+0200] {processor.py:157} INFO - Started process (PID=29743) to work on /home/lohit/miniconda3/envs/airflow-env/lib/python3.8/site-packages/airflow/example_dags/example_branch_operator.py
[2025-06-01T18:21:53.934+0200] {processor.py:829} INFO - Processing file /home/lohit/miniconda3/envs/airflow-env/lib/python3.8/site-packages/airflow/example_dags/example_branch_operator.py for tasks to queue
[2025-06-01T18:21:53.935+0200] {logging_mixin.py:154} INFO - [2025-06-01T18:21:53.934+0200] {dagbag.py:536} INFO - Filling up the DagBag from /home/lohit/miniconda3/envs/airflow-env/lib/python3.8/site-packages/airflow/example_dags/example_branch_operator.py
[2025-06-01T18:21:53.940+0200] {processor.py:839} INFO - DAG(s) dict_keys(['example_branch_operator']) retrieved from /home/lohit/miniconda3/envs/airflow-env/lib/python3.8/site-packages/airflow/example_dags/example_branch_operator.py
[2025-06-01T18:21:53.951+0200] {logging_mixin.py:154} INFO - [2025-06-01T18:21:53.951+0200] {dag.py:2941} INFO - Sync 1 DAGs
[2025-06-01T18:21:53.963+0200] {logging_mixin.py:154} INFO - [2025-06-01T18:21:53.963+0200] {dag.py:3722} INFO - Setting next_dagrun for example_branch_operator to 2025-05-31T00:00:00+00:00, run_after=2025-06-01T00:00:00+00:00
[2025-06-01T18:21:53.979+0200] {processor.py:179} INFO - Processing /home/lohit/miniconda3/envs/airflow-env/lib/python3.8/site-packages/airflow/example_dags/example_branch_operator.py took 0.049 seconds
[2025-06-01T18:22:40.177+0200] {processor.py:157} INFO - Started process (PID=29812) to work on /home/lohit/miniconda3/envs/airflow-env/lib/python3.8/site-packages/airflow/example_dags/example_branch_operator.py
[2025-06-01T18:22:40.179+0200] {processor.py:829} INFO - Processing file /home/lohit/miniconda3/envs/airflow-env/lib/python3.8/site-packages/airflow/example_dags/example_branch_operator.py for tasks to queue
[2025-06-01T18:22:40.179+0200] {logging_mixin.py:154} INFO - [2025-06-01T18:22:40.179+0200] {dagbag.py:536} INFO - Filling up the DagBag from /home/lohit/miniconda3/envs/airflow-env/lib/python3.8/site-packages/airflow/example_dags/example_branch_operator.py
[2025-06-01T18:22:40.186+0200] {processor.py:839} INFO - DAG(s) dict_keys(['example_branch_operator']) retrieved from /home/lohit/miniconda3/envs/airflow-env/lib/python3.8/site-packages/airflow/example_dags/example_branch_operator.py
[2025-06-01T18:22:40.201+0200] {logging_mixin.py:154} INFO - [2025-06-01T18:22:40.201+0200] {dag.py:2941} INFO - Sync 1 DAGs
[2025-06-01T18:22:40.216+0200] {logging_mixin.py:154} INFO - [2025-06-01T18:22:40.216+0200] {dag.py:3722} INFO - Setting next_dagrun for example_branch_operator to 2025-05-31T00:00:00+00:00, run_after=2025-06-01T00:00:00+00:00
[2025-06-01T18:22:40.235+0200] {processor.py:179} INFO - Processing /home/lohit/miniconda3/envs/airflow-env/lib/python3.8/site-packages/airflow/example_dags/example_branch_operator.py took 0.060 seconds
[2025-06-01T18:23:28.989+0200] {processor.py:157} INFO - Started process (PID=29883) to work on /home/lohit/miniconda3/envs/airflow-env/lib/python3.8/site-packages/airflow/example_dags/example_branch_operator.py
[2025-06-01T18:23:28.992+0200] {processor.py:829} INFO - Processing file /home/lohit/miniconda3/envs/airflow-env/lib/python3.8/site-packages/airflow/example_dags/example_branch_operator.py for tasks to queue
[2025-06-01T18:23:28.993+0200] {logging_mixin.py:154} INFO - [2025-06-01T18:23:28.992+0200] {dagbag.py:536} INFO - Filling up the DagBag from /home/lohit/miniconda3/envs/airflow-env/lib/python3.8/site-packages/airflow/example_dags/example_branch_operator.py
[2025-06-01T18:23:28.998+0200] {processor.py:839} INFO - DAG(s) dict_keys(['example_branch_operator']) retrieved from /home/lohit/miniconda3/envs/airflow-env/lib/python3.8/site-packages/airflow/example_dags/example_branch_operator.py
[2025-06-01T18:23:29.008+0200] {logging_mixin.py:154} INFO - [2025-06-01T18:23:29.008+0200] {dag.py:2941} INFO - Sync 1 DAGs
[2025-06-01T18:23:29.019+0200] {logging_mixin.py:154} INFO - [2025-06-01T18:23:29.019+0200] {dag.py:3722} INFO - Setting next_dagrun for example_branch_operator to 2025-05-31T00:00:00+00:00, run_after=2025-06-01T00:00:00+00:00
[2025-06-01T18:23:29.035+0200] {processor.py:179} INFO - Processing /home/lohit/miniconda3/envs/airflow-env/lib/python3.8/site-packages/airflow/example_dags/example_branch_operator.py took 0.048 seconds
[2025-06-01T18:24:16.606+0200] {processor.py:157} INFO - Started process (PID=29954) to work on /home/lohit/miniconda3/envs/airflow-env/lib/python3.8/site-packages/airflow/example_dags/example_branch_operator.py
[2025-06-01T18:24:16.609+0200] {processor.py:829} INFO - Processing file /home/lohit/miniconda3/envs/airflow-env/lib/python3.8/site-packages/airflow/example_dags/example_branch_operator.py for tasks to queue
[2025-06-01T18:24:16.610+0200] {logging_mixin.py:154} INFO - [2025-06-01T18:24:16.609+0200] {dagbag.py:536} INFO - Filling up the DagBag from /home/lohit/miniconda3/envs/airflow-env/lib/python3.8/site-packages/airflow/example_dags/example_branch_operator.py
[2025-06-01T18:24:16.615+0200] {processor.py:839} INFO - DAG(s) dict_keys(['example_branch_operator']) retrieved from /home/lohit/miniconda3/envs/airflow-env/lib/python3.8/site-packages/airflow/example_dags/example_branch_operator.py
[2025-06-01T18:24:16.626+0200] {logging_mixin.py:154} INFO - [2025-06-01T18:24:16.626+0200] {dag.py:2941} INFO - Sync 1 DAGs
[2025-06-01T18:24:16.638+0200] {logging_mixin.py:154} INFO - [2025-06-01T18:24:16.638+0200] {dag.py:3722} INFO - Setting next_dagrun for example_branch_operator to 2025-05-31T00:00:00+00:00, run_after=2025-06-01T00:00:00+00:00
[2025-06-01T18:24:16.653+0200] {processor.py:179} INFO - Processing /home/lohit/miniconda3/envs/airflow-env/lib/python3.8/site-packages/airflow/example_dags/example_branch_operator.py took 0.049 seconds
[2025-06-01T18:25:03.158+0200] {processor.py:157} INFO - Started process (PID=30023) to work on /home/lohit/miniconda3/envs/airflow-env/lib/python3.8/site-packages/airflow/example_dags/example_branch_operator.py
[2025-06-01T18:25:03.160+0200] {processor.py:829} INFO - Processing file /home/lohit/miniconda3/envs/airflow-env/lib/python3.8/site-packages/airflow/example_dags/example_branch_operator.py for tasks to queue
[2025-06-01T18:25:03.160+0200] {logging_mixin.py:154} INFO - [2025-06-01T18:25:03.160+0200] {dagbag.py:536} INFO - Filling up the DagBag from /home/lohit/miniconda3/envs/airflow-env/lib/python3.8/site-packages/airflow/example_dags/example_branch_operator.py
[2025-06-01T18:25:03.166+0200] {processor.py:839} INFO - DAG(s) dict_keys(['example_branch_operator']) retrieved from /home/lohit/miniconda3/envs/airflow-env/lib/python3.8/site-packages/airflow/example_dags/example_branch_operator.py
[2025-06-01T18:25:03.176+0200] {logging_mixin.py:154} INFO - [2025-06-01T18:25:03.176+0200] {dag.py:2941} INFO - Sync 1 DAGs
[2025-06-01T18:25:03.186+0200] {logging_mixin.py:154} INFO - [2025-06-01T18:25:03.186+0200] {dag.py:3722} INFO - Setting next_dagrun for example_branch_operator to 2025-05-31T00:00:00+00:00, run_after=2025-06-01T00:00:00+00:00
[2025-06-01T18:25:03.203+0200] {processor.py:179} INFO - Processing /home/lohit/miniconda3/envs/airflow-env/lib/python3.8/site-packages/airflow/example_dags/example_branch_operator.py took 0.047 seconds
[2025-06-01T18:25:51.347+0200] {processor.py:157} INFO - Started process (PID=30094) to work on /home/lohit/miniconda3/envs/airflow-env/lib/python3.8/site-packages/airflow/example_dags/example_branch_operator.py
[2025-06-01T18:25:51.350+0200] {processor.py:829} INFO - Processing file /home/lohit/miniconda3/envs/airflow-env/lib/python3.8/site-packages/airflow/example_dags/example_branch_operator.py for tasks to queue
[2025-06-01T18:25:51.351+0200] {logging_mixin.py:154} INFO - [2025-06-01T18:25:51.351+0200] {dagbag.py:536} INFO - Filling up the DagBag from /home/lohit/miniconda3/envs/airflow-env/lib/python3.8/site-packages/airflow/example_dags/example_branch_operator.py
[2025-06-01T18:25:51.359+0200] {processor.py:839} INFO - DAG(s) dict_keys(['example_branch_operator']) retrieved from /home/lohit/miniconda3/envs/airflow-env/lib/python3.8/site-packages/airflow/example_dags/example_branch_operator.py
[2025-06-01T18:25:51.371+0200] {logging_mixin.py:154} INFO - [2025-06-01T18:25:51.371+0200] {dag.py:2941} INFO - Sync 1 DAGs
[2025-06-01T18:25:51.384+0200] {logging_mixin.py:154} INFO - [2025-06-01T18:25:51.384+0200] {dag.py:3722} INFO - Setting next_dagrun for example_branch_operator to 2025-05-31T00:00:00+00:00, run_after=2025-06-01T00:00:00+00:00
[2025-06-01T18:25:51.400+0200] {processor.py:179} INFO - Processing /home/lohit/miniconda3/envs/airflow-env/lib/python3.8/site-packages/airflow/example_dags/example_branch_operator.py took 0.056 seconds
[2025-06-01T18:26:36.441+0200] {processor.py:157} INFO - Started process (PID=30163) to work on /home/lohit/miniconda3/envs/airflow-env/lib/python3.8/site-packages/airflow/example_dags/example_branch_operator.py
[2025-06-01T18:26:36.445+0200] {processor.py:829} INFO - Processing file /home/lohit/miniconda3/envs/airflow-env/lib/python3.8/site-packages/airflow/example_dags/example_branch_operator.py for tasks to queue
[2025-06-01T18:26:36.445+0200] {logging_mixin.py:154} INFO - [2025-06-01T18:26:36.445+0200] {dagbag.py:536} INFO - Filling up the DagBag from /home/lohit/miniconda3/envs/airflow-env/lib/python3.8/site-packages/airflow/example_dags/example_branch_operator.py
[2025-06-01T18:26:36.452+0200] {processor.py:839} INFO - DAG(s) dict_keys(['example_branch_operator']) retrieved from /home/lohit/miniconda3/envs/airflow-env/lib/python3.8/site-packages/airflow/example_dags/example_branch_operator.py
[2025-06-01T18:26:36.464+0200] {logging_mixin.py:154} INFO - [2025-06-01T18:26:36.464+0200] {dag.py:2941} INFO - Sync 1 DAGs
[2025-06-01T18:26:36.479+0200] {logging_mixin.py:154} INFO - [2025-06-01T18:26:36.479+0200] {dag.py:3722} INFO - Setting next_dagrun for example_branch_operator to 2025-05-31T00:00:00+00:00, run_after=2025-06-01T00:00:00+00:00
[2025-06-01T18:26:36.496+0200] {processor.py:179} INFO - Processing /home/lohit/miniconda3/envs/airflow-env/lib/python3.8/site-packages/airflow/example_dags/example_branch_operator.py took 0.057 seconds
[2025-06-01T18:27:22.961+0200] {processor.py:157} INFO - Started process (PID=30234) to work on /home/lohit/miniconda3/envs/airflow-env/lib/python3.8/site-packages/airflow/example_dags/example_branch_operator.py
[2025-06-01T18:27:22.962+0200] {processor.py:829} INFO - Processing file /home/lohit/miniconda3/envs/airflow-env/lib/python3.8/site-packages/airflow/example_dags/example_branch_operator.py for tasks to queue
[2025-06-01T18:27:22.963+0200] {logging_mixin.py:154} INFO - [2025-06-01T18:27:22.963+0200] {dagbag.py:536} INFO - Filling up the DagBag from /home/lohit/miniconda3/envs/airflow-env/lib/python3.8/site-packages/airflow/example_dags/example_branch_operator.py
[2025-06-01T18:27:22.969+0200] {processor.py:839} INFO - DAG(s) dict_keys(['example_branch_operator']) retrieved from /home/lohit/miniconda3/envs/airflow-env/lib/python3.8/site-packages/airflow/example_dags/example_branch_operator.py
[2025-06-01T18:27:22.981+0200] {logging_mixin.py:154} INFO - [2025-06-01T18:27:22.981+0200] {dag.py:2941} INFO - Sync 1 DAGs
[2025-06-01T18:27:22.995+0200] {logging_mixin.py:154} INFO - [2025-06-01T18:27:22.995+0200] {dag.py:3722} INFO - Setting next_dagrun for example_branch_operator to 2025-05-31T00:00:00+00:00, run_after=2025-06-01T00:00:00+00:00
[2025-06-01T18:27:23.015+0200] {processor.py:179} INFO - Processing /home/lohit/miniconda3/envs/airflow-env/lib/python3.8/site-packages/airflow/example_dags/example_branch_operator.py took 0.056 seconds
[2025-06-01T18:28:08.565+0200] {processor.py:157} INFO - Started process (PID=30302) to work on /home/lohit/miniconda3/envs/airflow-env/lib/python3.8/site-packages/airflow/example_dags/example_branch_operator.py
[2025-06-01T18:28:08.566+0200] {processor.py:829} INFO - Processing file /home/lohit/miniconda3/envs/airflow-env/lib/python3.8/site-packages/airflow/example_dags/example_branch_operator.py for tasks to queue
[2025-06-01T18:28:08.567+0200] {logging_mixin.py:154} INFO - [2025-06-01T18:28:08.566+0200] {dagbag.py:536} INFO - Filling up the DagBag from /home/lohit/miniconda3/envs/airflow-env/lib/python3.8/site-packages/airflow/example_dags/example_branch_operator.py
[2025-06-01T18:28:08.572+0200] {processor.py:839} INFO - DAG(s) dict_keys(['example_branch_operator']) retrieved from /home/lohit/miniconda3/envs/airflow-env/lib/python3.8/site-packages/airflow/example_dags/example_branch_operator.py
[2025-06-01T18:28:08.582+0200] {logging_mixin.py:154} INFO - [2025-06-01T18:28:08.582+0200] {dag.py:2941} INFO - Sync 1 DAGs
[2025-06-01T18:28:08.595+0200] {logging_mixin.py:154} INFO - [2025-06-01T18:28:08.595+0200] {dag.py:3722} INFO - Setting next_dagrun for example_branch_operator to 2025-05-31T00:00:00+00:00, run_after=2025-06-01T00:00:00+00:00
[2025-06-01T18:28:08.609+0200] {processor.py:179} INFO - Processing /home/lohit/miniconda3/envs/airflow-env/lib/python3.8/site-packages/airflow/example_dags/example_branch_operator.py took 0.046 seconds
[2025-06-01T18:28:58.481+0200] {processor.py:157} INFO - Started process (PID=30374) to work on /home/lohit/miniconda3/envs/airflow-env/lib/python3.8/site-packages/airflow/example_dags/example_branch_operator.py
[2025-06-01T18:28:58.485+0200] {processor.py:829} INFO - Processing file /home/lohit/miniconda3/envs/airflow-env/lib/python3.8/site-packages/airflow/example_dags/example_branch_operator.py for tasks to queue
[2025-06-01T18:28:58.485+0200] {logging_mixin.py:154} INFO - [2025-06-01T18:28:58.485+0200] {dagbag.py:536} INFO - Filling up the DagBag from /home/lohit/miniconda3/envs/airflow-env/lib/python3.8/site-packages/airflow/example_dags/example_branch_operator.py
[2025-06-01T18:28:58.491+0200] {processor.py:839} INFO - DAG(s) dict_keys(['example_branch_operator']) retrieved from /home/lohit/miniconda3/envs/airflow-env/lib/python3.8/site-packages/airflow/example_dags/example_branch_operator.py
[2025-06-01T18:28:58.501+0200] {logging_mixin.py:154} INFO - [2025-06-01T18:28:58.501+0200] {dag.py:2941} INFO - Sync 1 DAGs
[2025-06-01T18:28:58.515+0200] {logging_mixin.py:154} INFO - [2025-06-01T18:28:58.515+0200] {dag.py:3722} INFO - Setting next_dagrun for example_branch_operator to 2025-05-31T00:00:00+00:00, run_after=2025-06-01T00:00:00+00:00
[2025-06-01T18:28:58.530+0200] {processor.py:179} INFO - Processing /home/lohit/miniconda3/envs/airflow-env/lib/python3.8/site-packages/airflow/example_dags/example_branch_operator.py took 0.050 seconds
[2025-06-01T18:29:58.703+0200] {processor.py:157} INFO - Started process (PID=30458) to work on /home/lohit/miniconda3/envs/airflow-env/lib/python3.8/site-packages/airflow/example_dags/example_branch_operator.py
[2025-06-01T18:29:58.707+0200] {processor.py:829} INFO - Processing file /home/lohit/miniconda3/envs/airflow-env/lib/python3.8/site-packages/airflow/example_dags/example_branch_operator.py for tasks to queue
[2025-06-01T18:29:58.707+0200] {logging_mixin.py:154} INFO - [2025-06-01T18:29:58.707+0200] {dagbag.py:536} INFO - Filling up the DagBag from /home/lohit/miniconda3/envs/airflow-env/lib/python3.8/site-packages/airflow/example_dags/example_branch_operator.py
[2025-06-01T18:29:58.716+0200] {processor.py:839} INFO - DAG(s) dict_keys(['example_branch_operator']) retrieved from /home/lohit/miniconda3/envs/airflow-env/lib/python3.8/site-packages/airflow/example_dags/example_branch_operator.py
[2025-06-01T18:29:58.728+0200] {logging_mixin.py:154} INFO - [2025-06-01T18:29:58.728+0200] {dag.py:2941} INFO - Sync 1 DAGs
[2025-06-01T18:29:58.741+0200] {logging_mixin.py:154} INFO - [2025-06-01T18:29:58.741+0200] {dag.py:3722} INFO - Setting next_dagrun for example_branch_operator to 2025-05-31T00:00:00+00:00, run_after=2025-06-01T00:00:00+00:00
[2025-06-01T18:29:58.758+0200] {processor.py:179} INFO - Processing /home/lohit/miniconda3/envs/airflow-env/lib/python3.8/site-packages/airflow/example_dags/example_branch_operator.py took 0.056 seconds
[2025-06-01T18:30:55.693+0200] {processor.py:157} INFO - Started process (PID=30540) to work on /home/lohit/miniconda3/envs/airflow-env/lib/python3.8/site-packages/airflow/example_dags/example_branch_operator.py
[2025-06-01T18:30:55.697+0200] {processor.py:829} INFO - Processing file /home/lohit/miniconda3/envs/airflow-env/lib/python3.8/site-packages/airflow/example_dags/example_branch_operator.py for tasks to queue
[2025-06-01T18:30:55.698+0200] {logging_mixin.py:154} INFO - [2025-06-01T18:30:55.697+0200] {dagbag.py:536} INFO - Filling up the DagBag from /home/lohit/miniconda3/envs/airflow-env/lib/python3.8/site-packages/airflow/example_dags/example_branch_operator.py
[2025-06-01T18:30:55.703+0200] {processor.py:839} INFO - DAG(s) dict_keys(['example_branch_operator']) retrieved from /home/lohit/miniconda3/envs/airflow-env/lib/python3.8/site-packages/airflow/example_dags/example_branch_operator.py
[2025-06-01T18:30:55.715+0200] {logging_mixin.py:154} INFO - [2025-06-01T18:30:55.715+0200] {dag.py:2941} INFO - Sync 1 DAGs
[2025-06-01T18:30:55.728+0200] {logging_mixin.py:154} INFO - [2025-06-01T18:30:55.728+0200] {dag.py:3722} INFO - Setting next_dagrun for example_branch_operator to 2025-05-31T00:00:00+00:00, run_after=2025-06-01T00:00:00+00:00
[2025-06-01T18:30:55.745+0200] {processor.py:179} INFO - Processing /home/lohit/miniconda3/envs/airflow-env/lib/python3.8/site-packages/airflow/example_dags/example_branch_operator.py took 0.054 seconds
[2025-06-01T18:31:40.508+0200] {processor.py:157} INFO - Started process (PID=30610) to work on /home/lohit/miniconda3/envs/airflow-env/lib/python3.8/site-packages/airflow/example_dags/example_branch_operator.py
[2025-06-01T18:31:40.511+0200] {processor.py:829} INFO - Processing file /home/lohit/miniconda3/envs/airflow-env/lib/python3.8/site-packages/airflow/example_dags/example_branch_operator.py for tasks to queue
[2025-06-01T18:31:40.512+0200] {logging_mixin.py:154} INFO - [2025-06-01T18:31:40.512+0200] {dagbag.py:536} INFO - Filling up the DagBag from /home/lohit/miniconda3/envs/airflow-env/lib/python3.8/site-packages/airflow/example_dags/example_branch_operator.py
[2025-06-01T18:31:40.517+0200] {processor.py:839} INFO - DAG(s) dict_keys(['example_branch_operator']) retrieved from /home/lohit/miniconda3/envs/airflow-env/lib/python3.8/site-packages/airflow/example_dags/example_branch_operator.py
[2025-06-01T18:31:40.530+0200] {logging_mixin.py:154} INFO - [2025-06-01T18:31:40.530+0200] {dag.py:2941} INFO - Sync 1 DAGs
[2025-06-01T18:31:40.544+0200] {logging_mixin.py:154} INFO - [2025-06-01T18:31:40.544+0200] {dag.py:3722} INFO - Setting next_dagrun for example_branch_operator to 2025-05-31T00:00:00+00:00, run_after=2025-06-01T00:00:00+00:00
[2025-06-01T18:31:40.560+0200] {processor.py:179} INFO - Processing /home/lohit/miniconda3/envs/airflow-env/lib/python3.8/site-packages/airflow/example_dags/example_branch_operator.py took 0.053 seconds
[2025-06-01T18:32:25.545+0200] {processor.py:157} INFO - Started process (PID=30678) to work on /home/lohit/miniconda3/envs/airflow-env/lib/python3.8/site-packages/airflow/example_dags/example_branch_operator.py
[2025-06-01T18:32:25.547+0200] {processor.py:829} INFO - Processing file /home/lohit/miniconda3/envs/airflow-env/lib/python3.8/site-packages/airflow/example_dags/example_branch_operator.py for tasks to queue
[2025-06-01T18:32:25.548+0200] {logging_mixin.py:154} INFO - [2025-06-01T18:32:25.547+0200] {dagbag.py:536} INFO - Filling up the DagBag from /home/lohit/miniconda3/envs/airflow-env/lib/python3.8/site-packages/airflow/example_dags/example_branch_operator.py
[2025-06-01T18:32:25.554+0200] {processor.py:839} INFO - DAG(s) dict_keys(['example_branch_operator']) retrieved from /home/lohit/miniconda3/envs/airflow-env/lib/python3.8/site-packages/airflow/example_dags/example_branch_operator.py
[2025-06-01T18:32:25.565+0200] {logging_mixin.py:154} INFO - [2025-06-01T18:32:25.565+0200] {dag.py:2941} INFO - Sync 1 DAGs
[2025-06-01T18:32:25.577+0200] {logging_mixin.py:154} INFO - [2025-06-01T18:32:25.577+0200] {dag.py:3722} INFO - Setting next_dagrun for example_branch_operator to 2025-05-31T00:00:00+00:00, run_after=2025-06-01T00:00:00+00:00
[2025-06-01T18:32:25.592+0200] {processor.py:179} INFO - Processing /home/lohit/miniconda3/envs/airflow-env/lib/python3.8/site-packages/airflow/example_dags/example_branch_operator.py took 0.049 seconds
[2025-06-01T18:33:10.720+0200] {processor.py:157} INFO - Started process (PID=30747) to work on /home/lohit/miniconda3/envs/airflow-env/lib/python3.8/site-packages/airflow/example_dags/example_branch_operator.py
[2025-06-01T18:33:10.724+0200] {processor.py:829} INFO - Processing file /home/lohit/miniconda3/envs/airflow-env/lib/python3.8/site-packages/airflow/example_dags/example_branch_operator.py for tasks to queue
[2025-06-01T18:33:10.724+0200] {logging_mixin.py:154} INFO - [2025-06-01T18:33:10.724+0200] {dagbag.py:536} INFO - Filling up the DagBag from /home/lohit/miniconda3/envs/airflow-env/lib/python3.8/site-packages/airflow/example_dags/example_branch_operator.py
[2025-06-01T18:33:10.730+0200] {processor.py:839} INFO - DAG(s) dict_keys(['example_branch_operator']) retrieved from /home/lohit/miniconda3/envs/airflow-env/lib/python3.8/site-packages/airflow/example_dags/example_branch_operator.py
[2025-06-01T18:33:10.743+0200] {logging_mixin.py:154} INFO - [2025-06-01T18:33:10.743+0200] {dag.py:2941} INFO - Sync 1 DAGs
[2025-06-01T18:33:10.754+0200] {logging_mixin.py:154} INFO - [2025-06-01T18:33:10.754+0200] {dag.py:3722} INFO - Setting next_dagrun for example_branch_operator to 2025-05-31T00:00:00+00:00, run_after=2025-06-01T00:00:00+00:00
[2025-06-01T18:33:10.770+0200] {processor.py:179} INFO - Processing /home/lohit/miniconda3/envs/airflow-env/lib/python3.8/site-packages/airflow/example_dags/example_branch_operator.py took 0.052 seconds
[2025-06-01T18:33:59.407+0200] {processor.py:157} INFO - Started process (PID=30817) to work on /home/lohit/miniconda3/envs/airflow-env/lib/python3.8/site-packages/airflow/example_dags/example_branch_operator.py
[2025-06-01T18:33:59.409+0200] {processor.py:829} INFO - Processing file /home/lohit/miniconda3/envs/airflow-env/lib/python3.8/site-packages/airflow/example_dags/example_branch_operator.py for tasks to queue
[2025-06-01T18:33:59.409+0200] {logging_mixin.py:154} INFO - [2025-06-01T18:33:59.409+0200] {dagbag.py:536} INFO - Filling up the DagBag from /home/lohit/miniconda3/envs/airflow-env/lib/python3.8/site-packages/airflow/example_dags/example_branch_operator.py
[2025-06-01T18:33:59.415+0200] {processor.py:839} INFO - DAG(s) dict_keys(['example_branch_operator']) retrieved from /home/lohit/miniconda3/envs/airflow-env/lib/python3.8/site-packages/airflow/example_dags/example_branch_operator.py
[2025-06-01T18:33:59.428+0200] {logging_mixin.py:154} INFO - [2025-06-01T18:33:59.427+0200] {dag.py:2941} INFO - Sync 1 DAGs
[2025-06-01T18:33:59.440+0200] {logging_mixin.py:154} INFO - [2025-06-01T18:33:59.440+0200] {dag.py:3722} INFO - Setting next_dagrun for example_branch_operator to 2025-05-31T00:00:00+00:00, run_after=2025-06-01T00:00:00+00:00
[2025-06-01T18:33:59.456+0200] {processor.py:179} INFO - Processing /home/lohit/miniconda3/envs/airflow-env/lib/python3.8/site-packages/airflow/example_dags/example_branch_operator.py took 0.051 seconds
[2025-06-01T18:34:47.820+0200] {processor.py:157} INFO - Started process (PID=31604) to work on /home/lohit/miniconda3/envs/airflow-env/lib/python3.8/site-packages/airflow/example_dags/example_branch_operator.py
[2025-06-01T18:34:47.824+0200] {processor.py:829} INFO - Processing file /home/lohit/miniconda3/envs/airflow-env/lib/python3.8/site-packages/airflow/example_dags/example_branch_operator.py for tasks to queue
[2025-06-01T18:34:47.824+0200] {logging_mixin.py:154} INFO - [2025-06-01T18:34:47.824+0200] {dagbag.py:536} INFO - Filling up the DagBag from /home/lohit/miniconda3/envs/airflow-env/lib/python3.8/site-packages/airflow/example_dags/example_branch_operator.py
[2025-06-01T18:34:47.830+0200] {processor.py:839} INFO - DAG(s) dict_keys(['example_branch_operator']) retrieved from /home/lohit/miniconda3/envs/airflow-env/lib/python3.8/site-packages/airflow/example_dags/example_branch_operator.py
[2025-06-01T18:34:47.843+0200] {logging_mixin.py:154} INFO - [2025-06-01T18:34:47.842+0200] {dag.py:2941} INFO - Sync 1 DAGs
[2025-06-01T18:34:47.856+0200] {logging_mixin.py:154} INFO - [2025-06-01T18:34:47.856+0200] {dag.py:3722} INFO - Setting next_dagrun for example_branch_operator to 2025-05-31T00:00:00+00:00, run_after=2025-06-01T00:00:00+00:00
[2025-06-01T18:34:47.872+0200] {processor.py:179} INFO - Processing /home/lohit/miniconda3/envs/airflow-env/lib/python3.8/site-packages/airflow/example_dags/example_branch_operator.py took 0.054 seconds
[2025-06-01T18:35:34.619+0200] {processor.py:157} INFO - Started process (PID=31673) to work on /home/lohit/miniconda3/envs/airflow-env/lib/python3.8/site-packages/airflow/example_dags/example_branch_operator.py
[2025-06-01T18:35:34.620+0200] {processor.py:829} INFO - Processing file /home/lohit/miniconda3/envs/airflow-env/lib/python3.8/site-packages/airflow/example_dags/example_branch_operator.py for tasks to queue
[2025-06-01T18:35:34.620+0200] {logging_mixin.py:154} INFO - [2025-06-01T18:35:34.620+0200] {dagbag.py:536} INFO - Filling up the DagBag from /home/lohit/miniconda3/envs/airflow-env/lib/python3.8/site-packages/airflow/example_dags/example_branch_operator.py
[2025-06-01T18:35:34.626+0200] {processor.py:839} INFO - DAG(s) dict_keys(['example_branch_operator']) retrieved from /home/lohit/miniconda3/envs/airflow-env/lib/python3.8/site-packages/airflow/example_dags/example_branch_operator.py
[2025-06-01T18:35:34.640+0200] {logging_mixin.py:154} INFO - [2025-06-01T18:35:34.639+0200] {dag.py:2941} INFO - Sync 1 DAGs
[2025-06-01T18:35:34.652+0200] {logging_mixin.py:154} INFO - [2025-06-01T18:35:34.652+0200] {dag.py:3722} INFO - Setting next_dagrun for example_branch_operator to 2025-05-31T00:00:00+00:00, run_after=2025-06-01T00:00:00+00:00
[2025-06-01T18:35:34.667+0200] {processor.py:179} INFO - Processing /home/lohit/miniconda3/envs/airflow-env/lib/python3.8/site-packages/airflow/example_dags/example_branch_operator.py took 0.050 seconds
