[2025-06-01T17:53:01.090+0200] {processor.py:157} INFO - Started process (PID=27074) to work on /home/lohit/miniconda3/envs/airflow-env/lib/python3.8/site-packages/airflow/example_dags/example_dynamic_task_mapping.py
[2025-06-01T17:53:01.090+0200] {processor.py:829} INFO - Processing file /home/lohit/miniconda3/envs/airflow-env/lib/python3.8/site-packages/airflow/example_dags/example_dynamic_task_mapping.py for tasks to queue
[2025-06-01T17:53:01.091+0200] {logging_mixin.py:154} INFO - [2025-06-01T17:53:01.090+0200] {dagbag.py:536} INFO - Filling up the DagBag from /home/lohit/miniconda3/envs/airflow-env/lib/python3.8/site-packages/airflow/example_dags/example_dynamic_task_mapping.py
[2025-06-01T17:53:01.095+0200] {processor.py:839} INFO - DAG(s) dict_keys(['example_dynamic_task_mapping']) retrieved from /home/lohit/miniconda3/envs/airflow-env/lib/python3.8/site-packages/airflow/example_dags/example_dynamic_task_mapping.py
[2025-06-01T17:53:01.105+0200] {logging_mixin.py:154} INFO - [2025-06-01T17:53:01.105+0200] {dag.py:2941} INFO - Sync 1 DAGs
[2025-06-01T17:53:01.116+0200] {logging_mixin.py:154} INFO - [2025-06-01T17:53:01.116+0200] {dag.py:3722} INFO - Setting next_dagrun for example_dynamic_task_mapping to 2022-03-04T00:00:00+00:00, run_after=2022-03-05T00:00:00+00:00
[2025-06-01T17:53:01.133+0200] {processor.py:179} INFO - Processing /home/lohit/miniconda3/envs/airflow-env/lib/python3.8/site-packages/airflow/example_dags/example_dynamic_task_mapping.py took 0.045 seconds
[2025-06-01T17:53:46.804+0200] {processor.py:157} INFO - Started process (PID=27142) to work on /home/lohit/miniconda3/envs/airflow-env/lib/python3.8/site-packages/airflow/example_dags/example_dynamic_task_mapping.py
[2025-06-01T17:53:46.807+0200] {processor.py:829} INFO - Processing file /home/lohit/miniconda3/envs/airflow-env/lib/python3.8/site-packages/airflow/example_dags/example_dynamic_task_mapping.py for tasks to queue
[2025-06-01T17:53:46.808+0200] {logging_mixin.py:154} INFO - [2025-06-01T17:53:46.808+0200] {dagbag.py:536} INFO - Filling up the DagBag from /home/lohit/miniconda3/envs/airflow-env/lib/python3.8/site-packages/airflow/example_dags/example_dynamic_task_mapping.py
[2025-06-01T17:53:46.813+0200] {processor.py:839} INFO - DAG(s) dict_keys(['example_dynamic_task_mapping']) retrieved from /home/lohit/miniconda3/envs/airflow-env/lib/python3.8/site-packages/airflow/example_dags/example_dynamic_task_mapping.py
[2025-06-01T17:53:46.823+0200] {logging_mixin.py:154} INFO - [2025-06-01T17:53:46.823+0200] {dag.py:2941} INFO - Sync 1 DAGs
[2025-06-01T17:53:46.834+0200] {logging_mixin.py:154} INFO - [2025-06-01T17:53:46.834+0200] {dag.py:3722} INFO - Setting next_dagrun for example_dynamic_task_mapping to 2022-03-04T00:00:00+00:00, run_after=2022-03-05T00:00:00+00:00
[2025-06-01T17:53:46.849+0200] {processor.py:179} INFO - Processing /home/lohit/miniconda3/envs/airflow-env/lib/python3.8/site-packages/airflow/example_dags/example_dynamic_task_mapping.py took 0.047 seconds
[2025-06-01T17:54:29.650+0200] {processor.py:157} INFO - Started process (PID=27210) to work on /home/lohit/miniconda3/envs/airflow-env/lib/python3.8/site-packages/airflow/example_dags/example_dynamic_task_mapping.py
[2025-06-01T17:54:29.651+0200] {processor.py:829} INFO - Processing file /home/lohit/miniconda3/envs/airflow-env/lib/python3.8/site-packages/airflow/example_dags/example_dynamic_task_mapping.py for tasks to queue
[2025-06-01T17:54:29.652+0200] {logging_mixin.py:154} INFO - [2025-06-01T17:54:29.652+0200] {dagbag.py:536} INFO - Filling up the DagBag from /home/lohit/miniconda3/envs/airflow-env/lib/python3.8/site-packages/airflow/example_dags/example_dynamic_task_mapping.py
[2025-06-01T17:54:29.664+0200] {processor.py:839} INFO - DAG(s) dict_keys(['example_dynamic_task_mapping']) retrieved from /home/lohit/miniconda3/envs/airflow-env/lib/python3.8/site-packages/airflow/example_dags/example_dynamic_task_mapping.py
[2025-06-01T17:54:29.682+0200] {logging_mixin.py:154} INFO - [2025-06-01T17:54:29.682+0200] {dag.py:2941} INFO - Sync 1 DAGs
[2025-06-01T17:54:29.698+0200] {logging_mixin.py:154} INFO - [2025-06-01T17:54:29.698+0200] {dag.py:3722} INFO - Setting next_dagrun for example_dynamic_task_mapping to 2022-03-04T00:00:00+00:00, run_after=2022-03-05T00:00:00+00:00
[2025-06-01T17:54:29.756+0200] {processor.py:179} INFO - Processing /home/lohit/miniconda3/envs/airflow-env/lib/python3.8/site-packages/airflow/example_dags/example_dynamic_task_mapping.py took 0.108 seconds
[2025-06-01T17:55:18.351+0200] {processor.py:157} INFO - Started process (PID=27280) to work on /home/lohit/miniconda3/envs/airflow-env/lib/python3.8/site-packages/airflow/example_dags/example_dynamic_task_mapping.py
[2025-06-01T17:55:18.355+0200] {processor.py:829} INFO - Processing file /home/lohit/miniconda3/envs/airflow-env/lib/python3.8/site-packages/airflow/example_dags/example_dynamic_task_mapping.py for tasks to queue
[2025-06-01T17:55:18.355+0200] {logging_mixin.py:154} INFO - [2025-06-01T17:55:18.355+0200] {dagbag.py:536} INFO - Filling up the DagBag from /home/lohit/miniconda3/envs/airflow-env/lib/python3.8/site-packages/airflow/example_dags/example_dynamic_task_mapping.py
[2025-06-01T17:55:18.360+0200] {processor.py:839} INFO - DAG(s) dict_keys(['example_dynamic_task_mapping']) retrieved from /home/lohit/miniconda3/envs/airflow-env/lib/python3.8/site-packages/airflow/example_dags/example_dynamic_task_mapping.py
[2025-06-01T17:55:18.369+0200] {logging_mixin.py:154} INFO - [2025-06-01T17:55:18.369+0200] {dag.py:2941} INFO - Sync 1 DAGs
[2025-06-01T17:55:18.381+0200] {logging_mixin.py:154} INFO - [2025-06-01T17:55:18.381+0200] {dag.py:3722} INFO - Setting next_dagrun for example_dynamic_task_mapping to 2022-03-04T00:00:00+00:00, run_after=2022-03-05T00:00:00+00:00
[2025-06-01T17:55:18.397+0200] {processor.py:179} INFO - Processing /home/lohit/miniconda3/envs/airflow-env/lib/python3.8/site-packages/airflow/example_dags/example_dynamic_task_mapping.py took 0.047 seconds
[2025-06-01T17:56:07.199+0200] {processor.py:157} INFO - Started process (PID=27354) to work on /home/lohit/miniconda3/envs/airflow-env/lib/python3.8/site-packages/airflow/example_dags/example_dynamic_task_mapping.py
[2025-06-01T17:56:07.203+0200] {processor.py:829} INFO - Processing file /home/lohit/miniconda3/envs/airflow-env/lib/python3.8/site-packages/airflow/example_dags/example_dynamic_task_mapping.py for tasks to queue
[2025-06-01T17:56:07.203+0200] {logging_mixin.py:154} INFO - [2025-06-01T17:56:07.203+0200] {dagbag.py:536} INFO - Filling up the DagBag from /home/lohit/miniconda3/envs/airflow-env/lib/python3.8/site-packages/airflow/example_dags/example_dynamic_task_mapping.py
[2025-06-01T17:56:07.208+0200] {processor.py:839} INFO - DAG(s) dict_keys(['example_dynamic_task_mapping']) retrieved from /home/lohit/miniconda3/envs/airflow-env/lib/python3.8/site-packages/airflow/example_dags/example_dynamic_task_mapping.py
[2025-06-01T17:56:07.216+0200] {logging_mixin.py:154} INFO - [2025-06-01T17:56:07.216+0200] {dag.py:2941} INFO - Sync 1 DAGs
[2025-06-01T17:56:07.227+0200] {logging_mixin.py:154} INFO - [2025-06-01T17:56:07.227+0200] {dag.py:3722} INFO - Setting next_dagrun for example_dynamic_task_mapping to 2022-03-04T00:00:00+00:00, run_after=2022-03-05T00:00:00+00:00
[2025-06-01T17:56:07.243+0200] {processor.py:179} INFO - Processing /home/lohit/miniconda3/envs/airflow-env/lib/python3.8/site-packages/airflow/example_dags/example_dynamic_task_mapping.py took 0.046 seconds
[2025-06-01T17:56:55.220+0200] {processor.py:157} INFO - Started process (PID=27424) to work on /home/lohit/miniconda3/envs/airflow-env/lib/python3.8/site-packages/airflow/example_dags/example_dynamic_task_mapping.py
[2025-06-01T17:56:55.224+0200] {processor.py:829} INFO - Processing file /home/lohit/miniconda3/envs/airflow-env/lib/python3.8/site-packages/airflow/example_dags/example_dynamic_task_mapping.py for tasks to queue
[2025-06-01T17:56:55.224+0200] {logging_mixin.py:154} INFO - [2025-06-01T17:56:55.224+0200] {dagbag.py:536} INFO - Filling up the DagBag from /home/lohit/miniconda3/envs/airflow-env/lib/python3.8/site-packages/airflow/example_dags/example_dynamic_task_mapping.py
[2025-06-01T17:56:55.229+0200] {processor.py:839} INFO - DAG(s) dict_keys(['example_dynamic_task_mapping']) retrieved from /home/lohit/miniconda3/envs/airflow-env/lib/python3.8/site-packages/airflow/example_dags/example_dynamic_task_mapping.py
[2025-06-01T17:56:55.237+0200] {logging_mixin.py:154} INFO - [2025-06-01T17:56:55.237+0200] {dag.py:2941} INFO - Sync 1 DAGs
[2025-06-01T17:56:55.247+0200] {logging_mixin.py:154} INFO - [2025-06-01T17:56:55.247+0200] {dag.py:3722} INFO - Setting next_dagrun for example_dynamic_task_mapping to 2022-03-04T00:00:00+00:00, run_after=2022-03-05T00:00:00+00:00
[2025-06-01T17:56:55.263+0200] {processor.py:179} INFO - Processing /home/lohit/miniconda3/envs/airflow-env/lib/python3.8/site-packages/airflow/example_dags/example_dynamic_task_mapping.py took 0.045 seconds
[2025-06-01T17:57:40.810+0200] {processor.py:157} INFO - Started process (PID=27493) to work on /home/lohit/miniconda3/envs/airflow-env/lib/python3.8/site-packages/airflow/example_dags/example_dynamic_task_mapping.py
[2025-06-01T17:57:40.813+0200] {processor.py:829} INFO - Processing file /home/lohit/miniconda3/envs/airflow-env/lib/python3.8/site-packages/airflow/example_dags/example_dynamic_task_mapping.py for tasks to queue
[2025-06-01T17:57:40.814+0200] {logging_mixin.py:154} INFO - [2025-06-01T17:57:40.813+0200] {dagbag.py:536} INFO - Filling up the DagBag from /home/lohit/miniconda3/envs/airflow-env/lib/python3.8/site-packages/airflow/example_dags/example_dynamic_task_mapping.py
[2025-06-01T17:57:40.819+0200] {processor.py:839} INFO - DAG(s) dict_keys(['example_dynamic_task_mapping']) retrieved from /home/lohit/miniconda3/envs/airflow-env/lib/python3.8/site-packages/airflow/example_dags/example_dynamic_task_mapping.py
[2025-06-01T17:57:40.829+0200] {logging_mixin.py:154} INFO - [2025-06-01T17:57:40.829+0200] {dag.py:2941} INFO - Sync 1 DAGs
[2025-06-01T17:57:40.839+0200] {logging_mixin.py:154} INFO - [2025-06-01T17:57:40.839+0200] {dag.py:3722} INFO - Setting next_dagrun for example_dynamic_task_mapping to 2022-03-04T00:00:00+00:00, run_after=2022-03-05T00:00:00+00:00
[2025-06-01T17:57:40.855+0200] {processor.py:179} INFO - Processing /home/lohit/miniconda3/envs/airflow-env/lib/python3.8/site-packages/airflow/example_dags/example_dynamic_task_mapping.py took 0.049 seconds
[2025-06-01T17:58:25.185+0200] {processor.py:157} INFO - Started process (PID=27560) to work on /home/lohit/miniconda3/envs/airflow-env/lib/python3.8/site-packages/airflow/example_dags/example_dynamic_task_mapping.py
[2025-06-01T17:58:25.188+0200] {processor.py:829} INFO - Processing file /home/lohit/miniconda3/envs/airflow-env/lib/python3.8/site-packages/airflow/example_dags/example_dynamic_task_mapping.py for tasks to queue
[2025-06-01T17:58:25.189+0200] {logging_mixin.py:154} INFO - [2025-06-01T17:58:25.189+0200] {dagbag.py:536} INFO - Filling up the DagBag from /home/lohit/miniconda3/envs/airflow-env/lib/python3.8/site-packages/airflow/example_dags/example_dynamic_task_mapping.py
[2025-06-01T17:58:25.194+0200] {processor.py:839} INFO - DAG(s) dict_keys(['example_dynamic_task_mapping']) retrieved from /home/lohit/miniconda3/envs/airflow-env/lib/python3.8/site-packages/airflow/example_dags/example_dynamic_task_mapping.py
[2025-06-01T17:58:25.202+0200] {logging_mixin.py:154} INFO - [2025-06-01T17:58:25.202+0200] {dag.py:2941} INFO - Sync 1 DAGs
[2025-06-01T17:58:25.212+0200] {logging_mixin.py:154} INFO - [2025-06-01T17:58:25.212+0200] {dag.py:3722} INFO - Setting next_dagrun for example_dynamic_task_mapping to 2022-03-04T00:00:00+00:00, run_after=2022-03-05T00:00:00+00:00
[2025-06-01T17:58:25.227+0200] {processor.py:179} INFO - Processing /home/lohit/miniconda3/envs/airflow-env/lib/python3.8/site-packages/airflow/example_dags/example_dynamic_task_mapping.py took 0.044 seconds
[2025-06-01T17:59:13.191+0200] {processor.py:157} INFO - Started process (PID=27631) to work on /home/lohit/miniconda3/envs/airflow-env/lib/python3.8/site-packages/airflow/example_dags/example_dynamic_task_mapping.py
[2025-06-01T17:59:13.195+0200] {processor.py:829} INFO - Processing file /home/lohit/miniconda3/envs/airflow-env/lib/python3.8/site-packages/airflow/example_dags/example_dynamic_task_mapping.py for tasks to queue
[2025-06-01T17:59:13.195+0200] {logging_mixin.py:154} INFO - [2025-06-01T17:59:13.195+0200] {dagbag.py:536} INFO - Filling up the DagBag from /home/lohit/miniconda3/envs/airflow-env/lib/python3.8/site-packages/airflow/example_dags/example_dynamic_task_mapping.py
[2025-06-01T17:59:13.200+0200] {processor.py:839} INFO - DAG(s) dict_keys(['example_dynamic_task_mapping']) retrieved from /home/lohit/miniconda3/envs/airflow-env/lib/python3.8/site-packages/airflow/example_dags/example_dynamic_task_mapping.py
[2025-06-01T17:59:13.210+0200] {logging_mixin.py:154} INFO - [2025-06-01T17:59:13.209+0200] {dag.py:2941} INFO - Sync 1 DAGs
[2025-06-01T17:59:13.221+0200] {logging_mixin.py:154} INFO - [2025-06-01T17:59:13.221+0200] {dag.py:3722} INFO - Setting next_dagrun for example_dynamic_task_mapping to 2022-03-04T00:00:00+00:00, run_after=2022-03-05T00:00:00+00:00
[2025-06-01T17:59:13.238+0200] {processor.py:179} INFO - Processing /home/lohit/miniconda3/envs/airflow-env/lib/python3.8/site-packages/airflow/example_dags/example_dynamic_task_mapping.py took 0.048 seconds
[2025-06-01T17:59:56.268+0200] {processor.py:157} INFO - Started process (PID=27698) to work on /home/lohit/miniconda3/envs/airflow-env/lib/python3.8/site-packages/airflow/example_dags/example_dynamic_task_mapping.py
[2025-06-01T17:59:56.272+0200] {processor.py:829} INFO - Processing file /home/lohit/miniconda3/envs/airflow-env/lib/python3.8/site-packages/airflow/example_dags/example_dynamic_task_mapping.py for tasks to queue
[2025-06-01T17:59:56.272+0200] {logging_mixin.py:154} INFO - [2025-06-01T17:59:56.272+0200] {dagbag.py:536} INFO - Filling up the DagBag from /home/lohit/miniconda3/envs/airflow-env/lib/python3.8/site-packages/airflow/example_dags/example_dynamic_task_mapping.py
[2025-06-01T17:59:56.277+0200] {processor.py:839} INFO - DAG(s) dict_keys(['example_dynamic_task_mapping']) retrieved from /home/lohit/miniconda3/envs/airflow-env/lib/python3.8/site-packages/airflow/example_dags/example_dynamic_task_mapping.py
[2025-06-01T17:59:56.285+0200] {logging_mixin.py:154} INFO - [2025-06-01T17:59:56.285+0200] {dag.py:2941} INFO - Sync 1 DAGs
[2025-06-01T17:59:56.295+0200] {logging_mixin.py:154} INFO - [2025-06-01T17:59:56.294+0200] {dag.py:3722} INFO - Setting next_dagrun for example_dynamic_task_mapping to 2022-03-04T00:00:00+00:00, run_after=2022-03-05T00:00:00+00:00
[2025-06-01T17:59:56.311+0200] {processor.py:179} INFO - Processing /home/lohit/miniconda3/envs/airflow-env/lib/python3.8/site-packages/airflow/example_dags/example_dynamic_task_mapping.py took 0.044 seconds
[2025-06-01T18:00:46.740+0200] {processor.py:157} INFO - Started process (PID=27771) to work on /home/lohit/miniconda3/envs/airflow-env/lib/python3.8/site-packages/airflow/example_dags/example_dynamic_task_mapping.py
[2025-06-01T18:00:46.743+0200] {processor.py:829} INFO - Processing file /home/lohit/miniconda3/envs/airflow-env/lib/python3.8/site-packages/airflow/example_dags/example_dynamic_task_mapping.py for tasks to queue
[2025-06-01T18:00:46.744+0200] {logging_mixin.py:154} INFO - [2025-06-01T18:00:46.744+0200] {dagbag.py:536} INFO - Filling up the DagBag from /home/lohit/miniconda3/envs/airflow-env/lib/python3.8/site-packages/airflow/example_dags/example_dynamic_task_mapping.py
[2025-06-01T18:00:46.749+0200] {processor.py:839} INFO - DAG(s) dict_keys(['example_dynamic_task_mapping']) retrieved from /home/lohit/miniconda3/envs/airflow-env/lib/python3.8/site-packages/airflow/example_dags/example_dynamic_task_mapping.py
[2025-06-01T18:00:46.759+0200] {logging_mixin.py:154} INFO - [2025-06-01T18:00:46.759+0200] {dag.py:2941} INFO - Sync 1 DAGs
[2025-06-01T18:00:46.770+0200] {logging_mixin.py:154} INFO - [2025-06-01T18:00:46.769+0200] {dag.py:3722} INFO - Setting next_dagrun for example_dynamic_task_mapping to 2022-03-04T00:00:00+00:00, run_after=2022-03-05T00:00:00+00:00
[2025-06-01T18:00:46.784+0200] {processor.py:179} INFO - Processing /home/lohit/miniconda3/envs/airflow-env/lib/python3.8/site-packages/airflow/example_dags/example_dynamic_task_mapping.py took 0.045 seconds
[2025-06-01T18:01:34.208+0200] {processor.py:157} INFO - Started process (PID=27872) to work on /home/lohit/miniconda3/envs/airflow-env/lib/python3.8/site-packages/airflow/example_dags/example_dynamic_task_mapping.py
[2025-06-01T18:01:34.211+0200] {processor.py:829} INFO - Processing file /home/lohit/miniconda3/envs/airflow-env/lib/python3.8/site-packages/airflow/example_dags/example_dynamic_task_mapping.py for tasks to queue
[2025-06-01T18:01:34.212+0200] {logging_mixin.py:154} INFO - [2025-06-01T18:01:34.212+0200] {dagbag.py:536} INFO - Filling up the DagBag from /home/lohit/miniconda3/envs/airflow-env/lib/python3.8/site-packages/airflow/example_dags/example_dynamic_task_mapping.py
[2025-06-01T18:01:34.217+0200] {processor.py:839} INFO - DAG(s) dict_keys(['example_dynamic_task_mapping']) retrieved from /home/lohit/miniconda3/envs/airflow-env/lib/python3.8/site-packages/airflow/example_dags/example_dynamic_task_mapping.py
[2025-06-01T18:01:34.225+0200] {logging_mixin.py:154} INFO - [2025-06-01T18:01:34.225+0200] {dag.py:2941} INFO - Sync 1 DAGs
[2025-06-01T18:01:34.235+0200] {logging_mixin.py:154} INFO - [2025-06-01T18:01:34.235+0200] {dag.py:3722} INFO - Setting next_dagrun for example_dynamic_task_mapping to 2022-03-04T00:00:00+00:00, run_after=2022-03-05T00:00:00+00:00
[2025-06-01T18:01:34.252+0200] {processor.py:179} INFO - Processing /home/lohit/miniconda3/envs/airflow-env/lib/python3.8/site-packages/airflow/example_dags/example_dynamic_task_mapping.py took 0.045 seconds
[2025-06-01T18:02:16.976+0200] {processor.py:157} INFO - Started process (PID=27940) to work on /home/lohit/miniconda3/envs/airflow-env/lib/python3.8/site-packages/airflow/example_dags/example_dynamic_task_mapping.py
[2025-06-01T18:02:16.980+0200] {processor.py:829} INFO - Processing file /home/lohit/miniconda3/envs/airflow-env/lib/python3.8/site-packages/airflow/example_dags/example_dynamic_task_mapping.py for tasks to queue
[2025-06-01T18:02:16.980+0200] {logging_mixin.py:154} INFO - [2025-06-01T18:02:16.980+0200] {dagbag.py:536} INFO - Filling up the DagBag from /home/lohit/miniconda3/envs/airflow-env/lib/python3.8/site-packages/airflow/example_dags/example_dynamic_task_mapping.py
[2025-06-01T18:02:16.985+0200] {processor.py:839} INFO - DAG(s) dict_keys(['example_dynamic_task_mapping']) retrieved from /home/lohit/miniconda3/envs/airflow-env/lib/python3.8/site-packages/airflow/example_dags/example_dynamic_task_mapping.py
[2025-06-01T18:02:16.995+0200] {logging_mixin.py:154} INFO - [2025-06-01T18:02:16.995+0200] {dag.py:2941} INFO - Sync 1 DAGs
[2025-06-01T18:02:17.005+0200] {logging_mixin.py:154} INFO - [2025-06-01T18:02:17.005+0200] {dag.py:3722} INFO - Setting next_dagrun for example_dynamic_task_mapping to 2022-03-04T00:00:00+00:00, run_after=2022-03-05T00:00:00+00:00
[2025-06-01T18:02:17.020+0200] {processor.py:179} INFO - Processing /home/lohit/miniconda3/envs/airflow-env/lib/python3.8/site-packages/airflow/example_dags/example_dynamic_task_mapping.py took 0.047 seconds
[2025-06-01T18:03:03.273+0200] {processor.py:157} INFO - Started process (PID=28016) to work on /home/lohit/miniconda3/envs/airflow-env/lib/python3.8/site-packages/airflow/example_dags/example_dynamic_task_mapping.py
[2025-06-01T18:03:03.276+0200] {processor.py:829} INFO - Processing file /home/lohit/miniconda3/envs/airflow-env/lib/python3.8/site-packages/airflow/example_dags/example_dynamic_task_mapping.py for tasks to queue
[2025-06-01T18:03:03.276+0200] {logging_mixin.py:154} INFO - [2025-06-01T18:03:03.276+0200] {dagbag.py:536} INFO - Filling up the DagBag from /home/lohit/miniconda3/envs/airflow-env/lib/python3.8/site-packages/airflow/example_dags/example_dynamic_task_mapping.py
[2025-06-01T18:03:03.281+0200] {processor.py:839} INFO - DAG(s) dict_keys(['example_dynamic_task_mapping']) retrieved from /home/lohit/miniconda3/envs/airflow-env/lib/python3.8/site-packages/airflow/example_dags/example_dynamic_task_mapping.py
[2025-06-01T18:03:03.293+0200] {logging_mixin.py:154} INFO - [2025-06-01T18:03:03.292+0200] {dag.py:2941} INFO - Sync 1 DAGs
[2025-06-01T18:03:03.308+0200] {logging_mixin.py:154} INFO - [2025-06-01T18:03:03.308+0200] {dag.py:3722} INFO - Setting next_dagrun for example_dynamic_task_mapping to 2022-03-04T00:00:00+00:00, run_after=2022-03-05T00:00:00+00:00
[2025-06-01T18:03:03.325+0200] {processor.py:179} INFO - Processing /home/lohit/miniconda3/envs/airflow-env/lib/python3.8/site-packages/airflow/example_dags/example_dynamic_task_mapping.py took 0.055 seconds
[2025-06-01T18:03:52.261+0200] {processor.py:157} INFO - Started process (PID=28091) to work on /home/lohit/miniconda3/envs/airflow-env/lib/python3.8/site-packages/airflow/example_dags/example_dynamic_task_mapping.py
[2025-06-01T18:03:52.261+0200] {processor.py:829} INFO - Processing file /home/lohit/miniconda3/envs/airflow-env/lib/python3.8/site-packages/airflow/example_dags/example_dynamic_task_mapping.py for tasks to queue
[2025-06-01T18:03:52.262+0200] {logging_mixin.py:154} INFO - [2025-06-01T18:03:52.262+0200] {dagbag.py:536} INFO - Filling up the DagBag from /home/lohit/miniconda3/envs/airflow-env/lib/python3.8/site-packages/airflow/example_dags/example_dynamic_task_mapping.py
[2025-06-01T18:03:52.267+0200] {processor.py:839} INFO - DAG(s) dict_keys(['example_dynamic_task_mapping']) retrieved from /home/lohit/miniconda3/envs/airflow-env/lib/python3.8/site-packages/airflow/example_dags/example_dynamic_task_mapping.py
[2025-06-01T18:03:52.276+0200] {logging_mixin.py:154} INFO - [2025-06-01T18:03:52.276+0200] {dag.py:2941} INFO - Sync 1 DAGs
[2025-06-01T18:03:52.286+0200] {logging_mixin.py:154} INFO - [2025-06-01T18:03:52.286+0200] {dag.py:3722} INFO - Setting next_dagrun for example_dynamic_task_mapping to 2022-03-04T00:00:00+00:00, run_after=2022-03-05T00:00:00+00:00
[2025-06-01T18:03:52.302+0200] {processor.py:179} INFO - Processing /home/lohit/miniconda3/envs/airflow-env/lib/python3.8/site-packages/airflow/example_dags/example_dynamic_task_mapping.py took 0.043 seconds
[2025-06-01T18:04:37.106+0200] {processor.py:157} INFO - Started process (PID=28164) to work on /home/lohit/miniconda3/envs/airflow-env/lib/python3.8/site-packages/airflow/example_dags/example_dynamic_task_mapping.py
[2025-06-01T18:04:37.109+0200] {processor.py:829} INFO - Processing file /home/lohit/miniconda3/envs/airflow-env/lib/python3.8/site-packages/airflow/example_dags/example_dynamic_task_mapping.py for tasks to queue
[2025-06-01T18:04:37.110+0200] {logging_mixin.py:154} INFO - [2025-06-01T18:04:37.110+0200] {dagbag.py:536} INFO - Filling up the DagBag from /home/lohit/miniconda3/envs/airflow-env/lib/python3.8/site-packages/airflow/example_dags/example_dynamic_task_mapping.py
[2025-06-01T18:04:37.114+0200] {processor.py:839} INFO - DAG(s) dict_keys(['example_dynamic_task_mapping']) retrieved from /home/lohit/miniconda3/envs/airflow-env/lib/python3.8/site-packages/airflow/example_dags/example_dynamic_task_mapping.py
[2025-06-01T18:04:37.124+0200] {logging_mixin.py:154} INFO - [2025-06-01T18:04:37.124+0200] {dag.py:2941} INFO - Sync 1 DAGs
[2025-06-01T18:04:37.135+0200] {logging_mixin.py:154} INFO - [2025-06-01T18:04:37.135+0200] {dag.py:3722} INFO - Setting next_dagrun for example_dynamic_task_mapping to 2022-03-04T00:00:00+00:00, run_after=2022-03-05T00:00:00+00:00
[2025-06-01T18:04:37.151+0200] {processor.py:179} INFO - Processing /home/lohit/miniconda3/envs/airflow-env/lib/python3.8/site-packages/airflow/example_dags/example_dynamic_task_mapping.py took 0.047 seconds
[2025-06-01T18:05:27.043+0200] {processor.py:157} INFO - Started process (PID=28243) to work on /home/lohit/miniconda3/envs/airflow-env/lib/python3.8/site-packages/airflow/example_dags/example_dynamic_task_mapping.py
[2025-06-01T18:05:27.047+0200] {processor.py:829} INFO - Processing file /home/lohit/miniconda3/envs/airflow-env/lib/python3.8/site-packages/airflow/example_dags/example_dynamic_task_mapping.py for tasks to queue
[2025-06-01T18:05:27.047+0200] {logging_mixin.py:154} INFO - [2025-06-01T18:05:27.047+0200] {dagbag.py:536} INFO - Filling up the DagBag from /home/lohit/miniconda3/envs/airflow-env/lib/python3.8/site-packages/airflow/example_dags/example_dynamic_task_mapping.py
[2025-06-01T18:05:27.052+0200] {processor.py:839} INFO - DAG(s) dict_keys(['example_dynamic_task_mapping']) retrieved from /home/lohit/miniconda3/envs/airflow-env/lib/python3.8/site-packages/airflow/example_dags/example_dynamic_task_mapping.py
[2025-06-01T18:05:27.060+0200] {logging_mixin.py:154} INFO - [2025-06-01T18:05:27.060+0200] {dag.py:2941} INFO - Sync 1 DAGs
[2025-06-01T18:05:27.071+0200] {logging_mixin.py:154} INFO - [2025-06-01T18:05:27.071+0200] {dag.py:3722} INFO - Setting next_dagrun for example_dynamic_task_mapping to 2022-03-04T00:00:00+00:00, run_after=2022-03-05T00:00:00+00:00
[2025-06-01T18:05:27.087+0200] {processor.py:179} INFO - Processing /home/lohit/miniconda3/envs/airflow-env/lib/python3.8/site-packages/airflow/example_dags/example_dynamic_task_mapping.py took 0.046 seconds
[2025-06-01T18:06:18.642+0200] {processor.py:157} INFO - Started process (PID=28324) to work on /home/lohit/miniconda3/envs/airflow-env/lib/python3.8/site-packages/airflow/example_dags/example_dynamic_task_mapping.py
[2025-06-01T18:06:18.645+0200] {processor.py:829} INFO - Processing file /home/lohit/miniconda3/envs/airflow-env/lib/python3.8/site-packages/airflow/example_dags/example_dynamic_task_mapping.py for tasks to queue
[2025-06-01T18:06:18.646+0200] {logging_mixin.py:154} INFO - [2025-06-01T18:06:18.645+0200] {dagbag.py:536} INFO - Filling up the DagBag from /home/lohit/miniconda3/envs/airflow-env/lib/python3.8/site-packages/airflow/example_dags/example_dynamic_task_mapping.py
[2025-06-01T18:06:18.652+0200] {processor.py:839} INFO - DAG(s) dict_keys(['example_dynamic_task_mapping']) retrieved from /home/lohit/miniconda3/envs/airflow-env/lib/python3.8/site-packages/airflow/example_dags/example_dynamic_task_mapping.py
[2025-06-01T18:06:18.660+0200] {logging_mixin.py:154} INFO - [2025-06-01T18:06:18.660+0200] {dag.py:2941} INFO - Sync 1 DAGs
[2025-06-01T18:06:18.672+0200] {logging_mixin.py:154} INFO - [2025-06-01T18:06:18.671+0200] {dag.py:3722} INFO - Setting next_dagrun for example_dynamic_task_mapping to 2022-03-04T00:00:00+00:00, run_after=2022-03-05T00:00:00+00:00
[2025-06-01T18:06:18.688+0200] {processor.py:179} INFO - Processing /home/lohit/miniconda3/envs/airflow-env/lib/python3.8/site-packages/airflow/example_dags/example_dynamic_task_mapping.py took 0.048 seconds
[2025-06-01T18:07:03.640+0200] {processor.py:157} INFO - Started process (PID=28392) to work on /home/lohit/miniconda3/envs/airflow-env/lib/python3.8/site-packages/airflow/example_dags/example_dynamic_task_mapping.py
[2025-06-01T18:07:03.642+0200] {processor.py:829} INFO - Processing file /home/lohit/miniconda3/envs/airflow-env/lib/python3.8/site-packages/airflow/example_dags/example_dynamic_task_mapping.py for tasks to queue
[2025-06-01T18:07:03.642+0200] {logging_mixin.py:154} INFO - [2025-06-01T18:07:03.642+0200] {dagbag.py:536} INFO - Filling up the DagBag from /home/lohit/miniconda3/envs/airflow-env/lib/python3.8/site-packages/airflow/example_dags/example_dynamic_task_mapping.py
[2025-06-01T18:07:03.647+0200] {processor.py:839} INFO - DAG(s) dict_keys(['example_dynamic_task_mapping']) retrieved from /home/lohit/miniconda3/envs/airflow-env/lib/python3.8/site-packages/airflow/example_dags/example_dynamic_task_mapping.py
[2025-06-01T18:07:03.659+0200] {logging_mixin.py:154} INFO - [2025-06-01T18:07:03.659+0200] {dag.py:2941} INFO - Sync 1 DAGs
[2025-06-01T18:07:03.670+0200] {logging_mixin.py:154} INFO - [2025-06-01T18:07:03.670+0200] {dag.py:3722} INFO - Setting next_dagrun for example_dynamic_task_mapping to 2022-03-04T00:00:00+00:00, run_after=2022-03-05T00:00:00+00:00
[2025-06-01T18:07:03.686+0200] {processor.py:179} INFO - Processing /home/lohit/miniconda3/envs/airflow-env/lib/python3.8/site-packages/airflow/example_dags/example_dynamic_task_mapping.py took 0.047 seconds
[2025-06-01T18:07:50.883+0200] {processor.py:157} INFO - Started process (PID=28462) to work on /home/lohit/miniconda3/envs/airflow-env/lib/python3.8/site-packages/airflow/example_dags/example_dynamic_task_mapping.py
[2025-06-01T18:07:50.887+0200] {processor.py:829} INFO - Processing file /home/lohit/miniconda3/envs/airflow-env/lib/python3.8/site-packages/airflow/example_dags/example_dynamic_task_mapping.py for tasks to queue
[2025-06-01T18:07:50.887+0200] {logging_mixin.py:154} INFO - [2025-06-01T18:07:50.887+0200] {dagbag.py:536} INFO - Filling up the DagBag from /home/lohit/miniconda3/envs/airflow-env/lib/python3.8/site-packages/airflow/example_dags/example_dynamic_task_mapping.py
[2025-06-01T18:07:50.893+0200] {processor.py:839} INFO - DAG(s) dict_keys(['example_dynamic_task_mapping']) retrieved from /home/lohit/miniconda3/envs/airflow-env/lib/python3.8/site-packages/airflow/example_dags/example_dynamic_task_mapping.py
[2025-06-01T18:07:50.903+0200] {logging_mixin.py:154} INFO - [2025-06-01T18:07:50.903+0200] {dag.py:2941} INFO - Sync 1 DAGs
[2025-06-01T18:07:50.913+0200] {logging_mixin.py:154} INFO - [2025-06-01T18:07:50.913+0200] {dag.py:3722} INFO - Setting next_dagrun for example_dynamic_task_mapping to 2022-03-04T00:00:00+00:00, run_after=2022-03-05T00:00:00+00:00
[2025-06-01T18:07:50.927+0200] {processor.py:179} INFO - Processing /home/lohit/miniconda3/envs/airflow-env/lib/python3.8/site-packages/airflow/example_dags/example_dynamic_task_mapping.py took 0.046 seconds
[2025-06-01T18:08:38.267+0200] {processor.py:157} INFO - Started process (PID=28536) to work on /home/lohit/miniconda3/envs/airflow-env/lib/python3.8/site-packages/airflow/example_dags/example_dynamic_task_mapping.py
[2025-06-01T18:08:38.268+0200] {processor.py:829} INFO - Processing file /home/lohit/miniconda3/envs/airflow-env/lib/python3.8/site-packages/airflow/example_dags/example_dynamic_task_mapping.py for tasks to queue
[2025-06-01T18:08:38.269+0200] {logging_mixin.py:154} INFO - [2025-06-01T18:08:38.268+0200] {dagbag.py:536} INFO - Filling up the DagBag from /home/lohit/miniconda3/envs/airflow-env/lib/python3.8/site-packages/airflow/example_dags/example_dynamic_task_mapping.py
[2025-06-01T18:08:38.273+0200] {processor.py:839} INFO - DAG(s) dict_keys(['example_dynamic_task_mapping']) retrieved from /home/lohit/miniconda3/envs/airflow-env/lib/python3.8/site-packages/airflow/example_dags/example_dynamic_task_mapping.py
[2025-06-01T18:08:38.282+0200] {logging_mixin.py:154} INFO - [2025-06-01T18:08:38.282+0200] {dag.py:2941} INFO - Sync 1 DAGs
[2025-06-01T18:08:38.293+0200] {logging_mixin.py:154} INFO - [2025-06-01T18:08:38.293+0200] {dag.py:3722} INFO - Setting next_dagrun for example_dynamic_task_mapping to 2022-03-04T00:00:00+00:00, run_after=2022-03-05T00:00:00+00:00
[2025-06-01T18:08:38.308+0200] {processor.py:179} INFO - Processing /home/lohit/miniconda3/envs/airflow-env/lib/python3.8/site-packages/airflow/example_dags/example_dynamic_task_mapping.py took 0.043 seconds
[2025-06-01T18:09:27.274+0200] {processor.py:157} INFO - Started process (PID=28609) to work on /home/lohit/miniconda3/envs/airflow-env/lib/python3.8/site-packages/airflow/example_dags/example_dynamic_task_mapping.py
[2025-06-01T18:09:27.278+0200] {processor.py:829} INFO - Processing file /home/lohit/miniconda3/envs/airflow-env/lib/python3.8/site-packages/airflow/example_dags/example_dynamic_task_mapping.py for tasks to queue
[2025-06-01T18:09:27.278+0200] {logging_mixin.py:154} INFO - [2025-06-01T18:09:27.278+0200] {dagbag.py:536} INFO - Filling up the DagBag from /home/lohit/miniconda3/envs/airflow-env/lib/python3.8/site-packages/airflow/example_dags/example_dynamic_task_mapping.py
[2025-06-01T18:09:27.283+0200] {processor.py:839} INFO - DAG(s) dict_keys(['example_dynamic_task_mapping']) retrieved from /home/lohit/miniconda3/envs/airflow-env/lib/python3.8/site-packages/airflow/example_dags/example_dynamic_task_mapping.py
[2025-06-01T18:09:27.294+0200] {logging_mixin.py:154} INFO - [2025-06-01T18:09:27.294+0200] {dag.py:2941} INFO - Sync 1 DAGs
[2025-06-01T18:09:27.307+0200] {logging_mixin.py:154} INFO - [2025-06-01T18:09:27.306+0200] {dag.py:3722} INFO - Setting next_dagrun for example_dynamic_task_mapping to 2022-03-04T00:00:00+00:00, run_after=2022-03-05T00:00:00+00:00
[2025-06-01T18:09:27.323+0200] {processor.py:179} INFO - Processing /home/lohit/miniconda3/envs/airflow-env/lib/python3.8/site-packages/airflow/example_dags/example_dynamic_task_mapping.py took 0.051 seconds
[2025-06-01T18:10:15.799+0200] {processor.py:157} INFO - Started process (PID=28691) to work on /home/lohit/miniconda3/envs/airflow-env/lib/python3.8/site-packages/airflow/example_dags/example_dynamic_task_mapping.py
[2025-06-01T18:10:15.800+0200] {processor.py:829} INFO - Processing file /home/lohit/miniconda3/envs/airflow-env/lib/python3.8/site-packages/airflow/example_dags/example_dynamic_task_mapping.py for tasks to queue
[2025-06-01T18:10:15.801+0200] {logging_mixin.py:154} INFO - [2025-06-01T18:10:15.801+0200] {dagbag.py:536} INFO - Filling up the DagBag from /home/lohit/miniconda3/envs/airflow-env/lib/python3.8/site-packages/airflow/example_dags/example_dynamic_task_mapping.py
[2025-06-01T18:10:15.806+0200] {processor.py:839} INFO - DAG(s) dict_keys(['example_dynamic_task_mapping']) retrieved from /home/lohit/miniconda3/envs/airflow-env/lib/python3.8/site-packages/airflow/example_dags/example_dynamic_task_mapping.py
[2025-06-01T18:10:15.816+0200] {logging_mixin.py:154} INFO - [2025-06-01T18:10:15.816+0200] {dag.py:2941} INFO - Sync 1 DAGs
[2025-06-01T18:10:15.828+0200] {logging_mixin.py:154} INFO - [2025-06-01T18:10:15.828+0200] {dag.py:3722} INFO - Setting next_dagrun for example_dynamic_task_mapping to 2022-03-04T00:00:00+00:00, run_after=2022-03-05T00:00:00+00:00
[2025-06-01T18:10:15.844+0200] {processor.py:179} INFO - Processing /home/lohit/miniconda3/envs/airflow-env/lib/python3.8/site-packages/airflow/example_dags/example_dynamic_task_mapping.py took 0.047 seconds
[2025-06-01T18:11:04.510+0200] {processor.py:157} INFO - Started process (PID=28764) to work on /home/lohit/miniconda3/envs/airflow-env/lib/python3.8/site-packages/airflow/example_dags/example_dynamic_task_mapping.py
[2025-06-01T18:11:04.512+0200] {processor.py:829} INFO - Processing file /home/lohit/miniconda3/envs/airflow-env/lib/python3.8/site-packages/airflow/example_dags/example_dynamic_task_mapping.py for tasks to queue
[2025-06-01T18:11:04.512+0200] {logging_mixin.py:154} INFO - [2025-06-01T18:11:04.512+0200] {dagbag.py:536} INFO - Filling up the DagBag from /home/lohit/miniconda3/envs/airflow-env/lib/python3.8/site-packages/airflow/example_dags/example_dynamic_task_mapping.py
[2025-06-01T18:11:04.517+0200] {processor.py:839} INFO - DAG(s) dict_keys(['example_dynamic_task_mapping']) retrieved from /home/lohit/miniconda3/envs/airflow-env/lib/python3.8/site-packages/airflow/example_dags/example_dynamic_task_mapping.py
[2025-06-01T18:11:04.527+0200] {logging_mixin.py:154} INFO - [2025-06-01T18:11:04.527+0200] {dag.py:2941} INFO - Sync 1 DAGs
[2025-06-01T18:11:04.538+0200] {logging_mixin.py:154} INFO - [2025-06-01T18:11:04.538+0200] {dag.py:3722} INFO - Setting next_dagrun for example_dynamic_task_mapping to 2022-03-04T00:00:00+00:00, run_after=2022-03-05T00:00:00+00:00
[2025-06-01T18:11:04.553+0200] {processor.py:179} INFO - Processing /home/lohit/miniconda3/envs/airflow-env/lib/python3.8/site-packages/airflow/example_dags/example_dynamic_task_mapping.py took 0.045 seconds
[2025-06-01T18:11:52.713+0200] {processor.py:157} INFO - Started process (PID=28834) to work on /home/lohit/miniconda3/envs/airflow-env/lib/python3.8/site-packages/airflow/example_dags/example_dynamic_task_mapping.py
[2025-06-01T18:11:52.716+0200] {processor.py:829} INFO - Processing file /home/lohit/miniconda3/envs/airflow-env/lib/python3.8/site-packages/airflow/example_dags/example_dynamic_task_mapping.py for tasks to queue
[2025-06-01T18:11:52.717+0200] {logging_mixin.py:154} INFO - [2025-06-01T18:11:52.716+0200] {dagbag.py:536} INFO - Filling up the DagBag from /home/lohit/miniconda3/envs/airflow-env/lib/python3.8/site-packages/airflow/example_dags/example_dynamic_task_mapping.py
[2025-06-01T18:11:52.721+0200] {processor.py:839} INFO - DAG(s) dict_keys(['example_dynamic_task_mapping']) retrieved from /home/lohit/miniconda3/envs/airflow-env/lib/python3.8/site-packages/airflow/example_dags/example_dynamic_task_mapping.py
[2025-06-01T18:11:52.732+0200] {logging_mixin.py:154} INFO - [2025-06-01T18:11:52.732+0200] {dag.py:2941} INFO - Sync 1 DAGs
[2025-06-01T18:11:52.743+0200] {logging_mixin.py:154} INFO - [2025-06-01T18:11:52.743+0200] {dag.py:3722} INFO - Setting next_dagrun for example_dynamic_task_mapping to 2022-03-04T00:00:00+00:00, run_after=2022-03-05T00:00:00+00:00
[2025-06-01T18:11:52.758+0200] {processor.py:179} INFO - Processing /home/lohit/miniconda3/envs/airflow-env/lib/python3.8/site-packages/airflow/example_dags/example_dynamic_task_mapping.py took 0.047 seconds
[2025-06-01T18:12:43.826+0200] {processor.py:157} INFO - Started process (PID=28915) to work on /home/lohit/miniconda3/envs/airflow-env/lib/python3.8/site-packages/airflow/example_dags/example_dynamic_task_mapping.py
[2025-06-01T18:12:43.829+0200] {processor.py:829} INFO - Processing file /home/lohit/miniconda3/envs/airflow-env/lib/python3.8/site-packages/airflow/example_dags/example_dynamic_task_mapping.py for tasks to queue
[2025-06-01T18:12:43.830+0200] {logging_mixin.py:154} INFO - [2025-06-01T18:12:43.829+0200] {dagbag.py:536} INFO - Filling up the DagBag from /home/lohit/miniconda3/envs/airflow-env/lib/python3.8/site-packages/airflow/example_dags/example_dynamic_task_mapping.py
[2025-06-01T18:12:43.834+0200] {processor.py:839} INFO - DAG(s) dict_keys(['example_dynamic_task_mapping']) retrieved from /home/lohit/miniconda3/envs/airflow-env/lib/python3.8/site-packages/airflow/example_dags/example_dynamic_task_mapping.py
[2025-06-01T18:12:43.843+0200] {logging_mixin.py:154} INFO - [2025-06-01T18:12:43.843+0200] {dag.py:2941} INFO - Sync 1 DAGs
[2025-06-01T18:12:43.854+0200] {logging_mixin.py:154} INFO - [2025-06-01T18:12:43.853+0200] {dag.py:3722} INFO - Setting next_dagrun for example_dynamic_task_mapping to 2022-03-04T00:00:00+00:00, run_after=2022-03-05T00:00:00+00:00
[2025-06-01T18:12:43.870+0200] {processor.py:179} INFO - Processing /home/lohit/miniconda3/envs/airflow-env/lib/python3.8/site-packages/airflow/example_dags/example_dynamic_task_mapping.py took 0.047 seconds
[2025-06-01T18:13:31.199+0200] {processor.py:157} INFO - Started process (PID=28986) to work on /home/lohit/miniconda3/envs/airflow-env/lib/python3.8/site-packages/airflow/example_dags/example_dynamic_task_mapping.py
[2025-06-01T18:13:31.202+0200] {processor.py:829} INFO - Processing file /home/lohit/miniconda3/envs/airflow-env/lib/python3.8/site-packages/airflow/example_dags/example_dynamic_task_mapping.py for tasks to queue
[2025-06-01T18:13:31.203+0200] {logging_mixin.py:154} INFO - [2025-06-01T18:13:31.203+0200] {dagbag.py:536} INFO - Filling up the DagBag from /home/lohit/miniconda3/envs/airflow-env/lib/python3.8/site-packages/airflow/example_dags/example_dynamic_task_mapping.py
[2025-06-01T18:13:31.208+0200] {processor.py:839} INFO - DAG(s) dict_keys(['example_dynamic_task_mapping']) retrieved from /home/lohit/miniconda3/envs/airflow-env/lib/python3.8/site-packages/airflow/example_dags/example_dynamic_task_mapping.py
[2025-06-01T18:13:31.217+0200] {logging_mixin.py:154} INFO - [2025-06-01T18:13:31.217+0200] {dag.py:2941} INFO - Sync 1 DAGs
[2025-06-01T18:13:31.230+0200] {logging_mixin.py:154} INFO - [2025-06-01T18:13:31.230+0200] {dag.py:3722} INFO - Setting next_dagrun for example_dynamic_task_mapping to 2022-03-04T00:00:00+00:00, run_after=2022-03-05T00:00:00+00:00
[2025-06-01T18:13:31.246+0200] {processor.py:179} INFO - Processing /home/lohit/miniconda3/envs/airflow-env/lib/python3.8/site-packages/airflow/example_dags/example_dynamic_task_mapping.py took 0.049 seconds
[2025-06-01T18:14:15.298+0200] {processor.py:157} INFO - Started process (PID=29054) to work on /home/lohit/miniconda3/envs/airflow-env/lib/python3.8/site-packages/airflow/example_dags/example_dynamic_task_mapping.py
[2025-06-01T18:14:15.299+0200] {processor.py:829} INFO - Processing file /home/lohit/miniconda3/envs/airflow-env/lib/python3.8/site-packages/airflow/example_dags/example_dynamic_task_mapping.py for tasks to queue
[2025-06-01T18:14:15.300+0200] {logging_mixin.py:154} INFO - [2025-06-01T18:14:15.300+0200] {dagbag.py:536} INFO - Filling up the DagBag from /home/lohit/miniconda3/envs/airflow-env/lib/python3.8/site-packages/airflow/example_dags/example_dynamic_task_mapping.py
[2025-06-01T18:14:15.305+0200] {processor.py:839} INFO - DAG(s) dict_keys(['example_dynamic_task_mapping']) retrieved from /home/lohit/miniconda3/envs/airflow-env/lib/python3.8/site-packages/airflow/example_dags/example_dynamic_task_mapping.py
[2025-06-01T18:14:15.316+0200] {logging_mixin.py:154} INFO - [2025-06-01T18:14:15.316+0200] {dag.py:2941} INFO - Sync 1 DAGs
[2025-06-01T18:14:15.328+0200] {logging_mixin.py:154} INFO - [2025-06-01T18:14:15.328+0200] {dag.py:3722} INFO - Setting next_dagrun for example_dynamic_task_mapping to 2022-03-04T00:00:00+00:00, run_after=2022-03-05T00:00:00+00:00
[2025-06-01T18:14:15.345+0200] {processor.py:179} INFO - Processing /home/lohit/miniconda3/envs/airflow-env/lib/python3.8/site-packages/airflow/example_dags/example_dynamic_task_mapping.py took 0.050 seconds
[2025-06-01T18:14:58.389+0200] {processor.py:157} INFO - Started process (PID=29120) to work on /home/lohit/miniconda3/envs/airflow-env/lib/python3.8/site-packages/airflow/example_dags/example_dynamic_task_mapping.py
[2025-06-01T18:14:58.392+0200] {processor.py:829} INFO - Processing file /home/lohit/miniconda3/envs/airflow-env/lib/python3.8/site-packages/airflow/example_dags/example_dynamic_task_mapping.py for tasks to queue
[2025-06-01T18:14:58.393+0200] {logging_mixin.py:154} INFO - [2025-06-01T18:14:58.392+0200] {dagbag.py:536} INFO - Filling up the DagBag from /home/lohit/miniconda3/envs/airflow-env/lib/python3.8/site-packages/airflow/example_dags/example_dynamic_task_mapping.py
[2025-06-01T18:14:58.398+0200] {processor.py:839} INFO - DAG(s) dict_keys(['example_dynamic_task_mapping']) retrieved from /home/lohit/miniconda3/envs/airflow-env/lib/python3.8/site-packages/airflow/example_dags/example_dynamic_task_mapping.py
[2025-06-01T18:14:58.407+0200] {logging_mixin.py:154} INFO - [2025-06-01T18:14:58.407+0200] {dag.py:2941} INFO - Sync 1 DAGs
[2025-06-01T18:14:58.418+0200] {logging_mixin.py:154} INFO - [2025-06-01T18:14:58.418+0200] {dag.py:3722} INFO - Setting next_dagrun for example_dynamic_task_mapping to 2022-03-04T00:00:00+00:00, run_after=2022-03-05T00:00:00+00:00
[2025-06-01T18:14:58.434+0200] {processor.py:179} INFO - Processing /home/lohit/miniconda3/envs/airflow-env/lib/python3.8/site-packages/airflow/example_dags/example_dynamic_task_mapping.py took 0.048 seconds
[2025-06-01T18:15:47.745+0200] {processor.py:157} INFO - Started process (PID=29192) to work on /home/lohit/miniconda3/envs/airflow-env/lib/python3.8/site-packages/airflow/example_dags/example_dynamic_task_mapping.py
[2025-06-01T18:15:47.750+0200] {processor.py:829} INFO - Processing file /home/lohit/miniconda3/envs/airflow-env/lib/python3.8/site-packages/airflow/example_dags/example_dynamic_task_mapping.py for tasks to queue
[2025-06-01T18:15:47.751+0200] {logging_mixin.py:154} INFO - [2025-06-01T18:15:47.751+0200] {dagbag.py:536} INFO - Filling up the DagBag from /home/lohit/miniconda3/envs/airflow-env/lib/python3.8/site-packages/airflow/example_dags/example_dynamic_task_mapping.py
[2025-06-01T18:15:47.759+0200] {processor.py:839} INFO - DAG(s) dict_keys(['example_dynamic_task_mapping']) retrieved from /home/lohit/miniconda3/envs/airflow-env/lib/python3.8/site-packages/airflow/example_dags/example_dynamic_task_mapping.py
[2025-06-01T18:15:47.781+0200] {logging_mixin.py:154} INFO - [2025-06-01T18:15:47.781+0200] {dag.py:2941} INFO - Sync 1 DAGs
[2025-06-01T18:15:47.817+0200] {logging_mixin.py:154} INFO - [2025-06-01T18:15:47.817+0200] {dag.py:3722} INFO - Setting next_dagrun for example_dynamic_task_mapping to 2022-03-04T00:00:00+00:00, run_after=2022-03-05T00:00:00+00:00
[2025-06-01T18:15:47.847+0200] {processor.py:179} INFO - Processing /home/lohit/miniconda3/envs/airflow-env/lib/python3.8/site-packages/airflow/example_dags/example_dynamic_task_mapping.py took 0.106 seconds
[2025-06-01T18:16:37.467+0200] {processor.py:157} INFO - Started process (PID=29265) to work on /home/lohit/miniconda3/envs/airflow-env/lib/python3.8/site-packages/airflow/example_dags/example_dynamic_task_mapping.py
[2025-06-01T18:16:37.470+0200] {processor.py:829} INFO - Processing file /home/lohit/miniconda3/envs/airflow-env/lib/python3.8/site-packages/airflow/example_dags/example_dynamic_task_mapping.py for tasks to queue
[2025-06-01T18:16:37.471+0200] {logging_mixin.py:154} INFO - [2025-06-01T18:16:37.471+0200] {dagbag.py:536} INFO - Filling up the DagBag from /home/lohit/miniconda3/envs/airflow-env/lib/python3.8/site-packages/airflow/example_dags/example_dynamic_task_mapping.py
[2025-06-01T18:16:37.476+0200] {processor.py:839} INFO - DAG(s) dict_keys(['example_dynamic_task_mapping']) retrieved from /home/lohit/miniconda3/envs/airflow-env/lib/python3.8/site-packages/airflow/example_dags/example_dynamic_task_mapping.py
[2025-06-01T18:16:37.484+0200] {logging_mixin.py:154} INFO - [2025-06-01T18:16:37.484+0200] {dag.py:2941} INFO - Sync 1 DAGs
[2025-06-01T18:16:37.496+0200] {logging_mixin.py:154} INFO - [2025-06-01T18:16:37.496+0200] {dag.py:3722} INFO - Setting next_dagrun for example_dynamic_task_mapping to 2022-03-04T00:00:00+00:00, run_after=2022-03-05T00:00:00+00:00
[2025-06-01T18:16:37.511+0200] {processor.py:179} INFO - Processing /home/lohit/miniconda3/envs/airflow-env/lib/python3.8/site-packages/airflow/example_dags/example_dynamic_task_mapping.py took 0.045 seconds
[2025-06-01T18:17:25.376+0200] {processor.py:157} INFO - Started process (PID=29338) to work on /home/lohit/miniconda3/envs/airflow-env/lib/python3.8/site-packages/airflow/example_dags/example_dynamic_task_mapping.py
[2025-06-01T18:17:25.379+0200] {processor.py:829} INFO - Processing file /home/lohit/miniconda3/envs/airflow-env/lib/python3.8/site-packages/airflow/example_dags/example_dynamic_task_mapping.py for tasks to queue
[2025-06-01T18:17:25.380+0200] {logging_mixin.py:154} INFO - [2025-06-01T18:17:25.380+0200] {dagbag.py:536} INFO - Filling up the DagBag from /home/lohit/miniconda3/envs/airflow-env/lib/python3.8/site-packages/airflow/example_dags/example_dynamic_task_mapping.py
[2025-06-01T18:17:25.385+0200] {processor.py:839} INFO - DAG(s) dict_keys(['example_dynamic_task_mapping']) retrieved from /home/lohit/miniconda3/envs/airflow-env/lib/python3.8/site-packages/airflow/example_dags/example_dynamic_task_mapping.py
[2025-06-01T18:17:25.395+0200] {logging_mixin.py:154} INFO - [2025-06-01T18:17:25.395+0200] {dag.py:2941} INFO - Sync 1 DAGs
[2025-06-01T18:17:25.408+0200] {logging_mixin.py:154} INFO - [2025-06-01T18:17:25.408+0200] {dag.py:3722} INFO - Setting next_dagrun for example_dynamic_task_mapping to 2022-03-04T00:00:00+00:00, run_after=2022-03-05T00:00:00+00:00
[2025-06-01T18:17:25.425+0200] {processor.py:179} INFO - Processing /home/lohit/miniconda3/envs/airflow-env/lib/python3.8/site-packages/airflow/example_dags/example_dynamic_task_mapping.py took 0.052 seconds
[2025-06-01T18:18:09.565+0200] {processor.py:157} INFO - Started process (PID=29406) to work on /home/lohit/miniconda3/envs/airflow-env/lib/python3.8/site-packages/airflow/example_dags/example_dynamic_task_mapping.py
[2025-06-01T18:18:09.568+0200] {processor.py:829} INFO - Processing file /home/lohit/miniconda3/envs/airflow-env/lib/python3.8/site-packages/airflow/example_dags/example_dynamic_task_mapping.py for tasks to queue
[2025-06-01T18:18:09.569+0200] {logging_mixin.py:154} INFO - [2025-06-01T18:18:09.568+0200] {dagbag.py:536} INFO - Filling up the DagBag from /home/lohit/miniconda3/envs/airflow-env/lib/python3.8/site-packages/airflow/example_dags/example_dynamic_task_mapping.py
[2025-06-01T18:18:09.574+0200] {processor.py:839} INFO - DAG(s) dict_keys(['example_dynamic_task_mapping']) retrieved from /home/lohit/miniconda3/envs/airflow-env/lib/python3.8/site-packages/airflow/example_dags/example_dynamic_task_mapping.py
[2025-06-01T18:18:09.585+0200] {logging_mixin.py:154} INFO - [2025-06-01T18:18:09.585+0200] {dag.py:2941} INFO - Sync 1 DAGs
[2025-06-01T18:18:09.597+0200] {logging_mixin.py:154} INFO - [2025-06-01T18:18:09.597+0200] {dag.py:3722} INFO - Setting next_dagrun for example_dynamic_task_mapping to 2022-03-04T00:00:00+00:00, run_after=2022-03-05T00:00:00+00:00
[2025-06-01T18:18:09.613+0200] {processor.py:179} INFO - Processing /home/lohit/miniconda3/envs/airflow-env/lib/python3.8/site-packages/airflow/example_dags/example_dynamic_task_mapping.py took 0.051 seconds
[2025-06-01T18:18:56.297+0200] {processor.py:157} INFO - Started process (PID=29476) to work on /home/lohit/miniconda3/envs/airflow-env/lib/python3.8/site-packages/airflow/example_dags/example_dynamic_task_mapping.py
[2025-06-01T18:18:56.299+0200] {processor.py:829} INFO - Processing file /home/lohit/miniconda3/envs/airflow-env/lib/python3.8/site-packages/airflow/example_dags/example_dynamic_task_mapping.py for tasks to queue
[2025-06-01T18:18:56.299+0200] {logging_mixin.py:154} INFO - [2025-06-01T18:18:56.299+0200] {dagbag.py:536} INFO - Filling up the DagBag from /home/lohit/miniconda3/envs/airflow-env/lib/python3.8/site-packages/airflow/example_dags/example_dynamic_task_mapping.py
[2025-06-01T18:18:56.304+0200] {processor.py:839} INFO - DAG(s) dict_keys(['example_dynamic_task_mapping']) retrieved from /home/lohit/miniconda3/envs/airflow-env/lib/python3.8/site-packages/airflow/example_dags/example_dynamic_task_mapping.py
[2025-06-01T18:18:56.315+0200] {logging_mixin.py:154} INFO - [2025-06-01T18:18:56.315+0200] {dag.py:2941} INFO - Sync 1 DAGs
[2025-06-01T18:18:56.326+0200] {logging_mixin.py:154} INFO - [2025-06-01T18:18:56.326+0200] {dag.py:3722} INFO - Setting next_dagrun for example_dynamic_task_mapping to 2022-03-04T00:00:00+00:00, run_after=2022-03-05T00:00:00+00:00
[2025-06-01T18:18:56.341+0200] {processor.py:179} INFO - Processing /home/lohit/miniconda3/envs/airflow-env/lib/python3.8/site-packages/airflow/example_dags/example_dynamic_task_mapping.py took 0.046 seconds
[2025-06-01T18:19:46.493+0200] {processor.py:157} INFO - Started process (PID=29547) to work on /home/lohit/miniconda3/envs/airflow-env/lib/python3.8/site-packages/airflow/example_dags/example_dynamic_task_mapping.py
[2025-06-01T18:19:46.496+0200] {processor.py:829} INFO - Processing file /home/lohit/miniconda3/envs/airflow-env/lib/python3.8/site-packages/airflow/example_dags/example_dynamic_task_mapping.py for tasks to queue
[2025-06-01T18:19:46.497+0200] {logging_mixin.py:154} INFO - [2025-06-01T18:19:46.496+0200] {dagbag.py:536} INFO - Filling up the DagBag from /home/lohit/miniconda3/envs/airflow-env/lib/python3.8/site-packages/airflow/example_dags/example_dynamic_task_mapping.py
[2025-06-01T18:19:46.502+0200] {processor.py:839} INFO - DAG(s) dict_keys(['example_dynamic_task_mapping']) retrieved from /home/lohit/miniconda3/envs/airflow-env/lib/python3.8/site-packages/airflow/example_dags/example_dynamic_task_mapping.py
[2025-06-01T18:19:46.512+0200] {logging_mixin.py:154} INFO - [2025-06-01T18:19:46.512+0200] {dag.py:2941} INFO - Sync 1 DAGs
[2025-06-01T18:19:46.524+0200] {logging_mixin.py:154} INFO - [2025-06-01T18:19:46.524+0200] {dag.py:3722} INFO - Setting next_dagrun for example_dynamic_task_mapping to 2022-03-04T00:00:00+00:00, run_after=2022-03-05T00:00:00+00:00
[2025-06-01T18:19:46.540+0200] {processor.py:179} INFO - Processing /home/lohit/miniconda3/envs/airflow-env/lib/python3.8/site-packages/airflow/example_dags/example_dynamic_task_mapping.py took 0.050 seconds
[2025-06-01T18:20:32.681+0200] {processor.py:157} INFO - Started process (PID=29616) to work on /home/lohit/miniconda3/envs/airflow-env/lib/python3.8/site-packages/airflow/example_dags/example_dynamic_task_mapping.py
[2025-06-01T18:20:32.685+0200] {processor.py:829} INFO - Processing file /home/lohit/miniconda3/envs/airflow-env/lib/python3.8/site-packages/airflow/example_dags/example_dynamic_task_mapping.py for tasks to queue
[2025-06-01T18:20:32.685+0200] {logging_mixin.py:154} INFO - [2025-06-01T18:20:32.685+0200] {dagbag.py:536} INFO - Filling up the DagBag from /home/lohit/miniconda3/envs/airflow-env/lib/python3.8/site-packages/airflow/example_dags/example_dynamic_task_mapping.py
[2025-06-01T18:20:32.691+0200] {processor.py:839} INFO - DAG(s) dict_keys(['example_dynamic_task_mapping']) retrieved from /home/lohit/miniconda3/envs/airflow-env/lib/python3.8/site-packages/airflow/example_dags/example_dynamic_task_mapping.py
[2025-06-01T18:20:32.701+0200] {logging_mixin.py:154} INFO - [2025-06-01T18:20:32.701+0200] {dag.py:2941} INFO - Sync 1 DAGs
[2025-06-01T18:20:32.712+0200] {logging_mixin.py:154} INFO - [2025-06-01T18:20:32.712+0200] {dag.py:3722} INFO - Setting next_dagrun for example_dynamic_task_mapping to 2022-03-04T00:00:00+00:00, run_after=2022-03-05T00:00:00+00:00
[2025-06-01T18:20:32.728+0200] {processor.py:179} INFO - Processing /home/lohit/miniconda3/envs/airflow-env/lib/python3.8/site-packages/airflow/example_dags/example_dynamic_task_mapping.py took 0.050 seconds
[2025-06-01T18:21:20.999+0200] {processor.py:157} INFO - Started process (PID=29689) to work on /home/lohit/miniconda3/envs/airflow-env/lib/python3.8/site-packages/airflow/example_dags/example_dynamic_task_mapping.py
[2025-06-01T18:21:21.000+0200] {processor.py:829} INFO - Processing file /home/lohit/miniconda3/envs/airflow-env/lib/python3.8/site-packages/airflow/example_dags/example_dynamic_task_mapping.py for tasks to queue
[2025-06-01T18:21:21.001+0200] {logging_mixin.py:154} INFO - [2025-06-01T18:21:21.000+0200] {dagbag.py:536} INFO - Filling up the DagBag from /home/lohit/miniconda3/envs/airflow-env/lib/python3.8/site-packages/airflow/example_dags/example_dynamic_task_mapping.py
[2025-06-01T18:21:21.005+0200] {processor.py:839} INFO - DAG(s) dict_keys(['example_dynamic_task_mapping']) retrieved from /home/lohit/miniconda3/envs/airflow-env/lib/python3.8/site-packages/airflow/example_dags/example_dynamic_task_mapping.py
[2025-06-01T18:21:21.015+0200] {logging_mixin.py:154} INFO - [2025-06-01T18:21:21.015+0200] {dag.py:2941} INFO - Sync 1 DAGs
[2025-06-01T18:21:21.028+0200] {logging_mixin.py:154} INFO - [2025-06-01T18:21:21.027+0200] {dag.py:3722} INFO - Setting next_dagrun for example_dynamic_task_mapping to 2022-03-04T00:00:00+00:00, run_after=2022-03-05T00:00:00+00:00
[2025-06-01T18:21:21.042+0200] {processor.py:179} INFO - Processing /home/lohit/miniconda3/envs/airflow-env/lib/python3.8/site-packages/airflow/example_dags/example_dynamic_task_mapping.py took 0.046 seconds
[2025-06-01T18:22:09.326+0200] {processor.py:157} INFO - Started process (PID=29760) to work on /home/lohit/miniconda3/envs/airflow-env/lib/python3.8/site-packages/airflow/example_dags/example_dynamic_task_mapping.py
[2025-06-01T18:22:09.327+0200] {processor.py:829} INFO - Processing file /home/lohit/miniconda3/envs/airflow-env/lib/python3.8/site-packages/airflow/example_dags/example_dynamic_task_mapping.py for tasks to queue
[2025-06-01T18:22:09.328+0200] {logging_mixin.py:154} INFO - [2025-06-01T18:22:09.327+0200] {dagbag.py:536} INFO - Filling up the DagBag from /home/lohit/miniconda3/envs/airflow-env/lib/python3.8/site-packages/airflow/example_dags/example_dynamic_task_mapping.py
[2025-06-01T18:22:09.332+0200] {processor.py:839} INFO - DAG(s) dict_keys(['example_dynamic_task_mapping']) retrieved from /home/lohit/miniconda3/envs/airflow-env/lib/python3.8/site-packages/airflow/example_dags/example_dynamic_task_mapping.py
[2025-06-01T18:22:09.341+0200] {logging_mixin.py:154} INFO - [2025-06-01T18:22:09.340+0200] {dag.py:2941} INFO - Sync 1 DAGs
[2025-06-01T18:22:09.351+0200] {logging_mixin.py:154} INFO - [2025-06-01T18:22:09.350+0200] {dag.py:3722} INFO - Setting next_dagrun for example_dynamic_task_mapping to 2022-03-04T00:00:00+00:00, run_after=2022-03-05T00:00:00+00:00
[2025-06-01T18:22:09.365+0200] {processor.py:179} INFO - Processing /home/lohit/miniconda3/envs/airflow-env/lib/python3.8/site-packages/airflow/example_dags/example_dynamic_task_mapping.py took 0.041 seconds
[2025-06-01T18:22:55.794+0200] {processor.py:157} INFO - Started process (PID=29829) to work on /home/lohit/miniconda3/envs/airflow-env/lib/python3.8/site-packages/airflow/example_dags/example_dynamic_task_mapping.py
[2025-06-01T18:22:55.798+0200] {processor.py:829} INFO - Processing file /home/lohit/miniconda3/envs/airflow-env/lib/python3.8/site-packages/airflow/example_dags/example_dynamic_task_mapping.py for tasks to queue
[2025-06-01T18:22:55.799+0200] {logging_mixin.py:154} INFO - [2025-06-01T18:22:55.798+0200] {dagbag.py:536} INFO - Filling up the DagBag from /home/lohit/miniconda3/envs/airflow-env/lib/python3.8/site-packages/airflow/example_dags/example_dynamic_task_mapping.py
[2025-06-01T18:22:55.804+0200] {processor.py:839} INFO - DAG(s) dict_keys(['example_dynamic_task_mapping']) retrieved from /home/lohit/miniconda3/envs/airflow-env/lib/python3.8/site-packages/airflow/example_dags/example_dynamic_task_mapping.py
[2025-06-01T18:22:55.814+0200] {logging_mixin.py:154} INFO - [2025-06-01T18:22:55.814+0200] {dag.py:2941} INFO - Sync 1 DAGs
[2025-06-01T18:22:55.828+0200] {logging_mixin.py:154} INFO - [2025-06-01T18:22:55.828+0200] {dag.py:3722} INFO - Setting next_dagrun for example_dynamic_task_mapping to 2022-03-04T00:00:00+00:00, run_after=2022-03-05T00:00:00+00:00
[2025-06-01T18:22:55.845+0200] {processor.py:179} INFO - Processing /home/lohit/miniconda3/envs/airflow-env/lib/python3.8/site-packages/airflow/example_dags/example_dynamic_task_mapping.py took 0.053 seconds
[2025-06-01T18:23:46.145+0200] {processor.py:157} INFO - Started process (PID=29901) to work on /home/lohit/miniconda3/envs/airflow-env/lib/python3.8/site-packages/airflow/example_dags/example_dynamic_task_mapping.py
[2025-06-01T18:23:46.149+0200] {processor.py:829} INFO - Processing file /home/lohit/miniconda3/envs/airflow-env/lib/python3.8/site-packages/airflow/example_dags/example_dynamic_task_mapping.py for tasks to queue
[2025-06-01T18:23:46.150+0200] {logging_mixin.py:154} INFO - [2025-06-01T18:23:46.150+0200] {dagbag.py:536} INFO - Filling up the DagBag from /home/lohit/miniconda3/envs/airflow-env/lib/python3.8/site-packages/airflow/example_dags/example_dynamic_task_mapping.py
[2025-06-01T18:23:46.155+0200] {processor.py:839} INFO - DAG(s) dict_keys(['example_dynamic_task_mapping']) retrieved from /home/lohit/miniconda3/envs/airflow-env/lib/python3.8/site-packages/airflow/example_dags/example_dynamic_task_mapping.py
[2025-06-01T18:23:46.165+0200] {logging_mixin.py:154} INFO - [2025-06-01T18:23:46.164+0200] {dag.py:2941} INFO - Sync 1 DAGs
[2025-06-01T18:23:46.175+0200] {logging_mixin.py:154} INFO - [2025-06-01T18:23:46.174+0200] {dag.py:3722} INFO - Setting next_dagrun for example_dynamic_task_mapping to 2022-03-04T00:00:00+00:00, run_after=2022-03-05T00:00:00+00:00
[2025-06-01T18:23:46.189+0200] {processor.py:179} INFO - Processing /home/lohit/miniconda3/envs/airflow-env/lib/python3.8/site-packages/airflow/example_dags/example_dynamic_task_mapping.py took 0.046 seconds
[2025-06-01T18:24:30.583+0200] {processor.py:157} INFO - Started process (PID=29969) to work on /home/lohit/miniconda3/envs/airflow-env/lib/python3.8/site-packages/airflow/example_dags/example_dynamic_task_mapping.py
[2025-06-01T18:24:30.586+0200] {processor.py:829} INFO - Processing file /home/lohit/miniconda3/envs/airflow-env/lib/python3.8/site-packages/airflow/example_dags/example_dynamic_task_mapping.py for tasks to queue
[2025-06-01T18:24:30.586+0200] {logging_mixin.py:154} INFO - [2025-06-01T18:24:30.586+0200] {dagbag.py:536} INFO - Filling up the DagBag from /home/lohit/miniconda3/envs/airflow-env/lib/python3.8/site-packages/airflow/example_dags/example_dynamic_task_mapping.py
[2025-06-01T18:24:30.591+0200] {processor.py:839} INFO - DAG(s) dict_keys(['example_dynamic_task_mapping']) retrieved from /home/lohit/miniconda3/envs/airflow-env/lib/python3.8/site-packages/airflow/example_dags/example_dynamic_task_mapping.py
[2025-06-01T18:24:30.599+0200] {logging_mixin.py:154} INFO - [2025-06-01T18:24:30.599+0200] {dag.py:2941} INFO - Sync 1 DAGs
[2025-06-01T18:24:30.609+0200] {logging_mixin.py:154} INFO - [2025-06-01T18:24:30.609+0200] {dag.py:3722} INFO - Setting next_dagrun for example_dynamic_task_mapping to 2022-03-04T00:00:00+00:00, run_after=2022-03-05T00:00:00+00:00
[2025-06-01T18:24:30.625+0200] {processor.py:179} INFO - Processing /home/lohit/miniconda3/envs/airflow-env/lib/python3.8/site-packages/airflow/example_dags/example_dynamic_task_mapping.py took 0.045 seconds
[2025-06-01T18:25:19.711+0200] {processor.py:157} INFO - Started process (PID=30040) to work on /home/lohit/miniconda3/envs/airflow-env/lib/python3.8/site-packages/airflow/example_dags/example_dynamic_task_mapping.py
[2025-06-01T18:25:19.715+0200] {processor.py:829} INFO - Processing file /home/lohit/miniconda3/envs/airflow-env/lib/python3.8/site-packages/airflow/example_dags/example_dynamic_task_mapping.py for tasks to queue
[2025-06-01T18:25:19.716+0200] {logging_mixin.py:154} INFO - [2025-06-01T18:25:19.715+0200] {dagbag.py:536} INFO - Filling up the DagBag from /home/lohit/miniconda3/envs/airflow-env/lib/python3.8/site-packages/airflow/example_dags/example_dynamic_task_mapping.py
[2025-06-01T18:25:19.722+0200] {processor.py:839} INFO - DAG(s) dict_keys(['example_dynamic_task_mapping']) retrieved from /home/lohit/miniconda3/envs/airflow-env/lib/python3.8/site-packages/airflow/example_dags/example_dynamic_task_mapping.py
[2025-06-01T18:25:19.732+0200] {logging_mixin.py:154} INFO - [2025-06-01T18:25:19.732+0200] {dag.py:2941} INFO - Sync 1 DAGs
[2025-06-01T18:25:19.745+0200] {logging_mixin.py:154} INFO - [2025-06-01T18:25:19.745+0200] {dag.py:3722} INFO - Setting next_dagrun for example_dynamic_task_mapping to 2022-03-04T00:00:00+00:00, run_after=2022-03-05T00:00:00+00:00
[2025-06-01T18:25:19.764+0200] {processor.py:179} INFO - Processing /home/lohit/miniconda3/envs/airflow-env/lib/python3.8/site-packages/airflow/example_dags/example_dynamic_task_mapping.py took 0.055 seconds
[2025-06-01T18:26:06.057+0200] {processor.py:157} INFO - Started process (PID=30111) to work on /home/lohit/miniconda3/envs/airflow-env/lib/python3.8/site-packages/airflow/example_dags/example_dynamic_task_mapping.py
[2025-06-01T18:26:06.061+0200] {processor.py:829} INFO - Processing file /home/lohit/miniconda3/envs/airflow-env/lib/python3.8/site-packages/airflow/example_dags/example_dynamic_task_mapping.py for tasks to queue
[2025-06-01T18:26:06.061+0200] {logging_mixin.py:154} INFO - [2025-06-01T18:26:06.061+0200] {dagbag.py:536} INFO - Filling up the DagBag from /home/lohit/miniconda3/envs/airflow-env/lib/python3.8/site-packages/airflow/example_dags/example_dynamic_task_mapping.py
[2025-06-01T18:26:06.067+0200] {processor.py:839} INFO - DAG(s) dict_keys(['example_dynamic_task_mapping']) retrieved from /home/lohit/miniconda3/envs/airflow-env/lib/python3.8/site-packages/airflow/example_dags/example_dynamic_task_mapping.py
[2025-06-01T18:26:06.078+0200] {logging_mixin.py:154} INFO - [2025-06-01T18:26:06.078+0200] {dag.py:2941} INFO - Sync 1 DAGs
[2025-06-01T18:26:06.089+0200] {logging_mixin.py:154} INFO - [2025-06-01T18:26:06.089+0200] {dag.py:3722} INFO - Setting next_dagrun for example_dynamic_task_mapping to 2022-03-04T00:00:00+00:00, run_after=2022-03-05T00:00:00+00:00
[2025-06-01T18:26:06.106+0200] {processor.py:179} INFO - Processing /home/lohit/miniconda3/envs/airflow-env/lib/python3.8/site-packages/airflow/example_dags/example_dynamic_task_mapping.py took 0.051 seconds
[2025-06-01T18:26:53.831+0200] {processor.py:157} INFO - Started process (PID=30181) to work on /home/lohit/miniconda3/envs/airflow-env/lib/python3.8/site-packages/airflow/example_dags/example_dynamic_task_mapping.py
[2025-06-01T18:26:53.835+0200] {processor.py:829} INFO - Processing file /home/lohit/miniconda3/envs/airflow-env/lib/python3.8/site-packages/airflow/example_dags/example_dynamic_task_mapping.py for tasks to queue
[2025-06-01T18:26:53.835+0200] {logging_mixin.py:154} INFO - [2025-06-01T18:26:53.835+0200] {dagbag.py:536} INFO - Filling up the DagBag from /home/lohit/miniconda3/envs/airflow-env/lib/python3.8/site-packages/airflow/example_dags/example_dynamic_task_mapping.py
[2025-06-01T18:26:53.840+0200] {processor.py:839} INFO - DAG(s) dict_keys(['example_dynamic_task_mapping']) retrieved from /home/lohit/miniconda3/envs/airflow-env/lib/python3.8/site-packages/airflow/example_dags/example_dynamic_task_mapping.py
[2025-06-01T18:26:53.851+0200] {logging_mixin.py:154} INFO - [2025-06-01T18:26:53.851+0200] {dag.py:2941} INFO - Sync 1 DAGs
[2025-06-01T18:26:53.864+0200] {logging_mixin.py:154} INFO - [2025-06-01T18:26:53.864+0200] {dag.py:3722} INFO - Setting next_dagrun for example_dynamic_task_mapping to 2022-03-04T00:00:00+00:00, run_after=2022-03-05T00:00:00+00:00
[2025-06-01T18:26:53.880+0200] {processor.py:179} INFO - Processing /home/lohit/miniconda3/envs/airflow-env/lib/python3.8/site-packages/airflow/example_dags/example_dynamic_task_mapping.py took 0.052 seconds
[2025-06-01T18:27:37.429+0200] {processor.py:157} INFO - Started process (PID=30249) to work on /home/lohit/miniconda3/envs/airflow-env/lib/python3.8/site-packages/airflow/example_dags/example_dynamic_task_mapping.py
[2025-06-01T18:27:37.433+0200] {processor.py:829} INFO - Processing file /home/lohit/miniconda3/envs/airflow-env/lib/python3.8/site-packages/airflow/example_dags/example_dynamic_task_mapping.py for tasks to queue
[2025-06-01T18:27:37.433+0200] {logging_mixin.py:154} INFO - [2025-06-01T18:27:37.433+0200] {dagbag.py:536} INFO - Filling up the DagBag from /home/lohit/miniconda3/envs/airflow-env/lib/python3.8/site-packages/airflow/example_dags/example_dynamic_task_mapping.py
[2025-06-01T18:27:37.438+0200] {processor.py:839} INFO - DAG(s) dict_keys(['example_dynamic_task_mapping']) retrieved from /home/lohit/miniconda3/envs/airflow-env/lib/python3.8/site-packages/airflow/example_dags/example_dynamic_task_mapping.py
[2025-06-01T18:27:37.449+0200] {logging_mixin.py:154} INFO - [2025-06-01T18:27:37.449+0200] {dag.py:2941} INFO - Sync 1 DAGs
[2025-06-01T18:27:37.462+0200] {logging_mixin.py:154} INFO - [2025-06-01T18:27:37.462+0200] {dag.py:3722} INFO - Setting next_dagrun for example_dynamic_task_mapping to 2022-03-04T00:00:00+00:00, run_after=2022-03-05T00:00:00+00:00
[2025-06-01T18:27:37.479+0200] {processor.py:179} INFO - Processing /home/lohit/miniconda3/envs/airflow-env/lib/python3.8/site-packages/airflow/example_dags/example_dynamic_task_mapping.py took 0.052 seconds
[2025-06-01T18:28:27.379+0200] {processor.py:157} INFO - Started process (PID=30320) to work on /home/lohit/miniconda3/envs/airflow-env/lib/python3.8/site-packages/airflow/example_dags/example_dynamic_task_mapping.py
[2025-06-01T18:28:27.382+0200] {processor.py:829} INFO - Processing file /home/lohit/miniconda3/envs/airflow-env/lib/python3.8/site-packages/airflow/example_dags/example_dynamic_task_mapping.py for tasks to queue
[2025-06-01T18:28:27.383+0200] {logging_mixin.py:154} INFO - [2025-06-01T18:28:27.383+0200] {dagbag.py:536} INFO - Filling up the DagBag from /home/lohit/miniconda3/envs/airflow-env/lib/python3.8/site-packages/airflow/example_dags/example_dynamic_task_mapping.py
[2025-06-01T18:28:27.388+0200] {processor.py:839} INFO - DAG(s) dict_keys(['example_dynamic_task_mapping']) retrieved from /home/lohit/miniconda3/envs/airflow-env/lib/python3.8/site-packages/airflow/example_dags/example_dynamic_task_mapping.py
[2025-06-01T18:28:27.400+0200] {logging_mixin.py:154} INFO - [2025-06-01T18:28:27.400+0200] {dag.py:2941} INFO - Sync 1 DAGs
[2025-06-01T18:28:27.413+0200] {logging_mixin.py:154} INFO - [2025-06-01T18:28:27.412+0200] {dag.py:3722} INFO - Setting next_dagrun for example_dynamic_task_mapping to 2022-03-04T00:00:00+00:00, run_after=2022-03-05T00:00:00+00:00
[2025-06-01T18:28:27.429+0200] {processor.py:179} INFO - Processing /home/lohit/miniconda3/envs/airflow-env/lib/python3.8/site-packages/airflow/example_dags/example_dynamic_task_mapping.py took 0.052 seconds
[2025-06-01T18:29:12.435+0200] {processor.py:157} INFO - Started process (PID=30390) to work on /home/lohit/miniconda3/envs/airflow-env/lib/python3.8/site-packages/airflow/example_dags/example_dynamic_task_mapping.py
[2025-06-01T18:29:12.439+0200] {processor.py:829} INFO - Processing file /home/lohit/miniconda3/envs/airflow-env/lib/python3.8/site-packages/airflow/example_dags/example_dynamic_task_mapping.py for tasks to queue
[2025-06-01T18:29:12.439+0200] {logging_mixin.py:154} INFO - [2025-06-01T18:29:12.439+0200] {dagbag.py:536} INFO - Filling up the DagBag from /home/lohit/miniconda3/envs/airflow-env/lib/python3.8/site-packages/airflow/example_dags/example_dynamic_task_mapping.py
[2025-06-01T18:29:12.444+0200] {processor.py:839} INFO - DAG(s) dict_keys(['example_dynamic_task_mapping']) retrieved from /home/lohit/miniconda3/envs/airflow-env/lib/python3.8/site-packages/airflow/example_dags/example_dynamic_task_mapping.py
[2025-06-01T18:29:12.454+0200] {logging_mixin.py:154} INFO - [2025-06-01T18:29:12.454+0200] {dag.py:2941} INFO - Sync 1 DAGs
[2025-06-01T18:29:12.466+0200] {logging_mixin.py:154} INFO - [2025-06-01T18:29:12.466+0200] {dag.py:3722} INFO - Setting next_dagrun for example_dynamic_task_mapping to 2022-03-04T00:00:00+00:00, run_after=2022-03-05T00:00:00+00:00
[2025-06-01T18:29:12.486+0200] {processor.py:179} INFO - Processing /home/lohit/miniconda3/envs/airflow-env/lib/python3.8/site-packages/airflow/example_dags/example_dynamic_task_mapping.py took 0.053 seconds
[2025-06-01T18:29:57.572+0200] {processor.py:157} INFO - Started process (PID=30457) to work on /home/lohit/miniconda3/envs/airflow-env/lib/python3.8/site-packages/airflow/example_dags/example_dynamic_task_mapping.py
[2025-06-01T18:29:57.573+0200] {processor.py:829} INFO - Processing file /home/lohit/miniconda3/envs/airflow-env/lib/python3.8/site-packages/airflow/example_dags/example_dynamic_task_mapping.py for tasks to queue
[2025-06-01T18:29:57.574+0200] {logging_mixin.py:154} INFO - [2025-06-01T18:29:57.573+0200] {dagbag.py:536} INFO - Filling up the DagBag from /home/lohit/miniconda3/envs/airflow-env/lib/python3.8/site-packages/airflow/example_dags/example_dynamic_task_mapping.py
[2025-06-01T18:29:57.579+0200] {processor.py:839} INFO - DAG(s) dict_keys(['example_dynamic_task_mapping']) retrieved from /home/lohit/miniconda3/envs/airflow-env/lib/python3.8/site-packages/airflow/example_dags/example_dynamic_task_mapping.py
[2025-06-01T18:29:57.590+0200] {logging_mixin.py:154} INFO - [2025-06-01T18:29:57.590+0200] {dag.py:2941} INFO - Sync 1 DAGs
[2025-06-01T18:29:57.602+0200] {logging_mixin.py:154} INFO - [2025-06-01T18:29:57.602+0200] {dag.py:3722} INFO - Setting next_dagrun for example_dynamic_task_mapping to 2022-03-04T00:00:00+00:00, run_after=2022-03-05T00:00:00+00:00
[2025-06-01T18:29:57.619+0200] {processor.py:179} INFO - Processing /home/lohit/miniconda3/envs/airflow-env/lib/python3.8/site-packages/airflow/example_dags/example_dynamic_task_mapping.py took 0.050 seconds
[2025-06-01T18:30:40.865+0200] {processor.py:157} INFO - Started process (PID=30525) to work on /home/lohit/miniconda3/envs/airflow-env/lib/python3.8/site-packages/airflow/example_dags/example_dynamic_task_mapping.py
[2025-06-01T18:30:40.869+0200] {processor.py:829} INFO - Processing file /home/lohit/miniconda3/envs/airflow-env/lib/python3.8/site-packages/airflow/example_dags/example_dynamic_task_mapping.py for tasks to queue
[2025-06-01T18:30:40.869+0200] {logging_mixin.py:154} INFO - [2025-06-01T18:30:40.869+0200] {dagbag.py:536} INFO - Filling up the DagBag from /home/lohit/miniconda3/envs/airflow-env/lib/python3.8/site-packages/airflow/example_dags/example_dynamic_task_mapping.py
[2025-06-01T18:30:40.875+0200] {processor.py:839} INFO - DAG(s) dict_keys(['example_dynamic_task_mapping']) retrieved from /home/lohit/miniconda3/envs/airflow-env/lib/python3.8/site-packages/airflow/example_dags/example_dynamic_task_mapping.py
[2025-06-01T18:30:40.885+0200] {logging_mixin.py:154} INFO - [2025-06-01T18:30:40.885+0200] {dag.py:2941} INFO - Sync 1 DAGs
[2025-06-01T18:30:40.898+0200] {logging_mixin.py:154} INFO - [2025-06-01T18:30:40.898+0200] {dag.py:3722} INFO - Setting next_dagrun for example_dynamic_task_mapping to 2022-03-04T00:00:00+00:00, run_after=2022-03-05T00:00:00+00:00
[2025-06-01T18:30:40.917+0200] {processor.py:179} INFO - Processing /home/lohit/miniconda3/envs/airflow-env/lib/python3.8/site-packages/airflow/example_dags/example_dynamic_task_mapping.py took 0.054 seconds
[2025-06-01T18:31:27.077+0200] {processor.py:157} INFO - Started process (PID=30595) to work on /home/lohit/miniconda3/envs/airflow-env/lib/python3.8/site-packages/airflow/example_dags/example_dynamic_task_mapping.py
[2025-06-01T18:31:27.080+0200] {processor.py:829} INFO - Processing file /home/lohit/miniconda3/envs/airflow-env/lib/python3.8/site-packages/airflow/example_dags/example_dynamic_task_mapping.py for tasks to queue
[2025-06-01T18:31:27.081+0200] {logging_mixin.py:154} INFO - [2025-06-01T18:31:27.081+0200] {dagbag.py:536} INFO - Filling up the DagBag from /home/lohit/miniconda3/envs/airflow-env/lib/python3.8/site-packages/airflow/example_dags/example_dynamic_task_mapping.py
[2025-06-01T18:31:27.086+0200] {processor.py:839} INFO - DAG(s) dict_keys(['example_dynamic_task_mapping']) retrieved from /home/lohit/miniconda3/envs/airflow-env/lib/python3.8/site-packages/airflow/example_dags/example_dynamic_task_mapping.py
[2025-06-01T18:31:27.098+0200] {logging_mixin.py:154} INFO - [2025-06-01T18:31:27.097+0200] {dag.py:2941} INFO - Sync 1 DAGs
[2025-06-01T18:31:27.110+0200] {logging_mixin.py:154} INFO - [2025-06-01T18:31:27.110+0200] {dag.py:3722} INFO - Setting next_dagrun for example_dynamic_task_mapping to 2022-03-04T00:00:00+00:00, run_after=2022-03-05T00:00:00+00:00
[2025-06-01T18:31:27.125+0200] {processor.py:179} INFO - Processing /home/lohit/miniconda3/envs/airflow-env/lib/python3.8/site-packages/airflow/example_dags/example_dynamic_task_mapping.py took 0.050 seconds
[2025-06-01T18:32:10.868+0200] {processor.py:157} INFO - Started process (PID=30663) to work on /home/lohit/miniconda3/envs/airflow-env/lib/python3.8/site-packages/airflow/example_dags/example_dynamic_task_mapping.py
[2025-06-01T18:32:10.872+0200] {processor.py:829} INFO - Processing file /home/lohit/miniconda3/envs/airflow-env/lib/python3.8/site-packages/airflow/example_dags/example_dynamic_task_mapping.py for tasks to queue
[2025-06-01T18:32:10.872+0200] {logging_mixin.py:154} INFO - [2025-06-01T18:32:10.872+0200] {dagbag.py:536} INFO - Filling up the DagBag from /home/lohit/miniconda3/envs/airflow-env/lib/python3.8/site-packages/airflow/example_dags/example_dynamic_task_mapping.py
[2025-06-01T18:32:10.877+0200] {processor.py:839} INFO - DAG(s) dict_keys(['example_dynamic_task_mapping']) retrieved from /home/lohit/miniconda3/envs/airflow-env/lib/python3.8/site-packages/airflow/example_dags/example_dynamic_task_mapping.py
[2025-06-01T18:32:10.887+0200] {logging_mixin.py:154} INFO - [2025-06-01T18:32:10.887+0200] {dag.py:2941} INFO - Sync 1 DAGs
[2025-06-01T18:32:10.898+0200] {logging_mixin.py:154} INFO - [2025-06-01T18:32:10.898+0200] {dag.py:3722} INFO - Setting next_dagrun for example_dynamic_task_mapping to 2022-03-04T00:00:00+00:00, run_after=2022-03-05T00:00:00+00:00
[2025-06-01T18:32:10.914+0200] {processor.py:179} INFO - Processing /home/lohit/miniconda3/envs/airflow-env/lib/python3.8/site-packages/airflow/example_dags/example_dynamic_task_mapping.py took 0.047 seconds
[2025-06-01T18:32:57.803+0200] {processor.py:157} INFO - Started process (PID=30733) to work on /home/lohit/miniconda3/envs/airflow-env/lib/python3.8/site-packages/airflow/example_dags/example_dynamic_task_mapping.py
[2025-06-01T18:32:57.806+0200] {processor.py:829} INFO - Processing file /home/lohit/miniconda3/envs/airflow-env/lib/python3.8/site-packages/airflow/example_dags/example_dynamic_task_mapping.py for tasks to queue
[2025-06-01T18:32:57.806+0200] {logging_mixin.py:154} INFO - [2025-06-01T18:32:57.806+0200] {dagbag.py:536} INFO - Filling up the DagBag from /home/lohit/miniconda3/envs/airflow-env/lib/python3.8/site-packages/airflow/example_dags/example_dynamic_task_mapping.py
[2025-06-01T18:32:57.811+0200] {processor.py:839} INFO - DAG(s) dict_keys(['example_dynamic_task_mapping']) retrieved from /home/lohit/miniconda3/envs/airflow-env/lib/python3.8/site-packages/airflow/example_dags/example_dynamic_task_mapping.py
[2025-06-01T18:32:57.821+0200] {logging_mixin.py:154} INFO - [2025-06-01T18:32:57.821+0200] {dag.py:2941} INFO - Sync 1 DAGs
[2025-06-01T18:32:57.832+0200] {logging_mixin.py:154} INFO - [2025-06-01T18:32:57.832+0200] {dag.py:3722} INFO - Setting next_dagrun for example_dynamic_task_mapping to 2022-03-04T00:00:00+00:00, run_after=2022-03-05T00:00:00+00:00
[2025-06-01T18:32:57.847+0200] {processor.py:179} INFO - Processing /home/lohit/miniconda3/envs/airflow-env/lib/python3.8/site-packages/airflow/example_dags/example_dynamic_task_mapping.py took 0.047 seconds
[2025-06-01T18:33:53.187+0200] {processor.py:157} INFO - Started process (PID=30811) to work on /home/lohit/miniconda3/envs/airflow-env/lib/python3.8/site-packages/airflow/example_dags/example_dynamic_task_mapping.py
[2025-06-01T18:33:53.190+0200] {processor.py:829} INFO - Processing file /home/lohit/miniconda3/envs/airflow-env/lib/python3.8/site-packages/airflow/example_dags/example_dynamic_task_mapping.py for tasks to queue
[2025-06-01T18:33:53.191+0200] {logging_mixin.py:154} INFO - [2025-06-01T18:33:53.191+0200] {dagbag.py:536} INFO - Filling up the DagBag from /home/lohit/miniconda3/envs/airflow-env/lib/python3.8/site-packages/airflow/example_dags/example_dynamic_task_mapping.py
[2025-06-01T18:33:53.196+0200] {processor.py:839} INFO - DAG(s) dict_keys(['example_dynamic_task_mapping']) retrieved from /home/lohit/miniconda3/envs/airflow-env/lib/python3.8/site-packages/airflow/example_dags/example_dynamic_task_mapping.py
[2025-06-01T18:33:53.205+0200] {logging_mixin.py:154} INFO - [2025-06-01T18:33:53.205+0200] {dag.py:2941} INFO - Sync 1 DAGs
[2025-06-01T18:33:53.218+0200] {logging_mixin.py:154} INFO - [2025-06-01T18:33:53.217+0200] {dag.py:3722} INFO - Setting next_dagrun for example_dynamic_task_mapping to 2022-03-04T00:00:00+00:00, run_after=2022-03-05T00:00:00+00:00
[2025-06-01T18:33:53.233+0200] {processor.py:179} INFO - Processing /home/lohit/miniconda3/envs/airflow-env/lib/python3.8/site-packages/airflow/example_dags/example_dynamic_task_mapping.py took 0.049 seconds
[2025-06-01T18:34:42.392+0200] {processor.py:157} INFO - Started process (PID=31598) to work on /home/lohit/miniconda3/envs/airflow-env/lib/python3.8/site-packages/airflow/example_dags/example_dynamic_task_mapping.py
[2025-06-01T18:34:42.395+0200] {processor.py:829} INFO - Processing file /home/lohit/miniconda3/envs/airflow-env/lib/python3.8/site-packages/airflow/example_dags/example_dynamic_task_mapping.py for tasks to queue
[2025-06-01T18:34:42.395+0200] {logging_mixin.py:154} INFO - [2025-06-01T18:34:42.395+0200] {dagbag.py:536} INFO - Filling up the DagBag from /home/lohit/miniconda3/envs/airflow-env/lib/python3.8/site-packages/airflow/example_dags/example_dynamic_task_mapping.py
[2025-06-01T18:34:42.400+0200] {processor.py:839} INFO - DAG(s) dict_keys(['example_dynamic_task_mapping']) retrieved from /home/lohit/miniconda3/envs/airflow-env/lib/python3.8/site-packages/airflow/example_dags/example_dynamic_task_mapping.py
[2025-06-01T18:34:42.410+0200] {logging_mixin.py:154} INFO - [2025-06-01T18:34:42.410+0200] {dag.py:2941} INFO - Sync 1 DAGs
[2025-06-01T18:34:42.423+0200] {logging_mixin.py:154} INFO - [2025-06-01T18:34:42.422+0200] {dag.py:3722} INFO - Setting next_dagrun for example_dynamic_task_mapping to 2022-03-04T00:00:00+00:00, run_after=2022-03-05T00:00:00+00:00
[2025-06-01T18:34:42.440+0200] {processor.py:179} INFO - Processing /home/lohit/miniconda3/envs/airflow-env/lib/python3.8/site-packages/airflow/example_dags/example_dynamic_task_mapping.py took 0.050 seconds
[2025-06-01T18:35:28.912+0200] {processor.py:157} INFO - Started process (PID=31667) to work on /home/lohit/miniconda3/envs/airflow-env/lib/python3.8/site-packages/airflow/example_dags/example_dynamic_task_mapping.py
[2025-06-01T18:35:28.913+0200] {processor.py:829} INFO - Processing file /home/lohit/miniconda3/envs/airflow-env/lib/python3.8/site-packages/airflow/example_dags/example_dynamic_task_mapping.py for tasks to queue
[2025-06-01T18:35:28.913+0200] {logging_mixin.py:154} INFO - [2025-06-01T18:35:28.913+0200] {dagbag.py:536} INFO - Filling up the DagBag from /home/lohit/miniconda3/envs/airflow-env/lib/python3.8/site-packages/airflow/example_dags/example_dynamic_task_mapping.py
[2025-06-01T18:35:28.920+0200] {processor.py:839} INFO - DAG(s) dict_keys(['example_dynamic_task_mapping']) retrieved from /home/lohit/miniconda3/envs/airflow-env/lib/python3.8/site-packages/airflow/example_dags/example_dynamic_task_mapping.py
[2025-06-01T18:35:28.934+0200] {logging_mixin.py:154} INFO - [2025-06-01T18:35:28.934+0200] {dag.py:2941} INFO - Sync 1 DAGs
[2025-06-01T18:35:28.946+0200] {logging_mixin.py:154} INFO - [2025-06-01T18:35:28.946+0200] {dag.py:3722} INFO - Setting next_dagrun for example_dynamic_task_mapping to 2022-03-04T00:00:00+00:00, run_after=2022-03-05T00:00:00+00:00
[2025-06-01T18:35:28.962+0200] {processor.py:179} INFO - Processing /home/lohit/miniconda3/envs/airflow-env/lib/python3.8/site-packages/airflow/example_dags/example_dynamic_task_mapping.py took 0.052 seconds
