[2025-06-01T17:51:58.295+0200] {processor.py:157} INFO - Started process (PID=26833) to work on /home/lohit/miniconda3/envs/airflow-env/lib/python3.8/site-packages/airflow/example_dags/example_latest_only_with_trigger.py
[2025-06-01T17:51:58.296+0200] {processor.py:829} INFO - Processing file /home/lohit/miniconda3/envs/airflow-env/lib/python3.8/site-packages/airflow/example_dags/example_latest_only_with_trigger.py for tasks to queue
[2025-06-01T17:51:58.296+0200] {logging_mixin.py:154} INFO - [2025-06-01T17:51:58.296+0200] {dagbag.py:536} INFO - Filling up the DagBag from /home/lohit/miniconda3/envs/airflow-env/lib/python3.8/site-packages/airflow/example_dags/example_latest_only_with_trigger.py
[2025-06-01T17:51:58.300+0200] {processor.py:839} INFO - DAG(s) dict_keys(['latest_only_with_trigger']) retrieved from /home/lohit/miniconda3/envs/airflow-env/lib/python3.8/site-packages/airflow/example_dags/example_latest_only_with_trigger.py
[2025-06-01T17:51:58.310+0200] {logging_mixin.py:154} INFO - [2025-06-01T17:51:58.309+0200] {dag.py:2941} INFO - Sync 1 DAGs
[2025-06-01T17:51:58.319+0200] {logging_mixin.py:154} INFO - [2025-06-01T17:51:58.319+0200] {dag.py:3722} INFO - Setting next_dagrun for latest_only_with_trigger to 2025-06-01T11:51:58.319651+00:00, run_after=2025-06-01T15:51:58.319651+00:00
[2025-06-01T17:51:58.334+0200] {processor.py:179} INFO - Processing /home/lohit/miniconda3/envs/airflow-env/lib/python3.8/site-packages/airflow/example_dags/example_latest_only_with_trigger.py took 0.041 seconds
[2025-06-01T17:53:26.145+0200] {processor.py:157} INFO - Started process (PID=27122) to work on /home/lohit/miniconda3/envs/airflow-env/lib/python3.8/site-packages/airflow/example_dags/example_latest_only_with_trigger.py
[2025-06-01T17:53:26.149+0200] {processor.py:829} INFO - Processing file /home/lohit/miniconda3/envs/airflow-env/lib/python3.8/site-packages/airflow/example_dags/example_latest_only_with_trigger.py for tasks to queue
[2025-06-01T17:53:26.149+0200] {logging_mixin.py:154} INFO - [2025-06-01T17:53:26.149+0200] {dagbag.py:536} INFO - Filling up the DagBag from /home/lohit/miniconda3/envs/airflow-env/lib/python3.8/site-packages/airflow/example_dags/example_latest_only_with_trigger.py
[2025-06-01T17:53:26.155+0200] {processor.py:839} INFO - DAG(s) dict_keys(['latest_only_with_trigger']) retrieved from /home/lohit/miniconda3/envs/airflow-env/lib/python3.8/site-packages/airflow/example_dags/example_latest_only_with_trigger.py
[2025-06-01T17:53:26.164+0200] {logging_mixin.py:154} INFO - [2025-06-01T17:53:26.164+0200] {dag.py:2941} INFO - Sync 1 DAGs
[2025-06-01T17:53:26.175+0200] {logging_mixin.py:154} INFO - [2025-06-01T17:53:26.174+0200] {dag.py:3722} INFO - Setting next_dagrun for latest_only_with_trigger to 2025-06-01T11:53:26.174730+00:00, run_after=2025-06-01T15:53:26.174730+00:00
[2025-06-01T17:53:26.190+0200] {processor.py:179} INFO - Processing /home/lohit/miniconda3/envs/airflow-env/lib/python3.8/site-packages/airflow/example_dags/example_latest_only_with_trigger.py took 0.047 seconds
[2025-06-01T17:54:11.355+0200] {processor.py:157} INFO - Started process (PID=27190) to work on /home/lohit/miniconda3/envs/airflow-env/lib/python3.8/site-packages/airflow/example_dags/example_latest_only_with_trigger.py
[2025-06-01T17:54:11.356+0200] {processor.py:829} INFO - Processing file /home/lohit/miniconda3/envs/airflow-env/lib/python3.8/site-packages/airflow/example_dags/example_latest_only_with_trigger.py for tasks to queue
[2025-06-01T17:54:11.357+0200] {logging_mixin.py:154} INFO - [2025-06-01T17:54:11.357+0200] {dagbag.py:536} INFO - Filling up the DagBag from /home/lohit/miniconda3/envs/airflow-env/lib/python3.8/site-packages/airflow/example_dags/example_latest_only_with_trigger.py
[2025-06-01T17:54:11.361+0200] {processor.py:839} INFO - DAG(s) dict_keys(['latest_only_with_trigger']) retrieved from /home/lohit/miniconda3/envs/airflow-env/lib/python3.8/site-packages/airflow/example_dags/example_latest_only_with_trigger.py
[2025-06-01T17:54:11.371+0200] {logging_mixin.py:154} INFO - [2025-06-01T17:54:11.371+0200] {dag.py:2941} INFO - Sync 1 DAGs
[2025-06-01T17:54:11.385+0200] {logging_mixin.py:154} INFO - [2025-06-01T17:54:11.385+0200] {dag.py:3722} INFO - Setting next_dagrun for latest_only_with_trigger to 2025-06-01T11:54:11.385013+00:00, run_after=2025-06-01T15:54:11.385013+00:00
[2025-06-01T17:54:11.400+0200] {processor.py:179} INFO - Processing /home/lohit/miniconda3/envs/airflow-env/lib/python3.8/site-packages/airflow/example_dags/example_latest_only_with_trigger.py took 0.047 seconds
[2025-06-01T17:54:54.202+0200] {processor.py:157} INFO - Started process (PID=27256) to work on /home/lohit/miniconda3/envs/airflow-env/lib/python3.8/site-packages/airflow/example_dags/example_latest_only_with_trigger.py
[2025-06-01T17:54:54.203+0200] {processor.py:829} INFO - Processing file /home/lohit/miniconda3/envs/airflow-env/lib/python3.8/site-packages/airflow/example_dags/example_latest_only_with_trigger.py for tasks to queue
[2025-06-01T17:54:54.204+0200] {logging_mixin.py:154} INFO - [2025-06-01T17:54:54.204+0200] {dagbag.py:536} INFO - Filling up the DagBag from /home/lohit/miniconda3/envs/airflow-env/lib/python3.8/site-packages/airflow/example_dags/example_latest_only_with_trigger.py
[2025-06-01T17:54:54.208+0200] {processor.py:839} INFO - DAG(s) dict_keys(['latest_only_with_trigger']) retrieved from /home/lohit/miniconda3/envs/airflow-env/lib/python3.8/site-packages/airflow/example_dags/example_latest_only_with_trigger.py
[2025-06-01T17:54:54.220+0200] {logging_mixin.py:154} INFO - [2025-06-01T17:54:54.219+0200] {dag.py:2941} INFO - Sync 1 DAGs
[2025-06-01T17:54:54.231+0200] {logging_mixin.py:154} INFO - [2025-06-01T17:54:54.231+0200] {dag.py:3722} INFO - Setting next_dagrun for latest_only_with_trigger to 2025-06-01T11:54:54.231412+00:00, run_after=2025-06-01T15:54:54.231412+00:00
[2025-06-01T17:54:54.250+0200] {processor.py:179} INFO - Processing /home/lohit/miniconda3/envs/airflow-env/lib/python3.8/site-packages/airflow/example_dags/example_latest_only_with_trigger.py took 0.050 seconds
[2025-06-01T17:55:43.160+0200] {processor.py:157} INFO - Started process (PID=27326) to work on /home/lohit/miniconda3/envs/airflow-env/lib/python3.8/site-packages/airflow/example_dags/example_latest_only_with_trigger.py
[2025-06-01T17:55:43.162+0200] {processor.py:829} INFO - Processing file /home/lohit/miniconda3/envs/airflow-env/lib/python3.8/site-packages/airflow/example_dags/example_latest_only_with_trigger.py for tasks to queue
[2025-06-01T17:55:43.162+0200] {logging_mixin.py:154} INFO - [2025-06-01T17:55:43.162+0200] {dagbag.py:536} INFO - Filling up the DagBag from /home/lohit/miniconda3/envs/airflow-env/lib/python3.8/site-packages/airflow/example_dags/example_latest_only_with_trigger.py
[2025-06-01T17:55:43.166+0200] {processor.py:839} INFO - DAG(s) dict_keys(['latest_only_with_trigger']) retrieved from /home/lohit/miniconda3/envs/airflow-env/lib/python3.8/site-packages/airflow/example_dags/example_latest_only_with_trigger.py
[2025-06-01T17:55:43.175+0200] {logging_mixin.py:154} INFO - [2025-06-01T17:55:43.175+0200] {dag.py:2941} INFO - Sync 1 DAGs
[2025-06-01T17:55:43.186+0200] {logging_mixin.py:154} INFO - [2025-06-01T17:55:43.186+0200] {dag.py:3722} INFO - Setting next_dagrun for latest_only_with_trigger to 2025-06-01T11:55:43.186578+00:00, run_after=2025-06-01T15:55:43.186578+00:00
[2025-06-01T17:55:43.202+0200] {processor.py:179} INFO - Processing /home/lohit/miniconda3/envs/airflow-env/lib/python3.8/site-packages/airflow/example_dags/example_latest_only_with_trigger.py took 0.044 seconds
[2025-06-01T17:56:27.757+0200] {processor.py:157} INFO - Started process (PID=27396) to work on /home/lohit/miniconda3/envs/airflow-env/lib/python3.8/site-packages/airflow/example_dags/example_latest_only_with_trigger.py
[2025-06-01T17:56:27.760+0200] {processor.py:829} INFO - Processing file /home/lohit/miniconda3/envs/airflow-env/lib/python3.8/site-packages/airflow/example_dags/example_latest_only_with_trigger.py for tasks to queue
[2025-06-01T17:56:27.761+0200] {logging_mixin.py:154} INFO - [2025-06-01T17:56:27.760+0200] {dagbag.py:536} INFO - Filling up the DagBag from /home/lohit/miniconda3/envs/airflow-env/lib/python3.8/site-packages/airflow/example_dags/example_latest_only_with_trigger.py
[2025-06-01T17:56:27.765+0200] {processor.py:839} INFO - DAG(s) dict_keys(['latest_only_with_trigger']) retrieved from /home/lohit/miniconda3/envs/airflow-env/lib/python3.8/site-packages/airflow/example_dags/example_latest_only_with_trigger.py
[2025-06-01T17:56:27.776+0200] {logging_mixin.py:154} INFO - [2025-06-01T17:56:27.775+0200] {dag.py:2941} INFO - Sync 1 DAGs
[2025-06-01T17:56:27.787+0200] {logging_mixin.py:154} INFO - [2025-06-01T17:56:27.786+0200] {dag.py:3722} INFO - Setting next_dagrun for latest_only_with_trigger to 2025-06-01T11:56:27.786691+00:00, run_after=2025-06-01T15:56:27.786691+00:00
[2025-06-01T17:56:27.803+0200] {processor.py:179} INFO - Processing /home/lohit/miniconda3/envs/airflow-env/lib/python3.8/site-packages/airflow/example_dags/example_latest_only_with_trigger.py took 0.048 seconds
[2025-06-01T17:57:04.218+0200] {processor.py:157} INFO - Started process (PID=27433) to work on /home/lohit/miniconda3/envs/airflow-env/lib/python3.8/site-packages/airflow/example_dags/example_latest_only_with_trigger.py
[2025-06-01T17:57:04.219+0200] {processor.py:829} INFO - Processing file /home/lohit/miniconda3/envs/airflow-env/lib/python3.8/site-packages/airflow/example_dags/example_latest_only_with_trigger.py for tasks to queue
[2025-06-01T17:57:04.220+0200] {logging_mixin.py:154} INFO - [2025-06-01T17:57:04.220+0200] {dagbag.py:536} INFO - Filling up the DagBag from /home/lohit/miniconda3/envs/airflow-env/lib/python3.8/site-packages/airflow/example_dags/example_latest_only_with_trigger.py
[2025-06-01T17:57:04.224+0200] {processor.py:839} INFO - DAG(s) dict_keys(['latest_only_with_trigger']) retrieved from /home/lohit/miniconda3/envs/airflow-env/lib/python3.8/site-packages/airflow/example_dags/example_latest_only_with_trigger.py
[2025-06-01T17:57:04.233+0200] {logging_mixin.py:154} INFO - [2025-06-01T17:57:04.233+0200] {dag.py:2941} INFO - Sync 1 DAGs
[2025-06-01T17:57:04.243+0200] {logging_mixin.py:154} INFO - [2025-06-01T17:57:04.243+0200] {dag.py:3722} INFO - Setting next_dagrun for latest_only_with_trigger to 2025-06-01T11:57:04.243171+00:00, run_after=2025-06-01T15:57:04.243171+00:00
[2025-06-01T17:57:04.259+0200] {processor.py:179} INFO - Processing /home/lohit/miniconda3/envs/airflow-env/lib/python3.8/site-packages/airflow/example_dags/example_latest_only_with_trigger.py took 0.043 seconds
[2025-06-01T17:57:48.521+0200] {processor.py:157} INFO - Started process (PID=27501) to work on /home/lohit/miniconda3/envs/airflow-env/lib/python3.8/site-packages/airflow/example_dags/example_latest_only_with_trigger.py
[2025-06-01T17:57:48.525+0200] {processor.py:829} INFO - Processing file /home/lohit/miniconda3/envs/airflow-env/lib/python3.8/site-packages/airflow/example_dags/example_latest_only_with_trigger.py for tasks to queue
[2025-06-01T17:57:48.526+0200] {logging_mixin.py:154} INFO - [2025-06-01T17:57:48.525+0200] {dagbag.py:536} INFO - Filling up the DagBag from /home/lohit/miniconda3/envs/airflow-env/lib/python3.8/site-packages/airflow/example_dags/example_latest_only_with_trigger.py
[2025-06-01T17:57:48.530+0200] {processor.py:839} INFO - DAG(s) dict_keys(['latest_only_with_trigger']) retrieved from /home/lohit/miniconda3/envs/airflow-env/lib/python3.8/site-packages/airflow/example_dags/example_latest_only_with_trigger.py
[2025-06-01T17:57:48.541+0200] {logging_mixin.py:154} INFO - [2025-06-01T17:57:48.541+0200] {dag.py:2941} INFO - Sync 1 DAGs
[2025-06-01T17:57:48.551+0200] {logging_mixin.py:154} INFO - [2025-06-01T17:57:48.551+0200] {dag.py:3722} INFO - Setting next_dagrun for latest_only_with_trigger to 2025-06-01T11:57:48.551742+00:00, run_after=2025-06-01T15:57:48.551742+00:00
[2025-06-01T17:57:48.567+0200] {processor.py:179} INFO - Processing /home/lohit/miniconda3/envs/airflow-env/lib/python3.8/site-packages/airflow/example_dags/example_latest_only_with_trigger.py took 0.048 seconds
[2025-06-01T17:58:36.445+0200] {processor.py:157} INFO - Started process (PID=27571) to work on /home/lohit/miniconda3/envs/airflow-env/lib/python3.8/site-packages/airflow/example_dags/example_latest_only_with_trigger.py
[2025-06-01T17:58:36.447+0200] {processor.py:829} INFO - Processing file /home/lohit/miniconda3/envs/airflow-env/lib/python3.8/site-packages/airflow/example_dags/example_latest_only_with_trigger.py for tasks to queue
[2025-06-01T17:58:36.447+0200] {logging_mixin.py:154} INFO - [2025-06-01T17:58:36.447+0200] {dagbag.py:536} INFO - Filling up the DagBag from /home/lohit/miniconda3/envs/airflow-env/lib/python3.8/site-packages/airflow/example_dags/example_latest_only_with_trigger.py
[2025-06-01T17:58:36.452+0200] {processor.py:839} INFO - DAG(s) dict_keys(['latest_only_with_trigger']) retrieved from /home/lohit/miniconda3/envs/airflow-env/lib/python3.8/site-packages/airflow/example_dags/example_latest_only_with_trigger.py
[2025-06-01T17:58:36.463+0200] {logging_mixin.py:154} INFO - [2025-06-01T17:58:36.462+0200] {dag.py:2941} INFO - Sync 1 DAGs
[2025-06-01T17:58:36.473+0200] {logging_mixin.py:154} INFO - [2025-06-01T17:58:36.473+0200] {dag.py:3722} INFO - Setting next_dagrun for latest_only_with_trigger to 2025-06-01T11:58:36.473391+00:00, run_after=2025-06-01T15:58:36.473391+00:00
[2025-06-01T17:58:36.493+0200] {processor.py:179} INFO - Processing /home/lohit/miniconda3/envs/airflow-env/lib/python3.8/site-packages/airflow/example_dags/example_latest_only_with_trigger.py took 0.050 seconds
[2025-06-01T17:59:20.591+0200] {processor.py:157} INFO - Started process (PID=27639) to work on /home/lohit/miniconda3/envs/airflow-env/lib/python3.8/site-packages/airflow/example_dags/example_latest_only_with_trigger.py
[2025-06-01T17:59:20.595+0200] {processor.py:829} INFO - Processing file /home/lohit/miniconda3/envs/airflow-env/lib/python3.8/site-packages/airflow/example_dags/example_latest_only_with_trigger.py for tasks to queue
[2025-06-01T17:59:20.596+0200] {logging_mixin.py:154} INFO - [2025-06-01T17:59:20.595+0200] {dagbag.py:536} INFO - Filling up the DagBag from /home/lohit/miniconda3/envs/airflow-env/lib/python3.8/site-packages/airflow/example_dags/example_latest_only_with_trigger.py
[2025-06-01T17:59:20.600+0200] {processor.py:839} INFO - DAG(s) dict_keys(['latest_only_with_trigger']) retrieved from /home/lohit/miniconda3/envs/airflow-env/lib/python3.8/site-packages/airflow/example_dags/example_latest_only_with_trigger.py
[2025-06-01T17:59:20.610+0200] {logging_mixin.py:154} INFO - [2025-06-01T17:59:20.610+0200] {dag.py:2941} INFO - Sync 1 DAGs
[2025-06-01T17:59:20.621+0200] {logging_mixin.py:154} INFO - [2025-06-01T17:59:20.621+0200] {dag.py:3722} INFO - Setting next_dagrun for latest_only_with_trigger to 2025-06-01T11:59:20.621127+00:00, run_after=2025-06-01T15:59:20.621127+00:00
[2025-06-01T17:59:20.637+0200] {processor.py:179} INFO - Processing /home/lohit/miniconda3/envs/airflow-env/lib/python3.8/site-packages/airflow/example_dags/example_latest_only_with_trigger.py took 0.048 seconds
[2025-06-01T18:00:05.717+0200] {processor.py:157} INFO - Started process (PID=27707) to work on /home/lohit/miniconda3/envs/airflow-env/lib/python3.8/site-packages/airflow/example_dags/example_latest_only_with_trigger.py
[2025-06-01T18:00:05.721+0200] {processor.py:829} INFO - Processing file /home/lohit/miniconda3/envs/airflow-env/lib/python3.8/site-packages/airflow/example_dags/example_latest_only_with_trigger.py for tasks to queue
[2025-06-01T18:00:05.721+0200] {logging_mixin.py:154} INFO - [2025-06-01T18:00:05.721+0200] {dagbag.py:536} INFO - Filling up the DagBag from /home/lohit/miniconda3/envs/airflow-env/lib/python3.8/site-packages/airflow/example_dags/example_latest_only_with_trigger.py
[2025-06-01T18:00:05.725+0200] {processor.py:839} INFO - DAG(s) dict_keys(['latest_only_with_trigger']) retrieved from /home/lohit/miniconda3/envs/airflow-env/lib/python3.8/site-packages/airflow/example_dags/example_latest_only_with_trigger.py
[2025-06-01T18:00:05.734+0200] {logging_mixin.py:154} INFO - [2025-06-01T18:00:05.734+0200] {dag.py:2941} INFO - Sync 1 DAGs
[2025-06-01T18:00:05.746+0200] {logging_mixin.py:154} INFO - [2025-06-01T18:00:05.746+0200] {dag.py:3722} INFO - Setting next_dagrun for latest_only_with_trigger to 2025-06-01T12:00:05.746372+00:00, run_after=2025-06-01T16:00:05.746372+00:00
[2025-06-01T18:00:05.762+0200] {processor.py:179} INFO - Processing /home/lohit/miniconda3/envs/airflow-env/lib/python3.8/site-packages/airflow/example_dags/example_latest_only_with_trigger.py took 0.046 seconds
[2025-06-01T18:00:39.344+0200] {processor.py:157} INFO - Started process (PID=27763) to work on /home/lohit/miniconda3/envs/airflow-env/lib/python3.8/site-packages/airflow/example_dags/example_latest_only_with_trigger.py
[2025-06-01T18:00:39.347+0200] {processor.py:829} INFO - Processing file /home/lohit/miniconda3/envs/airflow-env/lib/python3.8/site-packages/airflow/example_dags/example_latest_only_with_trigger.py for tasks to queue
[2025-06-01T18:00:39.348+0200] {logging_mixin.py:154} INFO - [2025-06-01T18:00:39.347+0200] {dagbag.py:536} INFO - Filling up the DagBag from /home/lohit/miniconda3/envs/airflow-env/lib/python3.8/site-packages/airflow/example_dags/example_latest_only_with_trigger.py
[2025-06-01T18:00:39.352+0200] {processor.py:839} INFO - DAG(s) dict_keys(['latest_only_with_trigger']) retrieved from /home/lohit/miniconda3/envs/airflow-env/lib/python3.8/site-packages/airflow/example_dags/example_latest_only_with_trigger.py
[2025-06-01T18:00:39.363+0200] {logging_mixin.py:154} INFO - [2025-06-01T18:00:39.362+0200] {dag.py:2941} INFO - Sync 1 DAGs
[2025-06-01T18:00:39.373+0200] {logging_mixin.py:154} INFO - [2025-06-01T18:00:39.373+0200] {dag.py:3722} INFO - Setting next_dagrun for latest_only_with_trigger to 2025-06-01T12:00:39.372924+00:00, run_after=2025-06-01T16:00:39.372924+00:00
[2025-06-01T18:00:39.388+0200] {processor.py:179} INFO - Processing /home/lohit/miniconda3/envs/airflow-env/lib/python3.8/site-packages/airflow/example_dags/example_latest_only_with_trigger.py took 0.046 seconds
[2025-06-01T18:01:24.550+0200] {processor.py:157} INFO - Started process (PID=27863) to work on /home/lohit/miniconda3/envs/airflow-env/lib/python3.8/site-packages/airflow/example_dags/example_latest_only_with_trigger.py
[2025-06-01T18:01:24.554+0200] {processor.py:829} INFO - Processing file /home/lohit/miniconda3/envs/airflow-env/lib/python3.8/site-packages/airflow/example_dags/example_latest_only_with_trigger.py for tasks to queue
[2025-06-01T18:01:24.554+0200] {logging_mixin.py:154} INFO - [2025-06-01T18:01:24.554+0200] {dagbag.py:536} INFO - Filling up the DagBag from /home/lohit/miniconda3/envs/airflow-env/lib/python3.8/site-packages/airflow/example_dags/example_latest_only_with_trigger.py
[2025-06-01T18:01:24.558+0200] {processor.py:839} INFO - DAG(s) dict_keys(['latest_only_with_trigger']) retrieved from /home/lohit/miniconda3/envs/airflow-env/lib/python3.8/site-packages/airflow/example_dags/example_latest_only_with_trigger.py
[2025-06-01T18:01:24.570+0200] {logging_mixin.py:154} INFO - [2025-06-01T18:01:24.570+0200] {dag.py:2941} INFO - Sync 1 DAGs
[2025-06-01T18:01:24.582+0200] {logging_mixin.py:154} INFO - [2025-06-01T18:01:24.582+0200] {dag.py:3722} INFO - Setting next_dagrun for latest_only_with_trigger to 2025-06-01T12:01:24.582204+00:00, run_after=2025-06-01T16:01:24.582204+00:00
[2025-06-01T18:01:24.600+0200] {processor.py:179} INFO - Processing /home/lohit/miniconda3/envs/airflow-env/lib/python3.8/site-packages/airflow/example_dags/example_latest_only_with_trigger.py took 0.052 seconds
[2025-06-01T18:02:08.101+0200] {processor.py:157} INFO - Started process (PID=27931) to work on /home/lohit/miniconda3/envs/airflow-env/lib/python3.8/site-packages/airflow/example_dags/example_latest_only_with_trigger.py
[2025-06-01T18:02:08.102+0200] {processor.py:829} INFO - Processing file /home/lohit/miniconda3/envs/airflow-env/lib/python3.8/site-packages/airflow/example_dags/example_latest_only_with_trigger.py for tasks to queue
[2025-06-01T18:02:08.102+0200] {logging_mixin.py:154} INFO - [2025-06-01T18:02:08.102+0200] {dagbag.py:536} INFO - Filling up the DagBag from /home/lohit/miniconda3/envs/airflow-env/lib/python3.8/site-packages/airflow/example_dags/example_latest_only_with_trigger.py
[2025-06-01T18:02:08.106+0200] {processor.py:839} INFO - DAG(s) dict_keys(['latest_only_with_trigger']) retrieved from /home/lohit/miniconda3/envs/airflow-env/lib/python3.8/site-packages/airflow/example_dags/example_latest_only_with_trigger.py
[2025-06-01T18:02:08.116+0200] {logging_mixin.py:154} INFO - [2025-06-01T18:02:08.116+0200] {dag.py:2941} INFO - Sync 1 DAGs
[2025-06-01T18:02:08.126+0200] {logging_mixin.py:154} INFO - [2025-06-01T18:02:08.126+0200] {dag.py:3722} INFO - Setting next_dagrun for latest_only_with_trigger to 2025-06-01T12:02:08.126001+00:00, run_after=2025-06-01T16:02:08.126001+00:00
[2025-06-01T18:02:08.141+0200] {processor.py:179} INFO - Processing /home/lohit/miniconda3/envs/airflow-env/lib/python3.8/site-packages/airflow/example_dags/example_latest_only_with_trigger.py took 0.042 seconds
[2025-06-01T18:02:53.261+0200] {processor.py:157} INFO - Started process (PID=28004) to work on /home/lohit/miniconda3/envs/airflow-env/lib/python3.8/site-packages/airflow/example_dags/example_latest_only_with_trigger.py
[2025-06-01T18:02:53.263+0200] {processor.py:829} INFO - Processing file /home/lohit/miniconda3/envs/airflow-env/lib/python3.8/site-packages/airflow/example_dags/example_latest_only_with_trigger.py for tasks to queue
[2025-06-01T18:02:53.263+0200] {logging_mixin.py:154} INFO - [2025-06-01T18:02:53.263+0200] {dagbag.py:536} INFO - Filling up the DagBag from /home/lohit/miniconda3/envs/airflow-env/lib/python3.8/site-packages/airflow/example_dags/example_latest_only_with_trigger.py
[2025-06-01T18:02:53.268+0200] {processor.py:839} INFO - DAG(s) dict_keys(['latest_only_with_trigger']) retrieved from /home/lohit/miniconda3/envs/airflow-env/lib/python3.8/site-packages/airflow/example_dags/example_latest_only_with_trigger.py
[2025-06-01T18:02:53.279+0200] {logging_mixin.py:154} INFO - [2025-06-01T18:02:53.279+0200] {dag.py:2941} INFO - Sync 1 DAGs
[2025-06-01T18:02:53.292+0200] {logging_mixin.py:154} INFO - [2025-06-01T18:02:53.292+0200] {dag.py:3722} INFO - Setting next_dagrun for latest_only_with_trigger to 2025-06-01T12:02:53.291851+00:00, run_after=2025-06-01T16:02:53.291851+00:00
[2025-06-01T18:02:53.310+0200] {processor.py:179} INFO - Processing /home/lohit/miniconda3/envs/airflow-env/lib/python3.8/site-packages/airflow/example_dags/example_latest_only_with_trigger.py took 0.051 seconds
[2025-06-01T18:03:27.840+0200] {processor.py:157} INFO - Started process (PID=28066) to work on /home/lohit/miniconda3/envs/airflow-env/lib/python3.8/site-packages/airflow/example_dags/example_latest_only_with_trigger.py
[2025-06-01T18:03:27.841+0200] {processor.py:829} INFO - Processing file /home/lohit/miniconda3/envs/airflow-env/lib/python3.8/site-packages/airflow/example_dags/example_latest_only_with_trigger.py for tasks to queue
[2025-06-01T18:03:27.841+0200] {logging_mixin.py:154} INFO - [2025-06-01T18:03:27.841+0200] {dagbag.py:536} INFO - Filling up the DagBag from /home/lohit/miniconda3/envs/airflow-env/lib/python3.8/site-packages/airflow/example_dags/example_latest_only_with_trigger.py
[2025-06-01T18:03:27.846+0200] {processor.py:839} INFO - DAG(s) dict_keys(['latest_only_with_trigger']) retrieved from /home/lohit/miniconda3/envs/airflow-env/lib/python3.8/site-packages/airflow/example_dags/example_latest_only_with_trigger.py
[2025-06-01T18:03:27.855+0200] {logging_mixin.py:154} INFO - [2025-06-01T18:03:27.855+0200] {dag.py:2941} INFO - Sync 1 DAGs
[2025-06-01T18:03:27.865+0200] {logging_mixin.py:154} INFO - [2025-06-01T18:03:27.865+0200] {dag.py:3722} INFO - Setting next_dagrun for latest_only_with_trigger to 2025-06-01T12:03:27.865390+00:00, run_after=2025-06-01T16:03:27.865390+00:00
[2025-06-01T18:03:27.880+0200] {processor.py:179} INFO - Processing /home/lohit/miniconda3/envs/airflow-env/lib/python3.8/site-packages/airflow/example_dags/example_latest_only_with_trigger.py took 0.041 seconds
[2025-06-01T18:04:14.191+0200] {processor.py:157} INFO - Started process (PID=28136) to work on /home/lohit/miniconda3/envs/airflow-env/lib/python3.8/site-packages/airflow/example_dags/example_latest_only_with_trigger.py
[2025-06-01T18:04:14.192+0200] {processor.py:829} INFO - Processing file /home/lohit/miniconda3/envs/airflow-env/lib/python3.8/site-packages/airflow/example_dags/example_latest_only_with_trigger.py for tasks to queue
[2025-06-01T18:04:14.193+0200] {logging_mixin.py:154} INFO - [2025-06-01T18:04:14.192+0200] {dagbag.py:536} INFO - Filling up the DagBag from /home/lohit/miniconda3/envs/airflow-env/lib/python3.8/site-packages/airflow/example_dags/example_latest_only_with_trigger.py
[2025-06-01T18:04:14.199+0200] {processor.py:839} INFO - DAG(s) dict_keys(['latest_only_with_trigger']) retrieved from /home/lohit/miniconda3/envs/airflow-env/lib/python3.8/site-packages/airflow/example_dags/example_latest_only_with_trigger.py
[2025-06-01T18:04:14.212+0200] {logging_mixin.py:154} INFO - [2025-06-01T18:04:14.211+0200] {dag.py:2941} INFO - Sync 1 DAGs
[2025-06-01T18:04:14.225+0200] {logging_mixin.py:154} INFO - [2025-06-01T18:04:14.225+0200] {dag.py:3722} INFO - Setting next_dagrun for latest_only_with_trigger to 2025-06-01T12:04:14.225000+00:00, run_after=2025-06-01T16:04:14.225000+00:00
[2025-06-01T18:04:14.244+0200] {processor.py:179} INFO - Processing /home/lohit/miniconda3/envs/airflow-env/lib/python3.8/site-packages/airflow/example_dags/example_latest_only_with_trigger.py took 0.056 seconds
[2025-06-01T18:05:00.396+0200] {processor.py:157} INFO - Started process (PID=28215) to work on /home/lohit/miniconda3/envs/airflow-env/lib/python3.8/site-packages/airflow/example_dags/example_latest_only_with_trigger.py
[2025-06-01T18:05:00.400+0200] {processor.py:829} INFO - Processing file /home/lohit/miniconda3/envs/airflow-env/lib/python3.8/site-packages/airflow/example_dags/example_latest_only_with_trigger.py for tasks to queue
[2025-06-01T18:05:00.400+0200] {logging_mixin.py:154} INFO - [2025-06-01T18:05:00.400+0200] {dagbag.py:536} INFO - Filling up the DagBag from /home/lohit/miniconda3/envs/airflow-env/lib/python3.8/site-packages/airflow/example_dags/example_latest_only_with_trigger.py
[2025-06-01T18:05:00.405+0200] {processor.py:839} INFO - DAG(s) dict_keys(['latest_only_with_trigger']) retrieved from /home/lohit/miniconda3/envs/airflow-env/lib/python3.8/site-packages/airflow/example_dags/example_latest_only_with_trigger.py
[2025-06-01T18:05:00.416+0200] {logging_mixin.py:154} INFO - [2025-06-01T18:05:00.416+0200] {dag.py:2941} INFO - Sync 1 DAGs
[2025-06-01T18:05:00.428+0200] {logging_mixin.py:154} INFO - [2025-06-01T18:05:00.428+0200] {dag.py:3722} INFO - Setting next_dagrun for latest_only_with_trigger to 2025-06-01T12:05:00.428229+00:00, run_after=2025-06-01T16:05:00.428229+00:00
[2025-06-01T18:05:00.446+0200] {processor.py:179} INFO - Processing /home/lohit/miniconda3/envs/airflow-env/lib/python3.8/site-packages/airflow/example_dags/example_latest_only_with_trigger.py took 0.052 seconds
[2025-06-01T18:05:38.743+0200] {processor.py:157} INFO - Started process (PID=28257) to work on /home/lohit/miniconda3/envs/airflow-env/lib/python3.8/site-packages/airflow/example_dags/example_latest_only_with_trigger.py
[2025-06-01T18:05:38.747+0200] {processor.py:829} INFO - Processing file /home/lohit/miniconda3/envs/airflow-env/lib/python3.8/site-packages/airflow/example_dags/example_latest_only_with_trigger.py for tasks to queue
[2025-06-01T18:05:38.747+0200] {logging_mixin.py:154} INFO - [2025-06-01T18:05:38.747+0200] {dagbag.py:536} INFO - Filling up the DagBag from /home/lohit/miniconda3/envs/airflow-env/lib/python3.8/site-packages/airflow/example_dags/example_latest_only_with_trigger.py
[2025-06-01T18:05:38.751+0200] {processor.py:839} INFO - DAG(s) dict_keys(['latest_only_with_trigger']) retrieved from /home/lohit/miniconda3/envs/airflow-env/lib/python3.8/site-packages/airflow/example_dags/example_latest_only_with_trigger.py
[2025-06-01T18:05:38.763+0200] {logging_mixin.py:154} INFO - [2025-06-01T18:05:38.763+0200] {dag.py:2941} INFO - Sync 1 DAGs
[2025-06-01T18:05:38.775+0200] {logging_mixin.py:154} INFO - [2025-06-01T18:05:38.775+0200] {dag.py:3722} INFO - Setting next_dagrun for latest_only_with_trigger to 2025-06-01T12:05:38.775554+00:00, run_after=2025-06-01T16:05:38.775554+00:00
[2025-06-01T18:05:38.790+0200] {processor.py:179} INFO - Processing /home/lohit/miniconda3/envs/airflow-env/lib/python3.8/site-packages/airflow/example_dags/example_latest_only_with_trigger.py took 0.049 seconds
[2025-06-01T18:06:26.038+0200] {processor.py:157} INFO - Started process (PID=28332) to work on /home/lohit/miniconda3/envs/airflow-env/lib/python3.8/site-packages/airflow/example_dags/example_latest_only_with_trigger.py
[2025-06-01T18:06:26.041+0200] {processor.py:829} INFO - Processing file /home/lohit/miniconda3/envs/airflow-env/lib/python3.8/site-packages/airflow/example_dags/example_latest_only_with_trigger.py for tasks to queue
[2025-06-01T18:06:26.042+0200] {logging_mixin.py:154} INFO - [2025-06-01T18:06:26.042+0200] {dagbag.py:536} INFO - Filling up the DagBag from /home/lohit/miniconda3/envs/airflow-env/lib/python3.8/site-packages/airflow/example_dags/example_latest_only_with_trigger.py
[2025-06-01T18:06:26.046+0200] {processor.py:839} INFO - DAG(s) dict_keys(['latest_only_with_trigger']) retrieved from /home/lohit/miniconda3/envs/airflow-env/lib/python3.8/site-packages/airflow/example_dags/example_latest_only_with_trigger.py
[2025-06-01T18:06:26.055+0200] {logging_mixin.py:154} INFO - [2025-06-01T18:06:26.055+0200] {dag.py:2941} INFO - Sync 1 DAGs
[2025-06-01T18:06:26.066+0200] {logging_mixin.py:154} INFO - [2025-06-01T18:06:26.066+0200] {dag.py:3722} INFO - Setting next_dagrun for latest_only_with_trigger to 2025-06-01T12:06:26.066665+00:00, run_after=2025-06-01T16:06:26.066665+00:00
[2025-06-01T18:06:26.081+0200] {processor.py:179} INFO - Processing /home/lohit/miniconda3/envs/airflow-env/lib/python3.8/site-packages/airflow/example_dags/example_latest_only_with_trigger.py took 0.045 seconds
[2025-06-01T18:07:09.924+0200] {processor.py:157} INFO - Started process (PID=28398) to work on /home/lohit/miniconda3/envs/airflow-env/lib/python3.8/site-packages/airflow/example_dags/example_latest_only_with_trigger.py
[2025-06-01T18:07:09.928+0200] {processor.py:829} INFO - Processing file /home/lohit/miniconda3/envs/airflow-env/lib/python3.8/site-packages/airflow/example_dags/example_latest_only_with_trigger.py for tasks to queue
[2025-06-01T18:07:09.928+0200] {logging_mixin.py:154} INFO - [2025-06-01T18:07:09.928+0200] {dagbag.py:536} INFO - Filling up the DagBag from /home/lohit/miniconda3/envs/airflow-env/lib/python3.8/site-packages/airflow/example_dags/example_latest_only_with_trigger.py
[2025-06-01T18:07:09.932+0200] {processor.py:839} INFO - DAG(s) dict_keys(['latest_only_with_trigger']) retrieved from /home/lohit/miniconda3/envs/airflow-env/lib/python3.8/site-packages/airflow/example_dags/example_latest_only_with_trigger.py
[2025-06-01T18:07:09.941+0200] {logging_mixin.py:154} INFO - [2025-06-01T18:07:09.941+0200] {dag.py:2941} INFO - Sync 1 DAGs
[2025-06-01T18:07:09.952+0200] {logging_mixin.py:154} INFO - [2025-06-01T18:07:09.951+0200] {dag.py:3722} INFO - Setting next_dagrun for latest_only_with_trigger to 2025-06-01T12:07:09.951768+00:00, run_after=2025-06-01T16:07:09.951768+00:00
[2025-06-01T18:07:09.967+0200] {processor.py:179} INFO - Processing /home/lohit/miniconda3/envs/airflow-env/lib/python3.8/site-packages/airflow/example_dags/example_latest_only_with_trigger.py took 0.045 seconds
[2025-06-01T18:07:56.024+0200] {processor.py:157} INFO - Started process (PID=28468) to work on /home/lohit/miniconda3/envs/airflow-env/lib/python3.8/site-packages/airflow/example_dags/example_latest_only_with_trigger.py
[2025-06-01T18:07:56.028+0200] {processor.py:829} INFO - Processing file /home/lohit/miniconda3/envs/airflow-env/lib/python3.8/site-packages/airflow/example_dags/example_latest_only_with_trigger.py for tasks to queue
[2025-06-01T18:07:56.029+0200] {logging_mixin.py:154} INFO - [2025-06-01T18:07:56.029+0200] {dagbag.py:536} INFO - Filling up the DagBag from /home/lohit/miniconda3/envs/airflow-env/lib/python3.8/site-packages/airflow/example_dags/example_latest_only_with_trigger.py
[2025-06-01T18:07:56.034+0200] {processor.py:839} INFO - DAG(s) dict_keys(['latest_only_with_trigger']) retrieved from /home/lohit/miniconda3/envs/airflow-env/lib/python3.8/site-packages/airflow/example_dags/example_latest_only_with_trigger.py
[2025-06-01T18:07:56.043+0200] {logging_mixin.py:154} INFO - [2025-06-01T18:07:56.043+0200] {dag.py:2941} INFO - Sync 1 DAGs
[2025-06-01T18:07:56.054+0200] {logging_mixin.py:154} INFO - [2025-06-01T18:07:56.053+0200] {dag.py:3722} INFO - Setting next_dagrun for latest_only_with_trigger to 2025-06-01T12:07:56.053845+00:00, run_after=2025-06-01T16:07:56.053845+00:00
[2025-06-01T18:07:56.070+0200] {processor.py:179} INFO - Processing /home/lohit/miniconda3/envs/airflow-env/lib/python3.8/site-packages/airflow/example_dags/example_latest_only_with_trigger.py took 0.048 seconds
[2025-06-01T18:08:42.914+0200] {processor.py:157} INFO - Started process (PID=28541) to work on /home/lohit/miniconda3/envs/airflow-env/lib/python3.8/site-packages/airflow/example_dags/example_latest_only_with_trigger.py
[2025-06-01T18:08:42.918+0200] {processor.py:829} INFO - Processing file /home/lohit/miniconda3/envs/airflow-env/lib/python3.8/site-packages/airflow/example_dags/example_latest_only_with_trigger.py for tasks to queue
[2025-06-01T18:08:42.918+0200] {logging_mixin.py:154} INFO - [2025-06-01T18:08:42.918+0200] {dagbag.py:536} INFO - Filling up the DagBag from /home/lohit/miniconda3/envs/airflow-env/lib/python3.8/site-packages/airflow/example_dags/example_latest_only_with_trigger.py
[2025-06-01T18:08:42.922+0200] {processor.py:839} INFO - DAG(s) dict_keys(['latest_only_with_trigger']) retrieved from /home/lohit/miniconda3/envs/airflow-env/lib/python3.8/site-packages/airflow/example_dags/example_latest_only_with_trigger.py
[2025-06-01T18:08:42.932+0200] {logging_mixin.py:154} INFO - [2025-06-01T18:08:42.932+0200] {dag.py:2941} INFO - Sync 1 DAGs
[2025-06-01T18:08:42.942+0200] {logging_mixin.py:154} INFO - [2025-06-01T18:08:42.942+0200] {dag.py:3722} INFO - Setting next_dagrun for latest_only_with_trigger to 2025-06-01T12:08:42.942705+00:00, run_after=2025-06-01T16:08:42.942705+00:00
[2025-06-01T18:08:42.956+0200] {processor.py:179} INFO - Processing /home/lohit/miniconda3/envs/airflow-env/lib/python3.8/site-packages/airflow/example_dags/example_latest_only_with_trigger.py took 0.044 seconds
[2025-06-01T18:09:19.268+0200] {processor.py:157} INFO - Started process (PID=28600) to work on /home/lohit/miniconda3/envs/airflow-env/lib/python3.8/site-packages/airflow/example_dags/example_latest_only_with_trigger.py
[2025-06-01T18:09:19.272+0200] {processor.py:829} INFO - Processing file /home/lohit/miniconda3/envs/airflow-env/lib/python3.8/site-packages/airflow/example_dags/example_latest_only_with_trigger.py for tasks to queue
[2025-06-01T18:09:19.272+0200] {logging_mixin.py:154} INFO - [2025-06-01T18:09:19.272+0200] {dagbag.py:536} INFO - Filling up the DagBag from /home/lohit/miniconda3/envs/airflow-env/lib/python3.8/site-packages/airflow/example_dags/example_latest_only_with_trigger.py
[2025-06-01T18:09:19.277+0200] {processor.py:839} INFO - DAG(s) dict_keys(['latest_only_with_trigger']) retrieved from /home/lohit/miniconda3/envs/airflow-env/lib/python3.8/site-packages/airflow/example_dags/example_latest_only_with_trigger.py
[2025-06-01T18:09:19.285+0200] {logging_mixin.py:154} INFO - [2025-06-01T18:09:19.285+0200] {dag.py:2941} INFO - Sync 1 DAGs
[2025-06-01T18:09:19.295+0200] {logging_mixin.py:154} INFO - [2025-06-01T18:09:19.295+0200] {dag.py:3722} INFO - Setting next_dagrun for latest_only_with_trigger to 2025-06-01T12:09:19.295602+00:00, run_after=2025-06-01T16:09:19.295602+00:00
[2025-06-01T18:09:19.311+0200] {processor.py:179} INFO - Processing /home/lohit/miniconda3/envs/airflow-env/lib/python3.8/site-packages/airflow/example_dags/example_latest_only_with_trigger.py took 0.045 seconds
[2025-06-01T18:10:06.496+0200] {processor.py:157} INFO - Started process (PID=28681) to work on /home/lohit/miniconda3/envs/airflow-env/lib/python3.8/site-packages/airflow/example_dags/example_latest_only_with_trigger.py
[2025-06-01T18:10:06.500+0200] {processor.py:829} INFO - Processing file /home/lohit/miniconda3/envs/airflow-env/lib/python3.8/site-packages/airflow/example_dags/example_latest_only_with_trigger.py for tasks to queue
[2025-06-01T18:10:06.501+0200] {logging_mixin.py:154} INFO - [2025-06-01T18:10:06.500+0200] {dagbag.py:536} INFO - Filling up the DagBag from /home/lohit/miniconda3/envs/airflow-env/lib/python3.8/site-packages/airflow/example_dags/example_latest_only_with_trigger.py
[2025-06-01T18:10:06.506+0200] {processor.py:839} INFO - DAG(s) dict_keys(['latest_only_with_trigger']) retrieved from /home/lohit/miniconda3/envs/airflow-env/lib/python3.8/site-packages/airflow/example_dags/example_latest_only_with_trigger.py
[2025-06-01T18:10:06.516+0200] {logging_mixin.py:154} INFO - [2025-06-01T18:10:06.516+0200] {dag.py:2941} INFO - Sync 1 DAGs
[2025-06-01T18:10:06.528+0200] {logging_mixin.py:154} INFO - [2025-06-01T18:10:06.528+0200] {dag.py:3722} INFO - Setting next_dagrun for latest_only_with_trigger to 2025-06-01T12:10:06.528134+00:00, run_after=2025-06-01T16:10:06.528134+00:00
[2025-06-01T18:10:06.545+0200] {processor.py:179} INFO - Processing /home/lohit/miniconda3/envs/airflow-env/lib/python3.8/site-packages/airflow/example_dags/example_latest_only_with_trigger.py took 0.051 seconds
[2025-06-01T18:10:54.201+0200] {processor.py:157} INFO - Started process (PID=28753) to work on /home/lohit/miniconda3/envs/airflow-env/lib/python3.8/site-packages/airflow/example_dags/example_latest_only_with_trigger.py
[2025-06-01T18:10:54.205+0200] {processor.py:829} INFO - Processing file /home/lohit/miniconda3/envs/airflow-env/lib/python3.8/site-packages/airflow/example_dags/example_latest_only_with_trigger.py for tasks to queue
[2025-06-01T18:10:54.206+0200] {logging_mixin.py:154} INFO - [2025-06-01T18:10:54.206+0200] {dagbag.py:536} INFO - Filling up the DagBag from /home/lohit/miniconda3/envs/airflow-env/lib/python3.8/site-packages/airflow/example_dags/example_latest_only_with_trigger.py
[2025-06-01T18:10:54.210+0200] {processor.py:839} INFO - DAG(s) dict_keys(['latest_only_with_trigger']) retrieved from /home/lohit/miniconda3/envs/airflow-env/lib/python3.8/site-packages/airflow/example_dags/example_latest_only_with_trigger.py
[2025-06-01T18:10:54.222+0200] {logging_mixin.py:154} INFO - [2025-06-01T18:10:54.222+0200] {dag.py:2941} INFO - Sync 1 DAGs
[2025-06-01T18:10:54.237+0200] {logging_mixin.py:154} INFO - [2025-06-01T18:10:54.236+0200] {dag.py:3722} INFO - Setting next_dagrun for latest_only_with_trigger to 2025-06-01T12:10:54.236697+00:00, run_after=2025-06-01T16:10:54.236697+00:00
[2025-06-01T18:10:54.259+0200] {processor.py:179} INFO - Processing /home/lohit/miniconda3/envs/airflow-env/lib/python3.8/site-packages/airflow/example_dags/example_latest_only_with_trigger.py took 0.059 seconds
[2025-06-01T18:11:42.432+0200] {processor.py:157} INFO - Started process (PID=28824) to work on /home/lohit/miniconda3/envs/airflow-env/lib/python3.8/site-packages/airflow/example_dags/example_latest_only_with_trigger.py
[2025-06-01T18:11:42.435+0200] {processor.py:829} INFO - Processing file /home/lohit/miniconda3/envs/airflow-env/lib/python3.8/site-packages/airflow/example_dags/example_latest_only_with_trigger.py for tasks to queue
[2025-06-01T18:11:42.435+0200] {logging_mixin.py:154} INFO - [2025-06-01T18:11:42.435+0200] {dagbag.py:536} INFO - Filling up the DagBag from /home/lohit/miniconda3/envs/airflow-env/lib/python3.8/site-packages/airflow/example_dags/example_latest_only_with_trigger.py
[2025-06-01T18:11:42.441+0200] {processor.py:839} INFO - DAG(s) dict_keys(['latest_only_with_trigger']) retrieved from /home/lohit/miniconda3/envs/airflow-env/lib/python3.8/site-packages/airflow/example_dags/example_latest_only_with_trigger.py
[2025-06-01T18:11:42.451+0200] {logging_mixin.py:154} INFO - [2025-06-01T18:11:42.450+0200] {dag.py:2941} INFO - Sync 1 DAGs
[2025-06-01T18:11:42.461+0200] {logging_mixin.py:154} INFO - [2025-06-01T18:11:42.461+0200] {dag.py:3722} INFO - Setting next_dagrun for latest_only_with_trigger to 2025-06-01T12:11:42.461519+00:00, run_after=2025-06-01T16:11:42.461519+00:00
[2025-06-01T18:11:42.477+0200] {processor.py:179} INFO - Processing /home/lohit/miniconda3/envs/airflow-env/lib/python3.8/site-packages/airflow/example_dags/example_latest_only_with_trigger.py took 0.047 seconds
[2025-06-01T18:12:18.126+0200] {processor.py:157} INFO - Started process (PID=28886) to work on /home/lohit/miniconda3/envs/airflow-env/lib/python3.8/site-packages/airflow/example_dags/example_latest_only_with_trigger.py
[2025-06-01T18:12:18.130+0200] {processor.py:829} INFO - Processing file /home/lohit/miniconda3/envs/airflow-env/lib/python3.8/site-packages/airflow/example_dags/example_latest_only_with_trigger.py for tasks to queue
[2025-06-01T18:12:18.131+0200] {logging_mixin.py:154} INFO - [2025-06-01T18:12:18.131+0200] {dagbag.py:536} INFO - Filling up the DagBag from /home/lohit/miniconda3/envs/airflow-env/lib/python3.8/site-packages/airflow/example_dags/example_latest_only_with_trigger.py
[2025-06-01T18:12:18.136+0200] {processor.py:839} INFO - DAG(s) dict_keys(['latest_only_with_trigger']) retrieved from /home/lohit/miniconda3/envs/airflow-env/lib/python3.8/site-packages/airflow/example_dags/example_latest_only_with_trigger.py
[2025-06-01T18:12:18.146+0200] {logging_mixin.py:154} INFO - [2025-06-01T18:12:18.146+0200] {dag.py:2941} INFO - Sync 1 DAGs
[2025-06-01T18:12:18.157+0200] {logging_mixin.py:154} INFO - [2025-06-01T18:12:18.157+0200] {dag.py:3722} INFO - Setting next_dagrun for latest_only_with_trigger to 2025-06-01T12:12:18.157672+00:00, run_after=2025-06-01T16:12:18.157672+00:00
[2025-06-01T18:12:18.173+0200] {processor.py:179} INFO - Processing /home/lohit/miniconda3/envs/airflow-env/lib/python3.8/site-packages/airflow/example_dags/example_latest_only_with_trigger.py took 0.051 seconds
[2025-06-01T18:13:07.200+0200] {processor.py:157} INFO - Started process (PID=28960) to work on /home/lohit/miniconda3/envs/airflow-env/lib/python3.8/site-packages/airflow/example_dags/example_latest_only_with_trigger.py
[2025-06-01T18:13:07.203+0200] {processor.py:829} INFO - Processing file /home/lohit/miniconda3/envs/airflow-env/lib/python3.8/site-packages/airflow/example_dags/example_latest_only_with_trigger.py for tasks to queue
[2025-06-01T18:13:07.204+0200] {logging_mixin.py:154} INFO - [2025-06-01T18:13:07.204+0200] {dagbag.py:536} INFO - Filling up the DagBag from /home/lohit/miniconda3/envs/airflow-env/lib/python3.8/site-packages/airflow/example_dags/example_latest_only_with_trigger.py
[2025-06-01T18:13:07.209+0200] {processor.py:839} INFO - DAG(s) dict_keys(['latest_only_with_trigger']) retrieved from /home/lohit/miniconda3/envs/airflow-env/lib/python3.8/site-packages/airflow/example_dags/example_latest_only_with_trigger.py
[2025-06-01T18:13:07.219+0200] {logging_mixin.py:154} INFO - [2025-06-01T18:13:07.219+0200] {dag.py:2941} INFO - Sync 1 DAGs
[2025-06-01T18:13:07.232+0200] {logging_mixin.py:154} INFO - [2025-06-01T18:13:07.231+0200] {dag.py:3722} INFO - Setting next_dagrun for latest_only_with_trigger to 2025-06-01T12:13:07.231771+00:00, run_after=2025-06-01T16:13:07.231771+00:00
[2025-06-01T18:13:07.247+0200] {processor.py:179} INFO - Processing /home/lohit/miniconda3/envs/airflow-env/lib/python3.8/site-packages/airflow/example_dags/example_latest_only_with_trigger.py took 0.049 seconds
[2025-06-01T18:13:52.005+0200] {processor.py:157} INFO - Started process (PID=29029) to work on /home/lohit/miniconda3/envs/airflow-env/lib/python3.8/site-packages/airflow/example_dags/example_latest_only_with_trigger.py
[2025-06-01T18:13:52.009+0200] {processor.py:829} INFO - Processing file /home/lohit/miniconda3/envs/airflow-env/lib/python3.8/site-packages/airflow/example_dags/example_latest_only_with_trigger.py for tasks to queue
[2025-06-01T18:13:52.009+0200] {logging_mixin.py:154} INFO - [2025-06-01T18:13:52.009+0200] {dagbag.py:536} INFO - Filling up the DagBag from /home/lohit/miniconda3/envs/airflow-env/lib/python3.8/site-packages/airflow/example_dags/example_latest_only_with_trigger.py
[2025-06-01T18:13:52.016+0200] {processor.py:839} INFO - DAG(s) dict_keys(['latest_only_with_trigger']) retrieved from /home/lohit/miniconda3/envs/airflow-env/lib/python3.8/site-packages/airflow/example_dags/example_latest_only_with_trigger.py
[2025-06-01T18:13:52.027+0200] {logging_mixin.py:154} INFO - [2025-06-01T18:13:52.027+0200] {dag.py:2941} INFO - Sync 1 DAGs
[2025-06-01T18:13:52.039+0200] {logging_mixin.py:154} INFO - [2025-06-01T18:13:52.039+0200] {dag.py:3722} INFO - Setting next_dagrun for latest_only_with_trigger to 2025-06-01T12:13:52.039197+00:00, run_after=2025-06-01T16:13:52.039197+00:00
[2025-06-01T18:13:52.058+0200] {processor.py:179} INFO - Processing /home/lohit/miniconda3/envs/airflow-env/lib/python3.8/site-packages/airflow/example_dags/example_latest_only_with_trigger.py took 0.056 seconds
[2025-06-01T18:14:33.980+0200] {processor.py:157} INFO - Started process (PID=29095) to work on /home/lohit/miniconda3/envs/airflow-env/lib/python3.8/site-packages/airflow/example_dags/example_latest_only_with_trigger.py
[2025-06-01T18:14:33.984+0200] {processor.py:829} INFO - Processing file /home/lohit/miniconda3/envs/airflow-env/lib/python3.8/site-packages/airflow/example_dags/example_latest_only_with_trigger.py for tasks to queue
[2025-06-01T18:14:33.985+0200] {logging_mixin.py:154} INFO - [2025-06-01T18:14:33.984+0200] {dagbag.py:536} INFO - Filling up the DagBag from /home/lohit/miniconda3/envs/airflow-env/lib/python3.8/site-packages/airflow/example_dags/example_latest_only_with_trigger.py
[2025-06-01T18:14:33.989+0200] {processor.py:839} INFO - DAG(s) dict_keys(['latest_only_with_trigger']) retrieved from /home/lohit/miniconda3/envs/airflow-env/lib/python3.8/site-packages/airflow/example_dags/example_latest_only_with_trigger.py
[2025-06-01T18:14:34.000+0200] {logging_mixin.py:154} INFO - [2025-06-01T18:14:34.000+0200] {dag.py:2941} INFO - Sync 1 DAGs
[2025-06-01T18:14:34.013+0200] {logging_mixin.py:154} INFO - [2025-06-01T18:14:34.013+0200] {dag.py:3722} INFO - Setting next_dagrun for latest_only_with_trigger to 2025-06-01T12:14:34.013365+00:00, run_after=2025-06-01T16:14:34.013365+00:00
[2025-06-01T18:14:34.029+0200] {processor.py:179} INFO - Processing /home/lohit/miniconda3/envs/airflow-env/lib/python3.8/site-packages/airflow/example_dags/example_latest_only_with_trigger.py took 0.051 seconds
[2025-06-01T18:15:23.176+0200] {processor.py:157} INFO - Started process (PID=29166) to work on /home/lohit/miniconda3/envs/airflow-env/lib/python3.8/site-packages/airflow/example_dags/example_latest_only_with_trigger.py
[2025-06-01T18:15:23.180+0200] {processor.py:829} INFO - Processing file /home/lohit/miniconda3/envs/airflow-env/lib/python3.8/site-packages/airflow/example_dags/example_latest_only_with_trigger.py for tasks to queue
[2025-06-01T18:15:23.180+0200] {logging_mixin.py:154} INFO - [2025-06-01T18:15:23.180+0200] {dagbag.py:536} INFO - Filling up the DagBag from /home/lohit/miniconda3/envs/airflow-env/lib/python3.8/site-packages/airflow/example_dags/example_latest_only_with_trigger.py
[2025-06-01T18:15:23.185+0200] {processor.py:839} INFO - DAG(s) dict_keys(['latest_only_with_trigger']) retrieved from /home/lohit/miniconda3/envs/airflow-env/lib/python3.8/site-packages/airflow/example_dags/example_latest_only_with_trigger.py
[2025-06-01T18:15:23.196+0200] {logging_mixin.py:154} INFO - [2025-06-01T18:15:23.196+0200] {dag.py:2941} INFO - Sync 1 DAGs
[2025-06-01T18:15:23.208+0200] {logging_mixin.py:154} INFO - [2025-06-01T18:15:23.208+0200] {dag.py:3722} INFO - Setting next_dagrun for latest_only_with_trigger to 2025-06-01T12:15:23.208320+00:00, run_after=2025-06-01T16:15:23.208320+00:00
[2025-06-01T18:15:23.224+0200] {processor.py:179} INFO - Processing /home/lohit/miniconda3/envs/airflow-env/lib/python3.8/site-packages/airflow/example_dags/example_latest_only_with_trigger.py took 0.050 seconds
[2025-06-01T18:16:12.800+0200] {processor.py:157} INFO - Started process (PID=29239) to work on /home/lohit/miniconda3/envs/airflow-env/lib/python3.8/site-packages/airflow/example_dags/example_latest_only_with_trigger.py
[2025-06-01T18:16:12.803+0200] {processor.py:829} INFO - Processing file /home/lohit/miniconda3/envs/airflow-env/lib/python3.8/site-packages/airflow/example_dags/example_latest_only_with_trigger.py for tasks to queue
[2025-06-01T18:16:12.804+0200] {logging_mixin.py:154} INFO - [2025-06-01T18:16:12.804+0200] {dagbag.py:536} INFO - Filling up the DagBag from /home/lohit/miniconda3/envs/airflow-env/lib/python3.8/site-packages/airflow/example_dags/example_latest_only_with_trigger.py
[2025-06-01T18:16:12.808+0200] {processor.py:839} INFO - DAG(s) dict_keys(['latest_only_with_trigger']) retrieved from /home/lohit/miniconda3/envs/airflow-env/lib/python3.8/site-packages/airflow/example_dags/example_latest_only_with_trigger.py
[2025-06-01T18:16:12.818+0200] {logging_mixin.py:154} INFO - [2025-06-01T18:16:12.818+0200] {dag.py:2941} INFO - Sync 1 DAGs
[2025-06-01T18:16:12.829+0200] {logging_mixin.py:154} INFO - [2025-06-01T18:16:12.828+0200] {dag.py:3722} INFO - Setting next_dagrun for latest_only_with_trigger to 2025-06-01T12:16:12.828835+00:00, run_after=2025-06-01T16:16:12.828835+00:00
[2025-06-01T18:16:12.845+0200] {processor.py:179} INFO - Processing /home/lohit/miniconda3/envs/airflow-env/lib/python3.8/site-packages/airflow/example_dags/example_latest_only_with_trigger.py took 0.047 seconds
[2025-06-01T18:16:59.767+0200] {processor.py:157} INFO - Started process (PID=29309) to work on /home/lohit/miniconda3/envs/airflow-env/lib/python3.8/site-packages/airflow/example_dags/example_latest_only_with_trigger.py
[2025-06-01T18:16:59.768+0200] {processor.py:829} INFO - Processing file /home/lohit/miniconda3/envs/airflow-env/lib/python3.8/site-packages/airflow/example_dags/example_latest_only_with_trigger.py for tasks to queue
[2025-06-01T18:16:59.769+0200] {logging_mixin.py:154} INFO - [2025-06-01T18:16:59.768+0200] {dagbag.py:536} INFO - Filling up the DagBag from /home/lohit/miniconda3/envs/airflow-env/lib/python3.8/site-packages/airflow/example_dags/example_latest_only_with_trigger.py
[2025-06-01T18:16:59.773+0200] {processor.py:839} INFO - DAG(s) dict_keys(['latest_only_with_trigger']) retrieved from /home/lohit/miniconda3/envs/airflow-env/lib/python3.8/site-packages/airflow/example_dags/example_latest_only_with_trigger.py
[2025-06-01T18:16:59.782+0200] {logging_mixin.py:154} INFO - [2025-06-01T18:16:59.782+0200] {dag.py:2941} INFO - Sync 1 DAGs
[2025-06-01T18:16:59.792+0200] {logging_mixin.py:154} INFO - [2025-06-01T18:16:59.792+0200] {dag.py:3722} INFO - Setting next_dagrun for latest_only_with_trigger to 2025-06-01T12:16:59.792411+00:00, run_after=2025-06-01T16:16:59.792411+00:00
[2025-06-01T18:16:59.807+0200] {processor.py:179} INFO - Processing /home/lohit/miniconda3/envs/airflow-env/lib/python3.8/site-packages/airflow/example_dags/example_latest_only_with_trigger.py took 0.043 seconds
[2025-06-01T18:17:45.329+0200] {processor.py:157} INFO - Started process (PID=29381) to work on /home/lohit/miniconda3/envs/airflow-env/lib/python3.8/site-packages/airflow/example_dags/example_latest_only_with_trigger.py
[2025-06-01T18:17:45.333+0200] {processor.py:829} INFO - Processing file /home/lohit/miniconda3/envs/airflow-env/lib/python3.8/site-packages/airflow/example_dags/example_latest_only_with_trigger.py for tasks to queue
[2025-06-01T18:17:45.333+0200] {logging_mixin.py:154} INFO - [2025-06-01T18:17:45.333+0200] {dagbag.py:536} INFO - Filling up the DagBag from /home/lohit/miniconda3/envs/airflow-env/lib/python3.8/site-packages/airflow/example_dags/example_latest_only_with_trigger.py
[2025-06-01T18:17:45.338+0200] {processor.py:839} INFO - DAG(s) dict_keys(['latest_only_with_trigger']) retrieved from /home/lohit/miniconda3/envs/airflow-env/lib/python3.8/site-packages/airflow/example_dags/example_latest_only_with_trigger.py
[2025-06-01T18:17:45.348+0200] {logging_mixin.py:154} INFO - [2025-06-01T18:17:45.348+0200] {dag.py:2941} INFO - Sync 1 DAGs
[2025-06-01T18:17:45.359+0200] {logging_mixin.py:154} INFO - [2025-06-01T18:17:45.359+0200] {dag.py:3722} INFO - Setting next_dagrun for latest_only_with_trigger to 2025-06-01T12:17:45.359226+00:00, run_after=2025-06-01T16:17:45.359226+00:00
[2025-06-01T18:17:45.375+0200] {processor.py:179} INFO - Processing /home/lohit/miniconda3/envs/airflow-env/lib/python3.8/site-packages/airflow/example_dags/example_latest_only_with_trigger.py took 0.048 seconds
[2025-06-01T18:18:29.823+0200] {processor.py:157} INFO - Started process (PID=29448) to work on /home/lohit/miniconda3/envs/airflow-env/lib/python3.8/site-packages/airflow/example_dags/example_latest_only_with_trigger.py
[2025-06-01T18:18:29.826+0200] {processor.py:829} INFO - Processing file /home/lohit/miniconda3/envs/airflow-env/lib/python3.8/site-packages/airflow/example_dags/example_latest_only_with_trigger.py for tasks to queue
[2025-06-01T18:18:29.827+0200] {logging_mixin.py:154} INFO - [2025-06-01T18:18:29.827+0200] {dagbag.py:536} INFO - Filling up the DagBag from /home/lohit/miniconda3/envs/airflow-env/lib/python3.8/site-packages/airflow/example_dags/example_latest_only_with_trigger.py
[2025-06-01T18:18:29.831+0200] {processor.py:839} INFO - DAG(s) dict_keys(['latest_only_with_trigger']) retrieved from /home/lohit/miniconda3/envs/airflow-env/lib/python3.8/site-packages/airflow/example_dags/example_latest_only_with_trigger.py
[2025-06-01T18:18:29.843+0200] {logging_mixin.py:154} INFO - [2025-06-01T18:18:29.843+0200] {dag.py:2941} INFO - Sync 1 DAGs
[2025-06-01T18:18:29.855+0200] {logging_mixin.py:154} INFO - [2025-06-01T18:18:29.855+0200] {dag.py:3722} INFO - Setting next_dagrun for latest_only_with_trigger to 2025-06-01T12:18:29.855500+00:00, run_after=2025-06-01T16:18:29.855500+00:00
[2025-06-01T18:18:29.873+0200] {processor.py:179} INFO - Processing /home/lohit/miniconda3/envs/airflow-env/lib/python3.8/site-packages/airflow/example_dags/example_latest_only_with_trigger.py took 0.053 seconds
[2025-06-01T18:19:16.800+0200] {processor.py:157} INFO - Started process (PID=29517) to work on /home/lohit/miniconda3/envs/airflow-env/lib/python3.8/site-packages/airflow/example_dags/example_latest_only_with_trigger.py
[2025-06-01T18:19:16.803+0200] {processor.py:829} INFO - Processing file /home/lohit/miniconda3/envs/airflow-env/lib/python3.8/site-packages/airflow/example_dags/example_latest_only_with_trigger.py for tasks to queue
[2025-06-01T18:19:16.804+0200] {logging_mixin.py:154} INFO - [2025-06-01T18:19:16.804+0200] {dagbag.py:536} INFO - Filling up the DagBag from /home/lohit/miniconda3/envs/airflow-env/lib/python3.8/site-packages/airflow/example_dags/example_latest_only_with_trigger.py
[2025-06-01T18:19:16.808+0200] {processor.py:839} INFO - DAG(s) dict_keys(['latest_only_with_trigger']) retrieved from /home/lohit/miniconda3/envs/airflow-env/lib/python3.8/site-packages/airflow/example_dags/example_latest_only_with_trigger.py
[2025-06-01T18:19:16.819+0200] {logging_mixin.py:154} INFO - [2025-06-01T18:19:16.819+0200] {dag.py:2941} INFO - Sync 1 DAGs
[2025-06-01T18:19:16.831+0200] {logging_mixin.py:154} INFO - [2025-06-01T18:19:16.830+0200] {dag.py:3722} INFO - Setting next_dagrun for latest_only_with_trigger to 2025-06-01T12:19:16.830732+00:00, run_after=2025-06-01T16:19:16.830732+00:00
[2025-06-01T18:19:16.847+0200] {processor.py:179} INFO - Processing /home/lohit/miniconda3/envs/airflow-env/lib/python3.8/site-packages/airflow/example_dags/example_latest_only_with_trigger.py took 0.049 seconds
[2025-06-01T18:19:49.905+0200] {processor.py:157} INFO - Started process (PID=29552) to work on /home/lohit/miniconda3/envs/airflow-env/lib/python3.8/site-packages/airflow/example_dags/example_latest_only_with_trigger.py
[2025-06-01T18:19:49.909+0200] {processor.py:829} INFO - Processing file /home/lohit/miniconda3/envs/airflow-env/lib/python3.8/site-packages/airflow/example_dags/example_latest_only_with_trigger.py for tasks to queue
[2025-06-01T18:19:49.909+0200] {logging_mixin.py:154} INFO - [2025-06-01T18:19:49.909+0200] {dagbag.py:536} INFO - Filling up the DagBag from /home/lohit/miniconda3/envs/airflow-env/lib/python3.8/site-packages/airflow/example_dags/example_latest_only_with_trigger.py
[2025-06-01T18:19:49.914+0200] {processor.py:839} INFO - DAG(s) dict_keys(['latest_only_with_trigger']) retrieved from /home/lohit/miniconda3/envs/airflow-env/lib/python3.8/site-packages/airflow/example_dags/example_latest_only_with_trigger.py
[2025-06-01T18:19:49.925+0200] {logging_mixin.py:154} INFO - [2025-06-01T18:19:49.924+0200] {dag.py:2941} INFO - Sync 1 DAGs
[2025-06-01T18:19:49.937+0200] {logging_mixin.py:154} INFO - [2025-06-01T18:19:49.936+0200] {dag.py:3722} INFO - Setting next_dagrun for latest_only_with_trigger to 2025-06-01T12:19:49.936767+00:00, run_after=2025-06-01T16:19:49.936767+00:00
[2025-06-01T18:19:49.954+0200] {processor.py:179} INFO - Processing /home/lohit/miniconda3/envs/airflow-env/lib/python3.8/site-packages/airflow/example_dags/example_latest_only_with_trigger.py took 0.051 seconds
[2025-06-01T18:20:38.171+0200] {processor.py:157} INFO - Started process (PID=29622) to work on /home/lohit/miniconda3/envs/airflow-env/lib/python3.8/site-packages/airflow/example_dags/example_latest_only_with_trigger.py
[2025-06-01T18:20:38.172+0200] {processor.py:829} INFO - Processing file /home/lohit/miniconda3/envs/airflow-env/lib/python3.8/site-packages/airflow/example_dags/example_latest_only_with_trigger.py for tasks to queue
[2025-06-01T18:20:38.173+0200] {logging_mixin.py:154} INFO - [2025-06-01T18:20:38.173+0200] {dagbag.py:536} INFO - Filling up the DagBag from /home/lohit/miniconda3/envs/airflow-env/lib/python3.8/site-packages/airflow/example_dags/example_latest_only_with_trigger.py
[2025-06-01T18:20:38.179+0200] {processor.py:839} INFO - DAG(s) dict_keys(['latest_only_with_trigger']) retrieved from /home/lohit/miniconda3/envs/airflow-env/lib/python3.8/site-packages/airflow/example_dags/example_latest_only_with_trigger.py
[2025-06-01T18:20:38.189+0200] {logging_mixin.py:154} INFO - [2025-06-01T18:20:38.189+0200] {dag.py:2941} INFO - Sync 1 DAGs
[2025-06-01T18:20:38.200+0200] {logging_mixin.py:154} INFO - [2025-06-01T18:20:38.200+0200] {dag.py:3722} INFO - Setting next_dagrun for latest_only_with_trigger to 2025-06-01T12:20:38.200657+00:00, run_after=2025-06-01T16:20:38.200657+00:00
[2025-06-01T18:20:38.216+0200] {processor.py:179} INFO - Processing /home/lohit/miniconda3/envs/airflow-env/lib/python3.8/site-packages/airflow/example_dags/example_latest_only_with_trigger.py took 0.047 seconds
[2025-06-01T18:21:25.530+0200] {processor.py:157} INFO - Started process (PID=29693) to work on /home/lohit/miniconda3/envs/airflow-env/lib/python3.8/site-packages/airflow/example_dags/example_latest_only_with_trigger.py
[2025-06-01T18:21:25.534+0200] {processor.py:829} INFO - Processing file /home/lohit/miniconda3/envs/airflow-env/lib/python3.8/site-packages/airflow/example_dags/example_latest_only_with_trigger.py for tasks to queue
[2025-06-01T18:21:25.534+0200] {logging_mixin.py:154} INFO - [2025-06-01T18:21:25.534+0200] {dagbag.py:536} INFO - Filling up the DagBag from /home/lohit/miniconda3/envs/airflow-env/lib/python3.8/site-packages/airflow/example_dags/example_latest_only_with_trigger.py
[2025-06-01T18:21:25.538+0200] {processor.py:839} INFO - DAG(s) dict_keys(['latest_only_with_trigger']) retrieved from /home/lohit/miniconda3/envs/airflow-env/lib/python3.8/site-packages/airflow/example_dags/example_latest_only_with_trigger.py
[2025-06-01T18:21:25.548+0200] {logging_mixin.py:154} INFO - [2025-06-01T18:21:25.548+0200] {dag.py:2941} INFO - Sync 1 DAGs
[2025-06-01T18:21:25.560+0200] {logging_mixin.py:154} INFO - [2025-06-01T18:21:25.559+0200] {dag.py:3722} INFO - Setting next_dagrun for latest_only_with_trigger to 2025-06-01T12:21:25.559738+00:00, run_after=2025-06-01T16:21:25.559738+00:00
[2025-06-01T18:21:25.577+0200] {processor.py:179} INFO - Processing /home/lohit/miniconda3/envs/airflow-env/lib/python3.8/site-packages/airflow/example_dags/example_latest_only_with_trigger.py took 0.048 seconds
[2025-06-01T18:22:12.712+0200] {processor.py:157} INFO - Started process (PID=29763) to work on /home/lohit/miniconda3/envs/airflow-env/lib/python3.8/site-packages/airflow/example_dags/example_latest_only_with_trigger.py
[2025-06-01T18:22:12.713+0200] {processor.py:829} INFO - Processing file /home/lohit/miniconda3/envs/airflow-env/lib/python3.8/site-packages/airflow/example_dags/example_latest_only_with_trigger.py for tasks to queue
[2025-06-01T18:22:12.714+0200] {logging_mixin.py:154} INFO - [2025-06-01T18:22:12.714+0200] {dagbag.py:536} INFO - Filling up the DagBag from /home/lohit/miniconda3/envs/airflow-env/lib/python3.8/site-packages/airflow/example_dags/example_latest_only_with_trigger.py
[2025-06-01T18:22:12.719+0200] {processor.py:839} INFO - DAG(s) dict_keys(['latest_only_with_trigger']) retrieved from /home/lohit/miniconda3/envs/airflow-env/lib/python3.8/site-packages/airflow/example_dags/example_latest_only_with_trigger.py
[2025-06-01T18:22:12.729+0200] {logging_mixin.py:154} INFO - [2025-06-01T18:22:12.729+0200] {dag.py:2941} INFO - Sync 1 DAGs
[2025-06-01T18:22:12.743+0200] {logging_mixin.py:154} INFO - [2025-06-01T18:22:12.743+0200] {dag.py:3722} INFO - Setting next_dagrun for latest_only_with_trigger to 2025-06-01T12:22:12.743401+00:00, run_after=2025-06-01T16:22:12.743401+00:00
[2025-06-01T18:22:12.759+0200] {processor.py:179} INFO - Processing /home/lohit/miniconda3/envs/airflow-env/lib/python3.8/site-packages/airflow/example_dags/example_latest_only_with_trigger.py took 0.049 seconds
[2025-06-01T18:22:59.595+0200] {processor.py:157} INFO - Started process (PID=29833) to work on /home/lohit/miniconda3/envs/airflow-env/lib/python3.8/site-packages/airflow/example_dags/example_latest_only_with_trigger.py
[2025-06-01T18:22:59.595+0200] {processor.py:829} INFO - Processing file /home/lohit/miniconda3/envs/airflow-env/lib/python3.8/site-packages/airflow/example_dags/example_latest_only_with_trigger.py for tasks to queue
[2025-06-01T18:22:59.596+0200] {logging_mixin.py:154} INFO - [2025-06-01T18:22:59.596+0200] {dagbag.py:536} INFO - Filling up the DagBag from /home/lohit/miniconda3/envs/airflow-env/lib/python3.8/site-packages/airflow/example_dags/example_latest_only_with_trigger.py
[2025-06-01T18:22:59.600+0200] {processor.py:839} INFO - DAG(s) dict_keys(['latest_only_with_trigger']) retrieved from /home/lohit/miniconda3/envs/airflow-env/lib/python3.8/site-packages/airflow/example_dags/example_latest_only_with_trigger.py
[2025-06-01T18:22:59.611+0200] {logging_mixin.py:154} INFO - [2025-06-01T18:22:59.611+0200] {dag.py:2941} INFO - Sync 1 DAGs
[2025-06-01T18:22:59.623+0200] {logging_mixin.py:154} INFO - [2025-06-01T18:22:59.623+0200] {dag.py:3722} INFO - Setting next_dagrun for latest_only_with_trigger to 2025-06-01T12:22:59.623225+00:00, run_after=2025-06-01T16:22:59.623225+00:00
[2025-06-01T18:22:59.640+0200] {processor.py:179} INFO - Processing /home/lohit/miniconda3/envs/airflow-env/lib/python3.8/site-packages/airflow/example_dags/example_latest_only_with_trigger.py took 0.048 seconds
[2025-06-01T18:23:36.135+0200] {processor.py:157} INFO - Started process (PID=29891) to work on /home/lohit/miniconda3/envs/airflow-env/lib/python3.8/site-packages/airflow/example_dags/example_latest_only_with_trigger.py
[2025-06-01T18:23:36.139+0200] {processor.py:829} INFO - Processing file /home/lohit/miniconda3/envs/airflow-env/lib/python3.8/site-packages/airflow/example_dags/example_latest_only_with_trigger.py for tasks to queue
[2025-06-01T18:23:36.139+0200] {logging_mixin.py:154} INFO - [2025-06-01T18:23:36.139+0200] {dagbag.py:536} INFO - Filling up the DagBag from /home/lohit/miniconda3/envs/airflow-env/lib/python3.8/site-packages/airflow/example_dags/example_latest_only_with_trigger.py
[2025-06-01T18:23:36.143+0200] {processor.py:839} INFO - DAG(s) dict_keys(['latest_only_with_trigger']) retrieved from /home/lohit/miniconda3/envs/airflow-env/lib/python3.8/site-packages/airflow/example_dags/example_latest_only_with_trigger.py
[2025-06-01T18:23:36.152+0200] {logging_mixin.py:154} INFO - [2025-06-01T18:23:36.152+0200] {dag.py:2941} INFO - Sync 1 DAGs
[2025-06-01T18:23:36.162+0200] {logging_mixin.py:154} INFO - [2025-06-01T18:23:36.162+0200] {dag.py:3722} INFO - Setting next_dagrun for latest_only_with_trigger to 2025-06-01T12:23:36.162109+00:00, run_after=2025-06-01T16:23:36.162109+00:00
[2025-06-01T18:23:36.179+0200] {processor.py:179} INFO - Processing /home/lohit/miniconda3/envs/airflow-env/lib/python3.8/site-packages/airflow/example_dags/example_latest_only_with_trigger.py took 0.046 seconds
[2025-06-01T18:24:21.429+0200] {processor.py:157} INFO - Started process (PID=29959) to work on /home/lohit/miniconda3/envs/airflow-env/lib/python3.8/site-packages/airflow/example_dags/example_latest_only_with_trigger.py
[2025-06-01T18:24:21.432+0200] {processor.py:829} INFO - Processing file /home/lohit/miniconda3/envs/airflow-env/lib/python3.8/site-packages/airflow/example_dags/example_latest_only_with_trigger.py for tasks to queue
[2025-06-01T18:24:21.433+0200] {logging_mixin.py:154} INFO - [2025-06-01T18:24:21.432+0200] {dagbag.py:536} INFO - Filling up the DagBag from /home/lohit/miniconda3/envs/airflow-env/lib/python3.8/site-packages/airflow/example_dags/example_latest_only_with_trigger.py
[2025-06-01T18:24:21.437+0200] {processor.py:839} INFO - DAG(s) dict_keys(['latest_only_with_trigger']) retrieved from /home/lohit/miniconda3/envs/airflow-env/lib/python3.8/site-packages/airflow/example_dags/example_latest_only_with_trigger.py
[2025-06-01T18:24:21.446+0200] {logging_mixin.py:154} INFO - [2025-06-01T18:24:21.446+0200] {dag.py:2941} INFO - Sync 1 DAGs
[2025-06-01T18:24:21.456+0200] {logging_mixin.py:154} INFO - [2025-06-01T18:24:21.456+0200] {dag.py:3722} INFO - Setting next_dagrun for latest_only_with_trigger to 2025-06-01T12:24:21.456735+00:00, run_after=2025-06-01T16:24:21.456735+00:00
[2025-06-01T18:24:21.471+0200] {processor.py:179} INFO - Processing /home/lohit/miniconda3/envs/airflow-env/lib/python3.8/site-packages/airflow/example_dags/example_latest_only_with_trigger.py took 0.044 seconds
[2025-06-01T18:25:09.432+0200] {processor.py:157} INFO - Started process (PID=30030) to work on /home/lohit/miniconda3/envs/airflow-env/lib/python3.8/site-packages/airflow/example_dags/example_latest_only_with_trigger.py
[2025-06-01T18:25:09.435+0200] {processor.py:829} INFO - Processing file /home/lohit/miniconda3/envs/airflow-env/lib/python3.8/site-packages/airflow/example_dags/example_latest_only_with_trigger.py for tasks to queue
[2025-06-01T18:25:09.436+0200] {logging_mixin.py:154} INFO - [2025-06-01T18:25:09.436+0200] {dagbag.py:536} INFO - Filling up the DagBag from /home/lohit/miniconda3/envs/airflow-env/lib/python3.8/site-packages/airflow/example_dags/example_latest_only_with_trigger.py
[2025-06-01T18:25:09.440+0200] {processor.py:839} INFO - DAG(s) dict_keys(['latest_only_with_trigger']) retrieved from /home/lohit/miniconda3/envs/airflow-env/lib/python3.8/site-packages/airflow/example_dags/example_latest_only_with_trigger.py
[2025-06-01T18:25:09.450+0200] {logging_mixin.py:154} INFO - [2025-06-01T18:25:09.450+0200] {dag.py:2941} INFO - Sync 1 DAGs
[2025-06-01T18:25:09.460+0200] {logging_mixin.py:154} INFO - [2025-06-01T18:25:09.460+0200] {dag.py:3722} INFO - Setting next_dagrun for latest_only_with_trigger to 2025-06-01T12:25:09.460571+00:00, run_after=2025-06-01T16:25:09.460571+00:00
[2025-06-01T18:25:09.476+0200] {processor.py:179} INFO - Processing /home/lohit/miniconda3/envs/airflow-env/lib/python3.8/site-packages/airflow/example_dags/example_latest_only_with_trigger.py took 0.046 seconds
[2025-06-01T18:25:55.929+0200] {processor.py:157} INFO - Started process (PID=30100) to work on /home/lohit/miniconda3/envs/airflow-env/lib/python3.8/site-packages/airflow/example_dags/example_latest_only_with_trigger.py
[2025-06-01T18:25:55.933+0200] {processor.py:829} INFO - Processing file /home/lohit/miniconda3/envs/airflow-env/lib/python3.8/site-packages/airflow/example_dags/example_latest_only_with_trigger.py for tasks to queue
[2025-06-01T18:25:55.934+0200] {logging_mixin.py:154} INFO - [2025-06-01T18:25:55.934+0200] {dagbag.py:536} INFO - Filling up the DagBag from /home/lohit/miniconda3/envs/airflow-env/lib/python3.8/site-packages/airflow/example_dags/example_latest_only_with_trigger.py
[2025-06-01T18:25:55.940+0200] {processor.py:839} INFO - DAG(s) dict_keys(['latest_only_with_trigger']) retrieved from /home/lohit/miniconda3/envs/airflow-env/lib/python3.8/site-packages/airflow/example_dags/example_latest_only_with_trigger.py
[2025-06-01T18:25:55.951+0200] {logging_mixin.py:154} INFO - [2025-06-01T18:25:55.951+0200] {dag.py:2941} INFO - Sync 1 DAGs
[2025-06-01T18:25:55.963+0200] {logging_mixin.py:154} INFO - [2025-06-01T18:25:55.963+0200] {dag.py:3722} INFO - Setting next_dagrun for latest_only_with_trigger to 2025-06-01T12:25:55.963530+00:00, run_after=2025-06-01T16:25:55.963530+00:00
[2025-06-01T18:25:55.980+0200] {processor.py:179} INFO - Processing /home/lohit/miniconda3/envs/airflow-env/lib/python3.8/site-packages/airflow/example_dags/example_latest_only_with_trigger.py took 0.052 seconds
[2025-06-01T18:26:45.495+0200] {processor.py:157} INFO - Started process (PID=30171) to work on /home/lohit/miniconda3/envs/airflow-env/lib/python3.8/site-packages/airflow/example_dags/example_latest_only_with_trigger.py
[2025-06-01T18:26:45.498+0200] {processor.py:829} INFO - Processing file /home/lohit/miniconda3/envs/airflow-env/lib/python3.8/site-packages/airflow/example_dags/example_latest_only_with_trigger.py for tasks to queue
[2025-06-01T18:26:45.499+0200] {logging_mixin.py:154} INFO - [2025-06-01T18:26:45.499+0200] {dagbag.py:536} INFO - Filling up the DagBag from /home/lohit/miniconda3/envs/airflow-env/lib/python3.8/site-packages/airflow/example_dags/example_latest_only_with_trigger.py
[2025-06-01T18:26:45.504+0200] {processor.py:839} INFO - DAG(s) dict_keys(['latest_only_with_trigger']) retrieved from /home/lohit/miniconda3/envs/airflow-env/lib/python3.8/site-packages/airflow/example_dags/example_latest_only_with_trigger.py
[2025-06-01T18:26:45.515+0200] {logging_mixin.py:154} INFO - [2025-06-01T18:26:45.514+0200] {dag.py:2941} INFO - Sync 1 DAGs
[2025-06-01T18:26:45.527+0200] {logging_mixin.py:154} INFO - [2025-06-01T18:26:45.526+0200] {dag.py:3722} INFO - Setting next_dagrun for latest_only_with_trigger to 2025-06-01T12:26:45.526693+00:00, run_after=2025-06-01T16:26:45.526693+00:00
[2025-06-01T18:26:45.543+0200] {processor.py:179} INFO - Processing /home/lohit/miniconda3/envs/airflow-env/lib/python3.8/site-packages/airflow/example_dags/example_latest_only_with_trigger.py took 0.050 seconds
[2025-06-01T18:27:27.383+0200] {processor.py:157} INFO - Started process (PID=30239) to work on /home/lohit/miniconda3/envs/airflow-env/lib/python3.8/site-packages/airflow/example_dags/example_latest_only_with_trigger.py
[2025-06-01T18:27:27.386+0200] {processor.py:829} INFO - Processing file /home/lohit/miniconda3/envs/airflow-env/lib/python3.8/site-packages/airflow/example_dags/example_latest_only_with_trigger.py for tasks to queue
[2025-06-01T18:27:27.387+0200] {logging_mixin.py:154} INFO - [2025-06-01T18:27:27.387+0200] {dagbag.py:536} INFO - Filling up the DagBag from /home/lohit/miniconda3/envs/airflow-env/lib/python3.8/site-packages/airflow/example_dags/example_latest_only_with_trigger.py
[2025-06-01T18:27:27.392+0200] {processor.py:839} INFO - DAG(s) dict_keys(['latest_only_with_trigger']) retrieved from /home/lohit/miniconda3/envs/airflow-env/lib/python3.8/site-packages/airflow/example_dags/example_latest_only_with_trigger.py
[2025-06-01T18:27:27.402+0200] {logging_mixin.py:154} INFO - [2025-06-01T18:27:27.402+0200] {dag.py:2941} INFO - Sync 1 DAGs
[2025-06-01T18:27:27.414+0200] {logging_mixin.py:154} INFO - [2025-06-01T18:27:27.414+0200] {dag.py:3722} INFO - Setting next_dagrun for latest_only_with_trigger to 2025-06-01T12:27:27.414096+00:00, run_after=2025-06-01T16:27:27.414096+00:00
[2025-06-01T18:27:27.430+0200] {processor.py:179} INFO - Processing /home/lohit/miniconda3/envs/airflow-env/lib/python3.8/site-packages/airflow/example_dags/example_latest_only_with_trigger.py took 0.050 seconds
[2025-06-01T18:28:17.100+0200] {processor.py:157} INFO - Started process (PID=30310) to work on /home/lohit/miniconda3/envs/airflow-env/lib/python3.8/site-packages/airflow/example_dags/example_latest_only_with_trigger.py
[2025-06-01T18:28:17.103+0200] {processor.py:829} INFO - Processing file /home/lohit/miniconda3/envs/airflow-env/lib/python3.8/site-packages/airflow/example_dags/example_latest_only_with_trigger.py for tasks to queue
[2025-06-01T18:28:17.104+0200] {logging_mixin.py:154} INFO - [2025-06-01T18:28:17.103+0200] {dagbag.py:536} INFO - Filling up the DagBag from /home/lohit/miniconda3/envs/airflow-env/lib/python3.8/site-packages/airflow/example_dags/example_latest_only_with_trigger.py
[2025-06-01T18:28:17.108+0200] {processor.py:839} INFO - DAG(s) dict_keys(['latest_only_with_trigger']) retrieved from /home/lohit/miniconda3/envs/airflow-env/lib/python3.8/site-packages/airflow/example_dags/example_latest_only_with_trigger.py
[2025-06-01T18:28:17.119+0200] {logging_mixin.py:154} INFO - [2025-06-01T18:28:17.119+0200] {dag.py:2941} INFO - Sync 1 DAGs
[2025-06-01T18:28:17.130+0200] {logging_mixin.py:154} INFO - [2025-06-01T18:28:17.130+0200] {dag.py:3722} INFO - Setting next_dagrun for latest_only_with_trigger to 2025-06-01T12:28:17.129973+00:00, run_after=2025-06-01T16:28:17.129973+00:00
[2025-06-01T18:28:17.145+0200] {processor.py:179} INFO - Processing /home/lohit/miniconda3/envs/airflow-env/lib/python3.8/site-packages/airflow/example_dags/example_latest_only_with_trigger.py took 0.048 seconds
[2025-06-01T18:29:04.421+0200] {processor.py:157} INFO - Started process (PID=30380) to work on /home/lohit/miniconda3/envs/airflow-env/lib/python3.8/site-packages/airflow/example_dags/example_latest_only_with_trigger.py
[2025-06-01T18:29:04.422+0200] {processor.py:829} INFO - Processing file /home/lohit/miniconda3/envs/airflow-env/lib/python3.8/site-packages/airflow/example_dags/example_latest_only_with_trigger.py for tasks to queue
[2025-06-01T18:29:04.423+0200] {logging_mixin.py:154} INFO - [2025-06-01T18:29:04.423+0200] {dagbag.py:536} INFO - Filling up the DagBag from /home/lohit/miniconda3/envs/airflow-env/lib/python3.8/site-packages/airflow/example_dags/example_latest_only_with_trigger.py
[2025-06-01T18:29:04.428+0200] {processor.py:839} INFO - DAG(s) dict_keys(['latest_only_with_trigger']) retrieved from /home/lohit/miniconda3/envs/airflow-env/lib/python3.8/site-packages/airflow/example_dags/example_latest_only_with_trigger.py
[2025-06-01T18:29:04.439+0200] {logging_mixin.py:154} INFO - [2025-06-01T18:29:04.439+0200] {dag.py:2941} INFO - Sync 1 DAGs
[2025-06-01T18:29:04.451+0200] {logging_mixin.py:154} INFO - [2025-06-01T18:29:04.451+0200] {dag.py:3722} INFO - Setting next_dagrun for latest_only_with_trigger to 2025-06-01T12:29:04.451374+00:00, run_after=2025-06-01T16:29:04.451374+00:00
[2025-06-01T18:29:04.466+0200] {processor.py:179} INFO - Processing /home/lohit/miniconda3/envs/airflow-env/lib/python3.8/site-packages/airflow/example_dags/example_latest_only_with_trigger.py took 0.047 seconds
[2025-06-01T18:29:49.091+0200] {processor.py:157} INFO - Started process (PID=30447) to work on /home/lohit/miniconda3/envs/airflow-env/lib/python3.8/site-packages/airflow/example_dags/example_latest_only_with_trigger.py
[2025-06-01T18:29:49.095+0200] {processor.py:829} INFO - Processing file /home/lohit/miniconda3/envs/airflow-env/lib/python3.8/site-packages/airflow/example_dags/example_latest_only_with_trigger.py for tasks to queue
[2025-06-01T18:29:49.095+0200] {logging_mixin.py:154} INFO - [2025-06-01T18:29:49.095+0200] {dagbag.py:536} INFO - Filling up the DagBag from /home/lohit/miniconda3/envs/airflow-env/lib/python3.8/site-packages/airflow/example_dags/example_latest_only_with_trigger.py
[2025-06-01T18:29:49.100+0200] {processor.py:839} INFO - DAG(s) dict_keys(['latest_only_with_trigger']) retrieved from /home/lohit/miniconda3/envs/airflow-env/lib/python3.8/site-packages/airflow/example_dags/example_latest_only_with_trigger.py
[2025-06-01T18:29:49.110+0200] {logging_mixin.py:154} INFO - [2025-06-01T18:29:49.110+0200] {dag.py:2941} INFO - Sync 1 DAGs
[2025-06-01T18:29:49.121+0200] {logging_mixin.py:154} INFO - [2025-06-01T18:29:49.121+0200] {dag.py:3722} INFO - Setting next_dagrun for latest_only_with_trigger to 2025-06-01T12:29:49.121281+00:00, run_after=2025-06-01T16:29:49.121281+00:00
[2025-06-01T18:29:49.142+0200] {processor.py:179} INFO - Processing /home/lohit/miniconda3/envs/airflow-env/lib/python3.8/site-packages/airflow/example_dags/example_latest_only_with_trigger.py took 0.052 seconds
[2025-06-01T18:30:31.865+0200] {processor.py:157} INFO - Started process (PID=30515) to work on /home/lohit/miniconda3/envs/airflow-env/lib/python3.8/site-packages/airflow/example_dags/example_latest_only_with_trigger.py
[2025-06-01T18:30:31.868+0200] {processor.py:829} INFO - Processing file /home/lohit/miniconda3/envs/airflow-env/lib/python3.8/site-packages/airflow/example_dags/example_latest_only_with_trigger.py for tasks to queue
[2025-06-01T18:30:31.869+0200] {logging_mixin.py:154} INFO - [2025-06-01T18:30:31.868+0200] {dagbag.py:536} INFO - Filling up the DagBag from /home/lohit/miniconda3/envs/airflow-env/lib/python3.8/site-packages/airflow/example_dags/example_latest_only_with_trigger.py
[2025-06-01T18:30:31.873+0200] {processor.py:839} INFO - DAG(s) dict_keys(['latest_only_with_trigger']) retrieved from /home/lohit/miniconda3/envs/airflow-env/lib/python3.8/site-packages/airflow/example_dags/example_latest_only_with_trigger.py
[2025-06-01T18:30:31.885+0200] {logging_mixin.py:154} INFO - [2025-06-01T18:30:31.885+0200] {dag.py:2941} INFO - Sync 1 DAGs
[2025-06-01T18:30:31.896+0200] {logging_mixin.py:154} INFO - [2025-06-01T18:30:31.896+0200] {dag.py:3722} INFO - Setting next_dagrun for latest_only_with_trigger to 2025-06-01T12:30:31.896362+00:00, run_after=2025-06-01T16:30:31.896362+00:00
[2025-06-01T18:30:31.914+0200] {processor.py:179} INFO - Processing /home/lohit/miniconda3/envs/airflow-env/lib/python3.8/site-packages/airflow/example_dags/example_latest_only_with_trigger.py took 0.051 seconds
[2025-06-01T18:31:18.039+0200] {processor.py:157} INFO - Started process (PID=30585) to work on /home/lohit/miniconda3/envs/airflow-env/lib/python3.8/site-packages/airflow/example_dags/example_latest_only_with_trigger.py
[2025-06-01T18:31:18.042+0200] {processor.py:829} INFO - Processing file /home/lohit/miniconda3/envs/airflow-env/lib/python3.8/site-packages/airflow/example_dags/example_latest_only_with_trigger.py for tasks to queue
[2025-06-01T18:31:18.043+0200] {logging_mixin.py:154} INFO - [2025-06-01T18:31:18.043+0200] {dagbag.py:536} INFO - Filling up the DagBag from /home/lohit/miniconda3/envs/airflow-env/lib/python3.8/site-packages/airflow/example_dags/example_latest_only_with_trigger.py
[2025-06-01T18:31:18.047+0200] {processor.py:839} INFO - DAG(s) dict_keys(['latest_only_with_trigger']) retrieved from /home/lohit/miniconda3/envs/airflow-env/lib/python3.8/site-packages/airflow/example_dags/example_latest_only_with_trigger.py
[2025-06-01T18:31:18.058+0200] {logging_mixin.py:154} INFO - [2025-06-01T18:31:18.058+0200] {dag.py:2941} INFO - Sync 1 DAGs
[2025-06-01T18:31:18.069+0200] {logging_mixin.py:154} INFO - [2025-06-01T18:31:18.069+0200] {dag.py:3722} INFO - Setting next_dagrun for latest_only_with_trigger to 2025-06-01T12:31:18.069451+00:00, run_after=2025-06-01T16:31:18.069451+00:00
[2025-06-01T18:31:18.085+0200] {processor.py:179} INFO - Processing /home/lohit/miniconda3/envs/airflow-env/lib/python3.8/site-packages/airflow/example_dags/example_latest_only_with_trigger.py took 0.048 seconds
[2025-06-01T18:32:01.868+0200] {processor.py:157} INFO - Started process (PID=30653) to work on /home/lohit/miniconda3/envs/airflow-env/lib/python3.8/site-packages/airflow/example_dags/example_latest_only_with_trigger.py
[2025-06-01T18:32:01.872+0200] {processor.py:829} INFO - Processing file /home/lohit/miniconda3/envs/airflow-env/lib/python3.8/site-packages/airflow/example_dags/example_latest_only_with_trigger.py for tasks to queue
[2025-06-01T18:32:01.872+0200] {logging_mixin.py:154} INFO - [2025-06-01T18:32:01.872+0200] {dagbag.py:536} INFO - Filling up the DagBag from /home/lohit/miniconda3/envs/airflow-env/lib/python3.8/site-packages/airflow/example_dags/example_latest_only_with_trigger.py
[2025-06-01T18:32:01.878+0200] {processor.py:839} INFO - DAG(s) dict_keys(['latest_only_with_trigger']) retrieved from /home/lohit/miniconda3/envs/airflow-env/lib/python3.8/site-packages/airflow/example_dags/example_latest_only_with_trigger.py
[2025-06-01T18:32:01.889+0200] {logging_mixin.py:154} INFO - [2025-06-01T18:32:01.888+0200] {dag.py:2941} INFO - Sync 1 DAGs
[2025-06-01T18:32:01.900+0200] {logging_mixin.py:154} INFO - [2025-06-01T18:32:01.900+0200] {dag.py:3722} INFO - Setting next_dagrun for latest_only_with_trigger to 2025-06-01T12:32:01.900159+00:00, run_after=2025-06-01T16:32:01.900159+00:00
[2025-06-01T18:32:01.917+0200] {processor.py:179} INFO - Processing /home/lohit/miniconda3/envs/airflow-env/lib/python3.8/site-packages/airflow/example_dags/example_latest_only_with_trigger.py took 0.051 seconds
[2025-06-01T18:32:49.784+0200] {processor.py:157} INFO - Started process (PID=30723) to work on /home/lohit/miniconda3/envs/airflow-env/lib/python3.8/site-packages/airflow/example_dags/example_latest_only_with_trigger.py
[2025-06-01T18:32:49.787+0200] {processor.py:829} INFO - Processing file /home/lohit/miniconda3/envs/airflow-env/lib/python3.8/site-packages/airflow/example_dags/example_latest_only_with_trigger.py for tasks to queue
[2025-06-01T18:32:49.787+0200] {logging_mixin.py:154} INFO - [2025-06-01T18:32:49.787+0200] {dagbag.py:536} INFO - Filling up the DagBag from /home/lohit/miniconda3/envs/airflow-env/lib/python3.8/site-packages/airflow/example_dags/example_latest_only_with_trigger.py
[2025-06-01T18:32:49.791+0200] {processor.py:839} INFO - DAG(s) dict_keys(['latest_only_with_trigger']) retrieved from /home/lohit/miniconda3/envs/airflow-env/lib/python3.8/site-packages/airflow/example_dags/example_latest_only_with_trigger.py
[2025-06-01T18:32:49.801+0200] {logging_mixin.py:154} INFO - [2025-06-01T18:32:49.801+0200] {dag.py:2941} INFO - Sync 1 DAGs
[2025-06-01T18:32:49.813+0200] {logging_mixin.py:154} INFO - [2025-06-01T18:32:49.813+0200] {dag.py:3722} INFO - Setting next_dagrun for latest_only_with_trigger to 2025-06-01T12:32:49.812852+00:00, run_after=2025-06-01T16:32:49.812852+00:00
[2025-06-01T18:32:49.828+0200] {processor.py:179} INFO - Processing /home/lohit/miniconda3/envs/airflow-env/lib/python3.8/site-packages/airflow/example_dags/example_latest_only_with_trigger.py took 0.046 seconds
[2025-06-01T18:33:32.632+0200] {processor.py:157} INFO - Started process (PID=30790) to work on /home/lohit/miniconda3/envs/airflow-env/lib/python3.8/site-packages/airflow/example_dags/example_latest_only_with_trigger.py
[2025-06-01T18:33:32.636+0200] {processor.py:829} INFO - Processing file /home/lohit/miniconda3/envs/airflow-env/lib/python3.8/site-packages/airflow/example_dags/example_latest_only_with_trigger.py for tasks to queue
[2025-06-01T18:33:32.637+0200] {logging_mixin.py:154} INFO - [2025-06-01T18:33:32.636+0200] {dagbag.py:536} INFO - Filling up the DagBag from /home/lohit/miniconda3/envs/airflow-env/lib/python3.8/site-packages/airflow/example_dags/example_latest_only_with_trigger.py
[2025-06-01T18:33:32.641+0200] {processor.py:839} INFO - DAG(s) dict_keys(['latest_only_with_trigger']) retrieved from /home/lohit/miniconda3/envs/airflow-env/lib/python3.8/site-packages/airflow/example_dags/example_latest_only_with_trigger.py
[2025-06-01T18:33:32.652+0200] {logging_mixin.py:154} INFO - [2025-06-01T18:33:32.652+0200] {dag.py:2941} INFO - Sync 1 DAGs
[2025-06-01T18:33:32.663+0200] {logging_mixin.py:154} INFO - [2025-06-01T18:33:32.663+0200] {dag.py:3722} INFO - Setting next_dagrun for latest_only_with_trigger to 2025-06-01T12:33:32.663343+00:00, run_after=2025-06-01T16:33:32.663343+00:00
[2025-06-01T18:33:32.680+0200] {processor.py:179} INFO - Processing /home/lohit/miniconda3/envs/airflow-env/lib/python3.8/site-packages/airflow/example_dags/example_latest_only_with_trigger.py took 0.051 seconds
[2025-06-01T18:34:23.867+0200] {processor.py:157} INFO - Started process (PID=30863) to work on /home/lohit/miniconda3/envs/airflow-env/lib/python3.8/site-packages/airflow/example_dags/example_latest_only_with_trigger.py
[2025-06-01T18:34:23.869+0200] {processor.py:829} INFO - Processing file /home/lohit/miniconda3/envs/airflow-env/lib/python3.8/site-packages/airflow/example_dags/example_latest_only_with_trigger.py for tasks to queue
[2025-06-01T18:34:23.869+0200] {logging_mixin.py:154} INFO - [2025-06-01T18:34:23.869+0200] {dagbag.py:536} INFO - Filling up the DagBag from /home/lohit/miniconda3/envs/airflow-env/lib/python3.8/site-packages/airflow/example_dags/example_latest_only_with_trigger.py
[2025-06-01T18:34:23.875+0200] {processor.py:839} INFO - DAG(s) dict_keys(['latest_only_with_trigger']) retrieved from /home/lohit/miniconda3/envs/airflow-env/lib/python3.8/site-packages/airflow/example_dags/example_latest_only_with_trigger.py
[2025-06-01T18:34:23.886+0200] {logging_mixin.py:154} INFO - [2025-06-01T18:34:23.885+0200] {dag.py:2941} INFO - Sync 1 DAGs
[2025-06-01T18:34:23.897+0200] {logging_mixin.py:154} INFO - [2025-06-01T18:34:23.896+0200] {dag.py:3722} INFO - Setting next_dagrun for latest_only_with_trigger to 2025-06-01T12:34:23.896588+00:00, run_after=2025-06-01T16:34:23.896588+00:00
[2025-06-01T18:34:23.913+0200] {processor.py:179} INFO - Processing /home/lohit/miniconda3/envs/airflow-env/lib/python3.8/site-packages/airflow/example_dags/example_latest_only_with_trigger.py took 0.048 seconds
[2025-06-01T18:35:09.500+0200] {processor.py:157} INFO - Started process (PID=31647) to work on /home/lohit/miniconda3/envs/airflow-env/lib/python3.8/site-packages/airflow/example_dags/example_latest_only_with_trigger.py
[2025-06-01T18:35:09.501+0200] {processor.py:829} INFO - Processing file /home/lohit/miniconda3/envs/airflow-env/lib/python3.8/site-packages/airflow/example_dags/example_latest_only_with_trigger.py for tasks to queue
[2025-06-01T18:35:09.502+0200] {logging_mixin.py:154} INFO - [2025-06-01T18:35:09.501+0200] {dagbag.py:536} INFO - Filling up the DagBag from /home/lohit/miniconda3/envs/airflow-env/lib/python3.8/site-packages/airflow/example_dags/example_latest_only_with_trigger.py
[2025-06-01T18:35:09.507+0200] {processor.py:839} INFO - DAG(s) dict_keys(['latest_only_with_trigger']) retrieved from /home/lohit/miniconda3/envs/airflow-env/lib/python3.8/site-packages/airflow/example_dags/example_latest_only_with_trigger.py
[2025-06-01T18:35:09.521+0200] {logging_mixin.py:154} INFO - [2025-06-01T18:35:09.520+0200] {dag.py:2941} INFO - Sync 1 DAGs
[2025-06-01T18:35:09.541+0200] {logging_mixin.py:154} INFO - [2025-06-01T18:35:09.541+0200] {dag.py:3722} INFO - Setting next_dagrun for latest_only_with_trigger to 2025-06-01T12:35:09.541228+00:00, run_after=2025-06-01T16:35:09.541228+00:00
[2025-06-01T18:35:09.566+0200] {processor.py:179} INFO - Processing /home/lohit/miniconda3/envs/airflow-env/lib/python3.8/site-packages/airflow/example_dags/example_latest_only_with_trigger.py took 0.069 seconds
