[2025-06-01T17:53:00.956+0200] {processor.py:157} INFO - Started process (PID=27073) to work on /home/lohit/miniconda3/envs/airflow-env/lib/python3.8/site-packages/airflow/example_dags/tutorial_taskflow_api.py
[2025-06-01T17:53:00.957+0200] {processor.py:829} INFO - Processing file /home/lohit/miniconda3/envs/airflow-env/lib/python3.8/site-packages/airflow/example_dags/tutorial_taskflow_api.py for tasks to queue
[2025-06-01T17:53:00.957+0200] {logging_mixin.py:154} INFO - [2025-06-01T17:53:00.957+0200] {dagbag.py:536} INFO - Filling up the DagBag from /home/lohit/miniconda3/envs/airflow-env/lib/python3.8/site-packages/airflow/example_dags/tutorial_taskflow_api.py
[2025-06-01T17:53:00.961+0200] {processor.py:839} INFO - DAG(s) dict_keys(['tutorial_taskflow_api']) retrieved from /home/lohit/miniconda3/envs/airflow-env/lib/python3.8/site-packages/airflow/example_dags/tutorial_taskflow_api.py
[2025-06-01T17:53:00.970+0200] {logging_mixin.py:154} INFO - [2025-06-01T17:53:00.970+0200] {dag.py:2941} INFO - Sync 1 DAGs
[2025-06-01T17:53:00.976+0200] {logging_mixin.py:154} INFO - [2025-06-01T17:53:00.976+0200] {dag.py:3722} INFO - Setting next_dagrun for tutorial_taskflow_api to None, run_after=None
[2025-06-01T17:53:00.993+0200] {processor.py:179} INFO - Processing /home/lohit/miniconda3/envs/airflow-env/lib/python3.8/site-packages/airflow/example_dags/tutorial_taskflow_api.py took 0.039 seconds
[2025-06-01T17:53:45.674+0200] {processor.py:157} INFO - Started process (PID=27141) to work on /home/lohit/miniconda3/envs/airflow-env/lib/python3.8/site-packages/airflow/example_dags/tutorial_taskflow_api.py
[2025-06-01T17:53:45.677+0200] {processor.py:829} INFO - Processing file /home/lohit/miniconda3/envs/airflow-env/lib/python3.8/site-packages/airflow/example_dags/tutorial_taskflow_api.py for tasks to queue
[2025-06-01T17:53:45.678+0200] {logging_mixin.py:154} INFO - [2025-06-01T17:53:45.677+0200] {dagbag.py:536} INFO - Filling up the DagBag from /home/lohit/miniconda3/envs/airflow-env/lib/python3.8/site-packages/airflow/example_dags/tutorial_taskflow_api.py
[2025-06-01T17:53:45.681+0200] {processor.py:839} INFO - DAG(s) dict_keys(['tutorial_taskflow_api']) retrieved from /home/lohit/miniconda3/envs/airflow-env/lib/python3.8/site-packages/airflow/example_dags/tutorial_taskflow_api.py
[2025-06-01T17:53:45.692+0200] {logging_mixin.py:154} INFO - [2025-06-01T17:53:45.692+0200] {dag.py:2941} INFO - Sync 1 DAGs
[2025-06-01T17:53:45.698+0200] {logging_mixin.py:154} INFO - [2025-06-01T17:53:45.698+0200] {dag.py:3722} INFO - Setting next_dagrun for tutorial_taskflow_api to None, run_after=None
[2025-06-01T17:53:45.714+0200] {processor.py:179} INFO - Processing /home/lohit/miniconda3/envs/airflow-env/lib/python3.8/site-packages/airflow/example_dags/tutorial_taskflow_api.py took 0.042 seconds
[2025-06-01T17:54:28.509+0200] {processor.py:157} INFO - Started process (PID=27209) to work on /home/lohit/miniconda3/envs/airflow-env/lib/python3.8/site-packages/airflow/example_dags/tutorial_taskflow_api.py
[2025-06-01T17:54:28.510+0200] {processor.py:829} INFO - Processing file /home/lohit/miniconda3/envs/airflow-env/lib/python3.8/site-packages/airflow/example_dags/tutorial_taskflow_api.py for tasks to queue
[2025-06-01T17:54:28.510+0200] {logging_mixin.py:154} INFO - [2025-06-01T17:54:28.510+0200] {dagbag.py:536} INFO - Filling up the DagBag from /home/lohit/miniconda3/envs/airflow-env/lib/python3.8/site-packages/airflow/example_dags/tutorial_taskflow_api.py
[2025-06-01T17:54:28.514+0200] {processor.py:839} INFO - DAG(s) dict_keys(['tutorial_taskflow_api']) retrieved from /home/lohit/miniconda3/envs/airflow-env/lib/python3.8/site-packages/airflow/example_dags/tutorial_taskflow_api.py
[2025-06-01T17:54:28.525+0200] {logging_mixin.py:154} INFO - [2025-06-01T17:54:28.525+0200] {dag.py:2941} INFO - Sync 1 DAGs
[2025-06-01T17:54:28.532+0200] {logging_mixin.py:154} INFO - [2025-06-01T17:54:28.532+0200] {dag.py:3722} INFO - Setting next_dagrun for tutorial_taskflow_api to None, run_after=None
[2025-06-01T17:54:28.549+0200] {processor.py:179} INFO - Processing /home/lohit/miniconda3/envs/airflow-env/lib/python3.8/site-packages/airflow/example_dags/tutorial_taskflow_api.py took 0.042 seconds
[2025-06-01T17:55:17.023+0200] {processor.py:157} INFO - Started process (PID=27279) to work on /home/lohit/miniconda3/envs/airflow-env/lib/python3.8/site-packages/airflow/example_dags/tutorial_taskflow_api.py
[2025-06-01T17:55:17.026+0200] {processor.py:829} INFO - Processing file /home/lohit/miniconda3/envs/airflow-env/lib/python3.8/site-packages/airflow/example_dags/tutorial_taskflow_api.py for tasks to queue
[2025-06-01T17:55:17.027+0200] {logging_mixin.py:154} INFO - [2025-06-01T17:55:17.027+0200] {dagbag.py:536} INFO - Filling up the DagBag from /home/lohit/miniconda3/envs/airflow-env/lib/python3.8/site-packages/airflow/example_dags/tutorial_taskflow_api.py
[2025-06-01T17:55:17.031+0200] {processor.py:839} INFO - DAG(s) dict_keys(['tutorial_taskflow_api']) retrieved from /home/lohit/miniconda3/envs/airflow-env/lib/python3.8/site-packages/airflow/example_dags/tutorial_taskflow_api.py
[2025-06-01T17:55:17.040+0200] {logging_mixin.py:154} INFO - [2025-06-01T17:55:17.040+0200] {dag.py:2941} INFO - Sync 1 DAGs
[2025-06-01T17:55:17.046+0200] {logging_mixin.py:154} INFO - [2025-06-01T17:55:17.046+0200] {dag.py:3722} INFO - Setting next_dagrun for tutorial_taskflow_api to None, run_after=None
[2025-06-01T17:55:17.313+0200] {processor.py:179} INFO - Processing /home/lohit/miniconda3/envs/airflow-env/lib/python3.8/site-packages/airflow/example_dags/tutorial_taskflow_api.py took 0.293 seconds
[2025-06-01T17:56:06.061+0200] {processor.py:157} INFO - Started process (PID=27353) to work on /home/lohit/miniconda3/envs/airflow-env/lib/python3.8/site-packages/airflow/example_dags/tutorial_taskflow_api.py
[2025-06-01T17:56:06.063+0200] {processor.py:829} INFO - Processing file /home/lohit/miniconda3/envs/airflow-env/lib/python3.8/site-packages/airflow/example_dags/tutorial_taskflow_api.py for tasks to queue
[2025-06-01T17:56:06.063+0200] {logging_mixin.py:154} INFO - [2025-06-01T17:56:06.063+0200] {dagbag.py:536} INFO - Filling up the DagBag from /home/lohit/miniconda3/envs/airflow-env/lib/python3.8/site-packages/airflow/example_dags/tutorial_taskflow_api.py
[2025-06-01T17:56:06.067+0200] {processor.py:839} INFO - DAG(s) dict_keys(['tutorial_taskflow_api']) retrieved from /home/lohit/miniconda3/envs/airflow-env/lib/python3.8/site-packages/airflow/example_dags/tutorial_taskflow_api.py
[2025-06-01T17:56:06.078+0200] {logging_mixin.py:154} INFO - [2025-06-01T17:56:06.078+0200] {dag.py:2941} INFO - Sync 1 DAGs
[2025-06-01T17:56:06.084+0200] {logging_mixin.py:154} INFO - [2025-06-01T17:56:06.084+0200] {dag.py:3722} INFO - Setting next_dagrun for tutorial_taskflow_api to None, run_after=None
[2025-06-01T17:56:06.099+0200] {processor.py:179} INFO - Processing /home/lohit/miniconda3/envs/airflow-env/lib/python3.8/site-packages/airflow/example_dags/tutorial_taskflow_api.py took 0.040 seconds
[2025-06-01T17:56:54.086+0200] {processor.py:157} INFO - Started process (PID=27423) to work on /home/lohit/miniconda3/envs/airflow-env/lib/python3.8/site-packages/airflow/example_dags/tutorial_taskflow_api.py
[2025-06-01T17:56:54.090+0200] {processor.py:829} INFO - Processing file /home/lohit/miniconda3/envs/airflow-env/lib/python3.8/site-packages/airflow/example_dags/tutorial_taskflow_api.py for tasks to queue
[2025-06-01T17:56:54.090+0200] {logging_mixin.py:154} INFO - [2025-06-01T17:56:54.090+0200] {dagbag.py:536} INFO - Filling up the DagBag from /home/lohit/miniconda3/envs/airflow-env/lib/python3.8/site-packages/airflow/example_dags/tutorial_taskflow_api.py
[2025-06-01T17:56:54.094+0200] {processor.py:839} INFO - DAG(s) dict_keys(['tutorial_taskflow_api']) retrieved from /home/lohit/miniconda3/envs/airflow-env/lib/python3.8/site-packages/airflow/example_dags/tutorial_taskflow_api.py
[2025-06-01T17:56:54.104+0200] {logging_mixin.py:154} INFO - [2025-06-01T17:56:54.104+0200] {dag.py:2941} INFO - Sync 1 DAGs
[2025-06-01T17:56:54.111+0200] {logging_mixin.py:154} INFO - [2025-06-01T17:56:54.111+0200] {dag.py:3722} INFO - Setting next_dagrun for tutorial_taskflow_api to None, run_after=None
[2025-06-01T17:56:54.132+0200] {processor.py:179} INFO - Processing /home/lohit/miniconda3/envs/airflow-env/lib/python3.8/site-packages/airflow/example_dags/tutorial_taskflow_api.py took 0.048 seconds
[2025-06-01T17:57:39.678+0200] {processor.py:157} INFO - Started process (PID=27492) to work on /home/lohit/miniconda3/envs/airflow-env/lib/python3.8/site-packages/airflow/example_dags/tutorial_taskflow_api.py
[2025-06-01T17:57:39.682+0200] {processor.py:829} INFO - Processing file /home/lohit/miniconda3/envs/airflow-env/lib/python3.8/site-packages/airflow/example_dags/tutorial_taskflow_api.py for tasks to queue
[2025-06-01T17:57:39.682+0200] {logging_mixin.py:154} INFO - [2025-06-01T17:57:39.682+0200] {dagbag.py:536} INFO - Filling up the DagBag from /home/lohit/miniconda3/envs/airflow-env/lib/python3.8/site-packages/airflow/example_dags/tutorial_taskflow_api.py
[2025-06-01T17:57:39.688+0200] {processor.py:839} INFO - DAG(s) dict_keys(['tutorial_taskflow_api']) retrieved from /home/lohit/miniconda3/envs/airflow-env/lib/python3.8/site-packages/airflow/example_dags/tutorial_taskflow_api.py
[2025-06-01T17:57:39.700+0200] {logging_mixin.py:154} INFO - [2025-06-01T17:57:39.700+0200] {dag.py:2941} INFO - Sync 1 DAGs
[2025-06-01T17:57:39.710+0200] {logging_mixin.py:154} INFO - [2025-06-01T17:57:39.709+0200] {dag.py:3722} INFO - Setting next_dagrun for tutorial_taskflow_api to None, run_after=None
[2025-06-01T17:57:39.728+0200] {processor.py:179} INFO - Processing /home/lohit/miniconda3/envs/airflow-env/lib/python3.8/site-packages/airflow/example_dags/tutorial_taskflow_api.py took 0.052 seconds
[2025-06-01T17:58:24.675+0200] {processor.py:157} INFO - Started process (PID=27559) to work on /home/lohit/miniconda3/envs/airflow-env/lib/python3.8/site-packages/airflow/example_dags/tutorial_taskflow_api.py
[2025-06-01T17:58:24.678+0200] {processor.py:829} INFO - Processing file /home/lohit/miniconda3/envs/airflow-env/lib/python3.8/site-packages/airflow/example_dags/tutorial_taskflow_api.py for tasks to queue
[2025-06-01T17:58:24.679+0200] {logging_mixin.py:154} INFO - [2025-06-01T17:58:24.678+0200] {dagbag.py:536} INFO - Filling up the DagBag from /home/lohit/miniconda3/envs/airflow-env/lib/python3.8/site-packages/airflow/example_dags/tutorial_taskflow_api.py
[2025-06-01T17:58:24.682+0200] {processor.py:839} INFO - DAG(s) dict_keys(['tutorial_taskflow_api']) retrieved from /home/lohit/miniconda3/envs/airflow-env/lib/python3.8/site-packages/airflow/example_dags/tutorial_taskflow_api.py
[2025-06-01T17:58:24.692+0200] {logging_mixin.py:154} INFO - [2025-06-01T17:58:24.692+0200] {dag.py:2941} INFO - Sync 1 DAGs
[2025-06-01T17:58:24.698+0200] {logging_mixin.py:154} INFO - [2025-06-01T17:58:24.698+0200] {dag.py:3722} INFO - Setting next_dagrun for tutorial_taskflow_api to None, run_after=None
[2025-06-01T17:58:24.713+0200] {processor.py:179} INFO - Processing /home/lohit/miniconda3/envs/airflow-env/lib/python3.8/site-packages/airflow/example_dags/tutorial_taskflow_api.py took 0.040 seconds
[2025-06-01T17:59:12.065+0200] {processor.py:157} INFO - Started process (PID=27630) to work on /home/lohit/miniconda3/envs/airflow-env/lib/python3.8/site-packages/airflow/example_dags/tutorial_taskflow_api.py
[2025-06-01T17:59:12.067+0200] {processor.py:829} INFO - Processing file /home/lohit/miniconda3/envs/airflow-env/lib/python3.8/site-packages/airflow/example_dags/tutorial_taskflow_api.py for tasks to queue
[2025-06-01T17:59:12.067+0200] {logging_mixin.py:154} INFO - [2025-06-01T17:59:12.067+0200] {dagbag.py:536} INFO - Filling up the DagBag from /home/lohit/miniconda3/envs/airflow-env/lib/python3.8/site-packages/airflow/example_dags/tutorial_taskflow_api.py
[2025-06-01T17:59:12.071+0200] {processor.py:839} INFO - DAG(s) dict_keys(['tutorial_taskflow_api']) retrieved from /home/lohit/miniconda3/envs/airflow-env/lib/python3.8/site-packages/airflow/example_dags/tutorial_taskflow_api.py
[2025-06-01T17:59:12.081+0200] {logging_mixin.py:154} INFO - [2025-06-01T17:59:12.080+0200] {dag.py:2941} INFO - Sync 1 DAGs
[2025-06-01T17:59:12.088+0200] {logging_mixin.py:154} INFO - [2025-06-01T17:59:12.088+0200] {dag.py:3722} INFO - Setting next_dagrun for tutorial_taskflow_api to None, run_after=None
[2025-06-01T17:59:12.104+0200] {processor.py:179} INFO - Processing /home/lohit/miniconda3/envs/airflow-env/lib/python3.8/site-packages/airflow/example_dags/tutorial_taskflow_api.py took 0.041 seconds
[2025-06-01T17:59:55.460+0200] {processor.py:157} INFO - Started process (PID=27697) to work on /home/lohit/miniconda3/envs/airflow-env/lib/python3.8/site-packages/airflow/example_dags/tutorial_taskflow_api.py
[2025-06-01T17:59:55.463+0200] {processor.py:829} INFO - Processing file /home/lohit/miniconda3/envs/airflow-env/lib/python3.8/site-packages/airflow/example_dags/tutorial_taskflow_api.py for tasks to queue
[2025-06-01T17:59:55.464+0200] {logging_mixin.py:154} INFO - [2025-06-01T17:59:55.464+0200] {dagbag.py:536} INFO - Filling up the DagBag from /home/lohit/miniconda3/envs/airflow-env/lib/python3.8/site-packages/airflow/example_dags/tutorial_taskflow_api.py
[2025-06-01T17:59:55.468+0200] {processor.py:839} INFO - DAG(s) dict_keys(['tutorial_taskflow_api']) retrieved from /home/lohit/miniconda3/envs/airflow-env/lib/python3.8/site-packages/airflow/example_dags/tutorial_taskflow_api.py
[2025-06-01T17:59:55.477+0200] {logging_mixin.py:154} INFO - [2025-06-01T17:59:55.477+0200] {dag.py:2941} INFO - Sync 1 DAGs
[2025-06-01T17:59:55.483+0200] {logging_mixin.py:154} INFO - [2025-06-01T17:59:55.483+0200] {dag.py:3722} INFO - Setting next_dagrun for tutorial_taskflow_api to None, run_after=None
[2025-06-01T17:59:55.499+0200] {processor.py:179} INFO - Processing /home/lohit/miniconda3/envs/airflow-env/lib/python3.8/site-packages/airflow/example_dags/tutorial_taskflow_api.py took 0.040 seconds
[2025-06-01T18:00:45.613+0200] {processor.py:157} INFO - Started process (PID=27770) to work on /home/lohit/miniconda3/envs/airflow-env/lib/python3.8/site-packages/airflow/example_dags/tutorial_taskflow_api.py
[2025-06-01T18:00:45.616+0200] {processor.py:829} INFO - Processing file /home/lohit/miniconda3/envs/airflow-env/lib/python3.8/site-packages/airflow/example_dags/tutorial_taskflow_api.py for tasks to queue
[2025-06-01T18:00:45.616+0200] {logging_mixin.py:154} INFO - [2025-06-01T18:00:45.616+0200] {dagbag.py:536} INFO - Filling up the DagBag from /home/lohit/miniconda3/envs/airflow-env/lib/python3.8/site-packages/airflow/example_dags/tutorial_taskflow_api.py
[2025-06-01T18:00:45.620+0200] {processor.py:839} INFO - DAG(s) dict_keys(['tutorial_taskflow_api']) retrieved from /home/lohit/miniconda3/envs/airflow-env/lib/python3.8/site-packages/airflow/example_dags/tutorial_taskflow_api.py
[2025-06-01T18:00:45.629+0200] {logging_mixin.py:154} INFO - [2025-06-01T18:00:45.629+0200] {dag.py:2941} INFO - Sync 1 DAGs
[2025-06-01T18:00:45.636+0200] {logging_mixin.py:154} INFO - [2025-06-01T18:00:45.636+0200] {dag.py:3722} INFO - Setting next_dagrun for tutorial_taskflow_api to None, run_after=None
[2025-06-01T18:00:45.653+0200] {processor.py:179} INFO - Processing /home/lohit/miniconda3/envs/airflow-env/lib/python3.8/site-packages/airflow/example_dags/tutorial_taskflow_api.py took 0.042 seconds
[2025-06-01T18:01:33.080+0200] {processor.py:157} INFO - Started process (PID=27871) to work on /home/lohit/miniconda3/envs/airflow-env/lib/python3.8/site-packages/airflow/example_dags/tutorial_taskflow_api.py
[2025-06-01T18:01:33.084+0200] {processor.py:829} INFO - Processing file /home/lohit/miniconda3/envs/airflow-env/lib/python3.8/site-packages/airflow/example_dags/tutorial_taskflow_api.py for tasks to queue
[2025-06-01T18:01:33.084+0200] {logging_mixin.py:154} INFO - [2025-06-01T18:01:33.084+0200] {dagbag.py:536} INFO - Filling up the DagBag from /home/lohit/miniconda3/envs/airflow-env/lib/python3.8/site-packages/airflow/example_dags/tutorial_taskflow_api.py
[2025-06-01T18:01:33.088+0200] {processor.py:839} INFO - DAG(s) dict_keys(['tutorial_taskflow_api']) retrieved from /home/lohit/miniconda3/envs/airflow-env/lib/python3.8/site-packages/airflow/example_dags/tutorial_taskflow_api.py
[2025-06-01T18:01:33.098+0200] {logging_mixin.py:154} INFO - [2025-06-01T18:01:33.098+0200] {dag.py:2941} INFO - Sync 1 DAGs
[2025-06-01T18:01:33.104+0200] {logging_mixin.py:154} INFO - [2025-06-01T18:01:33.104+0200] {dag.py:3722} INFO - Setting next_dagrun for tutorial_taskflow_api to None, run_after=None
[2025-06-01T18:01:33.122+0200] {processor.py:179} INFO - Processing /home/lohit/miniconda3/envs/airflow-env/lib/python3.8/site-packages/airflow/example_dags/tutorial_taskflow_api.py took 0.043 seconds
[2025-06-01T18:02:15.839+0200] {processor.py:157} INFO - Started process (PID=27939) to work on /home/lohit/miniconda3/envs/airflow-env/lib/python3.8/site-packages/airflow/example_dags/tutorial_taskflow_api.py
[2025-06-01T18:02:15.843+0200] {processor.py:829} INFO - Processing file /home/lohit/miniconda3/envs/airflow-env/lib/python3.8/site-packages/airflow/example_dags/tutorial_taskflow_api.py for tasks to queue
[2025-06-01T18:02:15.844+0200] {logging_mixin.py:154} INFO - [2025-06-01T18:02:15.843+0200] {dagbag.py:536} INFO - Filling up the DagBag from /home/lohit/miniconda3/envs/airflow-env/lib/python3.8/site-packages/airflow/example_dags/tutorial_taskflow_api.py
[2025-06-01T18:02:15.848+0200] {processor.py:839} INFO - DAG(s) dict_keys(['tutorial_taskflow_api']) retrieved from /home/lohit/miniconda3/envs/airflow-env/lib/python3.8/site-packages/airflow/example_dags/tutorial_taskflow_api.py
[2025-06-01T18:02:15.858+0200] {logging_mixin.py:154} INFO - [2025-06-01T18:02:15.857+0200] {dag.py:2941} INFO - Sync 1 DAGs
[2025-06-01T18:02:15.864+0200] {logging_mixin.py:154} INFO - [2025-06-01T18:02:15.864+0200] {dag.py:3722} INFO - Setting next_dagrun for tutorial_taskflow_api to None, run_after=None
[2025-06-01T18:02:15.880+0200] {processor.py:179} INFO - Processing /home/lohit/miniconda3/envs/airflow-env/lib/python3.8/site-packages/airflow/example_dags/tutorial_taskflow_api.py took 0.043 seconds
[2025-06-01T18:03:02.135+0200] {processor.py:157} INFO - Started process (PID=28015) to work on /home/lohit/miniconda3/envs/airflow-env/lib/python3.8/site-packages/airflow/example_dags/tutorial_taskflow_api.py
[2025-06-01T18:03:02.139+0200] {processor.py:829} INFO - Processing file /home/lohit/miniconda3/envs/airflow-env/lib/python3.8/site-packages/airflow/example_dags/tutorial_taskflow_api.py for tasks to queue
[2025-06-01T18:03:02.139+0200] {logging_mixin.py:154} INFO - [2025-06-01T18:03:02.139+0200] {dagbag.py:536} INFO - Filling up the DagBag from /home/lohit/miniconda3/envs/airflow-env/lib/python3.8/site-packages/airflow/example_dags/tutorial_taskflow_api.py
[2025-06-01T18:03:02.143+0200] {processor.py:839} INFO - DAG(s) dict_keys(['tutorial_taskflow_api']) retrieved from /home/lohit/miniconda3/envs/airflow-env/lib/python3.8/site-packages/airflow/example_dags/tutorial_taskflow_api.py
[2025-06-01T18:03:02.152+0200] {logging_mixin.py:154} INFO - [2025-06-01T18:03:02.152+0200] {dag.py:2941} INFO - Sync 1 DAGs
[2025-06-01T18:03:02.161+0200] {logging_mixin.py:154} INFO - [2025-06-01T18:03:02.161+0200] {dag.py:3722} INFO - Setting next_dagrun for tutorial_taskflow_api to None, run_after=None
[2025-06-01T18:03:02.176+0200] {processor.py:179} INFO - Processing /home/lohit/miniconda3/envs/airflow-env/lib/python3.8/site-packages/airflow/example_dags/tutorial_taskflow_api.py took 0.043 seconds
[2025-06-01T18:03:51.516+0200] {processor.py:157} INFO - Started process (PID=28090) to work on /home/lohit/miniconda3/envs/airflow-env/lib/python3.8/site-packages/airflow/example_dags/tutorial_taskflow_api.py
[2025-06-01T18:03:51.517+0200] {processor.py:829} INFO - Processing file /home/lohit/miniconda3/envs/airflow-env/lib/python3.8/site-packages/airflow/example_dags/tutorial_taskflow_api.py for tasks to queue
[2025-06-01T18:03:51.517+0200] {logging_mixin.py:154} INFO - [2025-06-01T18:03:51.517+0200] {dagbag.py:536} INFO - Filling up the DagBag from /home/lohit/miniconda3/envs/airflow-env/lib/python3.8/site-packages/airflow/example_dags/tutorial_taskflow_api.py
[2025-06-01T18:03:51.523+0200] {processor.py:839} INFO - DAG(s) dict_keys(['tutorial_taskflow_api']) retrieved from /home/lohit/miniconda3/envs/airflow-env/lib/python3.8/site-packages/airflow/example_dags/tutorial_taskflow_api.py
[2025-06-01T18:03:51.532+0200] {logging_mixin.py:154} INFO - [2025-06-01T18:03:51.532+0200] {dag.py:2941} INFO - Sync 1 DAGs
[2025-06-01T18:03:51.539+0200] {logging_mixin.py:154} INFO - [2025-06-01T18:03:51.539+0200] {dag.py:3722} INFO - Setting next_dagrun for tutorial_taskflow_api to None, run_after=None
[2025-06-01T18:03:51.555+0200] {processor.py:179} INFO - Processing /home/lohit/miniconda3/envs/airflow-env/lib/python3.8/site-packages/airflow/example_dags/tutorial_taskflow_api.py took 0.041 seconds
[2025-06-01T18:04:35.976+0200] {processor.py:157} INFO - Started process (PID=28163) to work on /home/lohit/miniconda3/envs/airflow-env/lib/python3.8/site-packages/airflow/example_dags/tutorial_taskflow_api.py
[2025-06-01T18:04:35.980+0200] {processor.py:829} INFO - Processing file /home/lohit/miniconda3/envs/airflow-env/lib/python3.8/site-packages/airflow/example_dags/tutorial_taskflow_api.py for tasks to queue
[2025-06-01T18:04:35.980+0200] {logging_mixin.py:154} INFO - [2025-06-01T18:04:35.980+0200] {dagbag.py:536} INFO - Filling up the DagBag from /home/lohit/miniconda3/envs/airflow-env/lib/python3.8/site-packages/airflow/example_dags/tutorial_taskflow_api.py
[2025-06-01T18:04:35.984+0200] {processor.py:839} INFO - DAG(s) dict_keys(['tutorial_taskflow_api']) retrieved from /home/lohit/miniconda3/envs/airflow-env/lib/python3.8/site-packages/airflow/example_dags/tutorial_taskflow_api.py
[2025-06-01T18:04:35.993+0200] {logging_mixin.py:154} INFO - [2025-06-01T18:04:35.993+0200] {dag.py:2941} INFO - Sync 1 DAGs
[2025-06-01T18:04:36.000+0200] {logging_mixin.py:154} INFO - [2025-06-01T18:04:36.000+0200] {dag.py:3722} INFO - Setting next_dagrun for tutorial_taskflow_api to None, run_after=None
[2025-06-01T18:04:36.015+0200] {processor.py:179} INFO - Processing /home/lohit/miniconda3/envs/airflow-env/lib/python3.8/site-packages/airflow/example_dags/tutorial_taskflow_api.py took 0.040 seconds
[2025-06-01T18:05:26.192+0200] {processor.py:157} INFO - Started process (PID=28242) to work on /home/lohit/miniconda3/envs/airflow-env/lib/python3.8/site-packages/airflow/example_dags/tutorial_taskflow_api.py
[2025-06-01T18:05:26.195+0200] {processor.py:829} INFO - Processing file /home/lohit/miniconda3/envs/airflow-env/lib/python3.8/site-packages/airflow/example_dags/tutorial_taskflow_api.py for tasks to queue
[2025-06-01T18:05:26.196+0200] {logging_mixin.py:154} INFO - [2025-06-01T18:05:26.196+0200] {dagbag.py:536} INFO - Filling up the DagBag from /home/lohit/miniconda3/envs/airflow-env/lib/python3.8/site-packages/airflow/example_dags/tutorial_taskflow_api.py
[2025-06-01T18:05:26.200+0200] {processor.py:839} INFO - DAG(s) dict_keys(['tutorial_taskflow_api']) retrieved from /home/lohit/miniconda3/envs/airflow-env/lib/python3.8/site-packages/airflow/example_dags/tutorial_taskflow_api.py
[2025-06-01T18:05:26.212+0200] {logging_mixin.py:154} INFO - [2025-06-01T18:05:26.212+0200] {dag.py:2941} INFO - Sync 1 DAGs
[2025-06-01T18:05:26.219+0200] {logging_mixin.py:154} INFO - [2025-06-01T18:05:26.219+0200] {dag.py:3722} INFO - Setting next_dagrun for tutorial_taskflow_api to None, run_after=None
[2025-06-01T18:05:26.235+0200] {processor.py:179} INFO - Processing /home/lohit/miniconda3/envs/airflow-env/lib/python3.8/site-packages/airflow/example_dags/tutorial_taskflow_api.py took 0.045 seconds
[2025-06-01T18:06:17.501+0200] {processor.py:157} INFO - Started process (PID=28323) to work on /home/lohit/miniconda3/envs/airflow-env/lib/python3.8/site-packages/airflow/example_dags/tutorial_taskflow_api.py
[2025-06-01T18:06:17.505+0200] {processor.py:829} INFO - Processing file /home/lohit/miniconda3/envs/airflow-env/lib/python3.8/site-packages/airflow/example_dags/tutorial_taskflow_api.py for tasks to queue
[2025-06-01T18:06:17.505+0200] {logging_mixin.py:154} INFO - [2025-06-01T18:06:17.505+0200] {dagbag.py:536} INFO - Filling up the DagBag from /home/lohit/miniconda3/envs/airflow-env/lib/python3.8/site-packages/airflow/example_dags/tutorial_taskflow_api.py
[2025-06-01T18:06:17.509+0200] {processor.py:839} INFO - DAG(s) dict_keys(['tutorial_taskflow_api']) retrieved from /home/lohit/miniconda3/envs/airflow-env/lib/python3.8/site-packages/airflow/example_dags/tutorial_taskflow_api.py
[2025-06-01T18:06:17.521+0200] {logging_mixin.py:154} INFO - [2025-06-01T18:06:17.521+0200] {dag.py:2941} INFO - Sync 1 DAGs
[2025-06-01T18:06:17.528+0200] {logging_mixin.py:154} INFO - [2025-06-01T18:06:17.528+0200] {dag.py:3722} INFO - Setting next_dagrun for tutorial_taskflow_api to None, run_after=None
[2025-06-01T18:06:17.549+0200] {processor.py:179} INFO - Processing /home/lohit/miniconda3/envs/airflow-env/lib/python3.8/site-packages/airflow/example_dags/tutorial_taskflow_api.py took 0.051 seconds
[2025-06-01T18:07:02.688+0200] {processor.py:157} INFO - Started process (PID=28391) to work on /home/lohit/miniconda3/envs/airflow-env/lib/python3.8/site-packages/airflow/example_dags/tutorial_taskflow_api.py
[2025-06-01T18:07:02.692+0200] {processor.py:829} INFO - Processing file /home/lohit/miniconda3/envs/airflow-env/lib/python3.8/site-packages/airflow/example_dags/tutorial_taskflow_api.py for tasks to queue
[2025-06-01T18:07:02.692+0200] {logging_mixin.py:154} INFO - [2025-06-01T18:07:02.692+0200] {dagbag.py:536} INFO - Filling up the DagBag from /home/lohit/miniconda3/envs/airflow-env/lib/python3.8/site-packages/airflow/example_dags/tutorial_taskflow_api.py
[2025-06-01T18:07:02.697+0200] {processor.py:839} INFO - DAG(s) dict_keys(['tutorial_taskflow_api']) retrieved from /home/lohit/miniconda3/envs/airflow-env/lib/python3.8/site-packages/airflow/example_dags/tutorial_taskflow_api.py
[2025-06-01T18:07:02.710+0200] {logging_mixin.py:154} INFO - [2025-06-01T18:07:02.710+0200] {dag.py:2941} INFO - Sync 1 DAGs
[2025-06-01T18:07:02.716+0200] {logging_mixin.py:154} INFO - [2025-06-01T18:07:02.716+0200] {dag.py:3722} INFO - Setting next_dagrun for tutorial_taskflow_api to None, run_after=None
[2025-06-01T18:07:02.731+0200] {processor.py:179} INFO - Processing /home/lohit/miniconda3/envs/airflow-env/lib/python3.8/site-packages/airflow/example_dags/tutorial_taskflow_api.py took 0.045 seconds
[2025-06-01T18:07:49.747+0200] {processor.py:157} INFO - Started process (PID=28461) to work on /home/lohit/miniconda3/envs/airflow-env/lib/python3.8/site-packages/airflow/example_dags/tutorial_taskflow_api.py
[2025-06-01T18:07:49.750+0200] {processor.py:829} INFO - Processing file /home/lohit/miniconda3/envs/airflow-env/lib/python3.8/site-packages/airflow/example_dags/tutorial_taskflow_api.py for tasks to queue
[2025-06-01T18:07:49.751+0200] {logging_mixin.py:154} INFO - [2025-06-01T18:07:49.750+0200] {dagbag.py:536} INFO - Filling up the DagBag from /home/lohit/miniconda3/envs/airflow-env/lib/python3.8/site-packages/airflow/example_dags/tutorial_taskflow_api.py
[2025-06-01T18:07:49.754+0200] {processor.py:839} INFO - DAG(s) dict_keys(['tutorial_taskflow_api']) retrieved from /home/lohit/miniconda3/envs/airflow-env/lib/python3.8/site-packages/airflow/example_dags/tutorial_taskflow_api.py
[2025-06-01T18:07:49.764+0200] {logging_mixin.py:154} INFO - [2025-06-01T18:07:49.763+0200] {dag.py:2941} INFO - Sync 1 DAGs
[2025-06-01T18:07:49.769+0200] {logging_mixin.py:154} INFO - [2025-06-01T18:07:49.769+0200] {dag.py:3722} INFO - Setting next_dagrun for tutorial_taskflow_api to None, run_after=None
[2025-06-01T18:07:49.784+0200] {processor.py:179} INFO - Processing /home/lohit/miniconda3/envs/airflow-env/lib/python3.8/site-packages/airflow/example_dags/tutorial_taskflow_api.py took 0.039 seconds
[2025-06-01T18:08:37.141+0200] {processor.py:157} INFO - Started process (PID=28535) to work on /home/lohit/miniconda3/envs/airflow-env/lib/python3.8/site-packages/airflow/example_dags/tutorial_taskflow_api.py
[2025-06-01T18:08:37.144+0200] {processor.py:829} INFO - Processing file /home/lohit/miniconda3/envs/airflow-env/lib/python3.8/site-packages/airflow/example_dags/tutorial_taskflow_api.py for tasks to queue
[2025-06-01T18:08:37.145+0200] {logging_mixin.py:154} INFO - [2025-06-01T18:08:37.145+0200] {dagbag.py:536} INFO - Filling up the DagBag from /home/lohit/miniconda3/envs/airflow-env/lib/python3.8/site-packages/airflow/example_dags/tutorial_taskflow_api.py
[2025-06-01T18:08:37.149+0200] {processor.py:839} INFO - DAG(s) dict_keys(['tutorial_taskflow_api']) retrieved from /home/lohit/miniconda3/envs/airflow-env/lib/python3.8/site-packages/airflow/example_dags/tutorial_taskflow_api.py
[2025-06-01T18:08:37.159+0200] {logging_mixin.py:154} INFO - [2025-06-01T18:08:37.159+0200] {dag.py:2941} INFO - Sync 1 DAGs
[2025-06-01T18:08:37.167+0200] {logging_mixin.py:154} INFO - [2025-06-01T18:08:37.166+0200] {dag.py:3722} INFO - Setting next_dagrun for tutorial_taskflow_api to None, run_after=None
[2025-06-01T18:08:37.183+0200] {processor.py:179} INFO - Processing /home/lohit/miniconda3/envs/airflow-env/lib/python3.8/site-packages/airflow/example_dags/tutorial_taskflow_api.py took 0.044 seconds
[2025-06-01T18:09:27.114+0200] {processor.py:157} INFO - Started process (PID=28608) to work on /home/lohit/miniconda3/envs/airflow-env/lib/python3.8/site-packages/airflow/example_dags/tutorial_taskflow_api.py
[2025-06-01T18:09:27.117+0200] {processor.py:829} INFO - Processing file /home/lohit/miniconda3/envs/airflow-env/lib/python3.8/site-packages/airflow/example_dags/tutorial_taskflow_api.py for tasks to queue
[2025-06-01T18:09:27.118+0200] {logging_mixin.py:154} INFO - [2025-06-01T18:09:27.118+0200] {dagbag.py:536} INFO - Filling up the DagBag from /home/lohit/miniconda3/envs/airflow-env/lib/python3.8/site-packages/airflow/example_dags/tutorial_taskflow_api.py
[2025-06-01T18:09:27.122+0200] {processor.py:839} INFO - DAG(s) dict_keys(['tutorial_taskflow_api']) retrieved from /home/lohit/miniconda3/envs/airflow-env/lib/python3.8/site-packages/airflow/example_dags/tutorial_taskflow_api.py
[2025-06-01T18:09:27.131+0200] {logging_mixin.py:154} INFO - [2025-06-01T18:09:27.131+0200] {dag.py:2941} INFO - Sync 1 DAGs
[2025-06-01T18:09:27.137+0200] {logging_mixin.py:154} INFO - [2025-06-01T18:09:27.137+0200] {dag.py:3722} INFO - Setting next_dagrun for tutorial_taskflow_api to None, run_after=None
[2025-06-01T18:09:27.153+0200] {processor.py:179} INFO - Processing /home/lohit/miniconda3/envs/airflow-env/lib/python3.8/site-packages/airflow/example_dags/tutorial_taskflow_api.py took 0.041 seconds
[2025-06-01T18:10:14.668+0200] {processor.py:157} INFO - Started process (PID=28690) to work on /home/lohit/miniconda3/envs/airflow-env/lib/python3.8/site-packages/airflow/example_dags/tutorial_taskflow_api.py
[2025-06-01T18:10:14.671+0200] {processor.py:829} INFO - Processing file /home/lohit/miniconda3/envs/airflow-env/lib/python3.8/site-packages/airflow/example_dags/tutorial_taskflow_api.py for tasks to queue
[2025-06-01T18:10:14.672+0200] {logging_mixin.py:154} INFO - [2025-06-01T18:10:14.672+0200] {dagbag.py:536} INFO - Filling up the DagBag from /home/lohit/miniconda3/envs/airflow-env/lib/python3.8/site-packages/airflow/example_dags/tutorial_taskflow_api.py
[2025-06-01T18:10:14.676+0200] {processor.py:839} INFO - DAG(s) dict_keys(['tutorial_taskflow_api']) retrieved from /home/lohit/miniconda3/envs/airflow-env/lib/python3.8/site-packages/airflow/example_dags/tutorial_taskflow_api.py
[2025-06-01T18:10:14.686+0200] {logging_mixin.py:154} INFO - [2025-06-01T18:10:14.686+0200] {dag.py:2941} INFO - Sync 1 DAGs
[2025-06-01T18:10:14.693+0200] {logging_mixin.py:154} INFO - [2025-06-01T18:10:14.693+0200] {dag.py:3722} INFO - Setting next_dagrun for tutorial_taskflow_api to None, run_after=None
[2025-06-01T18:10:14.709+0200] {processor.py:179} INFO - Processing /home/lohit/miniconda3/envs/airflow-env/lib/python3.8/site-packages/airflow/example_dags/tutorial_taskflow_api.py took 0.043 seconds
[2025-06-01T18:11:03.384+0200] {processor.py:157} INFO - Started process (PID=28763) to work on /home/lohit/miniconda3/envs/airflow-env/lib/python3.8/site-packages/airflow/example_dags/tutorial_taskflow_api.py
[2025-06-01T18:11:03.388+0200] {processor.py:829} INFO - Processing file /home/lohit/miniconda3/envs/airflow-env/lib/python3.8/site-packages/airflow/example_dags/tutorial_taskflow_api.py for tasks to queue
[2025-06-01T18:11:03.388+0200] {logging_mixin.py:154} INFO - [2025-06-01T18:11:03.388+0200] {dagbag.py:536} INFO - Filling up the DagBag from /home/lohit/miniconda3/envs/airflow-env/lib/python3.8/site-packages/airflow/example_dags/tutorial_taskflow_api.py
[2025-06-01T18:11:03.392+0200] {processor.py:839} INFO - DAG(s) dict_keys(['tutorial_taskflow_api']) retrieved from /home/lohit/miniconda3/envs/airflow-env/lib/python3.8/site-packages/airflow/example_dags/tutorial_taskflow_api.py
[2025-06-01T18:11:03.402+0200] {logging_mixin.py:154} INFO - [2025-06-01T18:11:03.402+0200] {dag.py:2941} INFO - Sync 1 DAGs
[2025-06-01T18:11:03.409+0200] {logging_mixin.py:154} INFO - [2025-06-01T18:11:03.409+0200] {dag.py:3722} INFO - Setting next_dagrun for tutorial_taskflow_api to None, run_after=None
[2025-06-01T18:11:03.424+0200] {processor.py:179} INFO - Processing /home/lohit/miniconda3/envs/airflow-env/lib/python3.8/site-packages/airflow/example_dags/tutorial_taskflow_api.py took 0.043 seconds
[2025-06-01T18:11:51.573+0200] {processor.py:157} INFO - Started process (PID=28833) to work on /home/lohit/miniconda3/envs/airflow-env/lib/python3.8/site-packages/airflow/example_dags/tutorial_taskflow_api.py
[2025-06-01T18:11:51.576+0200] {processor.py:829} INFO - Processing file /home/lohit/miniconda3/envs/airflow-env/lib/python3.8/site-packages/airflow/example_dags/tutorial_taskflow_api.py for tasks to queue
[2025-06-01T18:11:51.577+0200] {logging_mixin.py:154} INFO - [2025-06-01T18:11:51.577+0200] {dagbag.py:536} INFO - Filling up the DagBag from /home/lohit/miniconda3/envs/airflow-env/lib/python3.8/site-packages/airflow/example_dags/tutorial_taskflow_api.py
[2025-06-01T18:11:51.581+0200] {processor.py:839} INFO - DAG(s) dict_keys(['tutorial_taskflow_api']) retrieved from /home/lohit/miniconda3/envs/airflow-env/lib/python3.8/site-packages/airflow/example_dags/tutorial_taskflow_api.py
[2025-06-01T18:11:51.591+0200] {logging_mixin.py:154} INFO - [2025-06-01T18:11:51.590+0200] {dag.py:2941} INFO - Sync 1 DAGs
[2025-06-01T18:11:51.597+0200] {logging_mixin.py:154} INFO - [2025-06-01T18:11:51.597+0200] {dag.py:3722} INFO - Setting next_dagrun for tutorial_taskflow_api to None, run_after=None
[2025-06-01T18:11:51.613+0200] {processor.py:179} INFO - Processing /home/lohit/miniconda3/envs/airflow-env/lib/python3.8/site-packages/airflow/example_dags/tutorial_taskflow_api.py took 0.042 seconds
[2025-06-01T18:12:42.688+0200] {processor.py:157} INFO - Started process (PID=28914) to work on /home/lohit/miniconda3/envs/airflow-env/lib/python3.8/site-packages/airflow/example_dags/tutorial_taskflow_api.py
[2025-06-01T18:12:42.689+0200] {processor.py:829} INFO - Processing file /home/lohit/miniconda3/envs/airflow-env/lib/python3.8/site-packages/airflow/example_dags/tutorial_taskflow_api.py for tasks to queue
[2025-06-01T18:12:42.690+0200] {logging_mixin.py:154} INFO - [2025-06-01T18:12:42.690+0200] {dagbag.py:536} INFO - Filling up the DagBag from /home/lohit/miniconda3/envs/airflow-env/lib/python3.8/site-packages/airflow/example_dags/tutorial_taskflow_api.py
[2025-06-01T18:12:42.694+0200] {processor.py:839} INFO - DAG(s) dict_keys(['tutorial_taskflow_api']) retrieved from /home/lohit/miniconda3/envs/airflow-env/lib/python3.8/site-packages/airflow/example_dags/tutorial_taskflow_api.py
[2025-06-01T18:12:42.704+0200] {logging_mixin.py:154} INFO - [2025-06-01T18:12:42.704+0200] {dag.py:2941} INFO - Sync 1 DAGs
[2025-06-01T18:12:42.710+0200] {logging_mixin.py:154} INFO - [2025-06-01T18:12:42.710+0200] {dag.py:3722} INFO - Setting next_dagrun for tutorial_taskflow_api to None, run_after=None
[2025-06-01T18:12:42.726+0200] {processor.py:179} INFO - Processing /home/lohit/miniconda3/envs/airflow-env/lib/python3.8/site-packages/airflow/example_dags/tutorial_taskflow_api.py took 0.040 seconds
[2025-06-01T18:13:30.121+0200] {processor.py:157} INFO - Started process (PID=28985) to work on /home/lohit/miniconda3/envs/airflow-env/lib/python3.8/site-packages/airflow/example_dags/tutorial_taskflow_api.py
[2025-06-01T18:13:30.124+0200] {processor.py:829} INFO - Processing file /home/lohit/miniconda3/envs/airflow-env/lib/python3.8/site-packages/airflow/example_dags/tutorial_taskflow_api.py for tasks to queue
[2025-06-01T18:13:30.125+0200] {logging_mixin.py:154} INFO - [2025-06-01T18:13:30.125+0200] {dagbag.py:536} INFO - Filling up the DagBag from /home/lohit/miniconda3/envs/airflow-env/lib/python3.8/site-packages/airflow/example_dags/tutorial_taskflow_api.py
[2025-06-01T18:13:30.129+0200] {processor.py:839} INFO - DAG(s) dict_keys(['tutorial_taskflow_api']) retrieved from /home/lohit/miniconda3/envs/airflow-env/lib/python3.8/site-packages/airflow/example_dags/tutorial_taskflow_api.py
[2025-06-01T18:13:30.139+0200] {logging_mixin.py:154} INFO - [2025-06-01T18:13:30.139+0200] {dag.py:2941} INFO - Sync 1 DAGs
[2025-06-01T18:13:30.145+0200] {logging_mixin.py:154} INFO - [2025-06-01T18:13:30.145+0200] {dag.py:3722} INFO - Setting next_dagrun for tutorial_taskflow_api to None, run_after=None
[2025-06-01T18:13:30.161+0200] {processor.py:179} INFO - Processing /home/lohit/miniconda3/envs/airflow-env/lib/python3.8/site-packages/airflow/example_dags/tutorial_taskflow_api.py took 0.042 seconds
[2025-06-01T18:14:14.679+0200] {processor.py:157} INFO - Started process (PID=29053) to work on /home/lohit/miniconda3/envs/airflow-env/lib/python3.8/site-packages/airflow/example_dags/tutorial_taskflow_api.py
[2025-06-01T18:14:14.682+0200] {processor.py:829} INFO - Processing file /home/lohit/miniconda3/envs/airflow-env/lib/python3.8/site-packages/airflow/example_dags/tutorial_taskflow_api.py for tasks to queue
[2025-06-01T18:14:14.683+0200] {logging_mixin.py:154} INFO - [2025-06-01T18:14:14.683+0200] {dagbag.py:536} INFO - Filling up the DagBag from /home/lohit/miniconda3/envs/airflow-env/lib/python3.8/site-packages/airflow/example_dags/tutorial_taskflow_api.py
[2025-06-01T18:14:14.687+0200] {processor.py:839} INFO - DAG(s) dict_keys(['tutorial_taskflow_api']) retrieved from /home/lohit/miniconda3/envs/airflow-env/lib/python3.8/site-packages/airflow/example_dags/tutorial_taskflow_api.py
[2025-06-01T18:14:14.699+0200] {logging_mixin.py:154} INFO - [2025-06-01T18:14:14.699+0200] {dag.py:2941} INFO - Sync 1 DAGs
[2025-06-01T18:14:14.706+0200] {logging_mixin.py:154} INFO - [2025-06-01T18:14:14.706+0200] {dag.py:3722} INFO - Setting next_dagrun for tutorial_taskflow_api to None, run_after=None
[2025-06-01T18:14:14.723+0200] {processor.py:179} INFO - Processing /home/lohit/miniconda3/envs/airflow-env/lib/python3.8/site-packages/airflow/example_dags/tutorial_taskflow_api.py took 0.046 seconds
[2025-06-01T18:14:57.259+0200] {processor.py:157} INFO - Started process (PID=29119) to work on /home/lohit/miniconda3/envs/airflow-env/lib/python3.8/site-packages/airflow/example_dags/tutorial_taskflow_api.py
[2025-06-01T18:14:57.263+0200] {processor.py:829} INFO - Processing file /home/lohit/miniconda3/envs/airflow-env/lib/python3.8/site-packages/airflow/example_dags/tutorial_taskflow_api.py for tasks to queue
[2025-06-01T18:14:57.263+0200] {logging_mixin.py:154} INFO - [2025-06-01T18:14:57.263+0200] {dagbag.py:536} INFO - Filling up the DagBag from /home/lohit/miniconda3/envs/airflow-env/lib/python3.8/site-packages/airflow/example_dags/tutorial_taskflow_api.py
[2025-06-01T18:14:57.267+0200] {processor.py:839} INFO - DAG(s) dict_keys(['tutorial_taskflow_api']) retrieved from /home/lohit/miniconda3/envs/airflow-env/lib/python3.8/site-packages/airflow/example_dags/tutorial_taskflow_api.py
[2025-06-01T18:14:57.278+0200] {logging_mixin.py:154} INFO - [2025-06-01T18:14:57.278+0200] {dag.py:2941} INFO - Sync 1 DAGs
[2025-06-01T18:14:57.285+0200] {logging_mixin.py:154} INFO - [2025-06-01T18:14:57.284+0200] {dag.py:3722} INFO - Setting next_dagrun for tutorial_taskflow_api to None, run_after=None
[2025-06-01T18:14:57.302+0200] {processor.py:179} INFO - Processing /home/lohit/miniconda3/envs/airflow-env/lib/python3.8/site-packages/airflow/example_dags/tutorial_taskflow_api.py took 0.045 seconds
[2025-06-01T18:15:47.129+0200] {processor.py:157} INFO - Started process (PID=29191) to work on /home/lohit/miniconda3/envs/airflow-env/lib/python3.8/site-packages/airflow/example_dags/tutorial_taskflow_api.py
[2025-06-01T18:15:47.133+0200] {processor.py:829} INFO - Processing file /home/lohit/miniconda3/envs/airflow-env/lib/python3.8/site-packages/airflow/example_dags/tutorial_taskflow_api.py for tasks to queue
[2025-06-01T18:15:47.133+0200] {logging_mixin.py:154} INFO - [2025-06-01T18:15:47.133+0200] {dagbag.py:536} INFO - Filling up the DagBag from /home/lohit/miniconda3/envs/airflow-env/lib/python3.8/site-packages/airflow/example_dags/tutorial_taskflow_api.py
[2025-06-01T18:15:47.138+0200] {processor.py:839} INFO - DAG(s) dict_keys(['tutorial_taskflow_api']) retrieved from /home/lohit/miniconda3/envs/airflow-env/lib/python3.8/site-packages/airflow/example_dags/tutorial_taskflow_api.py
[2025-06-01T18:15:47.148+0200] {logging_mixin.py:154} INFO - [2025-06-01T18:15:47.148+0200] {dag.py:2941} INFO - Sync 1 DAGs
[2025-06-01T18:15:47.156+0200] {logging_mixin.py:154} INFO - [2025-06-01T18:15:47.156+0200] {dag.py:3722} INFO - Setting next_dagrun for tutorial_taskflow_api to None, run_after=None
[2025-06-01T18:15:47.172+0200] {processor.py:179} INFO - Processing /home/lohit/miniconda3/envs/airflow-env/lib/python3.8/site-packages/airflow/example_dags/tutorial_taskflow_api.py took 0.046 seconds
[2025-06-01T18:16:36.340+0200] {processor.py:157} INFO - Started process (PID=29264) to work on /home/lohit/miniconda3/envs/airflow-env/lib/python3.8/site-packages/airflow/example_dags/tutorial_taskflow_api.py
[2025-06-01T18:16:36.343+0200] {processor.py:829} INFO - Processing file /home/lohit/miniconda3/envs/airflow-env/lib/python3.8/site-packages/airflow/example_dags/tutorial_taskflow_api.py for tasks to queue
[2025-06-01T18:16:36.344+0200] {logging_mixin.py:154} INFO - [2025-06-01T18:16:36.343+0200] {dagbag.py:536} INFO - Filling up the DagBag from /home/lohit/miniconda3/envs/airflow-env/lib/python3.8/site-packages/airflow/example_dags/tutorial_taskflow_api.py
[2025-06-01T18:16:36.348+0200] {processor.py:839} INFO - DAG(s) dict_keys(['tutorial_taskflow_api']) retrieved from /home/lohit/miniconda3/envs/airflow-env/lib/python3.8/site-packages/airflow/example_dags/tutorial_taskflow_api.py
[2025-06-01T18:16:36.357+0200] {logging_mixin.py:154} INFO - [2025-06-01T18:16:36.357+0200] {dag.py:2941} INFO - Sync 1 DAGs
[2025-06-01T18:16:36.363+0200] {logging_mixin.py:154} INFO - [2025-06-01T18:16:36.363+0200] {dag.py:3722} INFO - Setting next_dagrun for tutorial_taskflow_api to None, run_after=None
[2025-06-01T18:16:36.378+0200] {processor.py:179} INFO - Processing /home/lohit/miniconda3/envs/airflow-env/lib/python3.8/site-packages/airflow/example_dags/tutorial_taskflow_api.py took 0.040 seconds
[2025-06-01T18:17:24.762+0200] {processor.py:157} INFO - Started process (PID=29337) to work on /home/lohit/miniconda3/envs/airflow-env/lib/python3.8/site-packages/airflow/example_dags/tutorial_taskflow_api.py
[2025-06-01T18:17:24.765+0200] {processor.py:829} INFO - Processing file /home/lohit/miniconda3/envs/airflow-env/lib/python3.8/site-packages/airflow/example_dags/tutorial_taskflow_api.py for tasks to queue
[2025-06-01T18:17:24.766+0200] {logging_mixin.py:154} INFO - [2025-06-01T18:17:24.766+0200] {dagbag.py:536} INFO - Filling up the DagBag from /home/lohit/miniconda3/envs/airflow-env/lib/python3.8/site-packages/airflow/example_dags/tutorial_taskflow_api.py
[2025-06-01T18:17:24.771+0200] {processor.py:839} INFO - DAG(s) dict_keys(['tutorial_taskflow_api']) retrieved from /home/lohit/miniconda3/envs/airflow-env/lib/python3.8/site-packages/airflow/example_dags/tutorial_taskflow_api.py
[2025-06-01T18:17:24.782+0200] {logging_mixin.py:154} INFO - [2025-06-01T18:17:24.781+0200] {dag.py:2941} INFO - Sync 1 DAGs
[2025-06-01T18:17:24.789+0200] {logging_mixin.py:154} INFO - [2025-06-01T18:17:24.789+0200] {dag.py:3722} INFO - Setting next_dagrun for tutorial_taskflow_api to None, run_after=None
[2025-06-01T18:17:24.807+0200] {processor.py:179} INFO - Processing /home/lohit/miniconda3/envs/airflow-env/lib/python3.8/site-packages/airflow/example_dags/tutorial_taskflow_api.py took 0.048 seconds
[2025-06-01T18:18:08.727+0200] {processor.py:157} INFO - Started process (PID=29405) to work on /home/lohit/miniconda3/envs/airflow-env/lib/python3.8/site-packages/airflow/example_dags/tutorial_taskflow_api.py
[2025-06-01T18:18:08.729+0200] {processor.py:829} INFO - Processing file /home/lohit/miniconda3/envs/airflow-env/lib/python3.8/site-packages/airflow/example_dags/tutorial_taskflow_api.py for tasks to queue
[2025-06-01T18:18:08.729+0200] {logging_mixin.py:154} INFO - [2025-06-01T18:18:08.729+0200] {dagbag.py:536} INFO - Filling up the DagBag from /home/lohit/miniconda3/envs/airflow-env/lib/python3.8/site-packages/airflow/example_dags/tutorial_taskflow_api.py
[2025-06-01T18:18:08.733+0200] {processor.py:839} INFO - DAG(s) dict_keys(['tutorial_taskflow_api']) retrieved from /home/lohit/miniconda3/envs/airflow-env/lib/python3.8/site-packages/airflow/example_dags/tutorial_taskflow_api.py
[2025-06-01T18:18:08.744+0200] {logging_mixin.py:154} INFO - [2025-06-01T18:18:08.744+0200] {dag.py:2941} INFO - Sync 1 DAGs
[2025-06-01T18:18:08.751+0200] {logging_mixin.py:154} INFO - [2025-06-01T18:18:08.751+0200] {dag.py:3722} INFO - Setting next_dagrun for tutorial_taskflow_api to None, run_after=None
[2025-06-01T18:18:08.768+0200] {processor.py:179} INFO - Processing /home/lohit/miniconda3/envs/airflow-env/lib/python3.8/site-packages/airflow/example_dags/tutorial_taskflow_api.py took 0.044 seconds
[2025-06-01T18:18:55.172+0200] {processor.py:157} INFO - Started process (PID=29475) to work on /home/lohit/miniconda3/envs/airflow-env/lib/python3.8/site-packages/airflow/example_dags/tutorial_taskflow_api.py
[2025-06-01T18:18:55.175+0200] {processor.py:829} INFO - Processing file /home/lohit/miniconda3/envs/airflow-env/lib/python3.8/site-packages/airflow/example_dags/tutorial_taskflow_api.py for tasks to queue
[2025-06-01T18:18:55.176+0200] {logging_mixin.py:154} INFO - [2025-06-01T18:18:55.176+0200] {dagbag.py:536} INFO - Filling up the DagBag from /home/lohit/miniconda3/envs/airflow-env/lib/python3.8/site-packages/airflow/example_dags/tutorial_taskflow_api.py
[2025-06-01T18:18:55.182+0200] {processor.py:839} INFO - DAG(s) dict_keys(['tutorial_taskflow_api']) retrieved from /home/lohit/miniconda3/envs/airflow-env/lib/python3.8/site-packages/airflow/example_dags/tutorial_taskflow_api.py
[2025-06-01T18:18:55.192+0200] {logging_mixin.py:154} INFO - [2025-06-01T18:18:55.192+0200] {dag.py:2941} INFO - Sync 1 DAGs
[2025-06-01T18:18:55.199+0200] {logging_mixin.py:154} INFO - [2025-06-01T18:18:55.199+0200] {dag.py:3722} INFO - Setting next_dagrun for tutorial_taskflow_api to None, run_after=None
[2025-06-01T18:18:55.216+0200] {processor.py:179} INFO - Processing /home/lohit/miniconda3/envs/airflow-env/lib/python3.8/site-packages/airflow/example_dags/tutorial_taskflow_api.py took 0.047 seconds
[2025-06-01T18:19:45.366+0200] {processor.py:157} INFO - Started process (PID=29546) to work on /home/lohit/miniconda3/envs/airflow-env/lib/python3.8/site-packages/airflow/example_dags/tutorial_taskflow_api.py
[2025-06-01T18:19:45.369+0200] {processor.py:829} INFO - Processing file /home/lohit/miniconda3/envs/airflow-env/lib/python3.8/site-packages/airflow/example_dags/tutorial_taskflow_api.py for tasks to queue
[2025-06-01T18:19:45.370+0200] {logging_mixin.py:154} INFO - [2025-06-01T18:19:45.369+0200] {dagbag.py:536} INFO - Filling up the DagBag from /home/lohit/miniconda3/envs/airflow-env/lib/python3.8/site-packages/airflow/example_dags/tutorial_taskflow_api.py
[2025-06-01T18:19:45.374+0200] {processor.py:839} INFO - DAG(s) dict_keys(['tutorial_taskflow_api']) retrieved from /home/lohit/miniconda3/envs/airflow-env/lib/python3.8/site-packages/airflow/example_dags/tutorial_taskflow_api.py
[2025-06-01T18:19:45.385+0200] {logging_mixin.py:154} INFO - [2025-06-01T18:19:45.385+0200] {dag.py:2941} INFO - Sync 1 DAGs
[2025-06-01T18:19:45.393+0200] {logging_mixin.py:154} INFO - [2025-06-01T18:19:45.393+0200] {dag.py:3722} INFO - Setting next_dagrun for tutorial_taskflow_api to None, run_after=None
[2025-06-01T18:19:45.410+0200] {processor.py:179} INFO - Processing /home/lohit/miniconda3/envs/airflow-env/lib/python3.8/site-packages/airflow/example_dags/tutorial_taskflow_api.py took 0.047 seconds
[2025-06-01T18:20:31.553+0200] {processor.py:157} INFO - Started process (PID=29615) to work on /home/lohit/miniconda3/envs/airflow-env/lib/python3.8/site-packages/airflow/example_dags/tutorial_taskflow_api.py
[2025-06-01T18:20:31.557+0200] {processor.py:829} INFO - Processing file /home/lohit/miniconda3/envs/airflow-env/lib/python3.8/site-packages/airflow/example_dags/tutorial_taskflow_api.py for tasks to queue
[2025-06-01T18:20:31.557+0200] {logging_mixin.py:154} INFO - [2025-06-01T18:20:31.557+0200] {dagbag.py:536} INFO - Filling up the DagBag from /home/lohit/miniconda3/envs/airflow-env/lib/python3.8/site-packages/airflow/example_dags/tutorial_taskflow_api.py
[2025-06-01T18:20:31.561+0200] {processor.py:839} INFO - DAG(s) dict_keys(['tutorial_taskflow_api']) retrieved from /home/lohit/miniconda3/envs/airflow-env/lib/python3.8/site-packages/airflow/example_dags/tutorial_taskflow_api.py
[2025-06-01T18:20:31.572+0200] {logging_mixin.py:154} INFO - [2025-06-01T18:20:31.572+0200] {dag.py:2941} INFO - Sync 1 DAGs
[2025-06-01T18:20:31.579+0200] {logging_mixin.py:154} INFO - [2025-06-01T18:20:31.579+0200] {dag.py:3722} INFO - Setting next_dagrun for tutorial_taskflow_api to None, run_after=None
[2025-06-01T18:20:31.594+0200] {processor.py:179} INFO - Processing /home/lohit/miniconda3/envs/airflow-env/lib/python3.8/site-packages/airflow/example_dags/tutorial_taskflow_api.py took 0.043 seconds
[2025-06-01T18:21:19.868+0200] {processor.py:157} INFO - Started process (PID=29688) to work on /home/lohit/miniconda3/envs/airflow-env/lib/python3.8/site-packages/airflow/example_dags/tutorial_taskflow_api.py
[2025-06-01T18:21:19.872+0200] {processor.py:829} INFO - Processing file /home/lohit/miniconda3/envs/airflow-env/lib/python3.8/site-packages/airflow/example_dags/tutorial_taskflow_api.py for tasks to queue
[2025-06-01T18:21:19.873+0200] {logging_mixin.py:154} INFO - [2025-06-01T18:21:19.872+0200] {dagbag.py:536} INFO - Filling up the DagBag from /home/lohit/miniconda3/envs/airflow-env/lib/python3.8/site-packages/airflow/example_dags/tutorial_taskflow_api.py
[2025-06-01T18:21:19.877+0200] {processor.py:839} INFO - DAG(s) dict_keys(['tutorial_taskflow_api']) retrieved from /home/lohit/miniconda3/envs/airflow-env/lib/python3.8/site-packages/airflow/example_dags/tutorial_taskflow_api.py
[2025-06-01T18:21:19.887+0200] {logging_mixin.py:154} INFO - [2025-06-01T18:21:19.887+0200] {dag.py:2941} INFO - Sync 1 DAGs
[2025-06-01T18:21:19.894+0200] {logging_mixin.py:154} INFO - [2025-06-01T18:21:19.894+0200] {dag.py:3722} INFO - Setting next_dagrun for tutorial_taskflow_api to None, run_after=None
[2025-06-01T18:21:19.910+0200] {processor.py:179} INFO - Processing /home/lohit/miniconda3/envs/airflow-env/lib/python3.8/site-packages/airflow/example_dags/tutorial_taskflow_api.py took 0.044 seconds
[2025-06-01T18:22:08.186+0200] {processor.py:157} INFO - Started process (PID=29759) to work on /home/lohit/miniconda3/envs/airflow-env/lib/python3.8/site-packages/airflow/example_dags/tutorial_taskflow_api.py
[2025-06-01T18:22:08.188+0200] {processor.py:829} INFO - Processing file /home/lohit/miniconda3/envs/airflow-env/lib/python3.8/site-packages/airflow/example_dags/tutorial_taskflow_api.py for tasks to queue
[2025-06-01T18:22:08.188+0200] {logging_mixin.py:154} INFO - [2025-06-01T18:22:08.188+0200] {dagbag.py:536} INFO - Filling up the DagBag from /home/lohit/miniconda3/envs/airflow-env/lib/python3.8/site-packages/airflow/example_dags/tutorial_taskflow_api.py
[2025-06-01T18:22:08.193+0200] {processor.py:839} INFO - DAG(s) dict_keys(['tutorial_taskflow_api']) retrieved from /home/lohit/miniconda3/envs/airflow-env/lib/python3.8/site-packages/airflow/example_dags/tutorial_taskflow_api.py
[2025-06-01T18:22:08.202+0200] {logging_mixin.py:154} INFO - [2025-06-01T18:22:08.202+0200] {dag.py:2941} INFO - Sync 1 DAGs
[2025-06-01T18:22:08.211+0200] {logging_mixin.py:154} INFO - [2025-06-01T18:22:08.210+0200] {dag.py:3722} INFO - Setting next_dagrun for tutorial_taskflow_api to None, run_after=None
[2025-06-01T18:22:08.226+0200] {processor.py:179} INFO - Processing /home/lohit/miniconda3/envs/airflow-env/lib/python3.8/site-packages/airflow/example_dags/tutorial_taskflow_api.py took 0.042 seconds
[2025-06-01T18:22:54.660+0200] {processor.py:157} INFO - Started process (PID=29828) to work on /home/lohit/miniconda3/envs/airflow-env/lib/python3.8/site-packages/airflow/example_dags/tutorial_taskflow_api.py
[2025-06-01T18:22:54.662+0200] {processor.py:829} INFO - Processing file /home/lohit/miniconda3/envs/airflow-env/lib/python3.8/site-packages/airflow/example_dags/tutorial_taskflow_api.py for tasks to queue
[2025-06-01T18:22:54.662+0200] {logging_mixin.py:154} INFO - [2025-06-01T18:22:54.662+0200] {dagbag.py:536} INFO - Filling up the DagBag from /home/lohit/miniconda3/envs/airflow-env/lib/python3.8/site-packages/airflow/example_dags/tutorial_taskflow_api.py
[2025-06-01T18:22:54.666+0200] {processor.py:839} INFO - DAG(s) dict_keys(['tutorial_taskflow_api']) retrieved from /home/lohit/miniconda3/envs/airflow-env/lib/python3.8/site-packages/airflow/example_dags/tutorial_taskflow_api.py
[2025-06-01T18:22:54.676+0200] {logging_mixin.py:154} INFO - [2025-06-01T18:22:54.676+0200] {dag.py:2941} INFO - Sync 1 DAGs
[2025-06-01T18:22:54.683+0200] {logging_mixin.py:154} INFO - [2025-06-01T18:22:54.683+0200] {dag.py:3722} INFO - Setting next_dagrun for tutorial_taskflow_api to None, run_after=None
[2025-06-01T18:22:54.699+0200] {processor.py:179} INFO - Processing /home/lohit/miniconda3/envs/airflow-env/lib/python3.8/site-packages/airflow/example_dags/tutorial_taskflow_api.py took 0.041 seconds
[2025-06-01T18:23:45.087+0200] {processor.py:157} INFO - Started process (PID=29900) to work on /home/lohit/miniconda3/envs/airflow-env/lib/python3.8/site-packages/airflow/example_dags/tutorial_taskflow_api.py
[2025-06-01T18:23:45.090+0200] {processor.py:829} INFO - Processing file /home/lohit/miniconda3/envs/airflow-env/lib/python3.8/site-packages/airflow/example_dags/tutorial_taskflow_api.py for tasks to queue
[2025-06-01T18:23:45.090+0200] {logging_mixin.py:154} INFO - [2025-06-01T18:23:45.090+0200] {dagbag.py:536} INFO - Filling up the DagBag from /home/lohit/miniconda3/envs/airflow-env/lib/python3.8/site-packages/airflow/example_dags/tutorial_taskflow_api.py
[2025-06-01T18:23:45.094+0200] {processor.py:839} INFO - DAG(s) dict_keys(['tutorial_taskflow_api']) retrieved from /home/lohit/miniconda3/envs/airflow-env/lib/python3.8/site-packages/airflow/example_dags/tutorial_taskflow_api.py
[2025-06-01T18:23:45.104+0200] {logging_mixin.py:154} INFO - [2025-06-01T18:23:45.103+0200] {dag.py:2941} INFO - Sync 1 DAGs
[2025-06-01T18:23:45.110+0200] {logging_mixin.py:154} INFO - [2025-06-01T18:23:45.110+0200] {dag.py:3722} INFO - Setting next_dagrun for tutorial_taskflow_api to None, run_after=None
[2025-06-01T18:23:45.127+0200] {processor.py:179} INFO - Processing /home/lohit/miniconda3/envs/airflow-env/lib/python3.8/site-packages/airflow/example_dags/tutorial_taskflow_api.py took 0.042 seconds
[2025-06-01T18:24:29.452+0200] {processor.py:157} INFO - Started process (PID=29968) to work on /home/lohit/miniconda3/envs/airflow-env/lib/python3.8/site-packages/airflow/example_dags/tutorial_taskflow_api.py
[2025-06-01T18:24:29.456+0200] {processor.py:829} INFO - Processing file /home/lohit/miniconda3/envs/airflow-env/lib/python3.8/site-packages/airflow/example_dags/tutorial_taskflow_api.py for tasks to queue
[2025-06-01T18:24:29.457+0200] {logging_mixin.py:154} INFO - [2025-06-01T18:24:29.456+0200] {dagbag.py:536} INFO - Filling up the DagBag from /home/lohit/miniconda3/envs/airflow-env/lib/python3.8/site-packages/airflow/example_dags/tutorial_taskflow_api.py
[2025-06-01T18:24:29.461+0200] {processor.py:839} INFO - DAG(s) dict_keys(['tutorial_taskflow_api']) retrieved from /home/lohit/miniconda3/envs/airflow-env/lib/python3.8/site-packages/airflow/example_dags/tutorial_taskflow_api.py
[2025-06-01T18:24:29.471+0200] {logging_mixin.py:154} INFO - [2025-06-01T18:24:29.471+0200] {dag.py:2941} INFO - Sync 1 DAGs
[2025-06-01T18:24:29.477+0200] {logging_mixin.py:154} INFO - [2025-06-01T18:24:29.477+0200] {dag.py:3722} INFO - Setting next_dagrun for tutorial_taskflow_api to None, run_after=None
[2025-06-01T18:24:29.491+0200] {processor.py:179} INFO - Processing /home/lohit/miniconda3/envs/airflow-env/lib/python3.8/site-packages/airflow/example_dags/tutorial_taskflow_api.py took 0.041 seconds
[2025-06-01T18:25:18.573+0200] {processor.py:157} INFO - Started process (PID=30039) to work on /home/lohit/miniconda3/envs/airflow-env/lib/python3.8/site-packages/airflow/example_dags/tutorial_taskflow_api.py
[2025-06-01T18:25:18.575+0200] {processor.py:829} INFO - Processing file /home/lohit/miniconda3/envs/airflow-env/lib/python3.8/site-packages/airflow/example_dags/tutorial_taskflow_api.py for tasks to queue
[2025-06-01T18:25:18.576+0200] {logging_mixin.py:154} INFO - [2025-06-01T18:25:18.575+0200] {dagbag.py:536} INFO - Filling up the DagBag from /home/lohit/miniconda3/envs/airflow-env/lib/python3.8/site-packages/airflow/example_dags/tutorial_taskflow_api.py
[2025-06-01T18:25:18.581+0200] {processor.py:839} INFO - DAG(s) dict_keys(['tutorial_taskflow_api']) retrieved from /home/lohit/miniconda3/envs/airflow-env/lib/python3.8/site-packages/airflow/example_dags/tutorial_taskflow_api.py
[2025-06-01T18:25:18.592+0200] {logging_mixin.py:154} INFO - [2025-06-01T18:25:18.591+0200] {dag.py:2941} INFO - Sync 1 DAGs
[2025-06-01T18:25:18.599+0200] {logging_mixin.py:154} INFO - [2025-06-01T18:25:18.599+0200] {dag.py:3722} INFO - Setting next_dagrun for tutorial_taskflow_api to None, run_after=None
[2025-06-01T18:25:18.619+0200] {processor.py:179} INFO - Processing /home/lohit/miniconda3/envs/airflow-env/lib/python3.8/site-packages/airflow/example_dags/tutorial_taskflow_api.py took 0.048 seconds
[2025-06-01T18:26:05.049+0200] {processor.py:157} INFO - Started process (PID=30110) to work on /home/lohit/miniconda3/envs/airflow-env/lib/python3.8/site-packages/airflow/example_dags/tutorial_taskflow_api.py
[2025-06-01T18:26:05.053+0200] {processor.py:829} INFO - Processing file /home/lohit/miniconda3/envs/airflow-env/lib/python3.8/site-packages/airflow/example_dags/tutorial_taskflow_api.py for tasks to queue
[2025-06-01T18:26:05.053+0200] {logging_mixin.py:154} INFO - [2025-06-01T18:26:05.053+0200] {dagbag.py:536} INFO - Filling up the DagBag from /home/lohit/miniconda3/envs/airflow-env/lib/python3.8/site-packages/airflow/example_dags/tutorial_taskflow_api.py
[2025-06-01T18:26:05.058+0200] {processor.py:839} INFO - DAG(s) dict_keys(['tutorial_taskflow_api']) retrieved from /home/lohit/miniconda3/envs/airflow-env/lib/python3.8/site-packages/airflow/example_dags/tutorial_taskflow_api.py
[2025-06-01T18:26:05.070+0200] {logging_mixin.py:154} INFO - [2025-06-01T18:26:05.070+0200] {dag.py:2941} INFO - Sync 1 DAGs
[2025-06-01T18:26:05.077+0200] {logging_mixin.py:154} INFO - [2025-06-01T18:26:05.077+0200] {dag.py:3722} INFO - Setting next_dagrun for tutorial_taskflow_api to None, run_after=None
[2025-06-01T18:26:05.096+0200] {processor.py:179} INFO - Processing /home/lohit/miniconda3/envs/airflow-env/lib/python3.8/site-packages/airflow/example_dags/tutorial_taskflow_api.py took 0.049 seconds
[2025-06-01T18:26:52.700+0200] {processor.py:157} INFO - Started process (PID=30180) to work on /home/lohit/miniconda3/envs/airflow-env/lib/python3.8/site-packages/airflow/example_dags/tutorial_taskflow_api.py
[2025-06-01T18:26:52.703+0200] {processor.py:829} INFO - Processing file /home/lohit/miniconda3/envs/airflow-env/lib/python3.8/site-packages/airflow/example_dags/tutorial_taskflow_api.py for tasks to queue
[2025-06-01T18:26:52.703+0200] {logging_mixin.py:154} INFO - [2025-06-01T18:26:52.703+0200] {dagbag.py:536} INFO - Filling up the DagBag from /home/lohit/miniconda3/envs/airflow-env/lib/python3.8/site-packages/airflow/example_dags/tutorial_taskflow_api.py
[2025-06-01T18:26:52.708+0200] {processor.py:839} INFO - DAG(s) dict_keys(['tutorial_taskflow_api']) retrieved from /home/lohit/miniconda3/envs/airflow-env/lib/python3.8/site-packages/airflow/example_dags/tutorial_taskflow_api.py
[2025-06-01T18:26:52.718+0200] {logging_mixin.py:154} INFO - [2025-06-01T18:26:52.718+0200] {dag.py:2941} INFO - Sync 1 DAGs
[2025-06-01T18:26:52.725+0200] {logging_mixin.py:154} INFO - [2025-06-01T18:26:52.725+0200] {dag.py:3722} INFO - Setting next_dagrun for tutorial_taskflow_api to None, run_after=None
[2025-06-01T18:26:52.743+0200] {processor.py:179} INFO - Processing /home/lohit/miniconda3/envs/airflow-env/lib/python3.8/site-packages/airflow/example_dags/tutorial_taskflow_api.py took 0.046 seconds
[2025-06-01T18:27:36.819+0200] {processor.py:157} INFO - Started process (PID=30248) to work on /home/lohit/miniconda3/envs/airflow-env/lib/python3.8/site-packages/airflow/example_dags/tutorial_taskflow_api.py
[2025-06-01T18:27:36.822+0200] {processor.py:829} INFO - Processing file /home/lohit/miniconda3/envs/airflow-env/lib/python3.8/site-packages/airflow/example_dags/tutorial_taskflow_api.py for tasks to queue
[2025-06-01T18:27:36.823+0200] {logging_mixin.py:154} INFO - [2025-06-01T18:27:36.823+0200] {dagbag.py:536} INFO - Filling up the DagBag from /home/lohit/miniconda3/envs/airflow-env/lib/python3.8/site-packages/airflow/example_dags/tutorial_taskflow_api.py
[2025-06-01T18:27:36.828+0200] {processor.py:839} INFO - DAG(s) dict_keys(['tutorial_taskflow_api']) retrieved from /home/lohit/miniconda3/envs/airflow-env/lib/python3.8/site-packages/airflow/example_dags/tutorial_taskflow_api.py
[2025-06-01T18:27:36.843+0200] {logging_mixin.py:154} INFO - [2025-06-01T18:27:36.842+0200] {dag.py:2941} INFO - Sync 1 DAGs
[2025-06-01T18:27:36.852+0200] {logging_mixin.py:154} INFO - [2025-06-01T18:27:36.852+0200] {dag.py:3722} INFO - Setting next_dagrun for tutorial_taskflow_api to None, run_after=None
[2025-06-01T18:27:36.871+0200] {processor.py:179} INFO - Processing /home/lohit/miniconda3/envs/airflow-env/lib/python3.8/site-packages/airflow/example_dags/tutorial_taskflow_api.py took 0.054 seconds
[2025-06-01T18:28:26.252+0200] {processor.py:157} INFO - Started process (PID=30319) to work on /home/lohit/miniconda3/envs/airflow-env/lib/python3.8/site-packages/airflow/example_dags/tutorial_taskflow_api.py
[2025-06-01T18:28:26.253+0200] {processor.py:829} INFO - Processing file /home/lohit/miniconda3/envs/airflow-env/lib/python3.8/site-packages/airflow/example_dags/tutorial_taskflow_api.py for tasks to queue
[2025-06-01T18:28:26.253+0200] {logging_mixin.py:154} INFO - [2025-06-01T18:28:26.253+0200] {dagbag.py:536} INFO - Filling up the DagBag from /home/lohit/miniconda3/envs/airflow-env/lib/python3.8/site-packages/airflow/example_dags/tutorial_taskflow_api.py
[2025-06-01T18:28:26.257+0200] {processor.py:839} INFO - DAG(s) dict_keys(['tutorial_taskflow_api']) retrieved from /home/lohit/miniconda3/envs/airflow-env/lib/python3.8/site-packages/airflow/example_dags/tutorial_taskflow_api.py
[2025-06-01T18:28:26.266+0200] {logging_mixin.py:154} INFO - [2025-06-01T18:28:26.266+0200] {dag.py:2941} INFO - Sync 1 DAGs
[2025-06-01T18:28:26.274+0200] {logging_mixin.py:154} INFO - [2025-06-01T18:28:26.274+0200] {dag.py:3722} INFO - Setting next_dagrun for tutorial_taskflow_api to None, run_after=None
[2025-06-01T18:28:26.294+0200] {processor.py:179} INFO - Processing /home/lohit/miniconda3/envs/airflow-env/lib/python3.8/site-packages/airflow/example_dags/tutorial_taskflow_api.py took 0.045 seconds
[2025-06-01T18:29:11.308+0200] {processor.py:157} INFO - Started process (PID=30389) to work on /home/lohit/miniconda3/envs/airflow-env/lib/python3.8/site-packages/airflow/example_dags/tutorial_taskflow_api.py
[2025-06-01T18:29:11.311+0200] {processor.py:829} INFO - Processing file /home/lohit/miniconda3/envs/airflow-env/lib/python3.8/site-packages/airflow/example_dags/tutorial_taskflow_api.py for tasks to queue
[2025-06-01T18:29:11.312+0200] {logging_mixin.py:154} INFO - [2025-06-01T18:29:11.311+0200] {dagbag.py:536} INFO - Filling up the DagBag from /home/lohit/miniconda3/envs/airflow-env/lib/python3.8/site-packages/airflow/example_dags/tutorial_taskflow_api.py
[2025-06-01T18:29:11.316+0200] {processor.py:839} INFO - DAG(s) dict_keys(['tutorial_taskflow_api']) retrieved from /home/lohit/miniconda3/envs/airflow-env/lib/python3.8/site-packages/airflow/example_dags/tutorial_taskflow_api.py
[2025-06-01T18:29:11.327+0200] {logging_mixin.py:154} INFO - [2025-06-01T18:29:11.327+0200] {dag.py:2941} INFO - Sync 1 DAGs
[2025-06-01T18:29:11.334+0200] {logging_mixin.py:154} INFO - [2025-06-01T18:29:11.334+0200] {dag.py:3722} INFO - Setting next_dagrun for tutorial_taskflow_api to None, run_after=None
[2025-06-01T18:29:11.350+0200] {processor.py:179} INFO - Processing /home/lohit/miniconda3/envs/airflow-env/lib/python3.8/site-packages/airflow/example_dags/tutorial_taskflow_api.py took 0.045 seconds
[2025-06-01T18:29:56.427+0200] {processor.py:157} INFO - Started process (PID=30456) to work on /home/lohit/miniconda3/envs/airflow-env/lib/python3.8/site-packages/airflow/example_dags/tutorial_taskflow_api.py
[2025-06-01T18:29:56.428+0200] {processor.py:829} INFO - Processing file /home/lohit/miniconda3/envs/airflow-env/lib/python3.8/site-packages/airflow/example_dags/tutorial_taskflow_api.py for tasks to queue
[2025-06-01T18:29:56.428+0200] {logging_mixin.py:154} INFO - [2025-06-01T18:29:56.428+0200] {dagbag.py:536} INFO - Filling up the DagBag from /home/lohit/miniconda3/envs/airflow-env/lib/python3.8/site-packages/airflow/example_dags/tutorial_taskflow_api.py
[2025-06-01T18:29:56.432+0200] {processor.py:839} INFO - DAG(s) dict_keys(['tutorial_taskflow_api']) retrieved from /home/lohit/miniconda3/envs/airflow-env/lib/python3.8/site-packages/airflow/example_dags/tutorial_taskflow_api.py
[2025-06-01T18:29:56.444+0200] {logging_mixin.py:154} INFO - [2025-06-01T18:29:56.444+0200] {dag.py:2941} INFO - Sync 1 DAGs
[2025-06-01T18:29:56.451+0200] {logging_mixin.py:154} INFO - [2025-06-01T18:29:56.451+0200] {dag.py:3722} INFO - Setting next_dagrun for tutorial_taskflow_api to None, run_after=None
[2025-06-01T18:29:56.468+0200] {processor.py:179} INFO - Processing /home/lohit/miniconda3/envs/airflow-env/lib/python3.8/site-packages/airflow/example_dags/tutorial_taskflow_api.py took 0.043 seconds
[2025-06-01T18:30:39.735+0200] {processor.py:157} INFO - Started process (PID=30524) to work on /home/lohit/miniconda3/envs/airflow-env/lib/python3.8/site-packages/airflow/example_dags/tutorial_taskflow_api.py
[2025-06-01T18:30:39.739+0200] {processor.py:829} INFO - Processing file /home/lohit/miniconda3/envs/airflow-env/lib/python3.8/site-packages/airflow/example_dags/tutorial_taskflow_api.py for tasks to queue
[2025-06-01T18:30:39.740+0200] {logging_mixin.py:154} INFO - [2025-06-01T18:30:39.739+0200] {dagbag.py:536} INFO - Filling up the DagBag from /home/lohit/miniconda3/envs/airflow-env/lib/python3.8/site-packages/airflow/example_dags/tutorial_taskflow_api.py
[2025-06-01T18:30:39.744+0200] {processor.py:839} INFO - DAG(s) dict_keys(['tutorial_taskflow_api']) retrieved from /home/lohit/miniconda3/envs/airflow-env/lib/python3.8/site-packages/airflow/example_dags/tutorial_taskflow_api.py
[2025-06-01T18:30:39.754+0200] {logging_mixin.py:154} INFO - [2025-06-01T18:30:39.754+0200] {dag.py:2941} INFO - Sync 1 DAGs
[2025-06-01T18:30:39.760+0200] {logging_mixin.py:154} INFO - [2025-06-01T18:30:39.760+0200] {dag.py:3722} INFO - Setting next_dagrun for tutorial_taskflow_api to None, run_after=None
[2025-06-01T18:30:39.777+0200] {processor.py:179} INFO - Processing /home/lohit/miniconda3/envs/airflow-env/lib/python3.8/site-packages/airflow/example_dags/tutorial_taskflow_api.py took 0.044 seconds
[2025-06-01T18:31:25.949+0200] {processor.py:157} INFO - Started process (PID=30594) to work on /home/lohit/miniconda3/envs/airflow-env/lib/python3.8/site-packages/airflow/example_dags/tutorial_taskflow_api.py
[2025-06-01T18:31:25.953+0200] {processor.py:829} INFO - Processing file /home/lohit/miniconda3/envs/airflow-env/lib/python3.8/site-packages/airflow/example_dags/tutorial_taskflow_api.py for tasks to queue
[2025-06-01T18:31:25.953+0200] {logging_mixin.py:154} INFO - [2025-06-01T18:31:25.953+0200] {dagbag.py:536} INFO - Filling up the DagBag from /home/lohit/miniconda3/envs/airflow-env/lib/python3.8/site-packages/airflow/example_dags/tutorial_taskflow_api.py
[2025-06-01T18:31:25.958+0200] {processor.py:839} INFO - DAG(s) dict_keys(['tutorial_taskflow_api']) retrieved from /home/lohit/miniconda3/envs/airflow-env/lib/python3.8/site-packages/airflow/example_dags/tutorial_taskflow_api.py
[2025-06-01T18:31:25.969+0200] {logging_mixin.py:154} INFO - [2025-06-01T18:31:25.969+0200] {dag.py:2941} INFO - Sync 1 DAGs
[2025-06-01T18:31:25.976+0200] {logging_mixin.py:154} INFO - [2025-06-01T18:31:25.976+0200] {dag.py:3722} INFO - Setting next_dagrun for tutorial_taskflow_api to None, run_after=None
[2025-06-01T18:31:25.992+0200] {processor.py:179} INFO - Processing /home/lohit/miniconda3/envs/airflow-env/lib/python3.8/site-packages/airflow/example_dags/tutorial_taskflow_api.py took 0.044 seconds
[2025-06-01T18:32:10.205+0200] {processor.py:157} INFO - Started process (PID=30662) to work on /home/lohit/miniconda3/envs/airflow-env/lib/python3.8/site-packages/airflow/example_dags/tutorial_taskflow_api.py
[2025-06-01T18:32:10.208+0200] {processor.py:829} INFO - Processing file /home/lohit/miniconda3/envs/airflow-env/lib/python3.8/site-packages/airflow/example_dags/tutorial_taskflow_api.py for tasks to queue
[2025-06-01T18:32:10.209+0200] {logging_mixin.py:154} INFO - [2025-06-01T18:32:10.209+0200] {dagbag.py:536} INFO - Filling up the DagBag from /home/lohit/miniconda3/envs/airflow-env/lib/python3.8/site-packages/airflow/example_dags/tutorial_taskflow_api.py
[2025-06-01T18:32:10.213+0200] {processor.py:839} INFO - DAG(s) dict_keys(['tutorial_taskflow_api']) retrieved from /home/lohit/miniconda3/envs/airflow-env/lib/python3.8/site-packages/airflow/example_dags/tutorial_taskflow_api.py
[2025-06-01T18:32:10.224+0200] {logging_mixin.py:154} INFO - [2025-06-01T18:32:10.224+0200] {dag.py:2941} INFO - Sync 1 DAGs
[2025-06-01T18:32:10.231+0200] {logging_mixin.py:154} INFO - [2025-06-01T18:32:10.231+0200] {dag.py:3722} INFO - Setting next_dagrun for tutorial_taskflow_api to None, run_after=None
[2025-06-01T18:32:10.249+0200] {processor.py:179} INFO - Processing /home/lohit/miniconda3/envs/airflow-env/lib/python3.8/site-packages/airflow/example_dags/tutorial_taskflow_api.py took 0.046 seconds
[2025-06-01T18:32:56.666+0200] {processor.py:157} INFO - Started process (PID=30732) to work on /home/lohit/miniconda3/envs/airflow-env/lib/python3.8/site-packages/airflow/example_dags/tutorial_taskflow_api.py
[2025-06-01T18:32:56.668+0200] {processor.py:829} INFO - Processing file /home/lohit/miniconda3/envs/airflow-env/lib/python3.8/site-packages/airflow/example_dags/tutorial_taskflow_api.py for tasks to queue
[2025-06-01T18:32:56.668+0200] {logging_mixin.py:154} INFO - [2025-06-01T18:32:56.668+0200] {dagbag.py:536} INFO - Filling up the DagBag from /home/lohit/miniconda3/envs/airflow-env/lib/python3.8/site-packages/airflow/example_dags/tutorial_taskflow_api.py
[2025-06-01T18:32:56.673+0200] {processor.py:839} INFO - DAG(s) dict_keys(['tutorial_taskflow_api']) retrieved from /home/lohit/miniconda3/envs/airflow-env/lib/python3.8/site-packages/airflow/example_dags/tutorial_taskflow_api.py
[2025-06-01T18:32:56.684+0200] {logging_mixin.py:154} INFO - [2025-06-01T18:32:56.684+0200] {dag.py:2941} INFO - Sync 1 DAGs
[2025-06-01T18:32:56.691+0200] {logging_mixin.py:154} INFO - [2025-06-01T18:32:56.691+0200] {dag.py:3722} INFO - Setting next_dagrun for tutorial_taskflow_api to None, run_after=None
[2025-06-01T18:32:56.706+0200] {processor.py:179} INFO - Processing /home/lohit/miniconda3/envs/airflow-env/lib/python3.8/site-packages/airflow/example_dags/tutorial_taskflow_api.py took 0.042 seconds
[2025-06-01T18:33:42.007+0200] {processor.py:157} INFO - Started process (PID=30799) to work on /home/lohit/miniconda3/envs/airflow-env/lib/python3.8/site-packages/airflow/example_dags/tutorial_taskflow_api.py
[2025-06-01T18:33:42.008+0200] {processor.py:829} INFO - Processing file /home/lohit/miniconda3/envs/airflow-env/lib/python3.8/site-packages/airflow/example_dags/tutorial_taskflow_api.py for tasks to queue
[2025-06-01T18:33:42.009+0200] {logging_mixin.py:154} INFO - [2025-06-01T18:33:42.008+0200] {dagbag.py:536} INFO - Filling up the DagBag from /home/lohit/miniconda3/envs/airflow-env/lib/python3.8/site-packages/airflow/example_dags/tutorial_taskflow_api.py
[2025-06-01T18:33:42.013+0200] {processor.py:839} INFO - DAG(s) dict_keys(['tutorial_taskflow_api']) retrieved from /home/lohit/miniconda3/envs/airflow-env/lib/python3.8/site-packages/airflow/example_dags/tutorial_taskflow_api.py
[2025-06-01T18:33:42.022+0200] {logging_mixin.py:154} INFO - [2025-06-01T18:33:42.022+0200] {dag.py:2941} INFO - Sync 1 DAGs
[2025-06-01T18:33:42.030+0200] {logging_mixin.py:154} INFO - [2025-06-01T18:33:42.030+0200] {dag.py:3722} INFO - Setting next_dagrun for tutorial_taskflow_api to None, run_after=None
[2025-06-01T18:33:42.045+0200] {processor.py:179} INFO - Processing /home/lohit/miniconda3/envs/airflow-env/lib/python3.8/site-packages/airflow/example_dags/tutorial_taskflow_api.py took 0.040 seconds
[2025-06-01T18:34:32.721+0200] {processor.py:157} INFO - Started process (PID=31290) to work on /home/lohit/miniconda3/envs/airflow-env/lib/python3.8/site-packages/airflow/example_dags/tutorial_taskflow_api.py
[2025-06-01T18:34:32.722+0200] {processor.py:829} INFO - Processing file /home/lohit/miniconda3/envs/airflow-env/lib/python3.8/site-packages/airflow/example_dags/tutorial_taskflow_api.py for tasks to queue
[2025-06-01T18:34:32.723+0200] {logging_mixin.py:154} INFO - [2025-06-01T18:34:32.722+0200] {dagbag.py:536} INFO - Filling up the DagBag from /home/lohit/miniconda3/envs/airflow-env/lib/python3.8/site-packages/airflow/example_dags/tutorial_taskflow_api.py
[2025-06-01T18:34:32.728+0200] {processor.py:839} INFO - DAG(s) dict_keys(['tutorial_taskflow_api']) retrieved from /home/lohit/miniconda3/envs/airflow-env/lib/python3.8/site-packages/airflow/example_dags/tutorial_taskflow_api.py
[2025-06-01T18:34:32.742+0200] {logging_mixin.py:154} INFO - [2025-06-01T18:34:32.742+0200] {dag.py:2941} INFO - Sync 1 DAGs
[2025-06-01T18:34:32.751+0200] {logging_mixin.py:154} INFO - [2025-06-01T18:34:32.750+0200] {dag.py:3722} INFO - Setting next_dagrun for tutorial_taskflow_api to None, run_after=None
[2025-06-01T18:34:32.768+0200] {processor.py:179} INFO - Processing /home/lohit/miniconda3/envs/airflow-env/lib/python3.8/site-packages/airflow/example_dags/tutorial_taskflow_api.py took 0.050 seconds
[2025-06-01T18:35:17.518+0200] {processor.py:157} INFO - Started process (PID=31656) to work on /home/lohit/miniconda3/envs/airflow-env/lib/python3.8/site-packages/airflow/example_dags/tutorial_taskflow_api.py
[2025-06-01T18:35:17.521+0200] {processor.py:829} INFO - Processing file /home/lohit/miniconda3/envs/airflow-env/lib/python3.8/site-packages/airflow/example_dags/tutorial_taskflow_api.py for tasks to queue
[2025-06-01T18:35:17.522+0200] {logging_mixin.py:154} INFO - [2025-06-01T18:35:17.521+0200] {dagbag.py:536} INFO - Filling up the DagBag from /home/lohit/miniconda3/envs/airflow-env/lib/python3.8/site-packages/airflow/example_dags/tutorial_taskflow_api.py
[2025-06-01T18:35:17.526+0200] {processor.py:839} INFO - DAG(s) dict_keys(['tutorial_taskflow_api']) retrieved from /home/lohit/miniconda3/envs/airflow-env/lib/python3.8/site-packages/airflow/example_dags/tutorial_taskflow_api.py
[2025-06-01T18:35:17.536+0200] {logging_mixin.py:154} INFO - [2025-06-01T18:35:17.536+0200] {dag.py:2941} INFO - Sync 1 DAGs
[2025-06-01T18:35:17.542+0200] {logging_mixin.py:154} INFO - [2025-06-01T18:35:17.542+0200] {dag.py:3722} INFO - Setting next_dagrun for tutorial_taskflow_api to None, run_after=None
[2025-06-01T18:35:17.558+0200] {processor.py:179} INFO - Processing /home/lohit/miniconda3/envs/airflow-env/lib/python3.8/site-packages/airflow/example_dags/tutorial_taskflow_api.py took 0.044 seconds
