[2025-06-01T17:53:05.613+0200] {processor.py:157} INFO - Started process (PID=27078) to work on /home/lohit/miniconda3/envs/airflow-env/lib/python3.8/site-packages/airflow/example_dags/tutorial_dag.py
[2025-06-01T17:53:05.613+0200] {processor.py:829} INFO - Processing file /home/lohit/miniconda3/envs/airflow-env/lib/python3.8/site-packages/airflow/example_dags/tutorial_dag.py for tasks to queue
[2025-06-01T17:53:05.614+0200] {logging_mixin.py:154} INFO - [2025-06-01T17:53:05.613+0200] {dagbag.py:536} INFO - Filling up the DagBag from /home/lohit/miniconda3/envs/airflow-env/lib/python3.8/site-packages/airflow/example_dags/tutorial_dag.py
[2025-06-01T17:53:05.617+0200] {processor.py:839} INFO - DAG(s) dict_keys(['tutorial_dag']) retrieved from /home/lohit/miniconda3/envs/airflow-env/lib/python3.8/site-packages/airflow/example_dags/tutorial_dag.py
[2025-06-01T17:53:05.626+0200] {logging_mixin.py:154} INFO - [2025-06-01T17:53:05.626+0200] {dag.py:2941} INFO - Sync 1 DAGs
[2025-06-01T17:53:05.633+0200] {logging_mixin.py:154} INFO - [2025-06-01T17:53:05.633+0200] {dag.py:3722} INFO - Setting next_dagrun for tutorial_dag to None, run_after=None
[2025-06-01T17:53:05.650+0200] {processor.py:179} INFO - Processing /home/lohit/miniconda3/envs/airflow-env/lib/python3.8/site-packages/airflow/example_dags/tutorial_dag.py took 0.039 seconds
[2025-06-01T17:53:53.700+0200] {processor.py:157} INFO - Started process (PID=27151) to work on /home/lohit/miniconda3/envs/airflow-env/lib/python3.8/site-packages/airflow/example_dags/tutorial_dag.py
[2025-06-01T17:53:53.703+0200] {processor.py:829} INFO - Processing file /home/lohit/miniconda3/envs/airflow-env/lib/python3.8/site-packages/airflow/example_dags/tutorial_dag.py for tasks to queue
[2025-06-01T17:53:53.704+0200] {logging_mixin.py:154} INFO - [2025-06-01T17:53:53.704+0200] {dagbag.py:536} INFO - Filling up the DagBag from /home/lohit/miniconda3/envs/airflow-env/lib/python3.8/site-packages/airflow/example_dags/tutorial_dag.py
[2025-06-01T17:53:53.708+0200] {processor.py:839} INFO - DAG(s) dict_keys(['tutorial_dag']) retrieved from /home/lohit/miniconda3/envs/airflow-env/lib/python3.8/site-packages/airflow/example_dags/tutorial_dag.py
[2025-06-01T17:53:53.718+0200] {logging_mixin.py:154} INFO - [2025-06-01T17:53:53.718+0200] {dag.py:2941} INFO - Sync 1 DAGs
[2025-06-01T17:53:53.725+0200] {logging_mixin.py:154} INFO - [2025-06-01T17:53:53.724+0200] {dag.py:3722} INFO - Setting next_dagrun for tutorial_dag to None, run_after=None
[2025-06-01T17:53:53.740+0200] {processor.py:179} INFO - Processing /home/lohit/miniconda3/envs/airflow-env/lib/python3.8/site-packages/airflow/example_dags/tutorial_dag.py took 0.042 seconds
[2025-06-01T17:54:38.786+0200] {processor.py:157} INFO - Started process (PID=27219) to work on /home/lohit/miniconda3/envs/airflow-env/lib/python3.8/site-packages/airflow/example_dags/tutorial_dag.py
[2025-06-01T17:54:38.789+0200] {processor.py:829} INFO - Processing file /home/lohit/miniconda3/envs/airflow-env/lib/python3.8/site-packages/airflow/example_dags/tutorial_dag.py for tasks to queue
[2025-06-01T17:54:38.790+0200] {logging_mixin.py:154} INFO - [2025-06-01T17:54:38.789+0200] {dagbag.py:536} INFO - Filling up the DagBag from /home/lohit/miniconda3/envs/airflow-env/lib/python3.8/site-packages/airflow/example_dags/tutorial_dag.py
[2025-06-01T17:54:38.793+0200] {processor.py:839} INFO - DAG(s) dict_keys(['tutorial_dag']) retrieved from /home/lohit/miniconda3/envs/airflow-env/lib/python3.8/site-packages/airflow/example_dags/tutorial_dag.py
[2025-06-01T17:54:38.804+0200] {logging_mixin.py:154} INFO - [2025-06-01T17:54:38.804+0200] {dag.py:2941} INFO - Sync 1 DAGs
[2025-06-01T17:54:38.811+0200] {logging_mixin.py:154} INFO - [2025-06-01T17:54:38.811+0200] {dag.py:3722} INFO - Setting next_dagrun for tutorial_dag to None, run_after=None
[2025-06-01T17:54:38.829+0200] {processor.py:179} INFO - Processing /home/lohit/miniconda3/envs/airflow-env/lib/python3.8/site-packages/airflow/example_dags/tutorial_dag.py took 0.045 seconds
[2025-06-01T17:55:29.548+0200] {processor.py:157} INFO - Started process (PID=27291) to work on /home/lohit/miniconda3/envs/airflow-env/lib/python3.8/site-packages/airflow/example_dags/tutorial_dag.py
[2025-06-01T17:55:29.549+0200] {processor.py:829} INFO - Processing file /home/lohit/miniconda3/envs/airflow-env/lib/python3.8/site-packages/airflow/example_dags/tutorial_dag.py for tasks to queue
[2025-06-01T17:55:29.550+0200] {logging_mixin.py:154} INFO - [2025-06-01T17:55:29.550+0200] {dagbag.py:536} INFO - Filling up the DagBag from /home/lohit/miniconda3/envs/airflow-env/lib/python3.8/site-packages/airflow/example_dags/tutorial_dag.py
[2025-06-01T17:55:29.554+0200] {processor.py:839} INFO - DAG(s) dict_keys(['tutorial_dag']) retrieved from /home/lohit/miniconda3/envs/airflow-env/lib/python3.8/site-packages/airflow/example_dags/tutorial_dag.py
[2025-06-01T17:55:29.564+0200] {logging_mixin.py:154} INFO - [2025-06-01T17:55:29.564+0200] {dag.py:2941} INFO - Sync 1 DAGs
[2025-06-01T17:55:29.571+0200] {logging_mixin.py:154} INFO - [2025-06-01T17:55:29.571+0200] {dag.py:3722} INFO - Setting next_dagrun for tutorial_dag to None, run_after=None
[2025-06-01T17:55:29.589+0200] {processor.py:179} INFO - Processing /home/lohit/miniconda3/envs/airflow-env/lib/python3.8/site-packages/airflow/example_dags/tutorial_dag.py took 0.043 seconds
[2025-06-01T17:56:15.728+0200] {processor.py:157} INFO - Started process (PID=27363) to work on /home/lohit/miniconda3/envs/airflow-env/lib/python3.8/site-packages/airflow/example_dags/tutorial_dag.py
[2025-06-01T17:56:15.732+0200] {processor.py:829} INFO - Processing file /home/lohit/miniconda3/envs/airflow-env/lib/python3.8/site-packages/airflow/example_dags/tutorial_dag.py for tasks to queue
[2025-06-01T17:56:15.732+0200] {logging_mixin.py:154} INFO - [2025-06-01T17:56:15.732+0200] {dagbag.py:536} INFO - Filling up the DagBag from /home/lohit/miniconda3/envs/airflow-env/lib/python3.8/site-packages/airflow/example_dags/tutorial_dag.py
[2025-06-01T17:56:15.736+0200] {processor.py:839} INFO - DAG(s) dict_keys(['tutorial_dag']) retrieved from /home/lohit/miniconda3/envs/airflow-env/lib/python3.8/site-packages/airflow/example_dags/tutorial_dag.py
[2025-06-01T17:56:15.745+0200] {logging_mixin.py:154} INFO - [2025-06-01T17:56:15.745+0200] {dag.py:2941} INFO - Sync 1 DAGs
[2025-06-01T17:56:15.751+0200] {logging_mixin.py:154} INFO - [2025-06-01T17:56:15.751+0200] {dag.py:3722} INFO - Setting next_dagrun for tutorial_dag to None, run_after=None
[2025-06-01T17:56:15.765+0200] {processor.py:179} INFO - Processing /home/lohit/miniconda3/envs/airflow-env/lib/python3.8/site-packages/airflow/example_dags/tutorial_dag.py took 0.039 seconds
[2025-06-01T17:57:06.474+0200] {processor.py:157} INFO - Started process (PID=27435) to work on /home/lohit/miniconda3/envs/airflow-env/lib/python3.8/site-packages/airflow/example_dags/tutorial_dag.py
[2025-06-01T17:57:06.476+0200] {processor.py:829} INFO - Processing file /home/lohit/miniconda3/envs/airflow-env/lib/python3.8/site-packages/airflow/example_dags/tutorial_dag.py for tasks to queue
[2025-06-01T17:57:06.476+0200] {logging_mixin.py:154} INFO - [2025-06-01T17:57:06.476+0200] {dagbag.py:536} INFO - Filling up the DagBag from /home/lohit/miniconda3/envs/airflow-env/lib/python3.8/site-packages/airflow/example_dags/tutorial_dag.py
[2025-06-01T17:57:06.479+0200] {processor.py:839} INFO - DAG(s) dict_keys(['tutorial_dag']) retrieved from /home/lohit/miniconda3/envs/airflow-env/lib/python3.8/site-packages/airflow/example_dags/tutorial_dag.py
[2025-06-01T17:57:06.489+0200] {logging_mixin.py:154} INFO - [2025-06-01T17:57:06.488+0200] {dag.py:2941} INFO - Sync 1 DAGs
[2025-06-01T17:57:06.495+0200] {logging_mixin.py:154} INFO - [2025-06-01T17:57:06.495+0200] {dag.py:3722} INFO - Setting next_dagrun for tutorial_dag to None, run_after=None
[2025-06-01T17:57:06.509+0200] {processor.py:179} INFO - Processing /home/lohit/miniconda3/envs/airflow-env/lib/python3.8/site-packages/airflow/example_dags/tutorial_dag.py took 0.037 seconds
[2025-06-01T17:57:49.956+0200] {processor.py:157} INFO - Started process (PID=27503) to work on /home/lohit/miniconda3/envs/airflow-env/lib/python3.8/site-packages/airflow/example_dags/tutorial_dag.py
[2025-06-01T17:57:49.960+0200] {processor.py:829} INFO - Processing file /home/lohit/miniconda3/envs/airflow-env/lib/python3.8/site-packages/airflow/example_dags/tutorial_dag.py for tasks to queue
[2025-06-01T17:57:49.961+0200] {logging_mixin.py:154} INFO - [2025-06-01T17:57:49.961+0200] {dagbag.py:536} INFO - Filling up the DagBag from /home/lohit/miniconda3/envs/airflow-env/lib/python3.8/site-packages/airflow/example_dags/tutorial_dag.py
[2025-06-01T17:57:49.965+0200] {processor.py:839} INFO - DAG(s) dict_keys(['tutorial_dag']) retrieved from /home/lohit/miniconda3/envs/airflow-env/lib/python3.8/site-packages/airflow/example_dags/tutorial_dag.py
[2025-06-01T17:57:49.975+0200] {logging_mixin.py:154} INFO - [2025-06-01T17:57:49.975+0200] {dag.py:2941} INFO - Sync 1 DAGs
[2025-06-01T17:57:49.981+0200] {logging_mixin.py:154} INFO - [2025-06-01T17:57:49.981+0200] {dag.py:3722} INFO - Setting next_dagrun for tutorial_dag to None, run_after=None
[2025-06-01T17:57:49.996+0200] {processor.py:179} INFO - Processing /home/lohit/miniconda3/envs/airflow-env/lib/python3.8/site-packages/airflow/example_dags/tutorial_dag.py took 0.042 seconds
[2025-06-01T17:58:38.676+0200] {processor.py:157} INFO - Started process (PID=27573) to work on /home/lohit/miniconda3/envs/airflow-env/lib/python3.8/site-packages/airflow/example_dags/tutorial_dag.py
[2025-06-01T17:58:38.679+0200] {processor.py:829} INFO - Processing file /home/lohit/miniconda3/envs/airflow-env/lib/python3.8/site-packages/airflow/example_dags/tutorial_dag.py for tasks to queue
[2025-06-01T17:58:38.680+0200] {logging_mixin.py:154} INFO - [2025-06-01T17:58:38.680+0200] {dagbag.py:536} INFO - Filling up the DagBag from /home/lohit/miniconda3/envs/airflow-env/lib/python3.8/site-packages/airflow/example_dags/tutorial_dag.py
[2025-06-01T17:58:38.683+0200] {processor.py:839} INFO - DAG(s) dict_keys(['tutorial_dag']) retrieved from /home/lohit/miniconda3/envs/airflow-env/lib/python3.8/site-packages/airflow/example_dags/tutorial_dag.py
[2025-06-01T17:58:38.693+0200] {logging_mixin.py:154} INFO - [2025-06-01T17:58:38.693+0200] {dag.py:2941} INFO - Sync 1 DAGs
[2025-06-01T17:58:38.699+0200] {logging_mixin.py:154} INFO - [2025-06-01T17:58:38.699+0200] {dag.py:3722} INFO - Setting next_dagrun for tutorial_dag to None, run_after=None
[2025-06-01T17:58:38.716+0200] {processor.py:179} INFO - Processing /home/lohit/miniconda3/envs/airflow-env/lib/python3.8/site-packages/airflow/example_dags/tutorial_dag.py took 0.042 seconds
[2025-06-01T17:59:22.345+0200] {processor.py:157} INFO - Started process (PID=27641) to work on /home/lohit/miniconda3/envs/airflow-env/lib/python3.8/site-packages/airflow/example_dags/tutorial_dag.py
[2025-06-01T17:59:22.349+0200] {processor.py:829} INFO - Processing file /home/lohit/miniconda3/envs/airflow-env/lib/python3.8/site-packages/airflow/example_dags/tutorial_dag.py for tasks to queue
[2025-06-01T17:59:22.349+0200] {logging_mixin.py:154} INFO - [2025-06-01T17:59:22.349+0200] {dagbag.py:536} INFO - Filling up the DagBag from /home/lohit/miniconda3/envs/airflow-env/lib/python3.8/site-packages/airflow/example_dags/tutorial_dag.py
[2025-06-01T17:59:22.352+0200] {processor.py:839} INFO - DAG(s) dict_keys(['tutorial_dag']) retrieved from /home/lohit/miniconda3/envs/airflow-env/lib/python3.8/site-packages/airflow/example_dags/tutorial_dag.py
[2025-06-01T17:59:22.362+0200] {logging_mixin.py:154} INFO - [2025-06-01T17:59:22.362+0200] {dag.py:2941} INFO - Sync 1 DAGs
[2025-06-01T17:59:22.368+0200] {logging_mixin.py:154} INFO - [2025-06-01T17:59:22.368+0200] {dag.py:3722} INFO - Setting next_dagrun for tutorial_dag to None, run_after=None
[2025-06-01T17:59:22.386+0200] {processor.py:179} INFO - Processing /home/lohit/miniconda3/envs/airflow-env/lib/python3.8/site-packages/airflow/example_dags/tutorial_dag.py took 0.043 seconds
[2025-06-01T18:00:07.459+0200] {processor.py:157} INFO - Started process (PID=27709) to work on /home/lohit/miniconda3/envs/airflow-env/lib/python3.8/site-packages/airflow/example_dags/tutorial_dag.py
[2025-06-01T18:00:07.462+0200] {processor.py:829} INFO - Processing file /home/lohit/miniconda3/envs/airflow-env/lib/python3.8/site-packages/airflow/example_dags/tutorial_dag.py for tasks to queue
[2025-06-01T18:00:07.463+0200] {logging_mixin.py:154} INFO - [2025-06-01T18:00:07.463+0200] {dagbag.py:536} INFO - Filling up the DagBag from /home/lohit/miniconda3/envs/airflow-env/lib/python3.8/site-packages/airflow/example_dags/tutorial_dag.py
[2025-06-01T18:00:07.466+0200] {processor.py:839} INFO - DAG(s) dict_keys(['tutorial_dag']) retrieved from /home/lohit/miniconda3/envs/airflow-env/lib/python3.8/site-packages/airflow/example_dags/tutorial_dag.py
[2025-06-01T18:00:07.475+0200] {logging_mixin.py:154} INFO - [2025-06-01T18:00:07.475+0200] {dag.py:2941} INFO - Sync 1 DAGs
[2025-06-01T18:00:07.482+0200] {logging_mixin.py:154} INFO - [2025-06-01T18:00:07.481+0200] {dag.py:3722} INFO - Setting next_dagrun for tutorial_dag to None, run_after=None
[2025-06-01T18:00:07.498+0200] {processor.py:179} INFO - Processing /home/lohit/miniconda3/envs/airflow-env/lib/python3.8/site-packages/airflow/example_dags/tutorial_dag.py took 0.041 seconds
[2025-06-01T18:00:53.621+0200] {processor.py:157} INFO - Started process (PID=27779) to work on /home/lohit/miniconda3/envs/airflow-env/lib/python3.8/site-packages/airflow/example_dags/tutorial_dag.py
[2025-06-01T18:00:53.622+0200] {processor.py:829} INFO - Processing file /home/lohit/miniconda3/envs/airflow-env/lib/python3.8/site-packages/airflow/example_dags/tutorial_dag.py for tasks to queue
[2025-06-01T18:00:53.623+0200] {logging_mixin.py:154} INFO - [2025-06-01T18:00:53.622+0200] {dagbag.py:536} INFO - Filling up the DagBag from /home/lohit/miniconda3/envs/airflow-env/lib/python3.8/site-packages/airflow/example_dags/tutorial_dag.py
[2025-06-01T18:00:53.626+0200] {processor.py:839} INFO - DAG(s) dict_keys(['tutorial_dag']) retrieved from /home/lohit/miniconda3/envs/airflow-env/lib/python3.8/site-packages/airflow/example_dags/tutorial_dag.py
[2025-06-01T18:00:53.635+0200] {logging_mixin.py:154} INFO - [2025-06-01T18:00:53.635+0200] {dag.py:2941} INFO - Sync 1 DAGs
[2025-06-01T18:00:53.641+0200] {logging_mixin.py:154} INFO - [2025-06-01T18:00:53.641+0200] {dag.py:3722} INFO - Setting next_dagrun for tutorial_dag to None, run_after=None
[2025-06-01T18:00:53.656+0200] {processor.py:179} INFO - Processing /home/lohit/miniconda3/envs/airflow-env/lib/python3.8/site-packages/airflow/example_dags/tutorial_dag.py took 0.037 seconds
[2025-06-01T18:01:45.013+0200] {processor.py:157} INFO - Started process (PID=27884) to work on /home/lohit/miniconda3/envs/airflow-env/lib/python3.8/site-packages/airflow/example_dags/tutorial_dag.py
[2025-06-01T18:01:45.017+0200] {processor.py:829} INFO - Processing file /home/lohit/miniconda3/envs/airflow-env/lib/python3.8/site-packages/airflow/example_dags/tutorial_dag.py for tasks to queue
[2025-06-01T18:01:45.017+0200] {logging_mixin.py:154} INFO - [2025-06-01T18:01:45.017+0200] {dagbag.py:536} INFO - Filling up the DagBag from /home/lohit/miniconda3/envs/airflow-env/lib/python3.8/site-packages/airflow/example_dags/tutorial_dag.py
[2025-06-01T18:01:45.020+0200] {processor.py:839} INFO - DAG(s) dict_keys(['tutorial_dag']) retrieved from /home/lohit/miniconda3/envs/airflow-env/lib/python3.8/site-packages/airflow/example_dags/tutorial_dag.py
[2025-06-01T18:01:45.032+0200] {logging_mixin.py:154} INFO - [2025-06-01T18:01:45.031+0200] {dag.py:2941} INFO - Sync 1 DAGs
[2025-06-01T18:01:45.038+0200] {logging_mixin.py:154} INFO - [2025-06-01T18:01:45.038+0200] {dag.py:3722} INFO - Setting next_dagrun for tutorial_dag to None, run_after=None
[2025-06-01T18:01:45.055+0200] {processor.py:179} INFO - Processing /home/lohit/miniconda3/envs/airflow-env/lib/python3.8/site-packages/airflow/example_dags/tutorial_dag.py took 0.043 seconds
[2025-06-01T18:02:28.356+0200] {processor.py:157} INFO - Started process (PID=27952) to work on /home/lohit/miniconda3/envs/airflow-env/lib/python3.8/site-packages/airflow/example_dags/tutorial_dag.py
[2025-06-01T18:02:28.359+0200] {processor.py:829} INFO - Processing file /home/lohit/miniconda3/envs/airflow-env/lib/python3.8/site-packages/airflow/example_dags/tutorial_dag.py for tasks to queue
[2025-06-01T18:02:28.360+0200] {logging_mixin.py:154} INFO - [2025-06-01T18:02:28.360+0200] {dagbag.py:536} INFO - Filling up the DagBag from /home/lohit/miniconda3/envs/airflow-env/lib/python3.8/site-packages/airflow/example_dags/tutorial_dag.py
[2025-06-01T18:02:28.363+0200] {processor.py:839} INFO - DAG(s) dict_keys(['tutorial_dag']) retrieved from /home/lohit/miniconda3/envs/airflow-env/lib/python3.8/site-packages/airflow/example_dags/tutorial_dag.py
[2025-06-01T18:02:28.372+0200] {logging_mixin.py:154} INFO - [2025-06-01T18:02:28.372+0200] {dag.py:2941} INFO - Sync 1 DAGs
[2025-06-01T18:02:28.378+0200] {logging_mixin.py:154} INFO - [2025-06-01T18:02:28.378+0200] {dag.py:3722} INFO - Setting next_dagrun for tutorial_dag to None, run_after=None
[2025-06-01T18:02:28.394+0200] {processor.py:179} INFO - Processing /home/lohit/miniconda3/envs/airflow-env/lib/python3.8/site-packages/airflow/example_dags/tutorial_dag.py took 0.040 seconds
[2025-06-01T18:03:15.810+0200] {processor.py:157} INFO - Started process (PID=28029) to work on /home/lohit/miniconda3/envs/airflow-env/lib/python3.8/site-packages/airflow/example_dags/tutorial_dag.py
[2025-06-01T18:03:15.813+0200] {processor.py:829} INFO - Processing file /home/lohit/miniconda3/envs/airflow-env/lib/python3.8/site-packages/airflow/example_dags/tutorial_dag.py for tasks to queue
[2025-06-01T18:03:15.814+0200] {logging_mixin.py:154} INFO - [2025-06-01T18:03:15.813+0200] {dagbag.py:536} INFO - Filling up the DagBag from /home/lohit/miniconda3/envs/airflow-env/lib/python3.8/site-packages/airflow/example_dags/tutorial_dag.py
[2025-06-01T18:03:15.817+0200] {processor.py:839} INFO - DAG(s) dict_keys(['tutorial_dag']) retrieved from /home/lohit/miniconda3/envs/airflow-env/lib/python3.8/site-packages/airflow/example_dags/tutorial_dag.py
[2025-06-01T18:03:15.827+0200] {logging_mixin.py:154} INFO - [2025-06-01T18:03:15.827+0200] {dag.py:2941} INFO - Sync 1 DAGs
[2025-06-01T18:03:15.834+0200] {logging_mixin.py:154} INFO - [2025-06-01T18:03:15.834+0200] {dag.py:3722} INFO - Setting next_dagrun for tutorial_dag to None, run_after=None
[2025-06-01T18:03:15.852+0200] {processor.py:179} INFO - Processing /home/lohit/miniconda3/envs/airflow-env/lib/python3.8/site-packages/airflow/example_dags/tutorial_dag.py took 0.045 seconds
[2025-06-01T18:04:03.908+0200] {processor.py:157} INFO - Started process (PID=28104) to work on /home/lohit/miniconda3/envs/airflow-env/lib/python3.8/site-packages/airflow/example_dags/tutorial_dag.py
[2025-06-01T18:04:03.908+0200] {processor.py:829} INFO - Processing file /home/lohit/miniconda3/envs/airflow-env/lib/python3.8/site-packages/airflow/example_dags/tutorial_dag.py for tasks to queue
[2025-06-01T18:04:03.909+0200] {logging_mixin.py:154} INFO - [2025-06-01T18:04:03.909+0200] {dagbag.py:536} INFO - Filling up the DagBag from /home/lohit/miniconda3/envs/airflow-env/lib/python3.8/site-packages/airflow/example_dags/tutorial_dag.py
[2025-06-01T18:04:03.913+0200] {processor.py:839} INFO - DAG(s) dict_keys(['tutorial_dag']) retrieved from /home/lohit/miniconda3/envs/airflow-env/lib/python3.8/site-packages/airflow/example_dags/tutorial_dag.py
[2025-06-01T18:04:03.924+0200] {logging_mixin.py:154} INFO - [2025-06-01T18:04:03.924+0200] {dag.py:2941} INFO - Sync 1 DAGs
[2025-06-01T18:04:03.930+0200] {logging_mixin.py:154} INFO - [2025-06-01T18:04:03.930+0200] {dag.py:3722} INFO - Setting next_dagrun for tutorial_dag to None, run_after=None
[2025-06-01T18:04:03.947+0200] {processor.py:179} INFO - Processing /home/lohit/miniconda3/envs/airflow-env/lib/python3.8/site-packages/airflow/example_dags/tutorial_dag.py took 0.041 seconds
[2025-06-01T18:04:49.514+0200] {processor.py:157} INFO - Started process (PID=28178) to work on /home/lohit/miniconda3/envs/airflow-env/lib/python3.8/site-packages/airflow/example_dags/tutorial_dag.py
[2025-06-01T18:04:49.515+0200] {processor.py:829} INFO - Processing file /home/lohit/miniconda3/envs/airflow-env/lib/python3.8/site-packages/airflow/example_dags/tutorial_dag.py for tasks to queue
[2025-06-01T18:04:49.516+0200] {logging_mixin.py:154} INFO - [2025-06-01T18:04:49.516+0200] {dagbag.py:536} INFO - Filling up the DagBag from /home/lohit/miniconda3/envs/airflow-env/lib/python3.8/site-packages/airflow/example_dags/tutorial_dag.py
[2025-06-01T18:04:49.520+0200] {processor.py:839} INFO - DAG(s) dict_keys(['tutorial_dag']) retrieved from /home/lohit/miniconda3/envs/airflow-env/lib/python3.8/site-packages/airflow/example_dags/tutorial_dag.py
[2025-06-01T18:04:49.530+0200] {logging_mixin.py:154} INFO - [2025-06-01T18:04:49.530+0200] {dag.py:2941} INFO - Sync 1 DAGs
[2025-06-01T18:04:49.537+0200] {logging_mixin.py:154} INFO - [2025-06-01T18:04:49.537+0200] {dag.py:3722} INFO - Setting next_dagrun for tutorial_dag to None, run_after=None
[2025-06-01T18:04:49.551+0200] {processor.py:179} INFO - Processing /home/lohit/miniconda3/envs/airflow-env/lib/python3.8/site-packages/airflow/example_dags/tutorial_dag.py took 0.040 seconds
[2025-06-01T18:05:40.551+0200] {processor.py:157} INFO - Started process (PID=28259) to work on /home/lohit/miniconda3/envs/airflow-env/lib/python3.8/site-packages/airflow/example_dags/tutorial_dag.py
[2025-06-01T18:05:40.554+0200] {processor.py:829} INFO - Processing file /home/lohit/miniconda3/envs/airflow-env/lib/python3.8/site-packages/airflow/example_dags/tutorial_dag.py for tasks to queue
[2025-06-01T18:05:40.555+0200] {logging_mixin.py:154} INFO - [2025-06-01T18:05:40.554+0200] {dagbag.py:536} INFO - Filling up the DagBag from /home/lohit/miniconda3/envs/airflow-env/lib/python3.8/site-packages/airflow/example_dags/tutorial_dag.py
[2025-06-01T18:05:40.558+0200] {processor.py:839} INFO - DAG(s) dict_keys(['tutorial_dag']) retrieved from /home/lohit/miniconda3/envs/airflow-env/lib/python3.8/site-packages/airflow/example_dags/tutorial_dag.py
[2025-06-01T18:05:40.569+0200] {logging_mixin.py:154} INFO - [2025-06-01T18:05:40.569+0200] {dag.py:2941} INFO - Sync 1 DAGs
[2025-06-01T18:05:40.576+0200] {logging_mixin.py:154} INFO - [2025-06-01T18:05:40.576+0200] {dag.py:3722} INFO - Setting next_dagrun for tutorial_dag to None, run_after=None
[2025-06-01T18:05:40.592+0200] {processor.py:179} INFO - Processing /home/lohit/miniconda3/envs/airflow-env/lib/python3.8/site-packages/airflow/example_dags/tutorial_dag.py took 0.043 seconds
[2025-06-01T18:06:27.659+0200] {processor.py:157} INFO - Started process (PID=28334) to work on /home/lohit/miniconda3/envs/airflow-env/lib/python3.8/site-packages/airflow/example_dags/tutorial_dag.py
[2025-06-01T18:06:27.662+0200] {processor.py:829} INFO - Processing file /home/lohit/miniconda3/envs/airflow-env/lib/python3.8/site-packages/airflow/example_dags/tutorial_dag.py for tasks to queue
[2025-06-01T18:06:27.663+0200] {logging_mixin.py:154} INFO - [2025-06-01T18:06:27.662+0200] {dagbag.py:536} INFO - Filling up the DagBag from /home/lohit/miniconda3/envs/airflow-env/lib/python3.8/site-packages/airflow/example_dags/tutorial_dag.py
[2025-06-01T18:06:27.666+0200] {processor.py:839} INFO - DAG(s) dict_keys(['tutorial_dag']) retrieved from /home/lohit/miniconda3/envs/airflow-env/lib/python3.8/site-packages/airflow/example_dags/tutorial_dag.py
[2025-06-01T18:06:27.675+0200] {logging_mixin.py:154} INFO - [2025-06-01T18:06:27.675+0200] {dag.py:2941} INFO - Sync 1 DAGs
[2025-06-01T18:06:27.681+0200] {logging_mixin.py:154} INFO - [2025-06-01T18:06:27.681+0200] {dag.py:3722} INFO - Setting next_dagrun for tutorial_dag to None, run_after=None
[2025-06-01T18:06:27.697+0200] {processor.py:179} INFO - Processing /home/lohit/miniconda3/envs/airflow-env/lib/python3.8/site-packages/airflow/example_dags/tutorial_dag.py took 0.040 seconds
[2025-06-01T18:07:13.221+0200] {processor.py:157} INFO - Started process (PID=28402) to work on /home/lohit/miniconda3/envs/airflow-env/lib/python3.8/site-packages/airflow/example_dags/tutorial_dag.py
[2025-06-01T18:07:13.224+0200] {processor.py:829} INFO - Processing file /home/lohit/miniconda3/envs/airflow-env/lib/python3.8/site-packages/airflow/example_dags/tutorial_dag.py for tasks to queue
[2025-06-01T18:07:13.225+0200] {logging_mixin.py:154} INFO - [2025-06-01T18:07:13.225+0200] {dagbag.py:536} INFO - Filling up the DagBag from /home/lohit/miniconda3/envs/airflow-env/lib/python3.8/site-packages/airflow/example_dags/tutorial_dag.py
[2025-06-01T18:07:13.228+0200] {processor.py:839} INFO - DAG(s) dict_keys(['tutorial_dag']) retrieved from /home/lohit/miniconda3/envs/airflow-env/lib/python3.8/site-packages/airflow/example_dags/tutorial_dag.py
[2025-06-01T18:07:13.240+0200] {logging_mixin.py:154} INFO - [2025-06-01T18:07:13.240+0200] {dag.py:2941} INFO - Sync 1 DAGs
[2025-06-01T18:07:13.248+0200] {logging_mixin.py:154} INFO - [2025-06-01T18:07:13.248+0200] {dag.py:3722} INFO - Setting next_dagrun for tutorial_dag to None, run_after=None
[2025-06-01T18:07:13.265+0200] {processor.py:179} INFO - Processing /home/lohit/miniconda3/envs/airflow-env/lib/python3.8/site-packages/airflow/example_dags/tutorial_dag.py took 0.046 seconds
[2025-06-01T18:07:59.735+0200] {processor.py:157} INFO - Started process (PID=28472) to work on /home/lohit/miniconda3/envs/airflow-env/lib/python3.8/site-packages/airflow/example_dags/tutorial_dag.py
[2025-06-01T18:07:59.737+0200] {processor.py:829} INFO - Processing file /home/lohit/miniconda3/envs/airflow-env/lib/python3.8/site-packages/airflow/example_dags/tutorial_dag.py for tasks to queue
[2025-06-01T18:07:59.737+0200] {logging_mixin.py:154} INFO - [2025-06-01T18:07:59.737+0200] {dagbag.py:536} INFO - Filling up the DagBag from /home/lohit/miniconda3/envs/airflow-env/lib/python3.8/site-packages/airflow/example_dags/tutorial_dag.py
[2025-06-01T18:07:59.740+0200] {processor.py:839} INFO - DAG(s) dict_keys(['tutorial_dag']) retrieved from /home/lohit/miniconda3/envs/airflow-env/lib/python3.8/site-packages/airflow/example_dags/tutorial_dag.py
[2025-06-01T18:07:59.752+0200] {logging_mixin.py:154} INFO - [2025-06-01T18:07:59.751+0200] {dag.py:2941} INFO - Sync 1 DAGs
[2025-06-01T18:07:59.760+0200] {logging_mixin.py:154} INFO - [2025-06-01T18:07:59.759+0200] {dag.py:3722} INFO - Setting next_dagrun for tutorial_dag to None, run_after=None
[2025-06-01T18:07:59.777+0200] {processor.py:179} INFO - Processing /home/lohit/miniconda3/envs/airflow-env/lib/python3.8/site-packages/airflow/example_dags/tutorial_dag.py took 0.043 seconds
[2025-06-01T18:08:51.311+0200] {processor.py:157} INFO - Started process (PID=28549) to work on /home/lohit/miniconda3/envs/airflow-env/lib/python3.8/site-packages/airflow/example_dags/tutorial_dag.py
[2025-06-01T18:08:51.314+0200] {processor.py:829} INFO - Processing file /home/lohit/miniconda3/envs/airflow-env/lib/python3.8/site-packages/airflow/example_dags/tutorial_dag.py for tasks to queue
[2025-06-01T18:08:51.315+0200] {logging_mixin.py:154} INFO - [2025-06-01T18:08:51.315+0200] {dagbag.py:536} INFO - Filling up the DagBag from /home/lohit/miniconda3/envs/airflow-env/lib/python3.8/site-packages/airflow/example_dags/tutorial_dag.py
[2025-06-01T18:08:51.318+0200] {processor.py:839} INFO - DAG(s) dict_keys(['tutorial_dag']) retrieved from /home/lohit/miniconda3/envs/airflow-env/lib/python3.8/site-packages/airflow/example_dags/tutorial_dag.py
[2025-06-01T18:08:51.331+0200] {logging_mixin.py:154} INFO - [2025-06-01T18:08:51.331+0200] {dag.py:2941} INFO - Sync 1 DAGs
[2025-06-01T18:08:51.339+0200] {logging_mixin.py:154} INFO - [2025-06-01T18:08:51.339+0200] {dag.py:3722} INFO - Setting next_dagrun for tutorial_dag to None, run_after=None
[2025-06-01T18:08:51.356+0200] {processor.py:179} INFO - Processing /home/lohit/miniconda3/envs/airflow-env/lib/python3.8/site-packages/airflow/example_dags/tutorial_dag.py took 0.047 seconds
[2025-06-01T18:09:37.849+0200] {processor.py:157} INFO - Started process (PID=28621) to work on /home/lohit/miniconda3/envs/airflow-env/lib/python3.8/site-packages/airflow/example_dags/tutorial_dag.py
[2025-06-01T18:09:37.853+0200] {processor.py:829} INFO - Processing file /home/lohit/miniconda3/envs/airflow-env/lib/python3.8/site-packages/airflow/example_dags/tutorial_dag.py for tasks to queue
[2025-06-01T18:09:37.853+0200] {logging_mixin.py:154} INFO - [2025-06-01T18:09:37.853+0200] {dagbag.py:536} INFO - Filling up the DagBag from /home/lohit/miniconda3/envs/airflow-env/lib/python3.8/site-packages/airflow/example_dags/tutorial_dag.py
[2025-06-01T18:09:37.857+0200] {processor.py:839} INFO - DAG(s) dict_keys(['tutorial_dag']) retrieved from /home/lohit/miniconda3/envs/airflow-env/lib/python3.8/site-packages/airflow/example_dags/tutorial_dag.py
[2025-06-01T18:09:37.867+0200] {logging_mixin.py:154} INFO - [2025-06-01T18:09:37.867+0200] {dag.py:2941} INFO - Sync 1 DAGs
[2025-06-01T18:09:37.874+0200] {logging_mixin.py:154} INFO - [2025-06-01T18:09:37.873+0200] {dag.py:3722} INFO - Setting next_dagrun for tutorial_dag to None, run_after=None
[2025-06-01T18:09:37.891+0200] {processor.py:179} INFO - Processing /home/lohit/miniconda3/envs/airflow-env/lib/python3.8/site-packages/airflow/example_dags/tutorial_dag.py took 0.044 seconds
[2025-06-01T18:10:25.624+0200] {processor.py:157} INFO - Started process (PID=28703) to work on /home/lohit/miniconda3/envs/airflow-env/lib/python3.8/site-packages/airflow/example_dags/tutorial_dag.py
[2025-06-01T18:10:25.627+0200] {processor.py:829} INFO - Processing file /home/lohit/miniconda3/envs/airflow-env/lib/python3.8/site-packages/airflow/example_dags/tutorial_dag.py for tasks to queue
[2025-06-01T18:10:25.628+0200] {logging_mixin.py:154} INFO - [2025-06-01T18:10:25.628+0200] {dagbag.py:536} INFO - Filling up the DagBag from /home/lohit/miniconda3/envs/airflow-env/lib/python3.8/site-packages/airflow/example_dags/tutorial_dag.py
[2025-06-01T18:10:25.631+0200] {processor.py:839} INFO - DAG(s) dict_keys(['tutorial_dag']) retrieved from /home/lohit/miniconda3/envs/airflow-env/lib/python3.8/site-packages/airflow/example_dags/tutorial_dag.py
[2025-06-01T18:10:25.641+0200] {logging_mixin.py:154} INFO - [2025-06-01T18:10:25.640+0200] {dag.py:2941} INFO - Sync 1 DAGs
[2025-06-01T18:10:25.647+0200] {logging_mixin.py:154} INFO - [2025-06-01T18:10:25.646+0200] {dag.py:3722} INFO - Setting next_dagrun for tutorial_dag to None, run_after=None
[2025-06-01T18:10:25.664+0200] {processor.py:179} INFO - Processing /home/lohit/miniconda3/envs/airflow-env/lib/python3.8/site-packages/airflow/example_dags/tutorial_dag.py took 0.042 seconds
[2025-06-01T18:11:13.761+0200] {processor.py:157} INFO - Started process (PID=28774) to work on /home/lohit/miniconda3/envs/airflow-env/lib/python3.8/site-packages/airflow/example_dags/tutorial_dag.py
[2025-06-01T18:11:13.765+0200] {processor.py:829} INFO - Processing file /home/lohit/miniconda3/envs/airflow-env/lib/python3.8/site-packages/airflow/example_dags/tutorial_dag.py for tasks to queue
[2025-06-01T18:11:13.766+0200] {logging_mixin.py:154} INFO - [2025-06-01T18:11:13.766+0200] {dagbag.py:536} INFO - Filling up the DagBag from /home/lohit/miniconda3/envs/airflow-env/lib/python3.8/site-packages/airflow/example_dags/tutorial_dag.py
[2025-06-01T18:11:13.770+0200] {processor.py:839} INFO - DAG(s) dict_keys(['tutorial_dag']) retrieved from /home/lohit/miniconda3/envs/airflow-env/lib/python3.8/site-packages/airflow/example_dags/tutorial_dag.py
[2025-06-01T18:11:13.780+0200] {logging_mixin.py:154} INFO - [2025-06-01T18:11:13.780+0200] {dag.py:2941} INFO - Sync 1 DAGs
[2025-06-01T18:11:13.787+0200] {logging_mixin.py:154} INFO - [2025-06-01T18:11:13.787+0200] {dag.py:3722} INFO - Setting next_dagrun for tutorial_dag to None, run_after=None
[2025-06-01T18:11:13.804+0200] {processor.py:179} INFO - Processing /home/lohit/miniconda3/envs/airflow-env/lib/python3.8/site-packages/airflow/example_dags/tutorial_dag.py took 0.044 seconds
[2025-06-01T18:12:05.028+0200] {processor.py:157} INFO - Started process (PID=28848) to work on /home/lohit/miniconda3/envs/airflow-env/lib/python3.8/site-packages/airflow/example_dags/tutorial_dag.py
[2025-06-01T18:12:05.031+0200] {processor.py:829} INFO - Processing file /home/lohit/miniconda3/envs/airflow-env/lib/python3.8/site-packages/airflow/example_dags/tutorial_dag.py for tasks to queue
[2025-06-01T18:12:05.032+0200] {logging_mixin.py:154} INFO - [2025-06-01T18:12:05.032+0200] {dagbag.py:536} INFO - Filling up the DagBag from /home/lohit/miniconda3/envs/airflow-env/lib/python3.8/site-packages/airflow/example_dags/tutorial_dag.py
[2025-06-01T18:12:05.036+0200] {processor.py:839} INFO - DAG(s) dict_keys(['tutorial_dag']) retrieved from /home/lohit/miniconda3/envs/airflow-env/lib/python3.8/site-packages/airflow/example_dags/tutorial_dag.py
[2025-06-01T18:12:05.047+0200] {logging_mixin.py:154} INFO - [2025-06-01T18:12:05.047+0200] {dag.py:2941} INFO - Sync 1 DAGs
[2025-06-01T18:12:05.055+0200] {logging_mixin.py:154} INFO - [2025-06-01T18:12:05.055+0200] {dag.py:3722} INFO - Setting next_dagrun for tutorial_dag to None, run_after=None
[2025-06-01T18:12:05.074+0200] {processor.py:179} INFO - Processing /home/lohit/miniconda3/envs/airflow-env/lib/python3.8/site-packages/airflow/example_dags/tutorial_dag.py took 0.048 seconds
[2025-06-01T18:12:54.452+0200] {processor.py:157} INFO - Started process (PID=28926) to work on /home/lohit/miniconda3/envs/airflow-env/lib/python3.8/site-packages/airflow/example_dags/tutorial_dag.py
[2025-06-01T18:12:54.453+0200] {processor.py:829} INFO - Processing file /home/lohit/miniconda3/envs/airflow-env/lib/python3.8/site-packages/airflow/example_dags/tutorial_dag.py for tasks to queue
[2025-06-01T18:12:54.454+0200] {logging_mixin.py:154} INFO - [2025-06-01T18:12:54.453+0200] {dagbag.py:536} INFO - Filling up the DagBag from /home/lohit/miniconda3/envs/airflow-env/lib/python3.8/site-packages/airflow/example_dags/tutorial_dag.py
[2025-06-01T18:12:54.457+0200] {processor.py:839} INFO - DAG(s) dict_keys(['tutorial_dag']) retrieved from /home/lohit/miniconda3/envs/airflow-env/lib/python3.8/site-packages/airflow/example_dags/tutorial_dag.py
[2025-06-01T18:12:54.469+0200] {logging_mixin.py:154} INFO - [2025-06-01T18:12:54.469+0200] {dag.py:2941} INFO - Sync 1 DAGs
[2025-06-01T18:12:54.476+0200] {logging_mixin.py:154} INFO - [2025-06-01T18:12:54.475+0200] {dag.py:3722} INFO - Setting next_dagrun for tutorial_dag to None, run_after=None
[2025-06-01T18:12:54.491+0200] {processor.py:179} INFO - Processing /home/lohit/miniconda3/envs/airflow-env/lib/python3.8/site-packages/airflow/example_dags/tutorial_dag.py took 0.041 seconds
[2025-06-01T18:13:41.533+0200] {processor.py:157} INFO - Started process (PID=28996) to work on /home/lohit/miniconda3/envs/airflow-env/lib/python3.8/site-packages/airflow/example_dags/tutorial_dag.py
[2025-06-01T18:13:41.536+0200] {processor.py:829} INFO - Processing file /home/lohit/miniconda3/envs/airflow-env/lib/python3.8/site-packages/airflow/example_dags/tutorial_dag.py for tasks to queue
[2025-06-01T18:13:41.536+0200] {logging_mixin.py:154} INFO - [2025-06-01T18:13:41.536+0200] {dagbag.py:536} INFO - Filling up the DagBag from /home/lohit/miniconda3/envs/airflow-env/lib/python3.8/site-packages/airflow/example_dags/tutorial_dag.py
[2025-06-01T18:13:41.540+0200] {processor.py:839} INFO - DAG(s) dict_keys(['tutorial_dag']) retrieved from /home/lohit/miniconda3/envs/airflow-env/lib/python3.8/site-packages/airflow/example_dags/tutorial_dag.py
[2025-06-01T18:13:41.549+0200] {logging_mixin.py:154} INFO - [2025-06-01T18:13:41.549+0200] {dag.py:2941} INFO - Sync 1 DAGs
[2025-06-01T18:13:41.558+0200] {logging_mixin.py:154} INFO - [2025-06-01T18:13:41.558+0200] {dag.py:3722} INFO - Setting next_dagrun for tutorial_dag to None, run_after=None
[2025-06-01T18:13:41.572+0200] {processor.py:179} INFO - Processing /home/lohit/miniconda3/envs/airflow-env/lib/python3.8/site-packages/airflow/example_dags/tutorial_dag.py took 0.042 seconds
[2025-06-01T18:14:23.833+0200] {processor.py:157} INFO - Started process (PID=29064) to work on /home/lohit/miniconda3/envs/airflow-env/lib/python3.8/site-packages/airflow/example_dags/tutorial_dag.py
[2025-06-01T18:14:23.834+0200] {processor.py:829} INFO - Processing file /home/lohit/miniconda3/envs/airflow-env/lib/python3.8/site-packages/airflow/example_dags/tutorial_dag.py for tasks to queue
[2025-06-01T18:14:23.835+0200] {logging_mixin.py:154} INFO - [2025-06-01T18:14:23.835+0200] {dagbag.py:536} INFO - Filling up the DagBag from /home/lohit/miniconda3/envs/airflow-env/lib/python3.8/site-packages/airflow/example_dags/tutorial_dag.py
[2025-06-01T18:14:23.839+0200] {processor.py:839} INFO - DAG(s) dict_keys(['tutorial_dag']) retrieved from /home/lohit/miniconda3/envs/airflow-env/lib/python3.8/site-packages/airflow/example_dags/tutorial_dag.py
[2025-06-01T18:14:23.850+0200] {logging_mixin.py:154} INFO - [2025-06-01T18:14:23.850+0200] {dag.py:2941} INFO - Sync 1 DAGs
[2025-06-01T18:14:23.858+0200] {logging_mixin.py:154} INFO - [2025-06-01T18:14:23.858+0200] {dag.py:3722} INFO - Setting next_dagrun for tutorial_dag to None, run_after=None
[2025-06-01T18:14:23.875+0200] {processor.py:179} INFO - Processing /home/lohit/miniconda3/envs/airflow-env/lib/python3.8/site-packages/airflow/example_dags/tutorial_dag.py took 0.044 seconds
[2025-06-01T18:15:11.830+0200] {processor.py:157} INFO - Started process (PID=29134) to work on /home/lohit/miniconda3/envs/airflow-env/lib/python3.8/site-packages/airflow/example_dags/tutorial_dag.py
[2025-06-01T18:15:11.834+0200] {processor.py:829} INFO - Processing file /home/lohit/miniconda3/envs/airflow-env/lib/python3.8/site-packages/airflow/example_dags/tutorial_dag.py for tasks to queue
[2025-06-01T18:15:11.834+0200] {logging_mixin.py:154} INFO - [2025-06-01T18:15:11.834+0200] {dagbag.py:536} INFO - Filling up the DagBag from /home/lohit/miniconda3/envs/airflow-env/lib/python3.8/site-packages/airflow/example_dags/tutorial_dag.py
[2025-06-01T18:15:11.838+0200] {processor.py:839} INFO - DAG(s) dict_keys(['tutorial_dag']) retrieved from /home/lohit/miniconda3/envs/airflow-env/lib/python3.8/site-packages/airflow/example_dags/tutorial_dag.py
[2025-06-01T18:15:11.849+0200] {logging_mixin.py:154} INFO - [2025-06-01T18:15:11.849+0200] {dag.py:2941} INFO - Sync 1 DAGs
[2025-06-01T18:15:11.856+0200] {logging_mixin.py:154} INFO - [2025-06-01T18:15:11.856+0200] {dag.py:3722} INFO - Setting next_dagrun for tutorial_dag to None, run_after=None
[2025-06-01T18:15:11.874+0200] {processor.py:179} INFO - Processing /home/lohit/miniconda3/envs/airflow-env/lib/python3.8/site-packages/airflow/example_dags/tutorial_dag.py took 0.047 seconds
[2025-06-01T18:16:01.392+0200] {processor.py:157} INFO - Started process (PID=29206) to work on /home/lohit/miniconda3/envs/airflow-env/lib/python3.8/site-packages/airflow/example_dags/tutorial_dag.py
[2025-06-01T18:16:01.394+0200] {processor.py:829} INFO - Processing file /home/lohit/miniconda3/envs/airflow-env/lib/python3.8/site-packages/airflow/example_dags/tutorial_dag.py for tasks to queue
[2025-06-01T18:16:01.394+0200] {logging_mixin.py:154} INFO - [2025-06-01T18:16:01.394+0200] {dagbag.py:536} INFO - Filling up the DagBag from /home/lohit/miniconda3/envs/airflow-env/lib/python3.8/site-packages/airflow/example_dags/tutorial_dag.py
[2025-06-01T18:16:01.398+0200] {processor.py:839} INFO - DAG(s) dict_keys(['tutorial_dag']) retrieved from /home/lohit/miniconda3/envs/airflow-env/lib/python3.8/site-packages/airflow/example_dags/tutorial_dag.py
[2025-06-01T18:16:01.411+0200] {logging_mixin.py:154} INFO - [2025-06-01T18:16:01.411+0200] {dag.py:2941} INFO - Sync 1 DAGs
[2025-06-01T18:16:01.420+0200] {logging_mixin.py:154} INFO - [2025-06-01T18:16:01.420+0200] {dag.py:3722} INFO - Setting next_dagrun for tutorial_dag to None, run_after=None
[2025-06-01T18:16:01.441+0200] {processor.py:179} INFO - Processing /home/lohit/miniconda3/envs/airflow-env/lib/python3.8/site-packages/airflow/example_dags/tutorial_dag.py took 0.051 seconds
[2025-06-01T18:16:49.489+0200] {processor.py:157} INFO - Started process (PID=29278) to work on /home/lohit/miniconda3/envs/airflow-env/lib/python3.8/site-packages/airflow/example_dags/tutorial_dag.py
[2025-06-01T18:16:49.492+0200] {processor.py:829} INFO - Processing file /home/lohit/miniconda3/envs/airflow-env/lib/python3.8/site-packages/airflow/example_dags/tutorial_dag.py for tasks to queue
[2025-06-01T18:16:49.493+0200] {logging_mixin.py:154} INFO - [2025-06-01T18:16:49.492+0200] {dagbag.py:536} INFO - Filling up the DagBag from /home/lohit/miniconda3/envs/airflow-env/lib/python3.8/site-packages/airflow/example_dags/tutorial_dag.py
[2025-06-01T18:16:49.496+0200] {processor.py:839} INFO - DAG(s) dict_keys(['tutorial_dag']) retrieved from /home/lohit/miniconda3/envs/airflow-env/lib/python3.8/site-packages/airflow/example_dags/tutorial_dag.py
[2025-06-01T18:16:49.507+0200] {logging_mixin.py:154} INFO - [2025-06-01T18:16:49.507+0200] {dag.py:2941} INFO - Sync 1 DAGs
[2025-06-01T18:16:49.513+0200] {logging_mixin.py:154} INFO - [2025-06-01T18:16:49.513+0200] {dag.py:3722} INFO - Setting next_dagrun for tutorial_dag to None, run_after=None
[2025-06-01T18:16:49.529+0200] {processor.py:179} INFO - Processing /home/lohit/miniconda3/envs/airflow-env/lib/python3.8/site-packages/airflow/example_dags/tutorial_dag.py took 0.042 seconds
[2025-06-01T18:17:37.921+0200] {processor.py:157} INFO - Started process (PID=29352) to work on /home/lohit/miniconda3/envs/airflow-env/lib/python3.8/site-packages/airflow/example_dags/tutorial_dag.py
[2025-06-01T18:17:37.925+0200] {processor.py:829} INFO - Processing file /home/lohit/miniconda3/envs/airflow-env/lib/python3.8/site-packages/airflow/example_dags/tutorial_dag.py for tasks to queue
[2025-06-01T18:17:37.925+0200] {logging_mixin.py:154} INFO - [2025-06-01T18:17:37.925+0200] {dagbag.py:536} INFO - Filling up the DagBag from /home/lohit/miniconda3/envs/airflow-env/lib/python3.8/site-packages/airflow/example_dags/tutorial_dag.py
[2025-06-01T18:17:37.929+0200] {processor.py:839} INFO - DAG(s) dict_keys(['tutorial_dag']) retrieved from /home/lohit/miniconda3/envs/airflow-env/lib/python3.8/site-packages/airflow/example_dags/tutorial_dag.py
[2025-06-01T18:17:37.940+0200] {logging_mixin.py:154} INFO - [2025-06-01T18:17:37.940+0200] {dag.py:2941} INFO - Sync 1 DAGs
[2025-06-01T18:17:37.948+0200] {logging_mixin.py:154} INFO - [2025-06-01T18:17:37.948+0200] {dag.py:3722} INFO - Setting next_dagrun for tutorial_dag to None, run_after=None
[2025-06-01T18:17:38.002+0200] {processor.py:179} INFO - Processing /home/lohit/miniconda3/envs/airflow-env/lib/python3.8/site-packages/airflow/example_dags/tutorial_dag.py took 0.083 seconds
[2025-06-01T18:18:20.823+0200] {processor.py:157} INFO - Started process (PID=29418) to work on /home/lohit/miniconda3/envs/airflow-env/lib/python3.8/site-packages/airflow/example_dags/tutorial_dag.py
[2025-06-01T18:18:20.827+0200] {processor.py:829} INFO - Processing file /home/lohit/miniconda3/envs/airflow-env/lib/python3.8/site-packages/airflow/example_dags/tutorial_dag.py for tasks to queue
[2025-06-01T18:18:20.827+0200] {logging_mixin.py:154} INFO - [2025-06-01T18:18:20.827+0200] {dagbag.py:536} INFO - Filling up the DagBag from /home/lohit/miniconda3/envs/airflow-env/lib/python3.8/site-packages/airflow/example_dags/tutorial_dag.py
[2025-06-01T18:18:20.830+0200] {processor.py:839} INFO - DAG(s) dict_keys(['tutorial_dag']) retrieved from /home/lohit/miniconda3/envs/airflow-env/lib/python3.8/site-packages/airflow/example_dags/tutorial_dag.py
[2025-06-01T18:18:20.841+0200] {logging_mixin.py:154} INFO - [2025-06-01T18:18:20.841+0200] {dag.py:2941} INFO - Sync 1 DAGs
[2025-06-01T18:18:20.848+0200] {logging_mixin.py:154} INFO - [2025-06-01T18:18:20.848+0200] {dag.py:3722} INFO - Setting next_dagrun for tutorial_dag to None, run_after=None
[2025-06-01T18:18:20.864+0200] {processor.py:179} INFO - Processing /home/lohit/miniconda3/envs/airflow-env/lib/python3.8/site-packages/airflow/example_dags/tutorial_dag.py took 0.043 seconds
[2025-06-01T18:19:07.129+0200] {processor.py:157} INFO - Started process (PID=29487) to work on /home/lohit/miniconda3/envs/airflow-env/lib/python3.8/site-packages/airflow/example_dags/tutorial_dag.py
[2025-06-01T18:19:07.132+0200] {processor.py:829} INFO - Processing file /home/lohit/miniconda3/envs/airflow-env/lib/python3.8/site-packages/airflow/example_dags/tutorial_dag.py for tasks to queue
[2025-06-01T18:19:07.133+0200] {logging_mixin.py:154} INFO - [2025-06-01T18:19:07.133+0200] {dagbag.py:536} INFO - Filling up the DagBag from /home/lohit/miniconda3/envs/airflow-env/lib/python3.8/site-packages/airflow/example_dags/tutorial_dag.py
[2025-06-01T18:19:07.137+0200] {processor.py:839} INFO - DAG(s) dict_keys(['tutorial_dag']) retrieved from /home/lohit/miniconda3/envs/airflow-env/lib/python3.8/site-packages/airflow/example_dags/tutorial_dag.py
[2025-06-01T18:19:07.148+0200] {logging_mixin.py:154} INFO - [2025-06-01T18:19:07.148+0200] {dag.py:2941} INFO - Sync 1 DAGs
[2025-06-01T18:19:07.155+0200] {logging_mixin.py:154} INFO - [2025-06-01T18:19:07.155+0200] {dag.py:3722} INFO - Setting next_dagrun for tutorial_dag to None, run_after=None
[2025-06-01T18:19:07.175+0200] {processor.py:179} INFO - Processing /home/lohit/miniconda3/envs/airflow-env/lib/python3.8/site-packages/airflow/example_dags/tutorial_dag.py took 0.048 seconds
[2025-06-01T18:19:56.765+0200] {processor.py:157} INFO - Started process (PID=29559) to work on /home/lohit/miniconda3/envs/airflow-env/lib/python3.8/site-packages/airflow/example_dags/tutorial_dag.py
[2025-06-01T18:19:56.768+0200] {processor.py:829} INFO - Processing file /home/lohit/miniconda3/envs/airflow-env/lib/python3.8/site-packages/airflow/example_dags/tutorial_dag.py for tasks to queue
[2025-06-01T18:19:56.769+0200] {logging_mixin.py:154} INFO - [2025-06-01T18:19:56.769+0200] {dagbag.py:536} INFO - Filling up the DagBag from /home/lohit/miniconda3/envs/airflow-env/lib/python3.8/site-packages/airflow/example_dags/tutorial_dag.py
[2025-06-01T18:19:56.773+0200] {processor.py:839} INFO - DAG(s) dict_keys(['tutorial_dag']) retrieved from /home/lohit/miniconda3/envs/airflow-env/lib/python3.8/site-packages/airflow/example_dags/tutorial_dag.py
[2025-06-01T18:19:56.784+0200] {logging_mixin.py:154} INFO - [2025-06-01T18:19:56.784+0200] {dag.py:2941} INFO - Sync 1 DAGs
[2025-06-01T18:19:56.792+0200] {logging_mixin.py:154} INFO - [2025-06-01T18:19:56.791+0200] {dag.py:3722} INFO - Setting next_dagrun for tutorial_dag to None, run_after=None
[2025-06-01T18:19:56.810+0200] {processor.py:179} INFO - Processing /home/lohit/miniconda3/envs/airflow-env/lib/python3.8/site-packages/airflow/example_dags/tutorial_dag.py took 0.047 seconds
[2025-06-01T18:20:45.072+0200] {processor.py:157} INFO - Started process (PID=29629) to work on /home/lohit/miniconda3/envs/airflow-env/lib/python3.8/site-packages/airflow/example_dags/tutorial_dag.py
[2025-06-01T18:20:45.075+0200] {processor.py:829} INFO - Processing file /home/lohit/miniconda3/envs/airflow-env/lib/python3.8/site-packages/airflow/example_dags/tutorial_dag.py for tasks to queue
[2025-06-01T18:20:45.076+0200] {logging_mixin.py:154} INFO - [2025-06-01T18:20:45.076+0200] {dagbag.py:536} INFO - Filling up the DagBag from /home/lohit/miniconda3/envs/airflow-env/lib/python3.8/site-packages/airflow/example_dags/tutorial_dag.py
[2025-06-01T18:20:45.079+0200] {processor.py:839} INFO - DAG(s) dict_keys(['tutorial_dag']) retrieved from /home/lohit/miniconda3/envs/airflow-env/lib/python3.8/site-packages/airflow/example_dags/tutorial_dag.py
[2025-06-01T18:20:45.089+0200] {logging_mixin.py:154} INFO - [2025-06-01T18:20:45.089+0200] {dag.py:2941} INFO - Sync 1 DAGs
[2025-06-01T18:20:45.095+0200] {logging_mixin.py:154} INFO - [2025-06-01T18:20:45.095+0200] {dag.py:3722} INFO - Setting next_dagrun for tutorial_dag to None, run_after=None
[2025-06-01T18:20:45.111+0200] {processor.py:179} INFO - Processing /home/lohit/miniconda3/envs/airflow-env/lib/python3.8/site-packages/airflow/example_dags/tutorial_dag.py took 0.041 seconds
[2025-06-01T18:21:32.267+0200] {processor.py:157} INFO - Started process (PID=29700) to work on /home/lohit/miniconda3/envs/airflow-env/lib/python3.8/site-packages/airflow/example_dags/tutorial_dag.py
[2025-06-01T18:21:32.270+0200] {processor.py:829} INFO - Processing file /home/lohit/miniconda3/envs/airflow-env/lib/python3.8/site-packages/airflow/example_dags/tutorial_dag.py for tasks to queue
[2025-06-01T18:21:32.270+0200] {logging_mixin.py:154} INFO - [2025-06-01T18:21:32.270+0200] {dagbag.py:536} INFO - Filling up the DagBag from /home/lohit/miniconda3/envs/airflow-env/lib/python3.8/site-packages/airflow/example_dags/tutorial_dag.py
[2025-06-01T18:21:32.274+0200] {processor.py:839} INFO - DAG(s) dict_keys(['tutorial_dag']) retrieved from /home/lohit/miniconda3/envs/airflow-env/lib/python3.8/site-packages/airflow/example_dags/tutorial_dag.py
[2025-06-01T18:21:32.284+0200] {logging_mixin.py:154} INFO - [2025-06-01T18:21:32.283+0200] {dag.py:2941} INFO - Sync 1 DAGs
[2025-06-01T18:21:32.290+0200] {logging_mixin.py:154} INFO - [2025-06-01T18:21:32.290+0200] {dag.py:3722} INFO - Setting next_dagrun for tutorial_dag to None, run_after=None
[2025-06-01T18:21:32.304+0200] {processor.py:179} INFO - Processing /home/lohit/miniconda3/envs/airflow-env/lib/python3.8/site-packages/airflow/example_dags/tutorial_dag.py took 0.039 seconds
[2025-06-01T18:22:18.464+0200] {processor.py:157} INFO - Started process (PID=29770) to work on /home/lohit/miniconda3/envs/airflow-env/lib/python3.8/site-packages/airflow/example_dags/tutorial_dag.py
[2025-06-01T18:22:18.468+0200] {processor.py:829} INFO - Processing file /home/lohit/miniconda3/envs/airflow-env/lib/python3.8/site-packages/airflow/example_dags/tutorial_dag.py for tasks to queue
[2025-06-01T18:22:18.469+0200] {logging_mixin.py:154} INFO - [2025-06-01T18:22:18.468+0200] {dagbag.py:536} INFO - Filling up the DagBag from /home/lohit/miniconda3/envs/airflow-env/lib/python3.8/site-packages/airflow/example_dags/tutorial_dag.py
[2025-06-01T18:22:18.473+0200] {processor.py:839} INFO - DAG(s) dict_keys(['tutorial_dag']) retrieved from /home/lohit/miniconda3/envs/airflow-env/lib/python3.8/site-packages/airflow/example_dags/tutorial_dag.py
[2025-06-01T18:22:18.484+0200] {logging_mixin.py:154} INFO - [2025-06-01T18:22:18.484+0200] {dag.py:2941} INFO - Sync 1 DAGs
[2025-06-01T18:22:18.491+0200] {logging_mixin.py:154} INFO - [2025-06-01T18:22:18.491+0200] {dag.py:3722} INFO - Setting next_dagrun for tutorial_dag to None, run_after=None
[2025-06-01T18:22:18.506+0200] {processor.py:179} INFO - Processing /home/lohit/miniconda3/envs/airflow-env/lib/python3.8/site-packages/airflow/example_dags/tutorial_dag.py took 0.045 seconds
[2025-06-01T18:23:07.006+0200] {processor.py:157} INFO - Started process (PID=29840) to work on /home/lohit/miniconda3/envs/airflow-env/lib/python3.8/site-packages/airflow/example_dags/tutorial_dag.py
[2025-06-01T18:23:07.010+0200] {processor.py:829} INFO - Processing file /home/lohit/miniconda3/envs/airflow-env/lib/python3.8/site-packages/airflow/example_dags/tutorial_dag.py for tasks to queue
[2025-06-01T18:23:07.010+0200] {logging_mixin.py:154} INFO - [2025-06-01T18:23:07.010+0200] {dagbag.py:536} INFO - Filling up the DagBag from /home/lohit/miniconda3/envs/airflow-env/lib/python3.8/site-packages/airflow/example_dags/tutorial_dag.py
[2025-06-01T18:23:07.014+0200] {processor.py:839} INFO - DAG(s) dict_keys(['tutorial_dag']) retrieved from /home/lohit/miniconda3/envs/airflow-env/lib/python3.8/site-packages/airflow/example_dags/tutorial_dag.py
[2025-06-01T18:23:07.025+0200] {logging_mixin.py:154} INFO - [2025-06-01T18:23:07.025+0200] {dag.py:2941} INFO - Sync 1 DAGs
[2025-06-01T18:23:07.033+0200] {logging_mixin.py:154} INFO - [2025-06-01T18:23:07.032+0200] {dag.py:3722} INFO - Setting next_dagrun for tutorial_dag to None, run_after=None
[2025-06-01T18:23:07.052+0200] {processor.py:179} INFO - Processing /home/lohit/miniconda3/envs/airflow-env/lib/python3.8/site-packages/airflow/example_dags/tutorial_dag.py took 0.048 seconds
[2025-06-01T18:23:56.356+0200] {processor.py:157} INFO - Started process (PID=29912) to work on /home/lohit/miniconda3/envs/airflow-env/lib/python3.8/site-packages/airflow/example_dags/tutorial_dag.py
[2025-06-01T18:23:56.358+0200] {processor.py:829} INFO - Processing file /home/lohit/miniconda3/envs/airflow-env/lib/python3.8/site-packages/airflow/example_dags/tutorial_dag.py for tasks to queue
[2025-06-01T18:23:56.358+0200] {logging_mixin.py:154} INFO - [2025-06-01T18:23:56.358+0200] {dagbag.py:536} INFO - Filling up the DagBag from /home/lohit/miniconda3/envs/airflow-env/lib/python3.8/site-packages/airflow/example_dags/tutorial_dag.py
[2025-06-01T18:23:56.362+0200] {processor.py:839} INFO - DAG(s) dict_keys(['tutorial_dag']) retrieved from /home/lohit/miniconda3/envs/airflow-env/lib/python3.8/site-packages/airflow/example_dags/tutorial_dag.py
[2025-06-01T18:23:56.372+0200] {logging_mixin.py:154} INFO - [2025-06-01T18:23:56.372+0200] {dag.py:2941} INFO - Sync 1 DAGs
[2025-06-01T18:23:56.379+0200] {logging_mixin.py:154} INFO - [2025-06-01T18:23:56.379+0200] {dag.py:3722} INFO - Setting next_dagrun for tutorial_dag to None, run_after=None
[2025-06-01T18:23:56.394+0200] {processor.py:179} INFO - Processing /home/lohit/miniconda3/envs/airflow-env/lib/python3.8/site-packages/airflow/example_dags/tutorial_dag.py took 0.040 seconds
[2025-06-01T18:24:41.987+0200] {processor.py:157} INFO - Started process (PID=29980) to work on /home/lohit/miniconda3/envs/airflow-env/lib/python3.8/site-packages/airflow/example_dags/tutorial_dag.py
[2025-06-01T18:24:41.991+0200] {processor.py:829} INFO - Processing file /home/lohit/miniconda3/envs/airflow-env/lib/python3.8/site-packages/airflow/example_dags/tutorial_dag.py for tasks to queue
[2025-06-01T18:24:41.991+0200] {logging_mixin.py:154} INFO - [2025-06-01T18:24:41.991+0200] {dagbag.py:536} INFO - Filling up the DagBag from /home/lohit/miniconda3/envs/airflow-env/lib/python3.8/site-packages/airflow/example_dags/tutorial_dag.py
[2025-06-01T18:24:41.994+0200] {processor.py:839} INFO - DAG(s) dict_keys(['tutorial_dag']) retrieved from /home/lohit/miniconda3/envs/airflow-env/lib/python3.8/site-packages/airflow/example_dags/tutorial_dag.py
[2025-06-01T18:24:42.003+0200] {logging_mixin.py:154} INFO - [2025-06-01T18:24:42.003+0200] {dag.py:2941} INFO - Sync 1 DAGs
[2025-06-01T18:24:42.009+0200] {logging_mixin.py:154} INFO - [2025-06-01T18:24:42.009+0200] {dag.py:3722} INFO - Setting next_dagrun for tutorial_dag to None, run_after=None
[2025-06-01T18:24:42.024+0200] {processor.py:179} INFO - Processing /home/lohit/miniconda3/envs/airflow-env/lib/python3.8/site-packages/airflow/example_dags/tutorial_dag.py took 0.038 seconds
[2025-06-01T18:25:31.116+0200] {processor.py:157} INFO - Started process (PID=30051) to work on /home/lohit/miniconda3/envs/airflow-env/lib/python3.8/site-packages/airflow/example_dags/tutorial_dag.py
[2025-06-01T18:25:31.120+0200] {processor.py:829} INFO - Processing file /home/lohit/miniconda3/envs/airflow-env/lib/python3.8/site-packages/airflow/example_dags/tutorial_dag.py for tasks to queue
[2025-06-01T18:25:31.120+0200] {logging_mixin.py:154} INFO - [2025-06-01T18:25:31.120+0200] {dagbag.py:536} INFO - Filling up the DagBag from /home/lohit/miniconda3/envs/airflow-env/lib/python3.8/site-packages/airflow/example_dags/tutorial_dag.py
[2025-06-01T18:25:31.124+0200] {processor.py:839} INFO - DAG(s) dict_keys(['tutorial_dag']) retrieved from /home/lohit/miniconda3/envs/airflow-env/lib/python3.8/site-packages/airflow/example_dags/tutorial_dag.py
[2025-06-01T18:25:31.135+0200] {logging_mixin.py:154} INFO - [2025-06-01T18:25:31.135+0200] {dag.py:2941} INFO - Sync 1 DAGs
[2025-06-01T18:25:31.143+0200] {logging_mixin.py:154} INFO - [2025-06-01T18:25:31.142+0200] {dag.py:3722} INFO - Setting next_dagrun for tutorial_dag to None, run_after=None
[2025-06-01T18:25:31.159+0200] {processor.py:179} INFO - Processing /home/lohit/miniconda3/envs/airflow-env/lib/python3.8/site-packages/airflow/example_dags/tutorial_dag.py took 0.046 seconds
[2025-06-01T18:26:15.325+0200] {processor.py:157} INFO - Started process (PID=30121) to work on /home/lohit/miniconda3/envs/airflow-env/lib/python3.8/site-packages/airflow/example_dags/tutorial_dag.py
[2025-06-01T18:26:15.327+0200] {processor.py:829} INFO - Processing file /home/lohit/miniconda3/envs/airflow-env/lib/python3.8/site-packages/airflow/example_dags/tutorial_dag.py for tasks to queue
[2025-06-01T18:26:15.327+0200] {logging_mixin.py:154} INFO - [2025-06-01T18:26:15.327+0200] {dagbag.py:536} INFO - Filling up the DagBag from /home/lohit/miniconda3/envs/airflow-env/lib/python3.8/site-packages/airflow/example_dags/tutorial_dag.py
[2025-06-01T18:26:15.332+0200] {processor.py:839} INFO - DAG(s) dict_keys(['tutorial_dag']) retrieved from /home/lohit/miniconda3/envs/airflow-env/lib/python3.8/site-packages/airflow/example_dags/tutorial_dag.py
[2025-06-01T18:26:15.344+0200] {logging_mixin.py:154} INFO - [2025-06-01T18:26:15.344+0200] {dag.py:2941} INFO - Sync 1 DAGs
[2025-06-01T18:26:15.352+0200] {logging_mixin.py:154} INFO - [2025-06-01T18:26:15.352+0200] {dag.py:3722} INFO - Setting next_dagrun for tutorial_dag to None, run_after=None
[2025-06-01T18:26:15.371+0200] {processor.py:179} INFO - Processing /home/lohit/miniconda3/envs/airflow-env/lib/python3.8/site-packages/airflow/example_dags/tutorial_dag.py took 0.048 seconds
[2025-06-01T18:27:04.852+0200] {processor.py:157} INFO - Started process (PID=30193) to work on /home/lohit/miniconda3/envs/airflow-env/lib/python3.8/site-packages/airflow/example_dags/tutorial_dag.py
[2025-06-01T18:27:04.856+0200] {processor.py:829} INFO - Processing file /home/lohit/miniconda3/envs/airflow-env/lib/python3.8/site-packages/airflow/example_dags/tutorial_dag.py for tasks to queue
[2025-06-01T18:27:04.856+0200] {logging_mixin.py:154} INFO - [2025-06-01T18:27:04.856+0200] {dagbag.py:536} INFO - Filling up the DagBag from /home/lohit/miniconda3/envs/airflow-env/lib/python3.8/site-packages/airflow/example_dags/tutorial_dag.py
[2025-06-01T18:27:04.859+0200] {processor.py:839} INFO - DAG(s) dict_keys(['tutorial_dag']) retrieved from /home/lohit/miniconda3/envs/airflow-env/lib/python3.8/site-packages/airflow/example_dags/tutorial_dag.py
[2025-06-01T18:27:04.869+0200] {logging_mixin.py:154} INFO - [2025-06-01T18:27:04.869+0200] {dag.py:2941} INFO - Sync 1 DAGs
[2025-06-01T18:27:04.876+0200] {logging_mixin.py:154} INFO - [2025-06-01T18:27:04.876+0200] {dag.py:3722} INFO - Setting next_dagrun for tutorial_dag to None, run_after=None
[2025-06-01T18:27:04.892+0200] {processor.py:179} INFO - Processing /home/lohit/miniconda3/envs/airflow-env/lib/python3.8/site-packages/airflow/example_dags/tutorial_dag.py took 0.042 seconds
[2025-06-01T18:27:49.849+0200] {processor.py:157} INFO - Started process (PID=30261) to work on /home/lohit/miniconda3/envs/airflow-env/lib/python3.8/site-packages/airflow/example_dags/tutorial_dag.py
[2025-06-01T18:27:49.852+0200] {processor.py:829} INFO - Processing file /home/lohit/miniconda3/envs/airflow-env/lib/python3.8/site-packages/airflow/example_dags/tutorial_dag.py for tasks to queue
[2025-06-01T18:27:49.853+0200] {logging_mixin.py:154} INFO - [2025-06-01T18:27:49.853+0200] {dagbag.py:536} INFO - Filling up the DagBag from /home/lohit/miniconda3/envs/airflow-env/lib/python3.8/site-packages/airflow/example_dags/tutorial_dag.py
[2025-06-01T18:27:49.856+0200] {processor.py:839} INFO - DAG(s) dict_keys(['tutorial_dag']) retrieved from /home/lohit/miniconda3/envs/airflow-env/lib/python3.8/site-packages/airflow/example_dags/tutorial_dag.py
[2025-06-01T18:27:49.867+0200] {logging_mixin.py:154} INFO - [2025-06-01T18:27:49.867+0200] {dag.py:2941} INFO - Sync 1 DAGs
[2025-06-01T18:27:49.874+0200] {logging_mixin.py:154} INFO - [2025-06-01T18:27:49.873+0200] {dag.py:3722} INFO - Setting next_dagrun for tutorial_dag to None, run_after=None
[2025-06-01T18:27:49.890+0200] {processor.py:179} INFO - Processing /home/lohit/miniconda3/envs/airflow-env/lib/python3.8/site-packages/airflow/example_dags/tutorial_dag.py took 0.043 seconds
[2025-06-01T18:28:39.399+0200] {processor.py:157} INFO - Started process (PID=30333) to work on /home/lohit/miniconda3/envs/airflow-env/lib/python3.8/site-packages/airflow/example_dags/tutorial_dag.py
[2025-06-01T18:28:39.401+0200] {processor.py:829} INFO - Processing file /home/lohit/miniconda3/envs/airflow-env/lib/python3.8/site-packages/airflow/example_dags/tutorial_dag.py for tasks to queue
[2025-06-01T18:28:39.401+0200] {logging_mixin.py:154} INFO - [2025-06-01T18:28:39.401+0200] {dagbag.py:536} INFO - Filling up the DagBag from /home/lohit/miniconda3/envs/airflow-env/lib/python3.8/site-packages/airflow/example_dags/tutorial_dag.py
[2025-06-01T18:28:39.405+0200] {processor.py:839} INFO - DAG(s) dict_keys(['tutorial_dag']) retrieved from /home/lohit/miniconda3/envs/airflow-env/lib/python3.8/site-packages/airflow/example_dags/tutorial_dag.py
[2025-06-01T18:28:39.416+0200] {logging_mixin.py:154} INFO - [2025-06-01T18:28:39.416+0200] {dag.py:2941} INFO - Sync 1 DAGs
[2025-06-01T18:28:39.423+0200] {logging_mixin.py:154} INFO - [2025-06-01T18:28:39.423+0200] {dag.py:3722} INFO - Setting next_dagrun for tutorial_dag to None, run_after=None
[2025-06-01T18:28:39.439+0200] {processor.py:179} INFO - Processing /home/lohit/miniconda3/envs/airflow-env/lib/python3.8/site-packages/airflow/example_dags/tutorial_dag.py took 0.042 seconds
[2025-06-01T18:29:23.882+0200] {processor.py:157} INFO - Started process (PID=30401) to work on /home/lohit/miniconda3/envs/airflow-env/lib/python3.8/site-packages/airflow/example_dags/tutorial_dag.py
[2025-06-01T18:29:23.886+0200] {processor.py:829} INFO - Processing file /home/lohit/miniconda3/envs/airflow-env/lib/python3.8/site-packages/airflow/example_dags/tutorial_dag.py for tasks to queue
[2025-06-01T18:29:23.886+0200] {logging_mixin.py:154} INFO - [2025-06-01T18:29:23.886+0200] {dagbag.py:536} INFO - Filling up the DagBag from /home/lohit/miniconda3/envs/airflow-env/lib/python3.8/site-packages/airflow/example_dags/tutorial_dag.py
[2025-06-01T18:29:23.890+0200] {processor.py:839} INFO - DAG(s) dict_keys(['tutorial_dag']) retrieved from /home/lohit/miniconda3/envs/airflow-env/lib/python3.8/site-packages/airflow/example_dags/tutorial_dag.py
[2025-06-01T18:29:23.902+0200] {logging_mixin.py:154} INFO - [2025-06-01T18:29:23.902+0200] {dag.py:2941} INFO - Sync 1 DAGs
[2025-06-01T18:29:23.910+0200] {logging_mixin.py:154} INFO - [2025-06-01T18:29:23.910+0200] {dag.py:3722} INFO - Setting next_dagrun for tutorial_dag to None, run_after=None
[2025-06-01T18:29:23.929+0200] {processor.py:179} INFO - Processing /home/lohit/miniconda3/envs/airflow-env/lib/python3.8/site-packages/airflow/example_dags/tutorial_dag.py took 0.049 seconds
[2025-06-01T18:30:11.611+0200] {processor.py:157} INFO - Started process (PID=30472) to work on /home/lohit/miniconda3/envs/airflow-env/lib/python3.8/site-packages/airflow/example_dags/tutorial_dag.py
[2025-06-01T18:30:11.615+0200] {processor.py:829} INFO - Processing file /home/lohit/miniconda3/envs/airflow-env/lib/python3.8/site-packages/airflow/example_dags/tutorial_dag.py for tasks to queue
[2025-06-01T18:30:11.615+0200] {logging_mixin.py:154} INFO - [2025-06-01T18:30:11.615+0200] {dagbag.py:536} INFO - Filling up the DagBag from /home/lohit/miniconda3/envs/airflow-env/lib/python3.8/site-packages/airflow/example_dags/tutorial_dag.py
[2025-06-01T18:30:11.619+0200] {processor.py:839} INFO - DAG(s) dict_keys(['tutorial_dag']) retrieved from /home/lohit/miniconda3/envs/airflow-env/lib/python3.8/site-packages/airflow/example_dags/tutorial_dag.py
[2025-06-01T18:30:11.631+0200] {logging_mixin.py:154} INFO - [2025-06-01T18:30:11.631+0200] {dag.py:2941} INFO - Sync 1 DAGs
[2025-06-01T18:30:11.638+0200] {logging_mixin.py:154} INFO - [2025-06-01T18:30:11.638+0200] {dag.py:3722} INFO - Setting next_dagrun for tutorial_dag to None, run_after=None
[2025-06-01T18:30:11.654+0200] {processor.py:179} INFO - Processing /home/lohit/miniconda3/envs/airflow-env/lib/python3.8/site-packages/airflow/example_dags/tutorial_dag.py took 0.046 seconds
[2025-06-01T18:30:54.109+0200] {processor.py:157} INFO - Started process (PID=30538) to work on /home/lohit/miniconda3/envs/airflow-env/lib/python3.8/site-packages/airflow/example_dags/tutorial_dag.py
[2025-06-01T18:30:54.113+0200] {processor.py:829} INFO - Processing file /home/lohit/miniconda3/envs/airflow-env/lib/python3.8/site-packages/airflow/example_dags/tutorial_dag.py for tasks to queue
[2025-06-01T18:30:54.113+0200] {logging_mixin.py:154} INFO - [2025-06-01T18:30:54.113+0200] {dagbag.py:536} INFO - Filling up the DagBag from /home/lohit/miniconda3/envs/airflow-env/lib/python3.8/site-packages/airflow/example_dags/tutorial_dag.py
[2025-06-01T18:30:54.117+0200] {processor.py:839} INFO - DAG(s) dict_keys(['tutorial_dag']) retrieved from /home/lohit/miniconda3/envs/airflow-env/lib/python3.8/site-packages/airflow/example_dags/tutorial_dag.py
[2025-06-01T18:30:54.127+0200] {logging_mixin.py:154} INFO - [2025-06-01T18:30:54.127+0200] {dag.py:2941} INFO - Sync 1 DAGs
[2025-06-01T18:30:54.135+0200] {logging_mixin.py:154} INFO - [2025-06-01T18:30:54.135+0200] {dag.py:3722} INFO - Setting next_dagrun for tutorial_dag to None, run_after=None
[2025-06-01T18:30:54.154+0200] {processor.py:179} INFO - Processing /home/lohit/miniconda3/envs/airflow-env/lib/python3.8/site-packages/airflow/example_dags/tutorial_dag.py took 0.047 seconds
[2025-06-01T18:31:39.208+0200] {processor.py:157} INFO - Started process (PID=30608) to work on /home/lohit/miniconda3/envs/airflow-env/lib/python3.8/site-packages/airflow/example_dags/tutorial_dag.py
[2025-06-01T18:31:39.211+0200] {processor.py:829} INFO - Processing file /home/lohit/miniconda3/envs/airflow-env/lib/python3.8/site-packages/airflow/example_dags/tutorial_dag.py for tasks to queue
[2025-06-01T18:31:39.212+0200] {logging_mixin.py:154} INFO - [2025-06-01T18:31:39.212+0200] {dagbag.py:536} INFO - Filling up the DagBag from /home/lohit/miniconda3/envs/airflow-env/lib/python3.8/site-packages/airflow/example_dags/tutorial_dag.py
[2025-06-01T18:31:39.216+0200] {processor.py:839} INFO - DAG(s) dict_keys(['tutorial_dag']) retrieved from /home/lohit/miniconda3/envs/airflow-env/lib/python3.8/site-packages/airflow/example_dags/tutorial_dag.py
[2025-06-01T18:31:39.227+0200] {logging_mixin.py:154} INFO - [2025-06-01T18:31:39.227+0200] {dag.py:2941} INFO - Sync 1 DAGs
[2025-06-01T18:31:39.234+0200] {logging_mixin.py:154} INFO - [2025-06-01T18:31:39.234+0200] {dag.py:3722} INFO - Setting next_dagrun for tutorial_dag to None, run_after=None
[2025-06-01T18:31:39.249+0200] {processor.py:179} INFO - Processing /home/lohit/miniconda3/envs/airflow-env/lib/python3.8/site-packages/airflow/example_dags/tutorial_dag.py took 0.043 seconds
[2025-06-01T18:32:24.385+0200] {processor.py:157} INFO - Started process (PID=30676) to work on /home/lohit/miniconda3/envs/airflow-env/lib/python3.8/site-packages/airflow/example_dags/tutorial_dag.py
[2025-06-01T18:32:24.388+0200] {processor.py:829} INFO - Processing file /home/lohit/miniconda3/envs/airflow-env/lib/python3.8/site-packages/airflow/example_dags/tutorial_dag.py for tasks to queue
[2025-06-01T18:32:24.389+0200] {logging_mixin.py:154} INFO - [2025-06-01T18:32:24.389+0200] {dagbag.py:536} INFO - Filling up the DagBag from /home/lohit/miniconda3/envs/airflow-env/lib/python3.8/site-packages/airflow/example_dags/tutorial_dag.py
[2025-06-01T18:32:24.392+0200] {processor.py:839} INFO - DAG(s) dict_keys(['tutorial_dag']) retrieved from /home/lohit/miniconda3/envs/airflow-env/lib/python3.8/site-packages/airflow/example_dags/tutorial_dag.py
[2025-06-01T18:32:24.402+0200] {logging_mixin.py:154} INFO - [2025-06-01T18:32:24.402+0200] {dag.py:2941} INFO - Sync 1 DAGs
[2025-06-01T18:32:24.410+0200] {logging_mixin.py:154} INFO - [2025-06-01T18:32:24.410+0200] {dag.py:3722} INFO - Setting next_dagrun for tutorial_dag to None, run_after=None
[2025-06-01T18:32:24.427+0200] {processor.py:179} INFO - Processing /home/lohit/miniconda3/envs/airflow-env/lib/python3.8/site-packages/airflow/example_dags/tutorial_dag.py took 0.044 seconds
[2025-06-01T18:33:09.202+0200] {processor.py:157} INFO - Started process (PID=30745) to work on /home/lohit/miniconda3/envs/airflow-env/lib/python3.8/site-packages/airflow/example_dags/tutorial_dag.py
[2025-06-01T18:33:09.204+0200] {processor.py:829} INFO - Processing file /home/lohit/miniconda3/envs/airflow-env/lib/python3.8/site-packages/airflow/example_dags/tutorial_dag.py for tasks to queue
[2025-06-01T18:33:09.204+0200] {logging_mixin.py:154} INFO - [2025-06-01T18:33:09.204+0200] {dagbag.py:536} INFO - Filling up the DagBag from /home/lohit/miniconda3/envs/airflow-env/lib/python3.8/site-packages/airflow/example_dags/tutorial_dag.py
[2025-06-01T18:33:09.207+0200] {processor.py:839} INFO - DAG(s) dict_keys(['tutorial_dag']) retrieved from /home/lohit/miniconda3/envs/airflow-env/lib/python3.8/site-packages/airflow/example_dags/tutorial_dag.py
[2025-06-01T18:33:09.217+0200] {logging_mixin.py:154} INFO - [2025-06-01T18:33:09.217+0200] {dag.py:2941} INFO - Sync 1 DAGs
[2025-06-01T18:33:09.224+0200] {logging_mixin.py:154} INFO - [2025-06-01T18:33:09.224+0200] {dag.py:3722} INFO - Setting next_dagrun for tutorial_dag to None, run_after=None
[2025-06-01T18:33:09.241+0200] {processor.py:179} INFO - Processing /home/lohit/miniconda3/envs/airflow-env/lib/python3.8/site-packages/airflow/example_dags/tutorial_dag.py took 0.041 seconds
[2025-06-01T18:33:57.138+0200] {processor.py:157} INFO - Started process (PID=30815) to work on /home/lohit/miniconda3/envs/airflow-env/lib/python3.8/site-packages/airflow/example_dags/tutorial_dag.py
[2025-06-01T18:33:57.142+0200] {processor.py:829} INFO - Processing file /home/lohit/miniconda3/envs/airflow-env/lib/python3.8/site-packages/airflow/example_dags/tutorial_dag.py for tasks to queue
[2025-06-01T18:33:57.142+0200] {logging_mixin.py:154} INFO - [2025-06-01T18:33:57.142+0200] {dagbag.py:536} INFO - Filling up the DagBag from /home/lohit/miniconda3/envs/airflow-env/lib/python3.8/site-packages/airflow/example_dags/tutorial_dag.py
[2025-06-01T18:33:57.147+0200] {processor.py:839} INFO - DAG(s) dict_keys(['tutorial_dag']) retrieved from /home/lohit/miniconda3/envs/airflow-env/lib/python3.8/site-packages/airflow/example_dags/tutorial_dag.py
[2025-06-01T18:33:57.160+0200] {logging_mixin.py:154} INFO - [2025-06-01T18:33:57.160+0200] {dag.py:2941} INFO - Sync 1 DAGs
[2025-06-01T18:33:57.167+0200] {logging_mixin.py:154} INFO - [2025-06-01T18:33:57.167+0200] {dag.py:3722} INFO - Setting next_dagrun for tutorial_dag to None, run_after=None
[2025-06-01T18:33:57.183+0200] {processor.py:179} INFO - Processing /home/lohit/miniconda3/envs/airflow-env/lib/python3.8/site-packages/airflow/example_dags/tutorial_dag.py took 0.047 seconds
[2025-06-01T18:34:45.562+0200] {processor.py:157} INFO - Started process (PID=31602) to work on /home/lohit/miniconda3/envs/airflow-env/lib/python3.8/site-packages/airflow/example_dags/tutorial_dag.py
[2025-06-01T18:34:45.566+0200] {processor.py:829} INFO - Processing file /home/lohit/miniconda3/envs/airflow-env/lib/python3.8/site-packages/airflow/example_dags/tutorial_dag.py for tasks to queue
[2025-06-01T18:34:45.566+0200] {logging_mixin.py:154} INFO - [2025-06-01T18:34:45.566+0200] {dagbag.py:536} INFO - Filling up the DagBag from /home/lohit/miniconda3/envs/airflow-env/lib/python3.8/site-packages/airflow/example_dags/tutorial_dag.py
[2025-06-01T18:34:45.570+0200] {processor.py:839} INFO - DAG(s) dict_keys(['tutorial_dag']) retrieved from /home/lohit/miniconda3/envs/airflow-env/lib/python3.8/site-packages/airflow/example_dags/tutorial_dag.py
[2025-06-01T18:34:45.581+0200] {logging_mixin.py:154} INFO - [2025-06-01T18:34:45.581+0200] {dag.py:2941} INFO - Sync 1 DAGs
[2025-06-01T18:34:45.589+0200] {logging_mixin.py:154} INFO - [2025-06-01T18:34:45.588+0200] {dag.py:3722} INFO - Setting next_dagrun for tutorial_dag to None, run_after=None
[2025-06-01T18:34:45.605+0200] {processor.py:179} INFO - Processing /home/lohit/miniconda3/envs/airflow-env/lib/python3.8/site-packages/airflow/example_dags/tutorial_dag.py took 0.045 seconds
[2025-06-01T18:35:32.939+0200] {processor.py:157} INFO - Started process (PID=31671) to work on /home/lohit/miniconda3/envs/airflow-env/lib/python3.8/site-packages/airflow/example_dags/tutorial_dag.py
[2025-06-01T18:35:32.940+0200] {processor.py:829} INFO - Processing file /home/lohit/miniconda3/envs/airflow-env/lib/python3.8/site-packages/airflow/example_dags/tutorial_dag.py for tasks to queue
[2025-06-01T18:35:32.941+0200] {logging_mixin.py:154} INFO - [2025-06-01T18:35:32.940+0200] {dagbag.py:536} INFO - Filling up the DagBag from /home/lohit/miniconda3/envs/airflow-env/lib/python3.8/site-packages/airflow/example_dags/tutorial_dag.py
[2025-06-01T18:35:32.945+0200] {processor.py:839} INFO - DAG(s) dict_keys(['tutorial_dag']) retrieved from /home/lohit/miniconda3/envs/airflow-env/lib/python3.8/site-packages/airflow/example_dags/tutorial_dag.py
[2025-06-01T18:35:32.957+0200] {logging_mixin.py:154} INFO - [2025-06-01T18:35:32.957+0200] {dag.py:2941} INFO - Sync 1 DAGs
[2025-06-01T18:35:32.966+0200] {logging_mixin.py:154} INFO - [2025-06-01T18:35:32.965+0200] {dag.py:3722} INFO - Setting next_dagrun for tutorial_dag to None, run_after=None
[2025-06-01T18:35:32.983+0200] {processor.py:179} INFO - Processing /home/lohit/miniconda3/envs/airflow-env/lib/python3.8/site-packages/airflow/example_dags/tutorial_dag.py took 0.046 seconds
