[2025-06-01T17:53:05.957+0200] {processor.py:157} INFO - Started process (PID=27079) to work on /home/lohit/miniconda3/envs/airflow-env/lib/python3.8/site-packages/airflow/example_dags/plugins/event_listener.py
[2025-06-01T17:53:05.957+0200] {processor.py:829} INFO - Processing file /home/lohit/miniconda3/envs/airflow-env/lib/python3.8/site-packages/airflow/example_dags/plugins/event_listener.py for tasks to queue
[2025-06-01T17:53:05.958+0200] {logging_mixin.py:154} INFO - [2025-06-01T17:53:05.958+0200] {dagbag.py:536} INFO - Filling up the DagBag from /home/lohit/miniconda3/envs/airflow-env/lib/python3.8/site-packages/airflow/example_dags/plugins/event_listener.py
[2025-06-01T17:53:05.959+0200] {processor.py:841} WARNING - No viable dags retrieved from /home/lohit/miniconda3/envs/airflow-env/lib/python3.8/site-packages/airflow/example_dags/plugins/event_listener.py
[2025-06-01T17:53:05.965+0200] {processor.py:179} INFO - Processing /home/lohit/miniconda3/envs/airflow-env/lib/python3.8/site-packages/airflow/example_dags/plugins/event_listener.py took 0.010 seconds
[2025-06-01T17:53:54.830+0200] {processor.py:157} INFO - Started process (PID=27152) to work on /home/lohit/miniconda3/envs/airflow-env/lib/python3.8/site-packages/airflow/example_dags/plugins/event_listener.py
[2025-06-01T17:53:54.831+0200] {processor.py:829} INFO - Processing file /home/lohit/miniconda3/envs/airflow-env/lib/python3.8/site-packages/airflow/example_dags/plugins/event_listener.py for tasks to queue
[2025-06-01T17:53:54.832+0200] {logging_mixin.py:154} INFO - [2025-06-01T17:53:54.832+0200] {dagbag.py:536} INFO - Filling up the DagBag from /home/lohit/miniconda3/envs/airflow-env/lib/python3.8/site-packages/airflow/example_dags/plugins/event_listener.py
[2025-06-01T17:53:54.833+0200] {processor.py:841} WARNING - No viable dags retrieved from /home/lohit/miniconda3/envs/airflow-env/lib/python3.8/site-packages/airflow/example_dags/plugins/event_listener.py
[2025-06-01T17:53:54.839+0200] {processor.py:179} INFO - Processing /home/lohit/miniconda3/envs/airflow-env/lib/python3.8/site-packages/airflow/example_dags/plugins/event_listener.py took 0.012 seconds
[2025-06-01T17:54:39.927+0200] {processor.py:157} INFO - Started process (PID=27220) to work on /home/lohit/miniconda3/envs/airflow-env/lib/python3.8/site-packages/airflow/example_dags/plugins/event_listener.py
[2025-06-01T17:54:39.931+0200] {processor.py:829} INFO - Processing file /home/lohit/miniconda3/envs/airflow-env/lib/python3.8/site-packages/airflow/example_dags/plugins/event_listener.py for tasks to queue
[2025-06-01T17:54:39.931+0200] {logging_mixin.py:154} INFO - [2025-06-01T17:54:39.931+0200] {dagbag.py:536} INFO - Filling up the DagBag from /home/lohit/miniconda3/envs/airflow-env/lib/python3.8/site-packages/airflow/example_dags/plugins/event_listener.py
[2025-06-01T17:54:39.933+0200] {processor.py:841} WARNING - No viable dags retrieved from /home/lohit/miniconda3/envs/airflow-env/lib/python3.8/site-packages/airflow/example_dags/plugins/event_listener.py
[2025-06-01T17:54:39.940+0200] {processor.py:179} INFO - Processing /home/lohit/miniconda3/envs/airflow-env/lib/python3.8/site-packages/airflow/example_dags/plugins/event_listener.py took 0.014 seconds
[2025-06-01T17:55:30.170+0200] {processor.py:157} INFO - Started process (PID=27292) to work on /home/lohit/miniconda3/envs/airflow-env/lib/python3.8/site-packages/airflow/example_dags/plugins/event_listener.py
[2025-06-01T17:55:30.171+0200] {processor.py:829} INFO - Processing file /home/lohit/miniconda3/envs/airflow-env/lib/python3.8/site-packages/airflow/example_dags/plugins/event_listener.py for tasks to queue
[2025-06-01T17:55:30.172+0200] {logging_mixin.py:154} INFO - [2025-06-01T17:55:30.171+0200] {dagbag.py:536} INFO - Filling up the DagBag from /home/lohit/miniconda3/envs/airflow-env/lib/python3.8/site-packages/airflow/example_dags/plugins/event_listener.py
[2025-06-01T17:55:30.173+0200] {processor.py:841} WARNING - No viable dags retrieved from /home/lohit/miniconda3/envs/airflow-env/lib/python3.8/site-packages/airflow/example_dags/plugins/event_listener.py
[2025-06-01T17:55:30.179+0200] {processor.py:179} INFO - Processing /home/lohit/miniconda3/envs/airflow-env/lib/python3.8/site-packages/airflow/example_dags/plugins/event_listener.py took 0.011 seconds
[2025-06-01T17:56:16.336+0200] {processor.py:157} INFO - Started process (PID=27364) to work on /home/lohit/miniconda3/envs/airflow-env/lib/python3.8/site-packages/airflow/example_dags/plugins/event_listener.py
[2025-06-01T17:56:16.336+0200] {processor.py:829} INFO - Processing file /home/lohit/miniconda3/envs/airflow-env/lib/python3.8/site-packages/airflow/example_dags/plugins/event_listener.py for tasks to queue
[2025-06-01T17:56:16.337+0200] {logging_mixin.py:154} INFO - [2025-06-01T17:56:16.337+0200] {dagbag.py:536} INFO - Filling up the DagBag from /home/lohit/miniconda3/envs/airflow-env/lib/python3.8/site-packages/airflow/example_dags/plugins/event_listener.py
[2025-06-01T17:56:16.339+0200] {processor.py:841} WARNING - No viable dags retrieved from /home/lohit/miniconda3/envs/airflow-env/lib/python3.8/site-packages/airflow/example_dags/plugins/event_listener.py
[2025-06-01T17:56:16.345+0200] {processor.py:179} INFO - Processing /home/lohit/miniconda3/envs/airflow-env/lib/python3.8/site-packages/airflow/example_dags/plugins/event_listener.py took 0.011 seconds
[2025-06-01T17:57:07.604+0200] {processor.py:157} INFO - Started process (PID=27436) to work on /home/lohit/miniconda3/envs/airflow-env/lib/python3.8/site-packages/airflow/example_dags/plugins/event_listener.py
[2025-06-01T17:57:07.608+0200] {processor.py:829} INFO - Processing file /home/lohit/miniconda3/envs/airflow-env/lib/python3.8/site-packages/airflow/example_dags/plugins/event_listener.py for tasks to queue
[2025-06-01T17:57:07.608+0200] {logging_mixin.py:154} INFO - [2025-06-01T17:57:07.608+0200] {dagbag.py:536} INFO - Filling up the DagBag from /home/lohit/miniconda3/envs/airflow-env/lib/python3.8/site-packages/airflow/example_dags/plugins/event_listener.py
[2025-06-01T17:57:07.610+0200] {processor.py:841} WARNING - No viable dags retrieved from /home/lohit/miniconda3/envs/airflow-env/lib/python3.8/site-packages/airflow/example_dags/plugins/event_listener.py
[2025-06-01T17:57:07.616+0200] {processor.py:179} INFO - Processing /home/lohit/miniconda3/envs/airflow-env/lib/python3.8/site-packages/airflow/example_dags/plugins/event_listener.py took 0.013 seconds
[2025-06-01T17:57:51.086+0200] {processor.py:157} INFO - Started process (PID=27504) to work on /home/lohit/miniconda3/envs/airflow-env/lib/python3.8/site-packages/airflow/example_dags/plugins/event_listener.py
[2025-06-01T17:57:51.089+0200] {processor.py:829} INFO - Processing file /home/lohit/miniconda3/envs/airflow-env/lib/python3.8/site-packages/airflow/example_dags/plugins/event_listener.py for tasks to queue
[2025-06-01T17:57:51.090+0200] {logging_mixin.py:154} INFO - [2025-06-01T17:57:51.090+0200] {dagbag.py:536} INFO - Filling up the DagBag from /home/lohit/miniconda3/envs/airflow-env/lib/python3.8/site-packages/airflow/example_dags/plugins/event_listener.py
[2025-06-01T17:57:51.092+0200] {processor.py:841} WARNING - No viable dags retrieved from /home/lohit/miniconda3/envs/airflow-env/lib/python3.8/site-packages/airflow/example_dags/plugins/event_listener.py
[2025-06-01T17:57:51.098+0200] {processor.py:179} INFO - Processing /home/lohit/miniconda3/envs/airflow-env/lib/python3.8/site-packages/airflow/example_dags/plugins/event_listener.py took 0.014 seconds
[2025-06-01T17:58:39.810+0200] {processor.py:157} INFO - Started process (PID=27574) to work on /home/lohit/miniconda3/envs/airflow-env/lib/python3.8/site-packages/airflow/example_dags/plugins/event_listener.py
[2025-06-01T17:58:39.814+0200] {processor.py:829} INFO - Processing file /home/lohit/miniconda3/envs/airflow-env/lib/python3.8/site-packages/airflow/example_dags/plugins/event_listener.py for tasks to queue
[2025-06-01T17:58:39.815+0200] {logging_mixin.py:154} INFO - [2025-06-01T17:58:39.814+0200] {dagbag.py:536} INFO - Filling up the DagBag from /home/lohit/miniconda3/envs/airflow-env/lib/python3.8/site-packages/airflow/example_dags/plugins/event_listener.py
[2025-06-01T17:58:39.817+0200] {processor.py:841} WARNING - No viable dags retrieved from /home/lohit/miniconda3/envs/airflow-env/lib/python3.8/site-packages/airflow/example_dags/plugins/event_listener.py
[2025-06-01T17:58:39.823+0200] {processor.py:179} INFO - Processing /home/lohit/miniconda3/envs/airflow-env/lib/python3.8/site-packages/airflow/example_dags/plugins/event_listener.py took 0.015 seconds
[2025-06-01T17:59:23.477+0200] {processor.py:157} INFO - Started process (PID=27642) to work on /home/lohit/miniconda3/envs/airflow-env/lib/python3.8/site-packages/airflow/example_dags/plugins/event_listener.py
[2025-06-01T17:59:23.480+0200] {processor.py:829} INFO - Processing file /home/lohit/miniconda3/envs/airflow-env/lib/python3.8/site-packages/airflow/example_dags/plugins/event_listener.py for tasks to queue
[2025-06-01T17:59:23.480+0200] {logging_mixin.py:154} INFO - [2025-06-01T17:59:23.480+0200] {dagbag.py:536} INFO - Filling up the DagBag from /home/lohit/miniconda3/envs/airflow-env/lib/python3.8/site-packages/airflow/example_dags/plugins/event_listener.py
[2025-06-01T17:59:23.482+0200] {processor.py:841} WARNING - No viable dags retrieved from /home/lohit/miniconda3/envs/airflow-env/lib/python3.8/site-packages/airflow/example_dags/plugins/event_listener.py
[2025-06-01T17:59:23.489+0200] {processor.py:179} INFO - Processing /home/lohit/miniconda3/envs/airflow-env/lib/python3.8/site-packages/airflow/example_dags/plugins/event_listener.py took 0.014 seconds
[2025-06-01T18:00:08.598+0200] {processor.py:157} INFO - Started process (PID=27710) to work on /home/lohit/miniconda3/envs/airflow-env/lib/python3.8/site-packages/airflow/example_dags/plugins/event_listener.py
[2025-06-01T18:00:08.599+0200] {processor.py:829} INFO - Processing file /home/lohit/miniconda3/envs/airflow-env/lib/python3.8/site-packages/airflow/example_dags/plugins/event_listener.py for tasks to queue
[2025-06-01T18:00:08.600+0200] {logging_mixin.py:154} INFO - [2025-06-01T18:00:08.600+0200] {dagbag.py:536} INFO - Filling up the DagBag from /home/lohit/miniconda3/envs/airflow-env/lib/python3.8/site-packages/airflow/example_dags/plugins/event_listener.py
[2025-06-01T18:00:08.601+0200] {processor.py:841} WARNING - No viable dags retrieved from /home/lohit/miniconda3/envs/airflow-env/lib/python3.8/site-packages/airflow/example_dags/plugins/event_listener.py
[2025-06-01T18:00:08.607+0200] {processor.py:179} INFO - Processing /home/lohit/miniconda3/envs/airflow-env/lib/python3.8/site-packages/airflow/example_dags/plugins/event_listener.py took 0.011 seconds
[2025-06-01T18:00:54.764+0200] {processor.py:157} INFO - Started process (PID=27780) to work on /home/lohit/miniconda3/envs/airflow-env/lib/python3.8/site-packages/airflow/example_dags/plugins/event_listener.py
[2025-06-01T18:00:54.767+0200] {processor.py:829} INFO - Processing file /home/lohit/miniconda3/envs/airflow-env/lib/python3.8/site-packages/airflow/example_dags/plugins/event_listener.py for tasks to queue
[2025-06-01T18:00:54.768+0200] {logging_mixin.py:154} INFO - [2025-06-01T18:00:54.768+0200] {dagbag.py:536} INFO - Filling up the DagBag from /home/lohit/miniconda3/envs/airflow-env/lib/python3.8/site-packages/airflow/example_dags/plugins/event_listener.py
[2025-06-01T18:00:54.770+0200] {processor.py:841} WARNING - No viable dags retrieved from /home/lohit/miniconda3/envs/airflow-env/lib/python3.8/site-packages/airflow/example_dags/plugins/event_listener.py
[2025-06-01T18:00:54.776+0200] {processor.py:179} INFO - Processing /home/lohit/miniconda3/envs/airflow-env/lib/python3.8/site-packages/airflow/example_dags/plugins/event_listener.py took 0.015 seconds
[2025-06-01T18:01:46.153+0200] {processor.py:157} INFO - Started process (PID=27885) to work on /home/lohit/miniconda3/envs/airflow-env/lib/python3.8/site-packages/airflow/example_dags/plugins/event_listener.py
[2025-06-01T18:01:46.157+0200] {processor.py:829} INFO - Processing file /home/lohit/miniconda3/envs/airflow-env/lib/python3.8/site-packages/airflow/example_dags/plugins/event_listener.py for tasks to queue
[2025-06-01T18:01:46.157+0200] {logging_mixin.py:154} INFO - [2025-06-01T18:01:46.157+0200] {dagbag.py:536} INFO - Filling up the DagBag from /home/lohit/miniconda3/envs/airflow-env/lib/python3.8/site-packages/airflow/example_dags/plugins/event_listener.py
[2025-06-01T18:01:46.159+0200] {processor.py:841} WARNING - No viable dags retrieved from /home/lohit/miniconda3/envs/airflow-env/lib/python3.8/site-packages/airflow/example_dags/plugins/event_listener.py
[2025-06-01T18:01:46.165+0200] {processor.py:179} INFO - Processing /home/lohit/miniconda3/envs/airflow-env/lib/python3.8/site-packages/airflow/example_dags/plugins/event_listener.py took 0.013 seconds
[2025-06-01T18:02:29.486+0200] {processor.py:157} INFO - Started process (PID=27953) to work on /home/lohit/miniconda3/envs/airflow-env/lib/python3.8/site-packages/airflow/example_dags/plugins/event_listener.py
[2025-06-01T18:02:29.488+0200] {processor.py:829} INFO - Processing file /home/lohit/miniconda3/envs/airflow-env/lib/python3.8/site-packages/airflow/example_dags/plugins/event_listener.py for tasks to queue
[2025-06-01T18:02:29.488+0200] {logging_mixin.py:154} INFO - [2025-06-01T18:02:29.488+0200] {dagbag.py:536} INFO - Filling up the DagBag from /home/lohit/miniconda3/envs/airflow-env/lib/python3.8/site-packages/airflow/example_dags/plugins/event_listener.py
[2025-06-01T18:02:29.490+0200] {processor.py:841} WARNING - No viable dags retrieved from /home/lohit/miniconda3/envs/airflow-env/lib/python3.8/site-packages/airflow/example_dags/plugins/event_listener.py
[2025-06-01T18:02:29.495+0200] {processor.py:179} INFO - Processing /home/lohit/miniconda3/envs/airflow-env/lib/python3.8/site-packages/airflow/example_dags/plugins/event_listener.py took 0.011 seconds
[2025-06-01T18:03:16.940+0200] {processor.py:157} INFO - Started process (PID=28030) to work on /home/lohit/miniconda3/envs/airflow-env/lib/python3.8/site-packages/airflow/example_dags/plugins/event_listener.py
[2025-06-01T18:03:16.944+0200] {processor.py:829} INFO - Processing file /home/lohit/miniconda3/envs/airflow-env/lib/python3.8/site-packages/airflow/example_dags/plugins/event_listener.py for tasks to queue
[2025-06-01T18:03:16.945+0200] {logging_mixin.py:154} INFO - [2025-06-01T18:03:16.945+0200] {dagbag.py:536} INFO - Filling up the DagBag from /home/lohit/miniconda3/envs/airflow-env/lib/python3.8/site-packages/airflow/example_dags/plugins/event_listener.py
[2025-06-01T18:03:16.947+0200] {processor.py:841} WARNING - No viable dags retrieved from /home/lohit/miniconda3/envs/airflow-env/lib/python3.8/site-packages/airflow/example_dags/plugins/event_listener.py
[2025-06-01T18:03:16.953+0200] {processor.py:179} INFO - Processing /home/lohit/miniconda3/envs/airflow-env/lib/python3.8/site-packages/airflow/example_dags/plugins/event_listener.py took 0.015 seconds
[2025-06-01T18:04:05.057+0200] {processor.py:157} INFO - Started process (PID=28105) to work on /home/lohit/miniconda3/envs/airflow-env/lib/python3.8/site-packages/airflow/example_dags/plugins/event_listener.py
[2025-06-01T18:04:05.058+0200] {processor.py:829} INFO - Processing file /home/lohit/miniconda3/envs/airflow-env/lib/python3.8/site-packages/airflow/example_dags/plugins/event_listener.py for tasks to queue
[2025-06-01T18:04:05.059+0200] {logging_mixin.py:154} INFO - [2025-06-01T18:04:05.058+0200] {dagbag.py:536} INFO - Filling up the DagBag from /home/lohit/miniconda3/envs/airflow-env/lib/python3.8/site-packages/airflow/example_dags/plugins/event_listener.py
[2025-06-01T18:04:05.061+0200] {processor.py:841} WARNING - No viable dags retrieved from /home/lohit/miniconda3/envs/airflow-env/lib/python3.8/site-packages/airflow/example_dags/plugins/event_listener.py
[2025-06-01T18:04:05.068+0200] {processor.py:179} INFO - Processing /home/lohit/miniconda3/envs/airflow-env/lib/python3.8/site-packages/airflow/example_dags/plugins/event_listener.py took 0.013 seconds
[2025-06-01T18:04:49.980+0200] {processor.py:157} INFO - Started process (PID=28179) to work on /home/lohit/miniconda3/envs/airflow-env/lib/python3.8/site-packages/airflow/example_dags/plugins/event_listener.py
[2025-06-01T18:04:49.983+0200] {processor.py:829} INFO - Processing file /home/lohit/miniconda3/envs/airflow-env/lib/python3.8/site-packages/airflow/example_dags/plugins/event_listener.py for tasks to queue
[2025-06-01T18:04:49.984+0200] {logging_mixin.py:154} INFO - [2025-06-01T18:04:49.983+0200] {dagbag.py:536} INFO - Filling up the DagBag from /home/lohit/miniconda3/envs/airflow-env/lib/python3.8/site-packages/airflow/example_dags/plugins/event_listener.py
[2025-06-01T18:04:49.985+0200] {processor.py:841} WARNING - No viable dags retrieved from /home/lohit/miniconda3/envs/airflow-env/lib/python3.8/site-packages/airflow/example_dags/plugins/event_listener.py
[2025-06-01T18:04:49.991+0200] {processor.py:179} INFO - Processing /home/lohit/miniconda3/envs/airflow-env/lib/python3.8/site-packages/airflow/example_dags/plugins/event_listener.py took 0.014 seconds
[2025-06-01T18:05:41.614+0200] {processor.py:157} INFO - Started process (PID=28260) to work on /home/lohit/miniconda3/envs/airflow-env/lib/python3.8/site-packages/airflow/example_dags/plugins/event_listener.py
[2025-06-01T18:05:41.617+0200] {processor.py:829} INFO - Processing file /home/lohit/miniconda3/envs/airflow-env/lib/python3.8/site-packages/airflow/example_dags/plugins/event_listener.py for tasks to queue
[2025-06-01T18:05:41.618+0200] {logging_mixin.py:154} INFO - [2025-06-01T18:05:41.618+0200] {dagbag.py:536} INFO - Filling up the DagBag from /home/lohit/miniconda3/envs/airflow-env/lib/python3.8/site-packages/airflow/example_dags/plugins/event_listener.py
[2025-06-01T18:05:41.620+0200] {processor.py:841} WARNING - No viable dags retrieved from /home/lohit/miniconda3/envs/airflow-env/lib/python3.8/site-packages/airflow/example_dags/plugins/event_listener.py
[2025-06-01T18:05:41.627+0200] {processor.py:179} INFO - Processing /home/lohit/miniconda3/envs/airflow-env/lib/python3.8/site-packages/airflow/example_dags/plugins/event_listener.py took 0.015 seconds
[2025-06-01T18:06:28.802+0200] {processor.py:157} INFO - Started process (PID=28335) to work on /home/lohit/miniconda3/envs/airflow-env/lib/python3.8/site-packages/airflow/example_dags/plugins/event_listener.py
[2025-06-01T18:06:28.805+0200] {processor.py:829} INFO - Processing file /home/lohit/miniconda3/envs/airflow-env/lib/python3.8/site-packages/airflow/example_dags/plugins/event_listener.py for tasks to queue
[2025-06-01T18:06:28.806+0200] {logging_mixin.py:154} INFO - [2025-06-01T18:06:28.806+0200] {dagbag.py:536} INFO - Filling up the DagBag from /home/lohit/miniconda3/envs/airflow-env/lib/python3.8/site-packages/airflow/example_dags/plugins/event_listener.py
[2025-06-01T18:06:28.808+0200] {processor.py:841} WARNING - No viable dags retrieved from /home/lohit/miniconda3/envs/airflow-env/lib/python3.8/site-packages/airflow/example_dags/plugins/event_listener.py
[2025-06-01T18:06:28.814+0200] {processor.py:179} INFO - Processing /home/lohit/miniconda3/envs/airflow-env/lib/python3.8/site-packages/airflow/example_dags/plugins/event_listener.py took 0.014 seconds
[2025-06-01T18:07:13.923+0200] {processor.py:157} INFO - Started process (PID=28403) to work on /home/lohit/miniconda3/envs/airflow-env/lib/python3.8/site-packages/airflow/example_dags/plugins/event_listener.py
[2025-06-01T18:07:13.925+0200] {processor.py:829} INFO - Processing file /home/lohit/miniconda3/envs/airflow-env/lib/python3.8/site-packages/airflow/example_dags/plugins/event_listener.py for tasks to queue
[2025-06-01T18:07:13.925+0200] {logging_mixin.py:154} INFO - [2025-06-01T18:07:13.925+0200] {dagbag.py:536} INFO - Filling up the DagBag from /home/lohit/miniconda3/envs/airflow-env/lib/python3.8/site-packages/airflow/example_dags/plugins/event_listener.py
[2025-06-01T18:07:13.927+0200] {processor.py:841} WARNING - No viable dags retrieved from /home/lohit/miniconda3/envs/airflow-env/lib/python3.8/site-packages/airflow/example_dags/plugins/event_listener.py
[2025-06-01T18:07:13.935+0200] {processor.py:179} INFO - Processing /home/lohit/miniconda3/envs/airflow-env/lib/python3.8/site-packages/airflow/example_dags/plugins/event_listener.py took 0.014 seconds
[2025-06-01T18:08:00.023+0200] {processor.py:157} INFO - Started process (PID=28473) to work on /home/lohit/miniconda3/envs/airflow-env/lib/python3.8/site-packages/airflow/example_dags/plugins/event_listener.py
[2025-06-01T18:08:00.025+0200] {processor.py:829} INFO - Processing file /home/lohit/miniconda3/envs/airflow-env/lib/python3.8/site-packages/airflow/example_dags/plugins/event_listener.py for tasks to queue
[2025-06-01T18:08:00.025+0200] {logging_mixin.py:154} INFO - [2025-06-01T18:08:00.025+0200] {dagbag.py:536} INFO - Filling up the DagBag from /home/lohit/miniconda3/envs/airflow-env/lib/python3.8/site-packages/airflow/example_dags/plugins/event_listener.py
[2025-06-01T18:08:00.027+0200] {processor.py:841} WARNING - No viable dags retrieved from /home/lohit/miniconda3/envs/airflow-env/lib/python3.8/site-packages/airflow/example_dags/plugins/event_listener.py
[2025-06-01T18:08:00.035+0200] {processor.py:179} INFO - Processing /home/lohit/miniconda3/envs/airflow-env/lib/python3.8/site-packages/airflow/example_dags/plugins/event_listener.py took 0.014 seconds
[2025-06-01T18:08:52.449+0200] {processor.py:157} INFO - Started process (PID=28550) to work on /home/lohit/miniconda3/envs/airflow-env/lib/python3.8/site-packages/airflow/example_dags/plugins/event_listener.py
[2025-06-01T18:08:52.453+0200] {processor.py:829} INFO - Processing file /home/lohit/miniconda3/envs/airflow-env/lib/python3.8/site-packages/airflow/example_dags/plugins/event_listener.py for tasks to queue
[2025-06-01T18:08:52.454+0200] {logging_mixin.py:154} INFO - [2025-06-01T18:08:52.453+0200] {dagbag.py:536} INFO - Filling up the DagBag from /home/lohit/miniconda3/envs/airflow-env/lib/python3.8/site-packages/airflow/example_dags/plugins/event_listener.py
[2025-06-01T18:08:52.455+0200] {processor.py:841} WARNING - No viable dags retrieved from /home/lohit/miniconda3/envs/airflow-env/lib/python3.8/site-packages/airflow/example_dags/plugins/event_listener.py
[2025-06-01T18:08:52.462+0200] {processor.py:179} INFO - Processing /home/lohit/miniconda3/envs/airflow-env/lib/python3.8/site-packages/airflow/example_dags/plugins/event_listener.py took 0.015 seconds
[2025-06-01T18:09:38.989+0200] {processor.py:157} INFO - Started process (PID=28624) to work on /home/lohit/miniconda3/envs/airflow-env/lib/python3.8/site-packages/airflow/example_dags/plugins/event_listener.py
[2025-06-01T18:09:38.992+0200] {processor.py:829} INFO - Processing file /home/lohit/miniconda3/envs/airflow-env/lib/python3.8/site-packages/airflow/example_dags/plugins/event_listener.py for tasks to queue
[2025-06-01T18:09:38.993+0200] {logging_mixin.py:154} INFO - [2025-06-01T18:09:38.993+0200] {dagbag.py:536} INFO - Filling up the DagBag from /home/lohit/miniconda3/envs/airflow-env/lib/python3.8/site-packages/airflow/example_dags/plugins/event_listener.py
[2025-06-01T18:09:38.995+0200] {processor.py:841} WARNING - No viable dags retrieved from /home/lohit/miniconda3/envs/airflow-env/lib/python3.8/site-packages/airflow/example_dags/plugins/event_listener.py
[2025-06-01T18:09:39.002+0200] {processor.py:179} INFO - Processing /home/lohit/miniconda3/envs/airflow-env/lib/python3.8/site-packages/airflow/example_dags/plugins/event_listener.py took 0.015 seconds
[2025-06-01T18:10:26.753+0200] {processor.py:157} INFO - Started process (PID=28704) to work on /home/lohit/miniconda3/envs/airflow-env/lib/python3.8/site-packages/airflow/example_dags/plugins/event_listener.py
[2025-06-01T18:10:26.756+0200] {processor.py:829} INFO - Processing file /home/lohit/miniconda3/envs/airflow-env/lib/python3.8/site-packages/airflow/example_dags/plugins/event_listener.py for tasks to queue
[2025-06-01T18:10:26.757+0200] {logging_mixin.py:154} INFO - [2025-06-01T18:10:26.757+0200] {dagbag.py:536} INFO - Filling up the DagBag from /home/lohit/miniconda3/envs/airflow-env/lib/python3.8/site-packages/airflow/example_dags/plugins/event_listener.py
[2025-06-01T18:10:26.759+0200] {processor.py:841} WARNING - No viable dags retrieved from /home/lohit/miniconda3/envs/airflow-env/lib/python3.8/site-packages/airflow/example_dags/plugins/event_listener.py
[2025-06-01T18:10:26.765+0200] {processor.py:179} INFO - Processing /home/lohit/miniconda3/envs/airflow-env/lib/python3.8/site-packages/airflow/example_dags/plugins/event_listener.py took 0.014 seconds
[2025-06-01T18:11:14.890+0200] {processor.py:157} INFO - Started process (PID=28775) to work on /home/lohit/miniconda3/envs/airflow-env/lib/python3.8/site-packages/airflow/example_dags/plugins/event_listener.py
[2025-06-01T18:11:14.894+0200] {processor.py:829} INFO - Processing file /home/lohit/miniconda3/envs/airflow-env/lib/python3.8/site-packages/airflow/example_dags/plugins/event_listener.py for tasks to queue
[2025-06-01T18:11:14.895+0200] {logging_mixin.py:154} INFO - [2025-06-01T18:11:14.894+0200] {dagbag.py:536} INFO - Filling up the DagBag from /home/lohit/miniconda3/envs/airflow-env/lib/python3.8/site-packages/airflow/example_dags/plugins/event_listener.py
[2025-06-01T18:11:14.897+0200] {processor.py:841} WARNING - No viable dags retrieved from /home/lohit/miniconda3/envs/airflow-env/lib/python3.8/site-packages/airflow/example_dags/plugins/event_listener.py
[2025-06-01T18:11:14.905+0200] {processor.py:179} INFO - Processing /home/lohit/miniconda3/envs/airflow-env/lib/python3.8/site-packages/airflow/example_dags/plugins/event_listener.py took 0.016 seconds
[2025-06-01T18:12:05.581+0200] {processor.py:157} INFO - Started process (PID=28849) to work on /home/lohit/miniconda3/envs/airflow-env/lib/python3.8/site-packages/airflow/example_dags/plugins/event_listener.py
[2025-06-01T18:12:05.582+0200] {processor.py:829} INFO - Processing file /home/lohit/miniconda3/envs/airflow-env/lib/python3.8/site-packages/airflow/example_dags/plugins/event_listener.py for tasks to queue
[2025-06-01T18:12:05.583+0200] {logging_mixin.py:154} INFO - [2025-06-01T18:12:05.583+0200] {dagbag.py:536} INFO - Filling up the DagBag from /home/lohit/miniconda3/envs/airflow-env/lib/python3.8/site-packages/airflow/example_dags/plugins/event_listener.py
[2025-06-01T18:12:05.585+0200] {processor.py:841} WARNING - No viable dags retrieved from /home/lohit/miniconda3/envs/airflow-env/lib/python3.8/site-packages/airflow/example_dags/plugins/event_listener.py
[2025-06-01T18:12:05.592+0200] {processor.py:179} INFO - Processing /home/lohit/miniconda3/envs/airflow-env/lib/python3.8/site-packages/airflow/example_dags/plugins/event_listener.py took 0.013 seconds
[2025-06-01T18:12:55.580+0200] {processor.py:157} INFO - Started process (PID=28927) to work on /home/lohit/miniconda3/envs/airflow-env/lib/python3.8/site-packages/airflow/example_dags/plugins/event_listener.py
[2025-06-01T18:12:55.581+0200] {processor.py:829} INFO - Processing file /home/lohit/miniconda3/envs/airflow-env/lib/python3.8/site-packages/airflow/example_dags/plugins/event_listener.py for tasks to queue
[2025-06-01T18:12:55.582+0200] {logging_mixin.py:154} INFO - [2025-06-01T18:12:55.581+0200] {dagbag.py:536} INFO - Filling up the DagBag from /home/lohit/miniconda3/envs/airflow-env/lib/python3.8/site-packages/airflow/example_dags/plugins/event_listener.py
[2025-06-01T18:12:55.583+0200] {processor.py:841} WARNING - No viable dags retrieved from /home/lohit/miniconda3/envs/airflow-env/lib/python3.8/site-packages/airflow/example_dags/plugins/event_listener.py
[2025-06-01T18:12:55.591+0200] {processor.py:179} INFO - Processing /home/lohit/miniconda3/envs/airflow-env/lib/python3.8/site-packages/airflow/example_dags/plugins/event_listener.py took 0.013 seconds
[2025-06-01T18:13:42.663+0200] {processor.py:157} INFO - Started process (PID=28997) to work on /home/lohit/miniconda3/envs/airflow-env/lib/python3.8/site-packages/airflow/example_dags/plugins/event_listener.py
[2025-06-01T18:13:42.667+0200] {processor.py:829} INFO - Processing file /home/lohit/miniconda3/envs/airflow-env/lib/python3.8/site-packages/airflow/example_dags/plugins/event_listener.py for tasks to queue
[2025-06-01T18:13:42.667+0200] {logging_mixin.py:154} INFO - [2025-06-01T18:13:42.667+0200] {dagbag.py:536} INFO - Filling up the DagBag from /home/lohit/miniconda3/envs/airflow-env/lib/python3.8/site-packages/airflow/example_dags/plugins/event_listener.py
[2025-06-01T18:13:42.669+0200] {processor.py:841} WARNING - No viable dags retrieved from /home/lohit/miniconda3/envs/airflow-env/lib/python3.8/site-packages/airflow/example_dags/plugins/event_listener.py
[2025-06-01T18:13:42.677+0200] {processor.py:179} INFO - Processing /home/lohit/miniconda3/envs/airflow-env/lib/python3.8/site-packages/airflow/example_dags/plugins/event_listener.py took 0.015 seconds
[2025-06-01T18:14:24.962+0200] {processor.py:157} INFO - Started process (PID=29065) to work on /home/lohit/miniconda3/envs/airflow-env/lib/python3.8/site-packages/airflow/example_dags/plugins/event_listener.py
[2025-06-01T18:14:24.966+0200] {processor.py:829} INFO - Processing file /home/lohit/miniconda3/envs/airflow-env/lib/python3.8/site-packages/airflow/example_dags/plugins/event_listener.py for tasks to queue
[2025-06-01T18:14:24.966+0200] {logging_mixin.py:154} INFO - [2025-06-01T18:14:24.966+0200] {dagbag.py:536} INFO - Filling up the DagBag from /home/lohit/miniconda3/envs/airflow-env/lib/python3.8/site-packages/airflow/example_dags/plugins/event_listener.py
[2025-06-01T18:14:24.968+0200] {processor.py:841} WARNING - No viable dags retrieved from /home/lohit/miniconda3/envs/airflow-env/lib/python3.8/site-packages/airflow/example_dags/plugins/event_listener.py
[2025-06-01T18:14:24.978+0200] {processor.py:179} INFO - Processing /home/lohit/miniconda3/envs/airflow-env/lib/python3.8/site-packages/airflow/example_dags/plugins/event_listener.py took 0.018 seconds
[2025-06-01T18:15:12.971+0200] {processor.py:157} INFO - Started process (PID=29135) to work on /home/lohit/miniconda3/envs/airflow-env/lib/python3.8/site-packages/airflow/example_dags/plugins/event_listener.py
[2025-06-01T18:15:12.974+0200] {processor.py:829} INFO - Processing file /home/lohit/miniconda3/envs/airflow-env/lib/python3.8/site-packages/airflow/example_dags/plugins/event_listener.py for tasks to queue
[2025-06-01T18:15:12.975+0200] {logging_mixin.py:154} INFO - [2025-06-01T18:15:12.975+0200] {dagbag.py:536} INFO - Filling up the DagBag from /home/lohit/miniconda3/envs/airflow-env/lib/python3.8/site-packages/airflow/example_dags/plugins/event_listener.py
[2025-06-01T18:15:12.976+0200] {processor.py:841} WARNING - No viable dags retrieved from /home/lohit/miniconda3/envs/airflow-env/lib/python3.8/site-packages/airflow/example_dags/plugins/event_listener.py
[2025-06-01T18:15:12.985+0200] {processor.py:179} INFO - Processing /home/lohit/miniconda3/envs/airflow-env/lib/python3.8/site-packages/airflow/example_dags/plugins/event_listener.py took 0.017 seconds
[2025-06-01T18:16:02.261+0200] {processor.py:157} INFO - Started process (PID=29207) to work on /home/lohit/miniconda3/envs/airflow-env/lib/python3.8/site-packages/airflow/example_dags/plugins/event_listener.py
[2025-06-01T18:16:02.264+0200] {processor.py:829} INFO - Processing file /home/lohit/miniconda3/envs/airflow-env/lib/python3.8/site-packages/airflow/example_dags/plugins/event_listener.py for tasks to queue
[2025-06-01T18:16:02.265+0200] {logging_mixin.py:154} INFO - [2025-06-01T18:16:02.264+0200] {dagbag.py:536} INFO - Filling up the DagBag from /home/lohit/miniconda3/envs/airflow-env/lib/python3.8/site-packages/airflow/example_dags/plugins/event_listener.py
[2025-06-01T18:16:02.266+0200] {processor.py:841} WARNING - No viable dags retrieved from /home/lohit/miniconda3/envs/airflow-env/lib/python3.8/site-packages/airflow/example_dags/plugins/event_listener.py
[2025-06-01T18:16:02.273+0200] {processor.py:179} INFO - Processing /home/lohit/miniconda3/envs/airflow-env/lib/python3.8/site-packages/airflow/example_dags/plugins/event_listener.py took 0.014 seconds
[2025-06-01T18:16:50.630+0200] {processor.py:157} INFO - Started process (PID=29279) to work on /home/lohit/miniconda3/envs/airflow-env/lib/python3.8/site-packages/airflow/example_dags/plugins/event_listener.py
[2025-06-01T18:16:50.634+0200] {processor.py:829} INFO - Processing file /home/lohit/miniconda3/envs/airflow-env/lib/python3.8/site-packages/airflow/example_dags/plugins/event_listener.py for tasks to queue
[2025-06-01T18:16:50.634+0200] {logging_mixin.py:154} INFO - [2025-06-01T18:16:50.634+0200] {dagbag.py:536} INFO - Filling up the DagBag from /home/lohit/miniconda3/envs/airflow-env/lib/python3.8/site-packages/airflow/example_dags/plugins/event_listener.py
[2025-06-01T18:16:50.636+0200] {processor.py:841} WARNING - No viable dags retrieved from /home/lohit/miniconda3/envs/airflow-env/lib/python3.8/site-packages/airflow/example_dags/plugins/event_listener.py
[2025-06-01T18:16:50.642+0200] {processor.py:179} INFO - Processing /home/lohit/miniconda3/envs/airflow-env/lib/python3.8/site-packages/airflow/example_dags/plugins/event_listener.py took 0.014 seconds
[2025-06-01T18:17:39.047+0200] {processor.py:157} INFO - Started process (PID=29353) to work on /home/lohit/miniconda3/envs/airflow-env/lib/python3.8/site-packages/airflow/example_dags/plugins/event_listener.py
[2025-06-01T18:17:39.051+0200] {processor.py:829} INFO - Processing file /home/lohit/miniconda3/envs/airflow-env/lib/python3.8/site-packages/airflow/example_dags/plugins/event_listener.py for tasks to queue
[2025-06-01T18:17:39.051+0200] {logging_mixin.py:154} INFO - [2025-06-01T18:17:39.051+0200] {dagbag.py:536} INFO - Filling up the DagBag from /home/lohit/miniconda3/envs/airflow-env/lib/python3.8/site-packages/airflow/example_dags/plugins/event_listener.py
[2025-06-01T18:17:39.053+0200] {processor.py:841} WARNING - No viable dags retrieved from /home/lohit/miniconda3/envs/airflow-env/lib/python3.8/site-packages/airflow/example_dags/plugins/event_listener.py
[2025-06-01T18:17:39.062+0200] {processor.py:179} INFO - Processing /home/lohit/miniconda3/envs/airflow-env/lib/python3.8/site-packages/airflow/example_dags/plugins/event_listener.py took 0.017 seconds
[2025-06-01T18:18:21.875+0200] {processor.py:157} INFO - Started process (PID=29419) to work on /home/lohit/miniconda3/envs/airflow-env/lib/python3.8/site-packages/airflow/example_dags/plugins/event_listener.py
[2025-06-01T18:18:21.878+0200] {processor.py:829} INFO - Processing file /home/lohit/miniconda3/envs/airflow-env/lib/python3.8/site-packages/airflow/example_dags/plugins/event_listener.py for tasks to queue
[2025-06-01T18:18:21.879+0200] {logging_mixin.py:154} INFO - [2025-06-01T18:18:21.878+0200] {dagbag.py:536} INFO - Filling up the DagBag from /home/lohit/miniconda3/envs/airflow-env/lib/python3.8/site-packages/airflow/example_dags/plugins/event_listener.py
[2025-06-01T18:18:21.880+0200] {processor.py:841} WARNING - No viable dags retrieved from /home/lohit/miniconda3/envs/airflow-env/lib/python3.8/site-packages/airflow/example_dags/plugins/event_listener.py
[2025-06-01T18:18:21.886+0200] {processor.py:179} INFO - Processing /home/lohit/miniconda3/envs/airflow-env/lib/python3.8/site-packages/airflow/example_dags/plugins/event_listener.py took 0.013 seconds
[2025-06-01T18:19:08.263+0200] {processor.py:157} INFO - Started process (PID=29488) to work on /home/lohit/miniconda3/envs/airflow-env/lib/python3.8/site-packages/airflow/example_dags/plugins/event_listener.py
[2025-06-01T18:19:08.265+0200] {processor.py:829} INFO - Processing file /home/lohit/miniconda3/envs/airflow-env/lib/python3.8/site-packages/airflow/example_dags/plugins/event_listener.py for tasks to queue
[2025-06-01T18:19:08.265+0200] {logging_mixin.py:154} INFO - [2025-06-01T18:19:08.265+0200] {dagbag.py:536} INFO - Filling up the DagBag from /home/lohit/miniconda3/envs/airflow-env/lib/python3.8/site-packages/airflow/example_dags/plugins/event_listener.py
[2025-06-01T18:19:08.267+0200] {processor.py:841} WARNING - No viable dags retrieved from /home/lohit/miniconda3/envs/airflow-env/lib/python3.8/site-packages/airflow/example_dags/plugins/event_listener.py
[2025-06-01T18:19:08.274+0200] {processor.py:179} INFO - Processing /home/lohit/miniconda3/envs/airflow-env/lib/python3.8/site-packages/airflow/example_dags/plugins/event_listener.py took 0.013 seconds
[2025-06-01T18:19:57.892+0200] {processor.py:157} INFO - Started process (PID=29560) to work on /home/lohit/miniconda3/envs/airflow-env/lib/python3.8/site-packages/airflow/example_dags/plugins/event_listener.py
[2025-06-01T18:19:57.896+0200] {processor.py:829} INFO - Processing file /home/lohit/miniconda3/envs/airflow-env/lib/python3.8/site-packages/airflow/example_dags/plugins/event_listener.py for tasks to queue
[2025-06-01T18:19:57.896+0200] {logging_mixin.py:154} INFO - [2025-06-01T18:19:57.896+0200] {dagbag.py:536} INFO - Filling up the DagBag from /home/lohit/miniconda3/envs/airflow-env/lib/python3.8/site-packages/airflow/example_dags/plugins/event_listener.py
[2025-06-01T18:19:57.898+0200] {processor.py:841} WARNING - No viable dags retrieved from /home/lohit/miniconda3/envs/airflow-env/lib/python3.8/site-packages/airflow/example_dags/plugins/event_listener.py
[2025-06-01T18:19:57.905+0200] {processor.py:179} INFO - Processing /home/lohit/miniconda3/envs/airflow-env/lib/python3.8/site-packages/airflow/example_dags/plugins/event_listener.py took 0.015 seconds
[2025-06-01T18:20:46.185+0200] {processor.py:157} INFO - Started process (PID=29630) to work on /home/lohit/miniconda3/envs/airflow-env/lib/python3.8/site-packages/airflow/example_dags/plugins/event_listener.py
[2025-06-01T18:20:46.188+0200] {processor.py:829} INFO - Processing file /home/lohit/miniconda3/envs/airflow-env/lib/python3.8/site-packages/airflow/example_dags/plugins/event_listener.py for tasks to queue
[2025-06-01T18:20:46.188+0200] {logging_mixin.py:154} INFO - [2025-06-01T18:20:46.188+0200] {dagbag.py:536} INFO - Filling up the DagBag from /home/lohit/miniconda3/envs/airflow-env/lib/python3.8/site-packages/airflow/example_dags/plugins/event_listener.py
[2025-06-01T18:20:46.190+0200] {processor.py:841} WARNING - No viable dags retrieved from /home/lohit/miniconda3/envs/airflow-env/lib/python3.8/site-packages/airflow/example_dags/plugins/event_listener.py
[2025-06-01T18:20:46.197+0200] {processor.py:179} INFO - Processing /home/lohit/miniconda3/envs/airflow-env/lib/python3.8/site-packages/airflow/example_dags/plugins/event_listener.py took 0.014 seconds
[2025-06-01T18:21:33.407+0200] {processor.py:157} INFO - Started process (PID=29701) to work on /home/lohit/miniconda3/envs/airflow-env/lib/python3.8/site-packages/airflow/example_dags/plugins/event_listener.py
[2025-06-01T18:21:33.410+0200] {processor.py:829} INFO - Processing file /home/lohit/miniconda3/envs/airflow-env/lib/python3.8/site-packages/airflow/example_dags/plugins/event_listener.py for tasks to queue
[2025-06-01T18:21:33.411+0200] {logging_mixin.py:154} INFO - [2025-06-01T18:21:33.411+0200] {dagbag.py:536} INFO - Filling up the DagBag from /home/lohit/miniconda3/envs/airflow-env/lib/python3.8/site-packages/airflow/example_dags/plugins/event_listener.py
[2025-06-01T18:21:33.412+0200] {processor.py:841} WARNING - No viable dags retrieved from /home/lohit/miniconda3/envs/airflow-env/lib/python3.8/site-packages/airflow/example_dags/plugins/event_listener.py
[2025-06-01T18:21:33.419+0200] {processor.py:179} INFO - Processing /home/lohit/miniconda3/envs/airflow-env/lib/python3.8/site-packages/airflow/example_dags/plugins/event_listener.py took 0.014 seconds
[2025-06-01T18:22:19.608+0200] {processor.py:157} INFO - Started process (PID=29771) to work on /home/lohit/miniconda3/envs/airflow-env/lib/python3.8/site-packages/airflow/example_dags/plugins/event_listener.py
[2025-06-01T18:22:19.609+0200] {processor.py:829} INFO - Processing file /home/lohit/miniconda3/envs/airflow-env/lib/python3.8/site-packages/airflow/example_dags/plugins/event_listener.py for tasks to queue
[2025-06-01T18:22:19.610+0200] {logging_mixin.py:154} INFO - [2025-06-01T18:22:19.610+0200] {dagbag.py:536} INFO - Filling up the DagBag from /home/lohit/miniconda3/envs/airflow-env/lib/python3.8/site-packages/airflow/example_dags/plugins/event_listener.py
[2025-06-01T18:22:19.611+0200] {processor.py:841} WARNING - No viable dags retrieved from /home/lohit/miniconda3/envs/airflow-env/lib/python3.8/site-packages/airflow/example_dags/plugins/event_listener.py
[2025-06-01T18:22:19.617+0200] {processor.py:179} INFO - Processing /home/lohit/miniconda3/envs/airflow-env/lib/python3.8/site-packages/airflow/example_dags/plugins/event_listener.py took 0.011 seconds
[2025-06-01T18:23:08.134+0200] {processor.py:157} INFO - Started process (PID=29841) to work on /home/lohit/miniconda3/envs/airflow-env/lib/python3.8/site-packages/airflow/example_dags/plugins/event_listener.py
[2025-06-01T18:23:08.137+0200] {processor.py:829} INFO - Processing file /home/lohit/miniconda3/envs/airflow-env/lib/python3.8/site-packages/airflow/example_dags/plugins/event_listener.py for tasks to queue
[2025-06-01T18:23:08.138+0200] {logging_mixin.py:154} INFO - [2025-06-01T18:23:08.138+0200] {dagbag.py:536} INFO - Filling up the DagBag from /home/lohit/miniconda3/envs/airflow-env/lib/python3.8/site-packages/airflow/example_dags/plugins/event_listener.py
[2025-06-01T18:23:08.139+0200] {processor.py:841} WARNING - No viable dags retrieved from /home/lohit/miniconda3/envs/airflow-env/lib/python3.8/site-packages/airflow/example_dags/plugins/event_listener.py
[2025-06-01T18:23:08.146+0200] {processor.py:179} INFO - Processing /home/lohit/miniconda3/envs/airflow-env/lib/python3.8/site-packages/airflow/example_dags/plugins/event_listener.py took 0.014 seconds
[2025-06-01T18:23:57.494+0200] {processor.py:157} INFO - Started process (PID=29913) to work on /home/lohit/miniconda3/envs/airflow-env/lib/python3.8/site-packages/airflow/example_dags/plugins/event_listener.py
[2025-06-01T18:23:57.497+0200] {processor.py:829} INFO - Processing file /home/lohit/miniconda3/envs/airflow-env/lib/python3.8/site-packages/airflow/example_dags/plugins/event_listener.py for tasks to queue
[2025-06-01T18:23:57.498+0200] {logging_mixin.py:154} INFO - [2025-06-01T18:23:57.497+0200] {dagbag.py:536} INFO - Filling up the DagBag from /home/lohit/miniconda3/envs/airflow-env/lib/python3.8/site-packages/airflow/example_dags/plugins/event_listener.py
[2025-06-01T18:23:57.499+0200] {processor.py:841} WARNING - No viable dags retrieved from /home/lohit/miniconda3/envs/airflow-env/lib/python3.8/site-packages/airflow/example_dags/plugins/event_listener.py
[2025-06-01T18:23:57.505+0200] {processor.py:179} INFO - Processing /home/lohit/miniconda3/envs/airflow-env/lib/python3.8/site-packages/airflow/example_dags/plugins/event_listener.py took 0.013 seconds
[2025-06-01T18:24:42.606+0200] {processor.py:157} INFO - Started process (PID=29981) to work on /home/lohit/miniconda3/envs/airflow-env/lib/python3.8/site-packages/airflow/example_dags/plugins/event_listener.py
[2025-06-01T18:24:42.607+0200] {processor.py:829} INFO - Processing file /home/lohit/miniconda3/envs/airflow-env/lib/python3.8/site-packages/airflow/example_dags/plugins/event_listener.py for tasks to queue
[2025-06-01T18:24:42.608+0200] {logging_mixin.py:154} INFO - [2025-06-01T18:24:42.608+0200] {dagbag.py:536} INFO - Filling up the DagBag from /home/lohit/miniconda3/envs/airflow-env/lib/python3.8/site-packages/airflow/example_dags/plugins/event_listener.py
[2025-06-01T18:24:42.609+0200] {processor.py:841} WARNING - No viable dags retrieved from /home/lohit/miniconda3/envs/airflow-env/lib/python3.8/site-packages/airflow/example_dags/plugins/event_listener.py
[2025-06-01T18:24:42.615+0200] {processor.py:179} INFO - Processing /home/lohit/miniconda3/envs/airflow-env/lib/python3.8/site-packages/airflow/example_dags/plugins/event_listener.py took 0.012 seconds
[2025-06-01T18:25:32.242+0200] {processor.py:157} INFO - Started process (PID=30052) to work on /home/lohit/miniconda3/envs/airflow-env/lib/python3.8/site-packages/airflow/example_dags/plugins/event_listener.py
[2025-06-01T18:25:32.246+0200] {processor.py:829} INFO - Processing file /home/lohit/miniconda3/envs/airflow-env/lib/python3.8/site-packages/airflow/example_dags/plugins/event_listener.py for tasks to queue
[2025-06-01T18:25:32.246+0200] {logging_mixin.py:154} INFO - [2025-06-01T18:25:32.246+0200] {dagbag.py:536} INFO - Filling up the DagBag from /home/lohit/miniconda3/envs/airflow-env/lib/python3.8/site-packages/airflow/example_dags/plugins/event_listener.py
[2025-06-01T18:25:32.248+0200] {processor.py:841} WARNING - No viable dags retrieved from /home/lohit/miniconda3/envs/airflow-env/lib/python3.8/site-packages/airflow/example_dags/plugins/event_listener.py
[2025-06-01T18:25:32.255+0200] {processor.py:179} INFO - Processing /home/lohit/miniconda3/envs/airflow-env/lib/python3.8/site-packages/airflow/example_dags/plugins/event_listener.py took 0.015 seconds
[2025-06-01T18:26:16.185+0200] {processor.py:157} INFO - Started process (PID=30122) to work on /home/lohit/miniconda3/envs/airflow-env/lib/python3.8/site-packages/airflow/example_dags/plugins/event_listener.py
[2025-06-01T18:26:16.188+0200] {processor.py:829} INFO - Processing file /home/lohit/miniconda3/envs/airflow-env/lib/python3.8/site-packages/airflow/example_dags/plugins/event_listener.py for tasks to queue
[2025-06-01T18:26:16.189+0200] {logging_mixin.py:154} INFO - [2025-06-01T18:26:16.189+0200] {dagbag.py:536} INFO - Filling up the DagBag from /home/lohit/miniconda3/envs/airflow-env/lib/python3.8/site-packages/airflow/example_dags/plugins/event_listener.py
[2025-06-01T18:26:16.190+0200] {processor.py:841} WARNING - No viable dags retrieved from /home/lohit/miniconda3/envs/airflow-env/lib/python3.8/site-packages/airflow/example_dags/plugins/event_listener.py
[2025-06-01T18:26:16.197+0200] {processor.py:179} INFO - Processing /home/lohit/miniconda3/envs/airflow-env/lib/python3.8/site-packages/airflow/example_dags/plugins/event_listener.py took 0.014 seconds
[2025-06-01T18:27:05.980+0200] {processor.py:157} INFO - Started process (PID=30194) to work on /home/lohit/miniconda3/envs/airflow-env/lib/python3.8/site-packages/airflow/example_dags/plugins/event_listener.py
[2025-06-01T18:27:05.983+0200] {processor.py:829} INFO - Processing file /home/lohit/miniconda3/envs/airflow-env/lib/python3.8/site-packages/airflow/example_dags/plugins/event_listener.py for tasks to queue
[2025-06-01T18:27:05.984+0200] {logging_mixin.py:154} INFO - [2025-06-01T18:27:05.983+0200] {dagbag.py:536} INFO - Filling up the DagBag from /home/lohit/miniconda3/envs/airflow-env/lib/python3.8/site-packages/airflow/example_dags/plugins/event_listener.py
[2025-06-01T18:27:05.985+0200] {processor.py:841} WARNING - No viable dags retrieved from /home/lohit/miniconda3/envs/airflow-env/lib/python3.8/site-packages/airflow/example_dags/plugins/event_listener.py
[2025-06-01T18:27:05.993+0200] {processor.py:179} INFO - Processing /home/lohit/miniconda3/envs/airflow-env/lib/python3.8/site-packages/airflow/example_dags/plugins/event_listener.py took 0.015 seconds
[2025-06-01T18:27:50.346+0200] {processor.py:157} INFO - Started process (PID=30262) to work on /home/lohit/miniconda3/envs/airflow-env/lib/python3.8/site-packages/airflow/example_dags/plugins/event_listener.py
[2025-06-01T18:27:50.347+0200] {processor.py:829} INFO - Processing file /home/lohit/miniconda3/envs/airflow-env/lib/python3.8/site-packages/airflow/example_dags/plugins/event_listener.py for tasks to queue
[2025-06-01T18:27:50.348+0200] {logging_mixin.py:154} INFO - [2025-06-01T18:27:50.347+0200] {dagbag.py:536} INFO - Filling up the DagBag from /home/lohit/miniconda3/envs/airflow-env/lib/python3.8/site-packages/airflow/example_dags/plugins/event_listener.py
[2025-06-01T18:27:50.349+0200] {processor.py:841} WARNING - No viable dags retrieved from /home/lohit/miniconda3/envs/airflow-env/lib/python3.8/site-packages/airflow/example_dags/plugins/event_listener.py
[2025-06-01T18:27:50.356+0200] {processor.py:179} INFO - Processing /home/lohit/miniconda3/envs/airflow-env/lib/python3.8/site-packages/airflow/example_dags/plugins/event_listener.py took 0.012 seconds
[2025-06-01T18:28:40.538+0200] {processor.py:157} INFO - Started process (PID=30334) to work on /home/lohit/miniconda3/envs/airflow-env/lib/python3.8/site-packages/airflow/example_dags/plugins/event_listener.py
[2025-06-01T18:28:40.541+0200] {processor.py:829} INFO - Processing file /home/lohit/miniconda3/envs/airflow-env/lib/python3.8/site-packages/airflow/example_dags/plugins/event_listener.py for tasks to queue
[2025-06-01T18:28:40.542+0200] {logging_mixin.py:154} INFO - [2025-06-01T18:28:40.541+0200] {dagbag.py:536} INFO - Filling up the DagBag from /home/lohit/miniconda3/envs/airflow-env/lib/python3.8/site-packages/airflow/example_dags/plugins/event_listener.py
[2025-06-01T18:28:40.543+0200] {processor.py:841} WARNING - No viable dags retrieved from /home/lohit/miniconda3/envs/airflow-env/lib/python3.8/site-packages/airflow/example_dags/plugins/event_listener.py
[2025-06-01T18:28:40.549+0200] {processor.py:179} INFO - Processing /home/lohit/miniconda3/envs/airflow-env/lib/python3.8/site-packages/airflow/example_dags/plugins/event_listener.py took 0.013 seconds
[2025-06-01T18:29:25.014+0200] {processor.py:157} INFO - Started process (PID=30402) to work on /home/lohit/miniconda3/envs/airflow-env/lib/python3.8/site-packages/airflow/example_dags/plugins/event_listener.py
[2025-06-01T18:29:25.018+0200] {processor.py:829} INFO - Processing file /home/lohit/miniconda3/envs/airflow-env/lib/python3.8/site-packages/airflow/example_dags/plugins/event_listener.py for tasks to queue
[2025-06-01T18:29:25.018+0200] {logging_mixin.py:154} INFO - [2025-06-01T18:29:25.018+0200] {dagbag.py:536} INFO - Filling up the DagBag from /home/lohit/miniconda3/envs/airflow-env/lib/python3.8/site-packages/airflow/example_dags/plugins/event_listener.py
[2025-06-01T18:29:25.020+0200] {processor.py:841} WARNING - No viable dags retrieved from /home/lohit/miniconda3/envs/airflow-env/lib/python3.8/site-packages/airflow/example_dags/plugins/event_listener.py
[2025-06-01T18:29:25.027+0200] {processor.py:179} INFO - Processing /home/lohit/miniconda3/envs/airflow-env/lib/python3.8/site-packages/airflow/example_dags/plugins/event_listener.py took 0.015 seconds
[2025-06-01T18:30:11.761+0200] {processor.py:157} INFO - Started process (PID=30473) to work on /home/lohit/miniconda3/envs/airflow-env/lib/python3.8/site-packages/airflow/example_dags/plugins/event_listener.py
[2025-06-01T18:30:11.764+0200] {processor.py:829} INFO - Processing file /home/lohit/miniconda3/envs/airflow-env/lib/python3.8/site-packages/airflow/example_dags/plugins/event_listener.py for tasks to queue
[2025-06-01T18:30:11.765+0200] {logging_mixin.py:154} INFO - [2025-06-01T18:30:11.765+0200] {dagbag.py:536} INFO - Filling up the DagBag from /home/lohit/miniconda3/envs/airflow-env/lib/python3.8/site-packages/airflow/example_dags/plugins/event_listener.py
[2025-06-01T18:30:11.766+0200] {processor.py:841} WARNING - No viable dags retrieved from /home/lohit/miniconda3/envs/airflow-env/lib/python3.8/site-packages/airflow/example_dags/plugins/event_listener.py
[2025-06-01T18:30:11.774+0200] {processor.py:179} INFO - Processing /home/lohit/miniconda3/envs/airflow-env/lib/python3.8/site-packages/airflow/example_dags/plugins/event_listener.py took 0.016 seconds
[2025-06-01T18:30:54.562+0200] {processor.py:157} INFO - Started process (PID=30539) to work on /home/lohit/miniconda3/envs/airflow-env/lib/python3.8/site-packages/airflow/example_dags/plugins/event_listener.py
[2025-06-01T18:30:54.565+0200] {processor.py:829} INFO - Processing file /home/lohit/miniconda3/envs/airflow-env/lib/python3.8/site-packages/airflow/example_dags/plugins/event_listener.py for tasks to queue
[2025-06-01T18:30:54.566+0200] {logging_mixin.py:154} INFO - [2025-06-01T18:30:54.565+0200] {dagbag.py:536} INFO - Filling up the DagBag from /home/lohit/miniconda3/envs/airflow-env/lib/python3.8/site-packages/airflow/example_dags/plugins/event_listener.py
[2025-06-01T18:30:54.567+0200] {processor.py:841} WARNING - No viable dags retrieved from /home/lohit/miniconda3/envs/airflow-env/lib/python3.8/site-packages/airflow/example_dags/plugins/event_listener.py
[2025-06-01T18:30:54.574+0200] {processor.py:179} INFO - Processing /home/lohit/miniconda3/envs/airflow-env/lib/python3.8/site-packages/airflow/example_dags/plugins/event_listener.py took 0.015 seconds
[2025-06-01T18:31:39.950+0200] {processor.py:157} INFO - Started process (PID=30609) to work on /home/lohit/miniconda3/envs/airflow-env/lib/python3.8/site-packages/airflow/example_dags/plugins/event_listener.py
[2025-06-01T18:31:39.951+0200] {processor.py:829} INFO - Processing file /home/lohit/miniconda3/envs/airflow-env/lib/python3.8/site-packages/airflow/example_dags/plugins/event_listener.py for tasks to queue
[2025-06-01T18:31:39.952+0200] {logging_mixin.py:154} INFO - [2025-06-01T18:31:39.951+0200] {dagbag.py:536} INFO - Filling up the DagBag from /home/lohit/miniconda3/envs/airflow-env/lib/python3.8/site-packages/airflow/example_dags/plugins/event_listener.py
[2025-06-01T18:31:39.953+0200] {processor.py:841} WARNING - No viable dags retrieved from /home/lohit/miniconda3/envs/airflow-env/lib/python3.8/site-packages/airflow/example_dags/plugins/event_listener.py
[2025-06-01T18:31:39.960+0200] {processor.py:179} INFO - Processing /home/lohit/miniconda3/envs/airflow-env/lib/python3.8/site-packages/airflow/example_dags/plugins/event_listener.py took 0.012 seconds
[2025-06-01T18:32:25.335+0200] {processor.py:157} INFO - Started process (PID=30677) to work on /home/lohit/miniconda3/envs/airflow-env/lib/python3.8/site-packages/airflow/example_dags/plugins/event_listener.py
[2025-06-01T18:32:25.336+0200] {processor.py:829} INFO - Processing file /home/lohit/miniconda3/envs/airflow-env/lib/python3.8/site-packages/airflow/example_dags/plugins/event_listener.py for tasks to queue
[2025-06-01T18:32:25.336+0200] {logging_mixin.py:154} INFO - [2025-06-01T18:32:25.336+0200] {dagbag.py:536} INFO - Filling up the DagBag from /home/lohit/miniconda3/envs/airflow-env/lib/python3.8/site-packages/airflow/example_dags/plugins/event_listener.py
[2025-06-01T18:32:25.338+0200] {processor.py:841} WARNING - No viable dags retrieved from /home/lohit/miniconda3/envs/airflow-env/lib/python3.8/site-packages/airflow/example_dags/plugins/event_listener.py
[2025-06-01T18:32:25.344+0200] {processor.py:179} INFO - Processing /home/lohit/miniconda3/envs/airflow-env/lib/python3.8/site-packages/airflow/example_dags/plugins/event_listener.py took 0.012 seconds
[2025-06-01T18:33:10.335+0200] {processor.py:157} INFO - Started process (PID=30746) to work on /home/lohit/miniconda3/envs/airflow-env/lib/python3.8/site-packages/airflow/example_dags/plugins/event_listener.py
[2025-06-01T18:33:10.336+0200] {processor.py:829} INFO - Processing file /home/lohit/miniconda3/envs/airflow-env/lib/python3.8/site-packages/airflow/example_dags/plugins/event_listener.py for tasks to queue
[2025-06-01T18:33:10.336+0200] {logging_mixin.py:154} INFO - [2025-06-01T18:33:10.336+0200] {dagbag.py:536} INFO - Filling up the DagBag from /home/lohit/miniconda3/envs/airflow-env/lib/python3.8/site-packages/airflow/example_dags/plugins/event_listener.py
[2025-06-01T18:33:10.338+0200] {processor.py:841} WARNING - No viable dags retrieved from /home/lohit/miniconda3/envs/airflow-env/lib/python3.8/site-packages/airflow/example_dags/plugins/event_listener.py
[2025-06-01T18:33:10.344+0200] {processor.py:179} INFO - Processing /home/lohit/miniconda3/envs/airflow-env/lib/python3.8/site-packages/airflow/example_dags/plugins/event_listener.py took 0.012 seconds
[2025-06-01T18:33:58.265+0200] {processor.py:157} INFO - Started process (PID=30816) to work on /home/lohit/miniconda3/envs/airflow-env/lib/python3.8/site-packages/airflow/example_dags/plugins/event_listener.py
[2025-06-01T18:33:58.266+0200] {processor.py:829} INFO - Processing file /home/lohit/miniconda3/envs/airflow-env/lib/python3.8/site-packages/airflow/example_dags/plugins/event_listener.py for tasks to queue
[2025-06-01T18:33:58.267+0200] {logging_mixin.py:154} INFO - [2025-06-01T18:33:58.266+0200] {dagbag.py:536} INFO - Filling up the DagBag from /home/lohit/miniconda3/envs/airflow-env/lib/python3.8/site-packages/airflow/example_dags/plugins/event_listener.py
[2025-06-01T18:33:58.268+0200] {processor.py:841} WARNING - No viable dags retrieved from /home/lohit/miniconda3/envs/airflow-env/lib/python3.8/site-packages/airflow/example_dags/plugins/event_listener.py
[2025-06-01T18:33:58.275+0200] {processor.py:179} INFO - Processing /home/lohit/miniconda3/envs/airflow-env/lib/python3.8/site-packages/airflow/example_dags/plugins/event_listener.py took 0.012 seconds
[2025-06-01T18:34:46.690+0200] {processor.py:157} INFO - Started process (PID=31603) to work on /home/lohit/miniconda3/envs/airflow-env/lib/python3.8/site-packages/airflow/example_dags/plugins/event_listener.py
[2025-06-01T18:34:46.691+0200] {processor.py:829} INFO - Processing file /home/lohit/miniconda3/envs/airflow-env/lib/python3.8/site-packages/airflow/example_dags/plugins/event_listener.py for tasks to queue
[2025-06-01T18:34:46.692+0200] {logging_mixin.py:154} INFO - [2025-06-01T18:34:46.692+0200] {dagbag.py:536} INFO - Filling up the DagBag from /home/lohit/miniconda3/envs/airflow-env/lib/python3.8/site-packages/airflow/example_dags/plugins/event_listener.py
[2025-06-01T18:34:46.693+0200] {processor.py:841} WARNING - No viable dags retrieved from /home/lohit/miniconda3/envs/airflow-env/lib/python3.8/site-packages/airflow/example_dags/plugins/event_listener.py
[2025-06-01T18:34:46.700+0200] {processor.py:179} INFO - Processing /home/lohit/miniconda3/envs/airflow-env/lib/python3.8/site-packages/airflow/example_dags/plugins/event_listener.py took 0.012 seconds
[2025-06-01T18:35:33.483+0200] {processor.py:157} INFO - Started process (PID=31672) to work on /home/lohit/miniconda3/envs/airflow-env/lib/python3.8/site-packages/airflow/example_dags/plugins/event_listener.py
[2025-06-01T18:35:33.484+0200] {processor.py:829} INFO - Processing file /home/lohit/miniconda3/envs/airflow-env/lib/python3.8/site-packages/airflow/example_dags/plugins/event_listener.py for tasks to queue
[2025-06-01T18:35:33.485+0200] {logging_mixin.py:154} INFO - [2025-06-01T18:35:33.484+0200] {dagbag.py:536} INFO - Filling up the DagBag from /home/lohit/miniconda3/envs/airflow-env/lib/python3.8/site-packages/airflow/example_dags/plugins/event_listener.py
[2025-06-01T18:35:33.487+0200] {processor.py:841} WARNING - No viable dags retrieved from /home/lohit/miniconda3/envs/airflow-env/lib/python3.8/site-packages/airflow/example_dags/plugins/event_listener.py
[2025-06-01T18:35:33.493+0200] {processor.py:179} INFO - Processing /home/lohit/miniconda3/envs/airflow-env/lib/python3.8/site-packages/airflow/example_dags/plugins/event_listener.py took 0.012 seconds
