[2025-06-01T17:53:06.222+0200] {processor.py:157} INFO - Started process (PID=27080) to work on /home/lohit/miniconda3/envs/airflow-env/lib/python3.8/site-packages/airflow/example_dags/plugins/listener_plugin.py
[2025-06-01T17:53:06.223+0200] {processor.py:829} INFO - Processing file /home/lohit/miniconda3/envs/airflow-env/lib/python3.8/site-packages/airflow/example_dags/plugins/listener_plugin.py for tasks to queue
[2025-06-01T17:53:06.223+0200] {logging_mixin.py:154} INFO - [2025-06-01T17:53:06.223+0200] {dagbag.py:536} INFO - Filling up the DagBag from /home/lohit/miniconda3/envs/airflow-env/lib/python3.8/site-packages/airflow/example_dags/plugins/listener_plugin.py
[2025-06-01T17:53:06.225+0200] {processor.py:841} WARNING - No viable dags retrieved from /home/lohit/miniconda3/envs/airflow-env/lib/python3.8/site-packages/airflow/example_dags/plugins/listener_plugin.py
[2025-06-01T17:53:06.231+0200] {processor.py:179} INFO - Processing /home/lohit/miniconda3/envs/airflow-env/lib/python3.8/site-packages/airflow/example_dags/plugins/listener_plugin.py took 0.011 seconds
[2025-06-01T17:53:55.961+0200] {processor.py:157} INFO - Started process (PID=27153) to work on /home/lohit/miniconda3/envs/airflow-env/lib/python3.8/site-packages/airflow/example_dags/plugins/listener_plugin.py
[2025-06-01T17:53:55.964+0200] {processor.py:829} INFO - Processing file /home/lohit/miniconda3/envs/airflow-env/lib/python3.8/site-packages/airflow/example_dags/plugins/listener_plugin.py for tasks to queue
[2025-06-01T17:53:55.965+0200] {logging_mixin.py:154} INFO - [2025-06-01T17:53:55.964+0200] {dagbag.py:536} INFO - Filling up the DagBag from /home/lohit/miniconda3/envs/airflow-env/lib/python3.8/site-packages/airflow/example_dags/plugins/listener_plugin.py
[2025-06-01T17:53:55.966+0200] {processor.py:841} WARNING - No viable dags retrieved from /home/lohit/miniconda3/envs/airflow-env/lib/python3.8/site-packages/airflow/example_dags/plugins/listener_plugin.py
[2025-06-01T17:53:55.972+0200] {processor.py:179} INFO - Processing /home/lohit/miniconda3/envs/airflow-env/lib/python3.8/site-packages/airflow/example_dags/plugins/listener_plugin.py took 0.013 seconds
[2025-06-01T17:54:41.054+0200] {processor.py:157} INFO - Started process (PID=27221) to work on /home/lohit/miniconda3/envs/airflow-env/lib/python3.8/site-packages/airflow/example_dags/plugins/listener_plugin.py
[2025-06-01T17:54:41.057+0200] {processor.py:829} INFO - Processing file /home/lohit/miniconda3/envs/airflow-env/lib/python3.8/site-packages/airflow/example_dags/plugins/listener_plugin.py for tasks to queue
[2025-06-01T17:54:41.058+0200] {logging_mixin.py:154} INFO - [2025-06-01T17:54:41.058+0200] {dagbag.py:536} INFO - Filling up the DagBag from /home/lohit/miniconda3/envs/airflow-env/lib/python3.8/site-packages/airflow/example_dags/plugins/listener_plugin.py
[2025-06-01T17:54:41.060+0200] {processor.py:841} WARNING - No viable dags retrieved from /home/lohit/miniconda3/envs/airflow-env/lib/python3.8/site-packages/airflow/example_dags/plugins/listener_plugin.py
[2025-06-01T17:54:41.067+0200] {processor.py:179} INFO - Processing /home/lohit/miniconda3/envs/airflow-env/lib/python3.8/site-packages/airflow/example_dags/plugins/listener_plugin.py took 0.015 seconds
[2025-06-01T17:55:31.307+0200] {processor.py:157} INFO - Started process (PID=27293) to work on /home/lohit/miniconda3/envs/airflow-env/lib/python3.8/site-packages/airflow/example_dags/plugins/listener_plugin.py
[2025-06-01T17:55:31.310+0200] {processor.py:829} INFO - Processing file /home/lohit/miniconda3/envs/airflow-env/lib/python3.8/site-packages/airflow/example_dags/plugins/listener_plugin.py for tasks to queue
[2025-06-01T17:55:31.311+0200] {logging_mixin.py:154} INFO - [2025-06-01T17:55:31.310+0200] {dagbag.py:536} INFO - Filling up the DagBag from /home/lohit/miniconda3/envs/airflow-env/lib/python3.8/site-packages/airflow/example_dags/plugins/listener_plugin.py
[2025-06-01T17:55:31.312+0200] {processor.py:841} WARNING - No viable dags retrieved from /home/lohit/miniconda3/envs/airflow-env/lib/python3.8/site-packages/airflow/example_dags/plugins/listener_plugin.py
[2025-06-01T17:55:31.318+0200] {processor.py:179} INFO - Processing /home/lohit/miniconda3/envs/airflow-env/lib/python3.8/site-packages/airflow/example_dags/plugins/listener_plugin.py took 0.014 seconds
[2025-06-01T17:56:17.482+0200] {processor.py:157} INFO - Started process (PID=27365) to work on /home/lohit/miniconda3/envs/airflow-env/lib/python3.8/site-packages/airflow/example_dags/plugins/listener_plugin.py
[2025-06-01T17:56:17.485+0200] {processor.py:829} INFO - Processing file /home/lohit/miniconda3/envs/airflow-env/lib/python3.8/site-packages/airflow/example_dags/plugins/listener_plugin.py for tasks to queue
[2025-06-01T17:56:17.486+0200] {logging_mixin.py:154} INFO - [2025-06-01T17:56:17.486+0200] {dagbag.py:536} INFO - Filling up the DagBag from /home/lohit/miniconda3/envs/airflow-env/lib/python3.8/site-packages/airflow/example_dags/plugins/listener_plugin.py
[2025-06-01T17:56:17.488+0200] {processor.py:841} WARNING - No viable dags retrieved from /home/lohit/miniconda3/envs/airflow-env/lib/python3.8/site-packages/airflow/example_dags/plugins/listener_plugin.py
[2025-06-01T17:56:17.496+0200] {processor.py:179} INFO - Processing /home/lohit/miniconda3/envs/airflow-env/lib/python3.8/site-packages/airflow/example_dags/plugins/listener_plugin.py took 0.016 seconds
[2025-06-01T17:57:07.950+0200] {processor.py:157} INFO - Started process (PID=27437) to work on /home/lohit/miniconda3/envs/airflow-env/lib/python3.8/site-packages/airflow/example_dags/plugins/listener_plugin.py
[2025-06-01T17:57:07.953+0200] {processor.py:829} INFO - Processing file /home/lohit/miniconda3/envs/airflow-env/lib/python3.8/site-packages/airflow/example_dags/plugins/listener_plugin.py for tasks to queue
[2025-06-01T17:57:07.953+0200] {logging_mixin.py:154} INFO - [2025-06-01T17:57:07.953+0200] {dagbag.py:536} INFO - Filling up the DagBag from /home/lohit/miniconda3/envs/airflow-env/lib/python3.8/site-packages/airflow/example_dags/plugins/listener_plugin.py
[2025-06-01T17:57:07.955+0200] {processor.py:841} WARNING - No viable dags retrieved from /home/lohit/miniconda3/envs/airflow-env/lib/python3.8/site-packages/airflow/example_dags/plugins/listener_plugin.py
[2025-06-01T17:57:07.961+0200] {processor.py:179} INFO - Processing /home/lohit/miniconda3/envs/airflow-env/lib/python3.8/site-packages/airflow/example_dags/plugins/listener_plugin.py took 0.013 seconds
[2025-06-01T17:57:51.480+0200] {processor.py:157} INFO - Started process (PID=27505) to work on /home/lohit/miniconda3/envs/airflow-env/lib/python3.8/site-packages/airflow/example_dags/plugins/listener_plugin.py
[2025-06-01T17:57:51.481+0200] {processor.py:829} INFO - Processing file /home/lohit/miniconda3/envs/airflow-env/lib/python3.8/site-packages/airflow/example_dags/plugins/listener_plugin.py for tasks to queue
[2025-06-01T17:57:51.481+0200] {logging_mixin.py:154} INFO - [2025-06-01T17:57:51.481+0200] {dagbag.py:536} INFO - Filling up the DagBag from /home/lohit/miniconda3/envs/airflow-env/lib/python3.8/site-packages/airflow/example_dags/plugins/listener_plugin.py
[2025-06-01T17:57:51.483+0200] {processor.py:841} WARNING - No viable dags retrieved from /home/lohit/miniconda3/envs/airflow-env/lib/python3.8/site-packages/airflow/example_dags/plugins/listener_plugin.py
[2025-06-01T17:57:51.489+0200] {processor.py:179} INFO - Processing /home/lohit/miniconda3/envs/airflow-env/lib/python3.8/site-packages/airflow/example_dags/plugins/listener_plugin.py took 0.012 seconds
[2025-06-01T17:58:39.985+0200] {processor.py:157} INFO - Started process (PID=27575) to work on /home/lohit/miniconda3/envs/airflow-env/lib/python3.8/site-packages/airflow/example_dags/plugins/listener_plugin.py
[2025-06-01T17:58:39.989+0200] {processor.py:829} INFO - Processing file /home/lohit/miniconda3/envs/airflow-env/lib/python3.8/site-packages/airflow/example_dags/plugins/listener_plugin.py for tasks to queue
[2025-06-01T17:58:39.989+0200] {logging_mixin.py:154} INFO - [2025-06-01T17:58:39.989+0200] {dagbag.py:536} INFO - Filling up the DagBag from /home/lohit/miniconda3/envs/airflow-env/lib/python3.8/site-packages/airflow/example_dags/plugins/listener_plugin.py
[2025-06-01T17:58:39.991+0200] {processor.py:841} WARNING - No viable dags retrieved from /home/lohit/miniconda3/envs/airflow-env/lib/python3.8/site-packages/airflow/example_dags/plugins/listener_plugin.py
[2025-06-01T17:58:39.998+0200] {processor.py:179} INFO - Processing /home/lohit/miniconda3/envs/airflow-env/lib/python3.8/site-packages/airflow/example_dags/plugins/listener_plugin.py took 0.015 seconds
[2025-06-01T17:59:24.071+0200] {processor.py:157} INFO - Started process (PID=27643) to work on /home/lohit/miniconda3/envs/airflow-env/lib/python3.8/site-packages/airflow/example_dags/plugins/listener_plugin.py
[2025-06-01T17:59:24.074+0200] {processor.py:829} INFO - Processing file /home/lohit/miniconda3/envs/airflow-env/lib/python3.8/site-packages/airflow/example_dags/plugins/listener_plugin.py for tasks to queue
[2025-06-01T17:59:24.074+0200] {logging_mixin.py:154} INFO - [2025-06-01T17:59:24.074+0200] {dagbag.py:536} INFO - Filling up the DagBag from /home/lohit/miniconda3/envs/airflow-env/lib/python3.8/site-packages/airflow/example_dags/plugins/listener_plugin.py
[2025-06-01T17:59:24.076+0200] {processor.py:841} WARNING - No viable dags retrieved from /home/lohit/miniconda3/envs/airflow-env/lib/python3.8/site-packages/airflow/example_dags/plugins/listener_plugin.py
[2025-06-01T17:59:24.082+0200] {processor.py:179} INFO - Processing /home/lohit/miniconda3/envs/airflow-env/lib/python3.8/site-packages/airflow/example_dags/plugins/listener_plugin.py took 0.014 seconds
[2025-06-01T18:00:09.459+0200] {processor.py:157} INFO - Started process (PID=27711) to work on /home/lohit/miniconda3/envs/airflow-env/lib/python3.8/site-packages/airflow/example_dags/plugins/listener_plugin.py
[2025-06-01T18:00:09.463+0200] {processor.py:829} INFO - Processing file /home/lohit/miniconda3/envs/airflow-env/lib/python3.8/site-packages/airflow/example_dags/plugins/listener_plugin.py for tasks to queue
[2025-06-01T18:00:09.464+0200] {logging_mixin.py:154} INFO - [2025-06-01T18:00:09.463+0200] {dagbag.py:536} INFO - Filling up the DagBag from /home/lohit/miniconda3/envs/airflow-env/lib/python3.8/site-packages/airflow/example_dags/plugins/listener_plugin.py
[2025-06-01T18:00:09.466+0200] {processor.py:841} WARNING - No viable dags retrieved from /home/lohit/miniconda3/envs/airflow-env/lib/python3.8/site-packages/airflow/example_dags/plugins/listener_plugin.py
[2025-06-01T18:00:09.472+0200] {processor.py:179} INFO - Processing /home/lohit/miniconda3/envs/airflow-env/lib/python3.8/site-packages/airflow/example_dags/plugins/listener_plugin.py took 0.015 seconds
[2025-06-01T18:00:55.893+0200] {processor.py:157} INFO - Started process (PID=27801) to work on /home/lohit/miniconda3/envs/airflow-env/lib/python3.8/site-packages/airflow/example_dags/plugins/listener_plugin.py
[2025-06-01T18:00:55.894+0200] {processor.py:829} INFO - Processing file /home/lohit/miniconda3/envs/airflow-env/lib/python3.8/site-packages/airflow/example_dags/plugins/listener_plugin.py for tasks to queue
[2025-06-01T18:00:55.894+0200] {logging_mixin.py:154} INFO - [2025-06-01T18:00:55.894+0200] {dagbag.py:536} INFO - Filling up the DagBag from /home/lohit/miniconda3/envs/airflow-env/lib/python3.8/site-packages/airflow/example_dags/plugins/listener_plugin.py
[2025-06-01T18:00:55.896+0200] {processor.py:841} WARNING - No viable dags retrieved from /home/lohit/miniconda3/envs/airflow-env/lib/python3.8/site-packages/airflow/example_dags/plugins/listener_plugin.py
[2025-06-01T18:00:55.902+0200] {processor.py:179} INFO - Processing /home/lohit/miniconda3/envs/airflow-env/lib/python3.8/site-packages/airflow/example_dags/plugins/listener_plugin.py took 0.011 seconds
[2025-06-01T18:01:47.283+0200] {processor.py:157} INFO - Started process (PID=27886) to work on /home/lohit/miniconda3/envs/airflow-env/lib/python3.8/site-packages/airflow/example_dags/plugins/listener_plugin.py
[2025-06-01T18:01:47.285+0200] {processor.py:829} INFO - Processing file /home/lohit/miniconda3/envs/airflow-env/lib/python3.8/site-packages/airflow/example_dags/plugins/listener_plugin.py for tasks to queue
[2025-06-01T18:01:47.285+0200] {logging_mixin.py:154} INFO - [2025-06-01T18:01:47.285+0200] {dagbag.py:536} INFO - Filling up the DagBag from /home/lohit/miniconda3/envs/airflow-env/lib/python3.8/site-packages/airflow/example_dags/plugins/listener_plugin.py
[2025-06-01T18:01:47.287+0200] {processor.py:841} WARNING - No viable dags retrieved from /home/lohit/miniconda3/envs/airflow-env/lib/python3.8/site-packages/airflow/example_dags/plugins/listener_plugin.py
[2025-06-01T18:01:47.293+0200] {processor.py:179} INFO - Processing /home/lohit/miniconda3/envs/airflow-env/lib/python3.8/site-packages/airflow/example_dags/plugins/listener_plugin.py took 0.012 seconds
[2025-06-01T18:02:30.618+0200] {processor.py:157} INFO - Started process (PID=27954) to work on /home/lohit/miniconda3/envs/airflow-env/lib/python3.8/site-packages/airflow/example_dags/plugins/listener_plugin.py
[2025-06-01T18:02:30.621+0200] {processor.py:829} INFO - Processing file /home/lohit/miniconda3/envs/airflow-env/lib/python3.8/site-packages/airflow/example_dags/plugins/listener_plugin.py for tasks to queue
[2025-06-01T18:02:30.622+0200] {logging_mixin.py:154} INFO - [2025-06-01T18:02:30.622+0200] {dagbag.py:536} INFO - Filling up the DagBag from /home/lohit/miniconda3/envs/airflow-env/lib/python3.8/site-packages/airflow/example_dags/plugins/listener_plugin.py
[2025-06-01T18:02:30.625+0200] {processor.py:841} WARNING - No viable dags retrieved from /home/lohit/miniconda3/envs/airflow-env/lib/python3.8/site-packages/airflow/example_dags/plugins/listener_plugin.py
[2025-06-01T18:02:30.630+0200] {processor.py:179} INFO - Processing /home/lohit/miniconda3/envs/airflow-env/lib/python3.8/site-packages/airflow/example_dags/plugins/listener_plugin.py took 0.015 seconds
[2025-06-01T18:03:17.548+0200] {processor.py:157} INFO - Started process (PID=28031) to work on /home/lohit/miniconda3/envs/airflow-env/lib/python3.8/site-packages/airflow/example_dags/plugins/listener_plugin.py
[2025-06-01T18:03:17.550+0200] {processor.py:829} INFO - Processing file /home/lohit/miniconda3/envs/airflow-env/lib/python3.8/site-packages/airflow/example_dags/plugins/listener_plugin.py for tasks to queue
[2025-06-01T18:03:17.551+0200] {logging_mixin.py:154} INFO - [2025-06-01T18:03:17.550+0200] {dagbag.py:536} INFO - Filling up the DagBag from /home/lohit/miniconda3/envs/airflow-env/lib/python3.8/site-packages/airflow/example_dags/plugins/listener_plugin.py
[2025-06-01T18:03:17.553+0200] {processor.py:841} WARNING - No viable dags retrieved from /home/lohit/miniconda3/envs/airflow-env/lib/python3.8/site-packages/airflow/example_dags/plugins/listener_plugin.py
[2025-06-01T18:03:17.560+0200] {processor.py:179} INFO - Processing /home/lohit/miniconda3/envs/airflow-env/lib/python3.8/site-packages/airflow/example_dags/plugins/listener_plugin.py took 0.015 seconds
[2025-06-01T18:04:06.189+0200] {processor.py:157} INFO - Started process (PID=28106) to work on /home/lohit/miniconda3/envs/airflow-env/lib/python3.8/site-packages/airflow/example_dags/plugins/listener_plugin.py
[2025-06-01T18:04:06.190+0200] {processor.py:829} INFO - Processing file /home/lohit/miniconda3/envs/airflow-env/lib/python3.8/site-packages/airflow/example_dags/plugins/listener_plugin.py for tasks to queue
[2025-06-01T18:04:06.191+0200] {logging_mixin.py:154} INFO - [2025-06-01T18:04:06.191+0200] {dagbag.py:536} INFO - Filling up the DagBag from /home/lohit/miniconda3/envs/airflow-env/lib/python3.8/site-packages/airflow/example_dags/plugins/listener_plugin.py
[2025-06-01T18:04:06.193+0200] {processor.py:841} WARNING - No viable dags retrieved from /home/lohit/miniconda3/envs/airflow-env/lib/python3.8/site-packages/airflow/example_dags/plugins/listener_plugin.py
[2025-06-01T18:04:06.201+0200] {processor.py:179} INFO - Processing /home/lohit/miniconda3/envs/airflow-env/lib/python3.8/site-packages/airflow/example_dags/plugins/listener_plugin.py took 0.014 seconds
[2025-06-01T18:04:50.123+0200] {processor.py:157} INFO - Started process (PID=28180) to work on /home/lohit/miniconda3/envs/airflow-env/lib/python3.8/site-packages/airflow/example_dags/plugins/listener_plugin.py
[2025-06-01T18:04:50.127+0200] {processor.py:829} INFO - Processing file /home/lohit/miniconda3/envs/airflow-env/lib/python3.8/site-packages/airflow/example_dags/plugins/listener_plugin.py for tasks to queue
[2025-06-01T18:04:50.127+0200] {logging_mixin.py:154} INFO - [2025-06-01T18:04:50.127+0200] {dagbag.py:536} INFO - Filling up the DagBag from /home/lohit/miniconda3/envs/airflow-env/lib/python3.8/site-packages/airflow/example_dags/plugins/listener_plugin.py
[2025-06-01T18:04:50.129+0200] {processor.py:841} WARNING - No viable dags retrieved from /home/lohit/miniconda3/envs/airflow-env/lib/python3.8/site-packages/airflow/example_dags/plugins/listener_plugin.py
[2025-06-01T18:04:50.135+0200] {processor.py:179} INFO - Processing /home/lohit/miniconda3/envs/airflow-env/lib/python3.8/site-packages/airflow/example_dags/plugins/listener_plugin.py took 0.014 seconds
[2025-06-01T18:05:42.169+0200] {processor.py:157} INFO - Started process (PID=28261) to work on /home/lohit/miniconda3/envs/airflow-env/lib/python3.8/site-packages/airflow/example_dags/plugins/listener_plugin.py
[2025-06-01T18:05:42.172+0200] {processor.py:829} INFO - Processing file /home/lohit/miniconda3/envs/airflow-env/lib/python3.8/site-packages/airflow/example_dags/plugins/listener_plugin.py for tasks to queue
[2025-06-01T18:05:42.173+0200] {logging_mixin.py:154} INFO - [2025-06-01T18:05:42.173+0200] {dagbag.py:536} INFO - Filling up the DagBag from /home/lohit/miniconda3/envs/airflow-env/lib/python3.8/site-packages/airflow/example_dags/plugins/listener_plugin.py
[2025-06-01T18:05:42.175+0200] {processor.py:841} WARNING - No viable dags retrieved from /home/lohit/miniconda3/envs/airflow-env/lib/python3.8/site-packages/airflow/example_dags/plugins/listener_plugin.py
[2025-06-01T18:05:42.180+0200] {processor.py:179} INFO - Processing /home/lohit/miniconda3/envs/airflow-env/lib/python3.8/site-packages/airflow/example_dags/plugins/listener_plugin.py took 0.013 seconds
[2025-06-01T18:06:29.931+0200] {processor.py:157} INFO - Started process (PID=28336) to work on /home/lohit/miniconda3/envs/airflow-env/lib/python3.8/site-packages/airflow/example_dags/plugins/listener_plugin.py
[2025-06-01T18:06:29.934+0200] {processor.py:829} INFO - Processing file /home/lohit/miniconda3/envs/airflow-env/lib/python3.8/site-packages/airflow/example_dags/plugins/listener_plugin.py for tasks to queue
[2025-06-01T18:06:29.935+0200] {logging_mixin.py:154} INFO - [2025-06-01T18:06:29.935+0200] {dagbag.py:536} INFO - Filling up the DagBag from /home/lohit/miniconda3/envs/airflow-env/lib/python3.8/site-packages/airflow/example_dags/plugins/listener_plugin.py
[2025-06-01T18:06:29.937+0200] {processor.py:841} WARNING - No viable dags retrieved from /home/lohit/miniconda3/envs/airflow-env/lib/python3.8/site-packages/airflow/example_dags/plugins/listener_plugin.py
[2025-06-01T18:06:29.942+0200] {processor.py:179} INFO - Processing /home/lohit/miniconda3/envs/airflow-env/lib/python3.8/site-packages/airflow/example_dags/plugins/listener_plugin.py took 0.013 seconds
[2025-06-01T18:07:15.062+0200] {processor.py:157} INFO - Started process (PID=28404) to work on /home/lohit/miniconda3/envs/airflow-env/lib/python3.8/site-packages/airflow/example_dags/plugins/listener_plugin.py
[2025-06-01T18:07:15.066+0200] {processor.py:829} INFO - Processing file /home/lohit/miniconda3/envs/airflow-env/lib/python3.8/site-packages/airflow/example_dags/plugins/listener_plugin.py for tasks to queue
[2025-06-01T18:07:15.066+0200] {logging_mixin.py:154} INFO - [2025-06-01T18:07:15.066+0200] {dagbag.py:536} INFO - Filling up the DagBag from /home/lohit/miniconda3/envs/airflow-env/lib/python3.8/site-packages/airflow/example_dags/plugins/listener_plugin.py
[2025-06-01T18:07:15.070+0200] {processor.py:841} WARNING - No viable dags retrieved from /home/lohit/miniconda3/envs/airflow-env/lib/python3.8/site-packages/airflow/example_dags/plugins/listener_plugin.py
[2025-06-01T18:07:15.077+0200] {processor.py:179} INFO - Processing /home/lohit/miniconda3/envs/airflow-env/lib/python3.8/site-packages/airflow/example_dags/plugins/listener_plugin.py took 0.017 seconds
[2025-06-01T18:08:01.168+0200] {processor.py:157} INFO - Started process (PID=28474) to work on /home/lohit/miniconda3/envs/airflow-env/lib/python3.8/site-packages/airflow/example_dags/plugins/listener_plugin.py
[2025-06-01T18:08:01.172+0200] {processor.py:829} INFO - Processing file /home/lohit/miniconda3/envs/airflow-env/lib/python3.8/site-packages/airflow/example_dags/plugins/listener_plugin.py for tasks to queue
[2025-06-01T18:08:01.172+0200] {logging_mixin.py:154} INFO - [2025-06-01T18:08:01.172+0200] {dagbag.py:536} INFO - Filling up the DagBag from /home/lohit/miniconda3/envs/airflow-env/lib/python3.8/site-packages/airflow/example_dags/plugins/listener_plugin.py
[2025-06-01T18:08:01.174+0200] {processor.py:841} WARNING - No viable dags retrieved from /home/lohit/miniconda3/envs/airflow-env/lib/python3.8/site-packages/airflow/example_dags/plugins/listener_plugin.py
[2025-06-01T18:08:01.180+0200] {processor.py:179} INFO - Processing /home/lohit/miniconda3/envs/airflow-env/lib/python3.8/site-packages/airflow/example_dags/plugins/listener_plugin.py took 0.014 seconds
[2025-06-01T18:08:52.809+0200] {processor.py:157} INFO - Started process (PID=28551) to work on /home/lohit/miniconda3/envs/airflow-env/lib/python3.8/site-packages/airflow/example_dags/plugins/listener_plugin.py
[2025-06-01T18:08:52.810+0200] {processor.py:829} INFO - Processing file /home/lohit/miniconda3/envs/airflow-env/lib/python3.8/site-packages/airflow/example_dags/plugins/listener_plugin.py for tasks to queue
[2025-06-01T18:08:52.811+0200] {logging_mixin.py:154} INFO - [2025-06-01T18:08:52.811+0200] {dagbag.py:536} INFO - Filling up the DagBag from /home/lohit/miniconda3/envs/airflow-env/lib/python3.8/site-packages/airflow/example_dags/plugins/listener_plugin.py
[2025-06-01T18:08:52.813+0200] {processor.py:841} WARNING - No viable dags retrieved from /home/lohit/miniconda3/envs/airflow-env/lib/python3.8/site-packages/airflow/example_dags/plugins/listener_plugin.py
[2025-06-01T18:08:52.819+0200] {processor.py:179} INFO - Processing /home/lohit/miniconda3/envs/airflow-env/lib/python3.8/site-packages/airflow/example_dags/plugins/listener_plugin.py took 0.012 seconds
[2025-06-01T18:09:40.118+0200] {processor.py:157} INFO - Started process (PID=28625) to work on /home/lohit/miniconda3/envs/airflow-env/lib/python3.8/site-packages/airflow/example_dags/plugins/listener_plugin.py
[2025-06-01T18:09:40.122+0200] {processor.py:829} INFO - Processing file /home/lohit/miniconda3/envs/airflow-env/lib/python3.8/site-packages/airflow/example_dags/plugins/listener_plugin.py for tasks to queue
[2025-06-01T18:09:40.122+0200] {logging_mixin.py:154} INFO - [2025-06-01T18:09:40.122+0200] {dagbag.py:536} INFO - Filling up the DagBag from /home/lohit/miniconda3/envs/airflow-env/lib/python3.8/site-packages/airflow/example_dags/plugins/listener_plugin.py
[2025-06-01T18:09:40.124+0200] {processor.py:841} WARNING - No viable dags retrieved from /home/lohit/miniconda3/envs/airflow-env/lib/python3.8/site-packages/airflow/example_dags/plugins/listener_plugin.py
[2025-06-01T18:09:40.130+0200] {processor.py:179} INFO - Processing /home/lohit/miniconda3/envs/airflow-env/lib/python3.8/site-packages/airflow/example_dags/plugins/listener_plugin.py took 0.014 seconds
[2025-06-01T18:10:27.879+0200] {processor.py:157} INFO - Started process (PID=28705) to work on /home/lohit/miniconda3/envs/airflow-env/lib/python3.8/site-packages/airflow/example_dags/plugins/listener_plugin.py
[2025-06-01T18:10:27.883+0200] {processor.py:829} INFO - Processing file /home/lohit/miniconda3/envs/airflow-env/lib/python3.8/site-packages/airflow/example_dags/plugins/listener_plugin.py for tasks to queue
[2025-06-01T18:10:27.884+0200] {logging_mixin.py:154} INFO - [2025-06-01T18:10:27.883+0200] {dagbag.py:536} INFO - Filling up the DagBag from /home/lohit/miniconda3/envs/airflow-env/lib/python3.8/site-packages/airflow/example_dags/plugins/listener_plugin.py
[2025-06-01T18:10:27.885+0200] {processor.py:841} WARNING - No viable dags retrieved from /home/lohit/miniconda3/envs/airflow-env/lib/python3.8/site-packages/airflow/example_dags/plugins/listener_plugin.py
[2025-06-01T18:10:27.893+0200] {processor.py:179} INFO - Processing /home/lohit/miniconda3/envs/airflow-env/lib/python3.8/site-packages/airflow/example_dags/plugins/listener_plugin.py took 0.015 seconds
[2025-06-01T18:11:15.112+0200] {processor.py:157} INFO - Started process (PID=28776) to work on /home/lohit/miniconda3/envs/airflow-env/lib/python3.8/site-packages/airflow/example_dags/plugins/listener_plugin.py
[2025-06-01T18:11:15.115+0200] {processor.py:829} INFO - Processing file /home/lohit/miniconda3/envs/airflow-env/lib/python3.8/site-packages/airflow/example_dags/plugins/listener_plugin.py for tasks to queue
[2025-06-01T18:11:15.116+0200] {logging_mixin.py:154} INFO - [2025-06-01T18:11:15.115+0200] {dagbag.py:536} INFO - Filling up the DagBag from /home/lohit/miniconda3/envs/airflow-env/lib/python3.8/site-packages/airflow/example_dags/plugins/listener_plugin.py
[2025-06-01T18:11:15.117+0200] {processor.py:841} WARNING - No viable dags retrieved from /home/lohit/miniconda3/envs/airflow-env/lib/python3.8/site-packages/airflow/example_dags/plugins/listener_plugin.py
[2025-06-01T18:11:15.123+0200] {processor.py:179} INFO - Processing /home/lohit/miniconda3/envs/airflow-env/lib/python3.8/site-packages/airflow/example_dags/plugins/listener_plugin.py took 0.013 seconds
[2025-06-01T18:12:06.708+0200] {processor.py:157} INFO - Started process (PID=28850) to work on /home/lohit/miniconda3/envs/airflow-env/lib/python3.8/site-packages/airflow/example_dags/plugins/listener_plugin.py
[2025-06-01T18:12:06.712+0200] {processor.py:829} INFO - Processing file /home/lohit/miniconda3/envs/airflow-env/lib/python3.8/site-packages/airflow/example_dags/plugins/listener_plugin.py for tasks to queue
[2025-06-01T18:12:06.712+0200] {logging_mixin.py:154} INFO - [2025-06-01T18:12:06.712+0200] {dagbag.py:536} INFO - Filling up the DagBag from /home/lohit/miniconda3/envs/airflow-env/lib/python3.8/site-packages/airflow/example_dags/plugins/listener_plugin.py
[2025-06-01T18:12:06.714+0200] {processor.py:841} WARNING - No viable dags retrieved from /home/lohit/miniconda3/envs/airflow-env/lib/python3.8/site-packages/airflow/example_dags/plugins/listener_plugin.py
[2025-06-01T18:12:06.721+0200] {processor.py:179} INFO - Processing /home/lohit/miniconda3/envs/airflow-env/lib/python3.8/site-packages/airflow/example_dags/plugins/listener_plugin.py took 0.014 seconds
[2025-06-01T18:12:55.938+0200] {processor.py:157} INFO - Started process (PID=28928) to work on /home/lohit/miniconda3/envs/airflow-env/lib/python3.8/site-packages/airflow/example_dags/plugins/listener_plugin.py
[2025-06-01T18:12:55.939+0200] {processor.py:829} INFO - Processing file /home/lohit/miniconda3/envs/airflow-env/lib/python3.8/site-packages/airflow/example_dags/plugins/listener_plugin.py for tasks to queue
[2025-06-01T18:12:55.939+0200] {logging_mixin.py:154} INFO - [2025-06-01T18:12:55.939+0200] {dagbag.py:536} INFO - Filling up the DagBag from /home/lohit/miniconda3/envs/airflow-env/lib/python3.8/site-packages/airflow/example_dags/plugins/listener_plugin.py
[2025-06-01T18:12:55.941+0200] {processor.py:841} WARNING - No viable dags retrieved from /home/lohit/miniconda3/envs/airflow-env/lib/python3.8/site-packages/airflow/example_dags/plugins/listener_plugin.py
[2025-06-01T18:12:55.948+0200] {processor.py:179} INFO - Processing /home/lohit/miniconda3/envs/airflow-env/lib/python3.8/site-packages/airflow/example_dags/plugins/listener_plugin.py took 0.012 seconds
[2025-06-01T18:13:43.792+0200] {processor.py:157} INFO - Started process (PID=28998) to work on /home/lohit/miniconda3/envs/airflow-env/lib/python3.8/site-packages/airflow/example_dags/plugins/listener_plugin.py
[2025-06-01T18:13:43.793+0200] {processor.py:829} INFO - Processing file /home/lohit/miniconda3/envs/airflow-env/lib/python3.8/site-packages/airflow/example_dags/plugins/listener_plugin.py for tasks to queue
[2025-06-01T18:13:43.794+0200] {logging_mixin.py:154} INFO - [2025-06-01T18:13:43.794+0200] {dagbag.py:536} INFO - Filling up the DagBag from /home/lohit/miniconda3/envs/airflow-env/lib/python3.8/site-packages/airflow/example_dags/plugins/listener_plugin.py
[2025-06-01T18:13:43.796+0200] {processor.py:841} WARNING - No viable dags retrieved from /home/lohit/miniconda3/envs/airflow-env/lib/python3.8/site-packages/airflow/example_dags/plugins/listener_plugin.py
[2025-06-01T18:13:43.802+0200] {processor.py:179} INFO - Processing /home/lohit/miniconda3/envs/airflow-env/lib/python3.8/site-packages/airflow/example_dags/plugins/listener_plugin.py took 0.012 seconds
[2025-06-01T18:14:25.576+0200] {processor.py:157} INFO - Started process (PID=29066) to work on /home/lohit/miniconda3/envs/airflow-env/lib/python3.8/site-packages/airflow/example_dags/plugins/listener_plugin.py
[2025-06-01T18:14:25.579+0200] {processor.py:829} INFO - Processing file /home/lohit/miniconda3/envs/airflow-env/lib/python3.8/site-packages/airflow/example_dags/plugins/listener_plugin.py for tasks to queue
[2025-06-01T18:14:25.579+0200] {logging_mixin.py:154} INFO - [2025-06-01T18:14:25.579+0200] {dagbag.py:536} INFO - Filling up the DagBag from /home/lohit/miniconda3/envs/airflow-env/lib/python3.8/site-packages/airflow/example_dags/plugins/listener_plugin.py
[2025-06-01T18:14:25.581+0200] {processor.py:841} WARNING - No viable dags retrieved from /home/lohit/miniconda3/envs/airflow-env/lib/python3.8/site-packages/airflow/example_dags/plugins/listener_plugin.py
[2025-06-01T18:14:25.589+0200] {processor.py:179} INFO - Processing /home/lohit/miniconda3/envs/airflow-env/lib/python3.8/site-packages/airflow/example_dags/plugins/listener_plugin.py took 0.015 seconds
[2025-06-01T18:15:14.097+0200] {processor.py:157} INFO - Started process (PID=29136) to work on /home/lohit/miniconda3/envs/airflow-env/lib/python3.8/site-packages/airflow/example_dags/plugins/listener_plugin.py
[2025-06-01T18:15:14.101+0200] {processor.py:829} INFO - Processing file /home/lohit/miniconda3/envs/airflow-env/lib/python3.8/site-packages/airflow/example_dags/plugins/listener_plugin.py for tasks to queue
[2025-06-01T18:15:14.101+0200] {logging_mixin.py:154} INFO - [2025-06-01T18:15:14.101+0200] {dagbag.py:536} INFO - Filling up the DagBag from /home/lohit/miniconda3/envs/airflow-env/lib/python3.8/site-packages/airflow/example_dags/plugins/listener_plugin.py
[2025-06-01T18:15:14.103+0200] {processor.py:841} WARNING - No viable dags retrieved from /home/lohit/miniconda3/envs/airflow-env/lib/python3.8/site-packages/airflow/example_dags/plugins/listener_plugin.py
[2025-06-01T18:15:14.110+0200] {processor.py:179} INFO - Processing /home/lohit/miniconda3/envs/airflow-env/lib/python3.8/site-packages/airflow/example_dags/plugins/listener_plugin.py took 0.015 seconds
[2025-06-01T18:16:03.135+0200] {processor.py:157} INFO - Started process (PID=29208) to work on /home/lohit/miniconda3/envs/airflow-env/lib/python3.8/site-packages/airflow/example_dags/plugins/listener_plugin.py
[2025-06-01T18:16:03.136+0200] {processor.py:829} INFO - Processing file /home/lohit/miniconda3/envs/airflow-env/lib/python3.8/site-packages/airflow/example_dags/plugins/listener_plugin.py for tasks to queue
[2025-06-01T18:16:03.137+0200] {logging_mixin.py:154} INFO - [2025-06-01T18:16:03.137+0200] {dagbag.py:536} INFO - Filling up the DagBag from /home/lohit/miniconda3/envs/airflow-env/lib/python3.8/site-packages/airflow/example_dags/plugins/listener_plugin.py
[2025-06-01T18:16:03.139+0200] {processor.py:841} WARNING - No viable dags retrieved from /home/lohit/miniconda3/envs/airflow-env/lib/python3.8/site-packages/airflow/example_dags/plugins/listener_plugin.py
[2025-06-01T18:16:03.145+0200] {processor.py:179} INFO - Processing /home/lohit/miniconda3/envs/airflow-env/lib/python3.8/site-packages/airflow/example_dags/plugins/listener_plugin.py took 0.012 seconds
[2025-06-01T18:16:51.760+0200] {processor.py:157} INFO - Started process (PID=29280) to work on /home/lohit/miniconda3/envs/airflow-env/lib/python3.8/site-packages/airflow/example_dags/plugins/listener_plugin.py
[2025-06-01T18:16:51.763+0200] {processor.py:829} INFO - Processing file /home/lohit/miniconda3/envs/airflow-env/lib/python3.8/site-packages/airflow/example_dags/plugins/listener_plugin.py for tasks to queue
[2025-06-01T18:16:51.764+0200] {logging_mixin.py:154} INFO - [2025-06-01T18:16:51.764+0200] {dagbag.py:536} INFO - Filling up the DagBag from /home/lohit/miniconda3/envs/airflow-env/lib/python3.8/site-packages/airflow/example_dags/plugins/listener_plugin.py
[2025-06-01T18:16:51.766+0200] {processor.py:841} WARNING - No viable dags retrieved from /home/lohit/miniconda3/envs/airflow-env/lib/python3.8/site-packages/airflow/example_dags/plugins/listener_plugin.py
[2025-06-01T18:16:51.772+0200] {processor.py:179} INFO - Processing /home/lohit/miniconda3/envs/airflow-env/lib/python3.8/site-packages/airflow/example_dags/plugins/listener_plugin.py took 0.014 seconds
[2025-06-01T18:17:39.211+0200] {processor.py:157} INFO - Started process (PID=29354) to work on /home/lohit/miniconda3/envs/airflow-env/lib/python3.8/site-packages/airflow/example_dags/plugins/listener_plugin.py
[2025-06-01T18:17:39.214+0200] {processor.py:829} INFO - Processing file /home/lohit/miniconda3/envs/airflow-env/lib/python3.8/site-packages/airflow/example_dags/plugins/listener_plugin.py for tasks to queue
[2025-06-01T18:17:39.215+0200] {logging_mixin.py:154} INFO - [2025-06-01T18:17:39.215+0200] {dagbag.py:536} INFO - Filling up the DagBag from /home/lohit/miniconda3/envs/airflow-env/lib/python3.8/site-packages/airflow/example_dags/plugins/listener_plugin.py
[2025-06-01T18:17:39.217+0200] {processor.py:841} WARNING - No viable dags retrieved from /home/lohit/miniconda3/envs/airflow-env/lib/python3.8/site-packages/airflow/example_dags/plugins/listener_plugin.py
[2025-06-01T18:17:39.224+0200] {processor.py:179} INFO - Processing /home/lohit/miniconda3/envs/airflow-env/lib/python3.8/site-packages/airflow/example_dags/plugins/listener_plugin.py took 0.015 seconds
[2025-06-01T18:18:23.012+0200] {processor.py:157} INFO - Started process (PID=29420) to work on /home/lohit/miniconda3/envs/airflow-env/lib/python3.8/site-packages/airflow/example_dags/plugins/listener_plugin.py
[2025-06-01T18:18:23.015+0200] {processor.py:829} INFO - Processing file /home/lohit/miniconda3/envs/airflow-env/lib/python3.8/site-packages/airflow/example_dags/plugins/listener_plugin.py for tasks to queue
[2025-06-01T18:18:23.016+0200] {logging_mixin.py:154} INFO - [2025-06-01T18:18:23.016+0200] {dagbag.py:536} INFO - Filling up the DagBag from /home/lohit/miniconda3/envs/airflow-env/lib/python3.8/site-packages/airflow/example_dags/plugins/listener_plugin.py
[2025-06-01T18:18:23.018+0200] {processor.py:841} WARNING - No viable dags retrieved from /home/lohit/miniconda3/envs/airflow-env/lib/python3.8/site-packages/airflow/example_dags/plugins/listener_plugin.py
[2025-06-01T18:18:23.024+0200] {processor.py:179} INFO - Processing /home/lohit/miniconda3/envs/airflow-env/lib/python3.8/site-packages/airflow/example_dags/plugins/listener_plugin.py took 0.014 seconds
[2025-06-01T18:19:09.414+0200] {processor.py:157} INFO - Started process (PID=29489) to work on /home/lohit/miniconda3/envs/airflow-env/lib/python3.8/site-packages/airflow/example_dags/plugins/listener_plugin.py
[2025-06-01T18:19:09.415+0200] {processor.py:829} INFO - Processing file /home/lohit/miniconda3/envs/airflow-env/lib/python3.8/site-packages/airflow/example_dags/plugins/listener_plugin.py for tasks to queue
[2025-06-01T18:19:09.416+0200] {logging_mixin.py:154} INFO - [2025-06-01T18:19:09.415+0200] {dagbag.py:536} INFO - Filling up the DagBag from /home/lohit/miniconda3/envs/airflow-env/lib/python3.8/site-packages/airflow/example_dags/plugins/listener_plugin.py
[2025-06-01T18:19:09.418+0200] {processor.py:841} WARNING - No viable dags retrieved from /home/lohit/miniconda3/envs/airflow-env/lib/python3.8/site-packages/airflow/example_dags/plugins/listener_plugin.py
[2025-06-01T18:19:09.425+0200] {processor.py:179} INFO - Processing /home/lohit/miniconda3/envs/airflow-env/lib/python3.8/site-packages/airflow/example_dags/plugins/listener_plugin.py took 0.014 seconds
[2025-06-01T18:19:59.020+0200] {processor.py:157} INFO - Started process (PID=29561) to work on /home/lohit/miniconda3/envs/airflow-env/lib/python3.8/site-packages/airflow/example_dags/plugins/listener_plugin.py
[2025-06-01T18:19:59.023+0200] {processor.py:829} INFO - Processing file /home/lohit/miniconda3/envs/airflow-env/lib/python3.8/site-packages/airflow/example_dags/plugins/listener_plugin.py for tasks to queue
[2025-06-01T18:19:59.024+0200] {logging_mixin.py:154} INFO - [2025-06-01T18:19:59.024+0200] {dagbag.py:536} INFO - Filling up the DagBag from /home/lohit/miniconda3/envs/airflow-env/lib/python3.8/site-packages/airflow/example_dags/plugins/listener_plugin.py
[2025-06-01T18:19:59.026+0200] {processor.py:841} WARNING - No viable dags retrieved from /home/lohit/miniconda3/envs/airflow-env/lib/python3.8/site-packages/airflow/example_dags/plugins/listener_plugin.py
[2025-06-01T18:19:59.032+0200] {processor.py:179} INFO - Processing /home/lohit/miniconda3/envs/airflow-env/lib/python3.8/site-packages/airflow/example_dags/plugins/listener_plugin.py took 0.014 seconds
[2025-06-01T18:20:47.322+0200] {processor.py:157} INFO - Started process (PID=29631) to work on /home/lohit/miniconda3/envs/airflow-env/lib/python3.8/site-packages/airflow/example_dags/plugins/listener_plugin.py
[2025-06-01T18:20:47.326+0200] {processor.py:829} INFO - Processing file /home/lohit/miniconda3/envs/airflow-env/lib/python3.8/site-packages/airflow/example_dags/plugins/listener_plugin.py for tasks to queue
[2025-06-01T18:20:47.327+0200] {logging_mixin.py:154} INFO - [2025-06-01T18:20:47.326+0200] {dagbag.py:536} INFO - Filling up the DagBag from /home/lohit/miniconda3/envs/airflow-env/lib/python3.8/site-packages/airflow/example_dags/plugins/listener_plugin.py
[2025-06-01T18:20:47.329+0200] {processor.py:841} WARNING - No viable dags retrieved from /home/lohit/miniconda3/envs/airflow-env/lib/python3.8/site-packages/airflow/example_dags/plugins/listener_plugin.py
[2025-06-01T18:20:47.335+0200] {processor.py:179} INFO - Processing /home/lohit/miniconda3/envs/airflow-env/lib/python3.8/site-packages/airflow/example_dags/plugins/listener_plugin.py took 0.015 seconds
[2025-06-01T18:21:34.534+0200] {processor.py:157} INFO - Started process (PID=29702) to work on /home/lohit/miniconda3/envs/airflow-env/lib/python3.8/site-packages/airflow/example_dags/plugins/listener_plugin.py
[2025-06-01T18:21:34.538+0200] {processor.py:829} INFO - Processing file /home/lohit/miniconda3/envs/airflow-env/lib/python3.8/site-packages/airflow/example_dags/plugins/listener_plugin.py for tasks to queue
[2025-06-01T18:21:34.539+0200] {logging_mixin.py:154} INFO - [2025-06-01T18:21:34.538+0200] {dagbag.py:536} INFO - Filling up the DagBag from /home/lohit/miniconda3/envs/airflow-env/lib/python3.8/site-packages/airflow/example_dags/plugins/listener_plugin.py
[2025-06-01T18:21:34.541+0200] {processor.py:841} WARNING - No viable dags retrieved from /home/lohit/miniconda3/envs/airflow-env/lib/python3.8/site-packages/airflow/example_dags/plugins/listener_plugin.py
[2025-06-01T18:21:34.547+0200] {processor.py:179} INFO - Processing /home/lohit/miniconda3/envs/airflow-env/lib/python3.8/site-packages/airflow/example_dags/plugins/listener_plugin.py took 0.014 seconds
[2025-06-01T18:22:20.591+0200] {processor.py:157} INFO - Started process (PID=29772) to work on /home/lohit/miniconda3/envs/airflow-env/lib/python3.8/site-packages/airflow/example_dags/plugins/listener_plugin.py
[2025-06-01T18:22:20.594+0200] {processor.py:829} INFO - Processing file /home/lohit/miniconda3/envs/airflow-env/lib/python3.8/site-packages/airflow/example_dags/plugins/listener_plugin.py for tasks to queue
[2025-06-01T18:22:20.594+0200] {logging_mixin.py:154} INFO - [2025-06-01T18:22:20.594+0200] {dagbag.py:536} INFO - Filling up the DagBag from /home/lohit/miniconda3/envs/airflow-env/lib/python3.8/site-packages/airflow/example_dags/plugins/listener_plugin.py
[2025-06-01T18:22:20.597+0200] {processor.py:841} WARNING - No viable dags retrieved from /home/lohit/miniconda3/envs/airflow-env/lib/python3.8/site-packages/airflow/example_dags/plugins/listener_plugin.py
[2025-06-01T18:22:20.608+0200] {processor.py:179} INFO - Processing /home/lohit/miniconda3/envs/airflow-env/lib/python3.8/site-packages/airflow/example_dags/plugins/listener_plugin.py took 0.019 seconds
[2025-06-01T18:23:09.262+0200] {processor.py:157} INFO - Started process (PID=29842) to work on /home/lohit/miniconda3/envs/airflow-env/lib/python3.8/site-packages/airflow/example_dags/plugins/listener_plugin.py
[2025-06-01T18:23:09.266+0200] {processor.py:829} INFO - Processing file /home/lohit/miniconda3/envs/airflow-env/lib/python3.8/site-packages/airflow/example_dags/plugins/listener_plugin.py for tasks to queue
[2025-06-01T18:23:09.266+0200] {logging_mixin.py:154} INFO - [2025-06-01T18:23:09.266+0200] {dagbag.py:536} INFO - Filling up the DagBag from /home/lohit/miniconda3/envs/airflow-env/lib/python3.8/site-packages/airflow/example_dags/plugins/listener_plugin.py
[2025-06-01T18:23:09.268+0200] {processor.py:841} WARNING - No viable dags retrieved from /home/lohit/miniconda3/envs/airflow-env/lib/python3.8/site-packages/airflow/example_dags/plugins/listener_plugin.py
[2025-06-01T18:23:09.276+0200] {processor.py:179} INFO - Processing /home/lohit/miniconda3/envs/airflow-env/lib/python3.8/site-packages/airflow/example_dags/plugins/listener_plugin.py took 0.016 seconds
[2025-06-01T18:23:58.621+0200] {processor.py:157} INFO - Started process (PID=29914) to work on /home/lohit/miniconda3/envs/airflow-env/lib/python3.8/site-packages/airflow/example_dags/plugins/listener_plugin.py
[2025-06-01T18:23:58.624+0200] {processor.py:829} INFO - Processing file /home/lohit/miniconda3/envs/airflow-env/lib/python3.8/site-packages/airflow/example_dags/plugins/listener_plugin.py for tasks to queue
[2025-06-01T18:23:58.624+0200] {logging_mixin.py:154} INFO - [2025-06-01T18:23:58.624+0200] {dagbag.py:536} INFO - Filling up the DagBag from /home/lohit/miniconda3/envs/airflow-env/lib/python3.8/site-packages/airflow/example_dags/plugins/listener_plugin.py
[2025-06-01T18:23:58.626+0200] {processor.py:841} WARNING - No viable dags retrieved from /home/lohit/miniconda3/envs/airflow-env/lib/python3.8/site-packages/airflow/example_dags/plugins/listener_plugin.py
[2025-06-01T18:23:58.632+0200] {processor.py:179} INFO - Processing /home/lohit/miniconda3/envs/airflow-env/lib/python3.8/site-packages/airflow/example_dags/plugins/listener_plugin.py took 0.013 seconds
[2025-06-01T18:24:43.742+0200] {processor.py:157} INFO - Started process (PID=29982) to work on /home/lohit/miniconda3/envs/airflow-env/lib/python3.8/site-packages/airflow/example_dags/plugins/listener_plugin.py
[2025-06-01T18:24:43.745+0200] {processor.py:829} INFO - Processing file /home/lohit/miniconda3/envs/airflow-env/lib/python3.8/site-packages/airflow/example_dags/plugins/listener_plugin.py for tasks to queue
[2025-06-01T18:24:43.745+0200] {logging_mixin.py:154} INFO - [2025-06-01T18:24:43.745+0200] {dagbag.py:536} INFO - Filling up the DagBag from /home/lohit/miniconda3/envs/airflow-env/lib/python3.8/site-packages/airflow/example_dags/plugins/listener_plugin.py
[2025-06-01T18:24:43.747+0200] {processor.py:841} WARNING - No viable dags retrieved from /home/lohit/miniconda3/envs/airflow-env/lib/python3.8/site-packages/airflow/example_dags/plugins/listener_plugin.py
[2025-06-01T18:24:43.754+0200] {processor.py:179} INFO - Processing /home/lohit/miniconda3/envs/airflow-env/lib/python3.8/site-packages/airflow/example_dags/plugins/listener_plugin.py took 0.014 seconds
[2025-06-01T18:25:33.371+0200] {processor.py:157} INFO - Started process (PID=30053) to work on /home/lohit/miniconda3/envs/airflow-env/lib/python3.8/site-packages/airflow/example_dags/plugins/listener_plugin.py
[2025-06-01T18:25:33.374+0200] {processor.py:829} INFO - Processing file /home/lohit/miniconda3/envs/airflow-env/lib/python3.8/site-packages/airflow/example_dags/plugins/listener_plugin.py for tasks to queue
[2025-06-01T18:25:33.376+0200] {logging_mixin.py:154} INFO - [2025-06-01T18:25:33.375+0200] {dagbag.py:536} INFO - Filling up the DagBag from /home/lohit/miniconda3/envs/airflow-env/lib/python3.8/site-packages/airflow/example_dags/plugins/listener_plugin.py
[2025-06-01T18:25:33.378+0200] {processor.py:841} WARNING - No viable dags retrieved from /home/lohit/miniconda3/envs/airflow-env/lib/python3.8/site-packages/airflow/example_dags/plugins/listener_plugin.py
[2025-06-01T18:25:33.385+0200] {processor.py:179} INFO - Processing /home/lohit/miniconda3/envs/airflow-env/lib/python3.8/site-packages/airflow/example_dags/plugins/listener_plugin.py took 0.016 seconds
[2025-06-01T18:26:17.312+0200] {processor.py:157} INFO - Started process (PID=30123) to work on /home/lohit/miniconda3/envs/airflow-env/lib/python3.8/site-packages/airflow/example_dags/plugins/listener_plugin.py
[2025-06-01T18:26:17.316+0200] {processor.py:829} INFO - Processing file /home/lohit/miniconda3/envs/airflow-env/lib/python3.8/site-packages/airflow/example_dags/plugins/listener_plugin.py for tasks to queue
[2025-06-01T18:26:17.316+0200] {logging_mixin.py:154} INFO - [2025-06-01T18:26:17.316+0200] {dagbag.py:536} INFO - Filling up the DagBag from /home/lohit/miniconda3/envs/airflow-env/lib/python3.8/site-packages/airflow/example_dags/plugins/listener_plugin.py
[2025-06-01T18:26:17.318+0200] {processor.py:841} WARNING - No viable dags retrieved from /home/lohit/miniconda3/envs/airflow-env/lib/python3.8/site-packages/airflow/example_dags/plugins/listener_plugin.py
[2025-06-01T18:26:17.326+0200] {processor.py:179} INFO - Processing /home/lohit/miniconda3/envs/airflow-env/lib/python3.8/site-packages/airflow/example_dags/plugins/listener_plugin.py took 0.016 seconds
[2025-06-01T18:27:06.598+0200] {processor.py:157} INFO - Started process (PID=30195) to work on /home/lohit/miniconda3/envs/airflow-env/lib/python3.8/site-packages/airflow/example_dags/plugins/listener_plugin.py
[2025-06-01T18:27:06.602+0200] {processor.py:829} INFO - Processing file /home/lohit/miniconda3/envs/airflow-env/lib/python3.8/site-packages/airflow/example_dags/plugins/listener_plugin.py for tasks to queue
[2025-06-01T18:27:06.602+0200] {logging_mixin.py:154} INFO - [2025-06-01T18:27:06.602+0200] {dagbag.py:536} INFO - Filling up the DagBag from /home/lohit/miniconda3/envs/airflow-env/lib/python3.8/site-packages/airflow/example_dags/plugins/listener_plugin.py
[2025-06-01T18:27:06.604+0200] {processor.py:841} WARNING - No viable dags retrieved from /home/lohit/miniconda3/envs/airflow-env/lib/python3.8/site-packages/airflow/example_dags/plugins/listener_plugin.py
[2025-06-01T18:27:06.610+0200] {processor.py:179} INFO - Processing /home/lohit/miniconda3/envs/airflow-env/lib/python3.8/site-packages/airflow/example_dags/plugins/listener_plugin.py took 0.014 seconds
[2025-06-01T18:27:51.475+0200] {processor.py:157} INFO - Started process (PID=30263) to work on /home/lohit/miniconda3/envs/airflow-env/lib/python3.8/site-packages/airflow/example_dags/plugins/listener_plugin.py
[2025-06-01T18:27:51.479+0200] {processor.py:829} INFO - Processing file /home/lohit/miniconda3/envs/airflow-env/lib/python3.8/site-packages/airflow/example_dags/plugins/listener_plugin.py for tasks to queue
[2025-06-01T18:27:51.479+0200] {logging_mixin.py:154} INFO - [2025-06-01T18:27:51.479+0200] {dagbag.py:536} INFO - Filling up the DagBag from /home/lohit/miniconda3/envs/airflow-env/lib/python3.8/site-packages/airflow/example_dags/plugins/listener_plugin.py
[2025-06-01T18:27:51.481+0200] {processor.py:841} WARNING - No viable dags retrieved from /home/lohit/miniconda3/envs/airflow-env/lib/python3.8/site-packages/airflow/example_dags/plugins/listener_plugin.py
[2025-06-01T18:27:51.487+0200] {processor.py:179} INFO - Processing /home/lohit/miniconda3/envs/airflow-env/lib/python3.8/site-packages/airflow/example_dags/plugins/listener_plugin.py took 0.013 seconds
[2025-06-01T18:28:41.665+0200] {processor.py:157} INFO - Started process (PID=30335) to work on /home/lohit/miniconda3/envs/airflow-env/lib/python3.8/site-packages/airflow/example_dags/plugins/listener_plugin.py
[2025-06-01T18:28:41.669+0200] {processor.py:829} INFO - Processing file /home/lohit/miniconda3/envs/airflow-env/lib/python3.8/site-packages/airflow/example_dags/plugins/listener_plugin.py for tasks to queue
[2025-06-01T18:28:41.669+0200] {logging_mixin.py:154} INFO - [2025-06-01T18:28:41.669+0200] {dagbag.py:536} INFO - Filling up the DagBag from /home/lohit/miniconda3/envs/airflow-env/lib/python3.8/site-packages/airflow/example_dags/plugins/listener_plugin.py
[2025-06-01T18:28:41.671+0200] {processor.py:841} WARNING - No viable dags retrieved from /home/lohit/miniconda3/envs/airflow-env/lib/python3.8/site-packages/airflow/example_dags/plugins/listener_plugin.py
[2025-06-01T18:28:41.677+0200] {processor.py:179} INFO - Processing /home/lohit/miniconda3/envs/airflow-env/lib/python3.8/site-packages/airflow/example_dags/plugins/listener_plugin.py took 0.013 seconds
[2025-06-01T18:29:25.588+0200] {processor.py:157} INFO - Started process (PID=30403) to work on /home/lohit/miniconda3/envs/airflow-env/lib/python3.8/site-packages/airflow/example_dags/plugins/listener_plugin.py
[2025-06-01T18:29:25.591+0200] {processor.py:829} INFO - Processing file /home/lohit/miniconda3/envs/airflow-env/lib/python3.8/site-packages/airflow/example_dags/plugins/listener_plugin.py for tasks to queue
[2025-06-01T18:29:25.592+0200] {logging_mixin.py:154} INFO - [2025-06-01T18:29:25.592+0200] {dagbag.py:536} INFO - Filling up the DagBag from /home/lohit/miniconda3/envs/airflow-env/lib/python3.8/site-packages/airflow/example_dags/plugins/listener_plugin.py
[2025-06-01T18:29:25.594+0200] {processor.py:841} WARNING - No viable dags retrieved from /home/lohit/miniconda3/envs/airflow-env/lib/python3.8/site-packages/airflow/example_dags/plugins/listener_plugin.py
[2025-06-01T18:29:25.602+0200] {processor.py:179} INFO - Processing /home/lohit/miniconda3/envs/airflow-env/lib/python3.8/site-packages/airflow/example_dags/plugins/listener_plugin.py took 0.016 seconds
[2025-06-01T18:30:12.897+0200] {processor.py:157} INFO - Started process (PID=30474) to work on /home/lohit/miniconda3/envs/airflow-env/lib/python3.8/site-packages/airflow/example_dags/plugins/listener_plugin.py
[2025-06-01T18:30:12.901+0200] {processor.py:829} INFO - Processing file /home/lohit/miniconda3/envs/airflow-env/lib/python3.8/site-packages/airflow/example_dags/plugins/listener_plugin.py for tasks to queue
[2025-06-01T18:30:12.901+0200] {logging_mixin.py:154} INFO - [2025-06-01T18:30:12.901+0200] {dagbag.py:536} INFO - Filling up the DagBag from /home/lohit/miniconda3/envs/airflow-env/lib/python3.8/site-packages/airflow/example_dags/plugins/listener_plugin.py
[2025-06-01T18:30:12.903+0200] {processor.py:841} WARNING - No viable dags retrieved from /home/lohit/miniconda3/envs/airflow-env/lib/python3.8/site-packages/airflow/example_dags/plugins/listener_plugin.py
[2025-06-01T18:30:12.909+0200] {processor.py:179} INFO - Processing /home/lohit/miniconda3/envs/airflow-env/lib/python3.8/site-packages/airflow/example_dags/plugins/listener_plugin.py took 0.014 seconds
[2025-06-01T18:31:05.519+0200] {processor.py:157} INFO - Started process (PID=30551) to work on /home/lohit/miniconda3/envs/airflow-env/lib/python3.8/site-packages/airflow/example_dags/plugins/listener_plugin.py
[2025-06-01T18:31:05.522+0200] {processor.py:829} INFO - Processing file /home/lohit/miniconda3/envs/airflow-env/lib/python3.8/site-packages/airflow/example_dags/plugins/listener_plugin.py for tasks to queue
[2025-06-01T18:31:05.523+0200] {logging_mixin.py:154} INFO - [2025-06-01T18:31:05.522+0200] {dagbag.py:536} INFO - Filling up the DagBag from /home/lohit/miniconda3/envs/airflow-env/lib/python3.8/site-packages/airflow/example_dags/plugins/listener_plugin.py
[2025-06-01T18:31:05.525+0200] {processor.py:841} WARNING - No viable dags retrieved from /home/lohit/miniconda3/envs/airflow-env/lib/python3.8/site-packages/airflow/example_dags/plugins/listener_plugin.py
[2025-06-01T18:31:05.532+0200] {processor.py:179} INFO - Processing /home/lohit/miniconda3/envs/airflow-env/lib/python3.8/site-packages/airflow/example_dags/plugins/listener_plugin.py took 0.015 seconds
[2025-06-01T18:31:50.605+0200] {processor.py:157} INFO - Started process (PID=30620) to work on /home/lohit/miniconda3/envs/airflow-env/lib/python3.8/site-packages/airflow/example_dags/plugins/listener_plugin.py
[2025-06-01T18:31:50.609+0200] {processor.py:829} INFO - Processing file /home/lohit/miniconda3/envs/airflow-env/lib/python3.8/site-packages/airflow/example_dags/plugins/listener_plugin.py for tasks to queue
[2025-06-01T18:31:50.610+0200] {logging_mixin.py:154} INFO - [2025-06-01T18:31:50.609+0200] {dagbag.py:536} INFO - Filling up the DagBag from /home/lohit/miniconda3/envs/airflow-env/lib/python3.8/site-packages/airflow/example_dags/plugins/listener_plugin.py
[2025-06-01T18:31:50.611+0200] {processor.py:841} WARNING - No viable dags retrieved from /home/lohit/miniconda3/envs/airflow-env/lib/python3.8/site-packages/airflow/example_dags/plugins/listener_plugin.py
[2025-06-01T18:31:50.619+0200] {processor.py:179} INFO - Processing /home/lohit/miniconda3/envs/airflow-env/lib/python3.8/site-packages/airflow/example_dags/plugins/listener_plugin.py took 0.015 seconds
[2025-06-01T18:32:35.642+0200] {processor.py:157} INFO - Started process (PID=30688) to work on /home/lohit/miniconda3/envs/airflow-env/lib/python3.8/site-packages/airflow/example_dags/plugins/listener_plugin.py
[2025-06-01T18:32:35.646+0200] {processor.py:829} INFO - Processing file /home/lohit/miniconda3/envs/airflow-env/lib/python3.8/site-packages/airflow/example_dags/plugins/listener_plugin.py for tasks to queue
[2025-06-01T18:32:35.646+0200] {logging_mixin.py:154} INFO - [2025-06-01T18:32:35.646+0200] {dagbag.py:536} INFO - Filling up the DagBag from /home/lohit/miniconda3/envs/airflow-env/lib/python3.8/site-packages/airflow/example_dags/plugins/listener_plugin.py
[2025-06-01T18:32:35.648+0200] {processor.py:841} WARNING - No viable dags retrieved from /home/lohit/miniconda3/envs/airflow-env/lib/python3.8/site-packages/airflow/example_dags/plugins/listener_plugin.py
[2025-06-01T18:32:35.654+0200] {processor.py:179} INFO - Processing /home/lohit/miniconda3/envs/airflow-env/lib/python3.8/site-packages/airflow/example_dags/plugins/listener_plugin.py took 0.014 seconds
[2025-06-01T18:33:19.481+0200] {processor.py:157} INFO - Started process (PID=30756) to work on /home/lohit/miniconda3/envs/airflow-env/lib/python3.8/site-packages/airflow/example_dags/plugins/listener_plugin.py
[2025-06-01T18:33:19.485+0200] {processor.py:829} INFO - Processing file /home/lohit/miniconda3/envs/airflow-env/lib/python3.8/site-packages/airflow/example_dags/plugins/listener_plugin.py for tasks to queue
[2025-06-01T18:33:19.485+0200] {logging_mixin.py:154} INFO - [2025-06-01T18:33:19.485+0200] {dagbag.py:536} INFO - Filling up the DagBag from /home/lohit/miniconda3/envs/airflow-env/lib/python3.8/site-packages/airflow/example_dags/plugins/listener_plugin.py
[2025-06-01T18:33:19.487+0200] {processor.py:841} WARNING - No viable dags retrieved from /home/lohit/miniconda3/envs/airflow-env/lib/python3.8/site-packages/airflow/example_dags/plugins/listener_plugin.py
[2025-06-01T18:33:19.496+0200] {processor.py:179} INFO - Processing /home/lohit/miniconda3/envs/airflow-env/lib/python3.8/site-packages/airflow/example_dags/plugins/listener_plugin.py took 0.018 seconds
[2025-06-01T18:34:11.134+0200] {processor.py:157} INFO - Started process (PID=30829) to work on /home/lohit/miniconda3/envs/airflow-env/lib/python3.8/site-packages/airflow/example_dags/plugins/listener_plugin.py
[2025-06-01T18:34:11.135+0200] {processor.py:829} INFO - Processing file /home/lohit/miniconda3/envs/airflow-env/lib/python3.8/site-packages/airflow/example_dags/plugins/listener_plugin.py for tasks to queue
[2025-06-01T18:34:11.136+0200] {logging_mixin.py:154} INFO - [2025-06-01T18:34:11.136+0200] {dagbag.py:536} INFO - Filling up the DagBag from /home/lohit/miniconda3/envs/airflow-env/lib/python3.8/site-packages/airflow/example_dags/plugins/listener_plugin.py
[2025-06-01T18:34:11.138+0200] {processor.py:841} WARNING - No viable dags retrieved from /home/lohit/miniconda3/envs/airflow-env/lib/python3.8/site-packages/airflow/example_dags/plugins/listener_plugin.py
[2025-06-01T18:34:11.145+0200] {processor.py:179} INFO - Processing /home/lohit/miniconda3/envs/airflow-env/lib/python3.8/site-packages/airflow/example_dags/plugins/listener_plugin.py took 0.013 seconds
[2025-06-01T18:34:56.391+0200] {processor.py:157} INFO - Started process (PID=31614) to work on /home/lohit/miniconda3/envs/airflow-env/lib/python3.8/site-packages/airflow/example_dags/plugins/listener_plugin.py
[2025-06-01T18:34:56.394+0200] {processor.py:829} INFO - Processing file /home/lohit/miniconda3/envs/airflow-env/lib/python3.8/site-packages/airflow/example_dags/plugins/listener_plugin.py for tasks to queue
[2025-06-01T18:34:56.394+0200] {logging_mixin.py:154} INFO - [2025-06-01T18:34:56.394+0200] {dagbag.py:536} INFO - Filling up the DagBag from /home/lohit/miniconda3/envs/airflow-env/lib/python3.8/site-packages/airflow/example_dags/plugins/listener_plugin.py
[2025-06-01T18:34:56.396+0200] {processor.py:841} WARNING - No viable dags retrieved from /home/lohit/miniconda3/envs/airflow-env/lib/python3.8/site-packages/airflow/example_dags/plugins/listener_plugin.py
[2025-06-01T18:34:56.403+0200] {processor.py:179} INFO - Processing /home/lohit/miniconda3/envs/airflow-env/lib/python3.8/site-packages/airflow/example_dags/plugins/listener_plugin.py took 0.014 seconds
