[2025-06-01T17:53:07.355+0200] {processor.py:157} INFO - Started process (PID=27081) to work on /home/lohit/miniconda3/envs/airflow-env/lib/python3.8/site-packages/airflow/example_dags/plugins/workday.py
[2025-06-01T17:53:07.356+0200] {processor.py:829} INFO - Processing file /home/lohit/miniconda3/envs/airflow-env/lib/python3.8/site-packages/airflow/example_dags/plugins/workday.py for tasks to queue
[2025-06-01T17:53:07.356+0200] {logging_mixin.py:154} INFO - [2025-06-01T17:53:07.356+0200] {dagbag.py:536} INFO - Filling up the DagBag from /home/lohit/miniconda3/envs/airflow-env/lib/python3.8/site-packages/airflow/example_dags/plugins/workday.py
[2025-06-01T17:53:07.549+0200] {processor.py:841} WARNING - No viable dags retrieved from /home/lohit/miniconda3/envs/airflow-env/lib/python3.8/site-packages/airflow/example_dags/plugins/workday.py
[2025-06-01T17:53:07.557+0200] {processor.py:179} INFO - Processing /home/lohit/miniconda3/envs/airflow-env/lib/python3.8/site-packages/airflow/example_dags/plugins/workday.py took 0.204 seconds
[2025-06-01T17:53:57.089+0200] {processor.py:157} INFO - Started process (PID=27154) to work on /home/lohit/miniconda3/envs/airflow-env/lib/python3.8/site-packages/airflow/example_dags/plugins/workday.py
[2025-06-01T17:53:57.092+0200] {processor.py:829} INFO - Processing file /home/lohit/miniconda3/envs/airflow-env/lib/python3.8/site-packages/airflow/example_dags/plugins/workday.py for tasks to queue
[2025-06-01T17:53:57.093+0200] {logging_mixin.py:154} INFO - [2025-06-01T17:53:57.093+0200] {dagbag.py:536} INFO - Filling up the DagBag from /home/lohit/miniconda3/envs/airflow-env/lib/python3.8/site-packages/airflow/example_dags/plugins/workday.py
[2025-06-01T17:53:57.284+0200] {processor.py:841} WARNING - No viable dags retrieved from /home/lohit/miniconda3/envs/airflow-env/lib/python3.8/site-packages/airflow/example_dags/plugins/workday.py
[2025-06-01T17:53:57.293+0200] {processor.py:179} INFO - Processing /home/lohit/miniconda3/envs/airflow-env/lib/python3.8/site-packages/airflow/example_dags/plugins/workday.py took 0.206 seconds
[2025-06-01T17:54:42.182+0200] {processor.py:157} INFO - Started process (PID=27222) to work on /home/lohit/miniconda3/envs/airflow-env/lib/python3.8/site-packages/airflow/example_dags/plugins/workday.py
[2025-06-01T17:54:42.185+0200] {processor.py:829} INFO - Processing file /home/lohit/miniconda3/envs/airflow-env/lib/python3.8/site-packages/airflow/example_dags/plugins/workday.py for tasks to queue
[2025-06-01T17:54:42.186+0200] {logging_mixin.py:154} INFO - [2025-06-01T17:54:42.186+0200] {dagbag.py:536} INFO - Filling up the DagBag from /home/lohit/miniconda3/envs/airflow-env/lib/python3.8/site-packages/airflow/example_dags/plugins/workday.py
[2025-06-01T17:54:42.425+0200] {processor.py:841} WARNING - No viable dags retrieved from /home/lohit/miniconda3/envs/airflow-env/lib/python3.8/site-packages/airflow/example_dags/plugins/workday.py
[2025-06-01T17:54:42.436+0200] {processor.py:179} INFO - Processing /home/lohit/miniconda3/envs/airflow-env/lib/python3.8/site-packages/airflow/example_dags/plugins/workday.py took 0.256 seconds
[2025-06-01T17:55:32.436+0200] {processor.py:157} INFO - Started process (PID=27294) to work on /home/lohit/miniconda3/envs/airflow-env/lib/python3.8/site-packages/airflow/example_dags/plugins/workday.py
[2025-06-01T17:55:32.437+0200] {processor.py:829} INFO - Processing file /home/lohit/miniconda3/envs/airflow-env/lib/python3.8/site-packages/airflow/example_dags/plugins/workday.py for tasks to queue
[2025-06-01T17:55:32.438+0200] {logging_mixin.py:154} INFO - [2025-06-01T17:55:32.438+0200] {dagbag.py:536} INFO - Filling up the DagBag from /home/lohit/miniconda3/envs/airflow-env/lib/python3.8/site-packages/airflow/example_dags/plugins/workday.py
[2025-06-01T17:55:32.622+0200] {processor.py:841} WARNING - No viable dags retrieved from /home/lohit/miniconda3/envs/airflow-env/lib/python3.8/site-packages/airflow/example_dags/plugins/workday.py
[2025-06-01T17:55:32.630+0200] {processor.py:179} INFO - Processing /home/lohit/miniconda3/envs/airflow-env/lib/python3.8/site-packages/airflow/example_dags/plugins/workday.py took 0.196 seconds
[2025-06-01T17:56:18.615+0200] {processor.py:157} INFO - Started process (PID=27366) to work on /home/lohit/miniconda3/envs/airflow-env/lib/python3.8/site-packages/airflow/example_dags/plugins/workday.py
[2025-06-01T17:56:18.619+0200] {processor.py:829} INFO - Processing file /home/lohit/miniconda3/envs/airflow-env/lib/python3.8/site-packages/airflow/example_dags/plugins/workday.py for tasks to queue
[2025-06-01T17:56:18.619+0200] {logging_mixin.py:154} INFO - [2025-06-01T17:56:18.619+0200] {dagbag.py:536} INFO - Filling up the DagBag from /home/lohit/miniconda3/envs/airflow-env/lib/python3.8/site-packages/airflow/example_dags/plugins/workday.py
[2025-06-01T17:56:18.814+0200] {processor.py:841} WARNING - No viable dags retrieved from /home/lohit/miniconda3/envs/airflow-env/lib/python3.8/site-packages/airflow/example_dags/plugins/workday.py
[2025-06-01T17:56:18.822+0200] {processor.py:179} INFO - Processing /home/lohit/miniconda3/envs/airflow-env/lib/python3.8/site-packages/airflow/example_dags/plugins/workday.py took 0.209 seconds
[2025-06-01T17:57:09.085+0200] {processor.py:157} INFO - Started process (PID=27438) to work on /home/lohit/miniconda3/envs/airflow-env/lib/python3.8/site-packages/airflow/example_dags/plugins/workday.py
[2025-06-01T17:57:09.088+0200] {processor.py:829} INFO - Processing file /home/lohit/miniconda3/envs/airflow-env/lib/python3.8/site-packages/airflow/example_dags/plugins/workday.py for tasks to queue
[2025-06-01T17:57:09.089+0200] {logging_mixin.py:154} INFO - [2025-06-01T17:57:09.089+0200] {dagbag.py:536} INFO - Filling up the DagBag from /home/lohit/miniconda3/envs/airflow-env/lib/python3.8/site-packages/airflow/example_dags/plugins/workday.py
[2025-06-01T17:57:09.272+0200] {processor.py:841} WARNING - No viable dags retrieved from /home/lohit/miniconda3/envs/airflow-env/lib/python3.8/site-packages/airflow/example_dags/plugins/workday.py
[2025-06-01T17:57:09.280+0200] {processor.py:179} INFO - Processing /home/lohit/miniconda3/envs/airflow-env/lib/python3.8/site-packages/airflow/example_dags/plugins/workday.py took 0.198 seconds
[2025-06-01T17:57:52.613+0200] {processor.py:157} INFO - Started process (PID=27506) to work on /home/lohit/miniconda3/envs/airflow-env/lib/python3.8/site-packages/airflow/example_dags/plugins/workday.py
[2025-06-01T17:57:52.617+0200] {processor.py:829} INFO - Processing file /home/lohit/miniconda3/envs/airflow-env/lib/python3.8/site-packages/airflow/example_dags/plugins/workday.py for tasks to queue
[2025-06-01T17:57:52.617+0200] {logging_mixin.py:154} INFO - [2025-06-01T17:57:52.617+0200] {dagbag.py:536} INFO - Filling up the DagBag from /home/lohit/miniconda3/envs/airflow-env/lib/python3.8/site-packages/airflow/example_dags/plugins/workday.py
[2025-06-01T17:57:52.787+0200] {processor.py:841} WARNING - No viable dags retrieved from /home/lohit/miniconda3/envs/airflow-env/lib/python3.8/site-packages/airflow/example_dags/plugins/workday.py
[2025-06-01T17:57:52.797+0200] {processor.py:179} INFO - Processing /home/lohit/miniconda3/envs/airflow-env/lib/python3.8/site-packages/airflow/example_dags/plugins/workday.py took 0.186 seconds
[2025-06-01T17:58:41.127+0200] {processor.py:157} INFO - Started process (PID=27576) to work on /home/lohit/miniconda3/envs/airflow-env/lib/python3.8/site-packages/airflow/example_dags/plugins/workday.py
[2025-06-01T17:58:41.130+0200] {processor.py:829} INFO - Processing file /home/lohit/miniconda3/envs/airflow-env/lib/python3.8/site-packages/airflow/example_dags/plugins/workday.py for tasks to queue
[2025-06-01T17:58:41.131+0200] {logging_mixin.py:154} INFO - [2025-06-01T17:58:41.131+0200] {dagbag.py:536} INFO - Filling up the DagBag from /home/lohit/miniconda3/envs/airflow-env/lib/python3.8/site-packages/airflow/example_dags/plugins/workday.py
[2025-06-01T17:58:41.317+0200] {processor.py:841} WARNING - No viable dags retrieved from /home/lohit/miniconda3/envs/airflow-env/lib/python3.8/site-packages/airflow/example_dags/plugins/workday.py
[2025-06-01T17:58:41.328+0200] {processor.py:179} INFO - Processing /home/lohit/miniconda3/envs/airflow-env/lib/python3.8/site-packages/airflow/example_dags/plugins/workday.py took 0.203 seconds
[2025-06-01T17:59:25.200+0200] {processor.py:157} INFO - Started process (PID=27644) to work on /home/lohit/miniconda3/envs/airflow-env/lib/python3.8/site-packages/airflow/example_dags/plugins/workday.py
[2025-06-01T17:59:25.204+0200] {processor.py:829} INFO - Processing file /home/lohit/miniconda3/envs/airflow-env/lib/python3.8/site-packages/airflow/example_dags/plugins/workday.py for tasks to queue
[2025-06-01T17:59:25.204+0200] {logging_mixin.py:154} INFO - [2025-06-01T17:59:25.204+0200] {dagbag.py:536} INFO - Filling up the DagBag from /home/lohit/miniconda3/envs/airflow-env/lib/python3.8/site-packages/airflow/example_dags/plugins/workday.py
[2025-06-01T17:59:25.391+0200] {processor.py:841} WARNING - No viable dags retrieved from /home/lohit/miniconda3/envs/airflow-env/lib/python3.8/site-packages/airflow/example_dags/plugins/workday.py
[2025-06-01T17:59:25.401+0200] {processor.py:179} INFO - Processing /home/lohit/miniconda3/envs/airflow-env/lib/python3.8/site-packages/airflow/example_dags/plugins/workday.py took 0.203 seconds
[2025-06-01T18:00:10.595+0200] {processor.py:157} INFO - Started process (PID=27712) to work on /home/lohit/miniconda3/envs/airflow-env/lib/python3.8/site-packages/airflow/example_dags/plugins/workday.py
[2025-06-01T18:00:10.598+0200] {processor.py:829} INFO - Processing file /home/lohit/miniconda3/envs/airflow-env/lib/python3.8/site-packages/airflow/example_dags/plugins/workday.py for tasks to queue
[2025-06-01T18:00:10.599+0200] {logging_mixin.py:154} INFO - [2025-06-01T18:00:10.599+0200] {dagbag.py:536} INFO - Filling up the DagBag from /home/lohit/miniconda3/envs/airflow-env/lib/python3.8/site-packages/airflow/example_dags/plugins/workday.py
[2025-06-01T18:00:10.762+0200] {processor.py:841} WARNING - No viable dags retrieved from /home/lohit/miniconda3/envs/airflow-env/lib/python3.8/site-packages/airflow/example_dags/plugins/workday.py
[2025-06-01T18:00:10.772+0200] {processor.py:179} INFO - Processing /home/lohit/miniconda3/envs/airflow-env/lib/python3.8/site-packages/airflow/example_dags/plugins/workday.py took 0.179 seconds
[2025-06-01T18:00:57.021+0200] {processor.py:157} INFO - Started process (PID=27805) to work on /home/lohit/miniconda3/envs/airflow-env/lib/python3.8/site-packages/airflow/example_dags/plugins/workday.py
[2025-06-01T18:00:57.024+0200] {processor.py:829} INFO - Processing file /home/lohit/miniconda3/envs/airflow-env/lib/python3.8/site-packages/airflow/example_dags/plugins/workday.py for tasks to queue
[2025-06-01T18:00:57.025+0200] {logging_mixin.py:154} INFO - [2025-06-01T18:00:57.025+0200] {dagbag.py:536} INFO - Filling up the DagBag from /home/lohit/miniconda3/envs/airflow-env/lib/python3.8/site-packages/airflow/example_dags/plugins/workday.py
[2025-06-01T18:00:57.197+0200] {processor.py:841} WARNING - No viable dags retrieved from /home/lohit/miniconda3/envs/airflow-env/lib/python3.8/site-packages/airflow/example_dags/plugins/workday.py
[2025-06-01T18:00:57.206+0200] {processor.py:179} INFO - Processing /home/lohit/miniconda3/envs/airflow-env/lib/python3.8/site-packages/airflow/example_dags/plugins/workday.py took 0.187 seconds
[2025-06-01T18:01:47.744+0200] {processor.py:157} INFO - Started process (PID=27887) to work on /home/lohit/miniconda3/envs/airflow-env/lib/python3.8/site-packages/airflow/example_dags/plugins/workday.py
[2025-06-01T18:01:47.748+0200] {processor.py:829} INFO - Processing file /home/lohit/miniconda3/envs/airflow-env/lib/python3.8/site-packages/airflow/example_dags/plugins/workday.py for tasks to queue
[2025-06-01T18:01:47.748+0200] {logging_mixin.py:154} INFO - [2025-06-01T18:01:47.748+0200] {dagbag.py:536} INFO - Filling up the DagBag from /home/lohit/miniconda3/envs/airflow-env/lib/python3.8/site-packages/airflow/example_dags/plugins/workday.py
[2025-06-01T18:01:47.923+0200] {processor.py:841} WARNING - No viable dags retrieved from /home/lohit/miniconda3/envs/airflow-env/lib/python3.8/site-packages/airflow/example_dags/plugins/workday.py
[2025-06-01T18:01:47.933+0200] {processor.py:179} INFO - Processing /home/lohit/miniconda3/envs/airflow-env/lib/python3.8/site-packages/airflow/example_dags/plugins/workday.py took 0.191 seconds
[2025-06-01T18:02:31.251+0200] {processor.py:157} INFO - Started process (PID=27955) to work on /home/lohit/miniconda3/envs/airflow-env/lib/python3.8/site-packages/airflow/example_dags/plugins/workday.py
[2025-06-01T18:02:31.254+0200] {processor.py:829} INFO - Processing file /home/lohit/miniconda3/envs/airflow-env/lib/python3.8/site-packages/airflow/example_dags/plugins/workday.py for tasks to queue
[2025-06-01T18:02:31.255+0200] {logging_mixin.py:154} INFO - [2025-06-01T18:02:31.254+0200] {dagbag.py:536} INFO - Filling up the DagBag from /home/lohit/miniconda3/envs/airflow-env/lib/python3.8/site-packages/airflow/example_dags/plugins/workday.py
[2025-06-01T18:02:31.420+0200] {processor.py:841} WARNING - No viable dags retrieved from /home/lohit/miniconda3/envs/airflow-env/lib/python3.8/site-packages/airflow/example_dags/plugins/workday.py
[2025-06-01T18:02:31.429+0200] {processor.py:179} INFO - Processing /home/lohit/miniconda3/envs/airflow-env/lib/python3.8/site-packages/airflow/example_dags/plugins/workday.py took 0.180 seconds
[2025-06-01T18:03:18.695+0200] {processor.py:157} INFO - Started process (PID=28032) to work on /home/lohit/miniconda3/envs/airflow-env/lib/python3.8/site-packages/airflow/example_dags/plugins/workday.py
[2025-06-01T18:03:18.697+0200] {processor.py:829} INFO - Processing file /home/lohit/miniconda3/envs/airflow-env/lib/python3.8/site-packages/airflow/example_dags/plugins/workday.py for tasks to queue
[2025-06-01T18:03:18.697+0200] {logging_mixin.py:154} INFO - [2025-06-01T18:03:18.697+0200] {dagbag.py:536} INFO - Filling up the DagBag from /home/lohit/miniconda3/envs/airflow-env/lib/python3.8/site-packages/airflow/example_dags/plugins/workday.py
[2025-06-01T18:03:18.910+0200] {processor.py:841} WARNING - No viable dags retrieved from /home/lohit/miniconda3/envs/airflow-env/lib/python3.8/site-packages/airflow/example_dags/plugins/workday.py
[2025-06-01T18:03:18.921+0200] {processor.py:179} INFO - Processing /home/lohit/miniconda3/envs/airflow-env/lib/python3.8/site-packages/airflow/example_dags/plugins/workday.py took 0.228 seconds
[2025-06-01T18:04:07.322+0200] {processor.py:157} INFO - Started process (PID=28107) to work on /home/lohit/miniconda3/envs/airflow-env/lib/python3.8/site-packages/airflow/example_dags/plugins/workday.py
[2025-06-01T18:04:07.323+0200] {processor.py:829} INFO - Processing file /home/lohit/miniconda3/envs/airflow-env/lib/python3.8/site-packages/airflow/example_dags/plugins/workday.py for tasks to queue
[2025-06-01T18:04:07.324+0200] {logging_mixin.py:154} INFO - [2025-06-01T18:04:07.323+0200] {dagbag.py:536} INFO - Filling up the DagBag from /home/lohit/miniconda3/envs/airflow-env/lib/python3.8/site-packages/airflow/example_dags/plugins/workday.py
[2025-06-01T18:04:07.754+0200] {processor.py:841} WARNING - No viable dags retrieved from /home/lohit/miniconda3/envs/airflow-env/lib/python3.8/site-packages/airflow/example_dags/plugins/workday.py
[2025-06-01T18:04:07.765+0200] {processor.py:179} INFO - Processing /home/lohit/miniconda3/envs/airflow-env/lib/python3.8/site-packages/airflow/example_dags/plugins/workday.py took 0.445 seconds
[2025-06-01T18:04:51.263+0200] {processor.py:157} INFO - Started process (PID=28181) to work on /home/lohit/miniconda3/envs/airflow-env/lib/python3.8/site-packages/airflow/example_dags/plugins/workday.py
[2025-06-01T18:04:51.264+0200] {processor.py:829} INFO - Processing file /home/lohit/miniconda3/envs/airflow-env/lib/python3.8/site-packages/airflow/example_dags/plugins/workday.py for tasks to queue
[2025-06-01T18:04:51.265+0200] {logging_mixin.py:154} INFO - [2025-06-01T18:04:51.265+0200] {dagbag.py:536} INFO - Filling up the DagBag from /home/lohit/miniconda3/envs/airflow-env/lib/python3.8/site-packages/airflow/example_dags/plugins/workday.py
[2025-06-01T18:04:51.447+0200] {processor.py:841} WARNING - No viable dags retrieved from /home/lohit/miniconda3/envs/airflow-env/lib/python3.8/site-packages/airflow/example_dags/plugins/workday.py
[2025-06-01T18:04:51.462+0200] {processor.py:179} INFO - Processing /home/lohit/miniconda3/envs/airflow-env/lib/python3.8/site-packages/airflow/example_dags/plugins/workday.py took 0.201 seconds
[2025-06-01T18:05:43.302+0200] {processor.py:157} INFO - Started process (PID=28262) to work on /home/lohit/miniconda3/envs/airflow-env/lib/python3.8/site-packages/airflow/example_dags/plugins/workday.py
[2025-06-01T18:05:43.305+0200] {processor.py:829} INFO - Processing file /home/lohit/miniconda3/envs/airflow-env/lib/python3.8/site-packages/airflow/example_dags/plugins/workday.py for tasks to queue
[2025-06-01T18:05:43.306+0200] {logging_mixin.py:154} INFO - [2025-06-01T18:05:43.305+0200] {dagbag.py:536} INFO - Filling up the DagBag from /home/lohit/miniconda3/envs/airflow-env/lib/python3.8/site-packages/airflow/example_dags/plugins/workday.py
[2025-06-01T18:05:43.508+0200] {processor.py:841} WARNING - No viable dags retrieved from /home/lohit/miniconda3/envs/airflow-env/lib/python3.8/site-packages/airflow/example_dags/plugins/workday.py
[2025-06-01T18:05:43.521+0200] {processor.py:179} INFO - Processing /home/lohit/miniconda3/envs/airflow-env/lib/python3.8/site-packages/airflow/example_dags/plugins/workday.py took 0.221 seconds
[2025-06-01T18:06:31.062+0200] {processor.py:157} INFO - Started process (PID=28337) to work on /home/lohit/miniconda3/envs/airflow-env/lib/python3.8/site-packages/airflow/example_dags/plugins/workday.py
[2025-06-01T18:06:31.065+0200] {processor.py:829} INFO - Processing file /home/lohit/miniconda3/envs/airflow-env/lib/python3.8/site-packages/airflow/example_dags/plugins/workday.py for tasks to queue
[2025-06-01T18:06:31.066+0200] {logging_mixin.py:154} INFO - [2025-06-01T18:06:31.065+0200] {dagbag.py:536} INFO - Filling up the DagBag from /home/lohit/miniconda3/envs/airflow-env/lib/python3.8/site-packages/airflow/example_dags/plugins/workday.py
[2025-06-01T18:06:31.242+0200] {processor.py:841} WARNING - No viable dags retrieved from /home/lohit/miniconda3/envs/airflow-env/lib/python3.8/site-packages/airflow/example_dags/plugins/workday.py
[2025-06-01T18:06:31.254+0200] {processor.py:179} INFO - Processing /home/lohit/miniconda3/envs/airflow-env/lib/python3.8/site-packages/airflow/example_dags/plugins/workday.py took 0.194 seconds
[2025-06-01T18:07:16.195+0200] {processor.py:157} INFO - Started process (PID=28405) to work on /home/lohit/miniconda3/envs/airflow-env/lib/python3.8/site-packages/airflow/example_dags/plugins/workday.py
[2025-06-01T18:07:16.198+0200] {processor.py:829} INFO - Processing file /home/lohit/miniconda3/envs/airflow-env/lib/python3.8/site-packages/airflow/example_dags/plugins/workday.py for tasks to queue
[2025-06-01T18:07:16.199+0200] {logging_mixin.py:154} INFO - [2025-06-01T18:07:16.199+0200] {dagbag.py:536} INFO - Filling up the DagBag from /home/lohit/miniconda3/envs/airflow-env/lib/python3.8/site-packages/airflow/example_dags/plugins/workday.py
[2025-06-01T18:07:16.425+0200] {processor.py:841} WARNING - No viable dags retrieved from /home/lohit/miniconda3/envs/airflow-env/lib/python3.8/site-packages/airflow/example_dags/plugins/workday.py
[2025-06-01T18:07:16.434+0200] {processor.py:179} INFO - Processing /home/lohit/miniconda3/envs/airflow-env/lib/python3.8/site-packages/airflow/example_dags/plugins/workday.py took 0.242 seconds
[2025-06-01T18:08:02.297+0200] {processor.py:157} INFO - Started process (PID=28475) to work on /home/lohit/miniconda3/envs/airflow-env/lib/python3.8/site-packages/airflow/example_dags/plugins/workday.py
[2025-06-01T18:08:02.301+0200] {processor.py:829} INFO - Processing file /home/lohit/miniconda3/envs/airflow-env/lib/python3.8/site-packages/airflow/example_dags/plugins/workday.py for tasks to queue
[2025-06-01T18:08:02.301+0200] {logging_mixin.py:154} INFO - [2025-06-01T18:08:02.301+0200] {dagbag.py:536} INFO - Filling up the DagBag from /home/lohit/miniconda3/envs/airflow-env/lib/python3.8/site-packages/airflow/example_dags/plugins/workday.py
[2025-06-01T18:08:02.474+0200] {processor.py:841} WARNING - No viable dags retrieved from /home/lohit/miniconda3/envs/airflow-env/lib/python3.8/site-packages/airflow/example_dags/plugins/workday.py
[2025-06-01T18:08:02.484+0200] {processor.py:179} INFO - Processing /home/lohit/miniconda3/envs/airflow-env/lib/python3.8/site-packages/airflow/example_dags/plugins/workday.py took 0.188 seconds
[2025-06-01T18:08:53.043+0200] {processor.py:157} INFO - Started process (PID=28552) to work on /home/lohit/miniconda3/envs/airflow-env/lib/python3.8/site-packages/airflow/example_dags/plugins/workday.py
[2025-06-01T18:08:53.044+0200] {processor.py:829} INFO - Processing file /home/lohit/miniconda3/envs/airflow-env/lib/python3.8/site-packages/airflow/example_dags/plugins/workday.py for tasks to queue
[2025-06-01T18:08:53.045+0200] {logging_mixin.py:154} INFO - [2025-06-01T18:08:53.045+0200] {dagbag.py:536} INFO - Filling up the DagBag from /home/lohit/miniconda3/envs/airflow-env/lib/python3.8/site-packages/airflow/example_dags/plugins/workday.py
[2025-06-01T18:08:53.233+0200] {processor.py:841} WARNING - No viable dags retrieved from /home/lohit/miniconda3/envs/airflow-env/lib/python3.8/site-packages/airflow/example_dags/plugins/workday.py
[2025-06-01T18:08:53.245+0200] {processor.py:179} INFO - Processing /home/lohit/miniconda3/envs/airflow-env/lib/python3.8/site-packages/airflow/example_dags/plugins/workday.py took 0.204 seconds
[2025-06-01T18:09:41.247+0200] {processor.py:157} INFO - Started process (PID=28626) to work on /home/lohit/miniconda3/envs/airflow-env/lib/python3.8/site-packages/airflow/example_dags/plugins/workday.py
[2025-06-01T18:09:41.248+0200] {processor.py:829} INFO - Processing file /home/lohit/miniconda3/envs/airflow-env/lib/python3.8/site-packages/airflow/example_dags/plugins/workday.py for tasks to queue
[2025-06-01T18:09:41.249+0200] {logging_mixin.py:154} INFO - [2025-06-01T18:09:41.249+0200] {dagbag.py:536} INFO - Filling up the DagBag from /home/lohit/miniconda3/envs/airflow-env/lib/python3.8/site-packages/airflow/example_dags/plugins/workday.py
[2025-06-01T18:09:41.428+0200] {processor.py:841} WARNING - No viable dags retrieved from /home/lohit/miniconda3/envs/airflow-env/lib/python3.8/site-packages/airflow/example_dags/plugins/workday.py
[2025-06-01T18:09:41.439+0200] {processor.py:179} INFO - Processing /home/lohit/miniconda3/envs/airflow-env/lib/python3.8/site-packages/airflow/example_dags/plugins/workday.py took 0.195 seconds
[2025-06-01T18:10:29.007+0200] {processor.py:157} INFO - Started process (PID=28706) to work on /home/lohit/miniconda3/envs/airflow-env/lib/python3.8/site-packages/airflow/example_dags/plugins/workday.py
[2025-06-01T18:10:29.011+0200] {processor.py:829} INFO - Processing file /home/lohit/miniconda3/envs/airflow-env/lib/python3.8/site-packages/airflow/example_dags/plugins/workday.py for tasks to queue
[2025-06-01T18:10:29.011+0200] {logging_mixin.py:154} INFO - [2025-06-01T18:10:29.011+0200] {dagbag.py:536} INFO - Filling up the DagBag from /home/lohit/miniconda3/envs/airflow-env/lib/python3.8/site-packages/airflow/example_dags/plugins/workday.py
[2025-06-01T18:10:29.212+0200] {processor.py:841} WARNING - No viable dags retrieved from /home/lohit/miniconda3/envs/airflow-env/lib/python3.8/site-packages/airflow/example_dags/plugins/workday.py
[2025-06-01T18:10:29.226+0200] {processor.py:179} INFO - Processing /home/lohit/miniconda3/envs/airflow-env/lib/python3.8/site-packages/airflow/example_dags/plugins/workday.py took 0.221 seconds
[2025-06-01T18:11:15.402+0200] {processor.py:157} INFO - Started process (PID=28777) to work on /home/lohit/miniconda3/envs/airflow-env/lib/python3.8/site-packages/airflow/example_dags/plugins/workday.py
[2025-06-01T18:11:15.406+0200] {processor.py:829} INFO - Processing file /home/lohit/miniconda3/envs/airflow-env/lib/python3.8/site-packages/airflow/example_dags/plugins/workday.py for tasks to queue
[2025-06-01T18:11:15.406+0200] {logging_mixin.py:154} INFO - [2025-06-01T18:11:15.406+0200] {dagbag.py:536} INFO - Filling up the DagBag from /home/lohit/miniconda3/envs/airflow-env/lib/python3.8/site-packages/airflow/example_dags/plugins/workday.py
[2025-06-01T18:11:15.586+0200] {processor.py:841} WARNING - No viable dags retrieved from /home/lohit/miniconda3/envs/airflow-env/lib/python3.8/site-packages/airflow/example_dags/plugins/workday.py
[2025-06-01T18:11:15.595+0200] {processor.py:179} INFO - Processing /home/lohit/miniconda3/envs/airflow-env/lib/python3.8/site-packages/airflow/example_dags/plugins/workday.py took 0.195 seconds
[2025-06-01T18:12:07.850+0200] {processor.py:157} INFO - Started process (PID=28851) to work on /home/lohit/miniconda3/envs/airflow-env/lib/python3.8/site-packages/airflow/example_dags/plugins/workday.py
[2025-06-01T18:12:07.854+0200] {processor.py:829} INFO - Processing file /home/lohit/miniconda3/envs/airflow-env/lib/python3.8/site-packages/airflow/example_dags/plugins/workday.py for tasks to queue
[2025-06-01T18:12:07.854+0200] {logging_mixin.py:154} INFO - [2025-06-01T18:12:07.854+0200] {dagbag.py:536} INFO - Filling up the DagBag from /home/lohit/miniconda3/envs/airflow-env/lib/python3.8/site-packages/airflow/example_dags/plugins/workday.py
[2025-06-01T18:12:08.059+0200] {processor.py:841} WARNING - No viable dags retrieved from /home/lohit/miniconda3/envs/airflow-env/lib/python3.8/site-packages/airflow/example_dags/plugins/workday.py
[2025-06-01T18:12:08.069+0200] {processor.py:179} INFO - Processing /home/lohit/miniconda3/envs/airflow-env/lib/python3.8/site-packages/airflow/example_dags/plugins/workday.py took 0.220 seconds
[2025-06-01T18:12:57.070+0200] {processor.py:157} INFO - Started process (PID=28929) to work on /home/lohit/miniconda3/envs/airflow-env/lib/python3.8/site-packages/airflow/example_dags/plugins/workday.py
[2025-06-01T18:12:57.071+0200] {processor.py:829} INFO - Processing file /home/lohit/miniconda3/envs/airflow-env/lib/python3.8/site-packages/airflow/example_dags/plugins/workday.py for tasks to queue
[2025-06-01T18:12:57.071+0200] {logging_mixin.py:154} INFO - [2025-06-01T18:12:57.071+0200] {dagbag.py:536} INFO - Filling up the DagBag from /home/lohit/miniconda3/envs/airflow-env/lib/python3.8/site-packages/airflow/example_dags/plugins/workday.py
[2025-06-01T18:12:57.259+0200] {processor.py:841} WARNING - No viable dags retrieved from /home/lohit/miniconda3/envs/airflow-env/lib/python3.8/site-packages/airflow/example_dags/plugins/workday.py
[2025-06-01T18:12:57.269+0200] {processor.py:179} INFO - Processing /home/lohit/miniconda3/envs/airflow-env/lib/python3.8/site-packages/airflow/example_dags/plugins/workday.py took 0.201 seconds
[2025-06-01T18:13:44.400+0200] {processor.py:157} INFO - Started process (PID=28999) to work on /home/lohit/miniconda3/envs/airflow-env/lib/python3.8/site-packages/airflow/example_dags/plugins/workday.py
[2025-06-01T18:13:44.403+0200] {processor.py:829} INFO - Processing file /home/lohit/miniconda3/envs/airflow-env/lib/python3.8/site-packages/airflow/example_dags/plugins/workday.py for tasks to queue
[2025-06-01T18:13:44.404+0200] {logging_mixin.py:154} INFO - [2025-06-01T18:13:44.404+0200] {dagbag.py:536} INFO - Filling up the DagBag from /home/lohit/miniconda3/envs/airflow-env/lib/python3.8/site-packages/airflow/example_dags/plugins/workday.py
[2025-06-01T18:13:44.596+0200] {processor.py:841} WARNING - No viable dags retrieved from /home/lohit/miniconda3/envs/airflow-env/lib/python3.8/site-packages/airflow/example_dags/plugins/workday.py
[2025-06-01T18:13:44.606+0200] {processor.py:179} INFO - Processing /home/lohit/miniconda3/envs/airflow-env/lib/python3.8/site-packages/airflow/example_dags/plugins/workday.py took 0.208 seconds
[2025-06-01T18:14:26.715+0200] {processor.py:157} INFO - Started process (PID=29067) to work on /home/lohit/miniconda3/envs/airflow-env/lib/python3.8/site-packages/airflow/example_dags/plugins/workday.py
[2025-06-01T18:14:26.718+0200] {processor.py:829} INFO - Processing file /home/lohit/miniconda3/envs/airflow-env/lib/python3.8/site-packages/airflow/example_dags/plugins/workday.py for tasks to queue
[2025-06-01T18:14:26.719+0200] {logging_mixin.py:154} INFO - [2025-06-01T18:14:26.719+0200] {dagbag.py:536} INFO - Filling up the DagBag from /home/lohit/miniconda3/envs/airflow-env/lib/python3.8/site-packages/airflow/example_dags/plugins/workday.py
[2025-06-01T18:14:26.904+0200] {processor.py:841} WARNING - No viable dags retrieved from /home/lohit/miniconda3/envs/airflow-env/lib/python3.8/site-packages/airflow/example_dags/plugins/workday.py
[2025-06-01T18:14:26.915+0200] {processor.py:179} INFO - Processing /home/lohit/miniconda3/envs/airflow-env/lib/python3.8/site-packages/airflow/example_dags/plugins/workday.py took 0.203 seconds
[2025-06-01T18:15:15.226+0200] {processor.py:157} INFO - Started process (PID=29137) to work on /home/lohit/miniconda3/envs/airflow-env/lib/python3.8/site-packages/airflow/example_dags/plugins/workday.py
[2025-06-01T18:15:15.230+0200] {processor.py:829} INFO - Processing file /home/lohit/miniconda3/envs/airflow-env/lib/python3.8/site-packages/airflow/example_dags/plugins/workday.py for tasks to queue
[2025-06-01T18:15:15.231+0200] {logging_mixin.py:154} INFO - [2025-06-01T18:15:15.230+0200] {dagbag.py:536} INFO - Filling up the DagBag from /home/lohit/miniconda3/envs/airflow-env/lib/python3.8/site-packages/airflow/example_dags/plugins/workday.py
[2025-06-01T18:15:15.438+0200] {processor.py:841} WARNING - No viable dags retrieved from /home/lohit/miniconda3/envs/airflow-env/lib/python3.8/site-packages/airflow/example_dags/plugins/workday.py
[2025-06-01T18:15:15.448+0200] {processor.py:179} INFO - Processing /home/lohit/miniconda3/envs/airflow-env/lib/python3.8/site-packages/airflow/example_dags/plugins/workday.py took 0.224 seconds
[2025-06-01T18:16:04.277+0200] {processor.py:157} INFO - Started process (PID=29209) to work on /home/lohit/miniconda3/envs/airflow-env/lib/python3.8/site-packages/airflow/example_dags/plugins/workday.py
[2025-06-01T18:16:04.279+0200] {processor.py:829} INFO - Processing file /home/lohit/miniconda3/envs/airflow-env/lib/python3.8/site-packages/airflow/example_dags/plugins/workday.py for tasks to queue
[2025-06-01T18:16:04.279+0200] {logging_mixin.py:154} INFO - [2025-06-01T18:16:04.279+0200] {dagbag.py:536} INFO - Filling up the DagBag from /home/lohit/miniconda3/envs/airflow-env/lib/python3.8/site-packages/airflow/example_dags/plugins/workday.py
[2025-06-01T18:16:04.466+0200] {processor.py:841} WARNING - No viable dags retrieved from /home/lohit/miniconda3/envs/airflow-env/lib/python3.8/site-packages/airflow/example_dags/plugins/workday.py
[2025-06-01T18:16:04.476+0200] {processor.py:179} INFO - Processing /home/lohit/miniconda3/envs/airflow-env/lib/python3.8/site-packages/airflow/example_dags/plugins/workday.py took 0.201 seconds
[2025-06-01T18:16:52.887+0200] {processor.py:157} INFO - Started process (PID=29281) to work on /home/lohit/miniconda3/envs/airflow-env/lib/python3.8/site-packages/airflow/example_dags/plugins/workday.py
[2025-06-01T18:16:52.891+0200] {processor.py:829} INFO - Processing file /home/lohit/miniconda3/envs/airflow-env/lib/python3.8/site-packages/airflow/example_dags/plugins/workday.py for tasks to queue
[2025-06-01T18:16:52.891+0200] {logging_mixin.py:154} INFO - [2025-06-01T18:16:52.891+0200] {dagbag.py:536} INFO - Filling up the DagBag from /home/lohit/miniconda3/envs/airflow-env/lib/python3.8/site-packages/airflow/example_dags/plugins/workday.py
[2025-06-01T18:16:53.083+0200] {processor.py:841} WARNING - No viable dags retrieved from /home/lohit/miniconda3/envs/airflow-env/lib/python3.8/site-packages/airflow/example_dags/plugins/workday.py
[2025-06-01T18:16:53.092+0200] {processor.py:179} INFO - Processing /home/lohit/miniconda3/envs/airflow-env/lib/python3.8/site-packages/airflow/example_dags/plugins/workday.py took 0.207 seconds
[2025-06-01T18:17:40.342+0200] {processor.py:157} INFO - Started process (PID=29355) to work on /home/lohit/miniconda3/envs/airflow-env/lib/python3.8/site-packages/airflow/example_dags/plugins/workday.py
[2025-06-01T18:17:40.346+0200] {processor.py:829} INFO - Processing file /home/lohit/miniconda3/envs/airflow-env/lib/python3.8/site-packages/airflow/example_dags/plugins/workday.py for tasks to queue
[2025-06-01T18:17:40.346+0200] {logging_mixin.py:154} INFO - [2025-06-01T18:17:40.346+0200] {dagbag.py:536} INFO - Filling up the DagBag from /home/lohit/miniconda3/envs/airflow-env/lib/python3.8/site-packages/airflow/example_dags/plugins/workday.py
[2025-06-01T18:17:40.569+0200] {processor.py:841} WARNING - No viable dags retrieved from /home/lohit/miniconda3/envs/airflow-env/lib/python3.8/site-packages/airflow/example_dags/plugins/workday.py
[2025-06-01T18:17:40.582+0200] {processor.py:179} INFO - Processing /home/lohit/miniconda3/envs/airflow-env/lib/python3.8/site-packages/airflow/example_dags/plugins/workday.py took 0.242 seconds
[2025-06-01T18:18:24.139+0200] {processor.py:157} INFO - Started process (PID=29421) to work on /home/lohit/miniconda3/envs/airflow-env/lib/python3.8/site-packages/airflow/example_dags/plugins/workday.py
[2025-06-01T18:18:24.142+0200] {processor.py:829} INFO - Processing file /home/lohit/miniconda3/envs/airflow-env/lib/python3.8/site-packages/airflow/example_dags/plugins/workday.py for tasks to queue
[2025-06-01T18:18:24.143+0200] {logging_mixin.py:154} INFO - [2025-06-01T18:18:24.142+0200] {dagbag.py:536} INFO - Filling up the DagBag from /home/lohit/miniconda3/envs/airflow-env/lib/python3.8/site-packages/airflow/example_dags/plugins/workday.py
[2025-06-01T18:18:24.326+0200] {processor.py:841} WARNING - No viable dags retrieved from /home/lohit/miniconda3/envs/airflow-env/lib/python3.8/site-packages/airflow/example_dags/plugins/workday.py
[2025-06-01T18:18:24.337+0200] {processor.py:179} INFO - Processing /home/lohit/miniconda3/envs/airflow-env/lib/python3.8/site-packages/airflow/example_dags/plugins/workday.py took 0.200 seconds
[2025-06-01T18:19:10.333+0200] {processor.py:157} INFO - Started process (PID=29490) to work on /home/lohit/miniconda3/envs/airflow-env/lib/python3.8/site-packages/airflow/example_dags/plugins/workday.py
[2025-06-01T18:19:10.336+0200] {processor.py:829} INFO - Processing file /home/lohit/miniconda3/envs/airflow-env/lib/python3.8/site-packages/airflow/example_dags/plugins/workday.py for tasks to queue
[2025-06-01T18:19:10.337+0200] {logging_mixin.py:154} INFO - [2025-06-01T18:19:10.337+0200] {dagbag.py:536} INFO - Filling up the DagBag from /home/lohit/miniconda3/envs/airflow-env/lib/python3.8/site-packages/airflow/example_dags/plugins/workday.py
[2025-06-01T18:19:10.683+0200] {processor.py:841} WARNING - No viable dags retrieved from /home/lohit/miniconda3/envs/airflow-env/lib/python3.8/site-packages/airflow/example_dags/plugins/workday.py
[2025-06-01T18:19:10.690+0200] {processor.py:179} INFO - Processing /home/lohit/miniconda3/envs/airflow-env/lib/python3.8/site-packages/airflow/example_dags/plugins/workday.py took 0.359 seconds
[2025-06-01T18:19:59.638+0200] {processor.py:157} INFO - Started process (PID=29562) to work on /home/lohit/miniconda3/envs/airflow-env/lib/python3.8/site-packages/airflow/example_dags/plugins/workday.py
[2025-06-01T18:19:59.642+0200] {processor.py:829} INFO - Processing file /home/lohit/miniconda3/envs/airflow-env/lib/python3.8/site-packages/airflow/example_dags/plugins/workday.py for tasks to queue
[2025-06-01T18:19:59.643+0200] {logging_mixin.py:154} INFO - [2025-06-01T18:19:59.642+0200] {dagbag.py:536} INFO - Filling up the DagBag from /home/lohit/miniconda3/envs/airflow-env/lib/python3.8/site-packages/airflow/example_dags/plugins/workday.py
[2025-06-01T18:19:59.831+0200] {processor.py:841} WARNING - No viable dags retrieved from /home/lohit/miniconda3/envs/airflow-env/lib/python3.8/site-packages/airflow/example_dags/plugins/workday.py
[2025-06-01T18:19:59.842+0200] {processor.py:179} INFO - Processing /home/lohit/miniconda3/envs/airflow-env/lib/python3.8/site-packages/airflow/example_dags/plugins/workday.py took 0.205 seconds
[2025-06-01T18:20:48.452+0200] {processor.py:157} INFO - Started process (PID=29632) to work on /home/lohit/miniconda3/envs/airflow-env/lib/python3.8/site-packages/airflow/example_dags/plugins/workday.py
[2025-06-01T18:20:48.456+0200] {processor.py:829} INFO - Processing file /home/lohit/miniconda3/envs/airflow-env/lib/python3.8/site-packages/airflow/example_dags/plugins/workday.py for tasks to queue
[2025-06-01T18:20:48.457+0200] {logging_mixin.py:154} INFO - [2025-06-01T18:20:48.456+0200] {dagbag.py:536} INFO - Filling up the DagBag from /home/lohit/miniconda3/envs/airflow-env/lib/python3.8/site-packages/airflow/example_dags/plugins/workday.py
[2025-06-01T18:20:48.764+0200] {processor.py:841} WARNING - No viable dags retrieved from /home/lohit/miniconda3/envs/airflow-env/lib/python3.8/site-packages/airflow/example_dags/plugins/workday.py
[2025-06-01T18:20:48.770+0200] {processor.py:179} INFO - Processing /home/lohit/miniconda3/envs/airflow-env/lib/python3.8/site-packages/airflow/example_dags/plugins/workday.py took 0.320 seconds
[2025-06-01T18:21:35.000+0200] {processor.py:157} INFO - Started process (PID=29703) to work on /home/lohit/miniconda3/envs/airflow-env/lib/python3.8/site-packages/airflow/example_dags/plugins/workday.py
[2025-06-01T18:21:35.004+0200] {processor.py:829} INFO - Processing file /home/lohit/miniconda3/envs/airflow-env/lib/python3.8/site-packages/airflow/example_dags/plugins/workday.py for tasks to queue
[2025-06-01T18:21:35.005+0200] {logging_mixin.py:154} INFO - [2025-06-01T18:21:35.005+0200] {dagbag.py:536} INFO - Filling up the DagBag from /home/lohit/miniconda3/envs/airflow-env/lib/python3.8/site-packages/airflow/example_dags/plugins/workday.py
[2025-06-01T18:21:35.280+0200] {processor.py:841} WARNING - No viable dags retrieved from /home/lohit/miniconda3/envs/airflow-env/lib/python3.8/site-packages/airflow/example_dags/plugins/workday.py
[2025-06-01T18:21:35.286+0200] {processor.py:179} INFO - Processing /home/lohit/miniconda3/envs/airflow-env/lib/python3.8/site-packages/airflow/example_dags/plugins/workday.py took 0.288 seconds
[2025-06-01T18:22:21.721+0200] {processor.py:157} INFO - Started process (PID=29773) to work on /home/lohit/miniconda3/envs/airflow-env/lib/python3.8/site-packages/airflow/example_dags/plugins/workday.py
[2025-06-01T18:22:21.725+0200] {processor.py:829} INFO - Processing file /home/lohit/miniconda3/envs/airflow-env/lib/python3.8/site-packages/airflow/example_dags/plugins/workday.py for tasks to queue
[2025-06-01T18:22:21.725+0200] {logging_mixin.py:154} INFO - [2025-06-01T18:22:21.725+0200] {dagbag.py:536} INFO - Filling up the DagBag from /home/lohit/miniconda3/envs/airflow-env/lib/python3.8/site-packages/airflow/example_dags/plugins/workday.py
[2025-06-01T18:22:22.007+0200] {processor.py:841} WARNING - No viable dags retrieved from /home/lohit/miniconda3/envs/airflow-env/lib/python3.8/site-packages/airflow/example_dags/plugins/workday.py
[2025-06-01T18:22:22.013+0200] {processor.py:179} INFO - Processing /home/lohit/miniconda3/envs/airflow-env/lib/python3.8/site-packages/airflow/example_dags/plugins/workday.py took 0.293 seconds
[2025-06-01T18:23:09.868+0200] {processor.py:157} INFO - Started process (PID=29843) to work on /home/lohit/miniconda3/envs/airflow-env/lib/python3.8/site-packages/airflow/example_dags/plugins/workday.py
[2025-06-01T18:23:09.869+0200] {processor.py:829} INFO - Processing file /home/lohit/miniconda3/envs/airflow-env/lib/python3.8/site-packages/airflow/example_dags/plugins/workday.py for tasks to queue
[2025-06-01T18:23:09.870+0200] {logging_mixin.py:154} INFO - [2025-06-01T18:23:09.869+0200] {dagbag.py:536} INFO - Filling up the DagBag from /home/lohit/miniconda3/envs/airflow-env/lib/python3.8/site-packages/airflow/example_dags/plugins/workday.py
[2025-06-01T18:23:10.160+0200] {processor.py:841} WARNING - No viable dags retrieved from /home/lohit/miniconda3/envs/airflow-env/lib/python3.8/site-packages/airflow/example_dags/plugins/workday.py
[2025-06-01T18:23:10.166+0200] {processor.py:179} INFO - Processing /home/lohit/miniconda3/envs/airflow-env/lib/python3.8/site-packages/airflow/example_dags/plugins/workday.py took 0.300 seconds
[2025-06-01T18:23:59.749+0200] {processor.py:157} INFO - Started process (PID=29915) to work on /home/lohit/miniconda3/envs/airflow-env/lib/python3.8/site-packages/airflow/example_dags/plugins/workday.py
[2025-06-01T18:23:59.753+0200] {processor.py:829} INFO - Processing file /home/lohit/miniconda3/envs/airflow-env/lib/python3.8/site-packages/airflow/example_dags/plugins/workday.py for tasks to queue
[2025-06-01T18:23:59.753+0200] {logging_mixin.py:154} INFO - [2025-06-01T18:23:59.753+0200] {dagbag.py:536} INFO - Filling up the DagBag from /home/lohit/miniconda3/envs/airflow-env/lib/python3.8/site-packages/airflow/example_dags/plugins/workday.py
[2025-06-01T18:24:00.030+0200] {processor.py:841} WARNING - No viable dags retrieved from /home/lohit/miniconda3/envs/airflow-env/lib/python3.8/site-packages/airflow/example_dags/plugins/workday.py
[2025-06-01T18:24:00.037+0200] {processor.py:179} INFO - Processing /home/lohit/miniconda3/envs/airflow-env/lib/python3.8/site-packages/airflow/example_dags/plugins/workday.py took 0.290 seconds
[2025-06-01T18:24:44.719+0200] {processor.py:157} INFO - Started process (PID=29983) to work on /home/lohit/miniconda3/envs/airflow-env/lib/python3.8/site-packages/airflow/example_dags/plugins/workday.py
[2025-06-01T18:24:44.722+0200] {processor.py:829} INFO - Processing file /home/lohit/miniconda3/envs/airflow-env/lib/python3.8/site-packages/airflow/example_dags/plugins/workday.py for tasks to queue
[2025-06-01T18:24:44.723+0200] {logging_mixin.py:154} INFO - [2025-06-01T18:24:44.723+0200] {dagbag.py:536} INFO - Filling up the DagBag from /home/lohit/miniconda3/envs/airflow-env/lib/python3.8/site-packages/airflow/example_dags/plugins/workday.py
[2025-06-01T18:24:45.015+0200] {processor.py:841} WARNING - No viable dags retrieved from /home/lohit/miniconda3/envs/airflow-env/lib/python3.8/site-packages/airflow/example_dags/plugins/workday.py
[2025-06-01T18:24:45.020+0200] {processor.py:179} INFO - Processing /home/lohit/miniconda3/envs/airflow-env/lib/python3.8/site-packages/airflow/example_dags/plugins/workday.py took 0.303 seconds
[2025-06-01T18:25:33.986+0200] {processor.py:157} INFO - Started process (PID=30054) to work on /home/lohit/miniconda3/envs/airflow-env/lib/python3.8/site-packages/airflow/example_dags/plugins/workday.py
[2025-06-01T18:25:33.990+0200] {processor.py:829} INFO - Processing file /home/lohit/miniconda3/envs/airflow-env/lib/python3.8/site-packages/airflow/example_dags/plugins/workday.py for tasks to queue
[2025-06-01T18:25:33.990+0200] {logging_mixin.py:154} INFO - [2025-06-01T18:25:33.990+0200] {dagbag.py:536} INFO - Filling up the DagBag from /home/lohit/miniconda3/envs/airflow-env/lib/python3.8/site-packages/airflow/example_dags/plugins/workday.py
[2025-06-01T18:25:34.282+0200] {processor.py:841} WARNING - No viable dags retrieved from /home/lohit/miniconda3/envs/airflow-env/lib/python3.8/site-packages/airflow/example_dags/plugins/workday.py
[2025-06-01T18:25:34.288+0200] {processor.py:179} INFO - Processing /home/lohit/miniconda3/envs/airflow-env/lib/python3.8/site-packages/airflow/example_dags/plugins/workday.py took 0.304 seconds
[2025-06-01T18:26:18.439+0200] {processor.py:157} INFO - Started process (PID=30124) to work on /home/lohit/miniconda3/envs/airflow-env/lib/python3.8/site-packages/airflow/example_dags/plugins/workday.py
[2025-06-01T18:26:18.442+0200] {processor.py:829} INFO - Processing file /home/lohit/miniconda3/envs/airflow-env/lib/python3.8/site-packages/airflow/example_dags/plugins/workday.py for tasks to queue
[2025-06-01T18:26:18.443+0200] {logging_mixin.py:154} INFO - [2025-06-01T18:26:18.443+0200] {dagbag.py:536} INFO - Filling up the DagBag from /home/lohit/miniconda3/envs/airflow-env/lib/python3.8/site-packages/airflow/example_dags/plugins/workday.py
[2025-06-01T18:26:18.726+0200] {processor.py:841} WARNING - No viable dags retrieved from /home/lohit/miniconda3/envs/airflow-env/lib/python3.8/site-packages/airflow/example_dags/plugins/workday.py
[2025-06-01T18:26:18.731+0200] {processor.py:179} INFO - Processing /home/lohit/miniconda3/envs/airflow-env/lib/python3.8/site-packages/airflow/example_dags/plugins/workday.py took 0.294 seconds
[2025-06-01T18:27:06.825+0200] {processor.py:157} INFO - Started process (PID=30196) to work on /home/lohit/miniconda3/envs/airflow-env/lib/python3.8/site-packages/airflow/example_dags/plugins/workday.py
[2025-06-01T18:27:06.828+0200] {processor.py:829} INFO - Processing file /home/lohit/miniconda3/envs/airflow-env/lib/python3.8/site-packages/airflow/example_dags/plugins/workday.py for tasks to queue
[2025-06-01T18:27:06.829+0200] {logging_mixin.py:154} INFO - [2025-06-01T18:27:06.829+0200] {dagbag.py:536} INFO - Filling up the DagBag from /home/lohit/miniconda3/envs/airflow-env/lib/python3.8/site-packages/airflow/example_dags/plugins/workday.py
[2025-06-01T18:27:07.141+0200] {processor.py:841} WARNING - No viable dags retrieved from /home/lohit/miniconda3/envs/airflow-env/lib/python3.8/site-packages/airflow/example_dags/plugins/workday.py
[2025-06-01T18:27:07.147+0200] {processor.py:179} INFO - Processing /home/lohit/miniconda3/envs/airflow-env/lib/python3.8/site-packages/airflow/example_dags/plugins/workday.py took 0.324 seconds
[2025-06-01T18:27:52.605+0200] {processor.py:157} INFO - Started process (PID=30264) to work on /home/lohit/miniconda3/envs/airflow-env/lib/python3.8/site-packages/airflow/example_dags/plugins/workday.py
[2025-06-01T18:27:52.608+0200] {processor.py:829} INFO - Processing file /home/lohit/miniconda3/envs/airflow-env/lib/python3.8/site-packages/airflow/example_dags/plugins/workday.py for tasks to queue
[2025-06-01T18:27:52.609+0200] {logging_mixin.py:154} INFO - [2025-06-01T18:27:52.609+0200] {dagbag.py:536} INFO - Filling up the DagBag from /home/lohit/miniconda3/envs/airflow-env/lib/python3.8/site-packages/airflow/example_dags/plugins/workday.py
[2025-06-01T18:27:52.904+0200] {processor.py:841} WARNING - No viable dags retrieved from /home/lohit/miniconda3/envs/airflow-env/lib/python3.8/site-packages/airflow/example_dags/plugins/workday.py
[2025-06-01T18:27:52.911+0200] {processor.py:179} INFO - Processing /home/lohit/miniconda3/envs/airflow-env/lib/python3.8/site-packages/airflow/example_dags/plugins/workday.py took 0.307 seconds
[2025-06-01T18:28:42.793+0200] {processor.py:157} INFO - Started process (PID=30336) to work on /home/lohit/miniconda3/envs/airflow-env/lib/python3.8/site-packages/airflow/example_dags/plugins/workday.py
[2025-06-01T18:28:42.794+0200] {processor.py:829} INFO - Processing file /home/lohit/miniconda3/envs/airflow-env/lib/python3.8/site-packages/airflow/example_dags/plugins/workday.py for tasks to queue
[2025-06-01T18:28:42.795+0200] {logging_mixin.py:154} INFO - [2025-06-01T18:28:42.795+0200] {dagbag.py:536} INFO - Filling up the DagBag from /home/lohit/miniconda3/envs/airflow-env/lib/python3.8/site-packages/airflow/example_dags/plugins/workday.py
[2025-06-01T18:28:43.077+0200] {processor.py:841} WARNING - No viable dags retrieved from /home/lohit/miniconda3/envs/airflow-env/lib/python3.8/site-packages/airflow/example_dags/plugins/workday.py
[2025-06-01T18:28:43.083+0200] {processor.py:179} INFO - Processing /home/lohit/miniconda3/envs/airflow-env/lib/python3.8/site-packages/airflow/example_dags/plugins/workday.py took 0.292 seconds
[2025-06-01T18:29:26.727+0200] {processor.py:157} INFO - Started process (PID=30404) to work on /home/lohit/miniconda3/envs/airflow-env/lib/python3.8/site-packages/airflow/example_dags/plugins/workday.py
[2025-06-01T18:29:26.730+0200] {processor.py:829} INFO - Processing file /home/lohit/miniconda3/envs/airflow-env/lib/python3.8/site-packages/airflow/example_dags/plugins/workday.py for tasks to queue
[2025-06-01T18:29:26.731+0200] {logging_mixin.py:154} INFO - [2025-06-01T18:29:26.731+0200] {dagbag.py:536} INFO - Filling up the DagBag from /home/lohit/miniconda3/envs/airflow-env/lib/python3.8/site-packages/airflow/example_dags/plugins/workday.py
[2025-06-01T18:29:27.039+0200] {processor.py:841} WARNING - No viable dags retrieved from /home/lohit/miniconda3/envs/airflow-env/lib/python3.8/site-packages/airflow/example_dags/plugins/workday.py
[2025-06-01T18:29:27.045+0200] {processor.py:179} INFO - Processing /home/lohit/miniconda3/envs/airflow-env/lib/python3.8/site-packages/airflow/example_dags/plugins/workday.py took 0.320 seconds
[2025-06-01T18:30:14.023+0200] {processor.py:157} INFO - Started process (PID=30475) to work on /home/lohit/miniconda3/envs/airflow-env/lib/python3.8/site-packages/airflow/example_dags/plugins/workday.py
[2025-06-01T18:30:14.027+0200] {processor.py:829} INFO - Processing file /home/lohit/miniconda3/envs/airflow-env/lib/python3.8/site-packages/airflow/example_dags/plugins/workday.py for tasks to queue
[2025-06-01T18:30:14.027+0200] {logging_mixin.py:154} INFO - [2025-06-01T18:30:14.027+0200] {dagbag.py:536} INFO - Filling up the DagBag from /home/lohit/miniconda3/envs/airflow-env/lib/python3.8/site-packages/airflow/example_dags/plugins/workday.py
[2025-06-01T18:30:14.310+0200] {processor.py:841} WARNING - No viable dags retrieved from /home/lohit/miniconda3/envs/airflow-env/lib/python3.8/site-packages/airflow/example_dags/plugins/workday.py
[2025-06-01T18:30:14.316+0200] {processor.py:179} INFO - Processing /home/lohit/miniconda3/envs/airflow-env/lib/python3.8/site-packages/airflow/example_dags/plugins/workday.py took 0.294 seconds
[2025-06-01T18:31:06.648+0200] {processor.py:157} INFO - Started process (PID=30552) to work on /home/lohit/miniconda3/envs/airflow-env/lib/python3.8/site-packages/airflow/example_dags/plugins/workday.py
[2025-06-01T18:31:06.652+0200] {processor.py:829} INFO - Processing file /home/lohit/miniconda3/envs/airflow-env/lib/python3.8/site-packages/airflow/example_dags/plugins/workday.py for tasks to queue
[2025-06-01T18:31:06.652+0200] {logging_mixin.py:154} INFO - [2025-06-01T18:31:06.652+0200] {dagbag.py:536} INFO - Filling up the DagBag from /home/lohit/miniconda3/envs/airflow-env/lib/python3.8/site-packages/airflow/example_dags/plugins/workday.py
[2025-06-01T18:31:06.946+0200] {processor.py:841} WARNING - No viable dags retrieved from /home/lohit/miniconda3/envs/airflow-env/lib/python3.8/site-packages/airflow/example_dags/plugins/workday.py
[2025-06-01T18:31:06.953+0200] {processor.py:179} INFO - Processing /home/lohit/miniconda3/envs/airflow-env/lib/python3.8/site-packages/airflow/example_dags/plugins/workday.py took 0.306 seconds
[2025-06-01T18:31:51.740+0200] {processor.py:157} INFO - Started process (PID=30621) to work on /home/lohit/miniconda3/envs/airflow-env/lib/python3.8/site-packages/airflow/example_dags/plugins/workday.py
[2025-06-01T18:31:51.743+0200] {processor.py:829} INFO - Processing file /home/lohit/miniconda3/envs/airflow-env/lib/python3.8/site-packages/airflow/example_dags/plugins/workday.py for tasks to queue
[2025-06-01T18:31:51.744+0200] {logging_mixin.py:154} INFO - [2025-06-01T18:31:51.743+0200] {dagbag.py:536} INFO - Filling up the DagBag from /home/lohit/miniconda3/envs/airflow-env/lib/python3.8/site-packages/airflow/example_dags/plugins/workday.py
[2025-06-01T18:31:52.036+0200] {processor.py:841} WARNING - No viable dags retrieved from /home/lohit/miniconda3/envs/airflow-env/lib/python3.8/site-packages/airflow/example_dags/plugins/workday.py
[2025-06-01T18:31:52.042+0200] {processor.py:179} INFO - Processing /home/lohit/miniconda3/envs/airflow-env/lib/python3.8/site-packages/airflow/example_dags/plugins/workday.py took 0.304 seconds
[2025-06-01T18:32:35.822+0200] {processor.py:157} INFO - Started process (PID=30689) to work on /home/lohit/miniconda3/envs/airflow-env/lib/python3.8/site-packages/airflow/example_dags/plugins/workday.py
[2025-06-01T18:32:35.825+0200] {processor.py:829} INFO - Processing file /home/lohit/miniconda3/envs/airflow-env/lib/python3.8/site-packages/airflow/example_dags/plugins/workday.py for tasks to queue
[2025-06-01T18:32:35.826+0200] {logging_mixin.py:154} INFO - [2025-06-01T18:32:35.825+0200] {dagbag.py:536} INFO - Filling up the DagBag from /home/lohit/miniconda3/envs/airflow-env/lib/python3.8/site-packages/airflow/example_dags/plugins/workday.py
[2025-06-01T18:32:36.114+0200] {processor.py:841} WARNING - No viable dags retrieved from /home/lohit/miniconda3/envs/airflow-env/lib/python3.8/site-packages/airflow/example_dags/plugins/workday.py
[2025-06-01T18:32:36.121+0200] {processor.py:179} INFO - Processing /home/lohit/miniconda3/envs/airflow-env/lib/python3.8/site-packages/airflow/example_dags/plugins/workday.py took 0.301 seconds
[2025-06-01T18:33:20.610+0200] {processor.py:157} INFO - Started process (PID=30757) to work on /home/lohit/miniconda3/envs/airflow-env/lib/python3.8/site-packages/airflow/example_dags/plugins/workday.py
[2025-06-01T18:33:20.612+0200] {processor.py:829} INFO - Processing file /home/lohit/miniconda3/envs/airflow-env/lib/python3.8/site-packages/airflow/example_dags/plugins/workday.py for tasks to queue
[2025-06-01T18:33:20.612+0200] {logging_mixin.py:154} INFO - [2025-06-01T18:33:20.612+0200] {dagbag.py:536} INFO - Filling up the DagBag from /home/lohit/miniconda3/envs/airflow-env/lib/python3.8/site-packages/airflow/example_dags/plugins/workday.py
[2025-06-01T18:33:20.897+0200] {processor.py:841} WARNING - No viable dags retrieved from /home/lohit/miniconda3/envs/airflow-env/lib/python3.8/site-packages/airflow/example_dags/plugins/workday.py
[2025-06-01T18:33:20.902+0200] {processor.py:179} INFO - Processing /home/lohit/miniconda3/envs/airflow-env/lib/python3.8/site-packages/airflow/example_dags/plugins/workday.py took 0.294 seconds
[2025-06-01T18:34:12.262+0200] {processor.py:157} INFO - Started process (PID=30830) to work on /home/lohit/miniconda3/envs/airflow-env/lib/python3.8/site-packages/airflow/example_dags/plugins/workday.py
[2025-06-01T18:34:12.264+0200] {processor.py:829} INFO - Processing file /home/lohit/miniconda3/envs/airflow-env/lib/python3.8/site-packages/airflow/example_dags/plugins/workday.py for tasks to queue
[2025-06-01T18:34:12.264+0200] {logging_mixin.py:154} INFO - [2025-06-01T18:34:12.264+0200] {dagbag.py:536} INFO - Filling up the DagBag from /home/lohit/miniconda3/envs/airflow-env/lib/python3.8/site-packages/airflow/example_dags/plugins/workday.py
[2025-06-01T18:34:12.539+0200] {processor.py:841} WARNING - No viable dags retrieved from /home/lohit/miniconda3/envs/airflow-env/lib/python3.8/site-packages/airflow/example_dags/plugins/workday.py
[2025-06-01T18:34:12.545+0200] {processor.py:179} INFO - Processing /home/lohit/miniconda3/envs/airflow-env/lib/python3.8/site-packages/airflow/example_dags/plugins/workday.py took 0.285 seconds
[2025-06-01T18:34:57.519+0200] {processor.py:157} INFO - Started process (PID=31615) to work on /home/lohit/miniconda3/envs/airflow-env/lib/python3.8/site-packages/airflow/example_dags/plugins/workday.py
[2025-06-01T18:34:57.523+0200] {processor.py:829} INFO - Processing file /home/lohit/miniconda3/envs/airflow-env/lib/python3.8/site-packages/airflow/example_dags/plugins/workday.py for tasks to queue
[2025-06-01T18:34:57.524+0200] {logging_mixin.py:154} INFO - [2025-06-01T18:34:57.523+0200] {dagbag.py:536} INFO - Filling up the DagBag from /home/lohit/miniconda3/envs/airflow-env/lib/python3.8/site-packages/airflow/example_dags/plugins/workday.py
[2025-06-01T18:34:57.804+0200] {processor.py:841} WARNING - No viable dags retrieved from /home/lohit/miniconda3/envs/airflow-env/lib/python3.8/site-packages/airflow/example_dags/plugins/workday.py
[2025-06-01T18:34:57.811+0200] {processor.py:179} INFO - Processing /home/lohit/miniconda3/envs/airflow-env/lib/python3.8/site-packages/airflow/example_dags/plugins/workday.py took 0.293 seconds
