[2025-06-01T17:52:35.729+0200] {taskinstance.py:1159} INFO - Dependencies all met for dep_context=non-requeueable deps ti=<TaskInstance: cricket_data_pipeline.step5_feature_engineering manual__2025-06-01T15:52:01.363835+00:00 [queued]>
[2025-06-01T17:52:35.733+0200] {taskinstance.py:1159} INFO - Dependencies all met for dep_context=requeueable deps ti=<TaskInstance: cricket_data_pipeline.step5_feature_engineering manual__2025-06-01T15:52:01.363835+00:00 [queued]>
[2025-06-01T17:52:35.733+0200] {taskinstance.py:1361} INFO - Starting attempt 1 of 2
[2025-06-01T17:52:35.744+0200] {taskinstance.py:1382} INFO - Executing <Task(PythonOperator): step5_feature_engineering> on 2025-06-01 15:52:01.363835+00:00
[2025-06-01T17:52:35.747+0200] {standard_task_runner.py:57} INFO - Started process 27041 to run task
[2025-06-01T17:52:35.749+0200] {standard_task_runner.py:84} INFO - Running: ['airflow', 'tasks', 'run', 'cricket_data_pipeline', 'step5_feature_engineering', 'manual__2025-06-01T15:52:01.363835+00:00', '--job-id', '25', '--raw', '--subdir', 'DAGS_FOLDER/cricket_pipeline_dag.py', '--cfg-path', '/tmp/tmp6pamal1z']
[2025-06-01T17:52:35.750+0200] {standard_task_runner.py:85} INFO - Job 25: Subtask step5_feature_engineering
[2025-06-01T17:52:35.771+0200] {task_command.py:416} INFO - Running <TaskInstance: cricket_data_pipeline.step5_feature_engineering manual__2025-06-01T15:52:01.363835+00:00 [running]> on host Ashwa.
[2025-06-01T17:52:35.805+0200] {taskinstance.py:1662} INFO - Exporting env vars: AIRFLOW_CTX_DAG_OWNER='lohit' AIRFLOW_CTX_DAG_ID='cricket_data_pipeline' AIRFLOW_CTX_TASK_ID='step5_feature_engineering' AIRFLOW_CTX_EXECUTION_DATE='2025-06-01T15:52:01.363835+00:00' AIRFLOW_CTX_TRY_NUMBER='1' AIRFLOW_CTX_DAG_RUN_ID='manual__2025-06-01T15:52:01.363835+00:00'
[2025-06-01T17:52:35.882+0200] {logging_mixin.py:154} INFO - Starting feature engineering...
[2025-06-01T17:52:35.890+0200] {logging_mixin.py:154} INFO - Adding features to deliveries table...
[2025-06-01T17:52:36.319+0200] {logging_mixin.py:154} INFO - Added features to deliveries table
[2025-06-01T17:52:36.319+0200] {logging_mixin.py:154} INFO - Adding features to innings table...
[2025-06-01T17:52:36.459+0200] {logging_mixin.py:154} INFO - Added features to innings table
[2025-06-01T17:52:36.459+0200] {logging_mixin.py:154} INFO - Adding features to matches table...
[2025-06-01T17:52:36.498+0200] {logging_mixin.py:154} INFO - Added features to matches table
[2025-06-01T17:52:36.499+0200] {logging_mixin.py:154} INFO - Adding features to overs table...
[2025-06-01T17:52:36.706+0200] {logging_mixin.py:154} INFO - Added features to overs table
[2025-06-01T17:52:36.707+0200] {logging_mixin.py:154} INFO - Adding features to players table...
[2025-06-01T17:52:43.147+0200] {logging_mixin.py:154} INFO - Added features to players table
[2025-06-01T17:52:43.148+0200] {logging_mixin.py:154} INFO - Creating player match statistics table...
[2025-06-01T17:52:43.148+0200] {logging_mixin.py:154} INFO - Creating player_match_stats table - this may take some time...
[2025-06-01T17:52:50.622+0200] {logging_mixin.py:154} INFO - Successfully created player_match_stats table
[2025-06-01T17:52:50.623+0200] {logging_mixin.py:154} INFO - Verifying feature engineering...
[2025-06-01T17:52:50.629+0200] {logging_mixin.py:154} INFO - Feature engineering verification results:
[2025-06-01T17:52:50.630+0200] {logging_mixin.py:154} INFO - - deliveries_features: 110394
[2025-06-01T17:52:50.630+0200] {logging_mixin.py:154} INFO - - innings_features: 8235
[2025-06-01T17:52:50.630+0200] {logging_mixin.py:154} INFO - - matches_features: 4110
[2025-06-01T17:52:50.630+0200] {logging_mixin.py:154} INFO - - overs_features: 148895
[2025-06-01T17:52:50.630+0200] {logging_mixin.py:154} INFO - - players_features: 7059
[2025-06-01T17:52:50.630+0200] {logging_mixin.py:154} INFO - - player_match_stats: 84517
[2025-06-01T17:52:50.630+0200] {logging_mixin.py:154} INFO - Verification results saved to /home/lohit/airflow/data/feature_engineering_verification.txt
[2025-06-01T17:52:50.667+0200] {python.py:194} INFO - Done. Returned value was: Step 5 completed: {'status': 'success', 'verification_results': {'deliveries_features': 110394, 'innings_features': 8235, 'matches_features': 4110, 'overs_features': 148895, 'players_features': 7059, 'player_match_stats': 84517}}
[2025-06-01T17:52:50.679+0200] {taskinstance.py:1400} INFO - Marking task as SUCCESS. dag_id=cricket_data_pipeline, task_id=step5_feature_engineering, execution_date=20250601T155201, start_date=20250601T155235, end_date=20250601T155250
[2025-06-01T17:52:50.724+0200] {local_task_job_runner.py:228} INFO - Task exited with return code 0
[2025-06-01T17:52:50.730+0200] {taskinstance.py:2778} INFO - 0 downstream tasks scheduled from follow-on schedule check
